I0830 10:56:44.610788 28303 finetune_net.cpp:25] Starting Optimization
I0830 10:56:44.610914 28303 solver.cpp:42] Creating training net.
I0830 10:56:44.611462 28303 net.cpp:76] Creating Layer data
I0830 10:56:44.611474 28303 net.cpp:112] data -> data
I0830 10:56:44.611487 28303 net.cpp:112] data -> label
I0830 10:56:44.611510 28303 data_layer.cpp:145] Opening leveldb hatch_markings_train_leveldb
I0830 10:56:44.660514 28303 data_layer.cpp:185] output data size: 128,3,227,227
I0830 10:56:44.660537 28303 data_layer.cpp:204] Loading mean file from../../data/hatch_markings/hatch_markings_mean.binaryproto
I0830 10:56:44.902784 28303 net.cpp:127] Top shape: 128 3 227 227 (19787136)
I0830 10:56:44.902827 28303 net.cpp:127] Top shape: 128 1 1 1 (128)
I0830 10:56:44.902835 28303 net.cpp:158] data does not need backward computation.
I0830 10:56:44.902850 28303 net.cpp:76] Creating Layer conv1
I0830 10:56:44.902856 28303 net.cpp:86] conv1 <- data
I0830 10:56:44.902873 28303 net.cpp:112] conv1 -> conv1
I0830 10:56:44.904284 28303 net.cpp:127] Top shape: 128 96 55 55 (37171200)
I0830 10:56:44.904294 28303 net.cpp:153] conv1 needs backward computation.
I0830 10:56:44.904301 28303 net.cpp:76] Creating Layer relu1
I0830 10:56:44.904306 28303 net.cpp:86] relu1 <- conv1
I0830 10:56:44.904312 28303 net.cpp:100] relu1 -> conv1 (in-place)
I0830 10:56:44.904320 28303 net.cpp:127] Top shape: 128 96 55 55 (37171200)
I0830 10:56:44.904325 28303 net.cpp:153] relu1 needs backward computation.
I0830 10:56:44.904331 28303 net.cpp:76] Creating Layer pool1
I0830 10:56:44.904336 28303 net.cpp:86] pool1 <- conv1
I0830 10:56:44.904342 28303 net.cpp:112] pool1 -> pool1
I0830 10:56:44.904355 28303 net.cpp:127] Top shape: 128 96 27 27 (8957952)
I0830 10:56:44.904359 28303 net.cpp:153] pool1 needs backward computation.
I0830 10:56:44.904367 28303 net.cpp:76] Creating Layer norm1
I0830 10:56:44.904372 28303 net.cpp:86] norm1 <- pool1
I0830 10:56:44.904377 28303 net.cpp:112] norm1 -> norm1
I0830 10:56:44.904386 28303 net.cpp:127] Top shape: 128 96 27 27 (8957952)
I0830 10:56:44.904392 28303 net.cpp:153] norm1 needs backward computation.
I0830 10:56:44.904398 28303 net.cpp:76] Creating Layer conv2
I0830 10:56:44.904403 28303 net.cpp:86] conv2 <- norm1
I0830 10:56:44.904408 28303 net.cpp:112] conv2 -> conv2
I0830 10:56:44.916843 28303 net.cpp:127] Top shape: 128 256 27 27 (23887872)
I0830 10:56:44.916882 28303 net.cpp:153] conv2 needs backward computation.
I0830 10:56:44.916892 28303 net.cpp:76] Creating Layer relu2
I0830 10:56:44.916898 28303 net.cpp:86] relu2 <- conv2
I0830 10:56:44.916905 28303 net.cpp:100] relu2 -> conv2 (in-place)
I0830 10:56:44.916911 28303 net.cpp:127] Top shape: 128 256 27 27 (23887872)
I0830 10:56:44.916916 28303 net.cpp:153] relu2 needs backward computation.
I0830 10:56:44.916923 28303 net.cpp:76] Creating Layer pool2
I0830 10:56:44.916928 28303 net.cpp:86] pool2 <- conv2
I0830 10:56:44.916934 28303 net.cpp:112] pool2 -> pool2
I0830 10:56:44.916941 28303 net.cpp:127] Top shape: 128 256 13 13 (5537792)
I0830 10:56:44.916946 28303 net.cpp:153] pool2 needs backward computation.
I0830 10:56:44.916955 28303 net.cpp:76] Creating Layer norm2
I0830 10:56:44.916960 28303 net.cpp:86] norm2 <- pool2
I0830 10:56:44.916965 28303 net.cpp:112] norm2 -> norm2
I0830 10:56:44.916971 28303 net.cpp:127] Top shape: 128 256 13 13 (5537792)
I0830 10:56:44.916976 28303 net.cpp:153] norm2 needs backward computation.
I0830 10:56:44.916983 28303 net.cpp:76] Creating Layer conv3
I0830 10:56:44.916988 28303 net.cpp:86] conv3 <- norm2
I0830 10:56:44.916993 28303 net.cpp:112] conv3 -> conv3
I0830 10:56:44.953099 28303 net.cpp:127] Top shape: 128 384 13 13 (8306688)
I0830 10:56:44.953135 28303 net.cpp:153] conv3 needs backward computation.
I0830 10:56:44.953145 28303 net.cpp:76] Creating Layer relu3
I0830 10:56:44.953151 28303 net.cpp:86] relu3 <- conv3
I0830 10:56:44.953158 28303 net.cpp:100] relu3 -> conv3 (in-place)
I0830 10:56:44.953166 28303 net.cpp:127] Top shape: 128 384 13 13 (8306688)
I0830 10:56:44.953171 28303 net.cpp:153] relu3 needs backward computation.
I0830 10:56:44.953177 28303 net.cpp:76] Creating Layer conv4
I0830 10:56:44.953193 28303 net.cpp:86] conv4 <- conv3
I0830 10:56:44.953199 28303 net.cpp:112] conv4 -> conv4
I0830 10:56:44.980300 28303 net.cpp:127] Top shape: 128 384 13 13 (8306688)
I0830 10:56:44.980340 28303 net.cpp:153] conv4 needs backward computation.
I0830 10:56:44.980350 28303 net.cpp:76] Creating Layer relu4
I0830 10:56:44.980355 28303 net.cpp:86] relu4 <- conv4
I0830 10:56:44.980362 28303 net.cpp:100] relu4 -> conv4 (in-place)
I0830 10:56:44.980370 28303 net.cpp:127] Top shape: 128 384 13 13 (8306688)
I0830 10:56:44.980375 28303 net.cpp:153] relu4 needs backward computation.
I0830 10:56:44.980381 28303 net.cpp:76] Creating Layer conv5
I0830 10:56:44.980386 28303 net.cpp:86] conv5 <- conv4
I0830 10:56:44.980391 28303 net.cpp:112] conv5 -> conv5
I0830 10:56:44.998431 28303 net.cpp:127] Top shape: 128 256 13 13 (5537792)
I0830 10:56:44.998468 28303 net.cpp:153] conv5 needs backward computation.
I0830 10:56:44.998478 28303 net.cpp:76] Creating Layer relu5
I0830 10:56:44.998486 28303 net.cpp:86] relu5 <- conv5
I0830 10:56:44.998493 28303 net.cpp:100] relu5 -> conv5 (in-place)
I0830 10:56:44.998499 28303 net.cpp:127] Top shape: 128 256 13 13 (5537792)
I0830 10:56:44.998504 28303 net.cpp:153] relu5 needs backward computation.
I0830 10:56:44.998510 28303 net.cpp:76] Creating Layer pool5
I0830 10:56:44.998515 28303 net.cpp:86] pool5 <- conv5
I0830 10:56:44.998522 28303 net.cpp:112] pool5 -> pool5
I0830 10:56:44.998529 28303 net.cpp:127] Top shape: 128 256 6 6 (1179648)
I0830 10:56:44.998534 28303 net.cpp:153] pool5 needs backward computation.
I0830 10:56:44.998544 28303 net.cpp:76] Creating Layer fc6
I0830 10:56:44.998548 28303 net.cpp:86] fc6 <- pool5
I0830 10:56:44.998554 28303 net.cpp:112] fc6 -> fc6
I0830 10:56:46.529011 28303 net.cpp:127] Top shape: 128 4096 1 1 (524288)
I0830 10:56:46.529052 28303 net.cpp:153] fc6 needs backward computation.
I0830 10:56:46.529063 28303 net.cpp:76] Creating Layer relu6
I0830 10:56:46.529070 28303 net.cpp:86] relu6 <- fc6
I0830 10:56:46.529078 28303 net.cpp:100] relu6 -> fc6 (in-place)
I0830 10:56:46.529084 28303 net.cpp:127] Top shape: 128 4096 1 1 (524288)
I0830 10:56:46.529090 28303 net.cpp:153] relu6 needs backward computation.
I0830 10:56:46.529096 28303 net.cpp:76] Creating Layer drop6
I0830 10:56:46.529101 28303 net.cpp:86] drop6 <- fc6
I0830 10:56:46.529106 28303 net.cpp:100] drop6 -> fc6 (in-place)
I0830 10:56:46.529120 28303 net.cpp:127] Top shape: 128 4096 1 1 (524288)
I0830 10:56:46.529125 28303 net.cpp:153] drop6 needs backward computation.
I0830 10:56:46.529132 28303 net.cpp:76] Creating Layer fc7
I0830 10:56:46.529137 28303 net.cpp:86] fc7 <- fc6
I0830 10:56:46.529142 28303 net.cpp:112] fc7 -> fc7
I0830 10:56:47.209252 28303 net.cpp:127] Top shape: 128 4096 1 1 (524288)
I0830 10:56:47.209295 28303 net.cpp:153] fc7 needs backward computation.
I0830 10:56:47.209305 28303 net.cpp:76] Creating Layer relu7
I0830 10:56:47.209311 28303 net.cpp:86] relu7 <- fc7
I0830 10:56:47.209318 28303 net.cpp:100] relu7 -> fc7 (in-place)
I0830 10:56:47.209324 28303 net.cpp:127] Top shape: 128 4096 1 1 (524288)
I0830 10:56:47.209331 28303 net.cpp:153] relu7 needs backward computation.
I0830 10:56:47.209336 28303 net.cpp:76] Creating Layer drop7
I0830 10:56:47.209341 28303 net.cpp:86] drop7 <- fc7
I0830 10:56:47.209345 28303 net.cpp:100] drop7 -> fc7 (in-place)
I0830 10:56:47.209352 28303 net.cpp:127] Top shape: 128 4096 1 1 (524288)
I0830 10:56:47.209357 28303 net.cpp:153] drop7 needs backward computation.
I0830 10:56:47.209362 28303 net.cpp:76] Creating Layer fc8_hatch
I0830 10:56:47.209367 28303 net.cpp:86] fc8_hatch <- fc7
I0830 10:56:47.209372 28303 net.cpp:112] fc8_hatch -> fc8_hatch
I0830 10:56:47.209731 28303 net.cpp:127] Top shape: 128 2 1 1 (256)
I0830 10:56:47.209743 28303 net.cpp:153] fc8_hatch needs backward computation.
I0830 10:56:47.209749 28303 net.cpp:76] Creating Layer loss
I0830 10:56:47.209754 28303 net.cpp:86] loss <- fc8_hatch
I0830 10:56:47.209760 28303 net.cpp:86] loss <- label
I0830 10:56:47.209774 28303 net.cpp:153] loss needs backward computation.
I0830 10:56:47.209832 28303 net.cpp:182] Collecting Learning Rate and Weight Decay.
I0830 10:56:47.209852 28303 net.cpp:175] Network initialization done.
I0830 10:56:47.209861 28303 net.cpp:176] Memory required for Data 536869888
I0830 10:56:47.209921 28303 solver.cpp:45] Creating testing net.
I0830 10:56:47.210670 28303 net.cpp:76] Creating Layer data
I0830 10:56:47.210680 28303 net.cpp:112] data -> data
I0830 10:56:47.210688 28303 net.cpp:112] data -> label
I0830 10:56:47.210696 28303 data_layer.cpp:145] Opening leveldb hatch_markings_val_leveldb
I0830 10:56:47.477351 28303 data_layer.cpp:185] output data size: 128,3,227,227
I0830 10:56:47.477375 28303 data_layer.cpp:204] Loading mean file from../../data/hatch_markings/hatch_markings_mean.binaryproto
I0830 10:56:47.518581 28303 net.cpp:127] Top shape: 128 3 227 227 (19787136)
I0830 10:56:47.518611 28303 net.cpp:127] Top shape: 128 1 1 1 (128)
I0830 10:56:47.518618 28303 net.cpp:158] data does not need backward computation.
I0830 10:56:47.518632 28303 net.cpp:76] Creating Layer conv1
I0830 10:56:47.518640 28303 net.cpp:86] conv1 <- data
I0830 10:56:47.518647 28303 net.cpp:112] conv1 -> conv1
I0830 10:56:47.520030 28303 net.cpp:127] Top shape: 128 96 55 55 (37171200)
I0830 10:56:47.520038 28303 net.cpp:153] conv1 needs backward computation.
I0830 10:56:47.520046 28303 net.cpp:76] Creating Layer relu1
I0830 10:56:47.520051 28303 net.cpp:86] relu1 <- conv1
I0830 10:56:47.520057 28303 net.cpp:100] relu1 -> conv1 (in-place)
I0830 10:56:47.520063 28303 net.cpp:127] Top shape: 128 96 55 55 (37171200)
I0830 10:56:47.520068 28303 net.cpp:153] relu1 needs backward computation.
I0830 10:56:47.520074 28303 net.cpp:76] Creating Layer pool1
I0830 10:56:47.520079 28303 net.cpp:86] pool1 <- conv1
I0830 10:56:47.520084 28303 net.cpp:112] pool1 -> pool1
I0830 10:56:47.520092 28303 net.cpp:127] Top shape: 128 96 27 27 (8957952)
I0830 10:56:47.520097 28303 net.cpp:153] pool1 needs backward computation.
I0830 10:56:47.520104 28303 net.cpp:76] Creating Layer norm1
I0830 10:56:47.520109 28303 net.cpp:86] norm1 <- pool1
I0830 10:56:47.520114 28303 net.cpp:112] norm1 -> norm1
I0830 10:56:47.520123 28303 net.cpp:127] Top shape: 128 96 27 27 (8957952)
I0830 10:56:47.520128 28303 net.cpp:153] norm1 needs backward computation.
I0830 10:56:47.520133 28303 net.cpp:76] Creating Layer conv2
I0830 10:56:47.520138 28303 net.cpp:86] conv2 <- norm1
I0830 10:56:47.520144 28303 net.cpp:112] conv2 -> conv2
I0830 10:56:47.532488 28303 net.cpp:127] Top shape: 128 256 27 27 (23887872)
I0830 10:56:47.532526 28303 net.cpp:153] conv2 needs backward computation.
I0830 10:56:47.532536 28303 net.cpp:76] Creating Layer relu2
I0830 10:56:47.532542 28303 net.cpp:86] relu2 <- conv2
I0830 10:56:47.532551 28303 net.cpp:100] relu2 -> conv2 (in-place)
I0830 10:56:47.532557 28303 net.cpp:127] Top shape: 128 256 27 27 (23887872)
I0830 10:56:47.532562 28303 net.cpp:153] relu2 needs backward computation.
I0830 10:56:47.532567 28303 net.cpp:76] Creating Layer pool2
I0830 10:56:47.532572 28303 net.cpp:86] pool2 <- conv2
I0830 10:56:47.532578 28303 net.cpp:112] pool2 -> pool2
I0830 10:56:47.532585 28303 net.cpp:127] Top shape: 128 256 13 13 (5537792)
I0830 10:56:47.532590 28303 net.cpp:153] pool2 needs backward computation.
I0830 10:56:47.532599 28303 net.cpp:76] Creating Layer norm2
I0830 10:56:47.532605 28303 net.cpp:86] norm2 <- pool2
I0830 10:56:47.532610 28303 net.cpp:112] norm2 -> norm2
I0830 10:56:47.532618 28303 net.cpp:127] Top shape: 128 256 13 13 (5537792)
I0830 10:56:47.532623 28303 net.cpp:153] norm2 needs backward computation.
I0830 10:56:47.532629 28303 net.cpp:76] Creating Layer conv3
I0830 10:56:47.532634 28303 net.cpp:86] conv3 <- norm2
I0830 10:56:47.532639 28303 net.cpp:112] conv3 -> conv3
I0830 10:56:47.568665 28303 net.cpp:127] Top shape: 128 384 13 13 (8306688)
I0830 10:56:47.568703 28303 net.cpp:153] conv3 needs backward computation.
I0830 10:56:47.568713 28303 net.cpp:76] Creating Layer relu3
I0830 10:56:47.568719 28303 net.cpp:86] relu3 <- conv3
I0830 10:56:47.568727 28303 net.cpp:100] relu3 -> conv3 (in-place)
I0830 10:56:47.568745 28303 net.cpp:127] Top shape: 128 384 13 13 (8306688)
I0830 10:56:47.568752 28303 net.cpp:153] relu3 needs backward computation.
I0830 10:56:47.568758 28303 net.cpp:76] Creating Layer conv4
I0830 10:56:47.568763 28303 net.cpp:86] conv4 <- conv3
I0830 10:56:47.568768 28303 net.cpp:112] conv4 -> conv4
I0830 10:56:47.595819 28303 net.cpp:127] Top shape: 128 384 13 13 (8306688)
I0830 10:56:47.595857 28303 net.cpp:153] conv4 needs backward computation.
I0830 10:56:47.595867 28303 net.cpp:76] Creating Layer relu4
I0830 10:56:47.595873 28303 net.cpp:86] relu4 <- conv4
I0830 10:56:47.595880 28303 net.cpp:100] relu4 -> conv4 (in-place)
I0830 10:56:47.595887 28303 net.cpp:127] Top shape: 128 384 13 13 (8306688)
I0830 10:56:47.595892 28303 net.cpp:153] relu4 needs backward computation.
I0830 10:56:47.595899 28303 net.cpp:76] Creating Layer conv5
I0830 10:56:47.595904 28303 net.cpp:86] conv5 <- conv4
I0830 10:56:47.595909 28303 net.cpp:112] conv5 -> conv5
I0830 10:56:47.614343 28303 net.cpp:127] Top shape: 128 256 13 13 (5537792)
I0830 10:56:47.614384 28303 net.cpp:153] conv5 needs backward computation.
I0830 10:56:47.614394 28303 net.cpp:76] Creating Layer relu5
I0830 10:56:47.614400 28303 net.cpp:86] relu5 <- conv5
I0830 10:56:47.614408 28303 net.cpp:100] relu5 -> conv5 (in-place)
I0830 10:56:47.614414 28303 net.cpp:127] Top shape: 128 256 13 13 (5537792)
I0830 10:56:47.614419 28303 net.cpp:153] relu5 needs backward computation.
I0830 10:56:47.614426 28303 net.cpp:76] Creating Layer pool5
I0830 10:56:47.614430 28303 net.cpp:86] pool5 <- conv5
I0830 10:56:47.614436 28303 net.cpp:112] pool5 -> pool5
I0830 10:56:47.614444 28303 net.cpp:127] Top shape: 128 256 6 6 (1179648)
I0830 10:56:47.614449 28303 net.cpp:153] pool5 needs backward computation.
I0830 10:56:47.614459 28303 net.cpp:76] Creating Layer fc6
I0830 10:56:47.614464 28303 net.cpp:86] fc6 <- pool5
I0830 10:56:47.614470 28303 net.cpp:112] fc6 -> fc6
I0830 10:56:49.146073 28303 net.cpp:127] Top shape: 128 4096 1 1 (524288)
I0830 10:56:49.146116 28303 net.cpp:153] fc6 needs backward computation.
I0830 10:56:49.146126 28303 net.cpp:76] Creating Layer relu6
I0830 10:56:49.146132 28303 net.cpp:86] relu6 <- fc6
I0830 10:56:49.146141 28303 net.cpp:100] relu6 -> fc6 (in-place)
I0830 10:56:49.146147 28303 net.cpp:127] Top shape: 128 4096 1 1 (524288)
I0830 10:56:49.146152 28303 net.cpp:153] relu6 needs backward computation.
I0830 10:56:49.146158 28303 net.cpp:76] Creating Layer drop6
I0830 10:56:49.146163 28303 net.cpp:86] drop6 <- fc6
I0830 10:56:49.146168 28303 net.cpp:100] drop6 -> fc6 (in-place)
I0830 10:56:49.146174 28303 net.cpp:127] Top shape: 128 4096 1 1 (524288)
I0830 10:56:49.146179 28303 net.cpp:153] drop6 needs backward computation.
I0830 10:56:49.146186 28303 net.cpp:76] Creating Layer fc7
I0830 10:56:49.146190 28303 net.cpp:86] fc7 <- fc6
I0830 10:56:49.146196 28303 net.cpp:112] fc7 -> fc7
I0830 10:56:49.827911 28303 net.cpp:127] Top shape: 128 4096 1 1 (524288)
I0830 10:56:49.827955 28303 net.cpp:153] fc7 needs backward computation.
I0830 10:56:49.827966 28303 net.cpp:76] Creating Layer relu7
I0830 10:56:49.827973 28303 net.cpp:86] relu7 <- fc7
I0830 10:56:49.827981 28303 net.cpp:100] relu7 -> fc7 (in-place)
I0830 10:56:49.827987 28303 net.cpp:127] Top shape: 128 4096 1 1 (524288)
I0830 10:56:49.827992 28303 net.cpp:153] relu7 needs backward computation.
I0830 10:56:49.827998 28303 net.cpp:76] Creating Layer drop7
I0830 10:56:49.828003 28303 net.cpp:86] drop7 <- fc7
I0830 10:56:49.828008 28303 net.cpp:100] drop7 -> fc7 (in-place)
I0830 10:56:49.828014 28303 net.cpp:127] Top shape: 128 4096 1 1 (524288)
I0830 10:56:49.828019 28303 net.cpp:153] drop7 needs backward computation.
I0830 10:56:49.828027 28303 net.cpp:76] Creating Layer fc8_hatch
I0830 10:56:49.828032 28303 net.cpp:86] fc8_hatch <- fc7
I0830 10:56:49.828037 28303 net.cpp:112] fc8_hatch -> fc8_hatch
I0830 10:56:49.828371 28303 net.cpp:127] Top shape: 128 2 1 1 (256)
I0830 10:56:49.828377 28303 net.cpp:153] fc8_hatch needs backward computation.
I0830 10:56:49.828394 28303 net.cpp:76] Creating Layer prob
I0830 10:56:49.828400 28303 net.cpp:86] prob <- fc8_hatch
I0830 10:56:49.828407 28303 net.cpp:112] prob -> prob
I0830 10:56:49.828413 28303 net.cpp:127] Top shape: 128 2 1 1 (256)
I0830 10:56:49.828419 28303 net.cpp:153] prob needs backward computation.
I0830 10:56:49.828425 28303 net.cpp:76] Creating Layer accuracy
I0830 10:56:49.828430 28303 net.cpp:86] accuracy <- prob
I0830 10:56:49.828436 28303 net.cpp:86] accuracy <- label
I0830 10:56:49.828443 28303 net.cpp:112] accuracy -> accuracy
I0830 10:56:49.828459 28303 net.cpp:127] Top shape: 1 2 1 1 (2)
I0830 10:56:49.828464 28303 net.cpp:153] accuracy needs backward computation.
I0830 10:56:49.828469 28303 net.cpp:164] This network produces output accuracy
I0830 10:56:49.828490 28303 net.cpp:182] Collecting Learning Rate and Weight Decay.
I0830 10:56:49.828500 28303 net.cpp:175] Network initialization done.
I0830 10:56:49.828505 28303 net.cpp:176] Memory required for Data 536870920
I0830 10:56:49.828544 28303 solver.cpp:50] Solver scaffolding done.
I0830 10:56:49.828551 28303 finetune_net.cpp:27] Loading from /homes/ad6813/net-saves/clampdet/none/clampdet_6000
I0830 10:56:50.490227 28303 net.cpp:366] Copying source layer data
I0830 10:56:50.490267 28303 net.cpp:366] Copying source layer conv1
I0830 10:56:50.490335 28303 net.cpp:366] Copying source layer relu1
I0830 10:56:50.490344 28303 net.cpp:366] Copying source layer pool1
I0830 10:56:50.490349 28303 net.cpp:366] Copying source layer norm1
I0830 10:56:50.490353 28303 net.cpp:366] Copying source layer conv2
I0830 10:56:50.490885 28303 net.cpp:366] Copying source layer relu2
I0830 10:56:50.490895 28303 net.cpp:366] Copying source layer pool2
I0830 10:56:50.490900 28303 net.cpp:366] Copying source layer norm2
I0830 10:56:50.490905 28303 net.cpp:366] Copying source layer conv3
I0830 10:56:50.492431 28303 net.cpp:366] Copying source layer relu3
I0830 10:56:50.492444 28303 net.cpp:366] Copying source layer conv4
I0830 10:56:50.493593 28303 net.cpp:366] Copying source layer relu4
I0830 10:56:50.493613 28303 net.cpp:366] Copying source layer conv5
I0830 10:56:50.494387 28303 net.cpp:366] Copying source layer relu5
I0830 10:56:50.494398 28303 net.cpp:366] Copying source layer pool5
I0830 10:56:50.494402 28303 net.cpp:366] Copying source layer fc6
I0830 10:56:50.614863 28303 net.cpp:366] Copying source layer relu6
I0830 10:56:50.614905 28303 net.cpp:366] Copying source layer drop6
I0830 10:56:50.614912 28303 net.cpp:366] Copying source layer fc7
I0830 10:56:50.667659 28303 net.cpp:366] Copying source layer relu7
I0830 10:56:50.667697 28303 net.cpp:366] Copying source layer drop7
I0830 10:56:50.667702 28303 net.cpp:363] Ignoring source layer fc8_new
I0830 10:56:50.667707 28303 net.cpp:366] Copying source layer loss
I0830 10:56:50.683428 28303 solver.cpp:62] Solving hatch_markingsFineNet
I0830 10:56:50.683473 28303 solver.cpp:136] Iteration 0, Testing net
I0830 10:56:52.471912 28303 solver.cpp:172] Test score #0: 0.475755
I0830 10:56:52.471993 28303 solver.cpp:172] Test score #1: 0.728481
I0830 10:56:52.951086 28303 solver.cpp:269] Iteration 1, lr = 0.0001
I0830 10:56:53.051825 28303 solver.cpp:117] Iteration 1, loss = 0.843217
I0830 10:56:53.736600 28303 solver.cpp:269] Iteration 2, lr = 0.0001
I0830 10:56:53.838028 28303 solver.cpp:117] Iteration 2, loss = 0.784595
I0830 10:56:54.521667 28303 solver.cpp:269] Iteration 3, lr = 0.0001
I0830 10:56:54.623399 28303 solver.cpp:117] Iteration 3, loss = 0.767099
I0830 10:56:55.306855 28303 solver.cpp:269] Iteration 4, lr = 0.0001
I0830 10:56:55.408252 28303 solver.cpp:117] Iteration 4, loss = 0.741317
Terminated
Done.
