nohup: ignoring input
I0830 15:33:09.747848  5052 finetune_net.cpp:25] Starting Optimization
I0830 15:33:09.747946  5052 solver.cpp:42] Creating training net.
I0830 15:33:09.748497  5052 net.cpp:76] Creating Layer data
I0830 15:33:09.748509  5052 net.cpp:112] data -> data
I0830 15:33:09.748520  5052 net.cpp:112] data -> label
I0830 15:33:09.748546  5052 data_layer.cpp:145] Opening leveldb clampdetCI98_train_leveldb
I0830 15:33:09.794282  5052 data_layer.cpp:185] output data size: 256,3,227,227
I0830 15:33:09.794301  5052 data_layer.cpp:204] Loading mean file from../../data/clampdetCI98/clampdetCI98_mean.binaryproto
I0830 15:33:10.093540  5052 net.cpp:127] Top shape: 256 3 227 227 (39574272)
I0830 15:33:10.093569  5052 net.cpp:127] Top shape: 256 1 1 1 (256)
I0830 15:33:10.093576  5052 net.cpp:158] data does not need backward computation.
I0830 15:33:10.093590  5052 net.cpp:76] Creating Layer conv1
I0830 15:33:10.093595  5052 net.cpp:86] conv1 <- data
I0830 15:33:10.093611  5052 net.cpp:112] conv1 -> conv1
I0830 15:33:10.095079  5052 net.cpp:127] Top shape: 256 96 55 55 (74342400)
I0830 15:33:10.095093  5052 net.cpp:158] conv1 does not need backward computation.
I0830 15:33:10.095100  5052 net.cpp:76] Creating Layer relu1
I0830 15:33:10.095105  5052 net.cpp:86] relu1 <- conv1
I0830 15:33:10.095111  5052 net.cpp:100] relu1 -> conv1 (in-place)
I0830 15:33:10.095118  5052 net.cpp:127] Top shape: 256 96 55 55 (74342400)
I0830 15:33:10.095124  5052 net.cpp:158] relu1 does not need backward computation.
I0830 15:33:10.095129  5052 net.cpp:76] Creating Layer pool1
I0830 15:33:10.095134  5052 net.cpp:86] pool1 <- conv1
I0830 15:33:10.095139  5052 net.cpp:112] pool1 -> pool1
I0830 15:33:10.095149  5052 net.cpp:127] Top shape: 256 96 27 27 (17915904)
I0830 15:33:10.095155  5052 net.cpp:158] pool1 does not need backward computation.
I0830 15:33:10.095162  5052 net.cpp:76] Creating Layer norm1
I0830 15:33:10.095166  5052 net.cpp:86] norm1 <- pool1
I0830 15:33:10.095171  5052 net.cpp:112] norm1 -> norm1
I0830 15:33:10.095180  5052 net.cpp:127] Top shape: 256 96 27 27 (17915904)
I0830 15:33:10.095185  5052 net.cpp:158] norm1 does not need backward computation.
I0830 15:33:10.095191  5052 net.cpp:76] Creating Layer conv2
I0830 15:33:10.095195  5052 net.cpp:86] conv2 <- norm1
I0830 15:33:10.095201  5052 net.cpp:112] conv2 -> conv2
I0830 15:33:10.107669  5052 net.cpp:127] Top shape: 256 256 27 27 (47775744)
I0830 15:33:10.107693  5052 net.cpp:158] conv2 does not need backward computation.
I0830 15:33:10.107702  5052 net.cpp:76] Creating Layer relu2
I0830 15:33:10.107708  5052 net.cpp:86] relu2 <- conv2
I0830 15:33:10.107715  5052 net.cpp:100] relu2 -> conv2 (in-place)
I0830 15:33:10.107722  5052 net.cpp:127] Top shape: 256 256 27 27 (47775744)
I0830 15:33:10.107725  5052 net.cpp:158] relu2 does not need backward computation.
I0830 15:33:10.107731  5052 net.cpp:76] Creating Layer pool2
I0830 15:33:10.107735  5052 net.cpp:86] pool2 <- conv2
I0830 15:33:10.107740  5052 net.cpp:112] pool2 -> pool2
I0830 15:33:10.107748  5052 net.cpp:127] Top shape: 256 256 13 13 (11075584)
I0830 15:33:10.107753  5052 net.cpp:158] pool2 does not need backward computation.
I0830 15:33:10.107760  5052 net.cpp:76] Creating Layer norm2
I0830 15:33:10.107764  5052 net.cpp:86] norm2 <- pool2
I0830 15:33:10.107769  5052 net.cpp:112] norm2 -> norm2
I0830 15:33:10.107775  5052 net.cpp:127] Top shape: 256 256 13 13 (11075584)
I0830 15:33:10.107780  5052 net.cpp:158] norm2 does not need backward computation.
I0830 15:33:10.107786  5052 net.cpp:76] Creating Layer conv3
I0830 15:33:10.107790  5052 net.cpp:86] conv3 <- norm2
I0830 15:33:10.107796  5052 net.cpp:112] conv3 -> conv3
I0830 15:33:10.144048  5052 net.cpp:127] Top shape: 256 384 13 13 (16613376)
I0830 15:33:10.144073  5052 net.cpp:158] conv3 does not need backward computation.
I0830 15:33:10.144080  5052 net.cpp:76] Creating Layer relu3
I0830 15:33:10.144086  5052 net.cpp:86] relu3 <- conv3
I0830 15:33:10.144093  5052 net.cpp:100] relu3 -> conv3 (in-place)
I0830 15:33:10.144099  5052 net.cpp:127] Top shape: 256 384 13 13 (16613376)
I0830 15:33:10.144106  5052 net.cpp:158] relu3 does not need backward computation.
I0830 15:33:10.144114  5052 net.cpp:76] Creating Layer conv4
I0830 15:33:10.144117  5052 net.cpp:86] conv4 <- conv3
I0830 15:33:10.144122  5052 net.cpp:112] conv4 -> conv4
I0830 15:33:10.171386  5052 net.cpp:127] Top shape: 256 384 13 13 (16613376)
I0830 15:33:10.171409  5052 net.cpp:158] conv4 does not need backward computation.
I0830 15:33:10.171418  5052 net.cpp:76] Creating Layer relu4
I0830 15:33:10.171425  5052 net.cpp:86] relu4 <- conv4
I0830 15:33:10.171432  5052 net.cpp:100] relu4 -> conv4 (in-place)
I0830 15:33:10.171439  5052 net.cpp:127] Top shape: 256 384 13 13 (16613376)
I0830 15:33:10.171443  5052 net.cpp:158] relu4 does not need backward computation.
I0830 15:33:10.171450  5052 net.cpp:76] Creating Layer conv5
I0830 15:33:10.171454  5052 net.cpp:86] conv5 <- conv4
I0830 15:33:10.171459  5052 net.cpp:112] conv5 -> conv5
I0830 15:33:10.189640  5052 net.cpp:127] Top shape: 256 256 13 13 (11075584)
I0830 15:33:10.189663  5052 net.cpp:158] conv5 does not need backward computation.
I0830 15:33:10.189671  5052 net.cpp:76] Creating Layer relu5
I0830 15:33:10.189678  5052 net.cpp:86] relu5 <- conv5
I0830 15:33:10.189687  5052 net.cpp:100] relu5 -> conv5 (in-place)
I0830 15:33:10.189692  5052 net.cpp:127] Top shape: 256 256 13 13 (11075584)
I0830 15:33:10.189697  5052 net.cpp:158] relu5 does not need backward computation.
I0830 15:33:10.189703  5052 net.cpp:76] Creating Layer pool5
I0830 15:33:10.189707  5052 net.cpp:86] pool5 <- conv5
I0830 15:33:10.189713  5052 net.cpp:112] pool5 -> pool5
I0830 15:33:10.189719  5052 net.cpp:127] Top shape: 256 256 6 6 (2359296)
I0830 15:33:10.189724  5052 net.cpp:158] pool5 does not need backward computation.
I0830 15:33:10.189733  5052 net.cpp:76] Creating Layer fc6
I0830 15:33:10.189738  5052 net.cpp:86] fc6 <- pool5
I0830 15:33:10.189743  5052 net.cpp:112] fc6 -> fc6
I0830 15:33:11.729450  5052 net.cpp:127] Top shape: 256 4096 1 1 (1048576)
I0830 15:33:11.729480  5052 net.cpp:153] fc6 needs backward computation.
I0830 15:33:11.729490  5052 net.cpp:76] Creating Layer relu6
I0830 15:33:11.729496  5052 net.cpp:86] relu6 <- fc6
I0830 15:33:11.729502  5052 net.cpp:100] relu6 -> fc6 (in-place)
I0830 15:33:11.729509  5052 net.cpp:127] Top shape: 256 4096 1 1 (1048576)
I0830 15:33:11.729513  5052 net.cpp:153] relu6 needs backward computation.
I0830 15:33:11.729519  5052 net.cpp:76] Creating Layer drop6
I0830 15:33:11.729524  5052 net.cpp:86] drop6 <- fc6
I0830 15:33:11.729528  5052 net.cpp:100] drop6 -> fc6 (in-place)
I0830 15:33:11.729542  5052 net.cpp:127] Top shape: 256 4096 1 1 (1048576)
I0830 15:33:11.729548  5052 net.cpp:153] drop6 needs backward computation.
I0830 15:33:11.729555  5052 net.cpp:76] Creating Layer fc7
I0830 15:33:11.729559  5052 net.cpp:86] fc7 <- fc6
I0830 15:33:11.729564  5052 net.cpp:112] fc7 -> fc7
I0830 15:33:12.412430  5052 net.cpp:127] Top shape: 256 4096 1 1 (1048576)
I0830 15:33:12.412456  5052 net.cpp:153] fc7 needs backward computation.
I0830 15:33:12.412466  5052 net.cpp:76] Creating Layer relu7
I0830 15:33:12.412472  5052 net.cpp:86] relu7 <- fc7
I0830 15:33:12.412478  5052 net.cpp:100] relu7 -> fc7 (in-place)
I0830 15:33:12.412484  5052 net.cpp:127] Top shape: 256 4096 1 1 (1048576)
I0830 15:33:12.412489  5052 net.cpp:153] relu7 needs backward computation.
I0830 15:33:12.412494  5052 net.cpp:76] Creating Layer drop7
I0830 15:33:12.412498  5052 net.cpp:86] drop7 <- fc7
I0830 15:33:12.412503  5052 net.cpp:100] drop7 -> fc7 (in-place)
I0830 15:33:12.412508  5052 net.cpp:127] Top shape: 256 4096 1 1 (1048576)
I0830 15:33:12.412513  5052 net.cpp:153] drop7 needs backward computation.
I0830 15:33:12.412518  5052 net.cpp:76] Creating Layer fc8_new
I0830 15:33:12.412523  5052 net.cpp:86] fc8_new <- fc7
I0830 15:33:12.412528  5052 net.cpp:112] fc8_new -> fc8_new
I0830 15:33:12.412889  5052 net.cpp:127] Top shape: 256 2 1 1 (512)
I0830 15:33:12.412899  5052 net.cpp:153] fc8_new needs backward computation.
I0830 15:33:12.412904  5052 net.cpp:76] Creating Layer loss
I0830 15:33:12.412909  5052 net.cpp:86] loss <- fc8_new
I0830 15:33:12.412914  5052 net.cpp:86] loss <- label
I0830 15:33:12.412927  5052 net.cpp:153] loss needs backward computation.
I0830 15:33:12.412956  5052 net.cpp:182] Collecting Learning Rate and Weight Decay.
I0830 15:33:12.412971  5052 net.cpp:175] Network initialization done.
I0830 15:33:12.412976  5052 net.cpp:176] Memory required for Data 1073739776
I0830 15:33:12.413017  5052 solver.cpp:45] Creating testing net.
I0830 15:33:12.413693  5052 net.cpp:76] Creating Layer data
I0830 15:33:12.413707  5052 net.cpp:112] data -> data
I0830 15:33:12.413715  5052 net.cpp:112] data -> label
I0830 15:33:12.413722  5052 data_layer.cpp:145] Opening leveldb clampdetCI98_val_leveldb
I0830 15:33:12.469161  5052 data_layer.cpp:185] output data size: 212,3,227,227
I0830 15:33:12.469178  5052 data_layer.cpp:204] Loading mean file from../../data/clampdetCI98/clampdetCI98_mean.binaryproto
I0830 15:33:12.536402  5052 net.cpp:127] Top shape: 212 3 227 227 (32772444)
I0830 15:33:12.536422  5052 net.cpp:127] Top shape: 212 1 1 1 (212)
I0830 15:33:12.536428  5052 net.cpp:158] data does not need backward computation.
I0830 15:33:12.536440  5052 net.cpp:76] Creating Layer conv1
I0830 15:33:12.536447  5052 net.cpp:86] conv1 <- data
I0830 15:33:12.536453  5052 net.cpp:112] conv1 -> conv1
I0830 15:33:12.537865  5052 net.cpp:127] Top shape: 212 96 55 55 (61564800)
I0830 15:33:12.537879  5052 net.cpp:158] conv1 does not need backward computation.
I0830 15:33:12.537890  5052 net.cpp:76] Creating Layer relu1
I0830 15:33:12.537899  5052 net.cpp:86] relu1 <- conv1
I0830 15:33:12.537909  5052 net.cpp:100] relu1 -> conv1 (in-place)
I0830 15:33:12.537919  5052 net.cpp:127] Top shape: 212 96 55 55 (61564800)
I0830 15:33:12.537930  5052 net.cpp:158] relu1 does not need backward computation.
I0830 15:33:12.537941  5052 net.cpp:76] Creating Layer pool1
I0830 15:33:12.537947  5052 net.cpp:86] pool1 <- conv1
I0830 15:33:12.537953  5052 net.cpp:112] pool1 -> pool1
I0830 15:33:12.537966  5052 net.cpp:127] Top shape: 212 96 27 27 (14836608)
I0830 15:33:12.537974  5052 net.cpp:158] pool1 does not need backward computation.
I0830 15:33:12.537986  5052 net.cpp:76] Creating Layer norm1
I0830 15:33:12.537997  5052 net.cpp:86] norm1 <- pool1
I0830 15:33:12.538004  5052 net.cpp:112] norm1 -> norm1
I0830 15:33:12.538017  5052 net.cpp:127] Top shape: 212 96 27 27 (14836608)
I0830 15:33:12.538028  5052 net.cpp:158] norm1 does not need backward computation.
I0830 15:33:12.538039  5052 net.cpp:76] Creating Layer conv2
I0830 15:33:12.538046  5052 net.cpp:86] conv2 <- norm1
I0830 15:33:12.538061  5052 net.cpp:112] conv2 -> conv2
I0830 15:33:12.550268  5052 net.cpp:127] Top shape: 212 256 27 27 (39564288)
I0830 15:33:12.550290  5052 net.cpp:158] conv2 does not need backward computation.
I0830 15:33:12.550299  5052 net.cpp:76] Creating Layer relu2
I0830 15:33:12.550304  5052 net.cpp:86] relu2 <- conv2
I0830 15:33:12.550312  5052 net.cpp:100] relu2 -> conv2 (in-place)
I0830 15:33:12.550318  5052 net.cpp:127] Top shape: 212 256 27 27 (39564288)
I0830 15:33:12.550321  5052 net.cpp:158] relu2 does not need backward computation.
I0830 15:33:12.550328  5052 net.cpp:76] Creating Layer pool2
I0830 15:33:12.550331  5052 net.cpp:86] pool2 <- conv2
I0830 15:33:12.550336  5052 net.cpp:112] pool2 -> pool2
I0830 15:33:12.550343  5052 net.cpp:127] Top shape: 212 256 13 13 (9171968)
I0830 15:33:12.550348  5052 net.cpp:158] pool2 does not need backward computation.
I0830 15:33:12.550356  5052 net.cpp:76] Creating Layer norm2
I0830 15:33:12.550361  5052 net.cpp:86] norm2 <- pool2
I0830 15:33:12.550366  5052 net.cpp:112] norm2 -> norm2
I0830 15:33:12.550374  5052 net.cpp:127] Top shape: 212 256 13 13 (9171968)
I0830 15:33:12.550379  5052 net.cpp:158] norm2 does not need backward computation.
I0830 15:33:12.550392  5052 net.cpp:76] Creating Layer conv3
I0830 15:33:12.550401  5052 net.cpp:86] conv3 <- norm2
I0830 15:33:12.550410  5052 net.cpp:112] conv3 -> conv3
I0830 15:33:12.586663  5052 net.cpp:127] Top shape: 212 384 13 13 (13757952)
I0830 15:33:12.586689  5052 net.cpp:158] conv3 does not need backward computation.
I0830 15:33:12.586702  5052 net.cpp:76] Creating Layer relu3
I0830 15:33:12.586711  5052 net.cpp:86] relu3 <- conv3
I0830 15:33:12.586722  5052 net.cpp:100] relu3 -> conv3 (in-place)
I0830 15:33:12.586731  5052 net.cpp:127] Top shape: 212 384 13 13 (13757952)
I0830 15:33:12.586740  5052 net.cpp:158] relu3 does not need backward computation.
I0830 15:33:12.586750  5052 net.cpp:76] Creating Layer conv4
I0830 15:33:12.586758  5052 net.cpp:86] conv4 <- conv3
I0830 15:33:12.586767  5052 net.cpp:112] conv4 -> conv4
I0830 15:33:12.614065  5052 net.cpp:127] Top shape: 212 384 13 13 (13757952)
I0830 15:33:12.614090  5052 net.cpp:158] conv4 does not need backward computation.
I0830 15:33:12.614099  5052 net.cpp:76] Creating Layer relu4
I0830 15:33:12.614105  5052 net.cpp:86] relu4 <- conv4
I0830 15:33:12.614112  5052 net.cpp:100] relu4 -> conv4 (in-place)
I0830 15:33:12.614119  5052 net.cpp:127] Top shape: 212 384 13 13 (13757952)
I0830 15:33:12.614122  5052 net.cpp:158] relu4 does not need backward computation.
I0830 15:33:12.614130  5052 net.cpp:76] Creating Layer conv5
I0830 15:33:12.614133  5052 net.cpp:86] conv5 <- conv4
I0830 15:33:12.614138  5052 net.cpp:112] conv5 -> conv5
I0830 15:33:12.632302  5052 net.cpp:127] Top shape: 212 256 13 13 (9171968)
I0830 15:33:12.632324  5052 net.cpp:158] conv5 does not need backward computation.
I0830 15:33:12.632333  5052 net.cpp:76] Creating Layer relu5
I0830 15:33:12.632339  5052 net.cpp:86] relu5 <- conv5
I0830 15:33:12.632345  5052 net.cpp:100] relu5 -> conv5 (in-place)
I0830 15:33:12.632351  5052 net.cpp:127] Top shape: 212 256 13 13 (9171968)
I0830 15:33:12.632356  5052 net.cpp:158] relu5 does not need backward computation.
I0830 15:33:12.632361  5052 net.cpp:76] Creating Layer pool5
I0830 15:33:12.632365  5052 net.cpp:86] pool5 <- conv5
I0830 15:33:12.632371  5052 net.cpp:112] pool5 -> pool5
I0830 15:33:12.632379  5052 net.cpp:127] Top shape: 212 256 6 6 (1953792)
I0830 15:33:12.632382  5052 net.cpp:158] pool5 does not need backward computation.
I0830 15:33:12.632392  5052 net.cpp:76] Creating Layer fc6
I0830 15:33:12.632397  5052 net.cpp:86] fc6 <- pool5
I0830 15:33:12.632401  5052 net.cpp:112] fc6 -> fc6
I0830 15:33:14.169142  5052 net.cpp:127] Top shape: 212 4096 1 1 (868352)
I0830 15:33:14.169169  5052 net.cpp:153] fc6 needs backward computation.
I0830 15:33:14.169179  5052 net.cpp:76] Creating Layer relu6
I0830 15:33:14.169185  5052 net.cpp:86] relu6 <- fc6
I0830 15:33:14.169193  5052 net.cpp:100] relu6 -> fc6 (in-place)
I0830 15:33:14.169199  5052 net.cpp:127] Top shape: 212 4096 1 1 (868352)
I0830 15:33:14.169203  5052 net.cpp:153] relu6 needs backward computation.
I0830 15:33:14.169209  5052 net.cpp:76] Creating Layer drop6
I0830 15:33:14.169214  5052 net.cpp:86] drop6 <- fc6
I0830 15:33:14.169219  5052 net.cpp:100] drop6 -> fc6 (in-place)
I0830 15:33:14.169224  5052 net.cpp:127] Top shape: 212 4096 1 1 (868352)
I0830 15:33:14.169229  5052 net.cpp:153] drop6 needs backward computation.
I0830 15:33:14.169234  5052 net.cpp:76] Creating Layer fc7
I0830 15:33:14.169239  5052 net.cpp:86] fc7 <- fc6
I0830 15:33:14.169244  5052 net.cpp:112] fc7 -> fc7
I0830 15:33:14.851284  5052 net.cpp:127] Top shape: 212 4096 1 1 (868352)
I0830 15:33:14.851310  5052 net.cpp:153] fc7 needs backward computation.
I0830 15:33:14.851320  5052 net.cpp:76] Creating Layer relu7
I0830 15:33:14.851325  5052 net.cpp:86] relu7 <- fc7
I0830 15:33:14.851332  5052 net.cpp:100] relu7 -> fc7 (in-place)
I0830 15:33:14.851338  5052 net.cpp:127] Top shape: 212 4096 1 1 (868352)
I0830 15:33:14.851343  5052 net.cpp:153] relu7 needs backward computation.
I0830 15:33:14.851349  5052 net.cpp:76] Creating Layer drop7
I0830 15:33:14.851353  5052 net.cpp:86] drop7 <- fc7
I0830 15:33:14.851357  5052 net.cpp:100] drop7 -> fc7 (in-place)
I0830 15:33:14.851363  5052 net.cpp:127] Top shape: 212 4096 1 1 (868352)
I0830 15:33:14.851367  5052 net.cpp:153] drop7 needs backward computation.
I0830 15:33:14.851373  5052 net.cpp:76] Creating Layer fc8_new
I0830 15:33:14.851378  5052 net.cpp:86] fc8_new <- fc7
I0830 15:33:14.851383  5052 net.cpp:112] fc8_new -> fc8_new
I0830 15:33:14.851729  5052 net.cpp:127] Top shape: 212 2 1 1 (424)
I0830 15:33:14.851737  5052 net.cpp:153] fc8_new needs backward computation.
I0830 15:33:14.851743  5052 net.cpp:76] Creating Layer prob
I0830 15:33:14.851748  5052 net.cpp:86] prob <- fc8_new
I0830 15:33:14.851753  5052 net.cpp:112] prob -> prob
I0830 15:33:14.851760  5052 net.cpp:127] Top shape: 212 2 1 1 (424)
I0830 15:33:14.851765  5052 net.cpp:153] prob needs backward computation.
I0830 15:33:14.851770  5052 net.cpp:76] Creating Layer accuracy
I0830 15:33:14.851778  5052 net.cpp:86] accuracy <- prob
I0830 15:33:14.851783  5052 net.cpp:86] accuracy <- label
I0830 15:33:14.851789  5052 net.cpp:112] accuracy -> accuracy
I0830 15:33:14.851805  5052 net.cpp:127] Top shape: 1 2 1 1 (2)
I0830 15:33:14.851810  5052 net.cpp:153] accuracy needs backward computation.
I0830 15:33:14.851814  5052 net.cpp:164] This network produces output accuracy
I0830 15:33:14.851833  5052 net.cpp:182] Collecting Learning Rate and Weight Decay.
I0830 15:33:14.851847  5052 net.cpp:175] Network initialization done.
I0830 15:33:14.851855  5052 net.cpp:176] Memory required for Data 889192456
I0830 15:33:14.851893  5052 solver.cpp:50] Solver scaffolding done.
I0830 15:33:14.851901  5052 finetune_net.cpp:27] Loading from ../alexnet/caffe_alexnet_model
I0830 15:33:15.502593  5052 net.cpp:366] Copying source layer data
I0830 15:33:15.502617  5052 net.cpp:366] Copying source layer conv1
I0830 15:33:15.502686  5052 net.cpp:366] Copying source layer relu1
I0830 15:33:15.502692  5052 net.cpp:366] Copying source layer norm1
I0830 15:33:15.502701  5052 net.cpp:366] Copying source layer pool1
I0830 15:33:15.502706  5052 net.cpp:366] Copying source layer conv2
I0830 15:33:15.503262  5052 net.cpp:366] Copying source layer relu2
I0830 15:33:15.503274  5052 net.cpp:366] Copying source layer norm2
I0830 15:33:15.503278  5052 net.cpp:366] Copying source layer pool2
I0830 15:33:15.503283  5052 net.cpp:366] Copying source layer conv3
I0830 15:33:15.504783  5052 net.cpp:366] Copying source layer relu3
I0830 15:33:15.504797  5052 net.cpp:366] Copying source layer conv4
I0830 15:33:15.505954  5052 net.cpp:366] Copying source layer relu4
I0830 15:33:15.505966  5052 net.cpp:366] Copying source layer conv5
I0830 15:33:15.506770  5052 net.cpp:366] Copying source layer relu5
I0830 15:33:15.506783  5052 net.cpp:366] Copying source layer pool5
I0830 15:33:15.506788  5052 net.cpp:366] Copying source layer fc6
I0830 15:33:15.628403  5052 net.cpp:366] Copying source layer relu6
I0830 15:33:15.628432  5052 net.cpp:366] Copying source layer drop6
I0830 15:33:15.628437  5052 net.cpp:366] Copying source layer fc7
I0830 15:33:15.682258  5052 net.cpp:366] Copying source layer relu7
I0830 15:33:15.682286  5052 net.cpp:366] Copying source layer drop7
I0830 15:33:15.682291  5052 net.cpp:363] Ignoring source layer fc8
I0830 15:33:15.682296  5052 net.cpp:366] Copying source layer loss
I0830 15:33:15.697434  5052 solver.cpp:62] Solving clampdetCI98FineNet
I0830 15:33:15.697463  5052 solver.cpp:136] Iteration 0, Testing net
I0830 15:33:17.265692  5052 solver.cpp:172] Test score #0: 0.598499
I0830 15:33:17.265751  5052 solver.cpp:172] Test score #1: 0.742719
I0830 15:33:17.712502  5052 solver.cpp:269] Iteration 1, lr = 1e-05
I0830 15:33:17.734802  5052 solver.cpp:117] Iteration 1, loss = 0.81345
I0830 15:33:18.384971  5052 solver.cpp:269] Iteration 2, lr = 1e-05
I0830 15:33:18.406313  5052 solver.cpp:117] Iteration 2, loss = 0.764621
I0830 15:33:19.056208  5052 solver.cpp:269] Iteration 3, lr = 1e-05
I0830 15:33:19.077543  5052 solver.cpp:117] Iteration 3, loss = 1.00301
I0830 15:33:19.727277  5052 solver.cpp:269] Iteration 4, lr = 1e-05
I0830 15:33:19.748635  5052 solver.cpp:117] Iteration 4, loss = 1.01151
I0830 15:33:20.398329  5052 solver.cpp:269] Iteration 5, lr = 1e-05
I0830 15:33:20.419688  5052 solver.cpp:117] Iteration 5, loss = 0.690053
I0830 15:33:20.419708  5052 solver.cpp:136] Iteration 5, Testing net
I0830 15:33:22.089612  5052 solver.cpp:172] Test score #0: 0.663778
I0830 15:33:22.089649  5052 solver.cpp:172] Test score #1: 0.676918
I0830 15:33:22.521700  5052 solver.cpp:269] Iteration 6, lr = 1e-05
I0830 15:33:22.543094  5052 solver.cpp:117] Iteration 6, loss = 0.490335
I0830 15:33:23.192677  5052 solver.cpp:269] Iteration 7, lr = 1e-05
I0830 15:33:23.214047  5052 solver.cpp:117] Iteration 7, loss = 0.811705
I0830 15:33:23.862782  5052 solver.cpp:269] Iteration 8, lr = 1e-05
I0830 15:33:23.884119  5052 solver.cpp:117] Iteration 8, loss = 0.765402
I0830 15:33:24.533948  5052 solver.cpp:269] Iteration 9, lr = 1e-05
I0830 15:33:24.555281  5052 solver.cpp:117] Iteration 9, loss = 0.502433
I0830 15:33:25.204474  5052 solver.cpp:269] Iteration 10, lr = 1e-05
I0830 15:33:25.225996  5052 solver.cpp:117] Iteration 10, loss = 0.687075
I0830 15:33:25.226016  5052 solver.cpp:136] Iteration 10, Testing net
I0830 15:33:26.895809  5052 solver.cpp:172] Test score #0: 0.649314
I0830 15:33:26.895848  5052 solver.cpp:172] Test score #1: 0.662096
I0830 15:33:27.328325  5052 solver.cpp:269] Iteration 11, lr = 1e-05
I0830 15:33:27.349678  5052 solver.cpp:117] Iteration 11, loss = 0.679075
I0830 15:33:27.998484  5052 solver.cpp:269] Iteration 12, lr = 1e-05
I0830 15:33:28.019775  5052 solver.cpp:117] Iteration 12, loss = 0.636541
I0830 15:33:28.668802  5052 solver.cpp:269] Iteration 13, lr = 1e-05
I0830 15:33:28.690181  5052 solver.cpp:117] Iteration 13, loss = 0.797558
I0830 15:33:29.339506  5052 solver.cpp:269] Iteration 14, lr = 1e-05
I0830 15:33:29.360851  5052 solver.cpp:117] Iteration 14, loss = 0.682129
I0830 15:33:30.010467  5052 solver.cpp:269] Iteration 15, lr = 1e-05
I0830 15:33:30.031831  5052 solver.cpp:117] Iteration 15, loss = 0.767424
I0830 15:33:30.031849  5052 solver.cpp:136] Iteration 15, Testing net
I0830 15:33:31.702560  5052 solver.cpp:172] Test score #0: 0.65155
I0830 15:33:31.702596  5052 solver.cpp:172] Test score #1: 0.649544
I0830 15:33:32.135331  5052 solver.cpp:269] Iteration 16, lr = 1e-05
I0830 15:33:32.156674  5052 solver.cpp:117] Iteration 16, loss = 0.705929
I0830 15:33:32.806675  5052 solver.cpp:269] Iteration 17, lr = 1e-05
I0830 15:33:32.828052  5052 solver.cpp:117] Iteration 17, loss = 1.81906
I0830 15:33:33.476969  5052 solver.cpp:269] Iteration 18, lr = 1e-05
I0830 15:33:33.498302  5052 solver.cpp:117] Iteration 18, loss = 0.735933
I0830 15:33:34.147431  5052 solver.cpp:269] Iteration 19, lr = 1e-05
I0830 15:33:34.168747  5052 solver.cpp:117] Iteration 19, loss = 0.584102
I0830 15:33:34.818193  5052 solver.cpp:269] Iteration 20, lr = 1e-05
I0830 15:33:34.839565  5052 solver.cpp:117] Iteration 20, loss = 0.521164
I0830 15:33:34.839582  5052 solver.cpp:136] Iteration 20, Testing net
I0830 15:33:36.509433  5052 solver.cpp:172] Test score #0: 0.635326
I0830 15:33:36.509470  5052 solver.cpp:172] Test score #1: 0.636736
I0830 15:33:36.940912  5052 solver.cpp:269] Iteration 21, lr = 1e-05
I0830 15:33:36.962255  5052 solver.cpp:117] Iteration 21, loss = 0.782712
I0830 15:33:37.611515  5052 solver.cpp:269] Iteration 22, lr = 1e-05
I0830 15:33:37.633440  5052 solver.cpp:117] Iteration 22, loss = 0.777029
I0830 15:33:38.283226  5052 solver.cpp:269] Iteration 23, lr = 1e-05
I0830 15:33:38.304604  5052 solver.cpp:117] Iteration 23, loss = 0.639995
I0830 15:33:38.956099  5052 solver.cpp:269] Iteration 24, lr = 1e-05
I0830 15:33:38.977421  5052 solver.cpp:117] Iteration 24, loss = 1.10825
I0830 15:33:39.627329  5052 solver.cpp:269] Iteration 25, lr = 1e-05
I0830 15:33:39.648655  5052 solver.cpp:117] Iteration 25, loss = 0.468061
I0830 15:33:39.648674  5052 solver.cpp:136] Iteration 25, Testing net
I0830 15:33:41.318802  5052 solver.cpp:172] Test score #0: 0.62812
I0830 15:33:41.318840  5052 solver.cpp:172] Test score #1: 0.631111
I0830 15:33:41.750267  5052 solver.cpp:269] Iteration 26, lr = 1e-05
I0830 15:33:41.771605  5052 solver.cpp:117] Iteration 26, loss = 0.523655
I0830 15:33:42.421154  5052 solver.cpp:269] Iteration 27, lr = 1e-05
I0830 15:33:42.442486  5052 solver.cpp:117] Iteration 27, loss = 0.546264
I0830 15:33:43.092224  5052 solver.cpp:269] Iteration 28, lr = 1e-05
I0830 15:33:43.113751  5052 solver.cpp:117] Iteration 28, loss = 0.624942
I0830 15:33:43.764859  5052 solver.cpp:269] Iteration 29, lr = 1e-05
I0830 15:33:43.786157  5052 solver.cpp:117] Iteration 29, loss = 0.885992
I0830 15:33:44.434941  5052 solver.cpp:269] Iteration 30, lr = 1e-05
I0830 15:33:44.456244  5052 solver.cpp:117] Iteration 30, loss = 0.359285
I0830 15:33:44.456262  5052 solver.cpp:136] Iteration 30, Testing net
I0830 15:33:46.124076  5052 solver.cpp:172] Test score #0: 0.654365
I0830 15:33:46.124112  5052 solver.cpp:172] Test score #1: 0.630036
I0830 15:33:46.557220  5052 solver.cpp:269] Iteration 31, lr = 1e-05
I0830 15:33:46.578572  5052 solver.cpp:117] Iteration 31, loss = 0.859432
I0830 15:33:47.227371  5052 solver.cpp:269] Iteration 32, lr = 1e-05
I0830 15:33:47.248952  5052 solver.cpp:117] Iteration 32, loss = 1.05094
I0830 15:33:47.898205  5052 solver.cpp:269] Iteration 33, lr = 1e-05
I0830 15:33:47.919735  5052 solver.cpp:117] Iteration 33, loss = 0.640232
I0830 15:33:48.569342  5052 solver.cpp:269] Iteration 34, lr = 1e-05
I0830 15:33:48.590679  5052 solver.cpp:117] Iteration 34, loss = 0.625644
I0830 15:33:49.239758  5052 solver.cpp:269] Iteration 35, lr = 1e-05
I0830 15:33:49.261119  5052 solver.cpp:117] Iteration 35, loss = 0.609774
I0830 15:33:49.261137  5052 solver.cpp:136] Iteration 35, Testing net
I0830 15:33:50.930951  5052 solver.cpp:172] Test score #0: 0.645347
I0830 15:33:50.930984  5052 solver.cpp:172] Test score #1: 0.626375
I0830 15:33:51.363598  5052 solver.cpp:269] Iteration 36, lr = 1e-05
I0830 15:33:51.384929  5052 solver.cpp:117] Iteration 36, loss = 0.809285
I0830 15:33:52.032454  5052 solver.cpp:269] Iteration 37, lr = 1e-05
I0830 15:33:52.053803  5052 solver.cpp:117] Iteration 37, loss = 0.662636
I0830 15:33:52.703182  5052 solver.cpp:269] Iteration 38, lr = 1e-05
I0830 15:33:52.724479  5052 solver.cpp:117] Iteration 38, loss = 0.408966
I0830 15:33:53.374052  5052 solver.cpp:269] Iteration 39, lr = 1e-05
I0830 15:33:53.395325  5052 solver.cpp:117] Iteration 39, loss = 0.592693
I0830 15:33:54.044945  5052 solver.cpp:269] Iteration 40, lr = 1e-05
I0830 15:33:54.066277  5052 solver.cpp:117] Iteration 40, loss = 0.855317
I0830 15:33:54.066294  5052 solver.cpp:136] Iteration 40, Testing net
I0830 15:33:55.733840  5052 solver.cpp:172] Test score #0: 0.646552
I0830 15:33:55.733878  5052 solver.cpp:172] Test score #1: 0.621801
I0830 15:33:56.165596  5052 solver.cpp:269] Iteration 41, lr = 1e-05
I0830 15:33:56.186925  5052 solver.cpp:117] Iteration 41, loss = 0.500345
I0830 15:33:56.835819  5052 solver.cpp:269] Iteration 42, lr = 1e-05
I0830 15:33:56.857142  5052 solver.cpp:117] Iteration 42, loss = 0.36467
I0830 15:33:57.506110  5052 solver.cpp:269] Iteration 43, lr = 1e-05
I0830 15:33:57.527411  5052 solver.cpp:117] Iteration 43, loss = 0.531374
I0830 15:33:58.177346  5052 solver.cpp:269] Iteration 44, lr = 1e-05
I0830 15:33:58.198662  5052 solver.cpp:117] Iteration 44, loss = 0.561102
I0830 15:33:58.847728  5052 solver.cpp:269] Iteration 45, lr = 1e-05
I0830 15:33:58.869247  5052 solver.cpp:117] Iteration 45, loss = 0.713942
I0830 15:33:58.869264  5052 solver.cpp:136] Iteration 45, Testing net
I0830 15:34:00.536769  5052 solver.cpp:172] Test score #0: 0.657977
I0830 15:34:00.536805  5052 solver.cpp:172] Test score #1: 0.623709
I0830 15:34:00.968273  5052 solver.cpp:269] Iteration 46, lr = 1e-05
I0830 15:34:00.989646  5052 solver.cpp:117] Iteration 46, loss = 0.828133
I0830 15:34:01.639091  5052 solver.cpp:269] Iteration 47, lr = 1e-05
I0830 15:34:01.660413  5052 solver.cpp:117] Iteration 47, loss = 0.552333
I0830 15:34:02.310232  5052 solver.cpp:269] Iteration 48, lr = 1e-05
I0830 15:34:02.331557  5052 solver.cpp:117] Iteration 48, loss = 0.60842
I0830 15:34:02.980662  5052 solver.cpp:269] Iteration 49, lr = 1e-05
I0830 15:34:03.001968  5052 solver.cpp:117] Iteration 49, loss = 1.03527
I0830 15:34:03.651553  5052 solver.cpp:269] Iteration 50, lr = 1e-05
I0830 15:34:03.672876  5052 solver.cpp:117] Iteration 50, loss = 0.706717
I0830 15:34:03.672896  5052 solver.cpp:136] Iteration 50, Testing net
I0830 15:34:05.341115  5052 solver.cpp:172] Test score #0: 0.647757
I0830 15:34:05.341151  5052 solver.cpp:172] Test score #1: 0.617419
I0830 15:34:05.773051  5052 solver.cpp:269] Iteration 51, lr = 1e-05
I0830 15:34:05.794589  5052 solver.cpp:117] Iteration 51, loss = 0.553754
I0830 15:34:06.444033  5052 solver.cpp:269] Iteration 52, lr = 1e-05
I0830 15:34:06.465368  5052 solver.cpp:117] Iteration 52, loss = 0.628437
I0830 15:34:07.114583  5052 solver.cpp:269] Iteration 53, lr = 1e-05
I0830 15:34:07.135905  5052 solver.cpp:117] Iteration 53, loss = 0.71825
I0830 15:34:07.784998  5052 solver.cpp:269] Iteration 54, lr = 1e-05
I0830 15:34:07.806311  5052 solver.cpp:117] Iteration 54, loss = 0.674506
I0830 15:34:08.455155  5052 solver.cpp:269] Iteration 55, lr = 1e-05
I0830 15:34:08.476507  5052 solver.cpp:117] Iteration 55, loss = 1.00459
I0830 15:34:08.476526  5052 solver.cpp:136] Iteration 55, Testing net
I0830 15:34:10.144614  5052 solver.cpp:172] Test score #0: 0.652325
I0830 15:34:10.144650  5052 solver.cpp:172] Test score #1: 0.612509
I0830 15:34:10.576573  5052 solver.cpp:269] Iteration 56, lr = 1e-05
I0830 15:34:10.597928  5052 solver.cpp:117] Iteration 56, loss = 0.62421
I0830 15:34:11.247874  5052 solver.cpp:269] Iteration 57, lr = 1e-05
I0830 15:34:11.269188  5052 solver.cpp:117] Iteration 57, loss = 0.718935
I0830 15:34:11.917707  5052 solver.cpp:269] Iteration 58, lr = 1e-05
I0830 15:34:11.939066  5052 solver.cpp:117] Iteration 58, loss = 0.416881
I0830 15:34:12.587363  5052 solver.cpp:269] Iteration 59, lr = 1e-05
I0830 15:34:12.608686  5052 solver.cpp:117] Iteration 59, loss = 0.589422
I0830 15:34:13.260610  5052 solver.cpp:269] Iteration 60, lr = 1e-05
I0830 15:34:13.281908  5052 solver.cpp:117] Iteration 60, loss = 0.495362
I0830 15:34:13.281925  5052 solver.cpp:136] Iteration 60, Testing net
I0830 15:34:14.953825  5052 solver.cpp:172] Test score #0: 0.648358
I0830 15:34:14.953860  5052 solver.cpp:172] Test score #1: 0.614641
I0830 15:34:15.386148  5052 solver.cpp:269] Iteration 61, lr = 1e-05
I0830 15:34:15.407644  5052 solver.cpp:117] Iteration 61, loss = 0.76492
I0830 15:34:16.058310  5052 solver.cpp:269] Iteration 62, lr = 1e-05
I0830 15:34:16.079632  5052 solver.cpp:117] Iteration 62, loss = 0.795659
I0830 15:34:16.729087  5052 solver.cpp:269] Iteration 63, lr = 1e-05
I0830 15:34:16.750414  5052 solver.cpp:117] Iteration 63, loss = 0.693536
I0830 15:34:17.399780  5052 solver.cpp:269] Iteration 64, lr = 1e-05
I0830 15:34:17.421092  5052 solver.cpp:117] Iteration 64, loss = 0.42932
I0830 15:34:18.071691  5052 solver.cpp:269] Iteration 65, lr = 1e-05
I0830 15:34:18.093021  5052 solver.cpp:117] Iteration 65, loss = 0.503844
I0830 15:34:18.093039  5052 solver.cpp:136] Iteration 65, Testing net
I0830 15:34:19.762600  5052 solver.cpp:172] Test score #0: 0.653778
I0830 15:34:19.762635  5052 solver.cpp:172] Test score #1: 0.61477
I0830 15:34:20.194409  5052 solver.cpp:269] Iteration 66, lr = 1e-05
I0830 15:34:20.215703  5052 solver.cpp:117] Iteration 66, loss = 0.627973
I0830 15:34:20.866232  5052 solver.cpp:269] Iteration 67, lr = 1e-05
I0830 15:34:20.887732  5052 solver.cpp:117] Iteration 67, loss = 0.642488
I0830 15:34:21.538506  5052 solver.cpp:269] Iteration 68, lr = 1e-05
I0830 15:34:21.559839  5052 solver.cpp:117] Iteration 68, loss = 0.647834
I0830 15:34:22.209151  5052 solver.cpp:269] Iteration 69, lr = 1e-05
I0830 15:34:22.230443  5052 solver.cpp:117] Iteration 69, loss = 0.710229
I0830 15:34:22.881916  5052 solver.cpp:269] Iteration 70, lr = 1e-05
I0830 15:34:22.903200  5052 solver.cpp:117] Iteration 70, loss = 1.15043
I0830 15:34:22.903218  5052 solver.cpp:136] Iteration 70, Testing net
I0830 15:34:24.571244  5052 solver.cpp:172] Test score #0: 0.665614
I0830 15:34:24.571280  5052 solver.cpp:172] Test score #1: 0.612061
I0830 15:34:25.003262  5052 solver.cpp:269] Iteration 71, lr = 1e-05
I0830 15:34:25.024665  5052 solver.cpp:117] Iteration 71, loss = 0.430491
I0830 15:34:25.676669  5052 solver.cpp:269] Iteration 72, lr = 1e-05
I0830 15:34:25.697957  5052 solver.cpp:117] Iteration 72, loss = 0.695644
I0830 15:34:26.349743  5052 solver.cpp:269] Iteration 73, lr = 1e-05
I0830 15:34:26.371028  5052 solver.cpp:117] Iteration 73, loss = 0.564107
I0830 15:34:27.020231  5052 solver.cpp:269] Iteration 74, lr = 1e-05
I0830 15:34:27.041506  5052 solver.cpp:117] Iteration 74, loss = 0.734007
I0830 15:34:27.692821  5052 solver.cpp:269] Iteration 75, lr = 1e-05
I0830 15:34:27.714177  5052 solver.cpp:117] Iteration 75, loss = 0.487911
I0830 15:34:27.714195  5052 solver.cpp:136] Iteration 75, Testing net
I0830 15:34:29.382313  5052 solver.cpp:172] Test score #0: 0.669827
I0830 15:34:29.382349  5052 solver.cpp:172] Test score #1: 0.611196
I0830 15:34:29.813681  5052 solver.cpp:269] Iteration 76, lr = 1e-05
I0830 15:34:29.834998  5052 solver.cpp:117] Iteration 76, loss = 0.292744
I0830 15:34:30.485820  5052 solver.cpp:269] Iteration 77, lr = 1e-05
I0830 15:34:30.507125  5052 solver.cpp:117] Iteration 77, loss = 0.675555
I0830 15:34:31.158277  5052 solver.cpp:269] Iteration 78, lr = 1e-05
I0830 15:34:31.179574  5052 solver.cpp:117] Iteration 78, loss = 0.455632
I0830 15:34:31.830632  5052 solver.cpp:269] Iteration 79, lr = 1e-05
I0830 15:34:31.851969  5052 solver.cpp:117] Iteration 79, loss = 1.18311
I0830 15:34:32.503731  5052 solver.cpp:269] Iteration 80, lr = 1e-05
I0830 15:34:32.525015  5052 solver.cpp:117] Iteration 80, loss = 0.58734
I0830 15:34:32.525033  5052 solver.cpp:136] Iteration 80, Testing net
I0830 15:34:34.194692  5052 solver.cpp:172] Test score #0: 0.669835
I0830 15:34:34.194728  5052 solver.cpp:172] Test score #1: 0.609137
I0830 15:34:34.625813  5052 solver.cpp:269] Iteration 81, lr = 1e-05
I0830 15:34:34.647143  5052 solver.cpp:117] Iteration 81, loss = 0.488146
I0830 15:34:35.297798  5052 solver.cpp:269] Iteration 82, lr = 1e-05
I0830 15:34:35.319536  5052 solver.cpp:117] Iteration 82, loss = 0.516586
I0830 15:34:35.971035  5052 solver.cpp:269] Iteration 83, lr = 1e-05
I0830 15:34:35.992547  5052 solver.cpp:117] Iteration 83, loss = 0.680954
I0830 15:34:36.643947  5052 solver.cpp:269] Iteration 84, lr = 1e-05
I0830 15:34:36.665375  5052 solver.cpp:117] Iteration 84, loss = 0.550239
I0830 15:34:37.318240  5052 solver.cpp:269] Iteration 85, lr = 1e-05
I0830 15:34:37.339850  5052 solver.cpp:117] Iteration 85, loss = 0.416085
I0830 15:34:37.339869  5052 solver.cpp:136] Iteration 85, Testing net
I0830 15:34:39.034837  5052 solver.cpp:172] Test score #0: 0.655024
I0830 15:34:39.034873  5052 solver.cpp:172] Test score #1: 0.612974
I0830 15:34:39.481148  5052 solver.cpp:269] Iteration 86, lr = 1e-05
I0830 15:34:39.503422  5052 solver.cpp:117] Iteration 86, loss = 0.5559
I0830 15:34:40.180810  5052 solver.cpp:269] Iteration 87, lr = 1e-05
I0830 15:34:40.203485  5052 solver.cpp:117] Iteration 87, loss = 0.613208
I0830 15:34:40.882138  5052 solver.cpp:269] Iteration 88, lr = 1e-05
I0830 15:34:40.904752  5052 solver.cpp:117] Iteration 88, loss = 0.665253
I0830 15:34:41.582989  5052 solver.cpp:269] Iteration 89, lr = 1e-05
I0830 15:34:41.605826  5052 solver.cpp:117] Iteration 89, loss = 0.430382
I0830 15:34:42.284370  5052 solver.cpp:269] Iteration 90, lr = 1e-05
I0830 15:34:42.307025  5052 solver.cpp:117] Iteration 90, loss = 0.682507
I0830 15:34:42.307044  5052 solver.cpp:136] Iteration 90, Testing net
I0830 15:34:44.067772  5052 solver.cpp:172] Test score #0: 0.655024
I0830 15:34:44.067808  5052 solver.cpp:172] Test score #1: 0.610808
I0830 15:34:44.526090  5052 solver.cpp:269] Iteration 91, lr = 1e-05
I0830 15:34:44.548929  5052 solver.cpp:117] Iteration 91, loss = 0.610867
I0830 15:34:45.227001  5052 solver.cpp:269] Iteration 92, lr = 1e-05
I0830 15:34:45.249588  5052 solver.cpp:117] Iteration 92, loss = 0.532333
I0830 15:34:45.928302  5052 solver.cpp:269] Iteration 93, lr = 1e-05
I0830 15:34:45.950909  5052 solver.cpp:117] Iteration 93, loss = 0.846719
I0830 15:34:46.629982  5052 solver.cpp:269] Iteration 94, lr = 1e-05
I0830 15:34:46.652572  5052 solver.cpp:117] Iteration 94, loss = 0.613591
I0830 15:34:47.331720  5052 solver.cpp:269] Iteration 95, lr = 1e-05
I0830 15:34:47.354517  5052 solver.cpp:117] Iteration 95, loss = 0.745398
I0830 15:34:47.354535  5052 solver.cpp:136] Iteration 95, Testing net
I0830 15:34:49.115339  5052 solver.cpp:172] Test score #0: 0.671638
I0830 15:34:49.115375  5052 solver.cpp:172] Test score #1: 0.608391
I0830 15:34:49.573964  5052 solver.cpp:269] Iteration 96, lr = 1e-05
I0830 15:34:49.596601  5052 solver.cpp:117] Iteration 96, loss = 0.397909
I0830 15:34:50.274643  5052 solver.cpp:269] Iteration 97, lr = 1e-05
I0830 15:34:50.297510  5052 solver.cpp:117] Iteration 97, loss = 0.552384
I0830 15:34:50.982168  5052 solver.cpp:269] Iteration 98, lr = 1e-05
I0830 15:34:51.005072  5052 solver.cpp:117] Iteration 98, loss = 0.44826
I0830 15:34:51.690636  5052 solver.cpp:269] Iteration 99, lr = 1e-05
I0830 15:34:51.713775  5052 solver.cpp:117] Iteration 99, loss = 0.877998
I0830 15:34:52.399641  5052 solver.cpp:269] Iteration 100, lr = 1e-05
I0830 15:34:52.422574  5052 solver.cpp:117] Iteration 100, loss = 0.648802
I0830 15:34:52.422590  5052 solver.cpp:136] Iteration 100, Testing net
I0830 15:34:54.204498  5052 solver.cpp:172] Test score #0: 0.656214
I0830 15:34:54.204535  5052 solver.cpp:172] Test score #1: 0.609451
I0830 15:34:54.667891  5052 solver.cpp:269] Iteration 101, lr = 1e-05
I0830 15:34:54.690807  5052 solver.cpp:117] Iteration 101, loss = 0.542328
I0830 15:34:55.376533  5052 solver.cpp:269] Iteration 102, lr = 1e-05
I0830 15:34:55.399672  5052 solver.cpp:117] Iteration 102, loss = 0.479258
I0830 15:34:56.086009  5052 solver.cpp:269] Iteration 103, lr = 1e-05
I0830 15:34:56.108892  5052 solver.cpp:117] Iteration 103, loss = 0.460778
I0830 15:34:56.794621  5052 solver.cpp:269] Iteration 104, lr = 1e-05
I0830 15:34:56.817550  5052 solver.cpp:117] Iteration 104, loss = 0.420638
I0830 15:34:57.502897  5052 solver.cpp:269] Iteration 105, lr = 1e-05
I0830 15:34:57.525804  5052 solver.cpp:117] Iteration 105, loss = 0.469585
I0830 15:34:57.525821  5052 solver.cpp:136] Iteration 105, Testing net
I0830 15:34:59.307212  5052 solver.cpp:172] Test score #0: 0.658621
I0830 15:34:59.307247  5052 solver.cpp:172] Test score #1: 0.614205
I0830 15:34:59.771350  5052 solver.cpp:269] Iteration 106, lr = 1e-05
I0830 15:34:59.794468  5052 solver.cpp:117] Iteration 106, loss = 0.326271
I0830 15:35:00.480270  5052 solver.cpp:269] Iteration 107, lr = 1e-05
I0830 15:35:00.503366  5052 solver.cpp:117] Iteration 107, loss = 0.511109
I0830 15:35:01.187607  5052 solver.cpp:269] Iteration 108, lr = 1e-05
I0830 15:35:01.210533  5052 solver.cpp:117] Iteration 108, loss = 0.653884
I0830 15:35:01.896499  5052 solver.cpp:269] Iteration 109, lr = 1e-05
I0830 15:35:01.919641  5052 solver.cpp:117] Iteration 109, loss = 0.44557
I0830 15:35:02.603428  5052 solver.cpp:269] Iteration 110, lr = 1e-05
I0830 15:35:02.626343  5052 solver.cpp:117] Iteration 110, loss = 0.643456
I0830 15:35:02.626363  5052 solver.cpp:136] Iteration 110, Testing net
I0830 15:35:04.406528  5052 solver.cpp:172] Test score #0: 0.663412
I0830 15:35:04.406564  5052 solver.cpp:172] Test score #1: 0.616943
I0830 15:35:04.870007  5052 solver.cpp:269] Iteration 111, lr = 1e-05
I0830 15:35:04.892942  5052 solver.cpp:117] Iteration 111, loss = 0.508538
I0830 15:35:05.578552  5052 solver.cpp:269] Iteration 112, lr = 1e-05
I0830 15:35:05.601438  5052 solver.cpp:117] Iteration 112, loss = 0.89342
I0830 15:35:06.286782  5052 solver.cpp:269] Iteration 113, lr = 1e-05
I0830 15:35:06.309670  5052 solver.cpp:117] Iteration 113, loss = 0.723475
I0830 15:35:06.994738  5052 solver.cpp:269] Iteration 114, lr = 1e-05
I0830 15:35:07.017582  5052 solver.cpp:117] Iteration 114, loss = 0.278489
I0830 15:35:07.703354  5052 solver.cpp:269] Iteration 115, lr = 1e-05
I0830 15:35:07.726279  5052 solver.cpp:117] Iteration 115, loss = 0.776585
I0830 15:35:07.726296  5052 solver.cpp:136] Iteration 115, Testing net
I0830 15:35:09.507169  5052 solver.cpp:172] Test score #0: 0.664628
I0830 15:35:09.507205  5052 solver.cpp:172] Test score #1: 0.613053
I0830 15:35:09.971323  5052 solver.cpp:269] Iteration 116, lr = 1e-05
I0830 15:35:09.994228  5052 solver.cpp:117] Iteration 116, loss = 0.638688
I0830 15:35:10.679242  5052 solver.cpp:269] Iteration 117, lr = 1e-05
I0830 15:35:10.702126  5052 solver.cpp:117] Iteration 117, loss = 0.78452
I0830 15:35:11.387717  5052 solver.cpp:269] Iteration 118, lr = 1e-05
I0830 15:35:11.410822  5052 solver.cpp:117] Iteration 118, loss = 0.40445
I0830 15:35:12.096125  5052 solver.cpp:269] Iteration 119, lr = 1e-05
I0830 15:35:12.119035  5052 solver.cpp:117] Iteration 119, loss = 0.626934
I0830 15:35:12.803916  5052 solver.cpp:269] Iteration 120, lr = 1e-05
I0830 15:35:12.826833  5052 solver.cpp:117] Iteration 120, loss = 0.454508
I0830 15:35:12.826850  5052 solver.cpp:136] Iteration 120, Testing net
I0830 15:35:14.606482  5052 solver.cpp:172] Test score #0: 0.664625
I0830 15:35:14.606520  5052 solver.cpp:172] Test score #1: 0.614557
I0830 15:35:15.070276  5052 solver.cpp:269] Iteration 121, lr = 1e-05
I0830 15:35:15.093375  5052 solver.cpp:117] Iteration 121, loss = 0.480076
I0830 15:35:15.779255  5052 solver.cpp:269] Iteration 122, lr = 1e-05
I0830 15:35:15.802160  5052 solver.cpp:117] Iteration 122, loss = 0.413436
I0830 15:35:16.487126  5052 solver.cpp:269] Iteration 123, lr = 1e-05
I0830 15:35:16.510231  5052 solver.cpp:117] Iteration 123, loss = 0.409534
I0830 15:35:17.194643  5052 solver.cpp:269] Iteration 124, lr = 1e-05
I0830 15:35:17.217495  5052 solver.cpp:117] Iteration 124, loss = 0.356079
I0830 15:35:17.902655  5052 solver.cpp:269] Iteration 125, lr = 1e-05
I0830 15:35:17.925565  5052 solver.cpp:117] Iteration 125, loss = 0.82681
I0830 15:35:17.925582  5052 solver.cpp:136] Iteration 125, Testing net
I0830 15:35:19.706079  5052 solver.cpp:172] Test score #0: 0.669422
I0830 15:35:19.706116  5052 solver.cpp:172] Test score #1: 0.620353
I0830 15:35:20.170043  5052 solver.cpp:269] Iteration 126, lr = 1e-05
I0830 15:35:20.192927  5052 solver.cpp:117] Iteration 126, loss = 0.612433
I0830 15:35:20.878589  5052 solver.cpp:269] Iteration 127, lr = 1e-05
I0830 15:35:20.901449  5052 solver.cpp:117] Iteration 127, loss = 0.611112
I0830 15:35:21.587113  5052 solver.cpp:269] Iteration 128, lr = 1e-05
I0830 15:35:21.609998  5052 solver.cpp:117] Iteration 128, loss = 0.417074
I0830 15:35:22.295116  5052 solver.cpp:269] Iteration 129, lr = 1e-05
I0830 15:35:22.318016  5052 solver.cpp:117] Iteration 129, loss = 0.48569
I0830 15:35:23.003196  5052 solver.cpp:269] Iteration 130, lr = 1e-05
I0830 15:35:23.026299  5052 solver.cpp:117] Iteration 130, loss = 0.588701
I0830 15:35:23.026317  5052 solver.cpp:136] Iteration 130, Testing net
I0830 15:35:24.806455  5052 solver.cpp:172] Test score #0: 0.67002
I0830 15:35:24.806491  5052 solver.cpp:172] Test score #1: 0.619592
I0830 15:35:25.270351  5052 solver.cpp:269] Iteration 131, lr = 1e-05
I0830 15:35:25.293221  5052 solver.cpp:117] Iteration 131, loss = 0.782603
I0830 15:35:25.978399  5052 solver.cpp:269] Iteration 132, lr = 1e-05
I0830 15:35:26.001276  5052 solver.cpp:117] Iteration 132, loss = 0.813301
I0830 15:35:26.687206  5052 solver.cpp:269] Iteration 133, lr = 1e-05
I0830 15:35:26.710110  5052 solver.cpp:117] Iteration 133, loss = 0.629355
I0830 15:35:27.394470  5052 solver.cpp:269] Iteration 134, lr = 1e-05
I0830 15:35:27.417381  5052 solver.cpp:117] Iteration 134, loss = 0.412278
I0830 15:35:28.102850  5052 solver.cpp:269] Iteration 135, lr = 1e-05
I0830 15:35:28.125782  5052 solver.cpp:117] Iteration 135, loss = 0.383681
I0830 15:35:28.125800  5052 solver.cpp:136] Iteration 135, Testing net
I0830 15:35:29.905869  5052 solver.cpp:172] Test score #0: 0.671233
I0830 15:35:29.905904  5052 solver.cpp:172] Test score #1: 0.619235
I0830 15:35:30.369817  5052 solver.cpp:269] Iteration 136, lr = 1e-05
I0830 15:35:30.392747  5052 solver.cpp:117] Iteration 136, loss = 0.693474
I0830 15:35:31.078121  5052 solver.cpp:269] Iteration 137, lr = 1e-05
I0830 15:35:31.101075  5052 solver.cpp:117] Iteration 137, loss = 0.899553
I0830 15:35:31.788949  5052 solver.cpp:269] Iteration 138, lr = 1e-05
I0830 15:35:31.812068  5052 solver.cpp:117] Iteration 138, loss = 0.56894
I0830 15:35:32.503936  5052 solver.cpp:269] Iteration 139, lr = 1e-05
I0830 15:35:32.527139  5052 solver.cpp:117] Iteration 139, loss = 0.361548
I0830 15:35:33.220302  5052 solver.cpp:269] Iteration 140, lr = 1e-05
I0830 15:35:33.243547  5052 solver.cpp:117] Iteration 140, loss = 0.363575
I0830 15:35:33.243566  5052 solver.cpp:136] Iteration 140, Testing net
I0830 15:35:35.044798  5052 solver.cpp:172] Test score #0: 0.672424
I0830 15:35:35.044836  5052 solver.cpp:172] Test score #1: 0.61732
I0830 15:35:35.514665  5052 solver.cpp:269] Iteration 141, lr = 1e-05
I0830 15:35:35.538029  5052 solver.cpp:117] Iteration 141, loss = 0.426423
I0830 15:35:36.232069  5052 solver.cpp:269] Iteration 142, lr = 1e-05
I0830 15:35:36.255302  5052 solver.cpp:117] Iteration 142, loss = 0.573107
I0830 15:35:36.949168  5052 solver.cpp:269] Iteration 143, lr = 1e-05
I0830 15:35:36.972463  5052 solver.cpp:117] Iteration 143, loss = 0.371321
I0830 15:35:37.666256  5052 solver.cpp:269] Iteration 144, lr = 1e-05
I0830 15:35:37.689450  5052 solver.cpp:117] Iteration 144, loss = 0.61032
I0830 15:35:38.383332  5052 solver.cpp:269] Iteration 145, lr = 1e-05
I0830 15:35:38.406555  5052 solver.cpp:117] Iteration 145, loss = 0.760354
I0830 15:35:38.406572  5052 solver.cpp:136] Iteration 145, Testing net
I0830 15:35:40.209583  5052 solver.cpp:172] Test score #0: 0.671222
I0830 15:35:40.209619  5052 solver.cpp:172] Test score #1: 0.617103
I0830 15:35:40.679311  5052 solver.cpp:269] Iteration 146, lr = 1e-05
I0830 15:35:40.702556  5052 solver.cpp:117] Iteration 146, loss = 0.701385
I0830 15:35:41.395627  5052 solver.cpp:269] Iteration 147, lr = 1e-05
I0830 15:35:41.418810  5052 solver.cpp:117] Iteration 147, loss = 0.47563
I0830 15:35:42.111656  5052 solver.cpp:269] Iteration 148, lr = 1e-05
I0830 15:35:42.134860  5052 solver.cpp:117] Iteration 148, loss = 0.44306
I0830 15:35:42.829159  5052 solver.cpp:269] Iteration 149, lr = 1e-05
I0830 15:35:42.852371  5052 solver.cpp:117] Iteration 149, loss = 0.563801
I0830 15:35:43.545698  5052 solver.cpp:269] Iteration 150, lr = 1e-05
I0830 15:35:43.568923  5052 solver.cpp:117] Iteration 150, loss = 0.709094
I0830 15:35:43.568940  5052 solver.cpp:136] Iteration 150, Testing net
I0830 15:35:45.371769  5052 solver.cpp:172] Test score #0: 0.66943
I0830 15:35:45.371805  5052 solver.cpp:172] Test score #1: 0.616335
I0830 15:35:45.841729  5052 solver.cpp:269] Iteration 151, lr = 1e-05
I0830 15:35:45.865136  5052 solver.cpp:117] Iteration 151, loss = 0.733049
I0830 15:35:46.558353  5052 solver.cpp:269] Iteration 152, lr = 1e-05
I0830 15:35:46.581569  5052 solver.cpp:117] Iteration 152, loss = 0.246262
I0830 15:35:47.274962  5052 solver.cpp:269] Iteration 153, lr = 1e-05
I0830 15:35:47.298151  5052 solver.cpp:117] Iteration 153, loss = 0.706294
I0830 15:35:47.991756  5052 solver.cpp:269] Iteration 154, lr = 1e-05
I0830 15:35:48.014978  5052 solver.cpp:117] Iteration 154, loss = 0.641908
I0830 15:35:48.708870  5052 solver.cpp:269] Iteration 155, lr = 1e-05
I0830 15:35:48.732065  5052 solver.cpp:117] Iteration 155, loss = 0.548959
I0830 15:35:48.732084  5052 solver.cpp:136] Iteration 155, Testing net
I0830 15:35:50.536464  5052 solver.cpp:172] Test score #0: 0.66761
I0830 15:35:50.536501  5052 solver.cpp:172] Test score #1: 0.611289
I0830 15:35:51.006139  5052 solver.cpp:269] Iteration 156, lr = 1e-05
I0830 15:35:51.029384  5052 solver.cpp:117] Iteration 156, loss = 0.494324
I0830 15:35:51.723255  5052 solver.cpp:269] Iteration 157, lr = 1e-05
I0830 15:35:51.746738  5052 solver.cpp:117] Iteration 157, loss = 0.352047
I0830 15:35:52.440811  5052 solver.cpp:269] Iteration 158, lr = 1e-05
I0830 15:35:52.464050  5052 solver.cpp:117] Iteration 158, loss = 0.46887
I0830 15:35:53.157243  5052 solver.cpp:269] Iteration 159, lr = 1e-05
I0830 15:35:53.180650  5052 solver.cpp:117] Iteration 159, loss = 0.606936
I0830 15:35:53.873757  5052 solver.cpp:269] Iteration 160, lr = 1e-05
I0830 15:35:53.896955  5052 solver.cpp:117] Iteration 160, loss = 0.613243
I0830 15:35:53.896973  5052 solver.cpp:136] Iteration 160, Testing net
I0830 15:35:55.698685  5052 solver.cpp:172] Test score #0: 0.670615
I0830 15:35:55.698722  5052 solver.cpp:172] Test score #1: 0.61507
I0830 15:35:56.168534  5052 solver.cpp:269] Iteration 161, lr = 1e-05
I0830 15:35:56.191730  5052 solver.cpp:117] Iteration 161, loss = 0.453066
I0830 15:35:56.885668  5052 solver.cpp:269] Iteration 162, lr = 1e-05
I0830 15:35:56.908885  5052 solver.cpp:117] Iteration 162, loss = 0.314623
I0830 15:35:57.602882  5052 solver.cpp:269] Iteration 163, lr = 1e-05
I0830 15:35:57.626140  5052 solver.cpp:117] Iteration 163, loss = 0.514557
I0830 15:35:58.320461  5052 solver.cpp:269] Iteration 164, lr = 1e-05
I0830 15:35:58.343684  5052 solver.cpp:117] Iteration 164, loss = 1.02924
I0830 15:35:59.037683  5052 solver.cpp:269] Iteration 165, lr = 1e-05
I0830 15:35:59.060911  5052 solver.cpp:117] Iteration 165, loss = 0.567717
I0830 15:35:59.060930  5052 solver.cpp:136] Iteration 165, Testing net
I0830 15:36:00.862900  5052 solver.cpp:172] Test score #0: 0.668806
I0830 15:36:00.862931  5052 solver.cpp:172] Test score #1: 0.614697
I0830 15:36:01.331940  5052 solver.cpp:269] Iteration 166, lr = 1e-05
I0830 15:36:01.355348  5052 solver.cpp:117] Iteration 166, loss = 0.424381
I0830 15:36:02.048202  5052 solver.cpp:269] Iteration 167, lr = 1e-05
I0830 15:36:02.071585  5052 solver.cpp:117] Iteration 167, loss = 0.469479
I0830 15:36:02.764914  5052 solver.cpp:269] Iteration 168, lr = 1e-05
I0830 15:36:02.788072  5052 solver.cpp:117] Iteration 168, loss = 0.507989
I0830 15:36:03.481685  5052 solver.cpp:269] Iteration 169, lr = 1e-05
I0830 15:36:03.504884  5052 solver.cpp:117] Iteration 169, loss = 0.585535
I0830 15:36:04.198369  5052 solver.cpp:269] Iteration 170, lr = 1e-05
I0830 15:36:04.221550  5052 solver.cpp:117] Iteration 170, loss = 0.619524
I0830 15:36:04.221568  5052 solver.cpp:136] Iteration 170, Testing net
I0830 15:36:06.021222  5052 solver.cpp:172] Test score #0: 0.689021
I0830 15:36:06.021260  5052 solver.cpp:172] Test score #1: 0.617415
I0830 15:36:06.490398  5052 solver.cpp:269] Iteration 171, lr = 1e-05
I0830 15:36:06.513595  5052 solver.cpp:117] Iteration 171, loss = 0.57414
I0830 15:36:07.205811  5052 solver.cpp:269] Iteration 172, lr = 1e-05
I0830 15:36:07.229207  5052 solver.cpp:117] Iteration 172, loss = 0.327259
I0830 15:36:07.922296  5052 solver.cpp:269] Iteration 173, lr = 1e-05
I0830 15:36:07.945710  5052 solver.cpp:117] Iteration 173, loss = 0.589757
I0830 15:36:08.639235  5052 solver.cpp:269] Iteration 174, lr = 1e-05
I0830 15:36:08.662533  5052 solver.cpp:117] Iteration 174, loss = 0.592546
I0830 15:36:09.355407  5052 solver.cpp:269] Iteration 175, lr = 1e-05
I0830 15:36:09.378568  5052 solver.cpp:117] Iteration 175, loss = 0.769852
I0830 15:36:09.378587  5052 solver.cpp:136] Iteration 175, Testing net
I0830 15:36:11.179877  5052 solver.cpp:172] Test score #0: 0.68545
I0830 15:36:11.179914  5052 solver.cpp:172] Test score #1: 0.619525
I0830 15:36:11.648823  5052 solver.cpp:269] Iteration 176, lr = 1e-05
I0830 15:36:11.672034  5052 solver.cpp:117] Iteration 176, loss = 0.719131
I0830 15:36:12.365144  5052 solver.cpp:269] Iteration 177, lr = 1e-05
I0830 15:36:12.388313  5052 solver.cpp:117] Iteration 177, loss = 0.45931
I0830 15:36:13.081689  5052 solver.cpp:269] Iteration 178, lr = 1e-05
I0830 15:36:13.104918  5052 solver.cpp:117] Iteration 178, loss = 0.357621
I0830 15:36:13.798445  5052 solver.cpp:269] Iteration 179, lr = 1e-05
I0830 15:36:13.821648  5052 solver.cpp:117] Iteration 179, loss = 0.489742
I0830 15:36:14.515074  5052 solver.cpp:269] Iteration 180, lr = 1e-05
I0830 15:36:14.538256  5052 solver.cpp:117] Iteration 180, loss = 0.482197
I0830 15:36:14.538275  5052 solver.cpp:136] Iteration 180, Testing net
I0830 15:36:16.338754  5052 solver.cpp:172] Test score #0: 0.695543
I0830 15:36:16.338789  5052 solver.cpp:172] Test score #1: 0.592653
I0830 15:36:16.807869  5052 solver.cpp:269] Iteration 181, lr = 1e-05
I0830 15:36:16.831056  5052 solver.cpp:117] Iteration 181, loss = 0.395573
I0830 15:36:17.524729  5052 solver.cpp:269] Iteration 182, lr = 1e-05
I0830 15:36:17.547899  5052 solver.cpp:117] Iteration 182, loss = 0.627744
I0830 15:36:18.241008  5052 solver.cpp:269] Iteration 183, lr = 1e-05
I0830 15:36:18.264190  5052 solver.cpp:117] Iteration 183, loss = 0.97368
I0830 15:36:18.957351  5052 solver.cpp:269] Iteration 184, lr = 1e-05
I0830 15:36:18.980512  5052 solver.cpp:117] Iteration 184, loss = 0.644969
I0830 15:36:19.680505  5052 solver.cpp:269] Iteration 185, lr = 1e-05
I0830 15:36:19.704015  5052 solver.cpp:117] Iteration 185, loss = 0.564426
I0830 15:36:19.704032  5052 solver.cpp:136] Iteration 185, Testing net
I0830 15:36:21.528154  5052 solver.cpp:172] Test score #0: 0.690724
I0830 15:36:21.528190  5052 solver.cpp:172] Test score #1: 0.589307
I0830 15:36:22.002851  5052 solver.cpp:269] Iteration 186, lr = 1e-05
I0830 15:36:22.026324  5052 solver.cpp:117] Iteration 186, loss = 0.553521
I0830 15:36:22.728813  5052 solver.cpp:269] Iteration 187, lr = 1e-05
I0830 15:36:22.752254  5052 solver.cpp:117] Iteration 187, loss = 0.640304
I0830 15:36:23.454995  5052 solver.cpp:269] Iteration 188, lr = 1e-05
I0830 15:36:23.478415  5052 solver.cpp:117] Iteration 188, loss = 0.453301
I0830 15:36:24.180997  5052 solver.cpp:269] Iteration 189, lr = 1e-05
I0830 15:36:24.204427  5052 solver.cpp:117] Iteration 189, loss = 0.510479
I0830 15:36:24.907115  5052 solver.cpp:269] Iteration 190, lr = 1e-05
I0830 15:36:24.930621  5052 solver.cpp:117] Iteration 190, loss = 0.863136
I0830 15:36:24.930639  5052 solver.cpp:136] Iteration 190, Testing net
I0830 15:36:26.754322  5052 solver.cpp:172] Test score #0: 0.712129
I0830 15:36:26.754359  5052 solver.cpp:172] Test score #1: 0.583361
I0830 15:36:27.229511  5052 solver.cpp:269] Iteration 191, lr = 1e-05
I0830 15:36:27.252941  5052 solver.cpp:117] Iteration 191, loss = 0.666567
I0830 15:36:27.955660  5052 solver.cpp:269] Iteration 192, lr = 1e-05
I0830 15:36:27.979084  5052 solver.cpp:117] Iteration 192, loss = 0.884185
I0830 15:36:28.681102  5052 solver.cpp:269] Iteration 193, lr = 1e-05
I0830 15:36:28.704535  5052 solver.cpp:117] Iteration 193, loss = 0.346769
I0830 15:36:29.406944  5052 solver.cpp:269] Iteration 194, lr = 1e-05
I0830 15:36:29.430449  5052 solver.cpp:117] Iteration 194, loss = 0.397461
I0830 15:36:30.133795  5052 solver.cpp:269] Iteration 195, lr = 1e-05
I0830 15:36:30.157315  5052 solver.cpp:117] Iteration 195, loss = 0.376611
I0830 15:36:30.157333  5052 solver.cpp:136] Iteration 195, Testing net
I0830 15:36:31.980288  5052 solver.cpp:172] Test score #0: 0.692529
I0830 15:36:31.980325  5052 solver.cpp:172] Test score #1: 0.586504
I0830 15:36:32.455435  5052 solver.cpp:269] Iteration 196, lr = 1e-05
I0830 15:36:32.478952  5052 solver.cpp:117] Iteration 196, loss = 0.700188
I0830 15:36:33.180943  5052 solver.cpp:269] Iteration 197, lr = 1e-05
I0830 15:36:33.204404  5052 solver.cpp:117] Iteration 197, loss = 0.579497
I0830 15:36:33.906762  5052 solver.cpp:269] Iteration 198, lr = 1e-05
I0830 15:36:33.930217  5052 solver.cpp:117] Iteration 198, loss = 0.353462
I0830 15:36:34.632397  5052 solver.cpp:269] Iteration 199, lr = 1e-05
I0830 15:36:34.655812  5052 solver.cpp:117] Iteration 199, loss = 0.622239
I0830 15:36:35.358325  5052 solver.cpp:269] Iteration 200, lr = 1e-05
I0830 15:36:35.381769  5052 solver.cpp:117] Iteration 200, loss = 0.530383
I0830 15:36:35.381788  5052 solver.cpp:136] Iteration 200, Testing net
I0830 15:36:37.204530  5052 solver.cpp:172] Test score #0: 0.691931
I0830 15:36:37.204567  5052 solver.cpp:172] Test score #1: 0.587073
I0830 15:36:37.680063  5052 solver.cpp:269] Iteration 201, lr = 1e-05
I0830 15:36:37.703508  5052 solver.cpp:117] Iteration 201, loss = 0.518686
I0830 15:36:38.406220  5052 solver.cpp:269] Iteration 202, lr = 1e-05
I0830 15:36:38.429683  5052 solver.cpp:117] Iteration 202, loss = 0.581316
I0830 15:36:39.132570  5052 solver.cpp:269] Iteration 203, lr = 1e-05
I0830 15:36:39.156035  5052 solver.cpp:117] Iteration 203, loss = 0.679413
I0830 15:36:39.858103  5052 solver.cpp:269] Iteration 204, lr = 1e-05
I0830 15:36:39.881564  5052 solver.cpp:117] Iteration 204, loss = 0.632036
I0830 15:36:40.583693  5052 solver.cpp:269] Iteration 205, lr = 1e-05
I0830 15:36:40.607250  5052 solver.cpp:117] Iteration 205, loss = 0.448819
I0830 15:36:40.607269  5052 solver.cpp:136] Iteration 205, Testing net
I0830 15:36:42.431761  5052 solver.cpp:172] Test score #0: 0.649667
I0830 15:36:42.431798  5052 solver.cpp:172] Test score #1: 0.589043
I0830 15:36:42.907202  5052 solver.cpp:269] Iteration 206, lr = 1e-05
I0830 15:36:42.930651  5052 solver.cpp:117] Iteration 206, loss = 1.09052
I0830 15:36:43.633247  5052 solver.cpp:269] Iteration 207, lr = 1e-05
I0830 15:36:43.656760  5052 solver.cpp:117] Iteration 207, loss = 0.333714
I0830 15:36:44.358888  5052 solver.cpp:269] Iteration 208, lr = 1e-05
I0830 15:36:44.382407  5052 solver.cpp:117] Iteration 208, loss = 0.633413
I0830 15:36:45.085470  5052 solver.cpp:269] Iteration 209, lr = 1e-05
I0830 15:36:45.108986  5052 solver.cpp:117] Iteration 209, loss = 0.350929
I0830 15:36:45.811403  5052 solver.cpp:269] Iteration 210, lr = 1e-05
I0830 15:36:45.835095  5052 solver.cpp:117] Iteration 210, loss = 0.346379
I0830 15:36:45.835114  5052 solver.cpp:136] Iteration 210, Testing net
I0830 15:36:47.661485  5052 solver.cpp:172] Test score #0: 0.693752
I0830 15:36:47.661525  5052 solver.cpp:172] Test score #1: 0.590026
I0830 15:36:48.137169  5052 solver.cpp:269] Iteration 211, lr = 1e-05
I0830 15:36:48.160842  5052 solver.cpp:117] Iteration 211, loss = 0.573371
I0830 15:36:48.864353  5052 solver.cpp:269] Iteration 212, lr = 1e-05
I0830 15:36:48.888033  5052 solver.cpp:117] Iteration 212, loss = 0.421741
I0830 15:36:49.591442  5052 solver.cpp:269] Iteration 213, lr = 1e-05
I0830 15:36:49.615130  5052 solver.cpp:117] Iteration 213, loss = 1.12321
I0830 15:36:50.318675  5052 solver.cpp:269] Iteration 214, lr = 1e-05
I0830 15:36:50.342373  5052 solver.cpp:117] Iteration 214, loss = 0.861849
I0830 15:36:51.045958  5052 solver.cpp:269] Iteration 215, lr = 1e-05
I0830 15:36:51.069448  5052 solver.cpp:117] Iteration 215, loss = 0.328141
I0830 15:36:51.069468  5052 solver.cpp:136] Iteration 215, Testing net
I0830 15:36:52.893317  5052 solver.cpp:172] Test score #0: 0.649071
I0830 15:36:52.893353  5052 solver.cpp:172] Test score #1: 0.587682
I0830 15:36:53.368124  5052 solver.cpp:269] Iteration 216, lr = 1e-05
I0830 15:36:53.391600  5052 solver.cpp:117] Iteration 216, loss = 0.39362
I0830 15:36:54.094410  5052 solver.cpp:269] Iteration 217, lr = 1e-05
I0830 15:36:54.117825  5052 solver.cpp:117] Iteration 217, loss = 0.541881
I0830 15:36:54.820915  5052 solver.cpp:269] Iteration 218, lr = 1e-05
I0830 15:36:54.844408  5052 solver.cpp:117] Iteration 218, loss = 0.319995
I0830 15:36:55.546986  5052 solver.cpp:269] Iteration 219, lr = 1e-05
I0830 15:36:55.570422  5052 solver.cpp:117] Iteration 219, loss = 0.399928
I0830 15:36:56.273250  5052 solver.cpp:269] Iteration 220, lr = 1e-05
I0830 15:36:56.296664  5052 solver.cpp:117] Iteration 220, loss = 0.740961
I0830 15:36:56.296684  5052 solver.cpp:136] Iteration 220, Testing net
I0830 15:36:58.122771  5052 solver.cpp:172] Test score #0: 0.650276
I0830 15:36:58.122809  5052 solver.cpp:172] Test score #1: 0.59195
I0830 15:36:58.598470  5052 solver.cpp:269] Iteration 221, lr = 1e-05
I0830 15:36:58.621934  5052 solver.cpp:117] Iteration 221, loss = 0.988255
I0830 15:36:59.324719  5052 solver.cpp:269] Iteration 222, lr = 1e-05
I0830 15:36:59.348422  5052 solver.cpp:117] Iteration 222, loss = 0.466894
I0830 15:37:00.052201  5052 solver.cpp:269] Iteration 223, lr = 1e-05
I0830 15:37:00.075660  5052 solver.cpp:117] Iteration 223, loss = 0.48543
I0830 15:37:00.778573  5052 solver.cpp:269] Iteration 224, lr = 1e-05
I0830 15:37:00.802037  5052 solver.cpp:117] Iteration 224, loss = 0.677632
I0830 15:37:01.504751  5052 solver.cpp:269] Iteration 225, lr = 1e-05
I0830 15:37:01.528201  5052 solver.cpp:117] Iteration 225, loss = 0.527295
I0830 15:37:01.528220  5052 solver.cpp:136] Iteration 225, Testing net
I0830 15:37:03.351255  5052 solver.cpp:172] Test score #0: 0.649071
I0830 15:37:03.351292  5052 solver.cpp:172] Test score #1: 0.590997
I0830 15:37:03.826450  5052 solver.cpp:269] Iteration 226, lr = 1e-05
I0830 15:37:03.849879  5052 solver.cpp:117] Iteration 226, loss = 0.366926
I0830 15:37:04.552549  5052 solver.cpp:269] Iteration 227, lr = 1e-05
I0830 15:37:04.575996  5052 solver.cpp:117] Iteration 227, loss = 0.302149
I0830 15:37:05.277556  5052 solver.cpp:269] Iteration 228, lr = 1e-05
I0830 15:37:05.301055  5052 solver.cpp:117] Iteration 228, loss = 0.939267
I0830 15:37:06.003674  5052 solver.cpp:269] Iteration 229, lr = 1e-05
I0830 15:37:06.027385  5052 solver.cpp:117] Iteration 229, loss = 0.739715
I0830 15:37:06.730742  5052 solver.cpp:269] Iteration 230, lr = 1e-05
I0830 15:37:06.754258  5052 solver.cpp:117] Iteration 230, loss = 0.392802
I0830 15:37:06.754278  5052 solver.cpp:136] Iteration 230, Testing net
I0830 15:37:08.578040  5052 solver.cpp:172] Test score #0: 0.649071
I0830 15:37:08.578078  5052 solver.cpp:172] Test score #1: 0.589682
I0830 15:37:09.053253  5052 solver.cpp:269] Iteration 231, lr = 1e-05
I0830 15:37:09.076719  5052 solver.cpp:117] Iteration 231, loss = 0.596765
I0830 15:37:09.779654  5052 solver.cpp:269] Iteration 232, lr = 1e-05
I0830 15:37:09.803133  5052 solver.cpp:117] Iteration 232, loss = 0.347568
I0830 15:37:10.506170  5052 solver.cpp:269] Iteration 233, lr = 1e-05
I0830 15:37:10.529603  5052 solver.cpp:117] Iteration 233, loss = 0.614813
I0830 15:37:11.232247  5052 solver.cpp:269] Iteration 234, lr = 1e-05
I0830 15:37:11.255959  5052 solver.cpp:117] Iteration 234, loss = 0.782071
I0830 15:37:11.957942  5052 solver.cpp:269] Iteration 235, lr = 1e-05
I0830 15:37:11.981324  5052 solver.cpp:117] Iteration 235, loss = 0.396563
I0830 15:37:11.981344  5052 solver.cpp:136] Iteration 235, Testing net
I0830 15:37:13.804632  5052 solver.cpp:172] Test score #0: 0.651481
I0830 15:37:13.804669  5052 solver.cpp:172] Test score #1: 0.592912
I0830 15:37:14.279696  5052 solver.cpp:269] Iteration 236, lr = 1e-05
I0830 15:37:14.303170  5052 solver.cpp:117] Iteration 236, loss = 0.353186
I0830 15:37:15.005985  5052 solver.cpp:269] Iteration 237, lr = 1e-05
I0830 15:37:15.029415  5052 solver.cpp:117] Iteration 237, loss = 0.490296
I0830 15:37:15.731652  5052 solver.cpp:269] Iteration 238, lr = 1e-05
I0830 15:37:15.755097  5052 solver.cpp:117] Iteration 238, loss = 0.798719
I0830 15:37:16.457954  5052 solver.cpp:269] Iteration 239, lr = 1e-05
I0830 15:37:16.481407  5052 solver.cpp:117] Iteration 239, loss = 0.538674
I0830 15:37:17.183892  5052 solver.cpp:269] Iteration 240, lr = 1e-05
I0830 15:37:17.207597  5052 solver.cpp:117] Iteration 240, loss = 0.475055
I0830 15:37:17.207617  5052 solver.cpp:136] Iteration 240, Testing net
I0830 15:37:19.031085  5052 solver.cpp:172] Test score #0: 0.652062
I0830 15:37:19.031122  5052 solver.cpp:172] Test score #1: 0.59347
I0830 15:37:19.506533  5052 solver.cpp:269] Iteration 241, lr = 1e-05
I0830 15:37:19.530625  5052 solver.cpp:117] Iteration 241, loss = 0.51344
I0830 15:37:20.232658  5052 solver.cpp:269] Iteration 242, lr = 1e-05
I0830 15:37:20.256093  5052 solver.cpp:117] Iteration 242, loss = 0.428618
I0830 15:37:20.958878  5052 solver.cpp:269] Iteration 243, lr = 1e-05
I0830 15:37:20.982342  5052 solver.cpp:117] Iteration 243, loss = 0.506205
I0830 15:37:21.684849  5052 solver.cpp:269] Iteration 244, lr = 1e-05
I0830 15:37:21.708256  5052 solver.cpp:117] Iteration 244, loss = 0.464868
I0830 15:37:22.411375  5052 solver.cpp:269] Iteration 245, lr = 1e-05
I0830 15:37:22.434816  5052 solver.cpp:117] Iteration 245, loss = 0.474599
I0830 15:37:22.434835  5052 solver.cpp:136] Iteration 245, Testing net
I0830 15:37:24.259559  5052 solver.cpp:172] Test score #0: 0.653859
I0830 15:37:24.259596  5052 solver.cpp:172] Test score #1: 0.596851
I0830 15:37:24.735337  5052 solver.cpp:269] Iteration 246, lr = 1e-05
I0830 15:37:24.758821  5052 solver.cpp:117] Iteration 246, loss = 0.641806
I0830 15:37:25.460547  5052 solver.cpp:269] Iteration 247, lr = 1e-05
I0830 15:37:25.483990  5052 solver.cpp:117] Iteration 247, loss = 0.381605
I0830 15:37:26.186718  5052 solver.cpp:269] Iteration 248, lr = 1e-05
I0830 15:37:26.210192  5052 solver.cpp:117] Iteration 248, loss = 0.290055
I0830 15:37:26.913285  5052 solver.cpp:269] Iteration 249, lr = 1e-05
I0830 15:37:26.936810  5052 solver.cpp:117] Iteration 249, loss = 0.325169
I0830 15:37:27.639339  5052 solver.cpp:269] Iteration 250, lr = 1e-05
I0830 15:37:27.662818  5052 solver.cpp:117] Iteration 250, loss = 0.649346
I0830 15:37:27.662837  5052 solver.cpp:136] Iteration 250, Testing net
I0830 15:37:29.487198  5052 solver.cpp:172] Test score #0: 0.661344
I0830 15:37:29.487236  5052 solver.cpp:172] Test score #1: 0.593275
I0830 15:37:29.959434  5052 solver.cpp:269] Iteration 251, lr = 1e-05
I0830 15:37:29.982691  5052 solver.cpp:117] Iteration 251, loss = 0.45441
I0830 15:37:30.676125  5052 solver.cpp:269] Iteration 252, lr = 1e-05
I0830 15:37:30.699509  5052 solver.cpp:117] Iteration 252, loss = 0.790033
I0830 15:37:31.393134  5052 solver.cpp:269] Iteration 253, lr = 1e-05
I0830 15:37:31.416342  5052 solver.cpp:117] Iteration 253, loss = 0.317872
I0830 15:37:32.109691  5052 solver.cpp:269] Iteration 254, lr = 1e-05
I0830 15:37:32.132843  5052 solver.cpp:117] Iteration 254, loss = 0.394575
I0830 15:37:32.826814  5052 solver.cpp:269] Iteration 255, lr = 1e-05
I0830 15:37:32.850018  5052 solver.cpp:117] Iteration 255, loss = 0.497638
I0830 15:37:32.850035  5052 solver.cpp:136] Iteration 255, Testing net
I0830 15:37:34.652526  5052 solver.cpp:172] Test score #0: 0.663733
I0830 15:37:34.652562  5052 solver.cpp:172] Test score #1: 0.593928
I0830 15:37:35.122133  5052 solver.cpp:269] Iteration 256, lr = 1e-05
I0830 15:37:35.145326  5052 solver.cpp:117] Iteration 256, loss = 0.429523
I0830 15:37:35.839043  5052 solver.cpp:269] Iteration 257, lr = 1e-05
I0830 15:37:35.862259  5052 solver.cpp:117] Iteration 257, loss = 0.324585
I0830 15:37:36.556382  5052 solver.cpp:269] Iteration 258, lr = 1e-05
I0830 15:37:36.579540  5052 solver.cpp:117] Iteration 258, loss = 0.492745
I0830 15:37:37.273416  5052 solver.cpp:269] Iteration 259, lr = 1e-05
I0830 15:37:37.296672  5052 solver.cpp:117] Iteration 259, loss = 1.49942
I0830 15:37:37.990816  5052 solver.cpp:269] Iteration 260, lr = 1e-05
I0830 15:37:38.013981  5052 solver.cpp:117] Iteration 260, loss = 0.514157
I0830 15:37:38.013999  5052 solver.cpp:136] Iteration 260, Testing net
I0830 15:37:39.816331  5052 solver.cpp:172] Test score #0: 0.658324
I0830 15:37:39.816368  5052 solver.cpp:172] Test score #1: 0.588774
I0830 15:37:40.285879  5052 solver.cpp:269] Iteration 261, lr = 1e-05
I0830 15:37:40.309093  5052 solver.cpp:117] Iteration 261, loss = 0.40862
I0830 15:37:41.003453  5052 solver.cpp:269] Iteration 262, lr = 1e-05
I0830 15:37:41.026655  5052 solver.cpp:117] Iteration 262, loss = 0.563951
I0830 15:37:41.720372  5052 solver.cpp:269] Iteration 263, lr = 1e-05
I0830 15:37:41.743577  5052 solver.cpp:117] Iteration 263, loss = 0.482931
I0830 15:37:42.437865  5052 solver.cpp:269] Iteration 264, lr = 1e-05
I0830 15:37:42.461066  5052 solver.cpp:117] Iteration 264, loss = 0.340945
I0830 15:37:43.154216  5052 solver.cpp:269] Iteration 265, lr = 1e-05
I0830 15:37:43.177381  5052 solver.cpp:117] Iteration 265, loss = 0.240024
I0830 15:37:43.177397  5052 solver.cpp:136] Iteration 265, Testing net
I0830 15:37:44.978934  5052 solver.cpp:172] Test score #0: 0.642891
I0830 15:37:44.978968  5052 solver.cpp:172] Test score #1: 0.594212
I0830 15:37:45.448040  5052 solver.cpp:269] Iteration 266, lr = 1e-05
I0830 15:37:45.471204  5052 solver.cpp:117] Iteration 266, loss = 0.755481
I0830 15:37:46.165510  5052 solver.cpp:269] Iteration 267, lr = 1e-05
I0830 15:37:46.188729  5052 solver.cpp:117] Iteration 267, loss = 0.509889
I0830 15:37:46.882649  5052 solver.cpp:269] Iteration 268, lr = 1e-05
I0830 15:37:46.905848  5052 solver.cpp:117] Iteration 268, loss = 0.479819
I0830 15:37:47.598728  5052 solver.cpp:269] Iteration 269, lr = 1e-05
I0830 15:37:47.621937  5052 solver.cpp:117] Iteration 269, loss = 0.460447
I0830 15:37:48.315896  5052 solver.cpp:269] Iteration 270, lr = 1e-05
I0830 15:37:48.339090  5052 solver.cpp:117] Iteration 270, loss = 0.476097
I0830 15:37:48.339108  5052 solver.cpp:136] Iteration 270, Testing net
I0830 15:37:50.141337  5052 solver.cpp:172] Test score #0: 0.641094
I0830 15:37:50.141374  5052 solver.cpp:172] Test score #1: 0.591036
I0830 15:37:50.611289  5052 solver.cpp:269] Iteration 271, lr = 1e-05
I0830 15:37:50.634541  5052 solver.cpp:117] Iteration 271, loss = 0.512292
I0830 15:37:51.327987  5052 solver.cpp:269] Iteration 272, lr = 1e-05
I0830 15:37:51.351184  5052 solver.cpp:117] Iteration 272, loss = 0.373416
I0830 15:37:52.044728  5052 solver.cpp:269] Iteration 273, lr = 1e-05
I0830 15:37:52.067881  5052 solver.cpp:117] Iteration 273, loss = 0.400228
I0830 15:37:52.768031  5052 solver.cpp:269] Iteration 274, lr = 1e-05
I0830 15:37:52.791467  5052 solver.cpp:117] Iteration 274, loss = 0.45837
I0830 15:37:53.494060  5052 solver.cpp:269] Iteration 275, lr = 1e-05
I0830 15:37:53.517755  5052 solver.cpp:117] Iteration 275, loss = 0.949998
I0830 15:37:53.517771  5052 solver.cpp:136] Iteration 275, Testing net
I0830 15:37:55.360811  5052 solver.cpp:172] Test score #0: 0.641085
I0830 15:37:55.360848  5052 solver.cpp:172] Test score #1: 0.590069
I0830 15:37:55.841771  5052 solver.cpp:269] Iteration 276, lr = 1e-05
I0830 15:37:55.865536  5052 solver.cpp:117] Iteration 276, loss = 0.615099
I0830 15:37:56.577569  5052 solver.cpp:269] Iteration 277, lr = 1e-05
I0830 15:37:56.601352  5052 solver.cpp:117] Iteration 277, loss = 0.90097
I0830 15:37:57.312723  5052 solver.cpp:269] Iteration 278, lr = 1e-05
I0830 15:37:57.336504  5052 solver.cpp:117] Iteration 278, loss = 0.352342
I0830 15:37:58.048823  5052 solver.cpp:269] Iteration 279, lr = 1e-05
I0830 15:37:58.072589  5052 solver.cpp:117] Iteration 279, loss = 0.411533
I0830 15:37:58.784226  5052 solver.cpp:269] Iteration 280, lr = 1e-05
I0830 15:37:58.807975  5052 solver.cpp:117] Iteration 280, loss = 0.359576
I0830 15:37:58.807991  5052 solver.cpp:136] Iteration 280, Testing net
I0830 15:38:00.653324  5052 solver.cpp:172] Test score #0: 0.662525
I0830 15:38:00.653360  5052 solver.cpp:172] Test score #1: 0.591014
I0830 15:38:01.133662  5052 solver.cpp:269] Iteration 281, lr = 1e-05
I0830 15:38:01.157413  5052 solver.cpp:117] Iteration 281, loss = 0.464039
I0830 15:38:01.867992  5052 solver.cpp:269] Iteration 282, lr = 1e-05
I0830 15:38:01.891700  5052 solver.cpp:117] Iteration 282, loss = 0.666863
I0830 15:38:02.602634  5052 solver.cpp:269] Iteration 283, lr = 1e-05
I0830 15:38:02.626391  5052 solver.cpp:117] Iteration 283, loss = 0.459938
I0830 15:38:03.337582  5052 solver.cpp:269] Iteration 284, lr = 1e-05
I0830 15:38:03.361315  5052 solver.cpp:117] Iteration 284, loss = 0.706835
I0830 15:38:04.072660  5052 solver.cpp:269] Iteration 285, lr = 1e-05
I0830 15:38:04.096431  5052 solver.cpp:117] Iteration 285, loss = 0.323115
I0830 15:38:04.096446  5052 solver.cpp:136] Iteration 285, Testing net
I0830 15:38:05.941417  5052 solver.cpp:172] Test score #0: 0.661916
I0830 15:38:05.941450  5052 solver.cpp:172] Test score #1: 0.590893
I0830 15:38:06.421929  5052 solver.cpp:269] Iteration 286, lr = 1e-05
I0830 15:38:06.445658  5052 solver.cpp:117] Iteration 286, loss = 0.430944
I0830 15:38:07.156177  5052 solver.cpp:269] Iteration 287, lr = 1e-05
I0830 15:38:07.179908  5052 solver.cpp:117] Iteration 287, loss = 0.336262
I0830 15:38:07.891122  5052 solver.cpp:269] Iteration 288, lr = 1e-05
I0830 15:38:07.914918  5052 solver.cpp:117] Iteration 288, loss = 0.897018
I0830 15:38:08.624423  5052 solver.cpp:269] Iteration 289, lr = 1e-05
I0830 15:38:08.648202  5052 solver.cpp:117] Iteration 289, loss = 0.804125
I0830 15:38:09.359769  5052 solver.cpp:269] Iteration 290, lr = 1e-05
I0830 15:38:09.383523  5052 solver.cpp:117] Iteration 290, loss = 0.699611
I0830 15:38:09.383540  5052 solver.cpp:136] Iteration 290, Testing net
I0830 15:38:11.217152  5052 solver.cpp:172] Test score #0: 0.661312
I0830 15:38:11.217190  5052 solver.cpp:172] Test score #1: 0.588452
I0830 15:38:11.692025  5052 solver.cpp:269] Iteration 291, lr = 1e-05
I0830 15:38:11.715718  5052 solver.cpp:117] Iteration 291, loss = 0.427825
I0830 15:38:12.418108  5052 solver.cpp:269] Iteration 292, lr = 1e-05
I0830 15:38:12.441612  5052 solver.cpp:117] Iteration 292, loss = 0.376098
I0830 15:38:13.144052  5052 solver.cpp:269] Iteration 293, lr = 1e-05
I0830 15:38:13.167477  5052 solver.cpp:117] Iteration 293, loss = 0.575583
I0830 15:38:13.870085  5052 solver.cpp:269] Iteration 294, lr = 1e-05
I0830 15:38:13.893538  5052 solver.cpp:117] Iteration 294, loss = 0.437921
I0830 15:38:14.596196  5052 solver.cpp:269] Iteration 295, lr = 1e-05
I0830 15:38:14.619700  5052 solver.cpp:117] Iteration 295, loss = 0.29375
I0830 15:38:14.619719  5052 solver.cpp:136] Iteration 295, Testing net
I0830 15:38:16.443198  5052 solver.cpp:172] Test score #0: 0.663115
I0830 15:38:16.443233  5052 solver.cpp:172] Test score #1: 0.594837
I0830 15:38:16.917788  5052 solver.cpp:269] Iteration 296, lr = 1e-05
I0830 15:38:16.941237  5052 solver.cpp:117] Iteration 296, loss = 0.809505
I0830 15:38:17.643678  5052 solver.cpp:269] Iteration 297, lr = 1e-05
I0830 15:38:17.667068  5052 solver.cpp:117] Iteration 297, loss = 0.653324
I0830 15:38:18.369735  5052 solver.cpp:269] Iteration 298, lr = 1e-05
I0830 15:38:18.393175  5052 solver.cpp:117] Iteration 298, loss = 0.595266
I0830 15:38:19.095813  5052 solver.cpp:269] Iteration 299, lr = 1e-05
I0830 15:38:19.119251  5052 solver.cpp:117] Iteration 299, loss = 0.509737
I0830 15:38:19.821723  5052 solver.cpp:269] Iteration 300, lr = 1e-05
I0830 15:38:19.845142  5052 solver.cpp:117] Iteration 300, loss = 0.351404
I0830 15:38:19.845160  5052 solver.cpp:136] Iteration 300, Testing net
I0830 15:38:21.667760  5052 solver.cpp:172] Test score #0: 0.662517
I0830 15:38:21.667798  5052 solver.cpp:172] Test score #1: 0.593087
I0830 15:38:22.142959  5052 solver.cpp:269] Iteration 301, lr = 1e-05
I0830 15:38:22.166445  5052 solver.cpp:117] Iteration 301, loss = 0.625835
I0830 15:38:22.869138  5052 solver.cpp:269] Iteration 302, lr = 1e-05
I0830 15:38:22.892822  5052 solver.cpp:117] Iteration 302, loss = 0.671214
I0830 15:38:23.595441  5052 solver.cpp:269] Iteration 303, lr = 1e-05
I0830 15:38:23.618929  5052 solver.cpp:117] Iteration 303, loss = 0.254837
I0830 15:38:24.321202  5052 solver.cpp:269] Iteration 304, lr = 1e-05
I0830 15:38:24.344646  5052 solver.cpp:117] Iteration 304, loss = 0.48423
I0830 15:38:25.047036  5052 solver.cpp:269] Iteration 305, lr = 1e-05
I0830 15:38:25.070513  5052 solver.cpp:117] Iteration 305, loss = 0.683272
I0830 15:38:25.070529  5052 solver.cpp:136] Iteration 305, Testing net
I0830 15:38:26.893321  5052 solver.cpp:172] Test score #0: 0.662514
I0830 15:38:26.893358  5052 solver.cpp:172] Test score #1: 0.591588
I0830 15:38:27.368499  5052 solver.cpp:269] Iteration 306, lr = 1e-05
I0830 15:38:27.391932  5052 solver.cpp:117] Iteration 306, loss = 0.549881
I0830 15:38:28.094091  5052 solver.cpp:269] Iteration 307, lr = 1e-05
I0830 15:38:28.117573  5052 solver.cpp:117] Iteration 307, loss = 0.57636
I0830 15:38:28.819900  5052 solver.cpp:269] Iteration 308, lr = 1e-05
I0830 15:38:28.843371  5052 solver.cpp:117] Iteration 308, loss = 0.374261
I0830 15:38:29.546154  5052 solver.cpp:269] Iteration 309, lr = 1e-05
I0830 15:38:29.569597  5052 solver.cpp:117] Iteration 309, loss = 0.595057
I0830 15:38:30.272307  5052 solver.cpp:269] Iteration 310, lr = 1e-05
I0830 15:38:30.295749  5052 solver.cpp:117] Iteration 310, loss = 0.447195
I0830 15:38:30.295766  5052 solver.cpp:136] Iteration 310, Testing net
I0830 15:38:32.119267  5052 solver.cpp:172] Test score #0: 0.662505
I0830 15:38:32.119302  5052 solver.cpp:172] Test score #1: 0.591583
I0830 15:38:32.592995  5052 solver.cpp:269] Iteration 311, lr = 1e-05
I0830 15:38:32.616472  5052 solver.cpp:117] Iteration 311, loss = 0.376608
I0830 15:38:33.318845  5052 solver.cpp:269] Iteration 312, lr = 1e-05
I0830 15:38:33.342313  5052 solver.cpp:117] Iteration 312, loss = 0.390282
I0830 15:38:34.044555  5052 solver.cpp:269] Iteration 313, lr = 1e-05
I0830 15:38:34.067996  5052 solver.cpp:117] Iteration 313, loss = 0.635393
I0830 15:38:34.770874  5052 solver.cpp:269] Iteration 314, lr = 1e-05
I0830 15:38:34.794288  5052 solver.cpp:117] Iteration 314, loss = 0.449984
I0830 15:38:35.496512  5052 solver.cpp:269] Iteration 315, lr = 1e-05
I0830 15:38:35.519942  5052 solver.cpp:117] Iteration 315, loss = 0.572174
I0830 15:38:35.519958  5052 solver.cpp:136] Iteration 315, Testing net
I0830 15:38:37.343744  5052 solver.cpp:172] Test score #0: 0.66371
I0830 15:38:37.343780  5052 solver.cpp:172] Test score #1: 0.592015
I0830 15:38:37.818105  5052 solver.cpp:269] Iteration 316, lr = 1e-05
I0830 15:38:37.841511  5052 solver.cpp:117] Iteration 316, loss = 0.398192
I0830 15:38:38.543722  5052 solver.cpp:269] Iteration 317, lr = 1e-05
I0830 15:38:38.567179  5052 solver.cpp:117] Iteration 317, loss = 0.355781
I0830 15:38:39.268836  5052 solver.cpp:269] Iteration 318, lr = 1e-05
I0830 15:38:39.292301  5052 solver.cpp:117] Iteration 318, loss = 0.442322
I0830 15:38:39.994863  5052 solver.cpp:269] Iteration 319, lr = 1e-05
I0830 15:38:40.018280  5052 solver.cpp:117] Iteration 319, loss = 0.496775
I0830 15:38:40.720563  5052 solver.cpp:269] Iteration 320, lr = 1e-05
I0830 15:38:40.744056  5052 solver.cpp:117] Iteration 320, loss = 0.507269
I0830 15:38:40.744073  5052 solver.cpp:136] Iteration 320, Testing net
I0830 15:38:42.568003  5052 solver.cpp:172] Test score #0: 0.66371
I0830 15:38:42.568037  5052 solver.cpp:172] Test score #1: 0.593121
I0830 15:38:43.041272  5052 solver.cpp:269] Iteration 321, lr = 1e-05
I0830 15:38:43.064724  5052 solver.cpp:117] Iteration 321, loss = 0.421498
I0830 15:38:43.766835  5052 solver.cpp:269] Iteration 322, lr = 1e-05
I0830 15:38:43.790278  5052 solver.cpp:117] Iteration 322, loss = 0.605559
I0830 15:38:44.492393  5052 solver.cpp:269] Iteration 323, lr = 1e-05
I0830 15:38:44.515785  5052 solver.cpp:117] Iteration 323, loss = 0.418282
I0830 15:38:45.218045  5052 solver.cpp:269] Iteration 324, lr = 1e-05
I0830 15:38:45.241516  5052 solver.cpp:117] Iteration 324, loss = 0.32379
I0830 15:38:45.944056  5052 solver.cpp:269] Iteration 325, lr = 1e-05
I0830 15:38:45.967505  5052 solver.cpp:117] Iteration 325, loss = 0.627689
I0830 15:38:45.967524  5052 solver.cpp:136] Iteration 325, Testing net
I0830 15:38:47.790802  5052 solver.cpp:172] Test score #0: 0.66371
I0830 15:38:47.790839  5052 solver.cpp:172] Test score #1: 0.595081
I0830 15:38:48.265269  5052 solver.cpp:269] Iteration 326, lr = 1e-05
I0830 15:38:48.288925  5052 solver.cpp:117] Iteration 326, loss = 0.773389
I0830 15:38:48.991291  5052 solver.cpp:269] Iteration 327, lr = 1e-05
I0830 15:38:49.014721  5052 solver.cpp:117] Iteration 327, loss = 0.665121
I0830 15:38:49.717136  5052 solver.cpp:269] Iteration 328, lr = 1e-05
I0830 15:38:49.740654  5052 solver.cpp:117] Iteration 328, loss = 0.30434
I0830 15:38:50.443517  5052 solver.cpp:269] Iteration 329, lr = 1e-05
I0830 15:38:50.466986  5052 solver.cpp:117] Iteration 329, loss = 0.324131
I0830 15:38:51.168920  5052 solver.cpp:269] Iteration 330, lr = 1e-05
I0830 15:38:51.192332  5052 solver.cpp:117] Iteration 330, loss = 0.359291
I0830 15:38:51.192349  5052 solver.cpp:136] Iteration 330, Testing net
I0830 15:38:53.016024  5052 solver.cpp:172] Test score #0: 0.664918
I0830 15:38:53.016059  5052 solver.cpp:172] Test score #1: 0.597135
I0830 15:38:53.489682  5052 solver.cpp:269] Iteration 331, lr = 1e-05
I0830 15:38:53.513115  5052 solver.cpp:117] Iteration 331, loss = 0.642479
I0830 15:38:54.215876  5052 solver.cpp:269] Iteration 332, lr = 1e-05
I0830 15:38:54.239322  5052 solver.cpp:117] Iteration 332, loss = 0.2755
I0830 15:38:54.941061  5052 solver.cpp:269] Iteration 333, lr = 1e-05
I0830 15:38:54.964721  5052 solver.cpp:117] Iteration 333, loss = 0.321193
I0830 15:38:55.666882  5052 solver.cpp:269] Iteration 334, lr = 1e-05
I0830 15:38:55.690381  5052 solver.cpp:117] Iteration 334, loss = 0.508872
I0830 15:38:56.392931  5052 solver.cpp:269] Iteration 335, lr = 1e-05
I0830 15:38:56.416368  5052 solver.cpp:117] Iteration 335, loss = 0.437689
I0830 15:38:56.416385  5052 solver.cpp:136] Iteration 335, Testing net
I0830 15:38:58.239246  5052 solver.cpp:172] Test score #0: 0.665516
I0830 15:38:58.239282  5052 solver.cpp:172] Test score #1: 0.600097
I0830 15:38:58.713495  5052 solver.cpp:269] Iteration 336, lr = 1e-05
I0830 15:38:58.736968  5052 solver.cpp:117] Iteration 336, loss = 0.51154
I0830 15:38:59.438220  5052 solver.cpp:269] Iteration 337, lr = 1e-05
I0830 15:38:59.461717  5052 solver.cpp:117] Iteration 337, loss = 0.395092
I0830 15:39:00.164782  5052 solver.cpp:269] Iteration 338, lr = 1e-05
I0830 15:39:00.188262  5052 solver.cpp:117] Iteration 338, loss = 0.467331
I0830 15:39:00.890187  5052 solver.cpp:269] Iteration 339, lr = 1e-05
I0830 15:39:00.913650  5052 solver.cpp:117] Iteration 339, loss = 0.614699
I0830 15:39:01.614699  5052 solver.cpp:269] Iteration 340, lr = 1e-05
I0830 15:39:01.638372  5052 solver.cpp:117] Iteration 340, loss = 0.4428
I0830 15:39:01.638391  5052 solver.cpp:136] Iteration 340, Testing net
I0830 15:39:03.460923  5052 solver.cpp:172] Test score #0: 0.665524
I0830 15:39:03.460959  5052 solver.cpp:172] Test score #1: 0.600731
I0830 15:39:03.935745  5052 solver.cpp:269] Iteration 341, lr = 1e-05
I0830 15:39:03.959213  5052 solver.cpp:117] Iteration 341, loss = 0.203132
I0830 15:39:04.661839  5052 solver.cpp:269] Iteration 342, lr = 1e-05
I0830 15:39:04.685348  5052 solver.cpp:117] Iteration 342, loss = 0.536118
I0830 15:39:05.387737  5052 solver.cpp:269] Iteration 343, lr = 1e-05
I0830 15:39:05.411160  5052 solver.cpp:117] Iteration 343, loss = 0.549851
I0830 15:39:06.113756  5052 solver.cpp:269] Iteration 344, lr = 1e-05
I0830 15:39:06.137184  5052 solver.cpp:117] Iteration 344, loss = 0.277709
I0830 15:39:06.839655  5052 solver.cpp:269] Iteration 345, lr = 1e-05
I0830 15:39:06.863157  5052 solver.cpp:117] Iteration 345, loss = 0.618292
I0830 15:39:06.863174  5052 solver.cpp:136] Iteration 345, Testing net
I0830 15:39:08.685694  5052 solver.cpp:172] Test score #0: 0.647101
I0830 15:39:08.685727  5052 solver.cpp:172] Test score #1: 0.604785
I0830 15:39:09.160559  5052 solver.cpp:269] Iteration 346, lr = 1e-05
I0830 15:39:09.183985  5052 solver.cpp:117] Iteration 346, loss = 0.318956
I0830 15:39:09.885886  5052 solver.cpp:269] Iteration 347, lr = 1e-05
I0830 15:39:09.909364  5052 solver.cpp:117] Iteration 347, loss = 0.700732
I0830 15:39:10.611665  5052 solver.cpp:269] Iteration 348, lr = 1e-05
I0830 15:39:10.635124  5052 solver.cpp:117] Iteration 348, loss = 0.388446
I0830 15:39:11.336349  5052 solver.cpp:269] Iteration 349, lr = 1e-05
I0830 15:39:11.359810  5052 solver.cpp:117] Iteration 349, loss = 0.422264
I0830 15:39:12.062229  5052 solver.cpp:269] Iteration 350, lr = 1e-05
I0830 15:39:12.085721  5052 solver.cpp:117] Iteration 350, loss = 0.489643
I0830 15:39:12.085737  5052 solver.cpp:136] Iteration 350, Testing net
I0830 15:39:13.907737  5052 solver.cpp:172] Test score #0: 0.634637
I0830 15:39:13.907775  5052 solver.cpp:172] Test score #1: 0.623424
I0830 15:39:14.382622  5052 solver.cpp:269] Iteration 351, lr = 1e-05
I0830 15:39:14.406312  5052 solver.cpp:117] Iteration 351, loss = 0.213421
I0830 15:39:15.108891  5052 solver.cpp:269] Iteration 352, lr = 1e-05
I0830 15:39:15.132439  5052 solver.cpp:117] Iteration 352, loss = 0.542463
I0830 15:39:15.834506  5052 solver.cpp:269] Iteration 353, lr = 1e-05
I0830 15:39:15.857965  5052 solver.cpp:117] Iteration 353, loss = 0.592566
I0830 15:39:16.560638  5052 solver.cpp:269] Iteration 354, lr = 1e-05
I0830 15:39:16.584096  5052 solver.cpp:117] Iteration 354, loss = 0.373594
I0830 15:39:17.286633  5052 solver.cpp:269] Iteration 355, lr = 1e-05
I0830 15:39:17.310134  5052 solver.cpp:117] Iteration 355, loss = 0.496694
I0830 15:39:17.310152  5052 solver.cpp:136] Iteration 355, Testing net
I0830 15:39:19.131392  5052 solver.cpp:172] Test score #0: 0.634037
I0830 15:39:19.131428  5052 solver.cpp:172] Test score #1: 0.62183
I0830 15:39:19.606251  5052 solver.cpp:269] Iteration 356, lr = 1e-05
I0830 15:39:19.629675  5052 solver.cpp:117] Iteration 356, loss = 0.394797
I0830 15:39:20.332432  5052 solver.cpp:269] Iteration 357, lr = 1e-05
I0830 15:39:20.355844  5052 solver.cpp:117] Iteration 357, loss = 0.226948
I0830 15:39:21.058259  5052 solver.cpp:269] Iteration 358, lr = 1e-05
I0830 15:39:21.081696  5052 solver.cpp:117] Iteration 358, loss = 0.908236
I0830 15:39:21.783478  5052 solver.cpp:269] Iteration 359, lr = 1e-05
I0830 15:39:21.806946  5052 solver.cpp:117] Iteration 359, loss = 0.655749
I0830 15:39:22.509542  5052 solver.cpp:269] Iteration 360, lr = 1e-05
I0830 15:39:22.533011  5052 solver.cpp:117] Iteration 360, loss = 0.511656
I0830 15:39:22.533030  5052 solver.cpp:136] Iteration 360, Testing net
I0830 15:39:24.356740  5052 solver.cpp:172] Test score #0: 0.659074
I0830 15:39:24.356778  5052 solver.cpp:172] Test score #1: 0.622553
I0830 15:39:24.831146  5052 solver.cpp:269] Iteration 361, lr = 1e-05
I0830 15:39:24.854620  5052 solver.cpp:117] Iteration 361, loss = 0.439915
I0830 15:39:25.557462  5052 solver.cpp:269] Iteration 362, lr = 1e-05
I0830 15:39:25.580898  5052 solver.cpp:117] Iteration 362, loss = 0.356928
I0830 15:39:26.283395  5052 solver.cpp:269] Iteration 363, lr = 1e-05
I0830 15:39:26.306874  5052 solver.cpp:117] Iteration 363, loss = 0.377914
I0830 15:39:27.009516  5052 solver.cpp:269] Iteration 364, lr = 1e-05
I0830 15:39:27.032949  5052 solver.cpp:117] Iteration 364, loss = 0.676066
I0830 15:39:27.735610  5052 solver.cpp:269] Iteration 365, lr = 1e-05
I0830 15:39:27.759291  5052 solver.cpp:117] Iteration 365, loss = 0.95728
I0830 15:39:27.759310  5052 solver.cpp:136] Iteration 365, Testing net
I0830 15:39:29.583204  5052 solver.cpp:172] Test score #0: 0.644206
I0830 15:39:29.583240  5052 solver.cpp:172] Test score #1: 0.645098
I0830 15:39:30.057885  5052 solver.cpp:269] Iteration 366, lr = 1e-05
I0830 15:39:30.081326  5052 solver.cpp:117] Iteration 366, loss = 0.532519
I0830 15:39:30.783573  5052 solver.cpp:269] Iteration 367, lr = 1e-05
I0830 15:39:30.807042  5052 solver.cpp:117] Iteration 367, loss = 0.303749
I0830 15:39:31.509424  5052 solver.cpp:269] Iteration 368, lr = 1e-05
I0830 15:39:31.532893  5052 solver.cpp:117] Iteration 368, loss = 0.372639
I0830 15:39:32.235745  5052 solver.cpp:269] Iteration 369, lr = 1e-05
I0830 15:39:32.259198  5052 solver.cpp:117] Iteration 369, loss = 0.464541
I0830 15:39:32.960711  5052 solver.cpp:269] Iteration 370, lr = 1e-05
I0830 15:39:32.984379  5052 solver.cpp:117] Iteration 370, loss = 0.305989
I0830 15:39:32.984396  5052 solver.cpp:136] Iteration 370, Testing net
I0830 15:39:34.808356  5052 solver.cpp:172] Test score #0: 0.645408
I0830 15:39:34.808392  5052 solver.cpp:172] Test score #1: 0.650547
I0830 15:39:35.283386  5052 solver.cpp:269] Iteration 371, lr = 1e-05
I0830 15:39:35.306913  5052 solver.cpp:117] Iteration 371, loss = 0.871968
I0830 15:39:36.009548  5052 solver.cpp:269] Iteration 372, lr = 1e-05
I0830 15:39:36.033004  5052 solver.cpp:117] Iteration 372, loss = 0.740759
I0830 15:39:36.735481  5052 solver.cpp:269] Iteration 373, lr = 1e-05
I0830 15:39:36.758952  5052 solver.cpp:117] Iteration 373, loss = 0.765221
I0830 15:39:37.461455  5052 solver.cpp:269] Iteration 374, lr = 1e-05
I0830 15:39:37.484899  5052 solver.cpp:117] Iteration 374, loss = 0.367291
I0830 15:39:38.186724  5052 solver.cpp:269] Iteration 375, lr = 1e-05
I0830 15:39:38.210393  5052 solver.cpp:117] Iteration 375, loss = 0.631975
I0830 15:39:38.210410  5052 solver.cpp:136] Iteration 375, Testing net
I0830 15:39:40.035235  5052 solver.cpp:172] Test score #0: 0.640586
I0830 15:39:40.035271  5052 solver.cpp:172] Test score #1: 0.639796
I0830 15:39:40.510345  5052 solver.cpp:269] Iteration 376, lr = 1e-05
I0830 15:39:40.533784  5052 solver.cpp:117] Iteration 376, loss = 0.523646
I0830 15:39:41.236179  5052 solver.cpp:269] Iteration 377, lr = 1e-05
I0830 15:39:41.259613  5052 solver.cpp:117] Iteration 377, loss = 0.313397
I0830 15:39:41.961345  5052 solver.cpp:269] Iteration 378, lr = 1e-05
I0830 15:39:41.984837  5052 solver.cpp:117] Iteration 378, loss = 0.294138
I0830 15:39:42.687172  5052 solver.cpp:269] Iteration 379, lr = 1e-05
I0830 15:39:42.710593  5052 solver.cpp:117] Iteration 379, loss = 0.603635
I0830 15:39:43.413157  5052 solver.cpp:269] Iteration 380, lr = 1e-05
I0830 15:39:43.436591  5052 solver.cpp:117] Iteration 380, loss = 0.804734
I0830 15:39:43.436609  5052 solver.cpp:136] Iteration 380, Testing net
I0830 15:39:45.261477  5052 solver.cpp:172] Test score #0: 0.641178
I0830 15:39:45.261514  5052 solver.cpp:172] Test score #1: 0.640886
I0830 15:39:45.735738  5052 solver.cpp:269] Iteration 381, lr = 1e-05
I0830 15:39:45.759410  5052 solver.cpp:117] Iteration 381, loss = 0.845347
I0830 15:39:46.462133  5052 solver.cpp:269] Iteration 382, lr = 1e-05
I0830 15:39:46.485589  5052 solver.cpp:117] Iteration 382, loss = 0.350753
I0830 15:39:47.188395  5052 solver.cpp:269] Iteration 383, lr = 1e-05
I0830 15:39:47.212100  5052 solver.cpp:117] Iteration 383, loss = 0.354692
I0830 15:39:47.914649  5052 solver.cpp:269] Iteration 384, lr = 1e-05
I0830 15:39:47.938104  5052 solver.cpp:117] Iteration 384, loss = 0.318777
I0830 15:39:48.640925  5052 solver.cpp:269] Iteration 385, lr = 1e-05
I0830 15:39:48.664605  5052 solver.cpp:117] Iteration 385, loss = 0.646644
I0830 15:39:48.664624  5052 solver.cpp:136] Iteration 385, Testing net
I0830 15:39:50.488564  5052 solver.cpp:172] Test score #0: 0.641779
I0830 15:39:50.488601  5052 solver.cpp:172] Test score #1: 0.641287
I0830 15:39:50.962997  5052 solver.cpp:269] Iteration 386, lr = 1e-05
I0830 15:39:50.986707  5052 solver.cpp:117] Iteration 386, loss = 0.480047
I0830 15:39:51.689457  5052 solver.cpp:269] Iteration 387, lr = 1e-05
I0830 15:39:51.713119  5052 solver.cpp:117] Iteration 387, loss = 0.331053
I0830 15:39:52.415678  5052 solver.cpp:269] Iteration 388, lr = 1e-05
I0830 15:39:52.439381  5052 solver.cpp:117] Iteration 388, loss = 0.538109
I0830 15:39:53.141475  5052 solver.cpp:269] Iteration 389, lr = 1e-05
I0830 15:39:53.164930  5052 solver.cpp:117] Iteration 389, loss = 0.832777
I0830 15:39:53.867929  5052 solver.cpp:269] Iteration 390, lr = 1e-05
I0830 15:39:53.891362  5052 solver.cpp:117] Iteration 390, loss = 0.485143
I0830 15:39:53.891381  5052 solver.cpp:136] Iteration 390, Testing net
I0830 15:39:55.715512  5052 solver.cpp:172] Test score #0: 0.641178
I0830 15:39:55.715548  5052 solver.cpp:172] Test score #1: 0.63913
I0830 15:39:56.190008  5052 solver.cpp:269] Iteration 391, lr = 1e-05
I0830 15:39:56.213539  5052 solver.cpp:117] Iteration 391, loss = 0.641945
I0830 15:39:56.915845  5052 solver.cpp:269] Iteration 392, lr = 1e-05
I0830 15:39:56.939262  5052 solver.cpp:117] Iteration 392, loss = 0.406814
I0830 15:39:57.641376  5052 solver.cpp:269] Iteration 393, lr = 1e-05
I0830 15:39:57.665055  5052 solver.cpp:117] Iteration 393, loss = 0.597672
I0830 15:39:58.367699  5052 solver.cpp:269] Iteration 394, lr = 1e-05
I0830 15:39:58.391196  5052 solver.cpp:117] Iteration 394, loss = 0.369249
I0830 15:39:59.093782  5052 solver.cpp:269] Iteration 395, lr = 1e-05
I0830 15:39:59.117286  5052 solver.cpp:117] Iteration 395, loss = 0.452789
I0830 15:39:59.117305  5052 solver.cpp:136] Iteration 395, Testing net
Terminated
Done.
