nohup: ignoring input
I0828 06:04:05.734571  6902 finetune_net.cpp:25] Starting Optimization
I0828 06:04:05.734673  6902 solver.cpp:42] Creating training net.
I0828 06:04:05.735261  6902 net.cpp:76] Creating Layer data
I0828 06:04:05.735276  6902 net.cpp:112] data -> data
I0828 06:04:05.735296  6902 net.cpp:112] data -> label
I0828 06:04:05.735330  6902 data_layer.cpp:145] Opening leveldb clampdet_os_train_leveldb
I0828 06:04:05.773411  6902 data_layer.cpp:185] output data size: 128,3,227,227
I0828 06:04:05.773432  6902 data_layer.cpp:204] Loading mean file from../../data/clampdet_os/clampdet_os_mean.binaryproto
I0828 06:04:06.019958  6902 net.cpp:127] Top shape: 128 3 227 227 (19787136)
I0828 06:04:06.019989  6902 net.cpp:127] Top shape: 128 1 1 1 (128)
I0828 06:04:06.019996  6902 net.cpp:158] data does not need backward computation.
I0828 06:04:06.020011  6902 net.cpp:76] Creating Layer conv1
I0828 06:04:06.020017  6902 net.cpp:86] conv1 <- data
I0828 06:04:06.020032  6902 net.cpp:112] conv1 -> conv1
I0828 06:04:06.021488  6902 net.cpp:127] Top shape: 128 96 55 55 (37171200)
I0828 06:04:06.021505  6902 net.cpp:153] conv1 needs backward computation.
I0828 06:04:06.021513  6902 net.cpp:76] Creating Layer relu1
I0828 06:04:06.021518  6902 net.cpp:86] relu1 <- conv1
I0828 06:04:06.021524  6902 net.cpp:100] relu1 -> conv1 (in-place)
I0828 06:04:06.021531  6902 net.cpp:127] Top shape: 128 96 55 55 (37171200)
I0828 06:04:06.021536  6902 net.cpp:153] relu1 needs backward computation.
I0828 06:04:06.021543  6902 net.cpp:76] Creating Layer pool1
I0828 06:04:06.021546  6902 net.cpp:86] pool1 <- conv1
I0828 06:04:06.021551  6902 net.cpp:112] pool1 -> pool1
I0828 06:04:06.021563  6902 net.cpp:127] Top shape: 128 96 27 27 (8957952)
I0828 06:04:06.021574  6902 net.cpp:153] pool1 needs backward computation.
I0828 06:04:06.021595  6902 net.cpp:76] Creating Layer norm1
I0828 06:04:06.021605  6902 net.cpp:86] norm1 <- pool1
I0828 06:04:06.021613  6902 net.cpp:112] norm1 -> norm1
I0828 06:04:06.021627  6902 net.cpp:127] Top shape: 128 96 27 27 (8957952)
I0828 06:04:06.021637  6902 net.cpp:153] norm1 needs backward computation.
I0828 06:04:06.021649  6902 net.cpp:76] Creating Layer conv2
I0828 06:04:06.021657  6902 net.cpp:86] conv2 <- norm1
I0828 06:04:06.021672  6902 net.cpp:112] conv2 -> conv2
I0828 06:04:06.034060  6902 net.cpp:127] Top shape: 128 256 27 27 (23887872)
I0828 06:04:06.034083  6902 net.cpp:153] conv2 needs backward computation.
I0828 06:04:06.034092  6902 net.cpp:76] Creating Layer relu2
I0828 06:04:06.034098  6902 net.cpp:86] relu2 <- conv2
I0828 06:04:06.034106  6902 net.cpp:100] relu2 -> conv2 (in-place)
I0828 06:04:06.034116  6902 net.cpp:127] Top shape: 128 256 27 27 (23887872)
I0828 06:04:06.034123  6902 net.cpp:153] relu2 needs backward computation.
I0828 06:04:06.034133  6902 net.cpp:76] Creating Layer pool2
I0828 06:04:06.034142  6902 net.cpp:86] pool2 <- conv2
I0828 06:04:06.034150  6902 net.cpp:112] pool2 -> pool2
I0828 06:04:06.034160  6902 net.cpp:127] Top shape: 128 256 13 13 (5537792)
I0828 06:04:06.034169  6902 net.cpp:153] pool2 needs backward computation.
I0828 06:04:06.034183  6902 net.cpp:76] Creating Layer norm2
I0828 06:04:06.034191  6902 net.cpp:86] norm2 <- pool2
I0828 06:04:06.034200  6902 net.cpp:112] norm2 -> norm2
I0828 06:04:06.034210  6902 net.cpp:127] Top shape: 128 256 13 13 (5537792)
I0828 06:04:06.034219  6902 net.cpp:153] norm2 needs backward computation.
I0828 06:04:06.034230  6902 net.cpp:76] Creating Layer conv3
I0828 06:04:06.034240  6902 net.cpp:86] conv3 <- norm2
I0828 06:04:06.034248  6902 net.cpp:112] conv3 -> conv3
I0828 06:04:06.070320  6902 net.cpp:127] Top shape: 128 384 13 13 (8306688)
I0828 06:04:06.070348  6902 net.cpp:153] conv3 needs backward computation.
I0828 06:04:06.070358  6902 net.cpp:76] Creating Layer relu3
I0828 06:04:06.070363  6902 net.cpp:86] relu3 <- conv3
I0828 06:04:06.070371  6902 net.cpp:100] relu3 -> conv3 (in-place)
I0828 06:04:06.070380  6902 net.cpp:127] Top shape: 128 384 13 13 (8306688)
I0828 06:04:06.070389  6902 net.cpp:153] relu3 needs backward computation.
I0828 06:04:06.070399  6902 net.cpp:76] Creating Layer conv4
I0828 06:04:06.070406  6902 net.cpp:86] conv4 <- conv3
I0828 06:04:06.070415  6902 net.cpp:112] conv4 -> conv4
I0828 06:04:06.097483  6902 net.cpp:127] Top shape: 128 384 13 13 (8306688)
I0828 06:04:06.097511  6902 net.cpp:153] conv4 needs backward computation.
I0828 06:04:06.097519  6902 net.cpp:76] Creating Layer relu4
I0828 06:04:06.097525  6902 net.cpp:86] relu4 <- conv4
I0828 06:04:06.097533  6902 net.cpp:100] relu4 -> conv4 (in-place)
I0828 06:04:06.097539  6902 net.cpp:127] Top shape: 128 384 13 13 (8306688)
I0828 06:04:06.097548  6902 net.cpp:153] relu4 needs backward computation.
I0828 06:04:06.097558  6902 net.cpp:76] Creating Layer conv5
I0828 06:04:06.097565  6902 net.cpp:86] conv5 <- conv4
I0828 06:04:06.097573  6902 net.cpp:112] conv5 -> conv5
I0828 06:04:06.115653  6902 net.cpp:127] Top shape: 128 256 13 13 (5537792)
I0828 06:04:06.115680  6902 net.cpp:153] conv5 needs backward computation.
I0828 06:04:06.115689  6902 net.cpp:76] Creating Layer relu5
I0828 06:04:06.115695  6902 net.cpp:86] relu5 <- conv5
I0828 06:04:06.115702  6902 net.cpp:100] relu5 -> conv5 (in-place)
I0828 06:04:06.115708  6902 net.cpp:127] Top shape: 128 256 13 13 (5537792)
I0828 06:04:06.115713  6902 net.cpp:153] relu5 needs backward computation.
I0828 06:04:06.115720  6902 net.cpp:76] Creating Layer pool5
I0828 06:04:06.115723  6902 net.cpp:86] pool5 <- conv5
I0828 06:04:06.115728  6902 net.cpp:112] pool5 -> pool5
I0828 06:04:06.115736  6902 net.cpp:127] Top shape: 128 256 6 6 (1179648)
I0828 06:04:06.115741  6902 net.cpp:153] pool5 needs backward computation.
I0828 06:04:06.115749  6902 net.cpp:76] Creating Layer fc6_new
I0828 06:04:06.115754  6902 net.cpp:86] fc6_new <- pool5
I0828 06:04:06.115759  6902 net.cpp:112] fc6_new -> fc6_new
I0828 06:04:07.645416  6902 net.cpp:127] Top shape: 128 4096 1 1 (524288)
I0828 06:04:07.645442  6902 net.cpp:153] fc6_new needs backward computation.
I0828 06:04:07.645453  6902 net.cpp:76] Creating Layer relu6
I0828 06:04:07.645460  6902 net.cpp:86] relu6 <- fc6_new
I0828 06:04:07.645467  6902 net.cpp:100] relu6 -> fc6_new (in-place)
I0828 06:04:07.645473  6902 net.cpp:127] Top shape: 128 4096 1 1 (524288)
I0828 06:04:07.645478  6902 net.cpp:153] relu6 needs backward computation.
I0828 06:04:07.645484  6902 net.cpp:76] Creating Layer drop6
I0828 06:04:07.645488  6902 net.cpp:86] drop6 <- fc6_new
I0828 06:04:07.645493  6902 net.cpp:100] drop6 -> fc6_new (in-place)
I0828 06:04:07.645506  6902 net.cpp:127] Top shape: 128 4096 1 1 (524288)
I0828 06:04:07.645511  6902 net.cpp:153] drop6 needs backward computation.
I0828 06:04:07.645519  6902 net.cpp:76] Creating Layer fc7_new
I0828 06:04:07.645522  6902 net.cpp:86] fc7_new <- fc6_new
I0828 06:04:07.645527  6902 net.cpp:112] fc7_new -> fc7_new
I0828 06:04:08.325557  6902 net.cpp:127] Top shape: 128 4096 1 1 (524288)
I0828 06:04:08.325594  6902 net.cpp:153] fc7_new needs backward computation.
I0828 06:04:08.325604  6902 net.cpp:76] Creating Layer relu7
I0828 06:04:08.325611  6902 net.cpp:86] relu7 <- fc7_new
I0828 06:04:08.325620  6902 net.cpp:100] relu7 -> fc7_new (in-place)
I0828 06:04:08.325626  6902 net.cpp:127] Top shape: 128 4096 1 1 (524288)
I0828 06:04:08.325630  6902 net.cpp:153] relu7 needs backward computation.
I0828 06:04:08.325636  6902 net.cpp:76] Creating Layer drop7
I0828 06:04:08.325640  6902 net.cpp:86] drop7 <- fc7_new
I0828 06:04:08.325645  6902 net.cpp:100] drop7 -> fc7_new (in-place)
I0828 06:04:08.325650  6902 net.cpp:127] Top shape: 128 4096 1 1 (524288)
I0828 06:04:08.325655  6902 net.cpp:153] drop7 needs backward computation.
I0828 06:04:08.325661  6902 net.cpp:76] Creating Layer fc8_new
I0828 06:04:08.325665  6902 net.cpp:86] fc8_new <- fc7_new
I0828 06:04:08.325670  6902 net.cpp:112] fc8_new -> fc8_new
I0828 06:04:08.326020  6902 net.cpp:127] Top shape: 128 2 1 1 (256)
I0828 06:04:08.326028  6902 net.cpp:153] fc8_new needs backward computation.
I0828 06:04:08.326035  6902 net.cpp:76] Creating Layer loss
I0828 06:04:08.326040  6902 net.cpp:86] loss <- fc8_new
I0828 06:04:08.326045  6902 net.cpp:86] loss <- label
I0828 06:04:08.326056  6902 net.cpp:153] loss needs backward computation.
I0828 06:04:08.326086  6902 net.cpp:182] Collecting Learning Rate and Weight Decay.
I0828 06:04:08.326097  6902 net.cpp:175] Network initialization done.
I0828 06:04:08.326102  6902 net.cpp:176] Memory required for Data 536869888
I0828 06:04:08.326143  6902 solver.cpp:45] Creating testing net.
I0828 06:04:08.326753  6902 net.cpp:76] Creating Layer data
I0828 06:04:08.326766  6902 net.cpp:112] data -> data
I0828 06:04:08.326773  6902 net.cpp:112] data -> label
I0828 06:04:08.326781  6902 data_layer.cpp:145] Opening leveldb clampdet_os_val_leveldb
I0828 06:04:08.372957  6902 data_layer.cpp:185] output data size: 128,3,227,227
I0828 06:04:08.372975  6902 data_layer.cpp:204] Loading mean file from../../data/clampdet_os/clampdet_os_mean.binaryproto
I0828 06:04:08.414311  6902 net.cpp:127] Top shape: 128 3 227 227 (19787136)
I0828 06:04:08.414333  6902 net.cpp:127] Top shape: 128 1 1 1 (128)
I0828 06:04:08.414340  6902 net.cpp:158] data does not need backward computation.
I0828 06:04:08.414353  6902 net.cpp:76] Creating Layer conv1
I0828 06:04:08.414361  6902 net.cpp:86] conv1 <- data
I0828 06:04:08.414368  6902 net.cpp:112] conv1 -> conv1
I0828 06:04:08.415748  6902 net.cpp:127] Top shape: 128 96 55 55 (37171200)
I0828 06:04:08.415758  6902 net.cpp:153] conv1 needs backward computation.
I0828 06:04:08.415766  6902 net.cpp:76] Creating Layer relu1
I0828 06:04:08.415771  6902 net.cpp:86] relu1 <- conv1
I0828 06:04:08.415776  6902 net.cpp:100] relu1 -> conv1 (in-place)
I0828 06:04:08.415781  6902 net.cpp:127] Top shape: 128 96 55 55 (37171200)
I0828 06:04:08.415786  6902 net.cpp:153] relu1 needs backward computation.
I0828 06:04:08.415791  6902 net.cpp:76] Creating Layer pool1
I0828 06:04:08.415796  6902 net.cpp:86] pool1 <- conv1
I0828 06:04:08.415801  6902 net.cpp:112] pool1 -> pool1
I0828 06:04:08.415807  6902 net.cpp:127] Top shape: 128 96 27 27 (8957952)
I0828 06:04:08.415812  6902 net.cpp:153] pool1 needs backward computation.
I0828 06:04:08.415819  6902 net.cpp:76] Creating Layer norm1
I0828 06:04:08.415827  6902 net.cpp:86] norm1 <- pool1
I0828 06:04:08.415838  6902 net.cpp:112] norm1 -> norm1
I0828 06:04:08.415849  6902 net.cpp:127] Top shape: 128 96 27 27 (8957952)
I0828 06:04:08.415858  6902 net.cpp:153] norm1 needs backward computation.
I0828 06:04:08.415868  6902 net.cpp:76] Creating Layer conv2
I0828 06:04:08.415876  6902 net.cpp:86] conv2 <- norm1
I0828 06:04:08.415884  6902 net.cpp:112] conv2 -> conv2
I0828 06:04:08.427986  6902 net.cpp:127] Top shape: 128 256 27 27 (23887872)
I0828 06:04:08.428014  6902 net.cpp:153] conv2 needs backward computation.
I0828 06:04:08.428027  6902 net.cpp:76] Creating Layer relu2
I0828 06:04:08.428036  6902 net.cpp:86] relu2 <- conv2
I0828 06:04:08.428047  6902 net.cpp:100] relu2 -> conv2 (in-place)
I0828 06:04:08.428057  6902 net.cpp:127] Top shape: 128 256 27 27 (23887872)
I0828 06:04:08.428064  6902 net.cpp:153] relu2 needs backward computation.
I0828 06:04:08.428076  6902 net.cpp:76] Creating Layer pool2
I0828 06:04:08.428083  6902 net.cpp:86] pool2 <- conv2
I0828 06:04:08.428093  6902 net.cpp:112] pool2 -> pool2
I0828 06:04:08.428103  6902 net.cpp:127] Top shape: 128 256 13 13 (5537792)
I0828 06:04:08.428112  6902 net.cpp:153] pool2 needs backward computation.
I0828 06:04:08.428125  6902 net.cpp:76] Creating Layer norm2
I0828 06:04:08.428134  6902 net.cpp:86] norm2 <- pool2
I0828 06:04:08.428143  6902 net.cpp:112] norm2 -> norm2
I0828 06:04:08.428155  6902 net.cpp:127] Top shape: 128 256 13 13 (5537792)
I0828 06:04:08.428164  6902 net.cpp:153] norm2 needs backward computation.
I0828 06:04:08.428176  6902 net.cpp:76] Creating Layer conv3
I0828 06:04:08.428184  6902 net.cpp:86] conv3 <- norm2
I0828 06:04:08.428194  6902 net.cpp:112] conv3 -> conv3
I0828 06:04:08.464257  6902 net.cpp:127] Top shape: 128 384 13 13 (8306688)
I0828 06:04:08.464284  6902 net.cpp:153] conv3 needs backward computation.
I0828 06:04:08.464298  6902 net.cpp:76] Creating Layer relu3
I0828 06:04:08.464306  6902 net.cpp:86] relu3 <- conv3
I0828 06:04:08.464318  6902 net.cpp:100] relu3 -> conv3 (in-place)
I0828 06:04:08.464328  6902 net.cpp:127] Top shape: 128 384 13 13 (8306688)
I0828 06:04:08.464334  6902 net.cpp:153] relu3 needs backward computation.
I0828 06:04:08.464345  6902 net.cpp:76] Creating Layer conv4
I0828 06:04:08.464354  6902 net.cpp:86] conv4 <- conv3
I0828 06:04:08.464364  6902 net.cpp:112] conv4 -> conv4
I0828 06:04:08.491442  6902 net.cpp:127] Top shape: 128 384 13 13 (8306688)
I0828 06:04:08.491471  6902 net.cpp:153] conv4 needs backward computation.
I0828 06:04:08.491482  6902 net.cpp:76] Creating Layer relu4
I0828 06:04:08.491492  6902 net.cpp:86] relu4 <- conv4
I0828 06:04:08.491503  6902 net.cpp:100] relu4 -> conv4 (in-place)
I0828 06:04:08.491513  6902 net.cpp:127] Top shape: 128 384 13 13 (8306688)
I0828 06:04:08.491519  6902 net.cpp:153] relu4 needs backward computation.
I0828 06:04:08.491531  6902 net.cpp:76] Creating Layer conv5
I0828 06:04:08.491539  6902 net.cpp:86] conv5 <- conv4
I0828 06:04:08.491546  6902 net.cpp:112] conv5 -> conv5
I0828 06:04:08.509613  6902 net.cpp:127] Top shape: 128 256 13 13 (5537792)
I0828 06:04:08.509639  6902 net.cpp:153] conv5 needs backward computation.
I0828 06:04:08.509652  6902 net.cpp:76] Creating Layer relu5
I0828 06:04:08.509662  6902 net.cpp:86] relu5 <- conv5
I0828 06:04:08.509673  6902 net.cpp:100] relu5 -> conv5 (in-place)
I0828 06:04:08.509682  6902 net.cpp:127] Top shape: 128 256 13 13 (5537792)
I0828 06:04:08.509690  6902 net.cpp:153] relu5 needs backward computation.
I0828 06:04:08.509701  6902 net.cpp:76] Creating Layer pool5
I0828 06:04:08.509709  6902 net.cpp:86] pool5 <- conv5
I0828 06:04:08.509718  6902 net.cpp:112] pool5 -> pool5
I0828 06:04:08.509733  6902 net.cpp:127] Top shape: 128 256 6 6 (1179648)
I0828 06:04:08.509742  6902 net.cpp:153] pool5 needs backward computation.
I0828 06:04:08.509757  6902 net.cpp:76] Creating Layer fc6_new
I0828 06:04:08.509763  6902 net.cpp:86] fc6_new <- pool5
I0828 06:04:08.509773  6902 net.cpp:112] fc6_new -> fc6_new
I0828 06:04:10.037585  6902 net.cpp:127] Top shape: 128 4096 1 1 (524288)
I0828 06:04:10.037612  6902 net.cpp:153] fc6_new needs backward computation.
I0828 06:04:10.037622  6902 net.cpp:76] Creating Layer relu6
I0828 06:04:10.037627  6902 net.cpp:86] relu6 <- fc6_new
I0828 06:04:10.037636  6902 net.cpp:100] relu6 -> fc6_new (in-place)
I0828 06:04:10.037642  6902 net.cpp:127] Top shape: 128 4096 1 1 (524288)
I0828 06:04:10.037647  6902 net.cpp:153] relu6 needs backward computation.
I0828 06:04:10.037652  6902 net.cpp:76] Creating Layer drop6
I0828 06:04:10.037657  6902 net.cpp:86] drop6 <- fc6_new
I0828 06:04:10.037662  6902 net.cpp:100] drop6 -> fc6_new (in-place)
I0828 06:04:10.037670  6902 net.cpp:127] Top shape: 128 4096 1 1 (524288)
I0828 06:04:10.037675  6902 net.cpp:153] drop6 needs backward computation.
I0828 06:04:10.037681  6902 net.cpp:76] Creating Layer fc7_new
I0828 06:04:10.037685  6902 net.cpp:86] fc7_new <- fc6_new
I0828 06:04:10.037690  6902 net.cpp:112] fc7_new -> fc7_new
I0828 06:04:10.716436  6902 net.cpp:127] Top shape: 128 4096 1 1 (524288)
I0828 06:04:10.716461  6902 net.cpp:153] fc7_new needs backward computation.
I0828 06:04:10.716470  6902 net.cpp:76] Creating Layer relu7
I0828 06:04:10.716476  6902 net.cpp:86] relu7 <- fc7_new
I0828 06:04:10.716483  6902 net.cpp:100] relu7 -> fc7_new (in-place)
I0828 06:04:10.716490  6902 net.cpp:127] Top shape: 128 4096 1 1 (524288)
I0828 06:04:10.716495  6902 net.cpp:153] relu7 needs backward computation.
I0828 06:04:10.716500  6902 net.cpp:76] Creating Layer drop7
I0828 06:04:10.716505  6902 net.cpp:86] drop7 <- fc7_new
I0828 06:04:10.716508  6902 net.cpp:100] drop7 -> fc7_new (in-place)
I0828 06:04:10.716513  6902 net.cpp:127] Top shape: 128 4096 1 1 (524288)
I0828 06:04:10.716518  6902 net.cpp:153] drop7 needs backward computation.
I0828 06:04:10.716524  6902 net.cpp:76] Creating Layer fc8_new
I0828 06:04:10.716528  6902 net.cpp:86] fc8_new <- fc7_new
I0828 06:04:10.716533  6902 net.cpp:112] fc8_new -> fc8_new
I0828 06:04:10.716866  6902 net.cpp:127] Top shape: 128 2 1 1 (256)
I0828 06:04:10.716873  6902 net.cpp:153] fc8_new needs backward computation.
I0828 06:04:10.716878  6902 net.cpp:76] Creating Layer prob
I0828 06:04:10.716883  6902 net.cpp:86] prob <- fc8_new
I0828 06:04:10.716889  6902 net.cpp:112] prob -> prob
I0828 06:04:10.716895  6902 net.cpp:127] Top shape: 128 2 1 1 (256)
I0828 06:04:10.716900  6902 net.cpp:153] prob needs backward computation.
I0828 06:04:10.716907  6902 net.cpp:76] Creating Layer accuracy
I0828 06:04:10.716912  6902 net.cpp:86] accuracy <- prob
I0828 06:04:10.716917  6902 net.cpp:86] accuracy <- label
I0828 06:04:10.716922  6902 net.cpp:112] accuracy -> accuracy
I0828 06:04:10.716938  6902 net.cpp:127] Top shape: 1 2 1 1 (2)
I0828 06:04:10.716944  6902 net.cpp:153] accuracy needs backward computation.
I0828 06:04:10.716948  6902 net.cpp:164] This network produces output accuracy
I0828 06:04:10.716969  6902 net.cpp:182] Collecting Learning Rate and Weight Decay.
I0828 06:04:10.716981  6902 net.cpp:175] Network initialization done.
I0828 06:04:10.716987  6902 net.cpp:176] Memory required for Data 536870920
I0828 06:04:10.717028  6902 solver.cpp:50] Solver scaffolding done.
I0828 06:04:10.717036  6902 finetune_net.cpp:27] Loading from ../alexnet/caffe_alexnet_model
I0828 06:04:11.414211  6902 net.cpp:366] Copying source layer data
I0828 06:04:11.414237  6902 net.cpp:366] Copying source layer conv1
I0828 06:04:11.414305  6902 net.cpp:366] Copying source layer relu1
I0828 06:04:11.414316  6902 net.cpp:366] Copying source layer norm1
I0828 06:04:11.414324  6902 net.cpp:366] Copying source layer pool1
I0828 06:04:11.414331  6902 net.cpp:366] Copying source layer conv2
I0828 06:04:11.414896  6902 net.cpp:366] Copying source layer relu2
I0828 06:04:11.414907  6902 net.cpp:366] Copying source layer norm2
I0828 06:04:11.414912  6902 net.cpp:366] Copying source layer pool2
I0828 06:04:11.414916  6902 net.cpp:366] Copying source layer conv3
I0828 06:04:11.416388  6902 net.cpp:366] Copying source layer relu3
I0828 06:04:11.416401  6902 net.cpp:366] Copying source layer conv4
I0828 06:04:11.417513  6902 net.cpp:366] Copying source layer relu4
I0828 06:04:11.417526  6902 net.cpp:366] Copying source layer conv5
I0828 06:04:11.418315  6902 net.cpp:366] Copying source layer relu5
I0828 06:04:11.418328  6902 net.cpp:366] Copying source layer pool5
I0828 06:04:11.418331  6902 net.cpp:363] Ignoring source layer fc6
I0828 06:04:11.418336  6902 net.cpp:366] Copying source layer relu6
I0828 06:04:11.418340  6902 net.cpp:366] Copying source layer drop6
I0828 06:04:11.418344  6902 net.cpp:363] Ignoring source layer fc7
I0828 06:04:11.418349  6902 net.cpp:366] Copying source layer relu7
I0828 06:04:11.418352  6902 net.cpp:366] Copying source layer drop7
I0828 06:04:11.418356  6902 net.cpp:363] Ignoring source layer fc8
I0828 06:04:11.418360  6902 net.cpp:366] Copying source layer loss
I0828 06:04:11.435437  6902 solver.cpp:62] Solving clampdet_osFineNet
I0828 06:04:11.435473  6902 solver.cpp:136] Iteration 0, Testing net
I0828 06:04:13.229570  6902 solver.cpp:172] Test score #0: 0.488322
I0828 06:04:13.229648  6902 solver.cpp:172] Test score #1: 0.701777
I0828 06:04:13.707759  6902 solver.cpp:269] Iteration 1, lr = 0.0001
I0828 06:04:13.810510  6902 solver.cpp:117] Iteration 1, loss = 1.2964
I0828 06:04:14.495654  6902 solver.cpp:269] Iteration 2, lr = 0.0001
I0828 06:04:14.597718  6902 solver.cpp:117] Iteration 2, loss = 1.94025
I0828 06:04:15.282110  6902 solver.cpp:269] Iteration 3, lr = 0.0001
I0828 06:04:15.383888  6902 solver.cpp:117] Iteration 3, loss = 5.98694
I0828 06:04:16.068850  6902 solver.cpp:269] Iteration 4, lr = 0.0001
I0828 06:04:16.170470  6902 solver.cpp:117] Iteration 4, loss = 3.5305
I0828 06:04:16.855016  6902 solver.cpp:269] Iteration 5, lr = 0.0001
I0828 06:04:16.956856  6902 solver.cpp:117] Iteration 5, loss = 4.31768
I0828 06:04:17.640362  6902 solver.cpp:269] Iteration 6, lr = 0.0001
I0828 06:04:17.742097  6902 solver.cpp:117] Iteration 6, loss = 4.65261
I0828 06:04:18.426515  6902 solver.cpp:269] Iteration 7, lr = 0.0001
I0828 06:04:18.528039  6902 solver.cpp:117] Iteration 7, loss = 3.89065
I0828 06:04:19.212255  6902 solver.cpp:269] Iteration 8, lr = 0.0001
I0828 06:04:19.314178  6902 solver.cpp:117] Iteration 8, loss = 2.81028
I0828 06:04:19.999470  6902 solver.cpp:269] Iteration 9, lr = 0.0001
I0828 06:04:20.100997  6902 solver.cpp:117] Iteration 9, loss = 2.42647
I0828 06:04:20.785063  6902 solver.cpp:269] Iteration 10, lr = 0.0001
I0828 06:04:20.886842  6902 solver.cpp:117] Iteration 10, loss = 2.24925
I0828 06:04:21.570716  6902 solver.cpp:269] Iteration 11, lr = 0.0001
I0828 06:04:21.672407  6902 solver.cpp:117] Iteration 11, loss = 2.6937
I0828 06:04:22.356098  6902 solver.cpp:269] Iteration 12, lr = 0.0001
I0828 06:04:22.457690  6902 solver.cpp:117] Iteration 12, loss = 1.77741
I0828 06:04:23.141774  6902 solver.cpp:269] Iteration 13, lr = 0.0001
I0828 06:04:23.243669  6902 solver.cpp:117] Iteration 13, loss = 2.31711
I0828 06:04:23.927625  6902 solver.cpp:269] Iteration 14, lr = 0.0001
I0828 06:04:24.029188  6902 solver.cpp:117] Iteration 14, loss = 2.02409
I0828 06:04:24.714247  6902 solver.cpp:269] Iteration 15, lr = 0.0001
I0828 06:04:24.815516  6902 solver.cpp:117] Iteration 15, loss = 4.31835
I0828 06:04:25.501718  6902 solver.cpp:269] Iteration 16, lr = 0.0001
I0828 06:04:25.603534  6902 solver.cpp:117] Iteration 16, loss = 1.49366
I0828 06:04:26.288260  6902 solver.cpp:269] Iteration 17, lr = 0.0001
I0828 06:04:26.390146  6902 solver.cpp:117] Iteration 17, loss = 2.71316
I0828 06:04:27.073817  6902 solver.cpp:269] Iteration 18, lr = 0.0001
I0828 06:04:27.175447  6902 solver.cpp:117] Iteration 18, loss = 2.14735
I0828 06:04:27.859803  6902 solver.cpp:269] Iteration 19, lr = 0.0001
I0828 06:04:27.960760  6902 solver.cpp:117] Iteration 19, loss = 2.30189
I0828 06:04:28.646214  6902 solver.cpp:269] Iteration 20, lr = 0.0001
I0828 06:04:28.747344  6902 solver.cpp:117] Iteration 20, loss = 1.42376
I0828 06:04:29.431864  6902 solver.cpp:269] Iteration 21, lr = 0.0001
I0828 06:04:29.532840  6902 solver.cpp:117] Iteration 21, loss = 1.83488
I0828 06:04:30.216624  6902 solver.cpp:269] Iteration 22, lr = 0.0001
I0828 06:04:30.317396  6902 solver.cpp:117] Iteration 22, loss = 1.49931
I0828 06:04:31.001994  6902 solver.cpp:269] Iteration 23, lr = 0.0001
I0828 06:04:31.102993  6902 solver.cpp:117] Iteration 23, loss = 1.38969
I0828 06:04:31.787535  6902 solver.cpp:269] Iteration 24, lr = 0.0001
I0828 06:04:31.888576  6902 solver.cpp:117] Iteration 24, loss = 1.92208
I0828 06:04:32.573053  6902 solver.cpp:269] Iteration 25, lr = 0.0001
I0828 06:04:32.673728  6902 solver.cpp:117] Iteration 25, loss = 1.85661
I0828 06:04:33.358471  6902 solver.cpp:269] Iteration 26, lr = 0.0001
I0828 06:04:33.460024  6902 solver.cpp:117] Iteration 26, loss = 1.27314
I0828 06:04:34.143651  6902 solver.cpp:269] Iteration 27, lr = 0.0001
I0828 06:04:34.245548  6902 solver.cpp:117] Iteration 27, loss = 1.7894
I0828 06:04:34.928220  6902 solver.cpp:269] Iteration 28, lr = 0.0001
I0828 06:04:35.029927  6902 solver.cpp:117] Iteration 28, loss = 2.62977
I0828 06:04:35.714148  6902 solver.cpp:269] Iteration 29, lr = 0.0001
I0828 06:04:35.816128  6902 solver.cpp:117] Iteration 29, loss = 1.8185
I0828 06:04:36.499456  6902 solver.cpp:269] Iteration 30, lr = 0.0001
I0828 06:04:36.601240  6902 solver.cpp:117] Iteration 30, loss = 1.33917
I0828 06:04:37.285470  6902 solver.cpp:269] Iteration 31, lr = 0.0001
I0828 06:04:37.386690  6902 solver.cpp:117] Iteration 31, loss = 1.83179
I0828 06:04:38.071286  6902 solver.cpp:269] Iteration 32, lr = 0.0001
I0828 06:04:38.172858  6902 solver.cpp:117] Iteration 32, loss = 2.71393
I0828 06:04:38.857105  6902 solver.cpp:269] Iteration 33, lr = 0.0001
I0828 06:04:38.958809  6902 solver.cpp:117] Iteration 33, loss = 1.37826
I0828 06:04:39.642433  6902 solver.cpp:269] Iteration 34, lr = 0.0001
I0828 06:04:39.743790  6902 solver.cpp:117] Iteration 34, loss = 2.02576
I0828 06:04:40.427383  6902 solver.cpp:269] Iteration 35, lr = 0.0001
I0828 06:04:40.528709  6902 solver.cpp:117] Iteration 35, loss = 2.30398
I0828 06:04:41.212127  6902 solver.cpp:269] Iteration 36, lr = 0.0001
I0828 06:04:41.313814  6902 solver.cpp:117] Iteration 36, loss = 1.12389
I0828 06:04:41.997750  6902 solver.cpp:269] Iteration 37, lr = 0.0001
I0828 06:04:42.099035  6902 solver.cpp:117] Iteration 37, loss = 1.70941
I0828 06:04:42.783226  6902 solver.cpp:269] Iteration 38, lr = 0.0001
I0828 06:04:42.884558  6902 solver.cpp:117] Iteration 38, loss = 1.36419
I0828 06:04:43.568842  6902 solver.cpp:269] Iteration 39, lr = 0.0001
I0828 06:04:43.670344  6902 solver.cpp:117] Iteration 39, loss = 1.09524
I0828 06:04:44.353981  6902 solver.cpp:269] Iteration 40, lr = 0.0001
I0828 06:04:44.455541  6902 solver.cpp:117] Iteration 40, loss = 1.73077
I0828 06:04:45.139086  6902 solver.cpp:269] Iteration 41, lr = 0.0001
I0828 06:04:45.240696  6902 solver.cpp:117] Iteration 41, loss = 2.17179
I0828 06:04:45.923513  6902 solver.cpp:269] Iteration 42, lr = 0.0001
I0828 06:04:46.024992  6902 solver.cpp:117] Iteration 42, loss = 1.81689
I0828 06:04:46.709177  6902 solver.cpp:269] Iteration 43, lr = 0.0001
I0828 06:04:46.810770  6902 solver.cpp:117] Iteration 43, loss = 1.25074
I0828 06:04:47.494004  6902 solver.cpp:269] Iteration 44, lr = 0.0001
I0828 06:04:47.595507  6902 solver.cpp:117] Iteration 44, loss = 1.36495
I0828 06:04:48.279283  6902 solver.cpp:269] Iteration 45, lr = 0.0001
I0828 06:04:48.380715  6902 solver.cpp:117] Iteration 45, loss = 1.30132
I0828 06:04:49.063663  6902 solver.cpp:269] Iteration 46, lr = 0.0001
I0828 06:04:49.165309  6902 solver.cpp:117] Iteration 46, loss = 1.12487
I0828 06:04:49.848278  6902 solver.cpp:269] Iteration 47, lr = 0.0001
I0828 06:04:49.949807  6902 solver.cpp:117] Iteration 47, loss = 1.12481
I0828 06:04:50.632976  6902 solver.cpp:269] Iteration 48, lr = 0.0001
I0828 06:04:50.734760  6902 solver.cpp:117] Iteration 48, loss = 1.41119
I0828 06:04:51.418659  6902 solver.cpp:269] Iteration 49, lr = 0.0001
I0828 06:04:51.519984  6902 solver.cpp:117] Iteration 49, loss = 1.5588
I0828 06:04:52.202792  6902 solver.cpp:269] Iteration 50, lr = 0.0001
I0828 06:04:52.304466  6902 solver.cpp:117] Iteration 50, loss = 1.52122
I0828 06:04:52.988301  6902 solver.cpp:269] Iteration 51, lr = 0.0001
I0828 06:04:53.089730  6902 solver.cpp:117] Iteration 51, loss = 1.63004
I0828 06:04:53.772498  6902 solver.cpp:269] Iteration 52, lr = 0.0001
I0828 06:04:53.874137  6902 solver.cpp:117] Iteration 52, loss = 1.42122
I0828 06:04:54.557587  6902 solver.cpp:269] Iteration 53, lr = 0.0001
I0828 06:04:54.659328  6902 solver.cpp:117] Iteration 53, loss = 1.48339
I0828 06:04:55.343150  6902 solver.cpp:269] Iteration 54, lr = 0.0001
I0828 06:04:55.444761  6902 solver.cpp:117] Iteration 54, loss = 1.59597
I0828 06:04:56.127876  6902 solver.cpp:269] Iteration 55, lr = 0.0001
I0828 06:04:56.229686  6902 solver.cpp:117] Iteration 55, loss = 1.25164
I0828 06:04:56.913466  6902 solver.cpp:269] Iteration 56, lr = 0.0001
I0828 06:04:57.014762  6902 solver.cpp:117] Iteration 56, loss = 0.999692
I0828 06:04:57.699488  6902 solver.cpp:269] Iteration 57, lr = 0.0001
I0828 06:04:57.800914  6902 solver.cpp:117] Iteration 57, loss = 0.79522
I0828 06:04:58.484143  6902 solver.cpp:269] Iteration 58, lr = 0.0001
I0828 06:04:58.585546  6902 solver.cpp:117] Iteration 58, loss = 0.771794
I0828 06:04:59.268756  6902 solver.cpp:269] Iteration 59, lr = 0.0001
I0828 06:04:59.370322  6902 solver.cpp:117] Iteration 59, loss = 0.861411
I0828 06:05:00.053601  6902 solver.cpp:269] Iteration 60, lr = 0.0001
I0828 06:05:00.154747  6902 solver.cpp:117] Iteration 60, loss = 0.986429
I0828 06:05:00.837759  6902 solver.cpp:269] Iteration 61, lr = 0.0001
I0828 06:05:00.939175  6902 solver.cpp:117] Iteration 61, loss = 0.947057
I0828 06:05:01.623050  6902 solver.cpp:269] Iteration 62, lr = 0.0001
I0828 06:05:01.723845  6902 solver.cpp:117] Iteration 62, loss = 1.01655
I0828 06:05:02.407817  6902 solver.cpp:269] Iteration 63, lr = 0.0001
I0828 06:05:02.509407  6902 solver.cpp:117] Iteration 63, loss = 0.755633
I0828 06:05:03.192672  6902 solver.cpp:269] Iteration 64, lr = 0.0001
I0828 06:05:03.294082  6902 solver.cpp:117] Iteration 64, loss = 0.729202
I0828 06:05:03.976413  6902 solver.cpp:269] Iteration 65, lr = 0.0001
I0828 06:05:04.077934  6902 solver.cpp:117] Iteration 65, loss = 0.833793
I0828 06:05:04.760777  6902 solver.cpp:269] Iteration 66, lr = 0.0001
I0828 06:05:04.862334  6902 solver.cpp:117] Iteration 66, loss = 0.801336
I0828 06:05:05.545706  6902 solver.cpp:269] Iteration 67, lr = 0.0001
I0828 06:05:05.647011  6902 solver.cpp:117] Iteration 67, loss = 1.05209
I0828 06:05:06.330081  6902 solver.cpp:269] Iteration 68, lr = 0.0001
I0828 06:05:06.431658  6902 solver.cpp:117] Iteration 68, loss = 1.18191
I0828 06:05:07.115371  6902 solver.cpp:269] Iteration 69, lr = 0.0001
I0828 06:05:07.216907  6902 solver.cpp:117] Iteration 69, loss = 1.37936
I0828 06:05:07.900650  6902 solver.cpp:269] Iteration 70, lr = 0.0001
I0828 06:05:08.002032  6902 solver.cpp:117] Iteration 70, loss = 0.960837
I0828 06:05:08.685312  6902 solver.cpp:269] Iteration 71, lr = 0.0001
I0828 06:05:08.786870  6902 solver.cpp:117] Iteration 71, loss = 0.984598
I0828 06:05:09.470520  6902 solver.cpp:269] Iteration 72, lr = 0.0001
I0828 06:05:09.572021  6902 solver.cpp:117] Iteration 72, loss = 0.986654
I0828 06:05:10.254920  6902 solver.cpp:269] Iteration 73, lr = 0.0001
I0828 06:05:10.356253  6902 solver.cpp:117] Iteration 73, loss = 1.37666
I0828 06:05:11.038249  6902 solver.cpp:269] Iteration 74, lr = 0.0001
I0828 06:05:11.139772  6902 solver.cpp:117] Iteration 74, loss = 1.07513
I0828 06:05:11.823999  6902 solver.cpp:269] Iteration 75, lr = 0.0001
I0828 06:05:11.925029  6902 solver.cpp:117] Iteration 75, loss = 1.0142
I0828 06:05:12.608432  6902 solver.cpp:269] Iteration 76, lr = 0.0001
I0828 06:05:12.709970  6902 solver.cpp:117] Iteration 76, loss = 1.04824
I0828 06:05:13.393656  6902 solver.cpp:269] Iteration 77, lr = 0.0001
I0828 06:05:13.495090  6902 solver.cpp:117] Iteration 77, loss = 1.05442
I0828 06:05:14.177961  6902 solver.cpp:269] Iteration 78, lr = 0.0001
I0828 06:05:14.279640  6902 solver.cpp:117] Iteration 78, loss = 0.953124
I0828 06:05:14.963109  6902 solver.cpp:269] Iteration 79, lr = 0.0001
I0828 06:05:15.064718  6902 solver.cpp:117] Iteration 79, loss = 1.0731
I0828 06:05:15.748653  6902 solver.cpp:269] Iteration 80, lr = 0.0001
I0828 06:05:15.850342  6902 solver.cpp:117] Iteration 80, loss = 0.942789
I0828 06:05:16.532959  6902 solver.cpp:269] Iteration 81, lr = 0.0001
I0828 06:05:16.634299  6902 solver.cpp:117] Iteration 81, loss = 0.956804
I0828 06:05:17.317564  6902 solver.cpp:269] Iteration 82, lr = 0.0001
I0828 06:05:17.419085  6902 solver.cpp:117] Iteration 82, loss = 0.863471
I0828 06:05:18.101919  6902 solver.cpp:269] Iteration 83, lr = 0.0001
I0828 06:05:18.203351  6902 solver.cpp:117] Iteration 83, loss = 0.943337
I0828 06:05:18.885951  6902 solver.cpp:269] Iteration 84, lr = 0.0001
I0828 06:05:18.987529  6902 solver.cpp:117] Iteration 84, loss = 0.875919
I0828 06:05:19.671067  6902 solver.cpp:269] Iteration 85, lr = 0.0001
I0828 06:05:19.772644  6902 solver.cpp:117] Iteration 85, loss = 0.940812
I0828 06:05:20.455302  6902 solver.cpp:269] Iteration 86, lr = 0.0001
I0828 06:05:20.557072  6902 solver.cpp:117] Iteration 86, loss = 1.03291
I0828 06:05:21.240764  6902 solver.cpp:269] Iteration 87, lr = 0.0001
I0828 06:05:21.342216  6902 solver.cpp:117] Iteration 87, loss = 1.03213
I0828 06:05:22.025274  6902 solver.cpp:269] Iteration 88, lr = 0.0001
I0828 06:05:22.126778  6902 solver.cpp:117] Iteration 88, loss = 1.02391
I0828 06:05:22.809514  6902 solver.cpp:269] Iteration 89, lr = 0.0001
I0828 06:05:22.911139  6902 solver.cpp:117] Iteration 89, loss = 0.947339
I0828 06:05:23.595013  6902 solver.cpp:269] Iteration 90, lr = 0.0001
I0828 06:05:23.696451  6902 solver.cpp:117] Iteration 90, loss = 0.987832
I0828 06:05:24.379479  6902 solver.cpp:269] Iteration 91, lr = 0.0001
I0828 06:05:24.480736  6902 solver.cpp:117] Iteration 91, loss = 0.794552
I0828 06:05:25.163913  6902 solver.cpp:269] Iteration 92, lr = 0.0001
I0828 06:05:25.265424  6902 solver.cpp:117] Iteration 92, loss = 0.724682
I0828 06:05:25.949329  6902 solver.cpp:269] Iteration 93, lr = 0.0001
I0828 06:05:26.050745  6902 solver.cpp:117] Iteration 93, loss = 0.861726
I0828 06:05:26.733451  6902 solver.cpp:269] Iteration 94, lr = 0.0001
I0828 06:05:26.834869  6902 solver.cpp:117] Iteration 94, loss = 0.897456
I0828 06:05:27.518381  6902 solver.cpp:269] Iteration 95, lr = 0.0001
I0828 06:05:27.619782  6902 solver.cpp:117] Iteration 95, loss = 1.01165
I0828 06:05:28.303031  6902 solver.cpp:269] Iteration 96, lr = 0.0001
I0828 06:05:28.404379  6902 solver.cpp:117] Iteration 96, loss = 1.11821
I0828 06:05:29.088752  6902 solver.cpp:269] Iteration 97, lr = 0.0001
I0828 06:05:29.190289  6902 solver.cpp:117] Iteration 97, loss = 1.25374
I0828 06:05:29.873181  6902 solver.cpp:269] Iteration 98, lr = 0.0001
I0828 06:05:29.974653  6902 solver.cpp:117] Iteration 98, loss = 0.934097
I0828 06:05:30.657291  6902 solver.cpp:269] Iteration 99, lr = 0.0001
I0828 06:05:30.758538  6902 solver.cpp:117] Iteration 99, loss = 0.743679
I0828 06:05:31.441545  6902 solver.cpp:269] Iteration 100, lr = 0.0001
I0828 06:05:31.542794  6902 solver.cpp:117] Iteration 100, loss = 0.765574
I0828 06:05:32.225649  6902 solver.cpp:269] Iteration 101, lr = 0.0001
I0828 06:05:32.326977  6902 solver.cpp:117] Iteration 101, loss = 0.736909
I0828 06:05:33.009757  6902 solver.cpp:269] Iteration 102, lr = 0.0001
I0828 06:05:33.110833  6902 solver.cpp:117] Iteration 102, loss = 0.689927
I0828 06:05:33.793617  6902 solver.cpp:269] Iteration 103, lr = 0.0001
I0828 06:05:33.895098  6902 solver.cpp:117] Iteration 103, loss = 0.649578
I0828 06:05:34.578104  6902 solver.cpp:269] Iteration 104, lr = 0.0001
I0828 06:05:34.679451  6902 solver.cpp:117] Iteration 104, loss = 0.795842
I0828 06:05:35.362074  6902 solver.cpp:269] Iteration 105, lr = 0.0001
I0828 06:05:35.463474  6902 solver.cpp:117] Iteration 105, loss = 0.828816
I0828 06:05:36.146107  6902 solver.cpp:269] Iteration 106, lr = 0.0001
I0828 06:05:36.247619  6902 solver.cpp:117] Iteration 106, loss = 0.70573
I0828 06:05:36.930385  6902 solver.cpp:269] Iteration 107, lr = 0.0001
I0828 06:05:37.031723  6902 solver.cpp:117] Iteration 107, loss = 0.676117
I0828 06:05:37.715320  6902 solver.cpp:269] Iteration 108, lr = 0.0001
I0828 06:05:37.815893  6902 solver.cpp:117] Iteration 108, loss = 0.785413
I0828 06:05:38.498028  6902 solver.cpp:269] Iteration 109, lr = 0.0001
I0828 06:05:38.599289  6902 solver.cpp:117] Iteration 109, loss = 0.736661
I0828 06:05:39.281922  6902 solver.cpp:269] Iteration 110, lr = 0.0001
I0828 06:05:39.383154  6902 solver.cpp:117] Iteration 110, loss = 0.773856
I0828 06:05:40.066057  6902 solver.cpp:269] Iteration 111, lr = 0.0001
I0828 06:05:40.167284  6902 solver.cpp:117] Iteration 111, loss = 0.725903
I0828 06:05:40.849870  6902 solver.cpp:269] Iteration 112, lr = 0.0001
I0828 06:05:40.951020  6902 solver.cpp:117] Iteration 112, loss = 0.799507
I0828 06:05:41.634105  6902 solver.cpp:269] Iteration 113, lr = 0.0001
I0828 06:05:41.735363  6902 solver.cpp:117] Iteration 113, loss = 0.740418
I0828 06:05:42.417569  6902 solver.cpp:269] Iteration 114, lr = 0.0001
I0828 06:05:42.519019  6902 solver.cpp:117] Iteration 114, loss = 0.708417
I0828 06:05:43.202513  6902 solver.cpp:269] Iteration 115, lr = 0.0001
I0828 06:05:43.303949  6902 solver.cpp:117] Iteration 115, loss = 0.825901
I0828 06:05:43.986428  6902 solver.cpp:269] Iteration 116, lr = 0.0001
I0828 06:05:44.087770  6902 solver.cpp:117] Iteration 116, loss = 0.680801
I0828 06:05:44.770560  6902 solver.cpp:269] Iteration 117, lr = 0.0001
I0828 06:05:44.871892  6902 solver.cpp:117] Iteration 117, loss = 0.641869
I0828 06:05:45.554905  6902 solver.cpp:269] Iteration 118, lr = 0.0001
I0828 06:05:45.656363  6902 solver.cpp:117] Iteration 118, loss = 0.78729
I0828 06:05:46.338320  6902 solver.cpp:269] Iteration 119, lr = 0.0001
I0828 06:05:46.439689  6902 solver.cpp:117] Iteration 119, loss = 0.967155
I0828 06:05:47.122593  6902 solver.cpp:269] Iteration 120, lr = 0.0001
I0828 06:05:47.223513  6902 solver.cpp:117] Iteration 120, loss = 1.02567
I0828 06:05:47.906677  6902 solver.cpp:269] Iteration 121, lr = 0.0001
I0828 06:05:48.007781  6902 solver.cpp:117] Iteration 121, loss = 0.913069
I0828 06:05:48.691030  6902 solver.cpp:269] Iteration 122, lr = 0.0001
I0828 06:05:48.791965  6902 solver.cpp:117] Iteration 122, loss = 0.980008
I0828 06:05:49.474459  6902 solver.cpp:269] Iteration 123, lr = 0.0001
I0828 06:05:49.575726  6902 solver.cpp:117] Iteration 123, loss = 1.18354
I0828 06:05:50.258194  6902 solver.cpp:269] Iteration 124, lr = 0.0001
I0828 06:05:50.359541  6902 solver.cpp:117] Iteration 124, loss = 1.13261
I0828 06:05:51.042269  6902 solver.cpp:269] Iteration 125, lr = 0.0001
I0828 06:05:51.143345  6902 solver.cpp:117] Iteration 125, loss = 1.27891
I0828 06:05:51.826820  6902 solver.cpp:269] Iteration 126, lr = 0.0001
I0828 06:05:51.927907  6902 solver.cpp:117] Iteration 126, loss = 0.968926
I0828 06:05:52.611021  6902 solver.cpp:269] Iteration 127, lr = 0.0001
I0828 06:05:52.711977  6902 solver.cpp:117] Iteration 127, loss = 0.839512
I0828 06:05:53.394330  6902 solver.cpp:269] Iteration 128, lr = 0.0001
I0828 06:05:53.495365  6902 solver.cpp:117] Iteration 128, loss = 1.17389
I0828 06:05:54.177871  6902 solver.cpp:269] Iteration 129, lr = 0.0001
I0828 06:05:54.279325  6902 solver.cpp:117] Iteration 129, loss = 0.930463
I0828 06:05:54.961408  6902 solver.cpp:269] Iteration 130, lr = 0.0001
I0828 06:05:55.062718  6902 solver.cpp:117] Iteration 130, loss = 0.924656
I0828 06:05:55.745314  6902 solver.cpp:269] Iteration 131, lr = 0.0001
I0828 06:05:55.846403  6902 solver.cpp:117] Iteration 131, loss = 1.04005
I0828 06:05:56.528434  6902 solver.cpp:269] Iteration 132, lr = 0.0001
I0828 06:05:56.629570  6902 solver.cpp:117] Iteration 132, loss = 1.03594
I0828 06:05:57.312124  6902 solver.cpp:269] Iteration 133, lr = 0.0001
I0828 06:05:57.413367  6902 solver.cpp:117] Iteration 133, loss = 0.806855
I0828 06:05:58.096894  6902 solver.cpp:269] Iteration 134, lr = 0.0001
I0828 06:05:58.197103  6902 solver.cpp:117] Iteration 134, loss = 0.697132
I0828 06:05:58.880823  6902 solver.cpp:269] Iteration 135, lr = 0.0001
I0828 06:05:58.980921  6902 solver.cpp:117] Iteration 135, loss = 0.733419
I0828 06:05:59.663887  6902 solver.cpp:269] Iteration 136, lr = 0.0001
I0828 06:05:59.764617  6902 solver.cpp:117] Iteration 136, loss = 0.870662
I0828 06:06:00.446662  6902 solver.cpp:269] Iteration 137, lr = 0.0001
I0828 06:06:00.549545  6902 solver.cpp:117] Iteration 137, loss = 0.86974
I0828 06:06:01.232174  6902 solver.cpp:269] Iteration 138, lr = 0.0001
I0828 06:06:01.333412  6902 solver.cpp:117] Iteration 138, loss = 0.883958
I0828 06:06:02.016088  6902 solver.cpp:269] Iteration 139, lr = 0.0001
I0828 06:06:02.117290  6902 solver.cpp:117] Iteration 139, loss = 0.877648
I0828 06:06:02.799638  6902 solver.cpp:269] Iteration 140, lr = 0.0001
I0828 06:06:02.900842  6902 solver.cpp:117] Iteration 140, loss = 0.782747
I0828 06:06:03.582753  6902 solver.cpp:269] Iteration 141, lr = 0.0001
I0828 06:06:03.683351  6902 solver.cpp:117] Iteration 141, loss = 0.677618
I0828 06:06:04.366204  6902 solver.cpp:269] Iteration 142, lr = 0.0001
I0828 06:06:04.466986  6902 solver.cpp:117] Iteration 142, loss = 0.825588
I0828 06:06:05.150338  6902 solver.cpp:269] Iteration 143, lr = 0.0001
I0828 06:06:05.251410  6902 solver.cpp:117] Iteration 143, loss = 0.673737
I0828 06:06:05.934229  6902 solver.cpp:269] Iteration 144, lr = 0.0001
I0828 06:06:06.035418  6902 solver.cpp:117] Iteration 144, loss = 0.682774
I0828 06:06:06.718533  6902 solver.cpp:269] Iteration 145, lr = 0.0001
I0828 06:06:06.819618  6902 solver.cpp:117] Iteration 145, loss = 0.738654
I0828 06:06:07.501636  6902 solver.cpp:269] Iteration 146, lr = 0.0001
I0828 06:06:07.602707  6902 solver.cpp:117] Iteration 146, loss = 0.694571
I0828 06:06:08.285691  6902 solver.cpp:269] Iteration 147, lr = 0.0001
I0828 06:06:08.386790  6902 solver.cpp:117] Iteration 147, loss = 0.716704
I0828 06:06:09.070245  6902 solver.cpp:269] Iteration 148, lr = 0.0001
I0828 06:06:09.170693  6902 solver.cpp:117] Iteration 148, loss = 0.896416
I0828 06:06:09.853413  6902 solver.cpp:269] Iteration 149, lr = 0.0001
I0828 06:06:09.954675  6902 solver.cpp:117] Iteration 149, loss = 1.03508
I0828 06:06:10.636744  6902 solver.cpp:269] Iteration 150, lr = 0.0001
I0828 06:06:10.737998  6902 solver.cpp:117] Iteration 150, loss = 1.24991
I0828 06:06:11.420765  6902 solver.cpp:269] Iteration 151, lr = 0.0001
I0828 06:06:11.521823  6902 solver.cpp:117] Iteration 151, loss = 1.01571
I0828 06:06:12.204560  6902 solver.cpp:269] Iteration 152, lr = 0.0001
I0828 06:06:12.305598  6902 solver.cpp:117] Iteration 152, loss = 1.03416
I0828 06:06:12.987821  6902 solver.cpp:269] Iteration 153, lr = 0.0001
I0828 06:06:13.089045  6902 solver.cpp:117] Iteration 153, loss = 0.825867
I0828 06:06:13.771744  6902 solver.cpp:269] Iteration 154, lr = 0.0001
I0828 06:06:13.873044  6902 solver.cpp:117] Iteration 154, loss = 0.812369
I0828 06:06:14.555165  6902 solver.cpp:269] Iteration 155, lr = 0.0001
I0828 06:06:14.656119  6902 solver.cpp:117] Iteration 155, loss = 0.710047
I0828 06:06:15.338690  6902 solver.cpp:269] Iteration 156, lr = 0.0001
I0828 06:06:15.440021  6902 solver.cpp:117] Iteration 156, loss = 0.790732
I0828 06:06:16.122885  6902 solver.cpp:269] Iteration 157, lr = 0.0001
I0828 06:06:16.224030  6902 solver.cpp:117] Iteration 157, loss = 0.75769
I0828 06:06:16.906543  6902 solver.cpp:269] Iteration 158, lr = 0.0001
I0828 06:06:17.007673  6902 solver.cpp:117] Iteration 158, loss = 0.718372
I0828 06:06:17.690559  6902 solver.cpp:269] Iteration 159, lr = 0.0001
I0828 06:06:17.791378  6902 solver.cpp:117] Iteration 159, loss = 0.732469
I0828 06:06:18.473083  6902 solver.cpp:269] Iteration 160, lr = 0.0001
I0828 06:06:18.574293  6902 solver.cpp:117] Iteration 160, loss = 0.694334
I0828 06:06:19.256438  6902 solver.cpp:269] Iteration 161, lr = 0.0001
I0828 06:06:19.357514  6902 solver.cpp:117] Iteration 161, loss = 0.79658
I0828 06:06:20.039340  6902 solver.cpp:269] Iteration 162, lr = 0.0001
I0828 06:06:20.140491  6902 solver.cpp:117] Iteration 162, loss = 0.684569
I0828 06:06:20.822671  6902 solver.cpp:269] Iteration 163, lr = 0.0001
I0828 06:06:20.924115  6902 solver.cpp:117] Iteration 163, loss = 0.674437
I0828 06:06:21.606112  6902 solver.cpp:269] Iteration 164, lr = 0.0001
I0828 06:06:21.707367  6902 solver.cpp:117] Iteration 164, loss = 0.750644
I0828 06:06:22.389401  6902 solver.cpp:269] Iteration 165, lr = 0.0001
I0828 06:06:22.490259  6902 solver.cpp:117] Iteration 165, loss = 0.699335
I0828 06:06:23.172442  6902 solver.cpp:269] Iteration 166, lr = 0.0001
I0828 06:06:23.273666  6902 solver.cpp:117] Iteration 166, loss = 0.799674
I0828 06:06:23.956068  6902 solver.cpp:269] Iteration 167, lr = 0.0001
I0828 06:06:24.057494  6902 solver.cpp:117] Iteration 167, loss = 0.797086
I0828 06:06:24.739742  6902 solver.cpp:269] Iteration 168, lr = 0.0001
I0828 06:06:24.840978  6902 solver.cpp:117] Iteration 168, loss = 0.694692
I0828 06:06:25.523352  6902 solver.cpp:269] Iteration 169, lr = 0.0001
I0828 06:06:25.624368  6902 solver.cpp:117] Iteration 169, loss = 0.719407
I0828 06:06:26.306941  6902 solver.cpp:269] Iteration 170, lr = 0.0001
I0828 06:06:26.408136  6902 solver.cpp:117] Iteration 170, loss = 0.741401
I0828 06:06:27.089558  6902 solver.cpp:269] Iteration 171, lr = 0.0001
I0828 06:06:27.190680  6902 solver.cpp:117] Iteration 171, loss = 0.784182
I0828 06:06:27.873119  6902 solver.cpp:269] Iteration 172, lr = 0.0001
I0828 06:06:27.974328  6902 solver.cpp:117] Iteration 172, loss = 0.641938
I0828 06:06:28.657074  6902 solver.cpp:269] Iteration 173, lr = 0.0001
I0828 06:06:28.758080  6902 solver.cpp:117] Iteration 173, loss = 0.681126
I0828 06:06:29.440779  6902 solver.cpp:269] Iteration 174, lr = 0.0001
I0828 06:06:29.541884  6902 solver.cpp:117] Iteration 174, loss = 0.650082
I0828 06:06:30.224290  6902 solver.cpp:269] Iteration 175, lr = 0.0001
I0828 06:06:30.325268  6902 solver.cpp:117] Iteration 175, loss = 0.69243
I0828 06:06:31.007524  6902 solver.cpp:269] Iteration 176, lr = 0.0001
I0828 06:06:31.108486  6902 solver.cpp:117] Iteration 176, loss = 0.742175
I0828 06:06:31.790299  6902 solver.cpp:269] Iteration 177, lr = 0.0001
I0828 06:06:31.891389  6902 solver.cpp:117] Iteration 177, loss = 0.709151
I0828 06:06:32.574825  6902 solver.cpp:269] Iteration 178, lr = 0.0001
I0828 06:06:32.675894  6902 solver.cpp:117] Iteration 178, loss = 0.744898
I0828 06:06:33.358341  6902 solver.cpp:269] Iteration 179, lr = 0.0001
I0828 06:06:33.459303  6902 solver.cpp:117] Iteration 179, loss = 0.795039
I0828 06:06:34.141356  6902 solver.cpp:269] Iteration 180, lr = 0.0001
I0828 06:06:34.242682  6902 solver.cpp:117] Iteration 180, loss = 0.951778
I0828 06:06:34.924655  6902 solver.cpp:269] Iteration 181, lr = 0.0001
I0828 06:06:35.025907  6902 solver.cpp:117] Iteration 181, loss = 0.830716
I0828 06:06:35.708647  6902 solver.cpp:269] Iteration 182, lr = 0.0001
I0828 06:06:35.809782  6902 solver.cpp:117] Iteration 182, loss = 0.78674
I0828 06:06:36.492211  6902 solver.cpp:269] Iteration 183, lr = 0.0001
I0828 06:06:36.593276  6902 solver.cpp:117] Iteration 183, loss = 0.625784
I0828 06:06:37.275431  6902 solver.cpp:269] Iteration 184, lr = 0.0001
I0828 06:06:37.376832  6902 solver.cpp:117] Iteration 184, loss = 0.830014
I0828 06:06:38.058807  6902 solver.cpp:269] Iteration 185, lr = 0.0001
I0828 06:06:38.159914  6902 solver.cpp:117] Iteration 185, loss = 0.810167
I0828 06:06:38.842042  6902 solver.cpp:269] Iteration 186, lr = 0.0001
I0828 06:06:38.943263  6902 solver.cpp:117] Iteration 186, loss = 0.798728
I0828 06:06:39.625458  6902 solver.cpp:269] Iteration 187, lr = 0.0001
I0828 06:06:39.726496  6902 solver.cpp:117] Iteration 187, loss = 0.642785
I0828 06:06:40.408926  6902 solver.cpp:269] Iteration 188, lr = 0.0001
I0828 06:06:40.510234  6902 solver.cpp:117] Iteration 188, loss = 0.749808
I0828 06:06:41.192380  6902 solver.cpp:269] Iteration 189, lr = 0.0001
I0828 06:06:41.293485  6902 solver.cpp:117] Iteration 189, loss = 0.789197
I0828 06:06:41.975723  6902 solver.cpp:269] Iteration 190, lr = 0.0001
I0828 06:06:42.076792  6902 solver.cpp:117] Iteration 190, loss = 0.738697
I0828 06:06:42.759531  6902 solver.cpp:269] Iteration 191, lr = 0.0001
I0828 06:06:42.860242  6902 solver.cpp:117] Iteration 191, loss = 0.718078
I0828 06:06:43.542299  6902 solver.cpp:269] Iteration 192, lr = 0.0001
I0828 06:06:43.643491  6902 solver.cpp:117] Iteration 192, loss = 0.731731
I0828 06:06:44.325500  6902 solver.cpp:269] Iteration 193, lr = 0.0001
I0828 06:06:44.426784  6902 solver.cpp:117] Iteration 193, loss = 0.733266
I0828 06:06:45.108571  6902 solver.cpp:269] Iteration 194, lr = 0.0001
I0828 06:06:45.209821  6902 solver.cpp:117] Iteration 194, loss = 0.707608
I0828 06:06:45.891473  6902 solver.cpp:269] Iteration 195, lr = 0.0001
I0828 06:06:45.992533  6902 solver.cpp:117] Iteration 195, loss = 0.644397
I0828 06:06:46.674129  6902 solver.cpp:269] Iteration 196, lr = 0.0001
I0828 06:06:46.775382  6902 solver.cpp:117] Iteration 196, loss = 0.710393
I0828 06:06:47.457254  6902 solver.cpp:269] Iteration 197, lr = 0.0001
I0828 06:06:47.558471  6902 solver.cpp:117] Iteration 197, loss = 0.625435
I0828 06:06:48.240402  6902 solver.cpp:269] Iteration 198, lr = 0.0001
I0828 06:06:48.341907  6902 solver.cpp:117] Iteration 198, loss = 0.770625
I0828 06:06:49.024076  6902 solver.cpp:269] Iteration 199, lr = 0.0001
I0828 06:06:49.125181  6902 solver.cpp:117] Iteration 199, loss = 0.840352
I0828 06:06:49.807065  6902 solver.cpp:269] Iteration 200, lr = 0.0001
I0828 06:06:49.908360  6902 solver.cpp:117] Iteration 200, loss = 1.23624
I0828 06:06:49.908390  6902 solver.cpp:136] Iteration 200, Testing net
I0828 06:06:51.822197  6902 solver.cpp:172] Test score #0: 0.497562
I0828 06:06:51.822235  6902 solver.cpp:172] Test score #1: 0.616037
I0828 06:06:52.284198  6902 solver.cpp:269] Iteration 201, lr = 0.0001
I0828 06:06:52.385313  6902 solver.cpp:117] Iteration 201, loss = 1.19901
I0828 06:06:53.066786  6902 solver.cpp:269] Iteration 202, lr = 0.0001
I0828 06:06:53.168119  6902 solver.cpp:117] Iteration 202, loss = 0.870806
I0828 06:06:53.850167  6902 solver.cpp:269] Iteration 203, lr = 0.0001
I0828 06:06:53.951304  6902 solver.cpp:117] Iteration 203, loss = 0.74613
I0828 06:06:54.633335  6902 solver.cpp:269] Iteration 204, lr = 0.0001
I0828 06:06:54.734652  6902 solver.cpp:117] Iteration 204, loss = 0.70795
I0828 06:06:55.415678  6902 solver.cpp:269] Iteration 205, lr = 0.0001
I0828 06:06:55.516973  6902 solver.cpp:117] Iteration 205, loss = 0.923211
I0828 06:06:56.199718  6902 solver.cpp:269] Iteration 206, lr = 0.0001
I0828 06:06:56.300807  6902 solver.cpp:117] Iteration 206, loss = 1.12178
I0828 06:06:56.982869  6902 solver.cpp:269] Iteration 207, lr = 0.0001
I0828 06:06:57.083786  6902 solver.cpp:117] Iteration 207, loss = 0.969358
I0828 06:06:57.765833  6902 solver.cpp:269] Iteration 208, lr = 0.0001
I0828 06:06:57.866967  6902 solver.cpp:117] Iteration 208, loss = 0.873398
I0828 06:06:58.548372  6902 solver.cpp:269] Iteration 209, lr = 0.0001
I0828 06:06:58.649483  6902 solver.cpp:117] Iteration 209, loss = 0.781871
I0828 06:06:59.331218  6902 solver.cpp:269] Iteration 210, lr = 0.0001
I0828 06:06:59.432014  6902 solver.cpp:117] Iteration 210, loss = 0.827797
I0828 06:07:00.114040  6902 solver.cpp:269] Iteration 211, lr = 0.0001
I0828 06:07:00.215114  6902 solver.cpp:117] Iteration 211, loss = 0.93279
I0828 06:07:00.896988  6902 solver.cpp:269] Iteration 212, lr = 0.0001
I0828 06:07:00.998071  6902 solver.cpp:117] Iteration 212, loss = 0.800569
I0828 06:07:01.679335  6902 solver.cpp:269] Iteration 213, lr = 0.0001
I0828 06:07:01.780237  6902 solver.cpp:117] Iteration 213, loss = 0.774164
I0828 06:07:02.462013  6902 solver.cpp:269] Iteration 214, lr = 0.0001
I0828 06:07:02.563196  6902 solver.cpp:117] Iteration 214, loss = 0.661828
I0828 06:07:03.244379  6902 solver.cpp:269] Iteration 215, lr = 0.0001
I0828 06:07:03.345614  6902 solver.cpp:117] Iteration 215, loss = 0.652106
I0828 06:07:04.028236  6902 solver.cpp:269] Iteration 216, lr = 0.0001
I0828 06:07:04.129092  6902 solver.cpp:117] Iteration 216, loss = 0.834762
I0828 06:07:04.812644  6902 solver.cpp:269] Iteration 217, lr = 0.0001
I0828 06:07:04.913658  6902 solver.cpp:117] Iteration 217, loss = 0.712674
I0828 06:07:05.595088  6902 solver.cpp:269] Iteration 218, lr = 0.0001
I0828 06:07:05.696257  6902 solver.cpp:117] Iteration 218, loss = 0.747957
I0828 06:07:06.377782  6902 solver.cpp:269] Iteration 219, lr = 0.0001
I0828 06:07:06.478947  6902 solver.cpp:117] Iteration 219, loss = 0.735061
I0828 06:07:07.160816  6902 solver.cpp:269] Iteration 220, lr = 0.0001
I0828 06:07:07.261952  6902 solver.cpp:117] Iteration 220, loss = 0.754338
I0828 06:07:07.944447  6902 solver.cpp:269] Iteration 221, lr = 0.0001
I0828 06:07:08.045243  6902 solver.cpp:117] Iteration 221, loss = 0.716163
I0828 06:07:08.727752  6902 solver.cpp:269] Iteration 222, lr = 0.0001
I0828 06:07:08.828726  6902 solver.cpp:117] Iteration 222, loss = 0.692653
I0828 06:07:09.511145  6902 solver.cpp:269] Iteration 223, lr = 0.0001
I0828 06:07:09.611793  6902 solver.cpp:117] Iteration 223, loss = 0.666175
I0828 06:07:10.293282  6902 solver.cpp:269] Iteration 224, lr = 0.0001
I0828 06:07:10.394615  6902 solver.cpp:117] Iteration 224, loss = 0.725892
I0828 06:07:11.076747  6902 solver.cpp:269] Iteration 225, lr = 0.0001
I0828 06:07:11.177916  6902 solver.cpp:117] Iteration 225, loss = 0.673484
I0828 06:07:11.859100  6902 solver.cpp:269] Iteration 226, lr = 0.0001
I0828 06:07:11.960319  6902 solver.cpp:117] Iteration 226, loss = 0.65346
I0828 06:07:12.642081  6902 solver.cpp:269] Iteration 227, lr = 0.0001
I0828 06:07:12.743116  6902 solver.cpp:117] Iteration 227, loss = 0.748327
I0828 06:07:13.425160  6902 solver.cpp:269] Iteration 228, lr = 0.0001
I0828 06:07:13.525990  6902 solver.cpp:117] Iteration 228, loss = 0.651105
I0828 06:07:14.207775  6902 solver.cpp:269] Iteration 229, lr = 0.0001
I0828 06:07:14.308873  6902 solver.cpp:117] Iteration 229, loss = 0.690974
I0828 06:07:14.990499  6902 solver.cpp:269] Iteration 230, lr = 0.0001
I0828 06:07:15.091604  6902 solver.cpp:117] Iteration 230, loss = 0.846043
I0828 06:07:15.773732  6902 solver.cpp:269] Iteration 231, lr = 0.0001
I0828 06:07:15.874609  6902 solver.cpp:117] Iteration 231, loss = 0.846244
I0828 06:07:16.556468  6902 solver.cpp:269] Iteration 232, lr = 0.0001
I0828 06:07:16.657497  6902 solver.cpp:117] Iteration 232, loss = 0.882753
I0828 06:07:17.339751  6902 solver.cpp:269] Iteration 233, lr = 0.0001
I0828 06:07:17.440922  6902 solver.cpp:117] Iteration 233, loss = 0.959935
I0828 06:07:18.122097  6902 solver.cpp:269] Iteration 234, lr = 0.0001
I0828 06:07:18.223410  6902 solver.cpp:117] Iteration 234, loss = 0.71885
I0828 06:07:18.905328  6902 solver.cpp:269] Iteration 235, lr = 0.0001
I0828 06:07:19.006489  6902 solver.cpp:117] Iteration 235, loss = 0.796224
I0828 06:07:19.688454  6902 solver.cpp:269] Iteration 236, lr = 0.0001
I0828 06:07:19.789808  6902 solver.cpp:117] Iteration 236, loss = 0.693939
I0828 06:07:20.471161  6902 solver.cpp:269] Iteration 237, lr = 0.0001
I0828 06:07:20.571882  6902 solver.cpp:117] Iteration 237, loss = 0.751277
I0828 06:07:21.254422  6902 solver.cpp:269] Iteration 238, lr = 0.0001
I0828 06:07:21.355408  6902 solver.cpp:117] Iteration 238, loss = 0.674924
I0828 06:07:22.036695  6902 solver.cpp:269] Iteration 239, lr = 0.0001
I0828 06:07:22.137666  6902 solver.cpp:117] Iteration 239, loss = 0.688436
I0828 06:07:22.819694  6902 solver.cpp:269] Iteration 240, lr = 0.0001
I0828 06:07:22.920773  6902 solver.cpp:117] Iteration 240, loss = 0.69402
I0828 06:07:23.603586  6902 solver.cpp:269] Iteration 241, lr = 0.0001
I0828 06:07:23.704576  6902 solver.cpp:117] Iteration 241, loss = 0.647765
I0828 06:07:24.386935  6902 solver.cpp:269] Iteration 242, lr = 0.0001
I0828 06:07:24.487838  6902 solver.cpp:117] Iteration 242, loss = 0.668037
I0828 06:07:25.169420  6902 solver.cpp:269] Iteration 243, lr = 0.0001
I0828 06:07:25.270356  6902 solver.cpp:117] Iteration 243, loss = 0.73371
I0828 06:07:25.951874  6902 solver.cpp:269] Iteration 244, lr = 0.0001
I0828 06:07:26.053058  6902 solver.cpp:117] Iteration 244, loss = 0.717284
I0828 06:07:26.734573  6902 solver.cpp:269] Iteration 245, lr = 0.0001
I0828 06:07:26.835561  6902 solver.cpp:117] Iteration 245, loss = 0.786116
I0828 06:07:27.517372  6902 solver.cpp:269] Iteration 246, lr = 0.0001
I0828 06:07:27.618209  6902 solver.cpp:117] Iteration 246, loss = 0.628738
I0828 06:07:28.299404  6902 solver.cpp:269] Iteration 247, lr = 0.0001
I0828 06:07:28.400472  6902 solver.cpp:117] Iteration 247, loss = 0.658312
I0828 06:07:29.082546  6902 solver.cpp:269] Iteration 248, lr = 0.0001
I0828 06:07:29.183250  6902 solver.cpp:117] Iteration 248, loss = 0.601189
I0828 06:07:29.864969  6902 solver.cpp:269] Iteration 249, lr = 0.0001
I0828 06:07:29.965795  6902 solver.cpp:117] Iteration 249, loss = 0.654564
I0828 06:07:30.647761  6902 solver.cpp:269] Iteration 250, lr = 0.0001
I0828 06:07:30.748751  6902 solver.cpp:117] Iteration 250, loss = 0.665735
I0828 06:07:31.430299  6902 solver.cpp:269] Iteration 251, lr = 0.0001
I0828 06:07:31.531354  6902 solver.cpp:117] Iteration 251, loss = 0.658467
I0828 06:07:32.213471  6902 solver.cpp:269] Iteration 252, lr = 0.0001
I0828 06:07:32.314564  6902 solver.cpp:117] Iteration 252, loss = 0.684593
I0828 06:07:32.996646  6902 solver.cpp:269] Iteration 253, lr = 0.0001
I0828 06:07:33.097589  6902 solver.cpp:117] Iteration 253, loss = 0.689477
I0828 06:07:33.779018  6902 solver.cpp:269] Iteration 254, lr = 0.0001
I0828 06:07:33.880146  6902 solver.cpp:117] Iteration 254, loss = 0.681348
I0828 06:07:34.562175  6902 solver.cpp:269] Iteration 255, lr = 0.0001
I0828 06:07:34.663036  6902 solver.cpp:117] Iteration 255, loss = 0.819109
I0828 06:07:35.344578  6902 solver.cpp:269] Iteration 256, lr = 0.0001
I0828 06:07:35.445871  6902 solver.cpp:117] Iteration 256, loss = 0.861832
I0828 06:07:36.129364  6902 solver.cpp:269] Iteration 257, lr = 0.0001
I0828 06:07:36.230232  6902 solver.cpp:117] Iteration 257, loss = 0.84526
I0828 06:07:36.912317  6902 solver.cpp:269] Iteration 258, lr = 0.0001
I0828 06:07:37.013432  6902 solver.cpp:117] Iteration 258, loss = 0.584068
I0828 06:07:37.695549  6902 solver.cpp:269] Iteration 259, lr = 0.0001
I0828 06:07:37.796391  6902 solver.cpp:117] Iteration 259, loss = 0.624557
I0828 06:07:38.478168  6902 solver.cpp:269] Iteration 260, lr = 0.0001
I0828 06:07:38.579205  6902 solver.cpp:117] Iteration 260, loss = 0.771845
I0828 06:07:39.261526  6902 solver.cpp:269] Iteration 261, lr = 0.0001
I0828 06:07:39.362622  6902 solver.cpp:117] Iteration 261, loss = 0.770129
I0828 06:07:40.044311  6902 solver.cpp:269] Iteration 262, lr = 0.0001
I0828 06:07:40.145442  6902 solver.cpp:117] Iteration 262, loss = 0.769023
I0828 06:07:40.827270  6902 solver.cpp:269] Iteration 263, lr = 0.0001
I0828 06:07:40.928252  6902 solver.cpp:117] Iteration 263, loss = 0.757976
I0828 06:07:41.610035  6902 solver.cpp:269] Iteration 264, lr = 0.0001
I0828 06:07:41.710717  6902 solver.cpp:117] Iteration 264, loss = 0.852427
I0828 06:07:42.392592  6902 solver.cpp:269] Iteration 265, lr = 0.0001
I0828 06:07:42.493650  6902 solver.cpp:117] Iteration 265, loss = 0.808846
I0828 06:07:43.175586  6902 solver.cpp:269] Iteration 266, lr = 0.0001
I0828 06:07:43.276656  6902 solver.cpp:117] Iteration 266, loss = 0.788525
I0828 06:07:43.958631  6902 solver.cpp:269] Iteration 267, lr = 0.0001
I0828 06:07:44.059507  6902 solver.cpp:117] Iteration 267, loss = 0.595902
I0828 06:07:44.740646  6902 solver.cpp:269] Iteration 268, lr = 0.0001
I0828 06:07:44.841871  6902 solver.cpp:117] Iteration 268, loss = 0.672958
I0828 06:07:45.523748  6902 solver.cpp:269] Iteration 269, lr = 0.0001
I0828 06:07:45.624718  6902 solver.cpp:117] Iteration 269, loss = 0.691715
I0828 06:07:46.306673  6902 solver.cpp:269] Iteration 270, lr = 0.0001
I0828 06:07:46.407543  6902 solver.cpp:117] Iteration 270, loss = 0.75742
I0828 06:07:47.090008  6902 solver.cpp:269] Iteration 271, lr = 0.0001
I0828 06:07:47.191005  6902 solver.cpp:117] Iteration 271, loss = 0.764905
I0828 06:07:47.872459  6902 solver.cpp:269] Iteration 272, lr = 0.0001
I0828 06:07:47.973573  6902 solver.cpp:117] Iteration 272, loss = 0.719977
I0828 06:07:48.655740  6902 solver.cpp:269] Iteration 273, lr = 0.0001
I0828 06:07:48.756461  6902 solver.cpp:117] Iteration 273, loss = 0.668928
I0828 06:07:49.438500  6902 solver.cpp:269] Iteration 274, lr = 0.0001
I0828 06:07:49.539383  6902 solver.cpp:117] Iteration 274, loss = 0.601941
I0828 06:07:50.220933  6902 solver.cpp:269] Iteration 275, lr = 0.0001
I0828 06:07:50.322038  6902 solver.cpp:117] Iteration 275, loss = 0.649632
I0828 06:07:51.003885  6902 solver.cpp:269] Iteration 276, lr = 0.0001
I0828 06:07:51.104853  6902 solver.cpp:117] Iteration 276, loss = 0.716305
I0828 06:07:51.786159  6902 solver.cpp:269] Iteration 277, lr = 0.0001
I0828 06:07:51.887219  6902 solver.cpp:117] Iteration 277, loss = 0.687321
I0828 06:07:52.568634  6902 solver.cpp:269] Iteration 278, lr = 0.0001
I0828 06:07:52.669661  6902 solver.cpp:117] Iteration 278, loss = 0.806724
I0828 06:07:53.351044  6902 solver.cpp:269] Iteration 279, lr = 0.0001
I0828 06:07:53.452069  6902 solver.cpp:117] Iteration 279, loss = 0.7926
I0828 06:07:54.133692  6902 solver.cpp:269] Iteration 280, lr = 0.0001
I0828 06:07:54.234644  6902 solver.cpp:117] Iteration 280, loss = 0.820422
I0828 06:07:54.916467  6902 solver.cpp:269] Iteration 281, lr = 0.0001
I0828 06:07:55.017206  6902 solver.cpp:117] Iteration 281, loss = 0.747399
I0828 06:07:55.699332  6902 solver.cpp:269] Iteration 282, lr = 0.0001
I0828 06:07:55.800498  6902 solver.cpp:117] Iteration 282, loss = 0.65275
I0828 06:07:56.481662  6902 solver.cpp:269] Iteration 283, lr = 0.0001
I0828 06:07:56.582867  6902 solver.cpp:117] Iteration 283, loss = 0.725002
I0828 06:07:57.264827  6902 solver.cpp:269] Iteration 284, lr = 0.0001
I0828 06:07:57.365748  6902 solver.cpp:117] Iteration 284, loss = 0.746532
I0828 06:07:58.047461  6902 solver.cpp:269] Iteration 285, lr = 0.0001
I0828 06:07:58.148576  6902 solver.cpp:117] Iteration 285, loss = 0.763722
I0828 06:07:58.830020  6902 solver.cpp:269] Iteration 286, lr = 0.0001
I0828 06:07:58.931311  6902 solver.cpp:117] Iteration 286, loss = 0.665695
I0828 06:07:59.612999  6902 solver.cpp:269] Iteration 287, lr = 0.0001
I0828 06:07:59.714032  6902 solver.cpp:117] Iteration 287, loss = 0.687479
I0828 06:08:00.396708  6902 solver.cpp:269] Iteration 288, lr = 0.0001
I0828 06:08:00.497607  6902 solver.cpp:117] Iteration 288, loss = 0.66434
I0828 06:08:01.179939  6902 solver.cpp:269] Iteration 289, lr = 0.0001
I0828 06:08:01.281018  6902 solver.cpp:117] Iteration 289, loss = 0.619328
I0828 06:08:01.962812  6902 solver.cpp:269] Iteration 290, lr = 0.0001
I0828 06:08:02.064055  6902 solver.cpp:117] Iteration 290, loss = 0.756353
I0828 06:08:02.745707  6902 solver.cpp:269] Iteration 291, lr = 0.0001
I0828 06:08:02.846253  6902 solver.cpp:117] Iteration 291, loss = 0.823268
I0828 06:08:03.527997  6902 solver.cpp:269] Iteration 292, lr = 0.0001
I0828 06:08:03.628973  6902 solver.cpp:117] Iteration 292, loss = 0.868081
I0828 06:08:04.310950  6902 solver.cpp:269] Iteration 293, lr = 0.0001
I0828 06:08:04.411629  6902 solver.cpp:117] Iteration 293, loss = 0.756589
I0828 06:08:05.093543  6902 solver.cpp:269] Iteration 294, lr = 0.0001
I0828 06:08:05.194411  6902 solver.cpp:117] Iteration 294, loss = 0.758513
I0828 06:08:05.876412  6902 solver.cpp:269] Iteration 295, lr = 0.0001
I0828 06:08:05.977437  6902 solver.cpp:117] Iteration 295, loss = 0.732351
I0828 06:08:06.659160  6902 solver.cpp:269] Iteration 296, lr = 0.0001
I0828 06:08:06.760095  6902 solver.cpp:117] Iteration 296, loss = 0.739012
I0828 06:08:07.441197  6902 solver.cpp:269] Iteration 297, lr = 0.0001
I0828 06:08:07.542065  6902 solver.cpp:117] Iteration 297, loss = 0.654005
I0828 06:08:08.225355  6902 solver.cpp:269] Iteration 298, lr = 0.0001
I0828 06:08:08.325930  6902 solver.cpp:117] Iteration 298, loss = 0.750729
I0828 06:08:09.007364  6902 solver.cpp:269] Iteration 299, lr = 0.0001
I0828 06:08:09.108000  6902 solver.cpp:117] Iteration 299, loss = 0.670915
I0828 06:08:09.789491  6902 solver.cpp:269] Iteration 300, lr = 0.0001
I0828 06:08:09.890323  6902 solver.cpp:117] Iteration 300, loss = 0.681577
I0828 06:08:10.572029  6902 solver.cpp:269] Iteration 301, lr = 0.0001
I0828 06:08:10.672641  6902 solver.cpp:117] Iteration 301, loss = 0.714135
I0828 06:08:11.353936  6902 solver.cpp:269] Iteration 302, lr = 0.0001
I0828 06:08:11.455026  6902 solver.cpp:117] Iteration 302, loss = 0.733608
I0828 06:08:12.136528  6902 solver.cpp:269] Iteration 303, lr = 0.0001
I0828 06:08:12.237287  6902 solver.cpp:117] Iteration 303, loss = 0.700634
I0828 06:08:12.918299  6902 solver.cpp:269] Iteration 304, lr = 0.0001
I0828 06:08:13.019265  6902 solver.cpp:117] Iteration 304, loss = 0.679634
I0828 06:08:13.701010  6902 solver.cpp:269] Iteration 305, lr = 0.0001
I0828 06:08:13.801695  6902 solver.cpp:117] Iteration 305, loss = 0.689513
I0828 06:08:14.483471  6902 solver.cpp:269] Iteration 306, lr = 0.0001
I0828 06:08:14.584323  6902 solver.cpp:117] Iteration 306, loss = 0.674356
I0828 06:08:15.264878  6902 solver.cpp:269] Iteration 307, lr = 0.0001
I0828 06:08:15.365906  6902 solver.cpp:117] Iteration 307, loss = 0.81625
I0828 06:08:16.047794  6902 solver.cpp:269] Iteration 308, lr = 0.0001
I0828 06:08:16.148708  6902 solver.cpp:117] Iteration 308, loss = 0.752299
I0828 06:08:16.830226  6902 solver.cpp:269] Iteration 309, lr = 0.0001
I0828 06:08:16.931217  6902 solver.cpp:117] Iteration 309, loss = 0.644792
I0828 06:08:17.613014  6902 solver.cpp:269] Iteration 310, lr = 0.0001
I0828 06:08:17.714134  6902 solver.cpp:117] Iteration 310, loss = 0.720301
I0828 06:08:18.394860  6902 solver.cpp:269] Iteration 311, lr = 0.0001
I0828 06:08:18.495666  6902 solver.cpp:117] Iteration 311, loss = 0.796479
I0828 06:08:19.177759  6902 solver.cpp:269] Iteration 312, lr = 0.0001
I0828 06:08:19.278466  6902 solver.cpp:117] Iteration 312, loss = 0.711994
I0828 06:08:19.960621  6902 solver.cpp:269] Iteration 313, lr = 0.0001
I0828 06:08:20.061481  6902 solver.cpp:117] Iteration 313, loss = 0.683245
I0828 06:08:20.743707  6902 solver.cpp:269] Iteration 314, lr = 0.0001
I0828 06:08:20.844682  6902 solver.cpp:117] Iteration 314, loss = 0.631575
I0828 06:08:21.526095  6902 solver.cpp:269] Iteration 315, lr = 0.0001
I0828 06:08:21.626943  6902 solver.cpp:117] Iteration 315, loss = 0.763499
I0828 06:08:22.308465  6902 solver.cpp:269] Iteration 316, lr = 0.0001
I0828 06:08:22.409529  6902 solver.cpp:117] Iteration 316, loss = 0.700876
I0828 06:08:23.091146  6902 solver.cpp:269] Iteration 317, lr = 0.0001
I0828 06:08:23.192270  6902 solver.cpp:117] Iteration 317, loss = 0.657409
I0828 06:08:23.873894  6902 solver.cpp:269] Iteration 318, lr = 0.0001
I0828 06:08:23.974721  6902 solver.cpp:117] Iteration 318, loss = 0.708514
I0828 06:08:24.656618  6902 solver.cpp:269] Iteration 319, lr = 0.0001
I0828 06:08:24.757446  6902 solver.cpp:117] Iteration 319, loss = 0.621685
I0828 06:08:25.438998  6902 solver.cpp:269] Iteration 320, lr = 0.0001
I0828 06:08:25.540104  6902 solver.cpp:117] Iteration 320, loss = 0.670585
I0828 06:08:26.221834  6902 solver.cpp:269] Iteration 321, lr = 0.0001
I0828 06:08:26.322793  6902 solver.cpp:117] Iteration 321, loss = 0.700621
I0828 06:08:27.004698  6902 solver.cpp:269] Iteration 322, lr = 0.0001
I0828 06:08:27.105563  6902 solver.cpp:117] Iteration 322, loss = 0.796887
I0828 06:08:27.787168  6902 solver.cpp:269] Iteration 323, lr = 0.0001
I0828 06:08:27.888093  6902 solver.cpp:117] Iteration 323, loss = 0.738448
I0828 06:08:28.568814  6902 solver.cpp:269] Iteration 324, lr = 0.0001
I0828 06:08:28.669806  6902 solver.cpp:117] Iteration 324, loss = 0.62243
I0828 06:08:29.351461  6902 solver.cpp:269] Iteration 325, lr = 0.0001
I0828 06:08:29.452234  6902 solver.cpp:117] Iteration 325, loss = 0.756967
I0828 06:08:30.134383  6902 solver.cpp:269] Iteration 326, lr = 0.0001
I0828 06:08:30.235296  6902 solver.cpp:117] Iteration 326, loss = 0.69873
I0828 06:08:30.917610  6902 solver.cpp:269] Iteration 327, lr = 0.0001
I0828 06:08:31.018501  6902 solver.cpp:117] Iteration 327, loss = 0.688123
I0828 06:08:31.700821  6902 solver.cpp:269] Iteration 328, lr = 0.0001
I0828 06:08:31.801826  6902 solver.cpp:117] Iteration 328, loss = 0.815104
I0828 06:08:32.484220  6902 solver.cpp:269] Iteration 329, lr = 0.0001
I0828 06:08:32.585064  6902 solver.cpp:117] Iteration 329, loss = 0.753229
I0828 06:08:33.266404  6902 solver.cpp:269] Iteration 330, lr = 0.0001
I0828 06:08:33.367100  6902 solver.cpp:117] Iteration 330, loss = 0.694168
I0828 06:08:34.048332  6902 solver.cpp:269] Iteration 331, lr = 0.0001
I0828 06:08:34.149155  6902 solver.cpp:117] Iteration 331, loss = 0.637639
I0828 06:08:34.830906  6902 solver.cpp:269] Iteration 332, lr = 0.0001
I0828 06:08:34.932003  6902 solver.cpp:117] Iteration 332, loss = 0.705514
I0828 06:08:35.612848  6902 solver.cpp:269] Iteration 333, lr = 0.0001
I0828 06:08:35.713769  6902 solver.cpp:117] Iteration 333, loss = 0.678934
I0828 06:08:36.395512  6902 solver.cpp:269] Iteration 334, lr = 0.0001
I0828 06:08:36.496311  6902 solver.cpp:117] Iteration 334, loss = 0.803237
I0828 06:08:37.178097  6902 solver.cpp:269] Iteration 335, lr = 0.0001
I0828 06:08:37.278980  6902 solver.cpp:117] Iteration 335, loss = 0.816286
I0828 06:08:37.960575  6902 solver.cpp:269] Iteration 336, lr = 0.0001
I0828 06:08:38.061770  6902 solver.cpp:117] Iteration 336, loss = 0.730507
I0828 06:08:38.742576  6902 solver.cpp:269] Iteration 337, lr = 0.0001
I0828 06:08:38.843364  6902 solver.cpp:117] Iteration 337, loss = 0.635448
I0828 06:08:39.525696  6902 solver.cpp:269] Iteration 338, lr = 0.0001
I0828 06:08:39.626659  6902 solver.cpp:117] Iteration 338, loss = 0.656952
I0828 06:08:40.308815  6902 solver.cpp:269] Iteration 339, lr = 0.0001
I0828 06:08:40.409898  6902 solver.cpp:117] Iteration 339, loss = 0.693374
I0828 06:08:41.091477  6902 solver.cpp:269] Iteration 340, lr = 0.0001
I0828 06:08:41.192597  6902 solver.cpp:117] Iteration 340, loss = 0.654855
I0828 06:08:41.874351  6902 solver.cpp:269] Iteration 341, lr = 0.0001
I0828 06:08:41.975155  6902 solver.cpp:117] Iteration 341, loss = 0.616949
I0828 06:08:42.656126  6902 solver.cpp:269] Iteration 342, lr = 0.0001
I0828 06:08:42.757185  6902 solver.cpp:117] Iteration 342, loss = 0.609439
I0828 06:08:43.439388  6902 solver.cpp:269] Iteration 343, lr = 0.0001
I0828 06:08:43.540354  6902 solver.cpp:117] Iteration 343, loss = 0.666951
I0828 06:08:44.221328  6902 solver.cpp:269] Iteration 344, lr = 0.0001
I0828 06:08:44.322404  6902 solver.cpp:117] Iteration 344, loss = 0.647177
I0828 06:08:45.003403  6902 solver.cpp:269] Iteration 345, lr = 0.0001
I0828 06:08:45.104558  6902 solver.cpp:117] Iteration 345, loss = 0.749834
I0828 06:08:45.786399  6902 solver.cpp:269] Iteration 346, lr = 0.0001
I0828 06:08:45.887590  6902 solver.cpp:117] Iteration 346, loss = 0.775454
I0828 06:08:46.569617  6902 solver.cpp:269] Iteration 347, lr = 0.0001
I0828 06:08:46.670655  6902 solver.cpp:117] Iteration 347, loss = 0.751169
I0828 06:08:47.352529  6902 solver.cpp:269] Iteration 348, lr = 0.0001
I0828 06:08:47.453933  6902 solver.cpp:117] Iteration 348, loss = 0.629053
I0828 06:08:48.135377  6902 solver.cpp:269] Iteration 349, lr = 0.0001
I0828 06:08:48.236698  6902 solver.cpp:117] Iteration 349, loss = 0.664246
I0828 06:08:48.918424  6902 solver.cpp:269] Iteration 350, lr = 0.0001
I0828 06:08:49.019629  6902 solver.cpp:117] Iteration 350, loss = 0.690194
I0828 06:08:49.700114  6902 solver.cpp:269] Iteration 351, lr = 0.0001
I0828 06:08:49.801131  6902 solver.cpp:117] Iteration 351, loss = 0.562732
I0828 06:08:50.482419  6902 solver.cpp:269] Iteration 352, lr = 0.0001
I0828 06:08:50.583369  6902 solver.cpp:117] Iteration 352, loss = 0.711368
I0828 06:08:51.265033  6902 solver.cpp:269] Iteration 353, lr = 0.0001
I0828 06:08:51.366035  6902 solver.cpp:117] Iteration 353, loss = 0.691971
I0828 06:08:52.047480  6902 solver.cpp:269] Iteration 354, lr = 0.0001
I0828 06:08:52.148589  6902 solver.cpp:117] Iteration 354, loss = 0.702842
I0828 06:08:52.830154  6902 solver.cpp:269] Iteration 355, lr = 0.0001
I0828 06:08:52.931270  6902 solver.cpp:117] Iteration 355, loss = 0.595878
I0828 06:08:53.612311  6902 solver.cpp:269] Iteration 356, lr = 0.0001
I0828 06:08:53.713449  6902 solver.cpp:117] Iteration 356, loss = 0.641895
I0828 06:08:54.394878  6902 solver.cpp:269] Iteration 357, lr = 0.0001
I0828 06:08:54.495990  6902 solver.cpp:117] Iteration 357, loss = 0.67953
I0828 06:08:55.176497  6902 solver.cpp:269] Iteration 358, lr = 0.0001
I0828 06:08:55.277708  6902 solver.cpp:117] Iteration 358, loss = 0.678281
I0828 06:08:55.959139  6902 solver.cpp:269] Iteration 359, lr = 0.0001
I0828 06:08:56.060202  6902 solver.cpp:117] Iteration 359, loss = 0.668337
I0828 06:08:56.742722  6902 solver.cpp:269] Iteration 360, lr = 0.0001
I0828 06:08:56.843777  6902 solver.cpp:117] Iteration 360, loss = 0.691052
I0828 06:08:57.525352  6902 solver.cpp:269] Iteration 361, lr = 0.0001
I0828 06:08:57.626281  6902 solver.cpp:117] Iteration 361, loss = 0.72396
I0828 06:08:58.307274  6902 solver.cpp:269] Iteration 362, lr = 0.0001
I0828 06:08:58.408129  6902 solver.cpp:117] Iteration 362, loss = 0.672327
I0828 06:08:59.089781  6902 solver.cpp:269] Iteration 363, lr = 0.0001
I0828 06:08:59.191033  6902 solver.cpp:117] Iteration 363, loss = 0.606683
I0828 06:08:59.872539  6902 solver.cpp:269] Iteration 364, lr = 0.0001
I0828 06:08:59.973592  6902 solver.cpp:117] Iteration 364, loss = 0.75534
I0828 06:09:00.654639  6902 solver.cpp:269] Iteration 365, lr = 0.0001
I0828 06:09:00.755671  6902 solver.cpp:117] Iteration 365, loss = 0.862183
I0828 06:09:01.437204  6902 solver.cpp:269] Iteration 366, lr = 0.0001
I0828 06:09:01.538014  6902 solver.cpp:117] Iteration 366, loss = 0.702962
I0828 06:09:02.219059  6902 solver.cpp:269] Iteration 367, lr = 0.0001
I0828 06:09:02.320193  6902 solver.cpp:117] Iteration 367, loss = 0.644827
I0828 06:09:03.001333  6902 solver.cpp:269] Iteration 368, lr = 0.0001
I0828 06:09:03.102440  6902 solver.cpp:117] Iteration 368, loss = 0.649766
I0828 06:09:03.783396  6902 solver.cpp:269] Iteration 369, lr = 0.0001
I0828 06:09:03.884181  6902 solver.cpp:117] Iteration 369, loss = 0.676781
I0828 06:09:04.565237  6902 solver.cpp:269] Iteration 370, lr = 0.0001
I0828 06:09:04.666498  6902 solver.cpp:117] Iteration 370, loss = 0.63167
I0828 06:09:05.347421  6902 solver.cpp:269] Iteration 371, lr = 0.0001
I0828 06:09:05.448583  6902 solver.cpp:117] Iteration 371, loss = 0.699366
I0828 06:09:06.129736  6902 solver.cpp:269] Iteration 372, lr = 0.0001
I0828 06:09:06.230607  6902 solver.cpp:117] Iteration 372, loss = 0.683315
I0828 06:09:06.912199  6902 solver.cpp:269] Iteration 373, lr = 0.0001
I0828 06:09:07.013355  6902 solver.cpp:117] Iteration 373, loss = 0.586219
I0828 06:09:07.694473  6902 solver.cpp:269] Iteration 374, lr = 0.0001
I0828 06:09:07.795652  6902 solver.cpp:117] Iteration 374, loss = 0.632442
I0828 06:09:08.476824  6902 solver.cpp:269] Iteration 375, lr = 0.0001
I0828 06:09:08.577786  6902 solver.cpp:117] Iteration 375, loss = 0.661899
I0828 06:09:09.259130  6902 solver.cpp:269] Iteration 376, lr = 0.0001
I0828 06:09:09.360049  6902 solver.cpp:117] Iteration 376, loss = 0.713453
I0828 06:09:10.041190  6902 solver.cpp:269] Iteration 377, lr = 0.0001
I0828 06:09:10.142205  6902 solver.cpp:117] Iteration 377, loss = 0.720401
I0828 06:09:10.822939  6902 solver.cpp:269] Iteration 378, lr = 0.0001
I0828 06:09:10.924057  6902 solver.cpp:117] Iteration 378, loss = 0.707492
I0828 06:09:11.607426  6902 solver.cpp:269] Iteration 379, lr = 0.0001
I0828 06:09:11.708433  6902 solver.cpp:117] Iteration 379, loss = 0.573097
I0828 06:09:12.389804  6902 solver.cpp:269] Iteration 380, lr = 0.0001
I0828 06:09:12.490489  6902 solver.cpp:117] Iteration 380, loss = 0.709272
I0828 06:09:13.172358  6902 solver.cpp:269] Iteration 381, lr = 0.0001
I0828 06:09:13.273394  6902 solver.cpp:117] Iteration 381, loss = 0.847826
I0828 06:09:13.955173  6902 solver.cpp:269] Iteration 382, lr = 0.0001
I0828 06:09:14.056323  6902 solver.cpp:117] Iteration 382, loss = 0.88248
I0828 06:09:14.737778  6902 solver.cpp:269] Iteration 383, lr = 0.0001
I0828 06:09:14.838853  6902 solver.cpp:117] Iteration 383, loss = 0.738175
I0828 06:09:15.519980  6902 solver.cpp:269] Iteration 384, lr = 0.0001
I0828 06:09:15.621060  6902 solver.cpp:117] Iteration 384, loss = 0.596952
I0828 06:09:16.302628  6902 solver.cpp:269] Iteration 385, lr = 0.0001
I0828 06:09:16.403772  6902 solver.cpp:117] Iteration 385, loss = 0.650957
I0828 06:09:17.085183  6902 solver.cpp:269] Iteration 386, lr = 0.0001
I0828 06:09:17.186272  6902 solver.cpp:117] Iteration 386, loss = 0.66191
I0828 06:09:17.867561  6902 solver.cpp:269] Iteration 387, lr = 0.0001
I0828 06:09:17.968597  6902 solver.cpp:117] Iteration 387, loss = 0.665415
I0828 06:09:18.650365  6902 solver.cpp:269] Iteration 388, lr = 0.0001
I0828 06:09:18.751499  6902 solver.cpp:117] Iteration 388, loss = 0.657766
I0828 06:09:19.432802  6902 solver.cpp:269] Iteration 389, lr = 0.0001
I0828 06:09:19.533903  6902 solver.cpp:117] Iteration 389, loss = 0.576094
I0828 06:09:20.215512  6902 solver.cpp:269] Iteration 390, lr = 0.0001
I0828 06:09:20.316258  6902 solver.cpp:117] Iteration 390, loss = 0.664309
I0828 06:09:20.997838  6902 solver.cpp:269] Iteration 391, lr = 0.0001
I0828 06:09:21.098757  6902 solver.cpp:117] Iteration 391, loss = 0.660365
I0828 06:09:21.778796  6902 solver.cpp:269] Iteration 392, lr = 0.0001
I0828 06:09:21.879793  6902 solver.cpp:117] Iteration 392, loss = 0.702439
I0828 06:09:22.561259  6902 solver.cpp:269] Iteration 393, lr = 0.0001
I0828 06:09:22.662322  6902 solver.cpp:117] Iteration 393, loss = 0.708614
I0828 06:09:23.343180  6902 solver.cpp:269] Iteration 394, lr = 0.0001
I0828 06:09:23.444408  6902 solver.cpp:117] Iteration 394, loss = 0.658635
I0828 06:09:24.125529  6902 solver.cpp:269] Iteration 395, lr = 0.0001
I0828 06:09:24.226567  6902 solver.cpp:117] Iteration 395, loss = 0.667871
I0828 06:09:24.908349  6902 solver.cpp:269] Iteration 396, lr = 0.0001
I0828 06:09:25.008997  6902 solver.cpp:117] Iteration 396, loss = 0.701654
I0828 06:09:25.690359  6902 solver.cpp:269] Iteration 397, lr = 0.0001
I0828 06:09:25.791470  6902 solver.cpp:117] Iteration 397, loss = 0.627653
I0828 06:09:26.472746  6902 solver.cpp:269] Iteration 398, lr = 0.0001
I0828 06:09:26.573771  6902 solver.cpp:117] Iteration 398, loss = 0.70249
I0828 06:09:27.256208  6902 solver.cpp:269] Iteration 399, lr = 0.0001
I0828 06:09:27.357234  6902 solver.cpp:117] Iteration 399, loss = 0.740157
I0828 06:09:28.039464  6902 solver.cpp:269] Iteration 400, lr = 0.0001
I0828 06:09:28.140296  6902 solver.cpp:117] Iteration 400, loss = 0.655567
I0828 06:09:28.140327  6902 solver.cpp:136] Iteration 400, Testing net
I0828 06:09:30.053032  6902 solver.cpp:172] Test score #0: 0.476581
I0828 06:09:30.053073  6902 solver.cpp:172] Test score #1: 1.17966
I0828 06:09:30.514096  6902 solver.cpp:269] Iteration 401, lr = 0.0001
I0828 06:09:30.614892  6902 solver.cpp:117] Iteration 401, loss = 0.735583
I0828 06:09:31.296355  6902 solver.cpp:269] Iteration 402, lr = 0.0001
I0828 06:09:31.397452  6902 solver.cpp:117] Iteration 402, loss = 0.650812
I0828 06:09:32.078474  6902 solver.cpp:269] Iteration 403, lr = 0.0001
I0828 06:09:32.179638  6902 solver.cpp:117] Iteration 403, loss = 0.68524
I0828 06:09:32.861116  6902 solver.cpp:269] Iteration 404, lr = 0.0001
I0828 06:09:32.962328  6902 solver.cpp:117] Iteration 404, loss = 0.687527
I0828 06:09:33.644672  6902 solver.cpp:269] Iteration 405, lr = 0.0001
I0828 06:09:33.745746  6902 solver.cpp:117] Iteration 405, loss = 0.656947
I0828 06:09:34.427240  6902 solver.cpp:269] Iteration 406, lr = 0.0001
I0828 06:09:34.528373  6902 solver.cpp:117] Iteration 406, loss = 0.617918
I0828 06:09:35.209516  6902 solver.cpp:269] Iteration 407, lr = 0.0001
I0828 06:09:35.310410  6902 solver.cpp:117] Iteration 407, loss = 0.654258
I0828 06:09:35.991847  6902 solver.cpp:269] Iteration 408, lr = 0.0001
I0828 06:09:36.092994  6902 solver.cpp:117] Iteration 408, loss = 0.590219
I0828 06:09:36.773836  6902 solver.cpp:269] Iteration 409, lr = 0.0001
I0828 06:09:36.874975  6902 solver.cpp:117] Iteration 409, loss = 0.743583
I0828 06:09:37.556586  6902 solver.cpp:269] Iteration 410, lr = 0.0001
I0828 06:09:37.657567  6902 solver.cpp:117] Iteration 410, loss = 0.671706
I0828 06:09:38.340188  6902 solver.cpp:269] Iteration 411, lr = 0.0001
I0828 06:09:38.440631  6902 solver.cpp:117] Iteration 411, loss = 0.74466
I0828 06:09:39.123407  6902 solver.cpp:269] Iteration 412, lr = 0.0001
I0828 06:09:39.223728  6902 solver.cpp:117] Iteration 412, loss = 0.6629
I0828 06:09:39.905904  6902 solver.cpp:269] Iteration 413, lr = 0.0001
I0828 06:09:40.005858  6902 solver.cpp:117] Iteration 413, loss = 0.69849
I0828 06:09:40.688559  6902 solver.cpp:269] Iteration 414, lr = 0.0001
I0828 06:09:40.788751  6902 solver.cpp:117] Iteration 414, loss = 0.612857
I0828 06:09:41.471590  6902 solver.cpp:269] Iteration 415, lr = 0.0001
I0828 06:09:41.571753  6902 solver.cpp:117] Iteration 415, loss = 0.685366
I0828 06:09:42.254261  6902 solver.cpp:269] Iteration 416, lr = 0.0001
I0828 06:09:42.354500  6902 solver.cpp:117] Iteration 416, loss = 0.719242
