nohup: ignoring input
I0829 05:08:13.293992 15446 finetune_net.cpp:25] Starting Optimization
I0829 05:08:13.294080 15446 solver.cpp:42] Creating training net.
I0829 05:08:13.294569 15446 net.cpp:76] Creating Layer data
I0829 05:08:13.294580 15446 net.cpp:112] data -> data
I0829 05:08:13.294591 15446 net.cpp:112] data -> label
I0829 05:08:13.294611 15446 data_layer.cpp:145] Opening leveldb clampdetCI_train_leveldb
I0829 05:08:13.337952 15446 data_layer.cpp:185] output data size: 128,3,227,227
I0829 05:08:13.337970 15446 data_layer.cpp:204] Loading mean file from../../data/clampdetCI/clampdetCI_mean.binaryproto
I0829 05:08:13.559512 15446 net.cpp:127] Top shape: 128 3 227 227 (19787136)
I0829 05:08:13.559543 15446 net.cpp:127] Top shape: 128 1 1 1 (128)
I0829 05:08:13.559551 15446 net.cpp:158] data does not need backward computation.
I0829 05:08:13.559563 15446 net.cpp:76] Creating Layer conv1
I0829 05:08:13.559569 15446 net.cpp:86] conv1 <- data
I0829 05:08:13.559583 15446 net.cpp:112] conv1 -> conv1
I0829 05:08:13.560916 15446 net.cpp:127] Top shape: 128 96 55 55 (37171200)
I0829 05:08:13.560931 15446 net.cpp:153] conv1 needs backward computation.
I0829 05:08:13.560940 15446 net.cpp:76] Creating Layer relu1
I0829 05:08:13.560943 15446 net.cpp:86] relu1 <- conv1
I0829 05:08:13.560950 15446 net.cpp:100] relu1 -> conv1 (in-place)
I0829 05:08:13.560956 15446 net.cpp:127] Top shape: 128 96 55 55 (37171200)
I0829 05:08:13.560963 15446 net.cpp:153] relu1 needs backward computation.
I0829 05:08:13.560977 15446 net.cpp:76] Creating Layer pool1
I0829 05:08:13.560986 15446 net.cpp:86] pool1 <- conv1
I0829 05:08:13.560993 15446 net.cpp:112] pool1 -> pool1
I0829 05:08:13.561010 15446 net.cpp:127] Top shape: 128 96 27 27 (8957952)
I0829 05:08:13.561019 15446 net.cpp:153] pool1 needs backward computation.
I0829 05:08:13.561030 15446 net.cpp:76] Creating Layer norm1
I0829 05:08:13.561038 15446 net.cpp:86] norm1 <- pool1
I0829 05:08:13.561054 15446 net.cpp:112] norm1 -> norm1
I0829 05:08:13.561069 15446 net.cpp:127] Top shape: 128 96 27 27 (8957952)
I0829 05:08:13.561079 15446 net.cpp:153] norm1 needs backward computation.
I0829 05:08:13.561089 15446 net.cpp:76] Creating Layer conv2
I0829 05:08:13.561105 15446 net.cpp:86] conv2 <- norm1
I0829 05:08:13.561113 15446 net.cpp:112] conv2 -> conv2
I0829 05:08:13.572510 15446 net.cpp:127] Top shape: 128 256 27 27 (23887872)
I0829 05:08:13.572541 15446 net.cpp:153] conv2 needs backward computation.
I0829 05:08:13.572554 15446 net.cpp:76] Creating Layer relu2
I0829 05:08:13.572563 15446 net.cpp:86] relu2 <- conv2
I0829 05:08:13.572572 15446 net.cpp:100] relu2 -> conv2 (in-place)
I0829 05:08:13.572579 15446 net.cpp:127] Top shape: 128 256 27 27 (23887872)
I0829 05:08:13.572587 15446 net.cpp:153] relu2 needs backward computation.
I0829 05:08:13.572595 15446 net.cpp:76] Creating Layer pool2
I0829 05:08:13.572602 15446 net.cpp:86] pool2 <- conv2
I0829 05:08:13.572609 15446 net.cpp:112] pool2 -> pool2
I0829 05:08:13.572618 15446 net.cpp:127] Top shape: 128 256 13 13 (5537792)
I0829 05:08:13.572624 15446 net.cpp:153] pool2 needs backward computation.
I0829 05:08:13.572636 15446 net.cpp:76] Creating Layer norm2
I0829 05:08:13.572643 15446 net.cpp:86] norm2 <- pool2
I0829 05:08:13.572650 15446 net.cpp:112] norm2 -> norm2
I0829 05:08:13.572660 15446 net.cpp:127] Top shape: 128 256 13 13 (5537792)
I0829 05:08:13.572669 15446 net.cpp:153] norm2 needs backward computation.
I0829 05:08:13.572691 15446 net.cpp:76] Creating Layer conv3
I0829 05:08:13.572700 15446 net.cpp:86] conv3 <- norm2
I0829 05:08:13.572706 15446 net.cpp:112] conv3 -> conv3
I0829 05:08:13.605339 15446 net.cpp:127] Top shape: 128 384 13 13 (8306688)
I0829 05:08:13.605371 15446 net.cpp:153] conv3 needs backward computation.
I0829 05:08:13.605383 15446 net.cpp:76] Creating Layer relu3
I0829 05:08:13.605391 15446 net.cpp:86] relu3 <- conv3
I0829 05:08:13.605401 15446 net.cpp:100] relu3 -> conv3 (in-place)
I0829 05:08:13.605409 15446 net.cpp:127] Top shape: 128 384 13 13 (8306688)
I0829 05:08:13.605415 15446 net.cpp:153] relu3 needs backward computation.
I0829 05:08:13.605424 15446 net.cpp:76] Creating Layer conv4
I0829 05:08:13.605430 15446 net.cpp:86] conv4 <- conv3
I0829 05:08:13.605437 15446 net.cpp:112] conv4 -> conv4
I0829 05:08:13.636188 15446 net.cpp:127] Top shape: 128 384 13 13 (8306688)
I0829 05:08:13.636220 15446 net.cpp:153] conv4 needs backward computation.
I0829 05:08:13.636230 15446 net.cpp:76] Creating Layer relu4
I0829 05:08:13.636236 15446 net.cpp:86] relu4 <- conv4
I0829 05:08:13.636243 15446 net.cpp:100] relu4 -> conv4 (in-place)
I0829 05:08:13.636250 15446 net.cpp:127] Top shape: 128 384 13 13 (8306688)
I0829 05:08:13.636253 15446 net.cpp:153] relu4 needs backward computation.
I0829 05:08:13.636260 15446 net.cpp:76] Creating Layer conv5
I0829 05:08:13.636263 15446 net.cpp:86] conv5 <- conv4
I0829 05:08:13.636268 15446 net.cpp:112] conv5 -> conv5
I0829 05:08:13.652312 15446 net.cpp:127] Top shape: 128 256 13 13 (5537792)
I0829 05:08:13.652338 15446 net.cpp:153] conv5 needs backward computation.
I0829 05:08:13.652345 15446 net.cpp:76] Creating Layer relu5
I0829 05:08:13.652351 15446 net.cpp:86] relu5 <- conv5
I0829 05:08:13.652358 15446 net.cpp:100] relu5 -> conv5 (in-place)
I0829 05:08:13.652362 15446 net.cpp:127] Top shape: 128 256 13 13 (5537792)
I0829 05:08:13.652366 15446 net.cpp:153] relu5 needs backward computation.
I0829 05:08:13.652371 15446 net.cpp:76] Creating Layer pool5
I0829 05:08:13.652375 15446 net.cpp:86] pool5 <- conv5
I0829 05:08:13.652380 15446 net.cpp:112] pool5 -> pool5
I0829 05:08:13.652386 15446 net.cpp:127] Top shape: 128 256 6 6 (1179648)
I0829 05:08:13.652391 15446 net.cpp:153] pool5 needs backward computation.
I0829 05:08:13.652400 15446 net.cpp:76] Creating Layer fc6
I0829 05:08:13.652403 15446 net.cpp:86] fc6 <- pool5
I0829 05:08:13.652408 15446 net.cpp:112] fc6 -> fc6
I0829 05:08:15.013424 15446 net.cpp:127] Top shape: 128 4096 1 1 (524288)
I0829 05:08:15.013454 15446 net.cpp:153] fc6 needs backward computation.
I0829 05:08:15.013464 15446 net.cpp:76] Creating Layer relu6
I0829 05:08:15.013470 15446 net.cpp:86] relu6 <- fc6
I0829 05:08:15.013478 15446 net.cpp:100] relu6 -> fc6 (in-place)
I0829 05:08:15.013483 15446 net.cpp:127] Top shape: 128 4096 1 1 (524288)
I0829 05:08:15.013486 15446 net.cpp:153] relu6 needs backward computation.
I0829 05:08:15.013492 15446 net.cpp:76] Creating Layer drop6
I0829 05:08:15.013496 15446 net.cpp:86] drop6 <- fc6
I0829 05:08:15.013500 15446 net.cpp:100] drop6 -> fc6 (in-place)
I0829 05:08:15.013514 15446 net.cpp:127] Top shape: 128 4096 1 1 (524288)
I0829 05:08:15.013517 15446 net.cpp:153] drop6 needs backward computation.
I0829 05:08:15.013523 15446 net.cpp:76] Creating Layer fc7
I0829 05:08:15.013527 15446 net.cpp:86] fc7 <- fc6
I0829 05:08:15.013532 15446 net.cpp:112] fc7 -> fc7
I0829 05:08:15.619087 15446 net.cpp:127] Top shape: 128 4096 1 1 (524288)
I0829 05:08:15.619119 15446 net.cpp:153] fc7 needs backward computation.
I0829 05:08:15.619128 15446 net.cpp:76] Creating Layer relu7
I0829 05:08:15.619134 15446 net.cpp:86] relu7 <- fc7
I0829 05:08:15.619141 15446 net.cpp:100] relu7 -> fc7 (in-place)
I0829 05:08:15.619146 15446 net.cpp:127] Top shape: 128 4096 1 1 (524288)
I0829 05:08:15.619150 15446 net.cpp:153] relu7 needs backward computation.
I0829 05:08:15.619156 15446 net.cpp:76] Creating Layer drop7
I0829 05:08:15.619159 15446 net.cpp:86] drop7 <- fc7
I0829 05:08:15.619164 15446 net.cpp:100] drop7 -> fc7 (in-place)
I0829 05:08:15.619168 15446 net.cpp:127] Top shape: 128 4096 1 1 (524288)
I0829 05:08:15.619177 15446 net.cpp:153] drop7 needs backward computation.
I0829 05:08:15.619187 15446 net.cpp:76] Creating Layer fc8_new
I0829 05:08:15.619194 15446 net.cpp:86] fc8_new <- fc7
I0829 05:08:15.619201 15446 net.cpp:112] fc8_new -> fc8_new
I0829 05:08:15.619536 15446 net.cpp:127] Top shape: 128 2 1 1 (256)
I0829 05:08:15.619546 15446 net.cpp:153] fc8_new needs backward computation.
I0829 05:08:15.619552 15446 net.cpp:76] Creating Layer loss
I0829 05:08:15.619557 15446 net.cpp:86] loss <- fc8_new
I0829 05:08:15.619562 15446 net.cpp:86] loss <- label
I0829 05:08:15.619571 15446 net.cpp:153] loss needs backward computation.
I0829 05:08:15.619599 15446 net.cpp:182] Collecting Learning Rate and Weight Decay.
I0829 05:08:15.619616 15446 net.cpp:175] Network initialization done.
I0829 05:08:15.619623 15446 net.cpp:176] Memory required for Data 536869888
I0829 05:08:15.619676 15446 solver.cpp:45] Creating testing net.
I0829 05:08:15.620234 15446 net.cpp:76] Creating Layer data
I0829 05:08:15.620244 15446 net.cpp:112] data -> data
I0829 05:08:15.620251 15446 net.cpp:112] data -> label
I0829 05:08:15.620259 15446 data_layer.cpp:145] Opening leveldb clampdetCI_val_leveldb
I0829 05:08:15.671269 15446 data_layer.cpp:185] output data size: 293,3,227,227
I0829 05:08:15.671293 15446 data_layer.cpp:204] Loading mean file from../../data/clampdetCI/clampdetCI_mean.binaryproto
I0829 05:08:15.751706 15446 net.cpp:127] Top shape: 293 3 227 227 (45293991)
I0829 05:08:15.751735 15446 net.cpp:127] Top shape: 293 1 1 1 (293)
I0829 05:08:15.751741 15446 net.cpp:158] data does not need backward computation.
I0829 05:08:15.751755 15446 net.cpp:76] Creating Layer conv1
I0829 05:08:15.751761 15446 net.cpp:86] conv1 <- data
I0829 05:08:15.751768 15446 net.cpp:112] conv1 -> conv1
I0829 05:08:15.752995 15446 net.cpp:127] Top shape: 293 96 55 55 (85087200)
I0829 05:08:15.753005 15446 net.cpp:153] conv1 needs backward computation.
I0829 05:08:15.753010 15446 net.cpp:76] Creating Layer relu1
I0829 05:08:15.753015 15446 net.cpp:86] relu1 <- conv1
I0829 05:08:15.753020 15446 net.cpp:100] relu1 -> conv1 (in-place)
I0829 05:08:15.753025 15446 net.cpp:127] Top shape: 293 96 55 55 (85087200)
I0829 05:08:15.753029 15446 net.cpp:153] relu1 needs backward computation.
I0829 05:08:15.753034 15446 net.cpp:76] Creating Layer pool1
I0829 05:08:15.753038 15446 net.cpp:86] pool1 <- conv1
I0829 05:08:15.753042 15446 net.cpp:112] pool1 -> pool1
I0829 05:08:15.753048 15446 net.cpp:127] Top shape: 293 96 27 27 (20505312)
I0829 05:08:15.753052 15446 net.cpp:153] pool1 needs backward computation.
I0829 05:08:15.753059 15446 net.cpp:76] Creating Layer norm1
I0829 05:08:15.753067 15446 net.cpp:86] norm1 <- pool1
I0829 05:08:15.753075 15446 net.cpp:112] norm1 -> norm1
I0829 05:08:15.753087 15446 net.cpp:127] Top shape: 293 96 27 27 (20505312)
I0829 05:08:15.753094 15446 net.cpp:153] norm1 needs backward computation.
I0829 05:08:15.753104 15446 net.cpp:76] Creating Layer conv2
I0829 05:08:15.753113 15446 net.cpp:86] conv2 <- norm1
I0829 05:08:15.753121 15446 net.cpp:112] conv2 -> conv2
I0829 05:08:15.763885 15446 net.cpp:127] Top shape: 293 256 27 27 (54680832)
I0829 05:08:15.763912 15446 net.cpp:153] conv2 needs backward computation.
I0829 05:08:15.763924 15446 net.cpp:76] Creating Layer relu2
I0829 05:08:15.763932 15446 net.cpp:86] relu2 <- conv2
I0829 05:08:15.763942 15446 net.cpp:100] relu2 -> conv2 (in-place)
I0829 05:08:15.763952 15446 net.cpp:127] Top shape: 293 256 27 27 (54680832)
I0829 05:08:15.763957 15446 net.cpp:153] relu2 needs backward computation.
I0829 05:08:15.763967 15446 net.cpp:76] Creating Layer pool2
I0829 05:08:15.763974 15446 net.cpp:86] pool2 <- conv2
I0829 05:08:15.763981 15446 net.cpp:112] pool2 -> pool2
I0829 05:08:15.763994 15446 net.cpp:127] Top shape: 293 256 13 13 (12676352)
I0829 05:08:15.764003 15446 net.cpp:153] pool2 needs backward computation.
I0829 05:08:15.764016 15446 net.cpp:76] Creating Layer norm2
I0829 05:08:15.764024 15446 net.cpp:86] norm2 <- pool2
I0829 05:08:15.764032 15446 net.cpp:112] norm2 -> norm2
I0829 05:08:15.764044 15446 net.cpp:127] Top shape: 293 256 13 13 (12676352)
I0829 05:08:15.764052 15446 net.cpp:153] norm2 needs backward computation.
I0829 05:08:15.764062 15446 net.cpp:76] Creating Layer conv3
I0829 05:08:15.764070 15446 net.cpp:86] conv3 <- norm2
I0829 05:08:15.764078 15446 net.cpp:112] conv3 -> conv3
I0829 05:08:15.796154 15446 net.cpp:127] Top shape: 293 384 13 13 (19014528)
I0829 05:08:15.796181 15446 net.cpp:153] conv3 needs backward computation.
I0829 05:08:15.796193 15446 net.cpp:76] Creating Layer relu3
I0829 05:08:15.796202 15446 net.cpp:86] relu3 <- conv3
I0829 05:08:15.796213 15446 net.cpp:100] relu3 -> conv3 (in-place)
I0829 05:08:15.796221 15446 net.cpp:127] Top shape: 293 384 13 13 (19014528)
I0829 05:08:15.796228 15446 net.cpp:153] relu3 needs backward computation.
I0829 05:08:15.796238 15446 net.cpp:76] Creating Layer conv4
I0829 05:08:15.796244 15446 net.cpp:86] conv4 <- conv3
I0829 05:08:15.796252 15446 net.cpp:112] conv4 -> conv4
I0829 05:08:15.820272 15446 net.cpp:127] Top shape: 293 384 13 13 (19014528)
I0829 05:08:15.820302 15446 net.cpp:153] conv4 needs backward computation.
I0829 05:08:15.820313 15446 net.cpp:76] Creating Layer relu4
I0829 05:08:15.820322 15446 net.cpp:86] relu4 <- conv4
I0829 05:08:15.820333 15446 net.cpp:100] relu4 -> conv4 (in-place)
I0829 05:08:15.820340 15446 net.cpp:127] Top shape: 293 384 13 13 (19014528)
I0829 05:08:15.820346 15446 net.cpp:153] relu4 needs backward computation.
I0829 05:08:15.820355 15446 net.cpp:76] Creating Layer conv5
I0829 05:08:15.820361 15446 net.cpp:86] conv5 <- conv4
I0829 05:08:15.820372 15446 net.cpp:112] conv5 -> conv5
I0829 05:08:15.836396 15446 net.cpp:127] Top shape: 293 256 13 13 (12676352)
I0829 05:08:15.836423 15446 net.cpp:153] conv5 needs backward computation.
I0829 05:08:15.836436 15446 net.cpp:76] Creating Layer relu5
I0829 05:08:15.836443 15446 net.cpp:86] relu5 <- conv5
I0829 05:08:15.836453 15446 net.cpp:100] relu5 -> conv5 (in-place)
I0829 05:08:15.836462 15446 net.cpp:127] Top shape: 293 256 13 13 (12676352)
I0829 05:08:15.836468 15446 net.cpp:153] relu5 needs backward computation.
I0829 05:08:15.836477 15446 net.cpp:76] Creating Layer pool5
I0829 05:08:15.836483 15446 net.cpp:86] pool5 <- conv5
I0829 05:08:15.836491 15446 net.cpp:112] pool5 -> pool5
I0829 05:08:15.836503 15446 net.cpp:127] Top shape: 293 256 6 6 (2700288)
I0829 05:08:15.836510 15446 net.cpp:153] pool5 needs backward computation.
I0829 05:08:15.836525 15446 net.cpp:76] Creating Layer fc6
I0829 05:08:15.836532 15446 net.cpp:86] fc6 <- pool5
I0829 05:08:15.836541 15446 net.cpp:112] fc6 -> fc6
I0829 05:08:17.198529 15446 net.cpp:127] Top shape: 293 4096 1 1 (1200128)
I0829 05:08:17.198559 15446 net.cpp:153] fc6 needs backward computation.
I0829 05:08:17.198570 15446 net.cpp:76] Creating Layer relu6
I0829 05:08:17.198575 15446 net.cpp:86] relu6 <- fc6
I0829 05:08:17.198581 15446 net.cpp:100] relu6 -> fc6 (in-place)
I0829 05:08:17.198587 15446 net.cpp:127] Top shape: 293 4096 1 1 (1200128)
I0829 05:08:17.198591 15446 net.cpp:153] relu6 needs backward computation.
I0829 05:08:17.198597 15446 net.cpp:76] Creating Layer drop6
I0829 05:08:17.198601 15446 net.cpp:86] drop6 <- fc6
I0829 05:08:17.198606 15446 net.cpp:100] drop6 -> fc6 (in-place)
I0829 05:08:17.198614 15446 net.cpp:127] Top shape: 293 4096 1 1 (1200128)
I0829 05:08:17.198621 15446 net.cpp:153] drop6 needs backward computation.
I0829 05:08:17.198632 15446 net.cpp:76] Creating Layer fc7
I0829 05:08:17.198637 15446 net.cpp:86] fc7 <- fc6
I0829 05:08:17.198645 15446 net.cpp:112] fc7 -> fc7
I0829 05:08:17.803022 15446 net.cpp:127] Top shape: 293 4096 1 1 (1200128)
I0829 05:08:17.803050 15446 net.cpp:153] fc7 needs backward computation.
I0829 05:08:17.803060 15446 net.cpp:76] Creating Layer relu7
I0829 05:08:17.803064 15446 net.cpp:86] relu7 <- fc7
I0829 05:08:17.803071 15446 net.cpp:100] relu7 -> fc7 (in-place)
I0829 05:08:17.803076 15446 net.cpp:127] Top shape: 293 4096 1 1 (1200128)
I0829 05:08:17.803081 15446 net.cpp:153] relu7 needs backward computation.
I0829 05:08:17.803086 15446 net.cpp:76] Creating Layer drop7
I0829 05:08:17.803089 15446 net.cpp:86] drop7 <- fc7
I0829 05:08:17.803094 15446 net.cpp:100] drop7 -> fc7 (in-place)
I0829 05:08:17.803099 15446 net.cpp:127] Top shape: 293 4096 1 1 (1200128)
I0829 05:08:17.803103 15446 net.cpp:153] drop7 needs backward computation.
I0829 05:08:17.803108 15446 net.cpp:76] Creating Layer fc8_new
I0829 05:08:17.803112 15446 net.cpp:86] fc8_new <- fc7
I0829 05:08:17.803117 15446 net.cpp:112] fc8_new -> fc8_new
I0829 05:08:17.803412 15446 net.cpp:127] Top shape: 293 2 1 1 (586)
I0829 05:08:17.803419 15446 net.cpp:153] fc8_new needs backward computation.
I0829 05:08:17.803426 15446 net.cpp:76] Creating Layer prob
I0829 05:08:17.803429 15446 net.cpp:86] prob <- fc8_new
I0829 05:08:17.803434 15446 net.cpp:112] prob -> prob
I0829 05:08:17.803441 15446 net.cpp:127] Top shape: 293 2 1 1 (586)
I0829 05:08:17.803446 15446 net.cpp:153] prob needs backward computation.
I0829 05:08:17.803450 15446 net.cpp:76] Creating Layer accuracy
I0829 05:08:17.803454 15446 net.cpp:86] accuracy <- prob
I0829 05:08:17.803458 15446 net.cpp:86] accuracy <- label
I0829 05:08:17.803463 15446 net.cpp:112] accuracy -> accuracy
I0829 05:08:17.803478 15446 net.cpp:127] Top shape: 1 2 1 1 (2)
I0829 05:08:17.803481 15446 net.cpp:153] accuracy needs backward computation.
I0829 05:08:17.803485 15446 net.cpp:164] This network produces output accuracy
I0829 05:08:17.803503 15446 net.cpp:182] Collecting Learning Rate and Weight Decay.
I0829 05:08:17.803513 15446 net.cpp:175] Network initialization done.
I0829 05:08:17.803516 15446 net.cpp:176] Memory required for Data 1228931080
I0829 05:08:17.803552 15446 solver.cpp:50] Solver scaffolding done.
I0829 05:08:17.803560 15446 finetune_net.cpp:27] Loading from ../alexnet/caffe_alexnet_model
I0829 05:08:18.378362 15446 net.cpp:366] Copying source layer data
I0829 05:08:18.378389 15446 net.cpp:366] Copying source layer conv1
I0829 05:08:18.378453 15446 net.cpp:366] Copying source layer relu1
I0829 05:08:18.378458 15446 net.cpp:366] Copying source layer norm1
I0829 05:08:18.378463 15446 net.cpp:366] Copying source layer pool1
I0829 05:08:18.378466 15446 net.cpp:366] Copying source layer conv2
I0829 05:08:18.378972 15446 net.cpp:366] Copying source layer relu2
I0829 05:08:18.378981 15446 net.cpp:366] Copying source layer norm2
I0829 05:08:18.378985 15446 net.cpp:366] Copying source layer pool2
I0829 05:08:18.378989 15446 net.cpp:366] Copying source layer conv3
I0829 05:08:18.380334 15446 net.cpp:366] Copying source layer relu3
I0829 05:08:18.380347 15446 net.cpp:366] Copying source layer conv4
I0829 05:08:18.381361 15446 net.cpp:366] Copying source layer relu4
I0829 05:08:18.381371 15446 net.cpp:366] Copying source layer conv5
I0829 05:08:18.382077 15446 net.cpp:366] Copying source layer relu5
I0829 05:08:18.382087 15446 net.cpp:366] Copying source layer pool5
I0829 05:08:18.382091 15446 net.cpp:366] Copying source layer fc6
I0829 05:08:18.489087 15446 net.cpp:366] Copying source layer relu6
I0829 05:08:18.489116 15446 net.cpp:366] Copying source layer drop6
I0829 05:08:18.489121 15446 net.cpp:366] Copying source layer fc7
I0829 05:08:18.536077 15446 net.cpp:366] Copying source layer relu7
I0829 05:08:18.536108 15446 net.cpp:366] Copying source layer drop7
I0829 05:08:18.536111 15446 net.cpp:363] Ignoring source layer fc8
I0829 05:08:18.536115 15446 net.cpp:366] Copying source layer loss
I0829 05:08:18.548526 15446 solver.cpp:62] Solving clampdetCIFineNet
I0829 05:08:18.548555 15446 solver.cpp:136] Iteration 0, Testing net
I0829 05:08:19.788506 15446 solver.cpp:172] Test score #0: 0.357894
I0829 05:08:19.788564 15446 solver.cpp:172] Test score #1: 0.551713
I0829 05:08:20.840883 15446 solver.cpp:269] Iteration 1, lr = 5e-06
I0829 05:08:21.071287 15446 solver.cpp:117] Iteration 1, loss = 0.709373
I0829 05:08:22.552546 15446 solver.cpp:269] Iteration 2, lr = 5e-06
I0829 05:08:22.744762 15446 solver.cpp:117] Iteration 2, loss = 0.71447
I0829 05:08:24.205099 15446 solver.cpp:269] Iteration 3, lr = 5e-06
I0829 05:08:24.454324 15446 solver.cpp:117] Iteration 3, loss = 0.653588
I0829 05:08:25.886376 15446 solver.cpp:269] Iteration 4, lr = 5e-06
I0829 05:08:26.113215 15446 solver.cpp:117] Iteration 4, loss = 0.61082
I0829 05:08:27.588768 15446 solver.cpp:269] Iteration 5, lr = 5e-06
I0829 05:08:27.783370 15446 solver.cpp:117] Iteration 5, loss = 0.613753
I0829 05:08:27.783406 15446 solver.cpp:136] Iteration 5, Testing net
I0829 05:08:29.259507 15446 solver.cpp:172] Test score #0: 0.676326
I0829 05:08:29.259531 15446 solver.cpp:172] Test score #1: 0.543576
I0829 05:08:30.293673 15446 solver.cpp:269] Iteration 6, lr = 5e-06
I0829 05:08:30.543414 15446 solver.cpp:117] Iteration 6, loss = 0.611292
I0829 05:08:31.980782 15446 solver.cpp:269] Iteration 7, lr = 5e-06
I0829 05:08:32.209485 15446 solver.cpp:117] Iteration 7, loss = 0.607182
I0829 05:08:33.690963 15446 solver.cpp:269] Iteration 8, lr = 5e-06
I0829 05:08:33.883754 15446 solver.cpp:117] Iteration 8, loss = 0.642287
I0829 05:08:35.340199 15446 solver.cpp:269] Iteration 9, lr = 5e-06
I0829 05:08:35.587347 15446 solver.cpp:117] Iteration 9, loss = 0.601871
I0829 05:08:37.016633 15446 solver.cpp:269] Iteration 10, lr = 5e-06
I0829 05:08:37.245764 15446 solver.cpp:117] Iteration 10, loss = 0.601288
I0829 05:08:37.245779 15446 solver.cpp:136] Iteration 10, Testing net
I0829 05:08:38.737665 15446 solver.cpp:172] Test score #0: 0.496675
I0829 05:08:38.737689 15446 solver.cpp:172] Test score #1: 0.54821
I0829 05:08:39.767109 15446 solver.cpp:269] Iteration 11, lr = 5e-06
I0829 05:08:39.957975 15446 solver.cpp:117] Iteration 11, loss = 0.594035
I0829 05:08:41.417637 15446 solver.cpp:269] Iteration 12, lr = 5e-06
I0829 05:08:41.664152 15446 solver.cpp:117] Iteration 12, loss = 0.624468
I0829 05:08:43.100924 15446 solver.cpp:269] Iteration 13, lr = 5e-06
I0829 05:08:43.327937 15446 solver.cpp:117] Iteration 13, loss = 0.60623
I0829 05:08:44.804378 15446 solver.cpp:269] Iteration 14, lr = 5e-06
I0829 05:08:44.997206 15446 solver.cpp:117] Iteration 14, loss = 0.569311
I0829 05:08:46.438524 15446 solver.cpp:269] Iteration 15, lr = 5e-06
I0829 05:08:46.677723 15446 solver.cpp:117] Iteration 15, loss = 0.591055
I0829 05:08:46.677739 15446 solver.cpp:136] Iteration 15, Testing net
I0829 05:08:48.169282 15446 solver.cpp:172] Test score #0: 0.594517
I0829 05:08:48.169322 15446 solver.cpp:172] Test score #1: 0.504406
I0829 05:08:49.185052 15446 solver.cpp:269] Iteration 16, lr = 5e-06
I0829 05:08:49.411061 15446 solver.cpp:117] Iteration 16, loss = 0.678784
I0829 05:08:50.898895 15446 solver.cpp:269] Iteration 17, lr = 5e-06
I0829 05:08:51.090674 15446 solver.cpp:117] Iteration 17, loss = 0.615282
I0829 05:08:52.548034 15446 solver.cpp:269] Iteration 18, lr = 5e-06
I0829 05:08:52.791651 15446 solver.cpp:117] Iteration 18, loss = 0.550772
I0829 05:08:54.224375 15446 solver.cpp:269] Iteration 19, lr = 5e-06
I0829 05:08:54.451199 15446 solver.cpp:117] Iteration 19, loss = 0.6158
I0829 05:08:55.929747 15446 solver.cpp:269] Iteration 20, lr = 5e-06
I0829 05:08:56.129998 15446 solver.cpp:117] Iteration 20, loss = 0.658502
I0829 05:08:56.130050 15446 solver.cpp:136] Iteration 20, Testing net
I0829 05:08:57.600805 15446 solver.cpp:172] Test score #0: 0.6651
I0829 05:08:57.600839 15446 solver.cpp:172] Test score #1: 0.513687
I0829 05:08:58.640143 15446 solver.cpp:269] Iteration 21, lr = 5e-06
I0829 05:08:58.885547 15446 solver.cpp:117] Iteration 21, loss = 0.576679
I0829 05:09:00.315695 15446 solver.cpp:269] Iteration 22, lr = 5e-06
I0829 05:09:00.542745 15446 solver.cpp:117] Iteration 22, loss = 0.61066
I0829 05:09:02.023839 15446 solver.cpp:269] Iteration 23, lr = 5e-06
I0829 05:09:02.216573 15446 solver.cpp:117] Iteration 23, loss = 0.647731
I0829 05:09:03.660441 15446 solver.cpp:269] Iteration 24, lr = 5e-06
I0829 05:09:03.898206 15446 solver.cpp:117] Iteration 24, loss = 0.68551
I0829 05:09:05.335638 15446 solver.cpp:269] Iteration 25, lr = 5e-06
I0829 05:09:05.562332 15446 solver.cpp:117] Iteration 25, loss = 0.547377
I0829 05:09:05.562361 15446 solver.cpp:136] Iteration 25, Testing net
I0829 05:09:07.063339 15446 solver.cpp:172] Test score #0: 0.458725
I0829 05:09:07.063362 15446 solver.cpp:172] Test score #1: 0.512232
I0829 05:09:08.091766 15446 solver.cpp:269] Iteration 26, lr = 5e-06
I0829 05:09:08.285039 15446 solver.cpp:117] Iteration 26, loss = 0.585717
I0829 05:09:09.695111 15446 solver.cpp:269] Iteration 27, lr = 5e-06
I0829 05:09:09.931977 15446 solver.cpp:117] Iteration 27, loss = 0.606821
I0829 05:09:11.381381 15446 solver.cpp:269] Iteration 28, lr = 5e-06
I0829 05:09:11.608155 15446 solver.cpp:117] Iteration 28, loss = 0.617804
I0829 05:09:13.019064 15446 solver.cpp:269] Iteration 29, lr = 5e-06
I0829 05:09:13.272258 15446 solver.cpp:117] Iteration 29, loss = 0.654686
I0829 05:09:14.681109 15446 solver.cpp:269] Iteration 30, lr = 5e-06
I0829 05:09:14.907804 15446 solver.cpp:117] Iteration 30, loss = 0.546024
I0829 05:09:14.907819 15446 solver.cpp:136] Iteration 30, Testing net
I0829 05:09:16.458111 15446 solver.cpp:172] Test score #0: 0.617324
I0829 05:09:16.458153 15446 solver.cpp:172] Test score #1: 0.462963
I0829 05:09:17.481004 15446 solver.cpp:269] Iteration 31, lr = 5e-06
I0829 05:09:17.707046 15446 solver.cpp:117] Iteration 31, loss = 0.56001
I0829 05:09:19.155102 15446 solver.cpp:269] Iteration 32, lr = 5e-06
I0829 05:09:19.405408 15446 solver.cpp:117] Iteration 32, loss = 0.582431
I0829 05:09:20.822655 15446 solver.cpp:269] Iteration 33, lr = 5e-06
I0829 05:09:21.054038 15446 solver.cpp:117] Iteration 33, loss = 0.618815
I0829 05:09:22.540484 15446 solver.cpp:269] Iteration 34, lr = 5e-06
I0829 05:09:22.727403 15446 solver.cpp:117] Iteration 34, loss = 0.565439
I0829 05:09:24.176306 15446 solver.cpp:269] Iteration 35, lr = 5e-06
I0829 05:09:24.428086 15446 solver.cpp:117] Iteration 35, loss = 0.555176
I0829 05:09:24.428102 15446 solver.cpp:136] Iteration 35, Testing net
I0829 05:09:25.907644 15446 solver.cpp:172] Test score #0: 0.643993
I0829 05:09:25.907682 15446 solver.cpp:172] Test score #1: 0.492784
I0829 05:09:26.939093 15446 solver.cpp:269] Iteration 36, lr = 5e-06
I0829 05:09:27.175181 15446 solver.cpp:117] Iteration 36, loss = 0.488513
I0829 05:09:28.627207 15446 solver.cpp:269] Iteration 37, lr = 5e-06
I0829 05:09:28.855358 15446 solver.cpp:117] Iteration 37, loss = 0.633864
I0829 05:09:30.262162 15446 solver.cpp:269] Iteration 38, lr = 5e-06
I0829 05:09:30.512435 15446 solver.cpp:117] Iteration 38, loss = 0.576364
I0829 05:09:31.935235 15446 solver.cpp:269] Iteration 39, lr = 5e-06
I0829 05:09:32.161156 15446 solver.cpp:117] Iteration 39, loss = 0.560864
I0829 05:09:33.640159 15446 solver.cpp:269] Iteration 40, lr = 5e-06
I0829 05:09:33.832677 15446 solver.cpp:117] Iteration 40, loss = 0.465538
I0829 05:09:33.832715 15446 solver.cpp:136] Iteration 40, Testing net
I0829 05:09:35.298542 15446 solver.cpp:172] Test score #0: 0.481612
I0829 05:09:35.298564 15446 solver.cpp:172] Test score #1: 0.475959
I0829 05:09:36.283001 15446 solver.cpp:269] Iteration 41, lr = 5e-06
I0829 05:09:36.521095 15446 solver.cpp:117] Iteration 41, loss = 0.496728
I0829 05:09:37.954059 15446 solver.cpp:269] Iteration 42, lr = 5e-06
I0829 05:09:38.180819 15446 solver.cpp:117] Iteration 42, loss = 0.49945
I0829 05:09:39.631139 15446 solver.cpp:269] Iteration 43, lr = 5e-06
I0829 05:09:39.875378 15446 solver.cpp:117] Iteration 43, loss = 0.563993
I0829 05:09:41.288739 15446 solver.cpp:269] Iteration 44, lr = 5e-06
I0829 05:09:41.523382 15446 solver.cpp:117] Iteration 44, loss = 0.571834
I0829 05:09:42.996333 15446 solver.cpp:269] Iteration 45, lr = 5e-06
I0829 05:09:43.210531 15446 solver.cpp:117] Iteration 45, loss = 0.588979
I0829 05:09:43.210568 15446 solver.cpp:136] Iteration 45, Testing net
I0829 05:09:44.682178 15446 solver.cpp:172] Test score #0: 0.681578
I0829 05:09:44.682199 15446 solver.cpp:172] Test score #1: 0.437798
I0829 05:09:45.697103 15446 solver.cpp:269] Iteration 46, lr = 5e-06
I0829 05:09:45.946218 15446 solver.cpp:117] Iteration 46, loss = 0.512392
I0829 05:09:47.400485 15446 solver.cpp:269] Iteration 47, lr = 5e-06
I0829 05:09:47.636371 15446 solver.cpp:117] Iteration 47, loss = 0.503743
I0829 05:09:49.089052 15446 solver.cpp:269] Iteration 48, lr = 5e-06
I0829 05:09:49.314883 15446 solver.cpp:117] Iteration 48, loss = 0.569158
I0829 05:09:50.731297 15446 solver.cpp:269] Iteration 49, lr = 5e-06
I0829 05:09:50.982220 15446 solver.cpp:117] Iteration 49, loss = 0.559365
I0829 05:09:52.405164 15446 solver.cpp:269] Iteration 50, lr = 5e-06
I0829 05:09:52.639999 15446 solver.cpp:117] Iteration 50, loss = 0.482264
I0829 05:09:52.640015 15446 solver.cpp:136] Iteration 50, Testing net
I0829 05:09:54.176748 15446 solver.cpp:172] Test score #0: 0.627151
I0829 05:09:54.176789 15446 solver.cpp:172] Test score #1: 0.472403
I0829 05:09:55.218392 15446 solver.cpp:269] Iteration 51, lr = 5e-06
I0829 05:09:55.449975 15446 solver.cpp:117] Iteration 51, loss = 0.536027
I0829 05:09:56.931565 15446 solver.cpp:269] Iteration 52, lr = 5e-06
I0829 05:09:57.179433 15446 solver.cpp:117] Iteration 52, loss = 0.505298
I0829 05:09:58.607985 15446 solver.cpp:269] Iteration 53, lr = 5e-06
I0829 05:09:58.842584 15446 solver.cpp:117] Iteration 53, loss = 0.481815
I0829 05:10:00.334461 15446 solver.cpp:269] Iteration 54, lr = 5e-06
I0829 05:10:00.556973 15446 solver.cpp:117] Iteration 54, loss = 0.527753
I0829 05:10:02.024495 15446 solver.cpp:269] Iteration 55, lr = 5e-06
I0829 05:10:02.277107 15446 solver.cpp:117] Iteration 55, loss = 0.46851
I0829 05:10:02.277122 15446 solver.cpp:136] Iteration 55, Testing net
I0829 05:10:03.715402 15446 solver.cpp:172] Test score #0: 0.499218
I0829 05:10:03.715438 15446 solver.cpp:172] Test score #1: 0.44086
I0829 05:10:04.757156 15446 solver.cpp:269] Iteration 56, lr = 5e-06
I0829 05:10:04.993371 15446 solver.cpp:117] Iteration 56, loss = 0.508491
I0829 05:10:06.486846 15446 solver.cpp:269] Iteration 57, lr = 5e-06
I0829 05:10:06.689414 15446 solver.cpp:117] Iteration 57, loss = 0.487962
I0829 05:10:08.111510 15446 solver.cpp:269] Iteration 58, lr = 5e-06
I0829 05:10:08.358602 15446 solver.cpp:117] Iteration 58, loss = 0.481748
I0829 05:10:09.780084 15446 solver.cpp:269] Iteration 59, lr = 5e-06
I0829 05:10:10.007547 15446 solver.cpp:117] Iteration 59, loss = 0.506786
I0829 05:10:11.486150 15446 solver.cpp:269] Iteration 60, lr = 5e-06
I0829 05:10:11.679365 15446 solver.cpp:117] Iteration 60, loss = 0.566176
I0829 05:10:11.679404 15446 solver.cpp:136] Iteration 60, Testing net
I0829 05:10:13.166668 15446 solver.cpp:172] Test score #0: 0.567104
I0829 05:10:13.166692 15446 solver.cpp:172] Test score #1: 0.415705
I0829 05:10:14.198525 15446 solver.cpp:269] Iteration 61, lr = 5e-06
I0829 05:10:14.450062 15446 solver.cpp:117] Iteration 61, loss = 0.530282
I0829 05:10:15.858830 15446 solver.cpp:269] Iteration 62, lr = 5e-06
I0829 05:10:16.086905 15446 solver.cpp:117] Iteration 62, loss = 0.483704
I0829 05:10:17.564370 15446 solver.cpp:269] Iteration 63, lr = 5e-06
I0829 05:10:17.756973 15446 solver.cpp:117] Iteration 63, loss = 0.519289
I0829 05:10:19.197701 15446 solver.cpp:269] Iteration 64, lr = 5e-06
I0829 05:10:19.439692 15446 solver.cpp:117] Iteration 64, loss = 0.508918
I0829 05:10:20.879902 15446 solver.cpp:269] Iteration 65, lr = 5e-06
I0829 05:10:21.106724 15446 solver.cpp:117] Iteration 65, loss = 0.431809
I0829 05:10:21.106740 15446 solver.cpp:136] Iteration 65, Testing net
I0829 05:10:22.631069 15446 solver.cpp:172] Test score #0: 0.589202
I0829 05:10:22.631093 15446 solver.cpp:172] Test score #1: 0.447814
I0829 05:10:23.659430 15446 solver.cpp:269] Iteration 66, lr = 5e-06
I0829 05:10:23.849876 15446 solver.cpp:117] Iteration 66, loss = 0.448274
I0829 05:10:25.310483 15446 solver.cpp:269] Iteration 67, lr = 5e-06
I0829 05:10:25.554339 15446 solver.cpp:117] Iteration 67, loss = 0.503838
I0829 05:10:26.984578 15446 solver.cpp:269] Iteration 68, lr = 5e-06
I0829 05:10:27.212333 15446 solver.cpp:117] Iteration 68, loss = 0.494955
I0829 05:10:28.683297 15446 solver.cpp:269] Iteration 69, lr = 5e-06
I0829 05:10:28.880566 15446 solver.cpp:117] Iteration 69, loss = 0.555494
I0829 05:10:30.367637 15446 solver.cpp:269] Iteration 70, lr = 5e-06
I0829 05:10:30.613706 15446 solver.cpp:117] Iteration 70, loss = 0.52323
I0829 05:10:30.613721 15446 solver.cpp:136] Iteration 70, Testing net
I0829 05:10:32.074610 15446 solver.cpp:172] Test score #0: 0.455829
I0829 05:10:32.074647 15446 solver.cpp:172] Test score #1: 0.415149
I0829 05:10:33.100970 15446 solver.cpp:269] Iteration 71, lr = 5e-06
I0829 05:10:33.335474 15446 solver.cpp:117] Iteration 71, loss = 0.511511
I0829 05:10:34.816144 15446 solver.cpp:269] Iteration 72, lr = 5e-06
I0829 05:10:35.004932 15446 solver.cpp:117] Iteration 72, loss = 0.462797
I0829 05:10:36.342736 15446 solver.cpp:269] Iteration 73, lr = 5e-06
I0829 05:10:36.569558 15446 solver.cpp:117] Iteration 73, loss = 0.434259
I0829 05:10:37.901937 15446 solver.cpp:269] Iteration 74, lr = 5e-06
I0829 05:10:38.129940 15446 solver.cpp:117] Iteration 74, loss = 0.453896
I0829 05:10:39.535609 15446 solver.cpp:269] Iteration 75, lr = 5e-06
I0829 05:10:39.734890 15446 solver.cpp:117] Iteration 75, loss = 0.530464
I0829 05:10:39.734928 15446 solver.cpp:136] Iteration 75, Testing net
I0829 05:10:41.267777 15446 solver.cpp:172] Test score #0: 0.583418
I0829 05:10:41.267799 15446 solver.cpp:172] Test score #1: 0.388261
I0829 05:10:42.293705 15446 solver.cpp:269] Iteration 76, lr = 5e-06
I0829 05:10:42.543229 15446 solver.cpp:117] Iteration 76, loss = 0.4436
I0829 05:10:43.987545 15446 solver.cpp:269] Iteration 77, lr = 5e-06
I0829 05:10:44.222470 15446 solver.cpp:117] Iteration 77, loss = 0.519544
I0829 05:10:45.705665 15446 solver.cpp:269] Iteration 78, lr = 5e-06
I0829 05:10:45.907060 15446 solver.cpp:117] Iteration 78, loss = 0.587584
I0829 05:10:47.358017 15446 solver.cpp:269] Iteration 79, lr = 5e-06
I0829 05:10:47.609025 15446 solver.cpp:117] Iteration 79, loss = 0.453645
I0829 05:10:49.046231 15446 solver.cpp:269] Iteration 80, lr = 5e-06
I0829 05:10:49.280896 15446 solver.cpp:117] Iteration 80, loss = 0.430836
I0829 05:10:49.280911 15446 solver.cpp:136] Iteration 80, Testing net
I0829 05:10:50.800509 15446 solver.cpp:172] Test score #0: 0.605047
I0829 05:10:50.800549 15446 solver.cpp:172] Test score #1: 0.42232
I0829 05:10:51.826076 15446 solver.cpp:269] Iteration 81, lr = 5e-06
I0829 05:10:52.054260 15446 solver.cpp:117] Iteration 81, loss = 0.510308
I0829 05:10:53.513183 15446 solver.cpp:269] Iteration 82, lr = 5e-06
I0829 05:10:53.757822 15446 solver.cpp:117] Iteration 82, loss = 0.400147
I0829 05:10:55.150737 15446 solver.cpp:269] Iteration 83, lr = 5e-06
I0829 05:10:55.384098 15446 solver.cpp:117] Iteration 83, loss = 0.461417
I0829 05:10:56.872726 15446 solver.cpp:269] Iteration 84, lr = 5e-06
I0829 05:10:57.060271 15446 solver.cpp:117] Iteration 84, loss = 0.466366
I0829 05:10:58.511348 15446 solver.cpp:269] Iteration 85, lr = 5e-06
I0829 05:10:58.761775 15446 solver.cpp:117] Iteration 85, loss = 0.48525
I0829 05:10:58.761791 15446 solver.cpp:136] Iteration 85, Testing net
I0829 05:11:00.202924 15446 solver.cpp:172] Test score #0: 0.459221
I0829 05:11:00.202960 15446 solver.cpp:172] Test score #1: 0.406746
I0829 05:11:01.231398 15446 solver.cpp:269] Iteration 86, lr = 5e-06
I0829 05:11:01.465517 15446 solver.cpp:117] Iteration 86, loss = 0.446351
I0829 05:11:02.952713 15446 solver.cpp:269] Iteration 87, lr = 5e-06
I0829 05:11:03.141563 15446 solver.cpp:117] Iteration 87, loss = 0.4669
I0829 05:11:04.579210 15446 solver.cpp:269] Iteration 88, lr = 5e-06
I0829 05:11:04.826737 15446 solver.cpp:117] Iteration 88, loss = 0.476246
I0829 05:11:06.252001 15446 solver.cpp:269] Iteration 89, lr = 5e-06
I0829 05:11:06.479967 15446 solver.cpp:117] Iteration 89, loss = 0.452704
I0829 05:11:07.960906 15446 solver.cpp:269] Iteration 90, lr = 5e-06
I0829 05:11:08.152940 15446 solver.cpp:117] Iteration 90, loss = 0.498261
I0829 05:11:08.152977 15446 solver.cpp:136] Iteration 90, Testing net
I0829 05:11:09.637925 15446 solver.cpp:172] Test score #0: 0.524227
I0829 05:11:09.637948 15446 solver.cpp:172] Test score #1: 0.369025
I0829 05:11:10.668429 15446 solver.cpp:269] Iteration 91, lr = 5e-06
I0829 05:11:10.918632 15446 solver.cpp:117] Iteration 91, loss = 0.433228
I0829 05:11:12.338047 15446 solver.cpp:269] Iteration 92, lr = 5e-06
I0829 05:11:12.566553 15446 solver.cpp:117] Iteration 92, loss = 0.4848
I0829 05:11:14.045130 15446 solver.cpp:269] Iteration 93, lr = 5e-06
I0829 05:11:14.236418 15446 solver.cpp:117] Iteration 93, loss = 0.453182
I0829 05:11:15.691596 15446 solver.cpp:269] Iteration 94, lr = 5e-06
I0829 05:11:15.939152 15446 solver.cpp:117] Iteration 94, loss = 0.451007
I0829 05:11:17.369150 15446 solver.cpp:269] Iteration 95, lr = 5e-06
I0829 05:11:17.597396 15446 solver.cpp:117] Iteration 95, loss = 0.455853
I0829 05:11:17.597411 15446 solver.cpp:136] Iteration 95, Testing net
I0829 05:11:19.126755 15446 solver.cpp:172] Test score #0: 0.560055
I0829 05:11:19.126777 15446 solver.cpp:172] Test score #1: 0.39841
I0829 05:11:20.161243 15446 solver.cpp:269] Iteration 96, lr = 5e-06
I0829 05:11:20.348424 15446 solver.cpp:117] Iteration 96, loss = 0.443044
I0829 05:11:21.799893 15446 solver.cpp:269] Iteration 97, lr = 5e-06
I0829 05:11:22.052393 15446 solver.cpp:117] Iteration 97, loss = 0.527328
I0829 05:11:23.472681 15446 solver.cpp:269] Iteration 98, lr = 5e-06
I0829 05:11:23.697563 15446 solver.cpp:117] Iteration 98, loss = 0.410734
I0829 05:11:25.180928 15446 solver.cpp:269] Iteration 99, lr = 5e-06
I0829 05:11:25.373467 15446 solver.cpp:117] Iteration 99, loss = 0.447195
I0829 05:11:26.823178 15446 solver.cpp:269] Iteration 100, lr = 5e-06
I0829 05:11:27.065395 15446 solver.cpp:117] Iteration 100, loss = 0.450461
I0829 05:11:27.065410 15446 solver.cpp:136] Iteration 100, Testing net
I0829 05:11:28.511178 15446 solver.cpp:172] Test score #0: 0.471529
I0829 05:11:28.511212 15446 solver.cpp:172] Test score #1: 0.390229
I0829 05:11:29.532889 15446 solver.cpp:269] Iteration 101, lr = 5e-06
I0829 05:11:29.760512 15446 solver.cpp:117] Iteration 101, loss = 0.54295
I0829 05:11:31.235435 15446 solver.cpp:269] Iteration 102, lr = 5e-06
I0829 05:11:31.429744 15446 solver.cpp:117] Iteration 102, loss = 0.440827
I0829 05:11:32.869379 15446 solver.cpp:269] Iteration 103, lr = 5e-06
I0829 05:11:33.107942 15446 solver.cpp:117] Iteration 103, loss = 0.515721
I0829 05:11:34.543299 15446 solver.cpp:269] Iteration 104, lr = 5e-06
I0829 05:11:34.771344 15446 solver.cpp:117] Iteration 104, loss = 0.399787
I0829 05:11:36.220180 15446 solver.cpp:269] Iteration 105, lr = 5e-06
I0829 05:11:36.468606 15446 solver.cpp:117] Iteration 105, loss = 0.457585
I0829 05:11:36.468621 15446 solver.cpp:136] Iteration 105, Testing net
I0829 05:11:37.929793 15446 solver.cpp:172] Test score #0: 0.56354
I0829 05:11:37.929831 15446 solver.cpp:172] Test score #1: 0.342194
I0829 05:11:38.960531 15446 solver.cpp:269] Iteration 106, lr = 5e-06
I0829 05:11:39.199872 15446 solver.cpp:117] Iteration 106, loss = 0.407146
I0829 05:11:40.638044 15446 solver.cpp:269] Iteration 107, lr = 5e-06
I0829 05:11:40.864969 15446 solver.cpp:117] Iteration 107, loss = 0.472186
I0829 05:11:42.334627 15446 solver.cpp:269] Iteration 108, lr = 5e-06
I0829 05:11:42.564016 15446 solver.cpp:117] Iteration 108, loss = 0.41608
I0829 05:11:43.981035 15446 solver.cpp:269] Iteration 109, lr = 5e-06
I0829 05:11:44.217092 15446 solver.cpp:117] Iteration 109, loss = 0.446922
I0829 05:11:45.686036 15446 solver.cpp:269] Iteration 110, lr = 5e-06
I0829 05:11:45.916247 15446 solver.cpp:117] Iteration 110, loss = 0.41943
I0829 05:11:45.916283 15446 solver.cpp:136] Iteration 110, Testing net
I0829 05:11:47.436197 15446 solver.cpp:172] Test score #0: 0.548357
I0829 05:11:47.436219 15446 solver.cpp:172] Test score #1: 0.393366
I0829 05:11:48.465384 15446 solver.cpp:269] Iteration 111, lr = 5e-06
I0829 05:11:48.696946 15446 solver.cpp:117] Iteration 111, loss = 0.398853
I0829 05:11:50.135553 15446 solver.cpp:269] Iteration 112, lr = 5e-06
I0829 05:11:50.374829 15446 solver.cpp:117] Iteration 112, loss = 0.438233
I0829 05:11:51.842295 15446 solver.cpp:269] Iteration 113, lr = 5e-06
I0829 05:11:52.072659 15446 solver.cpp:117] Iteration 113, loss = 0.520353
I0829 05:11:53.548624 15446 solver.cpp:269] Iteration 114, lr = 5e-06
I0829 05:11:53.798279 15446 solver.cpp:117] Iteration 114, loss = 0.406105
I0829 05:11:55.227393 15446 solver.cpp:269] Iteration 115, lr = 5e-06
I0829 05:11:55.462283 15446 solver.cpp:117] Iteration 115, loss = 0.457019
I0829 05:11:55.462298 15446 solver.cpp:136] Iteration 115, Testing net
I0829 05:11:56.997861 15446 solver.cpp:172] Test score #0: 0.473497
I0829 05:11:56.997903 15446 solver.cpp:172] Test score #1: 0.360386
I0829 05:11:58.039793 15446 solver.cpp:269] Iteration 116, lr = 5e-06
I0829 05:11:58.271154 15446 solver.cpp:117] Iteration 116, loss = 0.411932
I0829 05:11:59.760041 15446 solver.cpp:269] Iteration 117, lr = 5e-06
I0829 05:11:59.989933 15446 solver.cpp:117] Iteration 117, loss = 0.436222
I0829 05:12:01.429092 15446 solver.cpp:269] Iteration 118, lr = 5e-06
I0829 05:12:01.668370 15446 solver.cpp:117] Iteration 118, loss = 0.428019
I0829 05:12:03.134876 15446 solver.cpp:269] Iteration 119, lr = 5e-06
I0829 05:12:03.365636 15446 solver.cpp:117] Iteration 119, loss = 0.45649
I0829 05:12:04.833451 15446 solver.cpp:269] Iteration 120, lr = 5e-06
I0829 05:12:05.079646 15446 solver.cpp:117] Iteration 120, loss = 0.41145
I0829 05:12:05.079663 15446 solver.cpp:136] Iteration 120, Testing net
I0829 05:12:06.511900 15446 solver.cpp:172] Test score #0: 0.59342
I0829 05:12:06.511936 15446 solver.cpp:172] Test score #1: 0.333503
I0829 05:12:07.542618 15446 solver.cpp:269] Iteration 121, lr = 5e-06
I0829 05:12:07.775907 15446 solver.cpp:117] Iteration 121, loss = 0.527749
I0829 05:12:09.214684 15446 solver.cpp:269] Iteration 122, lr = 5e-06
I0829 05:12:09.440482 15446 solver.cpp:117] Iteration 122, loss = 0.414646
I0829 05:12:10.877264 15446 solver.cpp:269] Iteration 123, lr = 5e-06
I0829 05:12:11.122380 15446 solver.cpp:117] Iteration 123, loss = 0.385894
I0829 05:12:12.525315 15446 solver.cpp:269] Iteration 124, lr = 5e-06
I0829 05:12:12.756901 15446 solver.cpp:117] Iteration 124, loss = 0.451595
I0829 05:12:14.230617 15446 solver.cpp:269] Iteration 125, lr = 5e-06
I0829 05:12:14.426203 15446 solver.cpp:117] Iteration 125, loss = 0.383053
I0829 05:12:14.426237 15446 solver.cpp:136] Iteration 125, Testing net
I0829 05:12:15.912413 15446 solver.cpp:172] Test score #0: 0.525657
I0829 05:12:15.912437 15446 solver.cpp:172] Test score #1: 0.373485
I0829 05:12:16.909590 15446 solver.cpp:269] Iteration 126, lr = 5e-06
I0829 05:12:17.155230 15446 solver.cpp:117] Iteration 126, loss = 0.470547
I0829 05:12:18.558039 15446 solver.cpp:269] Iteration 127, lr = 5e-06
I0829 05:12:18.787623 15446 solver.cpp:117] Iteration 127, loss = 0.399974
I0829 05:12:20.270143 15446 solver.cpp:269] Iteration 128, lr = 5e-06
I0829 05:12:20.474131 15446 solver.cpp:117] Iteration 128, loss = 0.333028
I0829 05:12:21.925860 15446 solver.cpp:269] Iteration 129, lr = 5e-06
I0829 05:12:22.177520 15446 solver.cpp:117] Iteration 129, loss = 0.34368
I0829 05:12:23.619714 15446 solver.cpp:269] Iteration 130, lr = 5e-06
I0829 05:12:23.852224 15446 solver.cpp:117] Iteration 130, loss = 0.333812
I0829 05:12:23.852239 15446 solver.cpp:136] Iteration 130, Testing net
I0829 05:12:25.371740 15446 solver.cpp:172] Test score #0: 0.476867
I0829 05:12:25.371780 15446 solver.cpp:172] Test score #1: 0.344485
I0829 05:12:26.397272 15446 solver.cpp:269] Iteration 131, lr = 5e-06
I0829 05:12:26.623705 15446 solver.cpp:117] Iteration 131, loss = 0.39281
I0829 05:12:28.093936 15446 solver.cpp:269] Iteration 132, lr = 5e-06
I0829 05:12:28.335259 15446 solver.cpp:117] Iteration 132, loss = 0.425964
I0829 05:12:29.787436 15446 solver.cpp:269] Iteration 133, lr = 5e-06
I0829 05:12:30.026257 15446 solver.cpp:117] Iteration 133, loss = 0.390226
I0829 05:12:31.465811 15446 solver.cpp:269] Iteration 134, lr = 5e-06
I0829 05:12:31.691190 15446 solver.cpp:117] Iteration 134, loss = 0.354504
I0829 05:12:33.155203 15446 solver.cpp:269] Iteration 135, lr = 5e-06
I0829 05:12:33.400812 15446 solver.cpp:117] Iteration 135, loss = 0.395915
I0829 05:12:33.400826 15446 solver.cpp:136] Iteration 135, Testing net
I0829 05:12:34.850600 15446 solver.cpp:172] Test score #0: 0.662938
I0829 05:12:34.850633 15446 solver.cpp:172] Test score #1: 0.3182
I0829 05:12:35.889660 15446 solver.cpp:269] Iteration 136, lr = 5e-06
I0829 05:12:36.134557 15446 solver.cpp:117] Iteration 136, loss = 0.423742
I0829 05:12:37.571233 15446 solver.cpp:269] Iteration 137, lr = 5e-06
I0829 05:12:37.799449 15446 solver.cpp:117] Iteration 137, loss = 0.373295
I0829 05:12:39.269134 15446 solver.cpp:269] Iteration 138, lr = 5e-06
I0829 05:12:39.474417 15446 solver.cpp:117] Iteration 138, loss = 0.484237
I0829 05:12:40.910370 15446 solver.cpp:269] Iteration 139, lr = 5e-06
I0829 05:12:41.149289 15446 solver.cpp:117] Iteration 139, loss = 0.3655
I0829 05:12:42.591668 15446 solver.cpp:269] Iteration 140, lr = 5e-06
I0829 05:12:42.819861 15446 solver.cpp:117] Iteration 140, loss = 0.354009
I0829 05:12:42.819895 15446 solver.cpp:136] Iteration 140, Testing net
I0829 05:12:44.317981 15446 solver.cpp:172] Test score #0: 0.46864
I0829 05:12:44.318004 15446 solver.cpp:172] Test score #1: 0.355609
I0829 05:12:45.344298 15446 solver.cpp:269] Iteration 141, lr = 5e-06
I0829 05:12:45.546483 15446 solver.cpp:117] Iteration 141, loss = 0.352782
I0829 05:12:46.983068 15446 solver.cpp:269] Iteration 142, lr = 5e-06
I0829 05:12:47.221760 15446 solver.cpp:117] Iteration 142, loss = 0.431979
I0829 05:12:48.664945 15446 solver.cpp:269] Iteration 143, lr = 5e-06
I0829 05:12:48.893123 15446 solver.cpp:117] Iteration 143, loss = 0.341914
I0829 05:12:50.354758 15446 solver.cpp:269] Iteration 144, lr = 5e-06
I0829 05:12:50.598779 15446 solver.cpp:117] Iteration 144, loss = 0.384329
I0829 05:12:52.013622 15446 solver.cpp:269] Iteration 145, lr = 5e-06
I0829 05:12:52.247258 15446 solver.cpp:117] Iteration 145, loss = 0.393769
I0829 05:12:52.247272 15446 solver.cpp:136] Iteration 145, Testing net
I0829 05:12:53.767900 15446 solver.cpp:172] Test score #0: 0.482205
I0829 05:12:53.767938 15446 solver.cpp:172] Test score #1: 0.329927
I0829 05:12:54.794600 15446 solver.cpp:269] Iteration 146, lr = 5e-06
I0829 05:12:55.021456 15446 solver.cpp:117] Iteration 146, loss = 0.361643
I0829 05:12:56.493543 15446 solver.cpp:269] Iteration 147, lr = 5e-06
I0829 05:12:56.701756 15446 solver.cpp:117] Iteration 147, loss = 0.417222
I0829 05:12:58.134146 15446 solver.cpp:269] Iteration 148, lr = 5e-06
I0829 05:12:58.369104 15446 solver.cpp:117] Iteration 148, loss = 0.344685
I0829 05:12:59.813575 15446 solver.cpp:269] Iteration 149, lr = 5e-06
I0829 05:13:00.039649 15446 solver.cpp:117] Iteration 149, loss = 0.377557
I0829 05:13:01.508056 15446 solver.cpp:269] Iteration 150, lr = 5e-06
I0829 05:13:01.752706 15446 solver.cpp:117] Iteration 150, loss = 0.397117
I0829 05:13:01.752720 15446 solver.cpp:136] Iteration 150, Testing net
I0829 05:13:03.177687 15446 solver.cpp:172] Test score #0: 0.642018
I0829 05:13:03.177724 15446 solver.cpp:172] Test score #1: 0.310787
I0829 05:13:04.168262 15446 solver.cpp:269] Iteration 151, lr = 5e-06
I0829 05:13:04.399178 15446 solver.cpp:117] Iteration 151, loss = 0.307667
I0829 05:13:05.882606 15446 solver.cpp:269] Iteration 152, lr = 5e-06
I0829 05:13:06.085394 15446 solver.cpp:117] Iteration 152, loss = 0.360979
I0829 05:13:07.513129 15446 solver.cpp:269] Iteration 153, lr = 5e-06
I0829 05:13:07.762502 15446 solver.cpp:117] Iteration 153, loss = 0.338783
I0829 05:13:09.187646 15446 solver.cpp:269] Iteration 154, lr = 5e-06
I0829 05:13:09.412545 15446 solver.cpp:117] Iteration 154, loss = 0.403219
I0829 05:13:10.897521 15446 solver.cpp:269] Iteration 155, lr = 5e-06
I0829 05:13:11.089669 15446 solver.cpp:117] Iteration 155, loss = 0.334322
I0829 05:13:11.089707 15446 solver.cpp:136] Iteration 155, Testing net
I0829 05:13:12.578572 15446 solver.cpp:172] Test score #0: 0.479165
I0829 05:13:12.578596 15446 solver.cpp:172] Test score #1: 0.331873
I0829 05:13:13.589336 15446 solver.cpp:269] Iteration 156, lr = 5e-06
I0829 05:13:13.840033 15446 solver.cpp:117] Iteration 156, loss = 0.379869
I0829 05:13:15.251958 15446 solver.cpp:269] Iteration 157, lr = 5e-06
I0829 05:13:15.478811 15446 solver.cpp:117] Iteration 157, loss = 0.379515
I0829 05:13:16.949877 15446 solver.cpp:269] Iteration 158, lr = 5e-06
I0829 05:13:17.144062 15446 solver.cpp:117] Iteration 158, loss = 0.373947
I0829 05:13:18.580981 15446 solver.cpp:269] Iteration 159, lr = 5e-06
I0829 05:13:18.818241 15446 solver.cpp:117] Iteration 159, loss = 0.354363
I0829 05:13:20.251950 15446 solver.cpp:269] Iteration 160, lr = 5e-06
I0829 05:13:20.477990 15446 solver.cpp:117] Iteration 160, loss = 0.329811
I0829 05:13:20.478025 15446 solver.cpp:136] Iteration 160, Testing net
I0829 05:13:21.969794 15446 solver.cpp:172] Test score #0: 0.485764
I0829 05:13:21.969816 15446 solver.cpp:172] Test score #1: 0.319838
I0829 05:13:22.992147 15446 solver.cpp:269] Iteration 161, lr = 5e-06
I0829 05:13:23.210719 15446 solver.cpp:117] Iteration 161, loss = 0.390044
I0829 05:13:24.683677 15446 solver.cpp:269] Iteration 162, lr = 5e-06
I0829 05:13:24.923146 15446 solver.cpp:117] Iteration 162, loss = 0.381829
I0829 05:13:26.354871 15446 solver.cpp:269] Iteration 163, lr = 5e-06
I0829 05:13:26.582975 15446 solver.cpp:117] Iteration 163, loss = 0.468333
I0829 05:13:28.044661 15446 solver.cpp:269] Iteration 164, lr = 5e-06
I0829 05:13:28.280103 15446 solver.cpp:117] Iteration 164, loss = 0.348913
I0829 05:13:29.698036 15446 solver.cpp:269] Iteration 165, lr = 5e-06
I0829 05:13:29.933138 15446 solver.cpp:117] Iteration 165, loss = 0.386098
I0829 05:13:29.933153 15446 solver.cpp:136] Iteration 165, Testing net
I0829 05:13:31.386474 15446 solver.cpp:172] Test score #0: 0.64554
I0829 05:13:31.386515 15446 solver.cpp:172] Test score #1: 0.304186
I0829 05:13:32.413547 15446 solver.cpp:269] Iteration 166, lr = 5e-06
I0829 05:13:32.641572 15446 solver.cpp:117] Iteration 166, loss = 0.368483
I0829 05:13:34.079010 15446 solver.cpp:269] Iteration 167, lr = 5e-06
I0829 05:13:34.325764 15446 solver.cpp:117] Iteration 167, loss = 0.344527
I0829 05:13:35.749238 15446 solver.cpp:269] Iteration 168, lr = 5e-06
I0829 05:13:35.984202 15446 solver.cpp:117] Iteration 168, loss = 0.418564
I0829 05:13:37.467829 15446 solver.cpp:269] Iteration 169, lr = 5e-06
I0829 05:13:37.667562 15446 solver.cpp:117] Iteration 169, loss = 0.355621
I0829 05:13:39.120357 15446 solver.cpp:269] Iteration 170, lr = 5e-06
I0829 05:13:39.371341 15446 solver.cpp:117] Iteration 170, loss = 0.411625
I0829 05:13:39.371356 15446 solver.cpp:136] Iteration 170, Testing net
I0829 05:13:40.843638 15446 solver.cpp:172] Test score #0: 0.486015
I0829 05:13:40.843675 15446 solver.cpp:172] Test score #1: 0.315513
I0829 05:13:41.854840 15446 solver.cpp:269] Iteration 171, lr = 5e-06
I0829 05:13:42.089319 15446 solver.cpp:117] Iteration 171, loss = 0.368154
I0829 05:13:43.552786 15446 solver.cpp:269] Iteration 172, lr = 5e-06
I0829 05:13:43.775660 15446 solver.cpp:117] Iteration 172, loss = 0.335076
I0829 05:13:45.225267 15446 solver.cpp:269] Iteration 173, lr = 5e-06
I0829 05:13:45.476981 15446 solver.cpp:117] Iteration 173, loss = 0.392387
I0829 05:13:46.892387 15446 solver.cpp:269] Iteration 174, lr = 5e-06
I0829 05:13:47.125974 15446 solver.cpp:117] Iteration 174, loss = 0.372605
I0829 05:13:48.609442 15446 solver.cpp:269] Iteration 175, lr = 5e-06
I0829 05:13:48.798605 15446 solver.cpp:117] Iteration 175, loss = 0.25869
I0829 05:13:48.798638 15446 solver.cpp:136] Iteration 175, Testing net
I0829 05:13:50.285053 15446 solver.cpp:172] Test score #0: 0.487631
I0829 05:13:50.285076 15446 solver.cpp:172] Test score #1: 0.301445
I0829 05:13:51.315882 15446 solver.cpp:269] Iteration 176, lr = 5e-06
I0829 05:13:51.562873 15446 solver.cpp:117] Iteration 176, loss = 0.387504
I0829 05:13:52.951560 15446 solver.cpp:269] Iteration 177, lr = 5e-06
I0829 05:13:53.186267 15446 solver.cpp:117] Iteration 177, loss = 0.403402
I0829 05:13:54.663738 15446 solver.cpp:269] Iteration 178, lr = 5e-06
I0829 05:13:54.853260 15446 solver.cpp:117] Iteration 178, loss = 0.386656
I0829 05:13:56.312554 15446 solver.cpp:269] Iteration 179, lr = 5e-06
I0829 05:13:56.559767 15446 solver.cpp:117] Iteration 179, loss = 0.420325
I0829 05:13:57.988281 15446 solver.cpp:269] Iteration 180, lr = 5e-06
I0829 05:13:58.214823 15446 solver.cpp:117] Iteration 180, loss = 0.374355
I0829 05:13:58.214838 15446 solver.cpp:136] Iteration 180, Testing net
I0829 05:13:59.755544 15446 solver.cpp:172] Test score #0: 0.645539
I0829 05:13:59.755566 15446 solver.cpp:172] Test score #1: 0.29234
I0829 05:14:00.781077 15446 solver.cpp:269] Iteration 181, lr = 5e-06
I0829 05:14:00.987397 15446 solver.cpp:117] Iteration 181, loss = 0.368412
I0829 05:14:02.389694 15446 solver.cpp:269] Iteration 182, lr = 5e-06
I0829 05:14:02.616384 15446 solver.cpp:117] Iteration 182, loss = 0.355541
I0829 05:14:03.948622 15446 solver.cpp:269] Iteration 183, lr = 5e-06
I0829 05:14:04.178499 15446 solver.cpp:117] Iteration 183, loss = 0.336386
I0829 05:14:05.505132 15446 solver.cpp:269] Iteration 184, lr = 5e-06
I0829 05:14:05.695801 15446 solver.cpp:117] Iteration 184, loss = 0.333185
I0829 05:14:07.108518 15446 solver.cpp:269] Iteration 185, lr = 5e-06
I0829 05:14:07.344290 15446 solver.cpp:117] Iteration 185, loss = 0.36959
I0829 05:14:07.344305 15446 solver.cpp:136] Iteration 185, Testing net
I0829 05:14:08.791841 15446 solver.cpp:172] Test score #0: 0.485864
I0829 05:14:08.791882 15446 solver.cpp:172] Test score #1: 0.319375
I0829 05:14:09.821033 15446 solver.cpp:269] Iteration 186, lr = 5e-06
I0829 05:14:10.047829 15446 solver.cpp:117] Iteration 186, loss = 0.389488
I0829 05:14:11.512523 15446 solver.cpp:269] Iteration 187, lr = 5e-06
I0829 05:14:11.749042 15446 solver.cpp:117] Iteration 187, loss = 0.320034
I0829 05:14:13.208264 15446 solver.cpp:269] Iteration 188, lr = 5e-06
I0829 05:14:13.445926 15446 solver.cpp:117] Iteration 188, loss = 0.338905
I0829 05:14:14.882797 15446 solver.cpp:269] Iteration 189, lr = 5e-06
I0829 05:14:15.109351 15446 solver.cpp:117] Iteration 189, loss = 0.435642
I0829 05:14:16.570556 15446 solver.cpp:269] Iteration 190, lr = 5e-06
I0829 05:14:16.814100 15446 solver.cpp:117] Iteration 190, loss = 0.426615
I0829 05:14:16.814116 15446 solver.cpp:136] Iteration 190, Testing net
I0829 05:14:18.238313 15446 solver.cpp:172] Test score #0: 0.487764
I0829 05:14:18.238351 15446 solver.cpp:172] Test score #1: 0.278185
I0829 05:14:19.255606 15446 solver.cpp:269] Iteration 191, lr = 5e-06
I0829 05:14:19.492451 15446 solver.cpp:117] Iteration 191, loss = 0.416251
I0829 05:14:20.935675 15446 solver.cpp:269] Iteration 192, lr = 5e-06
I0829 05:14:21.162663 15446 solver.cpp:117] Iteration 192, loss = 0.33143
I0829 05:14:22.625805 15446 solver.cpp:269] Iteration 193, lr = 5e-06
I0829 05:14:22.870575 15446 solver.cpp:117] Iteration 193, loss = 0.315541
I0829 05:14:24.283979 15446 solver.cpp:269] Iteration 194, lr = 5e-06
I0829 05:14:24.516199 15446 solver.cpp:117] Iteration 194, loss = 0.39019
I0829 05:14:25.998741 15446 solver.cpp:269] Iteration 195, lr = 5e-06
I0829 05:14:26.204033 15446 solver.cpp:117] Iteration 195, loss = 0.347221
I0829 05:14:26.204069 15446 solver.cpp:136] Iteration 195, Testing net
I0829 05:14:27.662860 15446 solver.cpp:172] Test score #0: 0.628799
I0829 05:14:27.662883 15446 solver.cpp:172] Test score #1: 0.29468
I0829 05:14:28.645948 15446 solver.cpp:269] Iteration 196, lr = 5e-06
I0829 05:14:28.899207 15446 solver.cpp:117] Iteration 196, loss = 0.293187
I0829 05:14:30.308234 15446 solver.cpp:269] Iteration 197, lr = 5e-06
I0829 05:14:30.534509 15446 solver.cpp:117] Iteration 197, loss = 0.349557
I0829 05:14:32.018443 15446 solver.cpp:269] Iteration 198, lr = 5e-06
I0829 05:14:32.210777 15446 solver.cpp:117] Iteration 198, loss = 0.31121
I0829 05:14:33.663525 15446 solver.cpp:269] Iteration 199, lr = 5e-06
I0829 05:14:33.906397 15446 solver.cpp:117] Iteration 199, loss = 0.322832
I0829 05:14:35.342756 15446 solver.cpp:269] Iteration 200, lr = 5e-06
I0829 05:14:35.569439 15446 solver.cpp:117] Iteration 200, loss = 0.328094
I0829 05:14:35.569455 15446 solver.cpp:136] Iteration 200, Testing net
I0829 05:14:37.102447 15446 solver.cpp:172] Test score #0: 0.489437
I0829 05:14:37.102469 15446 solver.cpp:172] Test score #1: 0.30201
I0829 05:14:38.136392 15446 solver.cpp:269] Iteration 201, lr = 5e-06
I0829 05:14:38.323829 15446 solver.cpp:117] Iteration 201, loss = 0.316604
I0829 05:14:39.774072 15446 solver.cpp:269] Iteration 202, lr = 5e-06
I0829 05:14:40.024067 15446 solver.cpp:117] Iteration 202, loss = 0.347341
I0829 05:14:41.448889 15446 solver.cpp:269] Iteration 203, lr = 5e-06
I0829 05:14:41.675125 15446 solver.cpp:117] Iteration 203, loss = 0.292261
I0829 05:14:43.158812 15446 solver.cpp:269] Iteration 204, lr = 5e-06
I0829 05:14:43.350803 15446 solver.cpp:117] Iteration 204, loss = 0.343087
I0829 05:14:44.808223 15446 solver.cpp:269] Iteration 205, lr = 5e-06
I0829 05:14:45.050465 15446 solver.cpp:117] Iteration 205, loss = 0.293467
I0829 05:14:45.050480 15446 solver.cpp:136] Iteration 205, Testing net
I0829 05:14:46.524394 15446 solver.cpp:172] Test score #0: 0.487718
I0829 05:14:46.524430 15446 solver.cpp:172] Test score #1: 0.267685
I0829 05:14:47.553860 15446 solver.cpp:269] Iteration 206, lr = 5e-06
I0829 05:14:47.786566 15446 solver.cpp:117] Iteration 206, loss = 0.320967
I0829 05:14:49.266582 15446 solver.cpp:269] Iteration 207, lr = 5e-06
I0829 05:14:49.453433 15446 solver.cpp:117] Iteration 207, loss = 0.273391
I0829 05:14:50.907825 15446 solver.cpp:269] Iteration 208, lr = 5e-06
I0829 05:14:51.155763 15446 solver.cpp:117] Iteration 208, loss = 0.340971
I0829 05:14:52.581030 15446 solver.cpp:269] Iteration 209, lr = 5e-06
I0829 05:14:52.808718 15446 solver.cpp:117] Iteration 209, loss = 0.342706
I0829 05:14:54.285051 15446 solver.cpp:269] Iteration 210, lr = 5e-06
I0829 05:14:54.477664 15446 solver.cpp:117] Iteration 210, loss = 0.226887
I0829 05:14:54.477702 15446 solver.cpp:136] Iteration 210, Testing net
I0829 05:14:55.953560 15446 solver.cpp:172] Test score #0: 0.647299
I0829 05:14:55.953585 15446 solver.cpp:172] Test score #1: 0.28184
I0829 05:14:56.985065 15446 solver.cpp:269] Iteration 211, lr = 5e-06
I0829 05:14:57.234186 15446 solver.cpp:117] Iteration 211, loss = 0.353568
I0829 05:14:58.658192 15446 solver.cpp:269] Iteration 212, lr = 5e-06
I0829 05:14:58.884449 15446 solver.cpp:117] Iteration 212, loss = 0.382847
I0829 05:15:00.369746 15446 solver.cpp:269] Iteration 213, lr = 5e-06
I0829 05:15:00.561887 15446 solver.cpp:117] Iteration 213, loss = 0.353748
I0829 05:15:02.014215 15446 solver.cpp:269] Iteration 214, lr = 5e-06
I0829 05:15:02.257026 15446 solver.cpp:117] Iteration 214, loss = 0.407341
I0829 05:15:03.684811 15446 solver.cpp:269] Iteration 215, lr = 5e-06
I0829 05:15:03.912585 15446 solver.cpp:117] Iteration 215, loss = 0.347006
I0829 05:15:03.912600 15446 solver.cpp:136] Iteration 215, Testing net
I0829 05:15:05.436112 15446 solver.cpp:172] Test score #0: 0.491198
I0829 05:15:05.436141 15446 solver.cpp:172] Test score #1: 0.294238
I0829 05:15:06.466112 15446 solver.cpp:269] Iteration 216, lr = 5e-06
I0829 05:15:06.654274 15446 solver.cpp:117] Iteration 216, loss = 0.305268
I0829 05:15:08.114003 15446 solver.cpp:269] Iteration 217, lr = 5e-06
I0829 05:15:08.361196 15446 solver.cpp:117] Iteration 217, loss = 0.339317
I0829 05:15:09.778950 15446 solver.cpp:269] Iteration 218, lr = 5e-06
I0829 05:15:10.007979 15446 solver.cpp:117] Iteration 218, loss = 0.314898
I0829 05:15:11.489943 15446 solver.cpp:269] Iteration 219, lr = 5e-06
I0829 05:15:11.682906 15446 solver.cpp:117] Iteration 219, loss = 0.3379
I0829 05:15:13.122524 15446 solver.cpp:269] Iteration 220, lr = 5e-06
I0829 05:15:13.362171 15446 solver.cpp:117] Iteration 220, loss = 0.308866
I0829 05:15:13.362186 15446 solver.cpp:136] Iteration 220, Testing net
I0829 05:15:14.808820 15446 solver.cpp:172] Test score #0: 0.485963
I0829 05:15:14.808859 15446 solver.cpp:172] Test score #1: 0.258385
I0829 05:15:15.836243 15446 solver.cpp:269] Iteration 221, lr = 5e-06
I0829 05:15:16.063045 15446 solver.cpp:117] Iteration 221, loss = 0.280629
I0829 05:15:17.536159 15446 solver.cpp:269] Iteration 222, lr = 5e-06
I0829 05:15:17.744539 15446 solver.cpp:117] Iteration 222, loss = 0.209137
I0829 05:15:19.243494 15446 solver.cpp:269] Iteration 223, lr = 5e-06
I0829 05:15:19.490223 15446 solver.cpp:117] Iteration 223, loss = 0.287888
I0829 05:15:20.921746 15446 solver.cpp:269] Iteration 224, lr = 5e-06
I0829 05:15:21.147694 15446 solver.cpp:117] Iteration 224, loss = 0.309041
I0829 05:15:22.623846 15446 solver.cpp:269] Iteration 225, lr = 5e-06
I0829 05:15:22.817111 15446 solver.cpp:117] Iteration 225, loss = 0.328723
I0829 05:15:22.817149 15446 solver.cpp:136] Iteration 225, Testing net
I0829 05:15:24.293462 15446 solver.cpp:172] Test score #0: 0.632332
I0829 05:15:24.293484 15446 solver.cpp:172] Test score #1: 0.284485
I0829 05:15:25.328927 15446 solver.cpp:269] Iteration 226, lr = 5e-06
I0829 05:15:25.577445 15446 solver.cpp:117] Iteration 226, loss = 0.314539
I0829 05:15:27.002805 15446 solver.cpp:269] Iteration 227, lr = 5e-06
I0829 05:15:27.229374 15446 solver.cpp:117] Iteration 227, loss = 0.283054
I0829 05:15:28.708896 15446 solver.cpp:269] Iteration 228, lr = 5e-06
I0829 05:15:28.903098 15446 solver.cpp:117] Iteration 228, loss = 0.352195
I0829 05:15:30.351462 15446 solver.cpp:269] Iteration 229, lr = 5e-06
I0829 05:15:30.589047 15446 solver.cpp:117] Iteration 229, loss = 0.288483
I0829 05:15:32.020900 15446 solver.cpp:269] Iteration 230, lr = 5e-06
I0829 05:15:32.247536 15446 solver.cpp:117] Iteration 230, loss = 0.324876
I0829 05:15:32.247570 15446 solver.cpp:136] Iteration 230, Testing net
I0829 05:15:33.780729 15446 solver.cpp:172] Test score #0: 0.491198
I0829 05:15:33.780769 15446 solver.cpp:172] Test score #1: 0.276404
I0829 05:15:34.824460 15446 solver.cpp:269] Iteration 231, lr = 5e-06
I0829 05:15:35.019810 15446 solver.cpp:117] Iteration 231, loss = 0.454328
I0829 05:15:36.496739 15446 solver.cpp:269] Iteration 232, lr = 5e-06
I0829 05:15:36.745913 15446 solver.cpp:117] Iteration 232, loss = 0.271911
I0829 05:15:38.194228 15446 solver.cpp:269] Iteration 233, lr = 5e-06
I0829 05:15:38.424376 15446 solver.cpp:117] Iteration 233, loss = 0.291732
I0829 05:15:39.918009 15446 solver.cpp:269] Iteration 234, lr = 5e-06
I0829 05:15:40.115370 15446 solver.cpp:117] Iteration 234, loss = 0.373381
I0829 05:15:41.570654 15446 solver.cpp:269] Iteration 235, lr = 5e-06
I0829 05:15:41.811220 15446 solver.cpp:117] Iteration 235, loss = 0.350102
I0829 05:15:41.811257 15446 solver.cpp:136] Iteration 235, Testing net
I0829 05:15:43.282230 15446 solver.cpp:172] Test score #0: 0.551973
I0829 05:15:43.282270 15446 solver.cpp:172] Test score #1: 0.248711
I0829 05:15:44.320824 15446 solver.cpp:269] Iteration 236, lr = 5e-06
I0829 05:15:44.552958 15446 solver.cpp:117] Iteration 236, loss = 0.292938
I0829 05:15:46.040935 15446 solver.cpp:269] Iteration 237, lr = 5e-06
I0829 05:15:46.239800 15446 solver.cpp:117] Iteration 237, loss = 0.293285
I0829 05:15:47.697123 15446 solver.cpp:269] Iteration 238, lr = 5e-06
I0829 05:15:47.939631 15446 solver.cpp:117] Iteration 238, loss = 0.264157
I0829 05:15:49.390115 15446 solver.cpp:269] Iteration 239, lr = 5e-06
I0829 05:15:49.622521 15446 solver.cpp:117] Iteration 239, loss = 0.322136
I0829 05:15:51.104758 15446 solver.cpp:269] Iteration 240, lr = 5e-06
I0829 05:15:51.353283 15446 solver.cpp:117] Iteration 240, loss = 0.326704
I0829 05:15:51.353320 15446 solver.cpp:136] Iteration 240, Testing net
I0829 05:15:52.788089 15446 solver.cpp:172] Test score #0: 0.595266
I0829 05:15:52.788128 15446 solver.cpp:172] Test score #1: 0.277436
I0829 05:15:53.828177 15446 solver.cpp:269] Iteration 241, lr = 5e-06
I0829 05:15:54.067225 15446 solver.cpp:117] Iteration 241, loss = 0.292444
I0829 05:15:55.512940 15446 solver.cpp:269] Iteration 242, lr = 5e-06
I0829 05:15:55.739104 15446 solver.cpp:117] Iteration 242, loss = 0.262324
I0829 05:15:57.201721 15446 solver.cpp:269] Iteration 243, lr = 5e-06
I0829 05:15:57.448127 15446 solver.cpp:117] Iteration 243, loss = 0.360741
I0829 05:15:58.866173 15446 solver.cpp:269] Iteration 244, lr = 5e-06
I0829 05:15:59.096189 15446 solver.cpp:117] Iteration 244, loss = 0.256472
I0829 05:16:00.566489 15446 solver.cpp:269] Iteration 245, lr = 5e-06
I0829 05:16:00.771960 15446 solver.cpp:117] Iteration 245, loss = 0.350441
I0829 05:16:00.771991 15446 solver.cpp:136] Iteration 245, Testing net
I0829 05:16:02.255892 15446 solver.cpp:172] Test score #0: 0.494719
I0829 05:16:02.255915 15446 solver.cpp:172] Test score #1: 0.264255
I0829 05:16:03.271561 15446 solver.cpp:269] Iteration 246, lr = 5e-06
I0829 05:16:03.513558 15446 solver.cpp:117] Iteration 246, loss = 0.328515
I0829 05:16:04.930492 15446 solver.cpp:269] Iteration 247, lr = 5e-06
I0829 05:16:05.164270 15446 solver.cpp:117] Iteration 247, loss = 0.347106
I0829 05:16:06.599756 15446 solver.cpp:269] Iteration 248, lr = 5e-06
I0829 05:16:06.825516 15446 solver.cpp:117] Iteration 248, loss = 0.383937
I0829 05:16:08.255825 15446 solver.cpp:269] Iteration 249, lr = 5e-06
I0829 05:16:08.503531 15446 solver.cpp:117] Iteration 249, loss = 0.280708
I0829 05:16:09.920219 15446 solver.cpp:269] Iteration 250, lr = 5e-06
I0829 05:16:10.149783 15446 solver.cpp:117] Iteration 250, loss = 0.271178
I0829 05:16:10.149798 15446 solver.cpp:136] Iteration 250, Testing net
I0829 05:16:11.661960 15446 solver.cpp:172] Test score #0: 0.553727
I0829 05:16:11.662003 15446 solver.cpp:172] Test score #1: 0.244539
I0829 05:16:12.682832 15446 solver.cpp:269] Iteration 251, lr = 5e-06
I0829 05:16:12.907335 15446 solver.cpp:117] Iteration 251, loss = 0.281859
I0829 05:16:14.374881 15446 solver.cpp:269] Iteration 252, lr = 5e-06
I0829 05:16:14.596387 15446 solver.cpp:117] Iteration 252, loss = 0.2978
I0829 05:16:15.989568 15446 solver.cpp:269] Iteration 253, lr = 5e-06
I0829 05:16:16.222441 15446 solver.cpp:117] Iteration 253, loss = 0.455279
I0829 05:16:17.705257 15446 solver.cpp:269] Iteration 254, lr = 5e-06
I0829 05:16:17.909239 15446 solver.cpp:117] Iteration 254, loss = 0.352684
I0829 05:16:19.338196 15446 solver.cpp:269] Iteration 255, lr = 5e-06
I0829 05:16:19.588219 15446 solver.cpp:117] Iteration 255, loss = 0.370505
I0829 05:16:19.588234 15446 solver.cpp:136] Iteration 255, Testing net
I0829 05:16:21.042824 15446 solver.cpp:172] Test score #0: 0.541472
I0829 05:16:21.042861 15446 solver.cpp:172] Test score #1: 0.267659
I0829 05:16:22.068719 15446 solver.cpp:269] Iteration 256, lr = 5e-06
I0829 05:16:22.302927 15446 solver.cpp:117] Iteration 256, loss = 0.363164
I0829 05:16:23.788429 15446 solver.cpp:269] Iteration 257, lr = 5e-06
I0829 05:16:23.981591 15446 solver.cpp:117] Iteration 257, loss = 0.312953
I0829 05:16:25.431372 15446 solver.cpp:269] Iteration 258, lr = 5e-06
I0829 05:16:25.682821 15446 solver.cpp:117] Iteration 258, loss = 0.38513
I0829 05:16:27.124047 15446 solver.cpp:269] Iteration 259, lr = 5e-06
I0829 05:16:27.358489 15446 solver.cpp:117] Iteration 259, loss = 0.286074
I0829 05:16:28.838752 15446 solver.cpp:269] Iteration 260, lr = 5e-06
I0829 05:16:29.026976 15446 solver.cpp:117] Iteration 260, loss = 0.29784
I0829 05:16:29.027014 15446 solver.cpp:136] Iteration 260, Testing net
I0829 05:16:30.506081 15446 solver.cpp:172] Test score #0: 0.496465
I0829 05:16:30.506105 15446 solver.cpp:172] Test score #1: 0.262533
I0829 05:16:31.532282 15446 solver.cpp:269] Iteration 261, lr = 5e-06
I0829 05:16:31.781292 15446 solver.cpp:117] Iteration 261, loss = 0.342141
I0829 05:16:33.233885 15446 solver.cpp:269] Iteration 262, lr = 5e-06
I0829 05:16:33.465719 15446 solver.cpp:117] Iteration 262, loss = 0.244596
I0829 05:16:34.946971 15446 solver.cpp:269] Iteration 263, lr = 5e-06
I0829 05:16:35.153450 15446 solver.cpp:117] Iteration 263, loss = 0.32475
I0829 05:16:36.601506 15446 solver.cpp:269] Iteration 264, lr = 5e-06
I0829 05:16:36.852339 15446 solver.cpp:117] Iteration 264, loss = 0.261924
I0829 05:16:38.295732 15446 solver.cpp:269] Iteration 265, lr = 5e-06
I0829 05:16:38.528764 15446 solver.cpp:117] Iteration 265, loss = 0.264147
I0829 05:16:38.528779 15446 solver.cpp:136] Iteration 265, Testing net
I0829 05:16:40.043880 15446 solver.cpp:172] Test score #0: 0.564437
I0829 05:16:40.043922 15446 solver.cpp:172] Test score #1: 0.22904
I0829 05:16:41.069527 15446 solver.cpp:269] Iteration 266, lr = 5e-06
I0829 05:16:41.298741 15446 solver.cpp:117] Iteration 266, loss = 0.422243
I0829 05:16:42.749033 15446 solver.cpp:269] Iteration 267, lr = 5e-06
I0829 05:16:42.994169 15446 solver.cpp:117] Iteration 267, loss = 0.293348
I0829 05:16:44.412328 15446 solver.cpp:269] Iteration 268, lr = 5e-06
I0829 05:16:44.647050 15446 solver.cpp:117] Iteration 268, loss = 0.290682
I0829 05:16:46.122619 15446 solver.cpp:269] Iteration 269, lr = 5e-06
I0829 05:16:46.335618 15446 solver.cpp:117] Iteration 269, loss = 0.252276
I0829 05:16:47.783691 15446 solver.cpp:269] Iteration 270, lr = 5e-06
I0829 05:16:48.036783 15446 solver.cpp:117] Iteration 270, loss = 0.297575
I0829 05:16:48.036800 15446 solver.cpp:136] Iteration 270, Testing net
