I0823 20:52:59.910696 30935 finetune_net.cpp:25] Starting Optimization
I0823 20:52:59.910789 30935 solver.cpp:42] Creating training net.
I0823 20:52:59.911708 30935 net.cpp:76] Creating Layer data
I0823 20:52:59.911730 30935 net.cpp:112] data -> data
I0823 20:52:59.911746 30935 net.cpp:112] data -> label
I0823 20:52:59.911782 30935 data_layer.cpp:145] Opening leveldb ground_sheet_fine_train_leveldb
I0823 20:52:59.961604 30935 data_layer.cpp:185] output data size: 6,3,227,227
I0823 20:52:59.961642 30935 data_layer.cpp:204] Loading mean file from../../data/ground_sheet/ground_sheet_fine_mean.binaryproto
I0823 20:53:00.203558 30935 net.cpp:127] Top shape: 6 3 227 227 (927522)
I0823 20:53:00.203588 30935 net.cpp:127] Top shape: 6 1 1 1 (6)
I0823 20:53:00.203593 30935 net.cpp:158] data does not need backward computation.
I0823 20:53:00.203606 30935 net.cpp:76] Creating Layer conv1
I0823 20:53:00.203613 30935 net.cpp:86] conv1 <- data
I0823 20:53:00.203625 30935 net.cpp:112] conv1 -> conv1
I0823 20:53:00.204958 30935 net.cpp:127] Top shape: 6 96 55 55 (1742400)
I0823 20:53:00.204970 30935 net.cpp:158] conv1 does not need backward computation.
I0823 20:53:00.204977 30935 net.cpp:76] Creating Layer relu1
I0823 20:53:00.204982 30935 net.cpp:86] relu1 <- conv1
I0823 20:53:00.204987 30935 net.cpp:100] relu1 -> conv1 (in-place)
I0823 20:53:00.204993 30935 net.cpp:127] Top shape: 6 96 55 55 (1742400)
I0823 20:53:00.204998 30935 net.cpp:158] relu1 does not need backward computation.
I0823 20:53:00.205003 30935 net.cpp:76] Creating Layer pool1
I0823 20:53:00.205005 30935 net.cpp:86] pool1 <- conv1
I0823 20:53:00.205010 30935 net.cpp:112] pool1 -> pool1
I0823 20:53:00.205020 30935 net.cpp:127] Top shape: 6 96 27 27 (419904)
I0823 20:53:00.205024 30935 net.cpp:158] pool1 does not need backward computation.
I0823 20:53:00.205032 30935 net.cpp:76] Creating Layer norm1
I0823 20:53:00.205036 30935 net.cpp:86] norm1 <- pool1
I0823 20:53:00.205041 30935 net.cpp:112] norm1 -> norm1
I0823 20:53:00.205049 30935 net.cpp:127] Top shape: 6 96 27 27 (419904)
I0823 20:53:00.205052 30935 net.cpp:158] norm1 does not need backward computation.
I0823 20:53:00.205066 30935 net.cpp:76] Creating Layer conv2
I0823 20:53:00.205070 30935 net.cpp:86] conv2 <- norm1
I0823 20:53:00.205075 30935 net.cpp:112] conv2 -> conv2
I0823 20:53:00.216289 30935 net.cpp:127] Top shape: 6 256 27 27 (1119744)
I0823 20:53:00.216303 30935 net.cpp:158] conv2 does not need backward computation.
I0823 20:53:00.216310 30935 net.cpp:76] Creating Layer relu2
I0823 20:53:00.216313 30935 net.cpp:86] relu2 <- conv2
I0823 20:53:00.216320 30935 net.cpp:100] relu2 -> conv2 (in-place)
I0823 20:53:00.216323 30935 net.cpp:127] Top shape: 6 256 27 27 (1119744)
I0823 20:53:00.216327 30935 net.cpp:158] relu2 does not need backward computation.
I0823 20:53:00.216332 30935 net.cpp:76] Creating Layer pool2
I0823 20:53:00.216336 30935 net.cpp:86] pool2 <- conv2
I0823 20:53:00.216339 30935 net.cpp:112] pool2 -> pool2
I0823 20:53:00.216346 30935 net.cpp:127] Top shape: 6 256 13 13 (259584)
I0823 20:53:00.216349 30935 net.cpp:158] pool2 does not need backward computation.
I0823 20:53:00.216356 30935 net.cpp:76] Creating Layer norm2
I0823 20:53:00.216359 30935 net.cpp:86] norm2 <- pool2
I0823 20:53:00.216363 30935 net.cpp:112] norm2 -> norm2
I0823 20:53:00.216368 30935 net.cpp:127] Top shape: 6 256 13 13 (259584)
I0823 20:53:00.216372 30935 net.cpp:158] norm2 does not need backward computation.
I0823 20:53:00.216377 30935 net.cpp:76] Creating Layer conv3
I0823 20:53:00.216382 30935 net.cpp:86] conv3 <- norm2
I0823 20:53:00.216385 30935 net.cpp:112] conv3 -> conv3
I0823 20:53:00.248949 30935 net.cpp:127] Top shape: 6 384 13 13 (389376)
I0823 20:53:00.248961 30935 net.cpp:158] conv3 does not need backward computation.
I0823 20:53:00.248967 30935 net.cpp:76] Creating Layer relu3
I0823 20:53:00.248971 30935 net.cpp:86] relu3 <- conv3
I0823 20:53:00.248976 30935 net.cpp:100] relu3 -> conv3 (in-place)
I0823 20:53:00.248980 30935 net.cpp:127] Top shape: 6 384 13 13 (389376)
I0823 20:53:00.248985 30935 net.cpp:158] relu3 does not need backward computation.
I0823 20:53:00.248989 30935 net.cpp:76] Creating Layer conv4
I0823 20:53:00.248993 30935 net.cpp:86] conv4 <- conv3
I0823 20:53:00.248997 30935 net.cpp:112] conv4 -> conv4
I0823 20:53:00.273406 30935 net.cpp:127] Top shape: 6 384 13 13 (389376)
I0823 20:53:00.273417 30935 net.cpp:158] conv4 does not need backward computation.
I0823 20:53:00.273423 30935 net.cpp:76] Creating Layer relu4
I0823 20:53:00.273427 30935 net.cpp:86] relu4 <- conv4
I0823 20:53:00.273432 30935 net.cpp:100] relu4 -> conv4 (in-place)
I0823 20:53:00.273437 30935 net.cpp:127] Top shape: 6 384 13 13 (389376)
I0823 20:53:00.273440 30935 net.cpp:158] relu4 does not need backward computation.
I0823 20:53:00.273445 30935 net.cpp:76] Creating Layer conv5
I0823 20:53:00.273449 30935 net.cpp:86] conv5 <- conv4
I0823 20:53:00.273453 30935 net.cpp:112] conv5 -> conv5
I0823 20:53:00.289749 30935 net.cpp:127] Top shape: 6 256 13 13 (259584)
I0823 20:53:00.289760 30935 net.cpp:158] conv5 does not need backward computation.
I0823 20:53:00.289767 30935 net.cpp:76] Creating Layer relu5
I0823 20:53:00.289770 30935 net.cpp:86] relu5 <- conv5
I0823 20:53:00.289775 30935 net.cpp:100] relu5 -> conv5 (in-place)
I0823 20:53:00.289779 30935 net.cpp:127] Top shape: 6 256 13 13 (259584)
I0823 20:53:00.289783 30935 net.cpp:158] relu5 does not need backward computation.
I0823 20:53:00.289788 30935 net.cpp:76] Creating Layer pool5
I0823 20:53:00.289793 30935 net.cpp:86] pool5 <- conv5
I0823 20:53:00.289796 30935 net.cpp:112] pool5 -> pool5
I0823 20:53:00.289801 30935 net.cpp:127] Top shape: 6 256 6 6 (55296)
I0823 20:53:00.289805 30935 net.cpp:158] pool5 does not need backward computation.
I0823 20:53:00.289813 30935 net.cpp:76] Creating Layer fc6
I0823 20:53:00.289816 30935 net.cpp:86] fc6 <- pool5
I0823 20:53:00.289820 30935 net.cpp:112] fc6 -> fc6
I0823 20:53:01.704818 30935 net.cpp:127] Top shape: 6 4096 1 1 (24576)
I0823 20:53:01.704846 30935 net.cpp:153] fc6 needs backward computation.
I0823 20:53:01.704855 30935 net.cpp:76] Creating Layer relu6
I0823 20:53:01.704861 30935 net.cpp:86] relu6 <- fc6
I0823 20:53:01.704867 30935 net.cpp:100] relu6 -> fc6 (in-place)
I0823 20:53:01.704874 30935 net.cpp:127] Top shape: 6 4096 1 1 (24576)
I0823 20:53:01.704877 30935 net.cpp:153] relu6 needs backward computation.
I0823 20:53:01.704882 30935 net.cpp:76] Creating Layer drop6
I0823 20:53:01.704885 30935 net.cpp:86] drop6 <- fc6
I0823 20:53:01.704890 30935 net.cpp:100] drop6 -> fc6 (in-place)
I0823 20:53:01.704901 30935 net.cpp:127] Top shape: 6 4096 1 1 (24576)
I0823 20:53:01.704905 30935 net.cpp:153] drop6 needs backward computation.
I0823 20:53:01.704911 30935 net.cpp:76] Creating Layer fc7
I0823 20:53:01.704916 30935 net.cpp:86] fc7 <- fc6
I0823 20:53:01.704920 30935 net.cpp:112] fc7 -> fc7
I0823 20:53:02.333838 30935 net.cpp:127] Top shape: 6 4096 1 1 (24576)
I0823 20:53:02.333868 30935 net.cpp:153] fc7 needs backward computation.
I0823 20:53:02.333876 30935 net.cpp:76] Creating Layer relu7
I0823 20:53:02.333881 30935 net.cpp:86] relu7 <- fc7
I0823 20:53:02.333888 30935 net.cpp:100] relu7 -> fc7 (in-place)
I0823 20:53:02.333894 30935 net.cpp:127] Top shape: 6 4096 1 1 (24576)
I0823 20:53:02.333897 30935 net.cpp:153] relu7 needs backward computation.
I0823 20:53:02.333902 30935 net.cpp:76] Creating Layer drop7
I0823 20:53:02.333905 30935 net.cpp:86] drop7 <- fc7
I0823 20:53:02.333909 30935 net.cpp:100] drop7 -> fc7 (in-place)
I0823 20:53:02.333914 30935 net.cpp:127] Top shape: 6 4096 1 1 (24576)
I0823 20:53:02.333919 30935 net.cpp:153] drop7 needs backward computation.
I0823 20:53:02.333925 30935 net.cpp:76] Creating Layer fc8_clamp
I0823 20:53:02.333927 30935 net.cpp:86] fc8_clamp <- fc7
I0823 20:53:02.333932 30935 net.cpp:112] fc8_clamp -> fc8_aero
I0823 20:53:02.334266 30935 net.cpp:127] Top shape: 6 2 1 1 (12)
I0823 20:53:02.334275 30935 net.cpp:153] fc8_clamp needs backward computation.
I0823 20:53:02.334280 30935 net.cpp:76] Creating Layer loss
I0823 20:53:02.334285 30935 net.cpp:86] loss <- fc8_aero
I0823 20:53:02.334290 30935 net.cpp:86] loss <- label
I0823 20:53:02.334300 30935 net.cpp:153] loss needs backward computation.
I0823 20:53:02.334326 30935 net.cpp:182] Collecting Learning Rate and Weight Decay.
I0823 20:53:02.334337 30935 net.cpp:175] Network initialization done.
I0823 20:53:02.334341 30935 net.cpp:176] Memory required for Data 25165776
I0823 20:53:02.334379 30935 solver.cpp:45] Creating testing net.
I0823 20:53:02.335011 30935 net.cpp:76] Creating Layer data
I0823 20:53:02.335022 30935 net.cpp:112] data -> data
I0823 20:53:02.335028 30935 net.cpp:112] data -> label
I0823 20:53:02.335036 30935 data_layer.cpp:145] Opening leveldb ground_sheet_fine_val_leveldb
I0823 20:53:02.353343 30935 data_layer.cpp:185] output data size: 6,3,227,227
I0823 20:53:02.353359 30935 data_layer.cpp:204] Loading mean file from../../data/ground_sheet/ground_sheet_fine_mean.binaryproto
I0823 20:53:02.359490 30935 net.cpp:127] Top shape: 6 3 227 227 (927522)
I0823 20:53:02.359515 30935 net.cpp:127] Top shape: 6 1 1 1 (6)
I0823 20:53:02.359525 30935 net.cpp:158] data does not need backward computation.
I0823 20:53:02.359541 30935 net.cpp:76] Creating Layer conv1
I0823 20:53:02.359550 30935 net.cpp:86] conv1 <- data
I0823 20:53:02.359561 30935 net.cpp:112] conv1 -> conv1
I0823 20:53:02.362300 30935 net.cpp:127] Top shape: 6 96 55 55 (1742400)
I0823 20:53:02.362324 30935 net.cpp:158] conv1 does not need backward computation.
I0823 20:53:02.362337 30935 net.cpp:76] Creating Layer relu1
I0823 20:53:02.362345 30935 net.cpp:86] relu1 <- conv1
I0823 20:53:02.362356 30935 net.cpp:100] relu1 -> conv1 (in-place)
I0823 20:53:02.362366 30935 net.cpp:127] Top shape: 6 96 55 55 (1742400)
I0823 20:53:02.362375 30935 net.cpp:158] relu1 does not need backward computation.
I0823 20:53:02.362385 30935 net.cpp:76] Creating Layer pool1
I0823 20:53:02.362392 30935 net.cpp:86] pool1 <- conv1
I0823 20:53:02.362401 30935 net.cpp:112] pool1 -> pool1
I0823 20:53:02.362413 30935 net.cpp:127] Top shape: 6 96 27 27 (419904)
I0823 20:53:02.362422 30935 net.cpp:158] pool1 does not need backward computation.
I0823 20:53:02.362434 30935 net.cpp:76] Creating Layer norm1
I0823 20:53:02.362442 30935 net.cpp:86] norm1 <- pool1
I0823 20:53:02.362452 30935 net.cpp:112] norm1 -> norm1
I0823 20:53:02.362464 30935 net.cpp:127] Top shape: 6 96 27 27 (419904)
I0823 20:53:02.362473 30935 net.cpp:158] norm1 does not need backward computation.
I0823 20:53:02.362484 30935 net.cpp:76] Creating Layer conv2
I0823 20:53:02.362493 30935 net.cpp:86] conv2 <- norm1
I0823 20:53:02.362500 30935 net.cpp:112] conv2 -> conv2
I0823 20:53:02.373648 30935 net.cpp:127] Top shape: 6 256 27 27 (1119744)
I0823 20:53:02.373662 30935 net.cpp:158] conv2 does not need backward computation.
I0823 20:53:02.373668 30935 net.cpp:76] Creating Layer relu2
I0823 20:53:02.373672 30935 net.cpp:86] relu2 <- conv2
I0823 20:53:02.373677 30935 net.cpp:100] relu2 -> conv2 (in-place)
I0823 20:53:02.373682 30935 net.cpp:127] Top shape: 6 256 27 27 (1119744)
I0823 20:53:02.373687 30935 net.cpp:158] relu2 does not need backward computation.
I0823 20:53:02.373692 30935 net.cpp:76] Creating Layer pool2
I0823 20:53:02.373695 30935 net.cpp:86] pool2 <- conv2
I0823 20:53:02.373699 30935 net.cpp:112] pool2 -> pool2
I0823 20:53:02.373704 30935 net.cpp:127] Top shape: 6 256 13 13 (259584)
I0823 20:53:02.373708 30935 net.cpp:158] pool2 does not need backward computation.
I0823 20:53:02.373715 30935 net.cpp:76] Creating Layer norm2
I0823 20:53:02.373719 30935 net.cpp:86] norm2 <- pool2
I0823 20:53:02.373724 30935 net.cpp:112] norm2 -> norm2
I0823 20:53:02.373729 30935 net.cpp:127] Top shape: 6 256 13 13 (259584)
I0823 20:53:02.373733 30935 net.cpp:158] norm2 does not need backward computation.
I0823 20:53:02.373739 30935 net.cpp:76] Creating Layer conv3
I0823 20:53:02.373742 30935 net.cpp:86] conv3 <- norm2
I0823 20:53:02.373747 30935 net.cpp:112] conv3 -> conv3
I0823 20:53:02.406260 30935 net.cpp:127] Top shape: 6 384 13 13 (389376)
I0823 20:53:02.406271 30935 net.cpp:158] conv3 does not need backward computation.
I0823 20:53:02.406277 30935 net.cpp:76] Creating Layer relu3
I0823 20:53:02.406281 30935 net.cpp:86] relu3 <- conv3
I0823 20:53:02.406286 30935 net.cpp:100] relu3 -> conv3 (in-place)
I0823 20:53:02.406291 30935 net.cpp:127] Top shape: 6 384 13 13 (389376)
I0823 20:53:02.406296 30935 net.cpp:158] relu3 does not need backward computation.
I0823 20:53:02.406301 30935 net.cpp:76] Creating Layer conv4
I0823 20:53:02.406304 30935 net.cpp:86] conv4 <- conv3
I0823 20:53:02.406308 30935 net.cpp:112] conv4 -> conv4
I0823 20:53:02.430699 30935 net.cpp:127] Top shape: 6 384 13 13 (389376)
I0823 20:53:02.430711 30935 net.cpp:158] conv4 does not need backward computation.
I0823 20:53:02.430716 30935 net.cpp:76] Creating Layer relu4
I0823 20:53:02.430721 30935 net.cpp:86] relu4 <- conv4
I0823 20:53:02.430726 30935 net.cpp:100] relu4 -> conv4 (in-place)
I0823 20:53:02.430730 30935 net.cpp:127] Top shape: 6 384 13 13 (389376)
I0823 20:53:02.430734 30935 net.cpp:158] relu4 does not need backward computation.
I0823 20:53:02.430739 30935 net.cpp:76] Creating Layer conv5
I0823 20:53:02.430743 30935 net.cpp:86] conv5 <- conv4
I0823 20:53:02.430747 30935 net.cpp:112] conv5 -> conv5
I0823 20:53:02.447010 30935 net.cpp:127] Top shape: 6 256 13 13 (259584)
I0823 20:53:02.447021 30935 net.cpp:158] conv5 does not need backward computation.
I0823 20:53:02.447026 30935 net.cpp:76] Creating Layer relu5
I0823 20:53:02.447031 30935 net.cpp:86] relu5 <- conv5
I0823 20:53:02.447036 30935 net.cpp:100] relu5 -> conv5 (in-place)
I0823 20:53:02.447041 30935 net.cpp:127] Top shape: 6 256 13 13 (259584)
I0823 20:53:02.447044 30935 net.cpp:158] relu5 does not need backward computation.
I0823 20:53:02.447049 30935 net.cpp:76] Creating Layer pool5
I0823 20:53:02.447052 30935 net.cpp:86] pool5 <- conv5
I0823 20:53:02.447057 30935 net.cpp:112] pool5 -> pool5
I0823 20:53:02.447062 30935 net.cpp:127] Top shape: 6 256 6 6 (55296)
I0823 20:53:02.447067 30935 net.cpp:158] pool5 does not need backward computation.
I0823 20:53:02.447073 30935 net.cpp:76] Creating Layer fc6
I0823 20:53:02.447077 30935 net.cpp:86] fc6 <- pool5
I0823 20:53:02.447082 30935 net.cpp:112] fc6 -> fc6
I0823 20:53:03.861728 30935 net.cpp:127] Top shape: 6 4096 1 1 (24576)
I0823 20:53:03.861757 30935 net.cpp:153] fc6 needs backward computation.
I0823 20:53:03.861767 30935 net.cpp:76] Creating Layer relu6
I0823 20:53:03.861773 30935 net.cpp:86] relu6 <- fc6
I0823 20:53:03.861778 30935 net.cpp:100] relu6 -> fc6 (in-place)
I0823 20:53:03.861784 30935 net.cpp:127] Top shape: 6 4096 1 1 (24576)
I0823 20:53:03.861788 30935 net.cpp:153] relu6 needs backward computation.
I0823 20:53:03.861793 30935 net.cpp:76] Creating Layer drop6
I0823 20:53:03.861796 30935 net.cpp:86] drop6 <- fc6
I0823 20:53:03.861800 30935 net.cpp:100] drop6 -> fc6 (in-place)
I0823 20:53:03.861805 30935 net.cpp:127] Top shape: 6 4096 1 1 (24576)
I0823 20:53:03.861809 30935 net.cpp:153] drop6 needs backward computation.
I0823 20:53:03.861814 30935 net.cpp:76] Creating Layer fc7
I0823 20:53:03.861819 30935 net.cpp:86] fc7 <- fc6
I0823 20:53:03.861824 30935 net.cpp:112] fc7 -> fc7
I0823 20:53:04.490664 30935 net.cpp:127] Top shape: 6 4096 1 1 (24576)
I0823 20:53:04.490691 30935 net.cpp:153] fc7 needs backward computation.
I0823 20:53:04.490700 30935 net.cpp:76] Creating Layer relu7
I0823 20:53:04.490706 30935 net.cpp:86] relu7 <- fc7
I0823 20:53:04.490712 30935 net.cpp:100] relu7 -> fc7 (in-place)
I0823 20:53:04.490718 30935 net.cpp:127] Top shape: 6 4096 1 1 (24576)
I0823 20:53:04.490722 30935 net.cpp:153] relu7 needs backward computation.
I0823 20:53:04.490726 30935 net.cpp:76] Creating Layer drop7
I0823 20:53:04.490731 30935 net.cpp:86] drop7 <- fc7
I0823 20:53:04.490735 30935 net.cpp:100] drop7 -> fc7 (in-place)
I0823 20:53:04.490739 30935 net.cpp:127] Top shape: 6 4096 1 1 (24576)
I0823 20:53:04.490743 30935 net.cpp:153] drop7 needs backward computation.
I0823 20:53:04.490748 30935 net.cpp:76] Creating Layer fc8_clamp
I0823 20:53:04.490752 30935 net.cpp:86] fc8_clamp <- fc7
I0823 20:53:04.490757 30935 net.cpp:112] fc8_clamp -> fc8_aero
I0823 20:53:04.491078 30935 net.cpp:127] Top shape: 6 2 1 1 (12)
I0823 20:53:04.491087 30935 net.cpp:153] fc8_clamp needs backward computation.
I0823 20:53:04.491092 30935 net.cpp:76] Creating Layer prob
I0823 20:53:04.491097 30935 net.cpp:86] prob <- fc8_aero
I0823 20:53:04.491102 30935 net.cpp:112] prob -> prob
I0823 20:53:04.491108 30935 net.cpp:127] Top shape: 6 2 1 1 (12)
I0823 20:53:04.491112 30935 net.cpp:153] prob needs backward computation.
I0823 20:53:04.491117 30935 net.cpp:76] Creating Layer accuracy
I0823 20:53:04.491122 30935 net.cpp:86] accuracy <- prob
I0823 20:53:04.491125 30935 net.cpp:86] accuracy <- label
I0823 20:53:04.491132 30935 net.cpp:112] accuracy -> accuracy
PER CLASS ACCURACY LAYER:
bottom[0] dimensions:
num: 6
channels: 2
height: 1
width: 1
count: 12

top dimensions:
num: 1
channels: 2
height: 1
width: 1
count: 2
I0823 20:53:04.491194 30935 net.cpp:127] Top shape: 1 2 1 1 (2)
I0823 20:53:04.491200 30935 net.cpp:153] accuracy needs backward computation.
I0823 20:53:04.491204 30935 net.cpp:164] This network produces output accuracy
I0823 20:53:04.491221 30935 net.cpp:182] Collecting Learning Rate and Weight Decay.
I0823 20:53:04.491230 30935 net.cpp:175] Network initialization done.
I0823 20:53:04.491233 30935 net.cpp:176] Memory required for Data 25165832
I0823 20:53:04.491276 30935 solver.cpp:50] Solver scaffolding done.
I0823 20:53:04.491281 30935 finetune_net.cpp:27] Loading from ../alexnet/caffe_alexnet_model
I0823 20:53:05.064395 30935 net.cpp:366] Copying source layer data
I0823 20:53:05.064422 30935 net.cpp:366] Copying source layer conv1
I0823 20:53:05.064486 30935 net.cpp:366] Copying source layer relu1
I0823 20:53:05.064492 30935 net.cpp:366] Copying source layer norm1
I0823 20:53:05.064496 30935 net.cpp:366] Copying source layer pool1
I0823 20:53:05.064499 30935 net.cpp:366] Copying source layer conv2
I0823 20:53:05.064988 30935 net.cpp:366] Copying source layer relu2
I0823 20:53:05.064998 30935 net.cpp:366] Copying source layer norm2
I0823 20:53:05.065003 30935 net.cpp:366] Copying source layer pool2
I0823 20:53:05.065006 30935 net.cpp:366] Copying source layer conv3
I0823 20:53:05.066330 30935 net.cpp:366] Copying source layer relu3
I0823 20:53:05.066342 30935 net.cpp:366] Copying source layer conv4
I0823 20:53:05.067349 30935 net.cpp:366] Copying source layer relu4
I0823 20:53:05.067359 30935 net.cpp:366] Copying source layer conv5
I0823 20:53:05.068056 30935 net.cpp:366] Copying source layer relu5
I0823 20:53:05.068066 30935 net.cpp:366] Copying source layer pool5
I0823 20:53:05.068070 30935 net.cpp:366] Copying source layer fc6
I0823 20:53:05.171560 30935 net.cpp:366] Copying source layer relu6
I0823 20:53:05.171588 30935 net.cpp:366] Copying source layer drop6
I0823 20:53:05.171593 30935 net.cpp:366] Copying source layer fc7
I0823 20:53:05.217670 30935 net.cpp:366] Copying source layer relu7
I0823 20:53:05.217703 30935 net.cpp:366] Copying source layer drop7
I0823 20:53:05.217707 30935 net.cpp:363] Ignoring source layer fc8
I0823 20:53:05.217711 30935 net.cpp:366] Copying source layer loss
I0823 20:53:05.229712 30935 solver.cpp:62] Solving ground_sheetFineNet
I0823 20:53:05.229733 30935 solver.cpp:136] Iteration 0, Testing net

per class accuracy layer
output probs (bottom_data):
min class case 0: 0.246613, 0.753387, 
case 1: 0.464015, 0.535985, 
case 2: 0.133091, 0.866909, 
min class case 3: 0.490417, 0.509583, 
min class case 4: 0.232478, 0.767522, 
case 5: 0.334368, 0.665632, 
I0823 20:53:05.309777 30935 solver.cpp:172] Test score #0: 0.5
I0823 20:53:05.309794 30935 solver.cpp:172] Test score #1: 0.790814

SL layer
output probs:
min class case 0: 0.186442, 0.813558, 
case 1: 0.371874, 0.628126, 
case 2: 0.361304, 0.638696, 
min class case 3: 0.773516, 0.226484, 
min class case 4: 0.227744, 0.772256, 
case 5: 0.408438, 0.591562, 
loss after net.hpp:Forward(): 0.809051
loss after net.hpp:Backward(): 0.809051
I0823 20:53:05.337146 30935 solver.cpp:269] Iteration 1, lr = 0.0001
perform computation on GPU

current params: 
softmax 0: 
0.0117912, 0.00191725, 0.00486741, 0.0121143, -0.0180232, 0.0116818, 0.0142527, -0.0141336, -0.010968, 0.00249402, 0.0147772, 0.00136419, -0.0145115, -0.0125472, 0.0101196, 0.00313497, 0.0298579, 0.0220751, 0.00765673, -7.78373e-05, 
softmax 1: 
-0.00958241, 0.010199, 0.00715961, 0.00114082, -0.000730079, -0.0169398, -0.00288958, 0.00900333, 0.00710681, -0.0123492, -0.00117212, -0.00732688, 0.00487949, -0.00136664, -0.00773995, 0.0197216, 0.0114045, 0.00228267, 0.0103306, 0.000533913, 

diff: 
softmax 0: 
-0.000264934, 9.58624e-11, 2.43371e-10, 1.12616e-05, -0.0012087, 5.84091e-10, 7.12634e-10, -7.06679e-10, 1.60387e-05, 7.24901e-05, 0.000101702, 6.82095e-11, 3.5378e-05, -6.2736e-10, 5.05978e-10, -0.000110944, 1.4929e-09, 1.10376e-09, 3.82837e-10, -3.89187e-12, 
softmax 1: 
0.000264935, 5.0995e-10, 3.5798e-10, -1.12609e-05, 0.0012087, -8.46991e-10, -1.44479e-10, 4.50167e-10, -1.60389e-05, -7.24906e-05, -0.000101701, -3.66344e-10, -3.53785e-05, -6.8332e-11, -3.86997e-10, 0.000110945, 5.70225e-10, 1.14134e-10, 5.16532e-10, 2.66956e-11, 

new params: 
softmax 0: 
0.0120562, 0.00191725, 0.00486741, 0.0121031, -0.0168145, 0.0116818, 0.0142527, -0.0141336, -0.010984, 0.00242153, 0.0146755, 0.00136419, -0.0145469, -0.0125472, 0.0101196, 0.00324592, 0.0298579, 0.0220751, 0.00765673, -7.78373e-05, 
softmax 1: 
-0.00984734, 0.010199, 0.00715961, 0.00115208, -0.00193878, -0.0169398, -0.00288958, 0.00900333, 0.00712285, -0.0122768, -0.00107042, -0.00732688, 0.00491486, -0.00136664, -0.00773995, 0.0196107, 0.0114045, 0.00228267, 0.0103306, 0.000533913, 

I0823 20:53:05.588569 30935 solver.cpp:117] Iteration 1, loss = 0.809051
I0823 20:53:05.588583 30935 solver.cpp:136] Iteration 1, Testing net

per class accuracy layer
output probs (bottom_data):
min class case 0: 0.58002, 0.41998, 
case 1: 0.555708, 0.444292, 
case 2: 0.0845789, 0.915421, 
min class case 3: 0.634394, 0.365606, 
min class case 4: 0.73432, 0.26568, 
case 5: 0.373762, 0.626238, 
I0823 20:53:05.604511 30935 solver.cpp:172] Test score #0: 0.833333
I0823 20:53:05.604521 30935 solver.cpp:172] Test score #1: 0.446043

SL layer
output probs:
min class case 0: 0.815467, 0.184533, 
case 1: 0.108972, 0.891028, 
case 2: 0.211303, 0.788697, 
min class case 3: 0.822264, 0.177736, 
min class case 4: 0.443099, 0.556901, 
case 5: 0.394722, 0.605278, 
loss after net.hpp:Forward(): 0.344745
loss after net.hpp:Backward(): 0.344745
I0823 20:53:05.620543 30935 solver.cpp:269] Iteration 2, lr = 0.0001
perform computation on GPU

current params: 
softmax 0: 
0.0120562, 0.00191725, 0.00486741, 0.0121031, -0.0168145, 0.0116818, 0.0142527, -0.0141336, -0.010984, 0.00242153, 0.0146755, 0.00136419, -0.0145469, -0.0125472, 0.0101196, 0.00324592, 0.0298579, 0.0220751, 0.00765673, -7.78373e-05, 
softmax 1: 
-0.00984734, 0.010199, 0.00715961, 0.00115208, -0.00193878, -0.0169398, -0.00288958, 0.00900333, 0.00712285, -0.0122768, -0.00107042, -0.00732688, 0.00491486, -0.00136664, -0.00773995, 0.0196107, 0.0114045, 0.00228267, 0.0103306, 0.000533913, 

diff: 
softmax 0: 
0.000284851, 0.000106943, 2.44625e-10, -7.54569e-05, -0.000446283, 5.87101e-10, 7.16307e-10, -7.10321e-10, 8.21105e-08, 3.73718e-07, 5.24882e-07, 6.8561e-11, -6.31091e-05, 7.76818e-05, 5.08586e-10, -5.71616e-07, 1.50059e-09, 1.10944e-09, 9.79509e-05, -3.91192e-12, 
softmax 1: 
-0.000284851, -0.000106942, 3.59825e-10, 7.54576e-05, 0.000446282, -8.51356e-10, -1.45224e-10, 4.52487e-10, -8.23045e-08, -3.74214e-07, -5.24198e-07, -3.68232e-10, 6.31086e-05, -7.76825e-05, -3.88992e-10, 5.72765e-07, 5.73164e-10, 1.14722e-10, -9.795e-05, 2.68332e-11, 

new params: 
softmax 0: 
0.0117713, 0.00181031, 0.00486741, 0.0121785, -0.0163682, 0.0116818, 0.0142527, -0.0141336, -0.0109841, 0.00242116, 0.0146749, 0.00136419, -0.0144838, -0.0126249, 0.0101196, 0.00324649, 0.0298579, 0.0220751, 0.00755878, -7.78373e-05, 
softmax 1: 
-0.00956249, 0.0103059, 0.00715961, 0.00107662, -0.00238506, -0.0169398, -0.00288958, 0.00900333, 0.00712293, -0.0122764, -0.00106989, -0.00732688, 0.00485176, -0.00128896, -0.00773995, 0.0196101, 0.0114045, 0.00228267, 0.0104286, 0.000533913, 

I0823 20:53:05.849642 30935 solver.cpp:117] Iteration 2, loss = 0.344745
I0823 20:53:05.849661 30935 solver.cpp:136] Iteration 2, Testing net

per class accuracy layer
output probs (bottom_data):
min class case 0: 0.622663, 0.377337, 
case 1: 0.516218, 0.483782, 
case 2: 0.061193, 0.938807, 
min class case 3: 0.683167, 0.316833, 
min class case 4: 0.894886, 0.105114, 
case 5: 0.27576, 0.72424, 
I0823 20:53:05.864233 30935 solver.cpp:172] Test score #0: 0.833333
I0823 20:53:05.864243 30935 solver.cpp:172] Test score #1: 0.346287

SL layer
output probs:
min class case 0: 0.569139, 0.430861, 
case 1: 0.363919, 0.636081, 
case 2: 0.0879072, 0.912093, 
min class case 3: 0.837085, 0.162915, 
min class case 4: 0.628183, 0.371817, 
case 5: 0.34357, 0.65643, 
loss after net.hpp:Forward(): 0.361961
loss after net.hpp:Backward(): 0.361961
I0823 20:53:05.878870 30935 solver.cpp:269] Iteration 3, lr = 0.0001
perform computation on GPU

current params: 
softmax 0: 
0.0117713, 0.00181031, 0.00486741, 0.0121785, -0.0163682, 0.0116818, 0.0142527, -0.0141336, -0.0109841, 0.00242116, 0.0146749, 0.00136419, -0.0144838, -0.0126249, 0.0101196, 0.00324649, 0.0298579, 0.0220751, 0.00755878, -7.78373e-05, 
softmax 1: 
-0.00956249, 0.0103059, 0.00715961, 0.00107662, -0.00238506, -0.0169398, -0.00288958, 0.00900333, 0.00712293, -0.0122764, -0.00106989, -0.00732688, 0.00485176, -0.00128896, -0.00773995, 0.0196101, 0.0114045, 0.00228267, 0.0104286, 0.000533913, 

diff: 
softmax 0: 
0.000432745, 5.51249e-07, 2.44631e-10, 7.06833e-05, -2.30086e-06, 5.87117e-10, -0.000324161, -7.1034e-10, -1.26026e-10, 2.04711e-09, 0.000166206, 6.85628e-11, 0.000118191, -0.000120499, 5.08599e-10, -2.78365e-09, 1.50063e-09, 1.10947e-09, 5.05194e-07, -3.91203e-12, 
softmax 1: 
-0.000432745, -5.5064e-07, 3.59835e-10, -7.06826e-05, 2.29992e-06, -8.51378e-10, 0.000324162, 4.52499e-10, -6.80316e-11, -2.54243e-09, -0.000166205, -3.68242e-10, -0.000118192, 0.000120498, -3.89002e-10, 3.9324e-09, 5.73179e-10, 1.14725e-10, -5.0429e-07, 2.68339e-11, 

new params: 
softmax 0: 
0.0113386, 0.00180975, 0.00486741, 0.0121079, -0.0163659, 0.0116818, 0.0145768, -0.0141336, -0.0109841, 0.00242115, 0.0145087, 0.00136419, -0.014602, -0.0125044, 0.0101196, 0.00324649, 0.0298579, 0.0220751, 0.00755828, -7.78373e-05, 
softmax 1: 
-0.00912975, 0.0103065, 0.00715961, 0.0011473, -0.00238736, -0.0169398, -0.00321374, 0.00900333, 0.00712293, -0.0122764, -0.000903686, -0.00732687, 0.00496995, -0.00140946, -0.00773994, 0.0196101, 0.0114045, 0.00228267, 0.0104291, 0.000533913, 

I0823 20:53:06.106256 30935 solver.cpp:117] Iteration 3, loss = 0.361961
I0823 20:53:06.106271 30935 solver.cpp:136] Iteration 3, Testing net

per class accuracy layer
output probs (bottom_data):
min class case 0: 0.772218, 0.227782, 
case 1: 0.46443, 0.53557, 
case 2: 0.0562136, 0.943786, 
min class case 3: 0.751439, 0.248561, 
min class case 4: 0.95224, 0.0477597, 
case 5: 0.240152, 0.759848, 
I0823 20:53:06.120952 30935 solver.cpp:172] Test score #0: 1
I0823 20:53:06.120961 30935 solver.cpp:172] Test score #1: 0.258351

SL layer
output probs:
min class case 0: 0.713246, 0.286754, 
case 1: 0.702284, 0.297716, 
case 2: 0.412402, 0.587598, 
min class case 3: 0.847084, 0.152916, 
min class case 4: 0.818808, 0.181192, 
case 5: 0.396222, 0.603778, 
loss after net.hpp:Forward(): 0.491944
loss after net.hpp:Backward(): 0.491944
I0823 20:53:06.135766 30935 solver.cpp:269] Iteration 4, lr = 0.0001
perform computation on GPU

current params: 
softmax 0: 
0.0113386, 0.00180975, 0.00486741, 0.0121079, -0.0163659, 0.0116818, 0.0145768, -0.0141336, -0.0109841, 0.00242115, 0.0145087, 0.00136419, -0.014602, -0.0125044, 0.0101196, 0.00324649, 0.0298579, 0.0220751, 0.00755828, -7.78373e-05, 
softmax 1: 
-0.00912975, 0.0103065, 0.00715961, 0.0011473, -0.00238736, -0.0169398, -0.00321374, 0.00900333, 0.00712293, -0.0122764, -0.000903686, -0.00732687, 0.00496995, -0.00140946, -0.00773994, 0.0196101, 0.0114045, 0.00228267, 0.0104291, 0.000533913, 

diff: 
softmax 0: 
2.57802e-05, -4.62079e-05, 2.44631e-10, 0.000403854, -1.26764e-08, 5.87117e-10, -1.66992e-06, -7.1034e-10, -5.49854e-10, 1.31608e-10, 0.000218111, 6.85628e-11, 0.000134575, 0.000191961, 0.000110521, 1.47978e-10, 1.50063e-09, 1.10947e-09, 2.98157e-09, -3.91203e-12, 
softmax 1: 
-2.57802e-05, 4.62085e-05, 3.59835e-10, -0.000403854, 1.17339e-08, -8.51378e-10, 1.67049e-06, 4.52499e-10, 3.55796e-10, -6.26922e-10, -0.000218111, -3.68242e-10, -0.000134575, -0.000191962, -0.000110521, 1.00077e-09, 5.73179e-10, 1.14725e-10, -2.07754e-09, 2.68339e-11, 

new params: 
softmax 0: 
0.0113128, 0.00185596, 0.00486741, 0.011704, -0.0163659, 0.0116818, 0.0145785, -0.0141336, -0.0109841, 0.00242115, 0.0142906, 0.00136419, -0.0147366, -0.0126963, 0.010009, 0.00324649, 0.0298579, 0.0220751, 0.00755827, -7.78373e-05, 
softmax 1: 
-0.00910397, 0.0102603, 0.00715961, 0.00155116, -0.00238737, -0.0169398, -0.00321541, 0.00900333, 0.00712293, -0.0122764, -0.000685575, -0.00732687, 0.00510452, -0.00121749, -0.00762942, 0.0196101, 0.0114045, 0.00228267, 0.0104291, 0.000533913, 

I0823 20:53:06.363287 30935 solver.cpp:117] Iteration 4, loss = 0.491944
I0823 20:53:06.363302 30935 solver.cpp:136] Iteration 4, Testing net

per class accuracy layer
output probs (bottom_data):
min class case 0: 0.765922, 0.234078, 
case 1: 0.270069, 0.729931, 
case 2: 0.0251642, 0.974836, 
min class case 3: 0.666622, 0.333378, 
min class case 4: 0.955659, 0.044341, 
case 5: 0.132466, 0.867534, 
I0823 20:53:06.377822 30935 solver.cpp:172] Test score #0: 1
I0823 20:53:06.377832 30935 solver.cpp:172] Test score #1: 0.199992

SL layer
output probs:
min class case 0: 0.704477, 0.295523, 
case 1: 0.131033, 0.868967, 
case 2: 0.189865, 0.810135, 
min class case 3: 0.25015, 0.74985, 
min class case 4: 0.997922, 0.00207838, 
case 5: 0.503734, 0.496266, 
loss after net.hpp:Forward(): 0.464953
loss after net.hpp:Backward(): 0.464953
I0823 20:53:06.392422 30935 solver.cpp:269] Iteration 5, lr = 0.0001
perform computation on GPU

current params: 
softmax 0: 
0.0113128, 0.00185596, 0.00486741, 0.011704, -0.0163659, 0.0116818, 0.0145785, -0.0141336, -0.0109841, 0.00242115, 0.0142906, 0.00136419, -0.0147366, -0.0126963, 0.010009, 0.00324649, 0.0298579, 0.0220751, 0.00755827, -7.78373e-05, 
softmax 1: 
-0.00910397, 0.0102603, 0.00715961, 0.00155116, -0.00238737, -0.0169398, -0.00321541, 0.00900333, 0.00712293, -0.0122764, -0.000685575, -0.00732687, 0.00510452, -0.00121749, -0.00762942, 0.0196101, 0.0114045, 0.00228267, 0.0104291, 0.000533913, 

diff: 
softmax 0: 
6.11964e-05, -4.752e-06, 2.44631e-10, 0.000356126, -4.19057e-06, 5.87117e-10, -7.87747e-09, -7.1034e-10, 9.4429e-05, 1.21736e-10, 0.000586974, 6.85628e-11, 6.92832e-07, 9.88688e-07, 5.34552e-05, 1.63087e-10, 1.50063e-09, 1.10947e-09, 3.9328e-10, 0.000108963, 
softmax 1: 
-6.11963e-05, 4.75261e-06, 3.59835e-10, -0.000356125, 4.18969e-06, -8.51378e-10, 8.44857e-09, 4.52499e-10, -9.44292e-05, -6.1705e-10, -0.000586974, -3.68242e-10, -6.93316e-07, -9.89388e-07, -5.34551e-05, 9.85663e-10, 5.73179e-10, 1.14725e-10, 5.10747e-10, -0.000108963, 

new params: 
softmax 0: 
0.0112516, 0.00186071, 0.00486741, 0.0113479, -0.0163617, 0.0116818, 0.0145785, -0.0141336, -0.0110785, 0.00242115, 0.0137036, 0.00136419, -0.0147373, -0.0126973, 0.00995558, 0.00324649, 0.0298579, 0.0220751, 0.00755827, -0.000186801, 
softmax 1: 
-0.00904277, 0.0102555, 0.0071596, 0.00190728, -0.00239156, -0.0169398, -0.00321542, 0.00900333, 0.00721736, -0.0122764, -9.86019e-05, -0.00732687, 0.00510522, -0.0012165, -0.00757597, 0.0196101, 0.0114045, 0.00228267, 0.0104291, 0.000642876, 

I0823 20:53:06.619789 30935 solver.cpp:117] Iteration 5, loss = 0.464953
I0823 20:53:06.619802 30935 solver.cpp:136] Iteration 5, Testing net

per class accuracy layer
output probs (bottom_data):
min class case 0: 0.811514, 0.188486, 
case 1: 0.244958, 0.755042, 
case 2: 0.0195269, 0.980473, 
min class case 3: 0.796433, 0.203567, 
min class case 4: 0.958117, 0.0418831, 
case 5: 0.0895841, 0.910416, 
I0823 20:53:06.634601 30935 solver.cpp:172] Test score #0: 1
I0823 20:53:06.634610 30935 solver.cpp:172] Test score #1: 0.145635

SL layer
output probs:
min class case 0: 0.803422, 0.196578, 
case 1: 0.436512, 0.563488, 
case 2: 0.0650002, 0.935, 
min class case 3: 0.864431, 0.135569, 
min class case 4: 0.998711, 0.00128951, 
case 5: 0.21396, 0.78604, 
loss after net.hpp:Forward(): 0.207902
loss after net.hpp:Backward(): 0.207902
I0823 20:53:06.649194 30935 solver.cpp:269] Iteration 6, lr = 0.0001
perform computation on GPU

current params: 
softmax 0: 
0.0112516, 0.00186071, 0.00486741, 0.0113479, -0.0163617, 0.0116818, 0.0145785, -0.0141336, -0.0110785, 0.00242115, 0.0137036, 0.00136419, -0.0147373, -0.0126973, 0.00995558, 0.00324649, 0.0298579, 0.0220751, 0.00755827, -0.000186801, 
softmax 1: 
-0.00904277, 0.0102555, 0.0071596, 0.00190728, -0.00239156, -0.0169398, -0.00321542, 0.00900333, 0.00721736, -0.0122764, -9.86019e-05, -0.00732687, 0.00510522, -0.0012165, -0.00757597, 0.0196101, 0.0114045, 0.00228267, 0.0104291, 0.000642876, 

diff: 
softmax 0: 
0.000156174, 2.48908e-06, 2.44631e-10, 4.70009e-05, -8.18625e-06, 5.87117e-10, 6.88327e-10, -7.1034e-10, 6.85122e-05, 1.21685e-10, 3.02582e-06, 6.50717e-06, 2.83383e-09, -3.67061e-05, 1.06271e-05, 1.63165e-10, 1.50063e-09, 1.10947e-09, 3.7994e-10, 5.61562e-07, 
softmax 1: 
-0.000156174, -2.48848e-06, 3.59835e-10, -4.70003e-05, 8.18536e-06, -8.51378e-10, -1.17229e-10, 4.52499e-10, -6.85124e-05, -6.16999e-10, -3.02513e-06, -6.50748e-06, -3.31793e-09, 3.67054e-05, -1.0627e-05, 9.85585e-10, 5.73179e-10, 1.14725e-10, 5.24087e-10, -5.61539e-07, 

new params: 
softmax 0: 
0.0110954, 0.00185823, 0.00486741, 0.0113009, -0.0163535, 0.0116818, 0.0145785, -0.0141336, -0.011147, 0.00242115, 0.0137006, 0.00135768, -0.0147373, -0.0126606, 0.00994495, 0.00324649, 0.0298579, 0.0220751, 0.00755827, -0.000187362, 
softmax 1: 
-0.0088866, 0.010258, 0.0071596, 0.00195428, -0.00239975, -0.0169398, -0.00321542, 0.00900333, 0.00728588, -0.0122764, -9.55767e-05, -0.00732037, 0.00510522, -0.00125321, -0.00756534, 0.0196101, 0.0114045, 0.00228267, 0.0104291, 0.000643438, 

I0823 20:53:06.876643 30935 solver.cpp:117] Iteration 6, loss = 0.207902
I0823 20:53:06.876662 30935 solver.cpp:136] Iteration 6, Testing net

per class accuracy layer
output probs (bottom_data):
min class case 0: 0.838674, 0.161326, 
case 1: 0.170596, 0.829404, 
case 2: 0.0157881, 0.984212, 
min class case 3: 0.793049, 0.206951, 
min class case 4: 0.955168, 0.0448322, 
case 5: 0.0689935, 0.931006, 
I0823 20:53:06.891180 30935 solver.cpp:172] Test score #0: 1
I0823 20:53:06.891190 30935 solver.cpp:172] Test score #1: 0.121354

SL layer
output probs:
min class case 0: 0.432772, 0.567228, 
case 1: 0.073896, 0.926104, 
case 2: 0.0182242, 0.981776, 
min class case 3: 0.980833, 0.0191666, 
min class case 4: 0.587396, 0.412604, 
case 5: 0.0201763, 0.979824, 
loss after net.hpp:Forward(): 0.25075
loss after net.hpp:Backward(): 0.25075
I0823 20:53:06.905838 30935 solver.cpp:269] Iteration 7, lr = 0.0001
perform computation on GPU

current params: 
softmax 0: 
0.0110954, 0.00185823, 0.00486741, 0.0113009, -0.0163535, 0.0116818, 0.0145785, -0.0141336, -0.011147, 0.00242115, 0.0137006, 0.00135768, -0.0147373, -0.0126606, 0.00994495, 0.00324649, 0.0298579, 0.0220751, 0.00755827, -0.000187362, 
softmax 1: 
-0.0088866, 0.010258, 0.0071596, 0.00195428, -0.00239975, -0.0169398, -0.00321542, 0.00900333, 0.00728588, -0.0122764, -9.55767e-05, -0.00732037, 0.00510522, -0.00125321, -0.00756534, 0.0196101, 0.0114045, 0.00228267, 0.0104291, 0.000643438, 

diff: 
softmax 0: 
-7.11538e-06, 1.29211e-08, -0.000350727, 2.42797e-07, -0.00107527, 5.87117e-10, 7.32473e-10, -7.1034e-10, 3.52539e-07, 1.21685e-10, 1.02351e-05, 4.40992e-06, 1.68999e-05, 5.93486e-05, 5.52669e-08, 8.51313e-06, 1.50063e-09, 1.10947e-09, 3.79872e-10, 2.88479e-09, 
softmax 1: 
7.1155e-06, -1.23121e-08, 0.000350727, -2.42131e-07, 0.00107527, -8.51378e-10, -1.61375e-10, 4.52499e-10, -3.52733e-07, -6.16999e-10, -1.02344e-05, -4.41022e-06, -1.69004e-05, -5.93493e-05, -5.51473e-08, -8.51197e-06, 5.73179e-10, 1.14725e-10, 5.24155e-10, -2.86187e-09, 

new params: 
softmax 0: 
0.0111025, 0.00185821, 0.00521814, 0.0113006, -0.0152782, 0.0116818, 0.0145785, -0.0141336, -0.0111474, 0.00242115, 0.0136904, 0.00135327, -0.0147542, -0.01272, 0.0099449, 0.00323798, 0.0298579, 0.0220751, 0.00755827, -0.000187365, 
softmax 1: 
-0.00889371, 0.010258, 0.00680888, 0.00195452, -0.00347502, -0.0169398, -0.00321542, 0.00900333, 0.00728623, -0.0122764, -8.53423e-05, -0.00731596, 0.00512212, -0.00119386, -0.00756529, 0.0196186, 0.0114045, 0.00228267, 0.0104291, 0.000643441, 

I0823 20:53:07.133265 30935 solver.cpp:117] Iteration 7, loss = 0.25075
I0823 20:53:07.133283 30935 solver.cpp:136] Iteration 7, Testing net

per class accuracy layer
output probs (bottom_data):
min class case 0: 0.966529, 0.033471, 
case 1: 0.210049, 0.789951, 
case 2: 0.0207691, 0.979231, 
min class case 3: 0.837237, 0.162763, 
min class case 4: 0.989325, 0.0106755, 
case 5: 0.10231, 0.89769, 
I0823 20:53:07.148031 30935 solver.cpp:172] Test score #0: 1
I0823 20:53:07.148041 30935 solver.cpp:172] Test score #1: 0.0978544

SL layer
output probs:
min class case 0: 0.879691, 0.120309, 
case 1: 0.118034, 0.881966, 
case 2: 0.0151704, 0.98483, 
min class case 3: 0.842111, 0.157889, 
min class case 4: 0.867985, 0.132015, 
case 5: 0.0485238, 0.951476, 
loss after net.hpp:Forward(): 0.105373
loss after net.hpp:Backward(): 0.105373
I0823 20:53:07.162821 30935 solver.cpp:269] Iteration 8, lr = 0.0001
perform computation on GPU

current params: 
softmax 0: 
0.0111025, 0.00185821, 0.00521814, 0.0113006, -0.0152782, 0.0116818, 0.0145785, -0.0141336, -0.0111474, 0.00242115, 0.0136904, 0.00135327, -0.0147542, -0.01272, 0.0099449, 0.00323798, 0.0298579, 0.0220751, 0.00755827, -0.000187365, 
softmax 1: 
-0.00889371, 0.010258, 0.00680888, 0.00195452, -0.00347502, -0.0169398, -0.00321542, 0.00900333, 0.00728623, -0.0122764, -8.53423e-05, -0.00731596, 0.00512212, -0.00119386, -0.00756529, 0.0196186, 0.0114045, 0.00228267, 0.0104291, 0.000643441, 

diff: 
softmax 0: 
-3.61159e-08, 1.59503e-10, -1.8073e-06, 1.81635e-09, -3.27043e-05, 5.87117e-10, 7.32701e-10, -7.1034e-10, 1.25953e-09, 1.21685e-10, 5.34338e-08, 2.27954e-08, 0.000118946, 1.96576e-05, 7.82078e-10, 4.40366e-08, 1.50063e-09, 1.10947e-09, 1.87922e-06, 5.4993e-12, 
softmax 1: 
3.62269e-08, 4.49448e-10, 1.80791e-06, -1.15016e-09, 3.27034e-05, -8.51378e-10, -1.61603e-10, 4.52499e-10, -1.45359e-09, -6.16999e-10, -5.275e-08, -2.30951e-08, -0.000118947, -1.96583e-05, -6.62481e-10, -4.28878e-08, 5.73179e-10, 1.14725e-10, -1.87832e-06, 1.74226e-11, 

new params: 
softmax 0: 
0.0111026, 0.00185821, 0.00521994, 0.0113006, -0.0152455, 0.0116818, 0.0145785, -0.0141336, -0.0111474, 0.00242115, 0.0136903, 0.00135325, -0.0148731, -0.0127396, 0.0099449, 0.00323793, 0.0298579, 0.0220751, 0.00755639, -0.000187365, 
softmax 1: 
-0.00889375, 0.010258, 0.00680707, 0.00195453, -0.00350772, -0.0169398, -0.00321542, 0.00900333, 0.00728623, -0.0122764, -8.52896e-05, -0.00731593, 0.00524107, -0.0011742, -0.00756529, 0.0196187, 0.0114045, 0.00228267, 0.010431, 0.000643441, 

I0823 20:53:07.390177 30935 solver.cpp:117] Iteration 8, loss = 0.105373
I0823 20:53:07.390187 30935 solver.cpp:136] Iteration 8, Testing net

per class accuracy layer
output probs (bottom_data):
min class case 0: 0.971967, 0.0280333, 
case 1: 0.209606, 0.790394, 
case 2: 0.0215904, 0.97841, 
min class case 3: 0.873097, 0.126903, 
min class case 4: 0.992849, 0.00715124, 
case 5: 0.10273, 0.89727, 
I0823 20:53:07.404712 30935 solver.cpp:172] Test score #0: 1
I0823 20:53:07.404722 30935 solver.cpp:172] Test score #1: 0.0894615

SL layer
output probs:
min class case 0: 0.946236, 0.0537643, 
case 1: 0.0490596, 0.95094, 
case 2: 0.137508, 0.862492, 
min class case 3: 0.770317, 0.229683, 
min class case 4: 0.998288, 0.00171171, 
case 5: 0.0368454, 0.963155, 
loss after net.hpp:Forward(): 0.092284
loss after net.hpp:Backward(): 0.092284
I0823 20:53:07.419266 30935 solver.cpp:269] Iteration 9, lr = 0.0001
