nohup: ignoring input
I0912 02:54:05.251299 23990 finetune_net.cpp:25] Starting Optimization
I0912 02:54:05.251389 23990 solver.cpp:42] Creating training net.
I0912 02:54:05.251883 23990 net.cpp:76] Creating Layer data
I0912 02:54:05.251894 23990 net.cpp:112] data -> data
I0912 02:54:05.251904 23990 net.cpp:112] data -> label
I0912 02:54:05.251922 23990 data_layer.cpp:145] Opening leveldb clampdet_train_leveldb
I0912 02:54:05.288713 23990 data_layer.cpp:185] output data size: 128,3,227,227
I0912 02:54:05.288749 23990 data_layer.cpp:204] Loading mean file from../../data/clampdet/clampdet_mean.binaryproto
I0912 02:54:05.529258 23990 net.cpp:127] Top shape: 128 3 227 227 (19787136)
I0912 02:54:05.529289 23990 net.cpp:127] Top shape: 128 1 1 1 (128)
I0912 02:54:05.529294 23990 net.cpp:158] data does not need backward computation.
I0912 02:54:05.529309 23990 net.cpp:76] Creating Layer conv1
I0912 02:54:05.529315 23990 net.cpp:86] conv1 <- data
I0912 02:54:05.529330 23990 net.cpp:112] conv1 -> conv1
I0912 02:54:05.530630 23990 net.cpp:127] Top shape: 128 96 55 55 (37171200)
I0912 02:54:05.530642 23990 net.cpp:158] conv1 does not need backward computation.
I0912 02:54:05.530649 23990 net.cpp:76] Creating Layer relu1
I0912 02:54:05.530655 23990 net.cpp:86] relu1 <- conv1
I0912 02:54:05.530661 23990 net.cpp:100] relu1 -> conv1 (in-place)
I0912 02:54:05.530668 23990 net.cpp:127] Top shape: 128 96 55 55 (37171200)
I0912 02:54:05.530671 23990 net.cpp:158] relu1 does not need backward computation.
I0912 02:54:05.530678 23990 net.cpp:76] Creating Layer pool1
I0912 02:54:05.530680 23990 net.cpp:86] pool1 <- conv1
I0912 02:54:05.530685 23990 net.cpp:112] pool1 -> pool1
I0912 02:54:05.530695 23990 net.cpp:127] Top shape: 128 96 27 27 (8957952)
I0912 02:54:05.530699 23990 net.cpp:158] pool1 does not need backward computation.
I0912 02:54:05.530709 23990 net.cpp:76] Creating Layer norm1
I0912 02:54:05.530712 23990 net.cpp:86] norm1 <- pool1
I0912 02:54:05.530716 23990 net.cpp:112] norm1 -> norm1
I0912 02:54:05.530725 23990 net.cpp:127] Top shape: 128 96 27 27 (8957952)
I0912 02:54:05.530728 23990 net.cpp:158] norm1 does not need backward computation.
I0912 02:54:05.530735 23990 net.cpp:76] Creating Layer conv2
I0912 02:54:05.530738 23990 net.cpp:86] conv2 <- norm1
I0912 02:54:05.530742 23990 net.cpp:112] conv2 -> conv2
I0912 02:54:05.541760 23990 net.cpp:127] Top shape: 128 256 27 27 (23887872)
I0912 02:54:05.541784 23990 net.cpp:158] conv2 does not need backward computation.
I0912 02:54:05.541790 23990 net.cpp:76] Creating Layer relu2
I0912 02:54:05.541795 23990 net.cpp:86] relu2 <- conv2
I0912 02:54:05.541801 23990 net.cpp:100] relu2 -> conv2 (in-place)
I0912 02:54:05.541807 23990 net.cpp:127] Top shape: 128 256 27 27 (23887872)
I0912 02:54:05.541811 23990 net.cpp:158] relu2 does not need backward computation.
I0912 02:54:05.541816 23990 net.cpp:76] Creating Layer pool2
I0912 02:54:05.541820 23990 net.cpp:86] pool2 <- conv2
I0912 02:54:05.541824 23990 net.cpp:112] pool2 -> pool2
I0912 02:54:05.541829 23990 net.cpp:127] Top shape: 128 256 13 13 (5537792)
I0912 02:54:05.541833 23990 net.cpp:158] pool2 does not need backward computation.
I0912 02:54:05.541841 23990 net.cpp:76] Creating Layer norm2
I0912 02:54:05.541844 23990 net.cpp:86] norm2 <- pool2
I0912 02:54:05.541848 23990 net.cpp:112] norm2 -> norm2
I0912 02:54:05.541854 23990 net.cpp:127] Top shape: 128 256 13 13 (5537792)
I0912 02:54:05.541858 23990 net.cpp:158] norm2 does not need backward computation.
I0912 02:54:05.541863 23990 net.cpp:76] Creating Layer conv3
I0912 02:54:05.541867 23990 net.cpp:86] conv3 <- norm2
I0912 02:54:05.541872 23990 net.cpp:112] conv3 -> conv3
I0912 02:54:05.573845 23990 net.cpp:127] Top shape: 128 384 13 13 (8306688)
I0912 02:54:05.573870 23990 net.cpp:158] conv3 does not need backward computation.
I0912 02:54:05.573879 23990 net.cpp:76] Creating Layer relu3
I0912 02:54:05.573884 23990 net.cpp:86] relu3 <- conv3
I0912 02:54:05.573890 23990 net.cpp:100] relu3 -> conv3 (in-place)
I0912 02:54:05.573896 23990 net.cpp:127] Top shape: 128 384 13 13 (8306688)
I0912 02:54:05.573900 23990 net.cpp:158] relu3 does not need backward computation.
I0912 02:54:05.573905 23990 net.cpp:76] Creating Layer conv4
I0912 02:54:05.573909 23990 net.cpp:86] conv4 <- conv3
I0912 02:54:05.573914 23990 net.cpp:112] conv4 -> conv4
I0912 02:54:05.597911 23990 net.cpp:127] Top shape: 128 384 13 13 (8306688)
I0912 02:54:05.597939 23990 net.cpp:158] conv4 does not need backward computation.
I0912 02:54:05.597946 23990 net.cpp:76] Creating Layer relu4
I0912 02:54:05.597951 23990 net.cpp:86] relu4 <- conv4
I0912 02:54:05.597959 23990 net.cpp:100] relu4 -> conv4 (in-place)
I0912 02:54:05.597964 23990 net.cpp:127] Top shape: 128 384 13 13 (8306688)
I0912 02:54:05.597967 23990 net.cpp:158] relu4 does not need backward computation.
I0912 02:54:05.597973 23990 net.cpp:76] Creating Layer conv5
I0912 02:54:05.597976 23990 net.cpp:86] conv5 <- conv4
I0912 02:54:05.597981 23990 net.cpp:112] conv5 -> conv5
I0912 02:54:05.614001 23990 net.cpp:127] Top shape: 128 256 13 13 (5537792)
I0912 02:54:05.614027 23990 net.cpp:153] conv5 needs backward computation.
I0912 02:54:05.614035 23990 net.cpp:76] Creating Layer relu5
I0912 02:54:05.614040 23990 net.cpp:86] relu5 <- conv5
I0912 02:54:05.614047 23990 net.cpp:100] relu5 -> conv5 (in-place)
I0912 02:54:05.614051 23990 net.cpp:127] Top shape: 128 256 13 13 (5537792)
I0912 02:54:05.614055 23990 net.cpp:153] relu5 needs backward computation.
I0912 02:54:05.614061 23990 net.cpp:76] Creating Layer pool5
I0912 02:54:05.614064 23990 net.cpp:86] pool5 <- conv5
I0912 02:54:05.614069 23990 net.cpp:112] pool5 -> pool5
I0912 02:54:05.614075 23990 net.cpp:127] Top shape: 128 256 6 6 (1179648)
I0912 02:54:05.614079 23990 net.cpp:153] pool5 needs backward computation.
I0912 02:54:05.614087 23990 net.cpp:76] Creating Layer fc6
I0912 02:54:05.614091 23990 net.cpp:86] fc6 <- pool5
I0912 02:54:05.614095 23990 net.cpp:112] fc6 -> fc6
I0912 02:54:06.970425 23990 net.cpp:127] Top shape: 128 4096 1 1 (524288)
I0912 02:54:06.970453 23990 net.cpp:153] fc6 needs backward computation.
I0912 02:54:06.970463 23990 net.cpp:76] Creating Layer relu6
I0912 02:54:06.970468 23990 net.cpp:86] relu6 <- fc6
I0912 02:54:06.970474 23990 net.cpp:100] relu6 -> fc6 (in-place)
I0912 02:54:06.970480 23990 net.cpp:127] Top shape: 128 4096 1 1 (524288)
I0912 02:54:06.970484 23990 net.cpp:153] relu6 needs backward computation.
I0912 02:54:06.970489 23990 net.cpp:76] Creating Layer drop6
I0912 02:54:06.970492 23990 net.cpp:86] drop6 <- fc6
I0912 02:54:06.970496 23990 net.cpp:100] drop6 -> fc6 (in-place)
I0912 02:54:06.970509 23990 net.cpp:127] Top shape: 128 4096 1 1 (524288)
I0912 02:54:06.970512 23990 net.cpp:153] drop6 needs backward computation.
I0912 02:54:06.970518 23990 net.cpp:76] Creating Layer fc7
I0912 02:54:06.970522 23990 net.cpp:86] fc7 <- fc6
I0912 02:54:06.970526 23990 net.cpp:112] fc7 -> fc7
I0912 02:54:07.573267 23990 net.cpp:127] Top shape: 128 4096 1 1 (524288)
I0912 02:54:07.573292 23990 net.cpp:153] fc7 needs backward computation.
I0912 02:54:07.573299 23990 net.cpp:76] Creating Layer relu7
I0912 02:54:07.573305 23990 net.cpp:86] relu7 <- fc7
I0912 02:54:07.573312 23990 net.cpp:100] relu7 -> fc7 (in-place)
I0912 02:54:07.573318 23990 net.cpp:127] Top shape: 128 4096 1 1 (524288)
I0912 02:54:07.573321 23990 net.cpp:153] relu7 needs backward computation.
I0912 02:54:07.573326 23990 net.cpp:76] Creating Layer drop7
I0912 02:54:07.573329 23990 net.cpp:86] drop7 <- fc7
I0912 02:54:07.573333 23990 net.cpp:100] drop7 -> fc7 (in-place)
I0912 02:54:07.573338 23990 net.cpp:127] Top shape: 128 4096 1 1 (524288)
I0912 02:54:07.573341 23990 net.cpp:153] drop7 needs backward computation.
I0912 02:54:07.573348 23990 net.cpp:76] Creating Layer fc8_new
I0912 02:54:07.573351 23990 net.cpp:86] fc8_new <- fc7
I0912 02:54:07.573355 23990 net.cpp:112] fc8_new -> fc8_new
I0912 02:54:07.573675 23990 net.cpp:127] Top shape: 128 2 1 1 (256)
I0912 02:54:07.573683 23990 net.cpp:153] fc8_new needs backward computation.
I0912 02:54:07.573689 23990 net.cpp:76] Creating Layer loss
I0912 02:54:07.573693 23990 net.cpp:86] loss <- fc8_new
I0912 02:54:07.573698 23990 net.cpp:86] loss <- label
I0912 02:54:07.573709 23990 net.cpp:153] loss needs backward computation.
I0912 02:54:07.573734 23990 net.cpp:182] Collecting Learning Rate and Weight Decay.
I0912 02:54:07.573745 23990 net.cpp:175] Network initialization done.
I0912 02:54:07.573750 23990 net.cpp:176] Memory required for Data 536869888
I0912 02:54:07.573787 23990 solver.cpp:45] Creating testing net.
I0912 02:54:07.574409 23990 net.cpp:76] Creating Layer data
I0912 02:54:07.574419 23990 net.cpp:112] data -> data
I0912 02:54:07.574426 23990 net.cpp:112] data -> label
I0912 02:54:07.574432 23990 data_layer.cpp:145] Opening leveldb clampdet_val_leveldb
I0912 02:54:07.613448 23990 data_layer.cpp:185] output data size: 128,3,227,227
I0912 02:54:07.613463 23990 data_layer.cpp:204] Loading mean file from../../data/clampdet/clampdet_mean.binaryproto
I0912 02:54:07.653542 23990 net.cpp:127] Top shape: 128 3 227 227 (19787136)
I0912 02:54:07.653556 23990 net.cpp:127] Top shape: 128 1 1 1 (128)
I0912 02:54:07.653563 23990 net.cpp:158] data does not need backward computation.
I0912 02:54:07.653570 23990 net.cpp:76] Creating Layer conv1
I0912 02:54:07.653575 23990 net.cpp:86] conv1 <- data
I0912 02:54:07.653580 23990 net.cpp:112] conv1 -> conv1
I0912 02:54:07.654824 23990 net.cpp:127] Top shape: 128 96 55 55 (37171200)
I0912 02:54:07.654835 23990 net.cpp:158] conv1 does not need backward computation.
I0912 02:54:07.654841 23990 net.cpp:76] Creating Layer relu1
I0912 02:54:07.654845 23990 net.cpp:86] relu1 <- conv1
I0912 02:54:07.654850 23990 net.cpp:100] relu1 -> conv1 (in-place)
I0912 02:54:07.654855 23990 net.cpp:127] Top shape: 128 96 55 55 (37171200)
I0912 02:54:07.654860 23990 net.cpp:158] relu1 does not need backward computation.
I0912 02:54:07.654865 23990 net.cpp:76] Creating Layer pool1
I0912 02:54:07.654868 23990 net.cpp:86] pool1 <- conv1
I0912 02:54:07.654872 23990 net.cpp:112] pool1 -> pool1
I0912 02:54:07.654878 23990 net.cpp:127] Top shape: 128 96 27 27 (8957952)
I0912 02:54:07.654882 23990 net.cpp:158] pool1 does not need backward computation.
I0912 02:54:07.654889 23990 net.cpp:76] Creating Layer norm1
I0912 02:54:07.654896 23990 net.cpp:86] norm1 <- pool1
I0912 02:54:07.654901 23990 net.cpp:112] norm1 -> norm1
I0912 02:54:07.654906 23990 net.cpp:127] Top shape: 128 96 27 27 (8957952)
I0912 02:54:07.654911 23990 net.cpp:158] norm1 does not need backward computation.
I0912 02:54:07.654917 23990 net.cpp:76] Creating Layer conv2
I0912 02:54:07.654919 23990 net.cpp:86] conv2 <- norm1
I0912 02:54:07.654923 23990 net.cpp:112] conv2 -> conv2
I0912 02:54:07.665694 23990 net.cpp:127] Top shape: 128 256 27 27 (23887872)
I0912 02:54:07.665717 23990 net.cpp:158] conv2 does not need backward computation.
I0912 02:54:07.665725 23990 net.cpp:76] Creating Layer relu2
I0912 02:54:07.665729 23990 net.cpp:86] relu2 <- conv2
I0912 02:54:07.665736 23990 net.cpp:100] relu2 -> conv2 (in-place)
I0912 02:54:07.665741 23990 net.cpp:127] Top shape: 128 256 27 27 (23887872)
I0912 02:54:07.665746 23990 net.cpp:158] relu2 does not need backward computation.
I0912 02:54:07.665751 23990 net.cpp:76] Creating Layer pool2
I0912 02:54:07.665755 23990 net.cpp:86] pool2 <- conv2
I0912 02:54:07.665760 23990 net.cpp:112] pool2 -> pool2
I0912 02:54:07.665766 23990 net.cpp:127] Top shape: 128 256 13 13 (5537792)
I0912 02:54:07.665770 23990 net.cpp:158] pool2 does not need backward computation.
I0912 02:54:07.665776 23990 net.cpp:76] Creating Layer norm2
I0912 02:54:07.665781 23990 net.cpp:86] norm2 <- pool2
I0912 02:54:07.665784 23990 net.cpp:112] norm2 -> norm2
I0912 02:54:07.665791 23990 net.cpp:127] Top shape: 128 256 13 13 (5537792)
I0912 02:54:07.665794 23990 net.cpp:158] norm2 does not need backward computation.
I0912 02:54:07.665799 23990 net.cpp:76] Creating Layer conv3
I0912 02:54:07.665803 23990 net.cpp:86] conv3 <- norm2
I0912 02:54:07.665807 23990 net.cpp:112] conv3 -> conv3
I0912 02:54:07.697830 23990 net.cpp:127] Top shape: 128 384 13 13 (8306688)
I0912 02:54:07.697856 23990 net.cpp:158] conv3 does not need backward computation.
I0912 02:54:07.697865 23990 net.cpp:76] Creating Layer relu3
I0912 02:54:07.697870 23990 net.cpp:86] relu3 <- conv3
I0912 02:54:07.697876 23990 net.cpp:100] relu3 -> conv3 (in-place)
I0912 02:54:07.697882 23990 net.cpp:127] Top shape: 128 384 13 13 (8306688)
I0912 02:54:07.697886 23990 net.cpp:158] relu3 does not need backward computation.
I0912 02:54:07.697892 23990 net.cpp:76] Creating Layer conv4
I0912 02:54:07.697896 23990 net.cpp:86] conv4 <- conv3
I0912 02:54:07.697899 23990 net.cpp:112] conv4 -> conv4
I0912 02:54:07.721979 23990 net.cpp:127] Top shape: 128 384 13 13 (8306688)
I0912 02:54:07.722005 23990 net.cpp:158] conv4 does not need backward computation.
I0912 02:54:07.722013 23990 net.cpp:76] Creating Layer relu4
I0912 02:54:07.722018 23990 net.cpp:86] relu4 <- conv4
I0912 02:54:07.722025 23990 net.cpp:100] relu4 -> conv4 (in-place)
I0912 02:54:07.722030 23990 net.cpp:127] Top shape: 128 384 13 13 (8306688)
I0912 02:54:07.722034 23990 net.cpp:158] relu4 does not need backward computation.
I0912 02:54:07.722040 23990 net.cpp:76] Creating Layer conv5
I0912 02:54:07.722043 23990 net.cpp:86] conv5 <- conv4
I0912 02:54:07.722048 23990 net.cpp:112] conv5 -> conv5
I0912 02:54:07.738075 23990 net.cpp:127] Top shape: 128 256 13 13 (5537792)
I0912 02:54:07.738100 23990 net.cpp:153] conv5 needs backward computation.
I0912 02:54:07.738108 23990 net.cpp:76] Creating Layer relu5
I0912 02:54:07.738113 23990 net.cpp:86] relu5 <- conv5
I0912 02:54:07.738119 23990 net.cpp:100] relu5 -> conv5 (in-place)
I0912 02:54:07.738126 23990 net.cpp:127] Top shape: 128 256 13 13 (5537792)
I0912 02:54:07.738129 23990 net.cpp:153] relu5 needs backward computation.
I0912 02:54:07.738134 23990 net.cpp:76] Creating Layer pool5
I0912 02:54:07.738138 23990 net.cpp:86] pool5 <- conv5
I0912 02:54:07.738142 23990 net.cpp:112] pool5 -> pool5
I0912 02:54:07.738148 23990 net.cpp:127] Top shape: 128 256 6 6 (1179648)
I0912 02:54:07.738152 23990 net.cpp:153] pool5 needs backward computation.
I0912 02:54:07.738160 23990 net.cpp:76] Creating Layer fc6
I0912 02:54:07.738164 23990 net.cpp:86] fc6 <- pool5
I0912 02:54:07.738168 23990 net.cpp:112] fc6 -> fc6
I0912 02:54:09.094200 23990 net.cpp:127] Top shape: 128 4096 1 1 (524288)
I0912 02:54:09.094228 23990 net.cpp:153] fc6 needs backward computation.
I0912 02:54:09.094238 23990 net.cpp:76] Creating Layer relu6
I0912 02:54:09.094243 23990 net.cpp:86] relu6 <- fc6
I0912 02:54:09.094249 23990 net.cpp:100] relu6 -> fc6 (in-place)
I0912 02:54:09.094254 23990 net.cpp:127] Top shape: 128 4096 1 1 (524288)
I0912 02:54:09.094259 23990 net.cpp:153] relu6 needs backward computation.
I0912 02:54:09.094264 23990 net.cpp:76] Creating Layer drop6
I0912 02:54:09.094269 23990 net.cpp:86] drop6 <- fc6
I0912 02:54:09.094272 23990 net.cpp:100] drop6 -> fc6 (in-place)
I0912 02:54:09.094277 23990 net.cpp:127] Top shape: 128 4096 1 1 (524288)
I0912 02:54:09.094281 23990 net.cpp:153] drop6 needs backward computation.
I0912 02:54:09.094286 23990 net.cpp:76] Creating Layer fc7
I0912 02:54:09.094290 23990 net.cpp:86] fc7 <- fc6
I0912 02:54:09.094295 23990 net.cpp:112] fc7 -> fc7
I0912 02:54:09.696882 23990 net.cpp:127] Top shape: 128 4096 1 1 (524288)
I0912 02:54:09.696907 23990 net.cpp:153] fc7 needs backward computation.
I0912 02:54:09.696916 23990 net.cpp:76] Creating Layer relu7
I0912 02:54:09.696921 23990 net.cpp:86] relu7 <- fc7
I0912 02:54:09.696928 23990 net.cpp:100] relu7 -> fc7 (in-place)
I0912 02:54:09.696933 23990 net.cpp:127] Top shape: 128 4096 1 1 (524288)
I0912 02:54:09.696938 23990 net.cpp:153] relu7 needs backward computation.
I0912 02:54:09.696943 23990 net.cpp:76] Creating Layer drop7
I0912 02:54:09.696946 23990 net.cpp:86] drop7 <- fc7
I0912 02:54:09.696950 23990 net.cpp:100] drop7 -> fc7 (in-place)
I0912 02:54:09.696954 23990 net.cpp:127] Top shape: 128 4096 1 1 (524288)
I0912 02:54:09.696959 23990 net.cpp:153] drop7 needs backward computation.
I0912 02:54:09.696964 23990 net.cpp:76] Creating Layer fc8_new
I0912 02:54:09.696967 23990 net.cpp:86] fc8_new <- fc7
I0912 02:54:09.696971 23990 net.cpp:112] fc8_new -> fc8_new
I0912 02:54:09.697274 23990 net.cpp:127] Top shape: 128 2 1 1 (256)
I0912 02:54:09.697283 23990 net.cpp:153] fc8_new needs backward computation.
I0912 02:54:09.697288 23990 net.cpp:76] Creating Layer prob
I0912 02:54:09.697293 23990 net.cpp:86] prob <- fc8_new
I0912 02:54:09.697298 23990 net.cpp:112] prob -> prob
I0912 02:54:09.697304 23990 net.cpp:127] Top shape: 128 2 1 1 (256)
I0912 02:54:09.697307 23990 net.cpp:153] prob needs backward computation.
I0912 02:54:09.697312 23990 net.cpp:76] Creating Layer accuracy
I0912 02:54:09.697316 23990 net.cpp:86] accuracy <- prob
I0912 02:54:09.697320 23990 net.cpp:86] accuracy <- label
I0912 02:54:09.697325 23990 net.cpp:112] accuracy -> accuracy
I0912 02:54:09.697340 23990 net.cpp:127] Top shape: 1 2 1 1 (2)
I0912 02:54:09.697345 23990 net.cpp:153] accuracy needs backward computation.
I0912 02:54:09.697347 23990 net.cpp:164] This network produces output accuracy
I0912 02:54:09.697365 23990 net.cpp:182] Collecting Learning Rate and Weight Decay.
I0912 02:54:09.697381 23990 net.cpp:175] Network initialization done.
I0912 02:54:09.697387 23990 net.cpp:176] Memory required for Data 536870920
I0912 02:54:09.697430 23990 solver.cpp:50] Solver scaffolding done.
I0912 02:54:09.697437 23990 finetune_net.cpp:27] Loading from ../alexnet/caffe_alexnet_model
I0912 02:54:10.270567 23990 net.cpp:366] Copying source layer data
I0912 02:54:10.270594 23990 net.cpp:366] Copying source layer conv1
I0912 02:54:10.270658 23990 net.cpp:366] Copying source layer relu1
I0912 02:54:10.270663 23990 net.cpp:366] Copying source layer norm1
I0912 02:54:10.270666 23990 net.cpp:366] Copying source layer pool1
I0912 02:54:10.270669 23990 net.cpp:366] Copying source layer conv2
I0912 02:54:10.271172 23990 net.cpp:366] Copying source layer relu2
I0912 02:54:10.271183 23990 net.cpp:366] Copying source layer norm2
I0912 02:54:10.271186 23990 net.cpp:366] Copying source layer pool2
I0912 02:54:10.271189 23990 net.cpp:366] Copying source layer conv3
I0912 02:54:10.272529 23990 net.cpp:366] Copying source layer relu3
I0912 02:54:10.272541 23990 net.cpp:366] Copying source layer conv4
I0912 02:54:10.273535 23990 net.cpp:366] Copying source layer relu4
I0912 02:54:10.273546 23990 net.cpp:366] Copying source layer conv5
I0912 02:54:10.274253 23990 net.cpp:366] Copying source layer relu5
I0912 02:54:10.274263 23990 net.cpp:366] Copying source layer pool5
I0912 02:54:10.274267 23990 net.cpp:366] Copying source layer fc6
I0912 02:54:10.378087 23990 net.cpp:366] Copying source layer relu6
I0912 02:54:10.378120 23990 net.cpp:366] Copying source layer drop6
I0912 02:54:10.378124 23990 net.cpp:366] Copying source layer fc7
I0912 02:54:10.424173 23990 net.cpp:366] Copying source layer relu7
I0912 02:54:10.424203 23990 net.cpp:366] Copying source layer drop7
I0912 02:54:10.424207 23990 net.cpp:363] Ignoring source layer fc8
I0912 02:54:10.424211 23990 net.cpp:366] Copying source layer loss
I0912 02:54:10.436399 23990 solver.cpp:62] Solving ClampFineNet
I0912 02:54:10.436420 23990 solver.cpp:136] Iteration 0, Testing net
I0912 02:54:12.257829 23990 solver.cpp:172] Test score #0: 0.425054
I0912 02:54:12.257891 23990 solver.cpp:172] Test score #1: 0.879334
I0912 02:54:12.524894 23990 solver.cpp:269] Iteration 1, lr = 0.0001
I0912 02:54:12.544077 23990 solver.cpp:117] Iteration 1, loss = 1.09482
I0912 02:54:13.017477 23990 solver.cpp:269] Iteration 2, lr = 0.0001
I0912 02:54:13.036638 23990 solver.cpp:117] Iteration 2, loss = 0.50136
I0912 02:54:13.509347 23990 solver.cpp:269] Iteration 3, lr = 0.0001
I0912 02:54:13.528373 23990 solver.cpp:117] Iteration 3, loss = 0.436213
I0912 02:54:14.001379 23990 solver.cpp:269] Iteration 4, lr = 0.0001
I0912 02:54:14.020448 23990 solver.cpp:117] Iteration 4, loss = 0.303231
I0912 02:54:14.493603 23990 solver.cpp:269] Iteration 5, lr = 0.0001
I0912 02:54:14.512650 23990 solver.cpp:117] Iteration 5, loss = 0.356117
I0912 02:54:14.984855 23990 solver.cpp:269] Iteration 6, lr = 0.0001
I0912 02:54:15.003782 23990 solver.cpp:117] Iteration 6, loss = 0.43477
I0912 02:54:15.476419 23990 solver.cpp:269] Iteration 7, lr = 0.0001
I0912 02:54:15.495470 23990 solver.cpp:117] Iteration 7, loss = 0.469148
I0912 02:54:15.968319 23990 solver.cpp:269] Iteration 8, lr = 0.0001
I0912 02:54:15.987357 23990 solver.cpp:117] Iteration 8, loss = 0.40191
I0912 02:54:16.460144 23990 solver.cpp:269] Iteration 9, lr = 0.0001
I0912 02:54:16.479308 23990 solver.cpp:117] Iteration 9, loss = 0.424964
I0912 02:54:16.951931 23990 solver.cpp:269] Iteration 10, lr = 0.0001
I0912 02:54:16.970878 23990 solver.cpp:117] Iteration 10, loss = 0.368264
I0912 02:54:17.443017 23990 solver.cpp:269] Iteration 11, lr = 0.0001
I0912 02:54:17.462065 23990 solver.cpp:117] Iteration 11, loss = 0.302814
I0912 02:54:17.934962 23990 solver.cpp:269] Iteration 12, lr = 0.0001
I0912 02:54:17.953891 23990 solver.cpp:117] Iteration 12, loss = 0.255344
I0912 02:54:18.426873 23990 solver.cpp:269] Iteration 13, lr = 0.0001
I0912 02:54:18.445996 23990 solver.cpp:117] Iteration 13, loss = 0.401761
I0912 02:54:18.918705 23990 solver.cpp:269] Iteration 14, lr = 0.0001
I0912 02:54:18.937652 23990 solver.cpp:117] Iteration 14, loss = 0.409588
I0912 02:54:19.410601 23990 solver.cpp:269] Iteration 15, lr = 0.0001
I0912 02:54:19.429535 23990 solver.cpp:117] Iteration 15, loss = 0.359174
I0912 02:54:19.902107 23990 solver.cpp:269] Iteration 16, lr = 0.0001
I0912 02:54:19.921038 23990 solver.cpp:117] Iteration 16, loss = 0.259649
I0912 02:54:20.393913 23990 solver.cpp:269] Iteration 17, lr = 0.0001
I0912 02:54:20.412987 23990 solver.cpp:117] Iteration 17, loss = 0.529886
I0912 02:54:20.885716 23990 solver.cpp:269] Iteration 18, lr = 0.0001
I0912 02:54:20.904784 23990 solver.cpp:117] Iteration 18, loss = 0.371261
I0912 02:54:21.377322 23990 solver.cpp:269] Iteration 19, lr = 0.0001
I0912 02:54:21.396379 23990 solver.cpp:117] Iteration 19, loss = 0.272828
I0912 02:54:21.869439 23990 solver.cpp:269] Iteration 20, lr = 0.0001
I0912 02:54:21.888603 23990 solver.cpp:117] Iteration 20, loss = 0.295044
I0912 02:54:22.360790 23990 solver.cpp:269] Iteration 21, lr = 0.0001
I0912 02:54:22.379708 23990 solver.cpp:117] Iteration 21, loss = 0.334822
I0912 02:54:22.852814 23990 solver.cpp:269] Iteration 22, lr = 0.0001
I0912 02:54:22.871978 23990 solver.cpp:117] Iteration 22, loss = 0.245735
I0912 02:54:23.344774 23990 solver.cpp:269] Iteration 23, lr = 0.0001
I0912 02:54:23.363270 23990 solver.cpp:117] Iteration 23, loss = 0.306323
I0912 02:54:23.835676 23990 solver.cpp:269] Iteration 24, lr = 0.0001
I0912 02:54:23.854753 23990 solver.cpp:117] Iteration 24, loss = 0.372388
I0912 02:54:24.327816 23990 solver.cpp:269] Iteration 25, lr = 0.0001
I0912 02:54:24.346915 23990 solver.cpp:117] Iteration 25, loss = 0.326531
I0912 02:54:24.819897 23990 solver.cpp:269] Iteration 26, lr = 0.0001
I0912 02:54:24.838829 23990 solver.cpp:117] Iteration 26, loss = 0.321998
I0912 02:54:25.312029 23990 solver.cpp:269] Iteration 27, lr = 0.0001
I0912 02:54:25.330848 23990 solver.cpp:117] Iteration 27, loss = 0.318048
I0912 02:54:25.802880 23990 solver.cpp:269] Iteration 28, lr = 0.0001
I0912 02:54:25.822029 23990 solver.cpp:117] Iteration 28, loss = 0.325316
I0912 02:54:26.294364 23990 solver.cpp:269] Iteration 29, lr = 0.0001
I0912 02:54:26.313516 23990 solver.cpp:117] Iteration 29, loss = 0.194932
I0912 02:54:26.786499 23990 solver.cpp:269] Iteration 30, lr = 0.0001
I0912 02:54:26.805608 23990 solver.cpp:117] Iteration 30, loss = 0.285635
I0912 02:54:27.278378 23990 solver.cpp:269] Iteration 31, lr = 0.0001
I0912 02:54:27.297391 23990 solver.cpp:117] Iteration 31, loss = 0.235875
I0912 02:54:27.769953 23990 solver.cpp:269] Iteration 32, lr = 0.0001
I0912 02:54:27.789050 23990 solver.cpp:117] Iteration 32, loss = 0.498998
I0912 02:54:28.261209 23990 solver.cpp:269] Iteration 33, lr = 0.0001
I0912 02:54:28.280309 23990 solver.cpp:117] Iteration 33, loss = 0.252112
I0912 02:54:28.756505 23990 solver.cpp:269] Iteration 34, lr = 0.0001
I0912 02:54:28.775763 23990 solver.cpp:117] Iteration 34, loss = 0.428829
I0912 02:54:29.252446 23990 solver.cpp:269] Iteration 35, lr = 0.0001
I0912 02:54:29.271797 23990 solver.cpp:117] Iteration 35, loss = 0.294921
I0912 02:54:29.748769 23990 solver.cpp:269] Iteration 36, lr = 0.0001
I0912 02:54:29.768038 23990 solver.cpp:117] Iteration 36, loss = 0.276417
I0912 02:54:30.245157 23990 solver.cpp:269] Iteration 37, lr = 0.0001
I0912 02:54:30.264461 23990 solver.cpp:117] Iteration 37, loss = 0.222787
I0912 02:54:30.740761 23990 solver.cpp:269] Iteration 38, lr = 0.0001
I0912 02:54:30.760159 23990 solver.cpp:117] Iteration 38, loss = 0.221898
I0912 02:54:31.236665 23990 solver.cpp:269] Iteration 39, lr = 0.0001
I0912 02:54:31.256073 23990 solver.cpp:117] Iteration 39, loss = 0.375925
I0912 02:54:31.732275 23990 solver.cpp:269] Iteration 40, lr = 0.0001
I0912 02:54:31.751744 23990 solver.cpp:117] Iteration 40, loss = 0.262708
I0912 02:54:32.228533 23990 solver.cpp:269] Iteration 41, lr = 0.0001
I0912 02:54:32.247864 23990 solver.cpp:117] Iteration 41, loss = 0.242314
I0912 02:54:32.724328 23990 solver.cpp:269] Iteration 42, lr = 0.0001
I0912 02:54:32.743794 23990 solver.cpp:117] Iteration 42, loss = 0.382388
