nohup: ignoring input
I0830 01:07:18.555202  5112 train_net.cpp:26] Starting Optimization
I0830 01:07:18.555313  5112 solver.cpp:42] Creating training net.
I0830 01:07:18.556217  5112 net.cpp:76] Creating Layer data
I0830 01:07:18.556236  5112 net.cpp:112] data -> data
I0830 01:07:18.556252  5112 net.cpp:112] data -> label
I0830 01:07:18.556277  5112 data_layer.cpp:145] Opening leveldb clampdetCI98_train_leveldb
F0830 01:07:18.556491  5112 data_layer.cpp:148] Check failed: status.ok() Failed to open leveldb clampdetCI98_train_leveldb
Invalid argument: clampdetCI98_train_leveldb: does not exist (create_if_missing is false)
*** Check failure stack trace: ***
    @     0x7ff1c3ba8f9d  google::LogMessage::Fail()
    @     0x7ff1c3bab0af  google::LogMessage::SendToLog()
    @     0x7ff1c3ba8b8c  google::LogMessage::Flush()
    @     0x7ff1c3bab94d  google::LogMessageFatal::~LogMessageFatal()
    @           0x4853dc  caffe::DataLayer<>::SetUp()
    @           0x45c0ba  caffe::Net<>::Init()
    @           0x45d883  caffe::Net<>::Net()
    @           0x435e4e  caffe::Solver<>::Init()
    @           0x43a82a  caffe::Solver<>::Solver()
    @           0x41288f  main
    @     0x7ff1c1740ea5  (unknown)
    @           0x4147c9  (unknown)
Aborted
Done.
