nohup: ignoring input
I0814 03:33:28.432834  7265 finetune_net.cpp:25] Starting Optimization
I0814 03:33:28.432934  7265 solver.cpp:41] Creating training net.
I0814 03:33:28.433490  7265 net.cpp:75] Creating Layer data
I0814 03:33:28.433502  7265 net.cpp:111] data -> data
I0814 03:33:28.433514  7265 net.cpp:111] data -> label
I0814 03:33:28.433540  7265 data_layer.cpp:145] Opening leveldb hatch_markings_fine_train_leveldb
I0814 03:33:28.488744  7265 data_layer.cpp:185] output data size: 256,3,227,227
I0814 03:33:28.488762  7265 data_layer.cpp:204] Loading mean file from../../data/hatch_markings/hatch_markings_fine_mean.binaryproto
I0814 03:33:28.790235  7265 net.cpp:126] Top shape: 256 3 227 227 (39574272)
I0814 03:33:28.790289  7265 net.cpp:126] Top shape: 256 1 1 1 (256)
I0814 03:33:28.790297  7265 net.cpp:157] data does not need backward computation.
I0814 03:33:28.790310  7265 net.cpp:75] Creating Layer conv1
I0814 03:33:28.790316  7265 net.cpp:85] conv1 <- data
I0814 03:33:28.790333  7265 net.cpp:111] conv1 -> conv1
I0814 03:33:28.791749  7265 net.cpp:126] Top shape: 256 96 55 55 (74342400)
I0814 03:33:28.791761  7265 net.cpp:157] conv1 does not need backward computation.
I0814 03:33:28.791769  7265 net.cpp:75] Creating Layer relu1
I0814 03:33:28.791774  7265 net.cpp:85] relu1 <- conv1
I0814 03:33:28.791779  7265 net.cpp:99] relu1 -> conv1 (in-place)
I0814 03:33:28.791786  7265 net.cpp:126] Top shape: 256 96 55 55 (74342400)
I0814 03:33:28.791791  7265 net.cpp:157] relu1 does not need backward computation.
I0814 03:33:28.791796  7265 net.cpp:75] Creating Layer pool1
I0814 03:33:28.791800  7265 net.cpp:85] pool1 <- conv1
I0814 03:33:28.791805  7265 net.cpp:111] pool1 -> pool1
I0814 03:33:28.791816  7265 net.cpp:126] Top shape: 256 96 27 27 (17915904)
I0814 03:33:28.791826  7265 net.cpp:157] pool1 does not need backward computation.
I0814 03:33:28.791837  7265 net.cpp:75] Creating Layer norm1
I0814 03:33:28.791846  7265 net.cpp:85] norm1 <- pool1
I0814 03:33:28.791854  7265 net.cpp:111] norm1 -> norm1
I0814 03:33:28.791868  7265 net.cpp:126] Top shape: 256 96 27 27 (17915904)
I0814 03:33:28.791875  7265 net.cpp:157] norm1 does not need backward computation.
I0814 03:33:28.791884  7265 net.cpp:75] Creating Layer conv2
I0814 03:33:28.791893  7265 net.cpp:85] conv2 <- norm1
I0814 03:33:28.791901  7265 net.cpp:111] conv2 -> conv2
I0814 03:33:28.804265  7265 net.cpp:126] Top shape: 256 256 27 27 (47775744)
I0814 03:33:28.804292  7265 net.cpp:157] conv2 does not need backward computation.
I0814 03:33:28.804303  7265 net.cpp:75] Creating Layer relu2
I0814 03:33:28.804312  7265 net.cpp:85] relu2 <- conv2
I0814 03:33:28.804324  7265 net.cpp:99] relu2 -> conv2 (in-place)
I0814 03:33:28.804333  7265 net.cpp:126] Top shape: 256 256 27 27 (47775744)
I0814 03:33:28.804342  7265 net.cpp:157] relu2 does not need backward computation.
I0814 03:33:28.804350  7265 net.cpp:75] Creating Layer pool2
I0814 03:33:28.804358  7265 net.cpp:85] pool2 <- conv2
I0814 03:33:28.804368  7265 net.cpp:111] pool2 -> pool2
I0814 03:33:28.804378  7265 net.cpp:126] Top shape: 256 256 13 13 (11075584)
I0814 03:33:28.804384  7265 net.cpp:157] pool2 does not need backward computation.
I0814 03:33:28.804396  7265 net.cpp:75] Creating Layer norm2
I0814 03:33:28.804404  7265 net.cpp:85] norm2 <- pool2
I0814 03:33:28.804414  7265 net.cpp:111] norm2 -> norm2
I0814 03:33:28.804425  7265 net.cpp:126] Top shape: 256 256 13 13 (11075584)
I0814 03:33:28.804435  7265 net.cpp:157] norm2 does not need backward computation.
I0814 03:33:28.804446  7265 net.cpp:75] Creating Layer conv3
I0814 03:33:28.804455  7265 net.cpp:85] conv3 <- norm2
I0814 03:33:28.804462  7265 net.cpp:111] conv3 -> conv3
I0814 03:33:28.840545  7265 net.cpp:126] Top shape: 256 384 13 13 (16613376)
I0814 03:33:28.840575  7265 net.cpp:157] conv3 does not need backward computation.
I0814 03:33:28.840590  7265 net.cpp:75] Creating Layer relu3
I0814 03:33:28.840598  7265 net.cpp:85] relu3 <- conv3
I0814 03:33:28.840608  7265 net.cpp:99] relu3 -> conv3 (in-place)
I0814 03:33:28.840618  7265 net.cpp:126] Top shape: 256 384 13 13 (16613376)
I0814 03:33:28.840626  7265 net.cpp:157] relu3 does not need backward computation.
I0814 03:33:28.840637  7265 net.cpp:75] Creating Layer conv4
I0814 03:33:28.840646  7265 net.cpp:85] conv4 <- conv3
I0814 03:33:28.840653  7265 net.cpp:111] conv4 -> conv4
I0814 03:33:28.867861  7265 net.cpp:126] Top shape: 256 384 13 13 (16613376)
I0814 03:33:28.867889  7265 net.cpp:152] conv4 needs backward computation.
I0814 03:33:28.867902  7265 net.cpp:75] Creating Layer relu4
I0814 03:33:28.867913  7265 net.cpp:85] relu4 <- conv4
I0814 03:33:28.867923  7265 net.cpp:99] relu4 -> conv4 (in-place)
I0814 03:33:28.867933  7265 net.cpp:126] Top shape: 256 384 13 13 (16613376)
I0814 03:33:28.867939  7265 net.cpp:152] relu4 needs backward computation.
I0814 03:33:28.867950  7265 net.cpp:75] Creating Layer conv5
I0814 03:33:28.867959  7265 net.cpp:85] conv5 <- conv4
I0814 03:33:28.867966  7265 net.cpp:111] conv5 -> conv5
I0814 03:33:28.886035  7265 net.cpp:126] Top shape: 256 256 13 13 (11075584)
I0814 03:33:28.886062  7265 net.cpp:152] conv5 needs backward computation.
I0814 03:33:28.886073  7265 net.cpp:75] Creating Layer relu5
I0814 03:33:28.886083  7265 net.cpp:85] relu5 <- conv5
I0814 03:33:28.886095  7265 net.cpp:99] relu5 -> conv5 (in-place)
I0814 03:33:28.886111  7265 net.cpp:126] Top shape: 256 256 13 13 (11075584)
I0814 03:33:28.886118  7265 net.cpp:152] relu5 needs backward computation.
I0814 03:33:28.886128  7265 net.cpp:75] Creating Layer pool5
I0814 03:33:28.886137  7265 net.cpp:85] pool5 <- conv5
I0814 03:33:28.886147  7265 net.cpp:111] pool5 -> pool5
I0814 03:33:28.886159  7265 net.cpp:126] Top shape: 256 256 6 6 (2359296)
I0814 03:33:28.886168  7265 net.cpp:152] pool5 needs backward computation.
I0814 03:33:28.886183  7265 net.cpp:75] Creating Layer fc6_new
I0814 03:33:28.886190  7265 net.cpp:85] fc6_new <- pool5
I0814 03:33:28.886199  7265 net.cpp:111] fc6_new -> fc6_new
I0814 03:33:30.419014  7265 net.cpp:126] Top shape: 256 4096 1 1 (1048576)
I0814 03:33:30.419044  7265 net.cpp:152] fc6_new needs backward computation.
I0814 03:33:30.419054  7265 net.cpp:75] Creating Layer relu6
I0814 03:33:30.419059  7265 net.cpp:85] relu6 <- fc6_new
I0814 03:33:30.419067  7265 net.cpp:99] relu6 -> fc6_new (in-place)
I0814 03:33:30.419073  7265 net.cpp:126] Top shape: 256 4096 1 1 (1048576)
I0814 03:33:30.419077  7265 net.cpp:152] relu6 needs backward computation.
I0814 03:33:30.419083  7265 net.cpp:75] Creating Layer drop6
I0814 03:33:30.419087  7265 net.cpp:85] drop6 <- fc6_new
I0814 03:33:30.419092  7265 net.cpp:99] drop6 -> fc6_new (in-place)
I0814 03:33:30.419100  7265 net.cpp:126] Top shape: 256 4096 1 1 (1048576)
I0814 03:33:30.419105  7265 net.cpp:152] drop6 needs backward computation.
I0814 03:33:30.419111  7265 net.cpp:75] Creating Layer fc7_new
I0814 03:33:30.419116  7265 net.cpp:85] fc7_new <- fc6_new
I0814 03:33:30.419121  7265 net.cpp:111] fc7_new -> fc7_new
I0814 03:33:31.099303  7265 net.cpp:126] Top shape: 256 4096 1 1 (1048576)
I0814 03:33:31.099331  7265 net.cpp:152] fc7_new needs backward computation.
I0814 03:33:31.099340  7265 net.cpp:75] Creating Layer relu7
I0814 03:33:31.099347  7265 net.cpp:85] relu7 <- fc7_new
I0814 03:33:31.099355  7265 net.cpp:99] relu7 -> fc7_new (in-place)
I0814 03:33:31.099361  7265 net.cpp:126] Top shape: 256 4096 1 1 (1048576)
I0814 03:33:31.099365  7265 net.cpp:152] relu7 needs backward computation.
I0814 03:33:31.099371  7265 net.cpp:75] Creating Layer drop7
I0814 03:33:31.099375  7265 net.cpp:85] drop7 <- fc7_new
I0814 03:33:31.099380  7265 net.cpp:99] drop7 -> fc7_new (in-place)
I0814 03:33:31.099385  7265 net.cpp:126] Top shape: 256 4096 1 1 (1048576)
I0814 03:33:31.099390  7265 net.cpp:152] drop7 needs backward computation.
I0814 03:33:31.099395  7265 net.cpp:75] Creating Layer fc8_new
I0814 03:33:31.099400  7265 net.cpp:85] fc8_new <- fc7_new
I0814 03:33:31.099405  7265 net.cpp:111] fc8_new -> fc8_new
I0814 03:33:31.099751  7265 net.cpp:126] Top shape: 256 2 1 1 (512)
I0814 03:33:31.099761  7265 net.cpp:152] fc8_new needs backward computation.
I0814 03:33:31.099771  7265 net.cpp:75] Creating Layer threshold
I0814 03:33:31.099776  7265 net.cpp:85] threshold <- fc8_new
I0814 03:33:31.099781  7265 net.cpp:85] threshold <- label
I0814 03:33:31.099786  7265 net.cpp:111] threshold -> fc8_new_thresh
I0814 03:33:31.099792  7265 net.cpp:99] threshold -> label (in-place)
I0814 03:33:31.099799  7265 net.cpp:126] Top shape: 256 2 1 1 (512)
I0814 03:33:31.099804  7265 net.cpp:126] Top shape: 256 1 1 1 (256)
I0814 03:33:31.099808  7265 net.cpp:152] threshold needs backward computation.
I0814 03:33:31.099813  7265 net.cpp:75] Creating Layer loss
I0814 03:33:31.099817  7265 net.cpp:85] loss <- fc8_new_thresh
I0814 03:33:31.099822  7265 net.cpp:85] loss <- label
I0814 03:33:31.099830  7265 net.cpp:152] loss needs backward computation.
I0814 03:33:31.099859  7265 net.cpp:181] Collecting Learning Rate and Weight Decay.
I0814 03:33:31.099871  7265 net.cpp:174] Network initialization done.
I0814 03:33:31.099875  7265 net.cpp:175] Memory required for Data 1073739776
I0814 03:33:31.099917  7265 solver.cpp:44] Creating testing net.
I0814 03:33:31.100550  7265 net.cpp:75] Creating Layer data
I0814 03:33:31.100563  7265 net.cpp:111] data -> data
I0814 03:33:31.100570  7265 net.cpp:111] data -> label
I0814 03:33:31.100579  7265 data_layer.cpp:145] Opening leveldb hatch_markings_fine_val_leveldb
I0814 03:33:31.155113  7265 data_layer.cpp:185] output data size: 128,3,227,227
I0814 03:33:31.155132  7265 data_layer.cpp:204] Loading mean file from../../data/hatch_markings/hatch_markings_fine_mean.binaryproto
I0814 03:33:31.196856  7265 net.cpp:126] Top shape: 128 3 227 227 (19787136)
I0814 03:33:31.196873  7265 net.cpp:126] Top shape: 128 1 1 1 (128)
I0814 03:33:31.196880  7265 net.cpp:157] data does not need backward computation.
I0814 03:33:31.196890  7265 net.cpp:75] Creating Layer conv1
I0814 03:33:31.196897  7265 net.cpp:85] conv1 <- data
I0814 03:33:31.196903  7265 net.cpp:111] conv1 -> conv1
I0814 03:33:31.198282  7265 net.cpp:126] Top shape: 128 96 55 55 (37171200)
I0814 03:33:31.198293  7265 net.cpp:157] conv1 does not need backward computation.
I0814 03:33:31.198299  7265 net.cpp:75] Creating Layer relu1
I0814 03:33:31.198304  7265 net.cpp:85] relu1 <- conv1
I0814 03:33:31.198309  7265 net.cpp:99] relu1 -> conv1 (in-place)
I0814 03:33:31.198315  7265 net.cpp:126] Top shape: 128 96 55 55 (37171200)
I0814 03:33:31.198319  7265 net.cpp:157] relu1 does not need backward computation.
I0814 03:33:31.198324  7265 net.cpp:75] Creating Layer pool1
I0814 03:33:31.198328  7265 net.cpp:85] pool1 <- conv1
I0814 03:33:31.198333  7265 net.cpp:111] pool1 -> pool1
I0814 03:33:31.198339  7265 net.cpp:126] Top shape: 128 96 27 27 (8957952)
I0814 03:33:31.198344  7265 net.cpp:157] pool1 does not need backward computation.
I0814 03:33:31.198351  7265 net.cpp:75] Creating Layer norm1
I0814 03:33:31.198355  7265 net.cpp:85] norm1 <- pool1
I0814 03:33:31.198360  7265 net.cpp:111] norm1 -> norm1
I0814 03:33:31.198367  7265 net.cpp:126] Top shape: 128 96 27 27 (8957952)
I0814 03:33:31.198371  7265 net.cpp:157] norm1 does not need backward computation.
I0814 03:33:31.198377  7265 net.cpp:75] Creating Layer conv2
I0814 03:33:31.198381  7265 net.cpp:85] conv2 <- norm1
I0814 03:33:31.198386  7265 net.cpp:111] conv2 -> conv2
I0814 03:33:31.210453  7265 net.cpp:126] Top shape: 128 256 27 27 (23887872)
I0814 03:33:31.210477  7265 net.cpp:157] conv2 does not need backward computation.
I0814 03:33:31.210484  7265 net.cpp:75] Creating Layer relu2
I0814 03:33:31.210490  7265 net.cpp:85] relu2 <- conv2
I0814 03:33:31.210496  7265 net.cpp:99] relu2 -> conv2 (in-place)
I0814 03:33:31.210502  7265 net.cpp:126] Top shape: 128 256 27 27 (23887872)
I0814 03:33:31.210506  7265 net.cpp:157] relu2 does not need backward computation.
I0814 03:33:31.210512  7265 net.cpp:75] Creating Layer pool2
I0814 03:33:31.210516  7265 net.cpp:85] pool2 <- conv2
I0814 03:33:31.210521  7265 net.cpp:111] pool2 -> pool2
I0814 03:33:31.210528  7265 net.cpp:126] Top shape: 128 256 13 13 (5537792)
I0814 03:33:31.210532  7265 net.cpp:157] pool2 does not need backward computation.
I0814 03:33:31.210541  7265 net.cpp:75] Creating Layer norm2
I0814 03:33:31.210546  7265 net.cpp:85] norm2 <- pool2
I0814 03:33:31.210551  7265 net.cpp:111] norm2 -> norm2
I0814 03:33:31.210556  7265 net.cpp:126] Top shape: 128 256 13 13 (5537792)
I0814 03:33:31.210561  7265 net.cpp:157] norm2 does not need backward computation.
I0814 03:33:31.210567  7265 net.cpp:75] Creating Layer conv3
I0814 03:33:31.210572  7265 net.cpp:85] conv3 <- norm2
I0814 03:33:31.210577  7265 net.cpp:111] conv3 -> conv3
I0814 03:33:31.246669  7265 net.cpp:126] Top shape: 128 384 13 13 (8306688)
I0814 03:33:31.246693  7265 net.cpp:157] conv3 does not need backward computation.
I0814 03:33:31.246702  7265 net.cpp:75] Creating Layer relu3
I0814 03:33:31.246707  7265 net.cpp:85] relu3 <- conv3
I0814 03:33:31.246714  7265 net.cpp:99] relu3 -> conv3 (in-place)
I0814 03:33:31.246721  7265 net.cpp:126] Top shape: 128 384 13 13 (8306688)
I0814 03:33:31.246726  7265 net.cpp:157] relu3 does not need backward computation.
I0814 03:33:31.246731  7265 net.cpp:75] Creating Layer conv4
I0814 03:33:31.246737  7265 net.cpp:85] conv4 <- conv3
I0814 03:33:31.246740  7265 net.cpp:111] conv4 -> conv4
I0814 03:33:31.273829  7265 net.cpp:126] Top shape: 128 384 13 13 (8306688)
I0814 03:33:31.273855  7265 net.cpp:152] conv4 needs backward computation.
I0814 03:33:31.273864  7265 net.cpp:75] Creating Layer relu4
I0814 03:33:31.273869  7265 net.cpp:85] relu4 <- conv4
I0814 03:33:31.273876  7265 net.cpp:99] relu4 -> conv4 (in-place)
I0814 03:33:31.273882  7265 net.cpp:126] Top shape: 128 384 13 13 (8306688)
I0814 03:33:31.273886  7265 net.cpp:152] relu4 needs backward computation.
I0814 03:33:31.273893  7265 net.cpp:75] Creating Layer conv5
I0814 03:33:31.273897  7265 net.cpp:85] conv5 <- conv4
I0814 03:33:31.273901  7265 net.cpp:111] conv5 -> conv5
I0814 03:33:31.291956  7265 net.cpp:126] Top shape: 128 256 13 13 (5537792)
I0814 03:33:31.291981  7265 net.cpp:152] conv5 needs backward computation.
I0814 03:33:31.291992  7265 net.cpp:75] Creating Layer relu5
I0814 03:33:31.291998  7265 net.cpp:85] relu5 <- conv5
I0814 03:33:31.292006  7265 net.cpp:99] relu5 -> conv5 (in-place)
I0814 03:33:31.292011  7265 net.cpp:126] Top shape: 128 256 13 13 (5537792)
I0814 03:33:31.292016  7265 net.cpp:152] relu5 needs backward computation.
I0814 03:33:31.292021  7265 net.cpp:75] Creating Layer pool5
I0814 03:33:31.292024  7265 net.cpp:85] pool5 <- conv5
I0814 03:33:31.292029  7265 net.cpp:111] pool5 -> pool5
I0814 03:33:31.292037  7265 net.cpp:126] Top shape: 128 256 6 6 (1179648)
I0814 03:33:31.292042  7265 net.cpp:152] pool5 needs backward computation.
I0814 03:33:31.292049  7265 net.cpp:75] Creating Layer fc6_new
I0814 03:33:31.292054  7265 net.cpp:85] fc6_new <- pool5
I0814 03:33:31.292059  7265 net.cpp:111] fc6_new -> fc6_new
I0814 03:33:32.820170  7265 net.cpp:126] Top shape: 128 4096 1 1 (524288)
I0814 03:33:32.820200  7265 net.cpp:152] fc6_new needs backward computation.
I0814 03:33:32.820209  7265 net.cpp:75] Creating Layer relu6
I0814 03:33:32.820215  7265 net.cpp:85] relu6 <- fc6_new
I0814 03:33:32.820224  7265 net.cpp:99] relu6 -> fc6_new (in-place)
I0814 03:33:32.820230  7265 net.cpp:126] Top shape: 128 4096 1 1 (524288)
I0814 03:33:32.820233  7265 net.cpp:152] relu6 needs backward computation.
I0814 03:33:32.820240  7265 net.cpp:75] Creating Layer drop6
I0814 03:33:32.820243  7265 net.cpp:85] drop6 <- fc6_new
I0814 03:33:32.820248  7265 net.cpp:99] drop6 -> fc6_new (in-place)
I0814 03:33:32.820253  7265 net.cpp:126] Top shape: 128 4096 1 1 (524288)
I0814 03:33:32.820257  7265 net.cpp:152] drop6 needs backward computation.
I0814 03:33:32.820263  7265 net.cpp:75] Creating Layer fc7_new
I0814 03:33:32.820268  7265 net.cpp:85] fc7_new <- fc6_new
I0814 03:33:32.820272  7265 net.cpp:111] fc7_new -> fc7_new
I0814 03:33:33.499155  7265 net.cpp:126] Top shape: 128 4096 1 1 (524288)
I0814 03:33:33.499182  7265 net.cpp:152] fc7_new needs backward computation.
I0814 03:33:33.499191  7265 net.cpp:75] Creating Layer relu7
I0814 03:33:33.499197  7265 net.cpp:85] relu7 <- fc7_new
I0814 03:33:33.499204  7265 net.cpp:99] relu7 -> fc7_new (in-place)
I0814 03:33:33.499210  7265 net.cpp:126] Top shape: 128 4096 1 1 (524288)
I0814 03:33:33.499215  7265 net.cpp:152] relu7 needs backward computation.
I0814 03:33:33.499220  7265 net.cpp:75] Creating Layer drop7
I0814 03:33:33.499224  7265 net.cpp:85] drop7 <- fc7_new
I0814 03:33:33.499229  7265 net.cpp:99] drop7 -> fc7_new (in-place)
I0814 03:33:33.499234  7265 net.cpp:126] Top shape: 128 4096 1 1 (524288)
I0814 03:33:33.499238  7265 net.cpp:152] drop7 needs backward computation.
I0814 03:33:33.499244  7265 net.cpp:75] Creating Layer fc8_new
I0814 03:33:33.499248  7265 net.cpp:85] fc8_new <- fc7_new
I0814 03:33:33.499253  7265 net.cpp:111] fc8_new -> fc8_new
I0814 03:33:33.499585  7265 net.cpp:126] Top shape: 128 2 1 1 (256)
I0814 03:33:33.499593  7265 net.cpp:152] fc8_new needs backward computation.
I0814 03:33:33.499599  7265 net.cpp:75] Creating Layer threshold
I0814 03:33:33.499604  7265 net.cpp:85] threshold <- fc8_new
I0814 03:33:33.499609  7265 net.cpp:85] threshold <- label
I0814 03:33:33.499618  7265 net.cpp:111] threshold -> fc8_new_thresh
I0814 03:33:33.499624  7265 net.cpp:99] threshold -> label (in-place)
I0814 03:33:33.499631  7265 net.cpp:126] Top shape: 128 2 1 1 (256)
I0814 03:33:33.499636  7265 net.cpp:126] Top shape: 128 1 1 1 (128)
I0814 03:33:33.499640  7265 net.cpp:152] threshold needs backward computation.
I0814 03:33:33.499645  7265 net.cpp:75] Creating Layer prob
I0814 03:33:33.499650  7265 net.cpp:85] prob <- fc8_new_thresh
I0814 03:33:33.499655  7265 net.cpp:111] prob -> prob
I0814 03:33:33.499663  7265 net.cpp:126] Top shape: 128 2 1 1 (256)
I0814 03:33:33.499668  7265 net.cpp:152] prob needs backward computation.
I0814 03:33:33.499673  7265 net.cpp:75] Creating Layer accuracy
I0814 03:33:33.499677  7265 net.cpp:85] accuracy <- prob
I0814 03:33:33.499682  7265 net.cpp:85] accuracy <- label
I0814 03:33:33.499689  7265 net.cpp:111] accuracy -> accuracy
I0814 03:33:33.499703  7265 net.cpp:126] Top shape: 1 2 1 1 (2)
I0814 03:33:33.499709  7265 net.cpp:152] accuracy needs backward computation.
I0814 03:33:33.499713  7265 net.cpp:163] This network produces output accuracy
I0814 03:33:33.499733  7265 net.cpp:181] Collecting Learning Rate and Weight Decay.
I0814 03:33:33.499745  7265 net.cpp:174] Network initialization done.
I0814 03:33:33.499752  7265 net.cpp:175] Memory required for Data 536870920
I0814 03:33:33.499791  7265 solver.cpp:49] Solver scaffolding done.
I0814 03:33:33.499799  7265 finetune_net.cpp:27] Loading from ../alexnet/caffe_alexnet_model
I0814 03:33:34.145851  7265 net.cpp:319] Copying source layer data
I0814 03:33:34.145876  7265 net.cpp:319] Copying source layer conv1
I0814 03:33:34.145943  7265 net.cpp:319] Copying source layer relu1
I0814 03:33:34.145956  7265 net.cpp:319] Copying source layer norm1
I0814 03:33:34.145962  7265 net.cpp:319] Copying source layer pool1
I0814 03:33:34.145969  7265 net.cpp:319] Copying source layer conv2
I0814 03:33:34.146543  7265 net.cpp:319] Copying source layer relu2
I0814 03:33:34.146555  7265 net.cpp:319] Copying source layer norm2
I0814 03:33:34.146560  7265 net.cpp:319] Copying source layer pool2
I0814 03:33:34.146564  7265 net.cpp:319] Copying source layer conv3
I0814 03:33:34.148090  7265 net.cpp:319] Copying source layer relu3
I0814 03:33:34.148108  7265 net.cpp:319] Copying source layer conv4
I0814 03:33:34.149265  7265 net.cpp:319] Copying source layer relu4
I0814 03:33:34.149277  7265 net.cpp:319] Copying source layer conv5
I0814 03:33:34.150074  7265 net.cpp:319] Copying source layer relu5
I0814 03:33:34.150084  7265 net.cpp:319] Copying source layer pool5
I0814 03:33:34.150089  7265 net.cpp:316] Ignoring source layer fc6
I0814 03:33:34.150094  7265 net.cpp:319] Copying source layer relu6
I0814 03:33:34.150097  7265 net.cpp:319] Copying source layer drop6
I0814 03:33:34.150120  7265 net.cpp:316] Ignoring source layer fc7
I0814 03:33:34.150125  7265 net.cpp:319] Copying source layer relu7
I0814 03:33:34.150128  7265 net.cpp:319] Copying source layer drop7
I0814 03:33:34.150132  7265 net.cpp:316] Ignoring source layer fc8
I0814 03:33:34.150136  7265 net.cpp:319] Copying source layer loss
I0814 03:33:34.164504  7265 solver.cpp:61] Solving hatch_markingsFineNet
I0814 03:33:34.164540  7265 solver.cpp:106] Iteration 0, Testing net
I0814 03:33:35.888849  7265 solver.cpp:142] Test score #0: 0.491386
I0814 03:33:35.888916  7265 solver.cpp:142] Test score #1: 0.62513
I0814 03:33:36.484961  7265 solver.cpp:239] Iteration 1, lr = 9.995e-05
I0814 03:33:36.489158  7265 solver.cpp:87] Iteration 1, loss = 0.768374
I0814 03:33:37.093538  7265 solver.cpp:239] Iteration 2, lr = 9.99e-05
I0814 03:33:37.095811  7265 solver.cpp:87] Iteration 2, loss = 0.791411
I0814 03:33:37.701717  7265 solver.cpp:239] Iteration 3, lr = 9.98501e-05
I0814 03:33:37.704020  7265 solver.cpp:87] Iteration 3, loss = 0.719162
I0814 03:33:38.309900  7265 solver.cpp:239] Iteration 4, lr = 9.98001e-05
I0814 03:33:38.312160  7265 solver.cpp:87] Iteration 4, loss = 0.74104
I0814 03:33:38.919066  7265 solver.cpp:239] Iteration 5, lr = 9.97502e-05
I0814 03:33:38.921403  7265 solver.cpp:87] Iteration 5, loss = 0.693121
I0814 03:33:39.527750  7265 solver.cpp:239] Iteration 6, lr = 9.97004e-05
I0814 03:33:39.530043  7265 solver.cpp:87] Iteration 6, loss = 0.761049
I0814 03:33:40.136348  7265 solver.cpp:239] Iteration 7, lr = 9.96505e-05
I0814 03:33:40.138664  7265 solver.cpp:87] Iteration 7, loss = 0.710306
I0814 03:33:40.744465  7265 solver.cpp:239] Iteration 8, lr = 9.96007e-05
I0814 03:33:40.746765  7265 solver.cpp:87] Iteration 8, loss = 0.652255
I0814 03:33:41.353101  7265 solver.cpp:239] Iteration 9, lr = 9.95509e-05
I0814 03:33:41.355425  7265 solver.cpp:87] Iteration 9, loss = 0.809122
I0814 03:33:41.962465  7265 solver.cpp:239] Iteration 10, lr = 9.95011e-05
I0814 03:33:41.964758  7265 solver.cpp:87] Iteration 10, loss = 0.773293
I0814 03:33:42.571432  7265 solver.cpp:239] Iteration 11, lr = 9.94513e-05
I0814 03:33:42.573761  7265 solver.cpp:87] Iteration 11, loss = 0.694486
I0814 03:33:43.180286  7265 solver.cpp:239] Iteration 12, lr = 9.94016e-05
I0814 03:33:43.182536  7265 solver.cpp:87] Iteration 12, loss = 0.657818
I0814 03:33:43.789060  7265 solver.cpp:239] Iteration 13, lr = 9.93519e-05
I0814 03:33:43.791375  7265 solver.cpp:87] Iteration 13, loss = 0.709444
I0814 03:33:44.397356  7265 solver.cpp:239] Iteration 14, lr = 9.93022e-05
I0814 03:33:44.399657  7265 solver.cpp:87] Iteration 14, loss = 0.662751
I0814 03:33:45.005350  7265 solver.cpp:239] Iteration 15, lr = 9.92526e-05
I0814 03:33:45.007694  7265 solver.cpp:87] Iteration 15, loss = 0.691607
I0814 03:33:45.613466  7265 solver.cpp:239] Iteration 16, lr = 9.9203e-05
I0814 03:33:45.615797  7265 solver.cpp:87] Iteration 16, loss = 0.732317
I0814 03:33:46.220677  7265 solver.cpp:239] Iteration 17, lr = 9.91534e-05
I0814 03:33:46.223042  7265 solver.cpp:87] Iteration 17, loss = 0.760136
I0814 03:33:46.828968  7265 solver.cpp:239] Iteration 18, lr = 9.91038e-05
I0814 03:33:46.831204  7265 solver.cpp:87] Iteration 18, loss = 0.706371
I0814 03:33:47.437367  7265 solver.cpp:239] Iteration 19, lr = 9.90542e-05
I0814 03:33:47.439626  7265 solver.cpp:87] Iteration 19, loss = 0.741825
I0814 03:33:48.045790  7265 solver.cpp:239] Iteration 20, lr = 9.90047e-05
I0814 03:33:48.048048  7265 solver.cpp:87] Iteration 20, loss = 0.673988
I0814 03:33:48.653761  7265 solver.cpp:239] Iteration 21, lr = 9.89552e-05
I0814 03:33:48.656074  7265 solver.cpp:87] Iteration 21, loss = 0.713841
I0814 03:33:49.261740  7265 solver.cpp:239] Iteration 22, lr = 9.89057e-05
I0814 03:33:49.264053  7265 solver.cpp:87] Iteration 22, loss = 0.654694
I0814 03:33:49.887588  7265 solver.cpp:239] Iteration 23, lr = 9.88562e-05
I0814 03:33:49.891579  7265 solver.cpp:87] Iteration 23, loss = 0.702089
I0814 03:33:50.491171  7265 solver.cpp:239] Iteration 24, lr = 9.88068e-05
I0814 03:33:50.493470  7265 solver.cpp:87] Iteration 24, loss = 0.681891
I0814 03:33:51.098829  7265 solver.cpp:239] Iteration 25, lr = 9.87574e-05
I0814 03:33:51.101117  7265 solver.cpp:87] Iteration 25, loss = 0.717492
I0814 03:33:51.706544  7265 solver.cpp:239] Iteration 26, lr = 9.8708e-05
I0814 03:33:51.708796  7265 solver.cpp:87] Iteration 26, loss = 0.747209
I0814 03:33:52.315181  7265 solver.cpp:239] Iteration 27, lr = 9.86587e-05
I0814 03:33:52.317481  7265 solver.cpp:87] Iteration 27, loss = 0.707286
I0814 03:33:52.923831  7265 solver.cpp:239] Iteration 28, lr = 9.86093e-05
I0814 03:33:52.926092  7265 solver.cpp:87] Iteration 28, loss = 0.667033
I0814 03:33:53.532438  7265 solver.cpp:239] Iteration 29, lr = 9.856e-05
I0814 03:33:53.534766  7265 solver.cpp:87] Iteration 29, loss = 0.715118
I0814 03:33:54.140437  7265 solver.cpp:239] Iteration 30, lr = 9.85108e-05
I0814 03:33:54.142731  7265 solver.cpp:87] Iteration 30, loss = 0.570694
I0814 03:33:54.748805  7265 solver.cpp:239] Iteration 31, lr = 9.84615e-05
I0814 03:33:54.751088  7265 solver.cpp:87] Iteration 31, loss = 0.72836
I0814 03:33:55.357460  7265 solver.cpp:239] Iteration 32, lr = 9.84123e-05
I0814 03:33:55.359766  7265 solver.cpp:87] Iteration 32, loss = 0.636835
I0814 03:33:55.965956  7265 solver.cpp:239] Iteration 33, lr = 9.83631e-05
I0814 03:33:55.968286  7265 solver.cpp:87] Iteration 33, loss = 0.683381
I0814 03:33:56.573961  7265 solver.cpp:239] Iteration 34, lr = 9.83139e-05
I0814 03:33:56.576328  7265 solver.cpp:87] Iteration 34, loss = 0.669994
I0814 03:33:57.182766  7265 solver.cpp:239] Iteration 35, lr = 9.82647e-05
I0814 03:33:57.185041  7265 solver.cpp:87] Iteration 35, loss = 0.592897
I0814 03:33:57.791569  7265 solver.cpp:239] Iteration 36, lr = 9.82156e-05
I0814 03:33:57.793838  7265 solver.cpp:87] Iteration 36, loss = 0.611393
I0814 03:33:58.400123  7265 solver.cpp:239] Iteration 37, lr = 9.81665e-05
I0814 03:33:58.402500  7265 solver.cpp:87] Iteration 37, loss = 0.615904
I0814 03:33:59.008447  7265 solver.cpp:239] Iteration 38, lr = 9.81174e-05
I0814 03:33:59.010759  7265 solver.cpp:87] Iteration 38, loss = 0.669335
I0814 03:33:59.616669  7265 solver.cpp:239] Iteration 39, lr = 9.80683e-05
I0814 03:33:59.619022  7265 solver.cpp:87] Iteration 39, loss = 0.608522
I0814 03:34:00.224789  7265 solver.cpp:239] Iteration 40, lr = 9.80193e-05
I0814 03:34:00.227139  7265 solver.cpp:87] Iteration 40, loss = 0.621016
I0814 03:34:00.833024  7265 solver.cpp:239] Iteration 41, lr = 9.79703e-05
I0814 03:34:00.835332  7265 solver.cpp:87] Iteration 41, loss = 0.606842
I0814 03:34:01.440969  7265 solver.cpp:239] Iteration 42, lr = 9.79213e-05
I0814 03:34:01.443248  7265 solver.cpp:87] Iteration 42, loss = 0.649685
I0814 03:34:02.048959  7265 solver.cpp:239] Iteration 43, lr = 9.78723e-05
I0814 03:34:02.051229  7265 solver.cpp:87] Iteration 43, loss = 0.620512
I0814 03:34:02.656429  7265 solver.cpp:239] Iteration 44, lr = 9.78234e-05
I0814 03:34:02.658769  7265 solver.cpp:87] Iteration 44, loss = 0.671492
I0814 03:34:03.264528  7265 solver.cpp:239] Iteration 45, lr = 9.77745e-05
I0814 03:34:03.266811  7265 solver.cpp:87] Iteration 45, loss = 0.681695
I0814 03:34:03.871672  7265 solver.cpp:239] Iteration 46, lr = 9.77256e-05
I0814 03:34:03.873955  7265 solver.cpp:87] Iteration 46, loss = 0.666383
I0814 03:34:04.479837  7265 solver.cpp:239] Iteration 47, lr = 9.76767e-05
I0814 03:34:04.482156  7265 solver.cpp:87] Iteration 47, loss = 0.605383
I0814 03:34:05.087555  7265 solver.cpp:239] Iteration 48, lr = 9.76279e-05
I0814 03:34:05.089839  7265 solver.cpp:87] Iteration 48, loss = 0.628696
I0814 03:34:05.694818  7265 solver.cpp:239] Iteration 49, lr = 9.75791e-05
I0814 03:34:05.697073  7265 solver.cpp:87] Iteration 49, loss = 0.611104
I0814 03:34:06.301728  7265 solver.cpp:239] Iteration 50, lr = 9.75303e-05
I0814 03:34:06.304020  7265 solver.cpp:87] Iteration 50, loss = 0.714155
I0814 03:34:06.909386  7265 solver.cpp:239] Iteration 51, lr = 9.74815e-05
I0814 03:34:06.911698  7265 solver.cpp:87] Iteration 51, loss = 0.674692
I0814 03:34:07.516312  7265 solver.cpp:239] Iteration 52, lr = 9.74328e-05
I0814 03:34:07.518563  7265 solver.cpp:87] Iteration 52, loss = 0.646541
I0814 03:34:08.123826  7265 solver.cpp:239] Iteration 53, lr = 9.7384e-05
I0814 03:34:08.126085  7265 solver.cpp:87] Iteration 53, loss = 0.694506
I0814 03:34:08.730947  7265 solver.cpp:239] Iteration 54, lr = 9.73353e-05
I0814 03:34:08.733278  7265 solver.cpp:87] Iteration 54, loss = 0.64839
I0814 03:34:09.338743  7265 solver.cpp:239] Iteration 55, lr = 9.72867e-05
I0814 03:34:09.340935  7265 solver.cpp:87] Iteration 55, loss = 0.677614
I0814 03:34:09.945474  7265 solver.cpp:239] Iteration 56, lr = 9.7238e-05
I0814 03:34:09.947783  7265 solver.cpp:87] Iteration 56, loss = 0.635227
I0814 03:34:10.553046  7265 solver.cpp:239] Iteration 57, lr = 9.71894e-05
I0814 03:34:10.555327  7265 solver.cpp:87] Iteration 57, loss = 0.561039
I0814 03:34:11.160646  7265 solver.cpp:239] Iteration 58, lr = 9.71408e-05
I0814 03:34:11.162977  7265 solver.cpp:87] Iteration 58, loss = 0.6498
I0814 03:34:11.767283  7265 solver.cpp:239] Iteration 59, lr = 9.70922e-05
I0814 03:34:11.769624  7265 solver.cpp:87] Iteration 59, loss = 0.648552
I0814 03:34:12.373962  7265 solver.cpp:239] Iteration 60, lr = 9.70437e-05
I0814 03:34:12.376265  7265 solver.cpp:87] Iteration 60, loss = 0.634751
I0814 03:34:12.981432  7265 solver.cpp:239] Iteration 61, lr = 9.69952e-05
I0814 03:34:12.983762  7265 solver.cpp:87] Iteration 61, loss = 0.562378
I0814 03:34:13.589411  7265 solver.cpp:239] Iteration 62, lr = 9.69467e-05
I0814 03:34:13.591701  7265 solver.cpp:87] Iteration 62, loss = 0.725857
I0814 03:34:14.196687  7265 solver.cpp:239] Iteration 63, lr = 9.68982e-05
I0814 03:34:14.198964  7265 solver.cpp:87] Iteration 63, loss = 0.616294
I0814 03:34:14.803060  7265 solver.cpp:239] Iteration 64, lr = 9.68497e-05
I0814 03:34:14.805377  7265 solver.cpp:87] Iteration 64, loss = 0.620864
I0814 03:34:15.409936  7265 solver.cpp:239] Iteration 65, lr = 9.68013e-05
I0814 03:34:15.412282  7265 solver.cpp:87] Iteration 65, loss = 0.648907
I0814 03:34:16.017804  7265 solver.cpp:239] Iteration 66, lr = 9.67529e-05
I0814 03:34:16.020122  7265 solver.cpp:87] Iteration 66, loss = 0.595609
I0814 03:34:16.624757  7265 solver.cpp:239] Iteration 67, lr = 9.67045e-05
I0814 03:34:16.627033  7265 solver.cpp:87] Iteration 67, loss = 0.610786
I0814 03:34:17.231911  7265 solver.cpp:239] Iteration 68, lr = 9.66562e-05
I0814 03:34:17.234166  7265 solver.cpp:87] Iteration 68, loss = 0.618223
