I0819 23:36:43.486706 20251 finetune_net.cpp:25] Starting Optimization
I0819 23:36:43.486809 20251 solver.cpp:41] Creating training net.
I0819 23:36:43.487440 20251 net.cpp:75] Creating Layer data
I0819 23:36:43.487457 20251 net.cpp:111] data -> data
I0819 23:36:43.487475 20251 net.cpp:111] data -> label
I0819 23:36:43.487509 20251 data_layer.cpp:145] Opening leveldb scrape_zones_fine_train_leveldb
I0819 23:36:43.526389 20251 data_layer.cpp:185] output data size: 5,3,227,227
I0819 23:36:43.526408 20251 data_layer.cpp:204] Loading mean file from../../data/scrape_zones/scrape_zones_fine_mean.binaryproto
I0819 23:36:43.747618 20251 net.cpp:126] Top shape: 5 3 227 227 (772935)
I0819 23:36:43.747648 20251 net.cpp:126] Top shape: 5 1 1 1 (5)
I0819 23:36:43.747654 20251 net.cpp:157] data does not need backward computation.
I0819 23:36:43.747668 20251 net.cpp:75] Creating Layer conv1
I0819 23:36:43.747674 20251 net.cpp:85] conv1 <- data
I0819 23:36:43.747689 20251 net.cpp:111] conv1 -> conv1
I0819 23:36:43.749193 20251 net.cpp:126] Top shape: 5 96 55 55 (1452000)
I0819 23:36:43.749208 20251 net.cpp:157] conv1 does not need backward computation.
I0819 23:36:43.749217 20251 net.cpp:75] Creating Layer relu1
I0819 23:36:43.749222 20251 net.cpp:85] relu1 <- conv1
I0819 23:36:43.749227 20251 net.cpp:99] relu1 -> conv1 (in-place)
I0819 23:36:43.749234 20251 net.cpp:126] Top shape: 5 96 55 55 (1452000)
I0819 23:36:43.749238 20251 net.cpp:157] relu1 does not need backward computation.
I0819 23:36:43.749244 20251 net.cpp:75] Creating Layer pool1
I0819 23:36:43.749248 20251 net.cpp:85] pool1 <- conv1
I0819 23:36:43.749255 20251 net.cpp:111] pool1 -> pool1
I0819 23:36:43.749274 20251 net.cpp:126] Top shape: 5 96 27 27 (349920)
I0819 23:36:43.749282 20251 net.cpp:157] pool1 does not need backward computation.
I0819 23:36:43.749297 20251 net.cpp:75] Creating Layer norm1
I0819 23:36:43.749306 20251 net.cpp:85] norm1 <- pool1
I0819 23:36:43.749315 20251 net.cpp:111] norm1 -> norm1
I0819 23:36:43.749330 20251 net.cpp:126] Top shape: 5 96 27 27 (349920)
I0819 23:36:43.749339 20251 net.cpp:157] norm1 does not need backward computation.
I0819 23:36:43.749351 20251 net.cpp:75] Creating Layer conv2
I0819 23:36:43.749368 20251 net.cpp:85] conv2 <- norm1
I0819 23:36:43.749377 20251 net.cpp:111] conv2 -> conv2
I0819 23:36:43.761860 20251 net.cpp:126] Top shape: 5 256 27 27 (933120)
I0819 23:36:43.761878 20251 net.cpp:157] conv2 does not need backward computation.
I0819 23:36:43.761884 20251 net.cpp:75] Creating Layer relu2
I0819 23:36:43.761889 20251 net.cpp:85] relu2 <- conv2
I0819 23:36:43.761898 20251 net.cpp:99] relu2 -> conv2 (in-place)
I0819 23:36:43.761906 20251 net.cpp:126] Top shape: 5 256 27 27 (933120)
I0819 23:36:43.761914 20251 net.cpp:157] relu2 does not need backward computation.
I0819 23:36:43.761924 20251 net.cpp:75] Creating Layer pool2
I0819 23:36:43.761930 20251 net.cpp:85] pool2 <- conv2
I0819 23:36:43.761939 20251 net.cpp:111] pool2 -> pool2
I0819 23:36:43.761948 20251 net.cpp:126] Top shape: 5 256 13 13 (216320)
I0819 23:36:43.761957 20251 net.cpp:157] pool2 does not need backward computation.
I0819 23:36:43.761970 20251 net.cpp:75] Creating Layer norm2
I0819 23:36:43.761978 20251 net.cpp:85] norm2 <- pool2
I0819 23:36:43.761988 20251 net.cpp:111] norm2 -> norm2
I0819 23:36:43.761998 20251 net.cpp:126] Top shape: 5 256 13 13 (216320)
I0819 23:36:43.762007 20251 net.cpp:157] norm2 does not need backward computation.
I0819 23:36:43.762017 20251 net.cpp:75] Creating Layer conv3
I0819 23:36:43.762035 20251 net.cpp:85] conv3 <- norm2
I0819 23:36:43.762045 20251 net.cpp:111] conv3 -> conv3
I0819 23:36:43.798228 20251 net.cpp:126] Top shape: 5 384 13 13 (324480)
I0819 23:36:43.798243 20251 net.cpp:157] conv3 does not need backward computation.
I0819 23:36:43.798250 20251 net.cpp:75] Creating Layer relu3
I0819 23:36:43.798257 20251 net.cpp:85] relu3 <- conv3
I0819 23:36:43.798266 20251 net.cpp:99] relu3 -> conv3 (in-place)
I0819 23:36:43.798275 20251 net.cpp:126] Top shape: 5 384 13 13 (324480)
I0819 23:36:43.798282 20251 net.cpp:157] relu3 does not need backward computation.
I0819 23:36:43.798293 20251 net.cpp:75] Creating Layer conv4
I0819 23:36:43.798300 20251 net.cpp:85] conv4 <- conv3
I0819 23:36:43.798310 20251 net.cpp:111] conv4 -> conv4
I0819 23:36:43.825466 20251 net.cpp:126] Top shape: 5 384 13 13 (324480)
I0819 23:36:43.825480 20251 net.cpp:157] conv4 does not need backward computation.
I0819 23:36:43.825489 20251 net.cpp:75] Creating Layer relu4
I0819 23:36:43.825496 20251 net.cpp:85] relu4 <- conv4
I0819 23:36:43.825505 20251 net.cpp:99] relu4 -> conv4 (in-place)
I0819 23:36:43.825515 20251 net.cpp:126] Top shape: 5 384 13 13 (324480)
I0819 23:36:43.825522 20251 net.cpp:157] relu4 does not need backward computation.
I0819 23:36:43.825534 20251 net.cpp:75] Creating Layer conv5
I0819 23:36:43.825543 20251 net.cpp:85] conv5 <- conv4
I0819 23:36:43.825552 20251 net.cpp:111] conv5 -> conv5
I0819 23:36:43.843709 20251 net.cpp:126] Top shape: 5 256 13 13 (216320)
I0819 23:36:43.843724 20251 net.cpp:157] conv5 does not need backward computation.
I0819 23:36:43.843731 20251 net.cpp:75] Creating Layer relu5
I0819 23:36:43.843739 20251 net.cpp:85] relu5 <- conv5
I0819 23:36:43.843750 20251 net.cpp:99] relu5 -> conv5 (in-place)
I0819 23:36:43.843757 20251 net.cpp:126] Top shape: 5 256 13 13 (216320)
I0819 23:36:43.843765 20251 net.cpp:157] relu5 does not need backward computation.
I0819 23:36:43.843775 20251 net.cpp:75] Creating Layer pool5
I0819 23:36:43.843783 20251 net.cpp:85] pool5 <- conv5
I0819 23:36:43.843792 20251 net.cpp:111] pool5 -> pool5
I0819 23:36:43.843803 20251 net.cpp:126] Top shape: 5 256 6 6 (46080)
I0819 23:36:43.843812 20251 net.cpp:157] pool5 does not need backward computation.
I0819 23:36:43.843827 20251 net.cpp:75] Creating Layer fc6_new
I0819 23:36:43.843835 20251 net.cpp:85] fc6_new <- pool5
I0819 23:36:43.843853 20251 net.cpp:111] fc6_new -> fc6_new
I0819 23:36:45.383872 20251 net.cpp:126] Top shape: 5 4096 1 1 (20480)
I0819 23:36:45.383900 20251 net.cpp:157] fc6_new does not need backward computation.
I0819 23:36:45.383909 20251 net.cpp:75] Creating Layer relu6
I0819 23:36:45.383915 20251 net.cpp:85] relu6 <- fc6_new
I0819 23:36:45.383924 20251 net.cpp:99] relu6 -> fc6_new (in-place)
I0819 23:36:45.383929 20251 net.cpp:126] Top shape: 5 4096 1 1 (20480)
I0819 23:36:45.383934 20251 net.cpp:157] relu6 does not need backward computation.
I0819 23:36:45.383939 20251 net.cpp:75] Creating Layer drop6
I0819 23:36:45.383944 20251 net.cpp:85] drop6 <- fc6_new
I0819 23:36:45.383949 20251 net.cpp:99] drop6 -> fc6_new (in-place)
I0819 23:36:45.383965 20251 net.cpp:126] Top shape: 5 4096 1 1 (20480)
I0819 23:36:45.383973 20251 net.cpp:157] drop6 does not need backward computation.
I0819 23:36:45.383983 20251 net.cpp:75] Creating Layer fc7_new
I0819 23:36:45.383991 20251 net.cpp:85] fc7_new <- fc6_new
I0819 23:36:45.383997 20251 net.cpp:111] fc7_new -> fc7_new
I0819 23:36:46.067548 20251 net.cpp:126] Top shape: 5 4096 1 1 (20480)
I0819 23:36:46.067575 20251 net.cpp:157] fc7_new does not need backward computation.
I0819 23:36:46.067585 20251 net.cpp:75] Creating Layer relu7
I0819 23:36:46.067591 20251 net.cpp:85] relu7 <- fc7_new
I0819 23:36:46.067600 20251 net.cpp:99] relu7 -> fc7_new (in-place)
I0819 23:36:46.067605 20251 net.cpp:126] Top shape: 5 4096 1 1 (20480)
I0819 23:36:46.067610 20251 net.cpp:157] relu7 does not need backward computation.
I0819 23:36:46.067615 20251 net.cpp:75] Creating Layer drop7
I0819 23:36:46.067618 20251 net.cpp:85] drop7 <- fc7_new
I0819 23:36:46.067623 20251 net.cpp:99] drop7 -> fc7_new (in-place)
I0819 23:36:46.067628 20251 net.cpp:126] Top shape: 5 4096 1 1 (20480)
I0819 23:36:46.067632 20251 net.cpp:157] drop7 does not need backward computation.
I0819 23:36:46.067638 20251 net.cpp:75] Creating Layer fc8_clamp
I0819 23:36:46.067643 20251 net.cpp:85] fc8_clamp <- fc7_new
I0819 23:36:46.067648 20251 net.cpp:111] fc8_clamp -> fc8_aero
I0819 23:36:46.068047 20251 net.cpp:126] Top shape: 5 2 1 1 (10)
I0819 23:36:46.068058 20251 net.cpp:152] fc8_clamp needs backward computation.
I0819 23:36:46.068064 20251 net.cpp:75] Creating Layer loss
I0819 23:36:46.068069 20251 net.cpp:85] loss <- fc8_aero
I0819 23:36:46.068074 20251 net.cpp:85] loss <- label
I0819 23:36:46.068088 20251 net.cpp:152] loss needs backward computation.
I0819 23:36:46.068116 20251 net.cpp:181] Collecting Learning Rate and Weight Decay.
I0819 23:36:46.068133 20251 net.cpp:174] Network initialization done.
I0819 23:36:46.068141 20251 net.cpp:175] Memory required for Data 20971480
I0819 23:36:46.068204 20251 solver.cpp:44] Creating testing net.
I0819 23:36:46.068914 20251 net.cpp:75] Creating Layer data
I0819 23:36:46.068928 20251 net.cpp:111] data -> data
I0819 23:36:46.068935 20251 net.cpp:111] data -> label
I0819 23:36:46.068943 20251 data_layer.cpp:145] Opening leveldb scrape_zones_fine_val_leveldb
I0819 23:36:46.126816 20251 data_layer.cpp:185] output data size: 5,3,227,227
I0819 23:36:46.126848 20251 data_layer.cpp:204] Loading mean file from../../data/scrape_zones/scrape_zones_fine_mean.binaryproto
I0819 23:36:46.133673 20251 net.cpp:126] Top shape: 5 3 227 227 (772935)
I0819 23:36:46.133697 20251 net.cpp:126] Top shape: 5 1 1 1 (5)
I0819 23:36:46.133708 20251 net.cpp:157] data does not need backward computation.
I0819 23:36:46.133724 20251 net.cpp:75] Creating Layer conv1
I0819 23:36:46.133734 20251 net.cpp:85] conv1 <- data
I0819 23:36:46.133745 20251 net.cpp:111] conv1 -> conv1
I0819 23:36:46.135253 20251 net.cpp:126] Top shape: 5 96 55 55 (1452000)
I0819 23:36:46.135264 20251 net.cpp:157] conv1 does not need backward computation.
I0819 23:36:46.135272 20251 net.cpp:75] Creating Layer relu1
I0819 23:36:46.135277 20251 net.cpp:85] relu1 <- conv1
I0819 23:36:46.135282 20251 net.cpp:99] relu1 -> conv1 (in-place)
I0819 23:36:46.135287 20251 net.cpp:126] Top shape: 5 96 55 55 (1452000)
I0819 23:36:46.135292 20251 net.cpp:157] relu1 does not need backward computation.
I0819 23:36:46.135296 20251 net.cpp:75] Creating Layer pool1
I0819 23:36:46.135300 20251 net.cpp:85] pool1 <- conv1
I0819 23:36:46.135305 20251 net.cpp:111] pool1 -> pool1
I0819 23:36:46.135311 20251 net.cpp:126] Top shape: 5 96 27 27 (349920)
I0819 23:36:46.135316 20251 net.cpp:157] pool1 does not need backward computation.
I0819 23:36:46.135323 20251 net.cpp:75] Creating Layer norm1
I0819 23:36:46.135326 20251 net.cpp:85] norm1 <- pool1
I0819 23:36:46.135331 20251 net.cpp:111] norm1 -> norm1
I0819 23:36:46.135339 20251 net.cpp:126] Top shape: 5 96 27 27 (349920)
I0819 23:36:46.135342 20251 net.cpp:157] norm1 does not need backward computation.
I0819 23:36:46.135349 20251 net.cpp:75] Creating Layer conv2
I0819 23:36:46.135352 20251 net.cpp:85] conv2 <- norm1
I0819 23:36:46.135356 20251 net.cpp:111] conv2 -> conv2
I0819 23:36:46.147434 20251 net.cpp:126] Top shape: 5 256 27 27 (933120)
I0819 23:36:46.147449 20251 net.cpp:157] conv2 does not need backward computation.
I0819 23:36:46.147454 20251 net.cpp:75] Creating Layer relu2
I0819 23:36:46.147459 20251 net.cpp:85] relu2 <- conv2
I0819 23:36:46.147465 20251 net.cpp:99] relu2 -> conv2 (in-place)
I0819 23:36:46.147470 20251 net.cpp:126] Top shape: 5 256 27 27 (933120)
I0819 23:36:46.147475 20251 net.cpp:157] relu2 does not need backward computation.
I0819 23:36:46.147480 20251 net.cpp:75] Creating Layer pool2
I0819 23:36:46.147483 20251 net.cpp:85] pool2 <- conv2
I0819 23:36:46.147487 20251 net.cpp:111] pool2 -> pool2
I0819 23:36:46.147493 20251 net.cpp:126] Top shape: 5 256 13 13 (216320)
I0819 23:36:46.147498 20251 net.cpp:157] pool2 does not need backward computation.
I0819 23:36:46.147505 20251 net.cpp:75] Creating Layer norm2
I0819 23:36:46.147510 20251 net.cpp:85] norm2 <- pool2
I0819 23:36:46.147514 20251 net.cpp:111] norm2 -> norm2
I0819 23:36:46.147521 20251 net.cpp:126] Top shape: 5 256 13 13 (216320)
I0819 23:36:46.147524 20251 net.cpp:157] norm2 does not need backward computation.
I0819 23:36:46.147531 20251 net.cpp:75] Creating Layer conv3
I0819 23:36:46.147534 20251 net.cpp:85] conv3 <- norm2
I0819 23:36:46.147539 20251 net.cpp:111] conv3 -> conv3
I0819 23:36:46.183728 20251 net.cpp:126] Top shape: 5 384 13 13 (324480)
I0819 23:36:46.183743 20251 net.cpp:157] conv3 does not need backward computation.
I0819 23:36:46.183749 20251 net.cpp:75] Creating Layer relu3
I0819 23:36:46.183754 20251 net.cpp:85] relu3 <- conv3
I0819 23:36:46.183760 20251 net.cpp:99] relu3 -> conv3 (in-place)
I0819 23:36:46.183765 20251 net.cpp:126] Top shape: 5 384 13 13 (324480)
I0819 23:36:46.183769 20251 net.cpp:157] relu3 does not need backward computation.
I0819 23:36:46.183775 20251 net.cpp:75] Creating Layer conv4
I0819 23:36:46.183780 20251 net.cpp:85] conv4 <- conv3
I0819 23:36:46.183784 20251 net.cpp:111] conv4 -> conv4
I0819 23:36:46.210870 20251 net.cpp:126] Top shape: 5 384 13 13 (324480)
I0819 23:36:46.210883 20251 net.cpp:157] conv4 does not need backward computation.
I0819 23:36:46.210890 20251 net.cpp:75] Creating Layer relu4
I0819 23:36:46.210894 20251 net.cpp:85] relu4 <- conv4
I0819 23:36:46.210899 20251 net.cpp:99] relu4 -> conv4 (in-place)
I0819 23:36:46.210904 20251 net.cpp:126] Top shape: 5 384 13 13 (324480)
I0819 23:36:46.210909 20251 net.cpp:157] relu4 does not need backward computation.
I0819 23:36:46.210916 20251 net.cpp:75] Creating Layer conv5
I0819 23:36:46.210919 20251 net.cpp:85] conv5 <- conv4
I0819 23:36:46.210924 20251 net.cpp:111] conv5 -> conv5
I0819 23:36:46.228984 20251 net.cpp:126] Top shape: 5 256 13 13 (216320)
I0819 23:36:46.228997 20251 net.cpp:157] conv5 does not need backward computation.
I0819 23:36:46.229003 20251 net.cpp:75] Creating Layer relu5
I0819 23:36:46.229008 20251 net.cpp:85] relu5 <- conv5
I0819 23:36:46.229013 20251 net.cpp:99] relu5 -> conv5 (in-place)
I0819 23:36:46.229018 20251 net.cpp:126] Top shape: 5 256 13 13 (216320)
I0819 23:36:46.229022 20251 net.cpp:157] relu5 does not need backward computation.
I0819 23:36:46.229027 20251 net.cpp:75] Creating Layer pool5
I0819 23:36:46.229032 20251 net.cpp:85] pool5 <- conv5
I0819 23:36:46.229037 20251 net.cpp:111] pool5 -> pool5
I0819 23:36:46.229043 20251 net.cpp:126] Top shape: 5 256 6 6 (46080)
I0819 23:36:46.229048 20251 net.cpp:157] pool5 does not need backward computation.
I0819 23:36:46.229055 20251 net.cpp:75] Creating Layer fc6_new
I0819 23:36:46.229060 20251 net.cpp:85] fc6_new <- pool5
I0819 23:36:46.229064 20251 net.cpp:111] fc6_new -> fc6_new
I0819 23:36:47.768012 20251 net.cpp:126] Top shape: 5 4096 1 1 (20480)
I0819 23:36:47.768040 20251 net.cpp:157] fc6_new does not need backward computation.
I0819 23:36:47.768049 20251 net.cpp:75] Creating Layer relu6
I0819 23:36:47.768056 20251 net.cpp:85] relu6 <- fc6_new
I0819 23:36:47.768064 20251 net.cpp:99] relu6 -> fc6_new (in-place)
I0819 23:36:47.768070 20251 net.cpp:126] Top shape: 5 4096 1 1 (20480)
I0819 23:36:47.768074 20251 net.cpp:157] relu6 does not need backward computation.
I0819 23:36:47.768080 20251 net.cpp:75] Creating Layer drop6
I0819 23:36:47.768085 20251 net.cpp:85] drop6 <- fc6_new
I0819 23:36:47.768088 20251 net.cpp:99] drop6 -> fc6_new (in-place)
I0819 23:36:47.768095 20251 net.cpp:126] Top shape: 5 4096 1 1 (20480)
I0819 23:36:47.768098 20251 net.cpp:157] drop6 does not need backward computation.
I0819 23:36:47.768105 20251 net.cpp:75] Creating Layer fc7_new
I0819 23:36:47.768108 20251 net.cpp:85] fc7_new <- fc6_new
I0819 23:36:47.768113 20251 net.cpp:111] fc7_new -> fc7_new
I0819 23:36:48.452186 20251 net.cpp:126] Top shape: 5 4096 1 1 (20480)
I0819 23:36:48.452213 20251 net.cpp:157] fc7_new does not need backward computation.
I0819 23:36:48.452221 20251 net.cpp:75] Creating Layer relu7
I0819 23:36:48.452227 20251 net.cpp:85] relu7 <- fc7_new
I0819 23:36:48.452235 20251 net.cpp:99] relu7 -> fc7_new (in-place)
I0819 23:36:48.452241 20251 net.cpp:126] Top shape: 5 4096 1 1 (20480)
I0819 23:36:48.452246 20251 net.cpp:157] relu7 does not need backward computation.
I0819 23:36:48.452251 20251 net.cpp:75] Creating Layer drop7
I0819 23:36:48.452255 20251 net.cpp:85] drop7 <- fc7_new
I0819 23:36:48.452260 20251 net.cpp:99] drop7 -> fc7_new (in-place)
I0819 23:36:48.452265 20251 net.cpp:126] Top shape: 5 4096 1 1 (20480)
I0819 23:36:48.452270 20251 net.cpp:157] drop7 does not need backward computation.
I0819 23:36:48.452275 20251 net.cpp:75] Creating Layer fc8_clamp
I0819 23:36:48.452280 20251 net.cpp:85] fc8_clamp <- fc7_new
I0819 23:36:48.452285 20251 net.cpp:111] fc8_clamp -> fc8_aero
I0819 23:36:48.452618 20251 net.cpp:126] Top shape: 5 2 1 1 (10)
I0819 23:36:48.452626 20251 net.cpp:152] fc8_clamp needs backward computation.
I0819 23:36:48.452632 20251 net.cpp:75] Creating Layer prob
I0819 23:36:48.452636 20251 net.cpp:85] prob <- fc8_aero
I0819 23:36:48.452641 20251 net.cpp:111] prob -> prob
I0819 23:36:48.452648 20251 net.cpp:126] Top shape: 5 2 1 1 (10)
I0819 23:36:48.452653 20251 net.cpp:152] prob needs backward computation.
I0819 23:36:48.452658 20251 net.cpp:75] Creating Layer accuracy
I0819 23:36:48.452662 20251 net.cpp:85] accuracy <- prob
I0819 23:36:48.452668 20251 net.cpp:85] accuracy <- label
I0819 23:36:48.452674 20251 net.cpp:111] accuracy -> accuracy
I0819 23:36:48.452689 20251 net.cpp:126] Top shape: 1 2 1 1 (2)
I0819 23:36:48.452694 20251 net.cpp:152] accuracy needs backward computation.
I0819 23:36:48.452698 20251 net.cpp:163] This network produces output accuracy
I0819 23:36:48.452718 20251 net.cpp:181] Collecting Learning Rate and Weight Decay.
I0819 23:36:48.452728 20251 net.cpp:174] Network initialization done.
I0819 23:36:48.452733 20251 net.cpp:175] Memory required for Data 20971528
I0819 23:36:48.452774 20251 solver.cpp:49] Solver scaffolding done.
I0819 23:36:48.452781 20251 finetune_net.cpp:27] Loading from ../alexnet/caffe_alexnet_model
I0819 23:36:49.134663 20251 net.cpp:319] Copying source layer data
I0819 23:36:49.134686 20251 net.cpp:319] Copying source layer conv1
I0819 23:36:49.134754 20251 net.cpp:319] Copying source layer relu1
I0819 23:36:49.134764 20251 net.cpp:319] Copying source layer norm1
I0819 23:36:49.134768 20251 net.cpp:319] Copying source layer pool1
I0819 23:36:49.134773 20251 net.cpp:319] Copying source layer conv2
I0819 23:36:49.135324 20251 net.cpp:319] Copying source layer relu2
I0819 23:36:49.135336 20251 net.cpp:319] Copying source layer norm2
I0819 23:36:49.135340 20251 net.cpp:319] Copying source layer pool2
I0819 23:36:49.135344 20251 net.cpp:319] Copying source layer conv3
I0819 23:36:49.136936 20251 net.cpp:319] Copying source layer relu3
I0819 23:36:49.136950 20251 net.cpp:319] Copying source layer conv4
I0819 23:36:49.138145 20251 net.cpp:319] Copying source layer relu4
I0819 23:36:49.138157 20251 net.cpp:319] Copying source layer conv5
I0819 23:36:49.138991 20251 net.cpp:319] Copying source layer relu5
I0819 23:36:49.139003 20251 net.cpp:319] Copying source layer pool5
I0819 23:36:49.139008 20251 net.cpp:316] Ignoring source layer fc6
I0819 23:36:49.139011 20251 net.cpp:319] Copying source layer relu6
I0819 23:36:49.139015 20251 net.cpp:319] Copying source layer drop6
I0819 23:36:49.139019 20251 net.cpp:316] Ignoring source layer fc7
I0819 23:36:49.139022 20251 net.cpp:319] Copying source layer relu7
I0819 23:36:49.139026 20251 net.cpp:319] Copying source layer drop7
I0819 23:36:49.139029 20251 net.cpp:316] Ignoring source layer fc8
I0819 23:36:49.139034 20251 net.cpp:319] Copying source layer loss
I0819 23:36:49.155845 20251 solver.cpp:61] Solving scrape_zonesFineNet
I0819 23:36:49.155880 20251 solver.cpp:106] Iteration 0, Testing net
I0819 23:36:49.258733 20251 solver.cpp:142] Test score #0: 0.5
I0819 23:36:49.258788 20251 solver.cpp:142] Test score #1: 0.511137
labels for this batch: 1 1 1 1 1 

prior for this batch is: 0, 1, 
bottom_diff before backward_pass is the outputted probabilities:
bottom_diff[0*2+0]: 0.0136824,  bottom_diff[0*2+1]: 0.986318,  
bottom_diff[1*2+0]: 0.0961071,  bottom_diff[1*2+1]: 0.903893,  
bottom_diff[2*2+0]: 0.137925,  bottom_diff[2*2+1]: 0.862075,  
bottom_diff[3*2+0]: 0.433473,  bottom_diff[3*2+1]: 0.566527,  
bottom_diff[4*2+0]: 0.190201,  bottom_diff[4*2+1]: 0.809799,  

bottom_diff after backward_pass:
bottom_diff[0*2+0]: 0.0068412,  bottom_diff[0*2+1]: -0.00684118,  
bottom_diff[1*2+0]: 0.0480535,  bottom_diff[1*2+1]: -0.0480535,  
bottom_diff[2*2+0]: 0.0689624,  bottom_diff[2*2+1]: -0.0689624,  
bottom_diff[3*2+0]: 0.216737,  bottom_diff[3*2+1]: -0.216737,  
bottom_diff[4*2+0]: 0.0951005,  bottom_diff[4*2+1]: -0.0951005,  

bottom_diff after bayesian stuff:
bottom_diff[0*2+0]: 5.81985e+35,  bottom_diff[0*2+1]: -5.81983e+35,  
bottom_diff[1*2+0]: 4.08794e+36,  bottom_diff[1*2+1]: -4.08794e+36,  
bottom_diff[2*2+0]: 5.86667e+36,  bottom_diff[2*2+1]: -5.86667e+36,  
bottom_diff[3*2+0]: 1.84379e+37,  bottom_diff[3*2+1]: -1.84379e+37,  
bottom_diff[4*2+0]: 8.09025e+36,  bottom_diff[4*2+1]: -8.09025e+36,  

I0819 23:36:49.283473 20251 solver.cpp:239] Iteration 1, lr = 0.0001
I0819 23:36:49.286092 20251 solver.cpp:87] Iteration 1, loss = 8.86805e+36
labels for this batch: 1 1 1 1 0 

prior for this batch is: 0.2, 0.8, 
bottom_diff before backward_pass is the outputted probabilities:
bottom_diff[0*2+0]: nan,  bottom_diff[0*2+1]: nan,  
bottom_diff[1*2+0]: nan,  bottom_diff[1*2+1]: nan,  
bottom_diff[2*2+0]: nan,  bottom_diff[2*2+1]: nan,  
bottom_diff[3*2+0]: nan,  bottom_diff[3*2+1]: nan,  
bottom_diff[4*2+0]: nan,  bottom_diff[4*2+1]: nan,  

bottom_diff after backward_pass:
bottom_diff[0*2+0]: nan,  bottom_diff[0*2+1]: nan,  
bottom_diff[1*2+0]: nan,  bottom_diff[1*2+1]: nan,  
bottom_diff[2*2+0]: nan,  bottom_diff[2*2+1]: nan,  
bottom_diff[3*2+0]: nan,  bottom_diff[3*2+1]: nan,  
bottom_diff[4*2+0]: nan,  bottom_diff[4*2+1]: nan,  

bottom_diff after bayesian stuff:
bottom_diff[0*2+0]: nan,  bottom_diff[0*2+1]: nan,  
bottom_diff[1*2+0]: nan,  bottom_diff[1*2+1]: nan,  
bottom_diff[2*2+0]: nan,  bottom_diff[2*2+1]: nan,  
bottom_diff[3*2+0]: nan,  bottom_diff[3*2+1]: nan,  
bottom_diff[4*2+0]: nan,  bottom_diff[4*2+1]: nan,  

I0819 23:36:49.309592 20251 solver.cpp:239] Iteration 2, lr = 0.0001
I0819 23:36:49.309934 20251 solver.cpp:87] Iteration 2, loss = -nan
I0819 23:36:49.762060 20251 solver.cpp:159] Snapshotting to scrape_zones_fine_train_iter_2
I0819 23:36:51.421325 20251 solver.cpp:166] Snapshotting solver state to scrape_zones_fine_train_iter_2.solverstate
I0819 23:36:52.597189 20251 solver.cpp:100] Optimization Done.
I0819 23:36:52.597218 20251 finetune_net.cpp:30] Optimization Done.
Done.
