nohup: ignoring input
I0828 19:14:17.140581 20749 finetune_net.cpp:25] Starting Optimization
I0828 19:14:17.140682 20749 solver.cpp:42] Creating training net.
I0828 19:14:17.141224 20749 net.cpp:76] Creating Layer data
I0828 19:14:17.141239 20749 net.cpp:112] data -> data
I0828 19:14:17.141252 20749 net.cpp:112] data -> label
I0828 19:14:17.141274 20749 data_layer.cpp:145] Opening leveldb clampdet_train_leveldb
I0828 19:14:17.206006 20749 data_layer.cpp:185] output data size: 128,3,227,227
I0828 19:14:17.206030 20749 data_layer.cpp:204] Loading mean file from../../data/clampdet/clampdet_mean.binaryproto
I0828 19:14:17.447674 20749 net.cpp:127] Top shape: 128 3 227 227 (19787136)
I0828 19:14:17.447723 20749 net.cpp:127] Top shape: 128 1 1 1 (128)
I0828 19:14:17.447731 20749 net.cpp:158] data does not need backward computation.
I0828 19:14:17.447747 20749 net.cpp:76] Creating Layer conv1
I0828 19:14:17.447753 20749 net.cpp:86] conv1 <- data
I0828 19:14:17.447769 20749 net.cpp:112] conv1 -> conv1
I0828 19:14:17.449281 20749 net.cpp:127] Top shape: 128 96 55 55 (37171200)
I0828 19:14:17.449301 20749 net.cpp:153] conv1 needs backward computation.
I0828 19:14:17.449308 20749 net.cpp:76] Creating Layer relu1
I0828 19:14:17.449313 20749 net.cpp:86] relu1 <- conv1
I0828 19:14:17.449319 20749 net.cpp:100] relu1 -> conv1 (in-place)
I0828 19:14:17.449327 20749 net.cpp:127] Top shape: 128 96 55 55 (37171200)
I0828 19:14:17.449332 20749 net.cpp:153] relu1 needs backward computation.
I0828 19:14:17.449337 20749 net.cpp:76] Creating Layer pool1
I0828 19:14:17.449342 20749 net.cpp:86] pool1 <- conv1
I0828 19:14:17.449347 20749 net.cpp:112] pool1 -> pool1
I0828 19:14:17.449359 20749 net.cpp:127] Top shape: 128 96 27 27 (8957952)
I0828 19:14:17.449368 20749 net.cpp:153] pool1 needs backward computation.
I0828 19:14:17.449384 20749 net.cpp:76] Creating Layer norm1
I0828 19:14:17.449396 20749 net.cpp:86] norm1 <- pool1
I0828 19:14:17.449405 20749 net.cpp:112] norm1 -> norm1
I0828 19:14:17.449450 20749 net.cpp:127] Top shape: 128 96 27 27 (8957952)
I0828 19:14:17.449460 20749 net.cpp:153] norm1 needs backward computation.
I0828 19:14:17.449466 20749 net.cpp:76] Creating Layer conv2
I0828 19:14:17.449475 20749 net.cpp:86] conv2 <- norm1
I0828 19:14:17.449483 20749 net.cpp:112] conv2 -> conv2
I0828 19:14:17.462407 20749 net.cpp:127] Top shape: 128 256 27 27 (23887872)
I0828 19:14:17.462435 20749 net.cpp:153] conv2 needs backward computation.
I0828 19:14:17.462447 20749 net.cpp:76] Creating Layer relu2
I0828 19:14:17.462457 20749 net.cpp:86] relu2 <- conv2
I0828 19:14:17.462467 20749 net.cpp:100] relu2 -> conv2 (in-place)
I0828 19:14:17.462476 20749 net.cpp:127] Top shape: 128 256 27 27 (23887872)
I0828 19:14:17.462486 20749 net.cpp:153] relu2 needs backward computation.
I0828 19:14:17.462501 20749 net.cpp:76] Creating Layer pool2
I0828 19:14:17.462508 20749 net.cpp:86] pool2 <- conv2
I0828 19:14:17.462514 20749 net.cpp:112] pool2 -> pool2
I0828 19:14:17.462522 20749 net.cpp:127] Top shape: 128 256 13 13 (5537792)
I0828 19:14:17.462527 20749 net.cpp:153] pool2 needs backward computation.
I0828 19:14:17.462537 20749 net.cpp:76] Creating Layer norm2
I0828 19:14:17.462541 20749 net.cpp:86] norm2 <- pool2
I0828 19:14:17.462545 20749 net.cpp:112] norm2 -> norm2
I0828 19:14:17.462553 20749 net.cpp:127] Top shape: 128 256 13 13 (5537792)
I0828 19:14:17.462560 20749 net.cpp:153] norm2 needs backward computation.
I0828 19:14:17.462573 20749 net.cpp:76] Creating Layer conv3
I0828 19:14:17.462580 20749 net.cpp:86] conv3 <- norm2
I0828 19:14:17.462621 20749 net.cpp:112] conv3 -> conv3
I0828 19:14:17.500303 20749 net.cpp:127] Top shape: 128 384 13 13 (8306688)
I0828 19:14:17.500332 20749 net.cpp:153] conv3 needs backward computation.
I0828 19:14:17.500342 20749 net.cpp:76] Creating Layer relu3
I0828 19:14:17.500349 20749 net.cpp:86] relu3 <- conv3
I0828 19:14:17.500356 20749 net.cpp:100] relu3 -> conv3 (in-place)
I0828 19:14:17.500362 20749 net.cpp:127] Top shape: 128 384 13 13 (8306688)
I0828 19:14:17.500366 20749 net.cpp:153] relu3 needs backward computation.
I0828 19:14:17.500373 20749 net.cpp:76] Creating Layer conv4
I0828 19:14:17.500377 20749 net.cpp:86] conv4 <- conv3
I0828 19:14:17.500382 20749 net.cpp:112] conv4 -> conv4
I0828 19:14:17.528625 20749 net.cpp:127] Top shape: 128 384 13 13 (8306688)
I0828 19:14:17.528650 20749 net.cpp:153] conv4 needs backward computation.
I0828 19:14:17.528659 20749 net.cpp:76] Creating Layer relu4
I0828 19:14:17.528666 20749 net.cpp:86] relu4 <- conv4
I0828 19:14:17.528672 20749 net.cpp:100] relu4 -> conv4 (in-place)
I0828 19:14:17.528677 20749 net.cpp:127] Top shape: 128 384 13 13 (8306688)
I0828 19:14:17.528682 20749 net.cpp:153] relu4 needs backward computation.
I0828 19:14:17.528688 20749 net.cpp:76] Creating Layer conv5
I0828 19:14:17.528693 20749 net.cpp:86] conv5 <- conv4
I0828 19:14:17.528697 20749 net.cpp:112] conv5 -> conv5
I0828 19:14:17.547547 20749 net.cpp:127] Top shape: 128 256 13 13 (5537792)
I0828 19:14:17.547574 20749 net.cpp:153] conv5 needs backward computation.
I0828 19:14:17.547583 20749 net.cpp:76] Creating Layer relu5
I0828 19:14:17.547590 20749 net.cpp:86] relu5 <- conv5
I0828 19:14:17.547596 20749 net.cpp:100] relu5 -> conv5 (in-place)
I0828 19:14:17.547601 20749 net.cpp:127] Top shape: 128 256 13 13 (5537792)
I0828 19:14:17.547606 20749 net.cpp:153] relu5 needs backward computation.
I0828 19:14:17.547612 20749 net.cpp:76] Creating Layer pool5
I0828 19:14:17.547616 20749 net.cpp:86] pool5 <- conv5
I0828 19:14:17.547621 20749 net.cpp:112] pool5 -> pool5
I0828 19:14:17.547628 20749 net.cpp:127] Top shape: 128 256 6 6 (1179648)
I0828 19:14:17.547638 20749 net.cpp:153] pool5 needs backward computation.
I0828 19:14:17.547653 20749 net.cpp:76] Creating Layer fc6
I0828 19:14:17.547662 20749 net.cpp:86] fc6 <- pool5
I0828 19:14:17.547670 20749 net.cpp:112] fc6 -> fc6_new
I0828 19:14:19.146098 20749 net.cpp:127] Top shape: 128 4096 1 1 (524288)
I0828 19:14:19.146126 20749 net.cpp:153] fc6 needs backward computation.
I0828 19:14:19.146136 20749 net.cpp:76] Creating Layer relu6
I0828 19:14:19.146142 20749 net.cpp:86] relu6 <- fc6_new
I0828 19:14:19.146149 20749 net.cpp:100] relu6 -> fc6_new (in-place)
I0828 19:14:19.146155 20749 net.cpp:127] Top shape: 128 4096 1 1 (524288)
I0828 19:14:19.146159 20749 net.cpp:153] relu6 needs backward computation.
I0828 19:14:19.146165 20749 net.cpp:76] Creating Layer drop6
I0828 19:14:19.146169 20749 net.cpp:86] drop6 <- fc6_new
I0828 19:14:19.146174 20749 net.cpp:100] drop6 -> fc6_new (in-place)
I0828 19:14:19.146188 20749 net.cpp:127] Top shape: 128 4096 1 1 (524288)
I0828 19:14:19.146193 20749 net.cpp:153] drop6 needs backward computation.
I0828 19:14:19.146198 20749 net.cpp:76] Creating Layer fc7_new
I0828 19:14:19.146203 20749 net.cpp:86] fc7_new <- fc6_new
I0828 19:14:19.146209 20749 net.cpp:112] fc7_new -> fc7_new
I0828 19:14:19.856155 20749 net.cpp:127] Top shape: 128 4096 1 1 (524288)
I0828 19:14:19.856184 20749 net.cpp:153] fc7_new needs backward computation.
I0828 19:14:19.856194 20749 net.cpp:76] Creating Layer relu7
I0828 19:14:19.856199 20749 net.cpp:86] relu7 <- fc7_new
I0828 19:14:19.856207 20749 net.cpp:100] relu7 -> fc7_new (in-place)
I0828 19:14:19.856212 20749 net.cpp:127] Top shape: 128 4096 1 1 (524288)
I0828 19:14:19.856217 20749 net.cpp:153] relu7 needs backward computation.
I0828 19:14:19.856222 20749 net.cpp:76] Creating Layer drop7
I0828 19:14:19.856226 20749 net.cpp:86] drop7 <- fc7_new
I0828 19:14:19.856231 20749 net.cpp:100] drop7 -> fc7_new (in-place)
I0828 19:14:19.856236 20749 net.cpp:127] Top shape: 128 4096 1 1 (524288)
I0828 19:14:19.856241 20749 net.cpp:153] drop7 needs backward computation.
I0828 19:14:19.856247 20749 net.cpp:76] Creating Layer fc8_new
I0828 19:14:19.856252 20749 net.cpp:86] fc8_new <- fc7_new
I0828 19:14:19.856257 20749 net.cpp:112] fc8_new -> fc8_new
I0828 19:14:19.856621 20749 net.cpp:127] Top shape: 128 2 1 1 (256)
I0828 19:14:19.856629 20749 net.cpp:153] fc8_new needs backward computation.
I0828 19:14:19.856637 20749 net.cpp:76] Creating Layer loss
I0828 19:14:19.856641 20749 net.cpp:86] loss <- fc8_new
I0828 19:14:19.856645 20749 net.cpp:86] loss <- label
I0828 19:14:19.856657 20749 net.cpp:153] loss needs backward computation.
I0828 19:14:19.856688 20749 net.cpp:182] Collecting Learning Rate and Weight Decay.
I0828 19:14:19.856701 20749 net.cpp:175] Network initialization done.
I0828 19:14:19.856706 20749 net.cpp:176] Memory required for Data 536869888
I0828 19:14:19.856750 20749 solver.cpp:45] Creating testing net.
I0828 19:14:19.857362 20749 net.cpp:76] Creating Layer data
I0828 19:14:19.857373 20749 net.cpp:112] data -> data
I0828 19:14:19.857380 20749 net.cpp:112] data -> label
I0828 19:14:19.857388 20749 data_layer.cpp:145] Opening leveldb clampdet_val_leveldb
I0828 19:14:19.936051 20749 data_layer.cpp:185] output data size: 128,3,227,227
I0828 19:14:19.936074 20749 data_layer.cpp:204] Loading mean file from../../data/clampdet/clampdet_mean.binaryproto
I0828 19:14:19.976986 20749 net.cpp:127] Top shape: 128 3 227 227 (19787136)
I0828 19:14:19.977007 20749 net.cpp:127] Top shape: 128 1 1 1 (128)
I0828 19:14:19.977015 20749 net.cpp:158] data does not need backward computation.
I0828 19:14:19.977027 20749 net.cpp:76] Creating Layer conv1
I0828 19:14:19.977035 20749 net.cpp:86] conv1 <- data
I0828 19:14:19.977042 20749 net.cpp:112] conv1 -> conv1
I0828 19:14:19.978494 20749 net.cpp:127] Top shape: 128 96 55 55 (37171200)
I0828 19:14:19.978505 20749 net.cpp:153] conv1 needs backward computation.
I0828 19:14:19.978513 20749 net.cpp:76] Creating Layer relu1
I0828 19:14:19.978518 20749 net.cpp:86] relu1 <- conv1
I0828 19:14:19.978523 20749 net.cpp:100] relu1 -> conv1 (in-place)
I0828 19:14:19.978528 20749 net.cpp:127] Top shape: 128 96 55 55 (37171200)
I0828 19:14:19.978533 20749 net.cpp:153] relu1 needs backward computation.
I0828 19:14:19.978538 20749 net.cpp:76] Creating Layer pool1
I0828 19:14:19.978543 20749 net.cpp:86] pool1 <- conv1
I0828 19:14:19.978548 20749 net.cpp:112] pool1 -> pool1
I0828 19:14:19.978554 20749 net.cpp:127] Top shape: 128 96 27 27 (8957952)
I0828 19:14:19.978561 20749 net.cpp:153] pool1 needs backward computation.
I0828 19:14:19.978569 20749 net.cpp:76] Creating Layer norm1
I0828 19:14:19.978574 20749 net.cpp:86] norm1 <- pool1
I0828 19:14:19.978579 20749 net.cpp:112] norm1 -> norm1
I0828 19:14:19.978586 20749 net.cpp:127] Top shape: 128 96 27 27 (8957952)
I0828 19:14:19.978590 20749 net.cpp:153] norm1 needs backward computation.
I0828 19:14:19.978596 20749 net.cpp:76] Creating Layer conv2
I0828 19:14:19.978601 20749 net.cpp:86] conv2 <- norm1
I0828 19:14:19.978605 20749 net.cpp:112] conv2 -> conv2
I0828 19:14:19.991214 20749 net.cpp:127] Top shape: 128 256 27 27 (23887872)
I0828 19:14:19.991230 20749 net.cpp:153] conv2 needs backward computation.
I0828 19:14:19.991236 20749 net.cpp:76] Creating Layer relu2
I0828 19:14:19.991241 20749 net.cpp:86] relu2 <- conv2
I0828 19:14:19.991246 20749 net.cpp:100] relu2 -> conv2 (in-place)
I0828 19:14:19.991251 20749 net.cpp:127] Top shape: 128 256 27 27 (23887872)
I0828 19:14:19.991256 20749 net.cpp:153] relu2 needs backward computation.
I0828 19:14:19.991261 20749 net.cpp:76] Creating Layer pool2
I0828 19:14:19.991266 20749 net.cpp:86] pool2 <- conv2
I0828 19:14:19.991271 20749 net.cpp:112] pool2 -> pool2
I0828 19:14:19.991276 20749 net.cpp:127] Top shape: 128 256 13 13 (5537792)
I0828 19:14:19.991283 20749 net.cpp:153] pool2 needs backward computation.
I0828 19:14:19.991291 20749 net.cpp:76] Creating Layer norm2
I0828 19:14:19.991296 20749 net.cpp:86] norm2 <- pool2
I0828 19:14:19.991300 20749 net.cpp:112] norm2 -> norm2
I0828 19:14:19.991307 20749 net.cpp:127] Top shape: 128 256 13 13 (5537792)
I0828 19:14:19.991312 20749 net.cpp:153] norm2 needs backward computation.
I0828 19:14:19.991317 20749 net.cpp:76] Creating Layer conv3
I0828 19:14:19.991322 20749 net.cpp:86] conv3 <- norm2
I0828 19:14:19.991327 20749 net.cpp:112] conv3 -> conv3
I0828 19:14:20.028831 20749 net.cpp:127] Top shape: 128 384 13 13 (8306688)
I0828 19:14:20.028859 20749 net.cpp:153] conv3 needs backward computation.
I0828 19:14:20.028869 20749 net.cpp:76] Creating Layer relu3
I0828 19:14:20.028874 20749 net.cpp:86] relu3 <- conv3
I0828 19:14:20.028882 20749 net.cpp:100] relu3 -> conv3 (in-place)
I0828 19:14:20.028887 20749 net.cpp:127] Top shape: 128 384 13 13 (8306688)
I0828 19:14:20.028892 20749 net.cpp:153] relu3 needs backward computation.
I0828 19:14:20.028898 20749 net.cpp:76] Creating Layer conv4
I0828 19:14:20.028903 20749 net.cpp:86] conv4 <- conv3
I0828 19:14:20.028908 20749 net.cpp:112] conv4 -> conv4
I0828 19:14:20.057060 20749 net.cpp:127] Top shape: 128 384 13 13 (8306688)
I0828 19:14:20.057083 20749 net.cpp:153] conv4 needs backward computation.
I0828 19:14:20.057092 20749 net.cpp:76] Creating Layer relu4
I0828 19:14:20.057098 20749 net.cpp:86] relu4 <- conv4
I0828 19:14:20.057106 20749 net.cpp:100] relu4 -> conv4 (in-place)
I0828 19:14:20.057111 20749 net.cpp:127] Top shape: 128 384 13 13 (8306688)
I0828 19:14:20.057116 20749 net.cpp:153] relu4 needs backward computation.
I0828 19:14:20.057121 20749 net.cpp:76] Creating Layer conv5
I0828 19:14:20.057126 20749 net.cpp:86] conv5 <- conv4
I0828 19:14:20.057131 20749 net.cpp:112] conv5 -> conv5
I0828 19:14:20.075919 20749 net.cpp:127] Top shape: 128 256 13 13 (5537792)
I0828 19:14:20.075943 20749 net.cpp:153] conv5 needs backward computation.
I0828 19:14:20.075953 20749 net.cpp:76] Creating Layer relu5
I0828 19:14:20.075958 20749 net.cpp:86] relu5 <- conv5
I0828 19:14:20.075964 20749 net.cpp:100] relu5 -> conv5 (in-place)
I0828 19:14:20.075970 20749 net.cpp:127] Top shape: 128 256 13 13 (5537792)
I0828 19:14:20.075974 20749 net.cpp:153] relu5 needs backward computation.
I0828 19:14:20.075980 20749 net.cpp:76] Creating Layer pool5
I0828 19:14:20.075984 20749 net.cpp:86] pool5 <- conv5
I0828 19:14:20.075990 20749 net.cpp:112] pool5 -> pool5
I0828 19:14:20.075996 20749 net.cpp:127] Top shape: 128 256 6 6 (1179648)
I0828 19:14:20.076001 20749 net.cpp:153] pool5 needs backward computation.
I0828 19:14:20.076010 20749 net.cpp:76] Creating Layer fc6_new
I0828 19:14:20.076015 20749 net.cpp:86] fc6_new <- pool5
I0828 19:14:20.076020 20749 net.cpp:112] fc6_new -> fc6_new
I0828 19:14:21.676637 20749 net.cpp:127] Top shape: 128 4096 1 1 (524288)
I0828 19:14:21.676666 20749 net.cpp:153] fc6_new needs backward computation.
I0828 19:14:21.676676 20749 net.cpp:76] Creating Layer relu6
I0828 19:14:21.676681 20749 net.cpp:86] relu6 <- fc6_new
I0828 19:14:21.676688 20749 net.cpp:100] relu6 -> fc6_new (in-place)
I0828 19:14:21.676694 20749 net.cpp:127] Top shape: 128 4096 1 1 (524288)
I0828 19:14:21.676698 20749 net.cpp:153] relu6 needs backward computation.
I0828 19:14:21.676704 20749 net.cpp:76] Creating Layer drop6
I0828 19:14:21.676708 20749 net.cpp:86] drop6 <- fc6_new
I0828 19:14:21.676713 20749 net.cpp:100] drop6 -> fc6_new (in-place)
I0828 19:14:21.676719 20749 net.cpp:127] Top shape: 128 4096 1 1 (524288)
I0828 19:14:21.676723 20749 net.cpp:153] drop6 needs backward computation.
I0828 19:14:21.676729 20749 net.cpp:76] Creating Layer fc7_new
I0828 19:14:21.676734 20749 net.cpp:86] fc7_new <- fc6_new
I0828 19:14:21.676739 20749 net.cpp:112] fc7_new -> fc7_new
I0828 19:14:22.386953 20749 net.cpp:127] Top shape: 128 4096 1 1 (524288)
I0828 19:14:22.386982 20749 net.cpp:153] fc7_new needs backward computation.
I0828 19:14:22.386991 20749 net.cpp:76] Creating Layer relu7
I0828 19:14:22.386997 20749 net.cpp:86] relu7 <- fc7_new
I0828 19:14:22.387006 20749 net.cpp:100] relu7 -> fc7_new (in-place)
I0828 19:14:22.387012 20749 net.cpp:127] Top shape: 128 4096 1 1 (524288)
I0828 19:14:22.387017 20749 net.cpp:153] relu7 needs backward computation.
I0828 19:14:22.387023 20749 net.cpp:76] Creating Layer drop7
I0828 19:14:22.387027 20749 net.cpp:86] drop7 <- fc7_new
I0828 19:14:22.387032 20749 net.cpp:100] drop7 -> fc7_new (in-place)
I0828 19:14:22.387037 20749 net.cpp:127] Top shape: 128 4096 1 1 (524288)
I0828 19:14:22.387042 20749 net.cpp:153] drop7 needs backward computation.
I0828 19:14:22.387048 20749 net.cpp:76] Creating Layer fc8_new
I0828 19:14:22.387053 20749 net.cpp:86] fc8_new <- fc7_new
I0828 19:14:22.387058 20749 net.cpp:112] fc8_new -> fc8_new
I0828 19:14:22.387403 20749 net.cpp:127] Top shape: 128 2 1 1 (256)
I0828 19:14:22.387411 20749 net.cpp:153] fc8_new needs backward computation.
I0828 19:14:22.387418 20749 net.cpp:76] Creating Layer prob
I0828 19:14:22.387421 20749 net.cpp:86] prob <- fc8_new
I0828 19:14:22.387426 20749 net.cpp:112] prob -> prob
I0828 19:14:22.387434 20749 net.cpp:127] Top shape: 128 2 1 1 (256)
I0828 19:14:22.387439 20749 net.cpp:153] prob needs backward computation.
I0828 19:14:22.387444 20749 net.cpp:76] Creating Layer accuracy
I0828 19:14:22.387447 20749 net.cpp:86] accuracy <- prob
I0828 19:14:22.387452 20749 net.cpp:86] accuracy <- label
I0828 19:14:22.387459 20749 net.cpp:112] accuracy -> accuracy
I0828 19:14:22.387475 20749 net.cpp:127] Top shape: 1 2 1 1 (2)
I0828 19:14:22.387480 20749 net.cpp:153] accuracy needs backward computation.
I0828 19:14:22.387483 20749 net.cpp:164] This network produces output accuracy
I0828 19:14:22.387503 20749 net.cpp:182] Collecting Learning Rate and Weight Decay.
I0828 19:14:22.387516 20749 net.cpp:175] Network initialization done.
I0828 19:14:22.387524 20749 net.cpp:176] Memory required for Data 536870920
I0828 19:14:22.387580 20749 solver.cpp:50] Solver scaffolding done.
I0828 19:14:22.387591 20749 finetune_net.cpp:27] Loading from ../alexnet/caffe_alexnet_model
I0828 19:14:23.426697 20749 net.cpp:366] Copying source layer data
I0828 19:14:23.426725 20749 net.cpp:366] Copying source layer conv1
I0828 19:14:23.426795 20749 net.cpp:366] Copying source layer relu1
I0828 19:14:23.426806 20749 net.cpp:366] Copying source layer norm1
I0828 19:14:23.426815 20749 net.cpp:366] Copying source layer pool1
I0828 19:14:23.426820 20749 net.cpp:366] Copying source layer conv2
I0828 19:14:23.427377 20749 net.cpp:366] Copying source layer relu2
I0828 19:14:23.427389 20749 net.cpp:366] Copying source layer norm2
I0828 19:14:23.427394 20749 net.cpp:366] Copying source layer pool2
I0828 19:14:23.427398 20749 net.cpp:366] Copying source layer conv3
I0828 19:14:23.428882 20749 net.cpp:366] Copying source layer relu3
I0828 19:14:23.428897 20749 net.cpp:366] Copying source layer conv4
I0828 19:14:23.430033 20749 net.cpp:366] Copying source layer relu4
I0828 19:14:23.430047 20749 net.cpp:366] Copying source layer conv5
I0828 19:14:23.430811 20749 net.cpp:366] Copying source layer relu5
I0828 19:14:23.430824 20749 net.cpp:366] Copying source layer pool5
I0828 19:14:23.430827 20749 net.cpp:366] Copying source layer fc6
I0828 19:14:23.551213 20749 net.cpp:366] Copying source layer relu6
I0828 19:14:23.551241 20749 net.cpp:366] Copying source layer drop6
I0828 19:14:23.551247 20749 net.cpp:363] Ignoring source layer fc7
I0828 19:14:23.551251 20749 net.cpp:366] Copying source layer relu7
I0828 19:14:23.551255 20749 net.cpp:366] Copying source layer drop7
I0828 19:14:23.551259 20749 net.cpp:363] Ignoring source layer fc8
I0828 19:14:23.551264 20749 net.cpp:366] Copying source layer loss
I0828 19:14:23.567450 20749 solver.cpp:62] Solving ClampFineNet
I0828 19:14:23.567491 20749 solver.cpp:136] Iteration 0, Testing net
I0828 19:14:25.344720 20749 solver.cpp:172] Test score #0: 0.553377
I0828 19:14:25.344789 20749 solver.cpp:172] Test score #1: 0.798327
I0828 19:14:25.854090 20749 solver.cpp:269] Iteration 1, lr = 0.0001
I0828 19:14:25.956959 20749 solver.cpp:117] Iteration 1, loss = 1.04496
I0828 19:14:26.641523 20749 solver.cpp:269] Iteration 2, lr = 0.0001
I0828 19:14:26.743216 20749 solver.cpp:117] Iteration 2, loss = 0.646893
I0828 19:14:27.427618 20749 solver.cpp:269] Iteration 3, lr = 0.0001
I0828 19:14:27.529616 20749 solver.cpp:117] Iteration 3, loss = 0.676985
I0828 19:14:28.212887 20749 solver.cpp:269] Iteration 4, lr = 0.0001
I0828 19:14:28.314576 20749 solver.cpp:117] Iteration 4, loss = 0.448647
I0828 19:14:28.998944 20749 solver.cpp:269] Iteration 5, lr = 0.0001
I0828 19:14:29.101078 20749 solver.cpp:117] Iteration 5, loss = 0.432771
I0828 19:14:29.784754 20749 solver.cpp:269] Iteration 6, lr = 0.0001
I0828 19:14:29.886577 20749 solver.cpp:117] Iteration 6, loss = 0.438253
I0828 19:14:30.570411 20749 solver.cpp:269] Iteration 7, lr = 0.0001
I0828 19:14:30.672425 20749 solver.cpp:117] Iteration 7, loss = 0.449313
I0828 19:14:31.356289 20749 solver.cpp:269] Iteration 8, lr = 0.0001
I0828 19:14:31.458068 20749 solver.cpp:117] Iteration 8, loss = 0.494216
I0828 19:14:32.142303 20749 solver.cpp:269] Iteration 9, lr = 0.0001
I0828 19:14:32.243887 20749 solver.cpp:117] Iteration 9, loss = 0.344293
I0828 19:14:32.927943 20749 solver.cpp:269] Iteration 10, lr = 0.0001
I0828 19:14:33.029739 20749 solver.cpp:117] Iteration 10, loss = 0.336
I0828 19:14:33.713027 20749 solver.cpp:269] Iteration 11, lr = 0.0001
I0828 19:14:33.814904 20749 solver.cpp:117] Iteration 11, loss = 0.406795
I0828 19:14:34.499373 20749 solver.cpp:269] Iteration 12, lr = 0.0001
I0828 19:14:34.601227 20749 solver.cpp:117] Iteration 12, loss = 0.357643
I0828 19:14:35.285189 20749 solver.cpp:269] Iteration 13, lr = 0.0001
I0828 19:14:35.387220 20749 solver.cpp:117] Iteration 13, loss = 0.327434
I0828 19:14:36.070950 20749 solver.cpp:269] Iteration 14, lr = 0.0001
I0828 19:14:36.172811 20749 solver.cpp:117] Iteration 14, loss = 0.382248
I0828 19:14:36.856755 20749 solver.cpp:269] Iteration 15, lr = 0.0001
I0828 19:14:36.958350 20749 solver.cpp:117] Iteration 15, loss = 0.269992
I0828 19:14:37.641780 20749 solver.cpp:269] Iteration 16, lr = 0.0001
I0828 19:14:37.743774 20749 solver.cpp:117] Iteration 16, loss = 0.312631
I0828 19:14:38.428015 20749 solver.cpp:269] Iteration 17, lr = 0.0001
I0828 19:14:38.529739 20749 solver.cpp:117] Iteration 17, loss = 0.480592
I0828 19:14:39.214373 20749 solver.cpp:269] Iteration 18, lr = 0.0001
I0828 19:14:39.316128 20749 solver.cpp:117] Iteration 18, loss = 0.302105
I0828 19:14:40.000535 20749 solver.cpp:269] Iteration 19, lr = 0.0001
I0828 19:14:40.102216 20749 solver.cpp:117] Iteration 19, loss = 0.193457
I0828 19:14:40.785967 20749 solver.cpp:269] Iteration 20, lr = 0.0001
I0828 19:14:40.887874 20749 solver.cpp:117] Iteration 20, loss = 0.351976
I0828 19:14:41.570888 20749 solver.cpp:269] Iteration 21, lr = 0.0001
I0828 19:14:41.672489 20749 solver.cpp:117] Iteration 21, loss = 0.391881
I0828 19:14:42.356406 20749 solver.cpp:269] Iteration 22, lr = 0.0001
I0828 19:14:42.458209 20749 solver.cpp:117] Iteration 22, loss = 0.252816
I0828 19:14:43.142071 20749 solver.cpp:269] Iteration 23, lr = 0.0001
I0828 19:14:43.243990 20749 solver.cpp:117] Iteration 23, loss = 0.504668
I0828 19:14:43.927507 20749 solver.cpp:269] Iteration 24, lr = 0.0001
I0828 19:14:44.029255 20749 solver.cpp:117] Iteration 24, loss = 0.175757
I0828 19:14:44.711768 20749 solver.cpp:269] Iteration 25, lr = 0.0001
I0828 19:14:44.813657 20749 solver.cpp:117] Iteration 25, loss = 0.366374
I0828 19:14:45.497061 20749 solver.cpp:269] Iteration 26, lr = 0.0001
I0828 19:14:45.599120 20749 solver.cpp:117] Iteration 26, loss = 0.283811
I0828 19:14:46.282920 20749 solver.cpp:269] Iteration 27, lr = 0.0001
I0828 19:14:46.384948 20749 solver.cpp:117] Iteration 27, loss = 0.353825
I0828 19:14:47.068413 20749 solver.cpp:269] Iteration 28, lr = 0.0001
I0828 19:14:47.170260 20749 solver.cpp:117] Iteration 28, loss = 0.331876
I0828 19:14:47.853126 20749 solver.cpp:269] Iteration 29, lr = 0.0001
I0828 19:14:47.954818 20749 solver.cpp:117] Iteration 29, loss = 0.263617
I0828 19:14:48.638697 20749 solver.cpp:269] Iteration 30, lr = 0.0001
I0828 19:14:48.740324 20749 solver.cpp:117] Iteration 30, loss = 0.122447
I0828 19:14:49.424047 20749 solver.cpp:269] Iteration 31, lr = 0.0001
I0828 19:14:49.525720 20749 solver.cpp:117] Iteration 31, loss = 0.271023
I0828 19:14:50.209849 20749 solver.cpp:269] Iteration 32, lr = 0.0001
I0828 19:14:50.311715 20749 solver.cpp:117] Iteration 32, loss = 0.284667
I0828 19:14:50.995949 20749 solver.cpp:269] Iteration 33, lr = 0.0001
I0828 19:14:51.097802 20749 solver.cpp:117] Iteration 33, loss = 0.232104
I0828 19:14:51.780313 20749 solver.cpp:269] Iteration 34, lr = 0.0001
I0828 19:14:51.881980 20749 solver.cpp:117] Iteration 34, loss = 0.388152
I0828 19:14:52.565547 20749 solver.cpp:269] Iteration 35, lr = 0.0001
I0828 19:14:52.667361 20749 solver.cpp:117] Iteration 35, loss = 0.280096
I0828 19:14:53.350548 20749 solver.cpp:269] Iteration 36, lr = 0.0001
I0828 19:14:53.452316 20749 solver.cpp:117] Iteration 36, loss = 0.290434
I0828 19:14:54.135587 20749 solver.cpp:269] Iteration 37, lr = 0.0001
I0828 19:14:54.237273 20749 solver.cpp:117] Iteration 37, loss = 0.315279
I0828 19:14:54.920037 20749 solver.cpp:269] Iteration 38, lr = 0.0001
I0828 19:14:55.021847 20749 solver.cpp:117] Iteration 38, loss = 0.334318
