nohup: ignoring input
I0811 16:21:40.763149 22730 finetune_net.cpp:25] Starting Optimization
I0811 16:21:40.763309 22730 solver.cpp:41] Creating training net.
I0811 16:21:40.764354 22730 net.cpp:75] Creating Layer data
I0811 16:21:40.764374 22730 net.cpp:111] data -> data
I0811 16:21:40.764394 22730 net.cpp:111] data -> label
I0811 16:21:40.764432 22730 data_layer.cpp:145] Opening leveldb thresh_fine_train_leveldb
I0811 16:21:40.858645 22730 data_layer.cpp:185] output data size: 128,3,227,227
I0811 16:21:40.858676 22730 data_layer.cpp:204] Loading mean file from../../data/thresh/thresh_fine_mean.binaryproto
I0811 16:21:41.211802 22730 net.cpp:126] Top shape: 128 3 227 227 (19787136)
I0811 16:21:41.211863 22730 net.cpp:126] Top shape: 128 1 1 1 (128)
I0811 16:21:41.211874 22730 net.cpp:157] data does not need backward computation.
I0811 16:21:41.211894 22730 net.cpp:75] Creating Layer conv1
I0811 16:21:41.211905 22730 net.cpp:85] conv1 <- data
I0811 16:21:41.211926 22730 net.cpp:111] conv1 -> conv1
I0811 16:21:41.214191 22730 net.cpp:126] Top shape: 128 96 55 55 (37171200)
I0811 16:21:41.214221 22730 net.cpp:157] conv1 does not need backward computation.
I0811 16:21:41.214236 22730 net.cpp:75] Creating Layer relu1
I0811 16:21:41.214244 22730 net.cpp:85] relu1 <- conv1
I0811 16:21:41.214257 22730 net.cpp:99] relu1 -> conv1 (in-place)
I0811 16:21:41.214268 22730 net.cpp:126] Top shape: 128 96 55 55 (37171200)
I0811 16:21:41.214277 22730 net.cpp:157] relu1 does not need backward computation.
I0811 16:21:41.214287 22730 net.cpp:75] Creating Layer pool1
I0811 16:21:41.214295 22730 net.cpp:85] pool1 <- conv1
I0811 16:21:41.214304 22730 net.cpp:111] pool1 -> pool1
I0811 16:21:41.214329 22730 net.cpp:126] Top shape: 128 96 27 27 (8957952)
I0811 16:21:41.214339 22730 net.cpp:157] pool1 does not need backward computation.
I0811 16:21:41.214351 22730 net.cpp:75] Creating Layer norm1
I0811 16:21:41.214359 22730 net.cpp:85] norm1 <- pool1
I0811 16:21:41.214367 22730 net.cpp:111] norm1 -> norm1
I0811 16:21:41.214382 22730 net.cpp:126] Top shape: 128 96 27 27 (8957952)
I0811 16:21:41.214391 22730 net.cpp:157] norm1 does not need backward computation.
I0811 16:21:41.214402 22730 net.cpp:75] Creating Layer conv2
I0811 16:21:41.214411 22730 net.cpp:85] conv2 <- norm1
I0811 16:21:41.214418 22730 net.cpp:111] conv2 -> conv2
I0811 16:21:41.232638 22730 net.cpp:126] Top shape: 128 256 27 27 (23887872)
I0811 16:21:41.232725 22730 net.cpp:157] conv2 does not need backward computation.
I0811 16:21:41.232758 22730 net.cpp:75] Creating Layer relu2
I0811 16:21:41.232790 22730 net.cpp:85] relu2 <- conv2
I0811 16:21:41.232826 22730 net.cpp:99] relu2 -> conv2 (in-place)
I0811 16:21:41.232862 22730 net.cpp:126] Top shape: 128 256 27 27 (23887872)
I0811 16:21:41.232893 22730 net.cpp:157] relu2 does not need backward computation.
I0811 16:21:41.232928 22730 net.cpp:75] Creating Layer pool2
I0811 16:21:41.232959 22730 net.cpp:85] pool2 <- conv2
I0811 16:21:41.232991 22730 net.cpp:111] pool2 -> pool2
I0811 16:21:41.233026 22730 net.cpp:126] Top shape: 128 256 13 13 (5537792)
I0811 16:21:41.233059 22730 net.cpp:157] pool2 does not need backward computation.
I0811 16:21:41.233095 22730 net.cpp:75] Creating Layer norm2
I0811 16:21:41.233127 22730 net.cpp:85] norm2 <- pool2
I0811 16:21:41.233160 22730 net.cpp:111] norm2 -> norm2
I0811 16:21:41.233196 22730 net.cpp:126] Top shape: 128 256 13 13 (5537792)
I0811 16:21:41.233225 22730 net.cpp:157] norm2 does not need backward computation.
I0811 16:21:41.233258 22730 net.cpp:75] Creating Layer conv3
I0811 16:21:41.233291 22730 net.cpp:85] conv3 <- norm2
I0811 16:21:41.233322 22730 net.cpp:111] conv3 -> conv3
I0811 16:21:41.283921 22730 net.cpp:126] Top shape: 128 384 13 13 (8306688)
I0811 16:21:41.283949 22730 net.cpp:157] conv3 does not need backward computation.
I0811 16:21:41.283958 22730 net.cpp:75] Creating Layer relu3
I0811 16:21:41.283964 22730 net.cpp:85] relu3 <- conv3
I0811 16:21:41.283972 22730 net.cpp:99] relu3 -> conv3 (in-place)
I0811 16:21:41.283977 22730 net.cpp:126] Top shape: 128 384 13 13 (8306688)
I0811 16:21:41.283982 22730 net.cpp:157] relu3 does not need backward computation.
I0811 16:21:41.283988 22730 net.cpp:75] Creating Layer conv4
I0811 16:21:41.283993 22730 net.cpp:85] conv4 <- conv3
I0811 16:21:41.283998 22730 net.cpp:111] conv4 -> conv4
I0811 16:21:41.311417 22730 net.cpp:126] Top shape: 128 384 13 13 (8306688)
I0811 16:21:41.311444 22730 net.cpp:157] conv4 does not need backward computation.
I0811 16:21:41.311457 22730 net.cpp:75] Creating Layer relu4
I0811 16:21:41.311466 22730 net.cpp:85] relu4 <- conv4
I0811 16:21:41.311478 22730 net.cpp:99] relu4 -> conv4 (in-place)
I0811 16:21:41.311487 22730 net.cpp:126] Top shape: 128 384 13 13 (8306688)
I0811 16:21:41.311496 22730 net.cpp:157] relu4 does not need backward computation.
I0811 16:21:41.311535 22730 net.cpp:75] Creating Layer conv5
I0811 16:21:41.311547 22730 net.cpp:85] conv5 <- conv4
I0811 16:21:41.311558 22730 net.cpp:111] conv5 -> conv5
I0811 16:21:41.329757 22730 net.cpp:126] Top shape: 128 256 13 13 (5537792)
I0811 16:21:41.329782 22730 net.cpp:157] conv5 does not need backward computation.
I0811 16:21:41.329795 22730 net.cpp:75] Creating Layer relu5
I0811 16:21:41.329805 22730 net.cpp:85] relu5 <- conv5
I0811 16:21:41.329816 22730 net.cpp:99] relu5 -> conv5 (in-place)
I0811 16:21:41.329825 22730 net.cpp:126] Top shape: 128 256 13 13 (5537792)
I0811 16:21:41.329833 22730 net.cpp:157] relu5 does not need backward computation.
I0811 16:21:41.329843 22730 net.cpp:75] Creating Layer pool5
I0811 16:21:41.329851 22730 net.cpp:85] pool5 <- conv5
I0811 16:21:41.329860 22730 net.cpp:111] pool5 -> pool5
I0811 16:21:41.329871 22730 net.cpp:126] Top shape: 128 256 6 6 (1179648)
I0811 16:21:41.329879 22730 net.cpp:157] pool5 does not need backward computation.
I0811 16:21:41.329895 22730 net.cpp:75] Creating Layer fc6
I0811 16:21:41.329903 22730 net.cpp:85] fc6 <- pool5
I0811 16:21:41.329912 22730 net.cpp:111] fc6 -> fc6
I0811 16:21:43.152709 22730 net.cpp:126] Top shape: 128 4096 1 1 (524288)
I0811 16:21:43.152741 22730 net.cpp:152] fc6 needs backward computation.
I0811 16:21:43.152755 22730 net.cpp:75] Creating Layer relu6
I0811 16:21:43.152765 22730 net.cpp:85] relu6 <- fc6
I0811 16:21:43.152776 22730 net.cpp:99] relu6 -> fc6 (in-place)
I0811 16:21:43.152786 22730 net.cpp:126] Top shape: 128 4096 1 1 (524288)
I0811 16:21:43.152794 22730 net.cpp:152] relu6 needs backward computation.
I0811 16:21:43.152835 22730 net.cpp:75] Creating Layer drop6
I0811 16:21:43.152865 22730 net.cpp:85] drop6 <- fc6
I0811 16:21:43.152879 22730 net.cpp:99] drop6 -> fc6 (in-place)
I0811 16:21:43.152894 22730 net.cpp:126] Top shape: 128 4096 1 1 (524288)
I0811 16:21:43.152905 22730 net.cpp:152] drop6 needs backward computation.
I0811 16:21:43.152917 22730 net.cpp:75] Creating Layer fc7
I0811 16:21:43.152928 22730 net.cpp:85] fc7 <- fc6
I0811 16:21:43.152940 22730 net.cpp:111] fc7 -> fc7
I0811 16:21:43.840128 22730 net.cpp:126] Top shape: 128 4096 1 1 (524288)
I0811 16:21:43.840159 22730 net.cpp:152] fc7 needs backward computation.
I0811 16:21:43.840172 22730 net.cpp:75] Creating Layer relu7
I0811 16:21:43.840180 22730 net.cpp:85] relu7 <- fc7
I0811 16:21:43.840191 22730 net.cpp:99] relu7 -> fc7 (in-place)
I0811 16:21:43.840201 22730 net.cpp:126] Top shape: 128 4096 1 1 (524288)
I0811 16:21:43.840209 22730 net.cpp:152] relu7 needs backward computation.
I0811 16:21:43.840219 22730 net.cpp:75] Creating Layer drop7
I0811 16:21:43.840255 22730 net.cpp:85] drop7 <- fc7
I0811 16:21:43.840286 22730 net.cpp:99] drop7 -> fc7 (in-place)
I0811 16:21:43.840323 22730 net.cpp:126] Top shape: 128 4096 1 1 (524288)
I0811 16:21:43.840353 22730 net.cpp:152] drop7 needs backward computation.
I0811 16:21:43.840385 22730 net.cpp:75] Creating Layer fc8_clamp
I0811 16:21:43.840417 22730 net.cpp:85] fc8_clamp <- fc7
I0811 16:21:43.840476 22730 net.cpp:111] fc8_clamp -> fc8_aero
I0811 16:21:43.840870 22730 net.cpp:126] Top shape: 128 2 1 1 (256)
I0811 16:21:43.840884 22730 net.cpp:152] fc8_clamp needs backward computation.
I0811 16:21:43.840899 22730 net.cpp:75] Creating Layer threshold
I0811 16:21:43.840934 22730 net.cpp:85] threshold <- fc8_aero
I0811 16:21:43.840994 22730 net.cpp:85] threshold <- label
I0811 16:21:43.841009 22730 net.cpp:111] threshold -> fc8_aero_thresh
I0811 16:21:43.841022 22730 net.cpp:99] threshold -> label (in-place)
I0811 16:21:43.841068 22730 net.cpp:126] Top shape: 128 2 1 1 (256)
I0811 16:21:43.841145 22730 net.cpp:126] Top shape: 128 1 1 1 (128)
I0811 16:21:43.841191 22730 net.cpp:152] threshold needs backward computation.
I0811 16:21:43.841236 22730 net.cpp:75] Creating Layer loss
I0811 16:21:43.841280 22730 net.cpp:85] loss <- fc8_aero_thresh
I0811 16:21:43.841320 22730 net.cpp:85] loss <- label
I0811 16:21:43.841390 22730 net.cpp:152] loss needs backward computation.
I0811 16:21:43.841450 22730 net.cpp:181] Collecting Learning Rate and Weight Decay.
I0811 16:21:43.841476 22730 net.cpp:174] Network initialization done.
I0811 16:21:43.841536 22730 net.cpp:175] Memory required for Data 536869888
I0811 16:21:43.841647 22730 solver.cpp:44] Creating testing net.
I0811 16:21:43.842370 22730 net.cpp:75] Creating Layer data
I0811 16:21:43.842383 22730 net.cpp:111] data -> data
I0811 16:21:43.842396 22730 net.cpp:111] data -> label
I0811 16:21:43.842408 22730 data_layer.cpp:145] Opening leveldb thresh_fine_val_leveldb
I0811 16:21:43.900372 22730 data_layer.cpp:185] output data size: 512,3,227,227
I0811 16:21:43.900442 22730 data_layer.cpp:204] Loading mean file from../../data/thresh/thresh_fine_mean.binaryproto
I0811 16:21:44.074342 22730 net.cpp:126] Top shape: 512 3 227 227 (79148544)
I0811 16:21:44.074374 22730 net.cpp:126] Top shape: 512 1 1 1 (512)
I0811 16:21:44.074385 22730 net.cpp:157] data does not need backward computation.
I0811 16:21:44.074403 22730 net.cpp:75] Creating Layer conv1
I0811 16:21:44.074412 22730 net.cpp:85] conv1 <- data
I0811 16:21:44.074424 22730 net.cpp:111] conv1 -> conv1
I0811 16:21:44.075937 22730 net.cpp:126] Top shape: 512 96 55 55 (148684800)
I0811 16:21:44.075955 22730 net.cpp:152] conv1 needs backward computation.
I0811 16:21:44.075968 22730 net.cpp:75] Creating Layer relu1
I0811 16:21:44.075978 22730 net.cpp:85] relu1 <- conv1
I0811 16:21:44.075988 22730 net.cpp:99] relu1 -> conv1 (in-place)
I0811 16:21:44.075997 22730 net.cpp:126] Top shape: 512 96 55 55 (148684800)
I0811 16:21:44.076005 22730 net.cpp:152] relu1 needs backward computation.
I0811 16:21:44.076016 22730 net.cpp:75] Creating Layer pool1
I0811 16:21:44.076025 22730 net.cpp:85] pool1 <- conv1
I0811 16:21:44.076035 22730 net.cpp:111] pool1 -> pool1
I0811 16:21:44.076047 22730 net.cpp:126] Top shape: 512 96 27 27 (35831808)
I0811 16:21:44.076064 22730 net.cpp:152] pool1 needs backward computation.
I0811 16:21:44.076078 22730 net.cpp:75] Creating Layer norm1
I0811 16:21:44.076088 22730 net.cpp:85] norm1 <- pool1
I0811 16:21:44.076097 22730 net.cpp:111] norm1 -> norm1
I0811 16:21:44.076117 22730 net.cpp:126] Top shape: 512 96 27 27 (35831808)
I0811 16:21:44.076128 22730 net.cpp:152] norm1 needs backward computation.
I0811 16:21:44.076140 22730 net.cpp:75] Creating Layer conv2
I0811 16:21:44.076149 22730 net.cpp:85] conv2 <- norm1
I0811 16:21:44.076167 22730 net.cpp:111] conv2 -> conv2
I0811 16:21:44.089473 22730 net.cpp:126] Top shape: 512 256 27 27 (95551488)
I0811 16:21:44.089503 22730 net.cpp:152] conv2 needs backward computation.
I0811 16:21:44.089517 22730 net.cpp:75] Creating Layer relu2
I0811 16:21:44.089526 22730 net.cpp:85] relu2 <- conv2
I0811 16:21:44.089537 22730 net.cpp:99] relu2 -> conv2 (in-place)
I0811 16:21:44.089546 22730 net.cpp:126] Top shape: 512 256 27 27 (95551488)
I0811 16:21:44.089555 22730 net.cpp:152] relu2 needs backward computation.
I0811 16:21:44.089563 22730 net.cpp:75] Creating Layer pool2
I0811 16:21:44.089570 22730 net.cpp:85] pool2 <- conv2
I0811 16:21:44.089578 22730 net.cpp:111] pool2 -> pool2
I0811 16:21:44.089589 22730 net.cpp:126] Top shape: 512 256 13 13 (22151168)
I0811 16:21:44.089596 22730 net.cpp:152] pool2 needs backward computation.
I0811 16:21:44.089611 22730 net.cpp:75] Creating Layer norm2
I0811 16:21:44.089619 22730 net.cpp:85] norm2 <- pool2
I0811 16:21:44.089629 22730 net.cpp:111] norm2 -> norm2
I0811 16:21:44.089642 22730 net.cpp:126] Top shape: 512 256 13 13 (22151168)
I0811 16:21:44.089650 22730 net.cpp:152] norm2 needs backward computation.
I0811 16:21:44.089679 22730 net.cpp:75] Creating Layer conv3
I0811 16:21:44.089687 22730 net.cpp:85] conv3 <- norm2
I0811 16:21:44.089695 22730 net.cpp:111] conv3 -> conv3
I0811 16:21:44.127593 22730 net.cpp:126] Top shape: 512 384 13 13 (33226752)
I0811 16:21:44.127621 22730 net.cpp:152] conv3 needs backward computation.
I0811 16:21:44.127635 22730 net.cpp:75] Creating Layer relu3
I0811 16:21:44.127645 22730 net.cpp:85] relu3 <- conv3
I0811 16:21:44.127655 22730 net.cpp:99] relu3 -> conv3 (in-place)
I0811 16:21:44.127665 22730 net.cpp:126] Top shape: 512 384 13 13 (33226752)
I0811 16:21:44.127672 22730 net.cpp:152] relu3 needs backward computation.
I0811 16:21:44.127682 22730 net.cpp:75] Creating Layer conv4
I0811 16:21:44.127689 22730 net.cpp:85] conv4 <- conv3
I0811 16:21:44.127698 22730 net.cpp:111] conv4 -> conv4
I0811 16:21:44.157155 22730 net.cpp:126] Top shape: 512 384 13 13 (33226752)
I0811 16:21:44.157183 22730 net.cpp:152] conv4 needs backward computation.
I0811 16:21:44.157196 22730 net.cpp:75] Creating Layer relu4
I0811 16:21:44.157207 22730 net.cpp:85] relu4 <- conv4
I0811 16:21:44.157217 22730 net.cpp:99] relu4 -> conv4 (in-place)
I0811 16:21:44.157227 22730 net.cpp:126] Top shape: 512 384 13 13 (33226752)
I0811 16:21:44.157235 22730 net.cpp:152] relu4 needs backward computation.
I0811 16:21:44.157245 22730 net.cpp:75] Creating Layer conv5
I0811 16:21:44.157253 22730 net.cpp:85] conv5 <- conv4
I0811 16:21:44.157263 22730 net.cpp:111] conv5 -> conv5
I0811 16:21:44.176501 22730 net.cpp:126] Top shape: 512 256 13 13 (22151168)
I0811 16:21:44.176528 22730 net.cpp:152] conv5 needs backward computation.
I0811 16:21:44.176542 22730 net.cpp:75] Creating Layer relu5
I0811 16:21:44.176551 22730 net.cpp:85] relu5 <- conv5
I0811 16:21:44.176563 22730 net.cpp:99] relu5 -> conv5 (in-place)
I0811 16:21:44.176571 22730 net.cpp:126] Top shape: 512 256 13 13 (22151168)
I0811 16:21:44.176579 22730 net.cpp:152] relu5 needs backward computation.
I0811 16:21:44.176589 22730 net.cpp:75] Creating Layer pool5
I0811 16:21:44.176595 22730 net.cpp:85] pool5 <- conv5
I0811 16:21:44.176604 22730 net.cpp:111] pool5 -> pool5
I0811 16:21:44.176616 22730 net.cpp:126] Top shape: 512 256 6 6 (4718592)
I0811 16:21:44.176623 22730 net.cpp:152] pool5 needs backward computation.
I0811 16:21:44.176637 22730 net.cpp:75] Creating Layer fc6
I0811 16:21:44.176646 22730 net.cpp:85] fc6 <- pool5
I0811 16:21:44.176656 22730 net.cpp:111] fc6 -> fc6
I0811 16:21:45.771023 22730 net.cpp:126] Top shape: 512 4096 1 1 (2097152)
I0811 16:21:45.771131 22730 net.cpp:152] fc6 needs backward computation.
I0811 16:21:45.771169 22730 net.cpp:75] Creating Layer relu6
I0811 16:21:45.771224 22730 net.cpp:85] relu6 <- fc6
I0811 16:21:45.771272 22730 net.cpp:99] relu6 -> fc6 (in-place)
I0811 16:21:45.771314 22730 net.cpp:126] Top shape: 512 4096 1 1 (2097152)
I0811 16:21:45.771361 22730 net.cpp:152] relu6 needs backward computation.
I0811 16:21:45.771409 22730 net.cpp:75] Creating Layer drop6
I0811 16:21:45.771455 22730 net.cpp:85] drop6 <- fc6
I0811 16:21:45.771502 22730 net.cpp:99] drop6 -> fc6 (in-place)
I0811 16:21:45.771549 22730 net.cpp:126] Top shape: 512 4096 1 1 (2097152)
I0811 16:21:45.771596 22730 net.cpp:152] drop6 needs backward computation.
I0811 16:21:45.771636 22730 net.cpp:75] Creating Layer fc7
I0811 16:21:45.771672 22730 net.cpp:85] fc7 <- fc6
I0811 16:21:45.771711 22730 net.cpp:111] fc7 -> fc7
I0811 16:21:46.480639 22730 net.cpp:126] Top shape: 512 4096 1 1 (2097152)
I0811 16:21:46.480680 22730 net.cpp:152] fc7 needs backward computation.
I0811 16:21:46.480693 22730 net.cpp:75] Creating Layer relu7
I0811 16:21:46.480703 22730 net.cpp:85] relu7 <- fc7
I0811 16:21:46.480715 22730 net.cpp:99] relu7 -> fc7 (in-place)
I0811 16:21:46.480725 22730 net.cpp:126] Top shape: 512 4096 1 1 (2097152)
I0811 16:21:46.480732 22730 net.cpp:152] relu7 needs backward computation.
I0811 16:21:46.480743 22730 net.cpp:75] Creating Layer drop7
I0811 16:21:46.480751 22730 net.cpp:85] drop7 <- fc7
I0811 16:21:46.480758 22730 net.cpp:99] drop7 -> fc7 (in-place)
I0811 16:21:46.480768 22730 net.cpp:126] Top shape: 512 4096 1 1 (2097152)
I0811 16:21:46.480849 22730 net.cpp:152] drop7 needs backward computation.
I0811 16:21:46.480885 22730 net.cpp:75] Creating Layer fc8_clamp
I0811 16:21:46.480923 22730 net.cpp:85] fc8_clamp <- fc7
I0811 16:21:46.480954 22730 net.cpp:111] fc8_clamp -> fc8_aero
I0811 16:21:46.481350 22730 net.cpp:126] Top shape: 512 2 1 1 (1024)
I0811 16:21:46.481364 22730 net.cpp:152] fc8_clamp needs backward computation.
I0811 16:21:46.481376 22730 net.cpp:75] Creating Layer threshold
I0811 16:21:46.481385 22730 net.cpp:85] threshold <- fc8_aero
I0811 16:21:46.481420 22730 net.cpp:85] threshold <- label
I0811 16:21:46.481457 22730 net.cpp:111] threshold -> fc8_aero_thresh
I0811 16:21:46.481549 22730 net.cpp:99] threshold -> label (in-place)
I0811 16:21:46.481570 22730 net.cpp:126] Top shape: 512 2 1 1 (1024)
I0811 16:21:46.481614 22730 net.cpp:126] Top shape: 512 1 1 1 (512)
I0811 16:21:46.481652 22730 net.cpp:152] threshold needs backward computation.
I0811 16:21:46.481701 22730 net.cpp:75] Creating Layer prob
I0811 16:21:46.481739 22730 net.cpp:85] prob <- fc8_aero_thresh
I0811 16:21:46.481786 22730 net.cpp:111] prob -> prob
I0811 16:21:46.481835 22730 net.cpp:126] Top shape: 512 2 1 1 (1024)
I0811 16:21:46.481895 22730 net.cpp:152] prob needs backward computation.
I0811 16:21:46.481952 22730 net.cpp:75] Creating Layer accuracy
I0811 16:21:46.481992 22730 net.cpp:85] accuracy <- prob
I0811 16:21:46.482030 22730 net.cpp:85] accuracy <- label
I0811 16:21:46.482077 22730 net.cpp:111] accuracy -> accuracy
I0811 16:21:46.482118 22730 net.cpp:126] Top shape: 1 2 1 1 (2)
I0811 16:21:46.482161 22730 net.cpp:152] accuracy needs backward computation.
I0811 16:21:46.482169 22730 net.cpp:163] This network produces output accuracy
I0811 16:21:46.482254 22730 net.cpp:181] Collecting Learning Rate and Weight Decay.
I0811 16:21:46.482295 22730 net.cpp:174] Network initialization done.
I0811 16:21:46.482337 22730 net.cpp:175] Memory required for Data 2147483656
I0811 16:21:46.482462 22730 solver.cpp:49] Solver scaffolding done.
I0811 16:21:46.482476 22730 finetune_net.cpp:27] Loading from ../alexnet/caffe_alexnet_model
I0811 16:21:47.187058 22730 net.cpp:319] Copying source layer data
I0811 16:21:47.187086 22730 net.cpp:319] Copying source layer conv1
I0811 16:21:47.187175 22730 net.cpp:319] Copying source layer relu1
I0811 16:21:47.187217 22730 net.cpp:319] Copying source layer norm1
I0811 16:21:47.187249 22730 net.cpp:319] Copying source layer pool1
I0811 16:21:47.187283 22730 net.cpp:319] Copying source layer conv2
I0811 16:21:47.187916 22730 net.cpp:319] Copying source layer relu2
I0811 16:21:47.187930 22730 net.cpp:319] Copying source layer norm2
I0811 16:21:47.187938 22730 net.cpp:319] Copying source layer pool2
I0811 16:21:47.187945 22730 net.cpp:319] Copying source layer conv3
I0811 16:21:47.189530 22730 net.cpp:319] Copying source layer relu3
I0811 16:21:47.189554 22730 net.cpp:319] Copying source layer conv4
I0811 16:21:47.190801 22730 net.cpp:319] Copying source layer relu4
I0811 16:21:47.190819 22730 net.cpp:319] Copying source layer conv5
I0811 16:21:47.191663 22730 net.cpp:319] Copying source layer relu5
I0811 16:21:47.191678 22730 net.cpp:319] Copying source layer pool5
I0811 16:21:47.191685 22730 net.cpp:319] Copying source layer fc6
I0811 16:21:47.322707 22730 net.cpp:319] Copying source layer relu6
I0811 16:21:47.322741 22730 net.cpp:319] Copying source layer drop6
I0811 16:21:47.322748 22730 net.cpp:319] Copying source layer fc7
I0811 16:21:47.380442 22730 net.cpp:319] Copying source layer relu7
I0811 16:21:47.380475 22730 net.cpp:319] Copying source layer drop7
I0811 16:21:47.380482 22730 net.cpp:316] Ignoring source layer fc8
I0811 16:21:47.380491 22730 net.cpp:319] Copying source layer loss
I0811 16:21:47.395259 22730 solver.cpp:61] Solving threshFineNet
I0811 16:21:47.395313 22730 solver.cpp:106] Iteration 0, Testing net
I0811 16:21:48.376505 22730 solver.cpp:142] Test score #0: 0.510338
I0811 16:21:48.376569 22730 solver.cpp:142] Test score #1: 0.776256
I0811 16:21:48.608908 22730 solver.cpp:237] Iteration 1, lr = 0.0001
I0811 16:21:48.611265 22730 solver.cpp:87] Iteration 1, loss = 0.865088
I0811 16:21:48.611287 22730 solver.cpp:106] Iteration 1, Testing net
I0811 16:21:49.492311 22730 solver.cpp:142] Test score #0: 0.551505
I0811 16:21:49.492434 22730 solver.cpp:142] Test score #1: 0.74785
I0811 16:21:49.714539 22730 solver.cpp:237] Iteration 2, lr = 0.0001
I0811 16:21:49.715365 22730 solver.cpp:87] Iteration 2, loss = 0.833157
I0811 16:21:49.715458 22730 solver.cpp:106] Iteration 2, Testing net
I0811 16:21:50.604748 22730 solver.cpp:142] Test score #0: 0.497814
I0811 16:21:50.604794 22730 solver.cpp:142] Test score #1: 0.726447
I0811 16:21:50.825110 22730 solver.cpp:237] Iteration 3, lr = 0.0001
I0811 16:21:50.825981 22730 solver.cpp:87] Iteration 3, loss = 0.73613
I0811 16:21:50.826037 22730 solver.cpp:106] Iteration 3, Testing net
I0811 16:21:51.714161 22730 solver.cpp:142] Test score #0: 0.549176
I0811 16:21:51.714206 22730 solver.cpp:142] Test score #1: 0.673728
I0811 16:21:51.934535 22730 solver.cpp:237] Iteration 4, lr = 0.0001
I0811 16:21:51.935078 22730 solver.cpp:87] Iteration 4, loss = 0.753731
I0811 16:21:51.935099 22730 solver.cpp:106] Iteration 4, Testing net
I0811 16:21:52.821005 22730 solver.cpp:142] Test score #0: 0.547991
I0811 16:21:52.821048 22730 solver.cpp:142] Test score #1: 0.636315
I0811 16:21:53.040982 22730 solver.cpp:237] Iteration 5, lr = 0.0001
I0811 16:21:53.041494 22730 solver.cpp:87] Iteration 5, loss = 0.684595
I0811 16:21:53.041514 22730 solver.cpp:106] Iteration 5, Testing net
I0811 16:21:53.924919 22730 solver.cpp:142] Test score #0: 0.540569
I0811 16:21:53.925040 22730 solver.cpp:142] Test score #1: 0.582746
I0811 16:21:54.147971 22730 solver.cpp:237] Iteration 6, lr = 0.0001
I0811 16:21:54.148476 22730 solver.cpp:87] Iteration 6, loss = 0.6335
I0811 16:21:54.148496 22730 solver.cpp:106] Iteration 6, Testing net
I0811 16:21:55.036125 22730 solver.cpp:142] Test score #0: 0.58259
I0811 16:21:55.036169 22730 solver.cpp:142] Test score #1: 0.545095
I0811 16:21:55.255573 22730 solver.cpp:237] Iteration 7, lr = 0.0001
I0811 16:21:55.256104 22730 solver.cpp:87] Iteration 7, loss = 0.559557
I0811 16:21:55.256124 22730 solver.cpp:106] Iteration 7, Testing net
I0811 16:21:56.140983 22730 solver.cpp:142] Test score #0: 0.538328
I0811 16:21:56.141028 22730 solver.cpp:142] Test score #1: 0.49137
I0811 16:21:56.360334 22730 solver.cpp:237] Iteration 8, lr = 0.0001
I0811 16:21:56.360841 22730 solver.cpp:87] Iteration 8, loss = 0.565254
I0811 16:21:56.360859 22730 solver.cpp:106] Iteration 8, Testing net
I0811 16:21:57.244006 22730 solver.cpp:142] Test score #0: 0.558036
I0811 16:21:57.244115 22730 solver.cpp:142] Test score #1: 0.459455
I0811 16:21:57.464546 22730 solver.cpp:237] Iteration 9, lr = 0.0001
I0811 16:21:57.465062 22730 solver.cpp:87] Iteration 9, loss = 0.44823
I0811 16:21:57.465082 22730 solver.cpp:106] Iteration 9, Testing net
I0811 16:21:58.349202 22730 solver.cpp:142] Test score #0: 0.523379
I0811 16:21:58.349251 22730 solver.cpp:142] Test score #1: 0.430247
I0811 16:21:58.569066 22730 solver.cpp:237] Iteration 10, lr = 0.0001
I0811 16:21:58.569578 22730 solver.cpp:87] Iteration 10, loss = 0.414082
I0811 16:21:58.569598 22730 solver.cpp:106] Iteration 10, Testing net
I0811 16:21:59.450815 22730 solver.cpp:142] Test score #0: 0.560072
I0811 16:21:59.450862 22730 solver.cpp:142] Test score #1: 0.398295
I0811 16:21:59.671579 22730 solver.cpp:237] Iteration 11, lr = 0.0001
I0811 16:21:59.672096 22730 solver.cpp:87] Iteration 11, loss = 0.405592
I0811 16:21:59.672116 22730 solver.cpp:106] Iteration 11, Testing net
I0811 16:22:00.558917 22730 solver.cpp:142] Test score #0: 0.523895
I0811 16:22:00.559028 22730 solver.cpp:142] Test score #1: 0.382769
I0811 16:22:00.779114 22730 solver.cpp:237] Iteration 12, lr = 0.0001
I0811 16:22:00.779625 22730 solver.cpp:87] Iteration 12, loss = 0.3633
I0811 16:22:00.779645 22730 solver.cpp:106] Iteration 12, Testing net
I0811 16:22:01.663812 22730 solver.cpp:142] Test score #0: 0.522789
I0811 16:22:01.663854 22730 solver.cpp:142] Test score #1: 0.358329
I0811 16:22:01.883144 22730 solver.cpp:237] Iteration 13, lr = 0.0001
I0811 16:22:01.883688 22730 solver.cpp:87] Iteration 13, loss = 0.359886
I0811 16:22:01.883708 22730 solver.cpp:106] Iteration 13, Testing net
I0811 16:22:02.769059 22730 solver.cpp:142] Test score #0: 0.515019
I0811 16:22:02.769254 22730 solver.cpp:142] Test score #1: 0.358265
I0811 16:22:02.990551 22730 solver.cpp:237] Iteration 14, lr = 0.0001
I0811 16:22:02.991056 22730 solver.cpp:87] Iteration 14, loss = 0.348834
I0811 16:22:02.991076 22730 solver.cpp:106] Iteration 14, Testing net
I0811 16:22:03.875006 22730 solver.cpp:142] Test score #0: 0.506695
I0811 16:22:03.875048 22730 solver.cpp:142] Test score #1: 0.350876
I0811 16:22:04.094705 22730 solver.cpp:237] Iteration 15, lr = 0.0001
I0811 16:22:04.095212 22730 solver.cpp:87] Iteration 15, loss = 0.314013
I0811 16:22:04.095232 22730 solver.cpp:106] Iteration 15, Testing net
I0811 16:22:04.979014 22730 solver.cpp:142] Test score #0: 0.508619
I0811 16:22:04.979058 22730 solver.cpp:142] Test score #1: 0.32605
I0811 16:22:05.199295 22730 solver.cpp:237] Iteration 16, lr = 0.0001
I0811 16:22:05.200176 22730 solver.cpp:87] Iteration 16, loss = 0.362161
I0811 16:22:05.200230 22730 solver.cpp:106] Iteration 16, Testing net
I0811 16:22:06.087486 22730 solver.cpp:142] Test score #0: 0.506824
I0811 16:22:06.087589 22730 solver.cpp:142] Test score #1: 0.339429
I0811 16:22:06.306512 22730 solver.cpp:237] Iteration 17, lr = 0.0001
I0811 16:22:06.307006 22730 solver.cpp:87] Iteration 17, loss = 0.440371
I0811 16:22:06.307024 22730 solver.cpp:106] Iteration 17, Testing net
I0811 16:22:07.192080 22730 solver.cpp:142] Test score #0: 0.508334
I0811 16:22:07.192121 22730 solver.cpp:142] Test score #1: 0.322287
I0811 16:22:07.411968 22730 solver.cpp:237] Iteration 18, lr = 0.0001
I0811 16:22:07.412756 22730 solver.cpp:87] Iteration 18, loss = 0.282799
I0811 16:22:07.412807 22730 solver.cpp:106] Iteration 18, Testing net
I0811 16:22:08.306495 22730 solver.cpp:142] Test score #0: 0.507228
I0811 16:22:08.306612 22730 solver.cpp:142] Test score #1: 0.328649
I0811 16:22:08.528188 22730 solver.cpp:237] Iteration 19, lr = 0.0001
I0811 16:22:08.528678 22730 solver.cpp:87] Iteration 19, loss = 0.255131
I0811 16:22:08.528697 22730 solver.cpp:106] Iteration 19, Testing net
I0811 16:22:09.418396 22730 solver.cpp:142] Test score #0: 0.508066
I0811 16:22:09.418457 22730 solver.cpp:142] Test score #1: 0.329038
I0811 16:22:09.638000 22730 solver.cpp:237] Iteration 20, lr = 0.0001
I0811 16:22:09.638543 22730 solver.cpp:87] Iteration 20, loss = 0.362991
I0811 16:22:09.638563 22730 solver.cpp:106] Iteration 20, Testing net
I0811 16:22:10.528084 22730 solver.cpp:142] Test score #0: 0.49889
I0811 16:22:10.528126 22730 solver.cpp:142] Test score #1: 0.333415
I0811 16:22:10.747879 22730 solver.cpp:237] Iteration 21, lr = 0.0001
I0811 16:22:10.748625 22730 solver.cpp:87] Iteration 21, loss = 0.29707
I0811 16:22:10.748648 22730 solver.cpp:106] Iteration 21, Testing net
I0811 16:22:11.640542 22730 solver.cpp:142] Test score #0: 0.508066
I0811 16:22:11.640589 22730 solver.cpp:142] Test score #1: 0.321165
I0811 16:22:11.859814 22730 solver.cpp:237] Iteration 22, lr = 0.0001
I0811 16:22:11.860283 22730 solver.cpp:87] Iteration 22, loss = 0.354344
I0811 16:22:11.860302 22730 solver.cpp:106] Iteration 22, Testing net
I0811 16:22:12.748797 22730 solver.cpp:142] Test score #0: 0.498897
I0811 16:22:12.748844 22730 solver.cpp:142] Test score #1: 0.317367
I0811 16:22:12.969419 22730 solver.cpp:237] Iteration 23, lr = 0.0001
I0811 16:22:12.969848 22730 solver.cpp:87] Iteration 23, loss = 0.441538
I0811 16:22:12.969862 22730 solver.cpp:106] Iteration 23, Testing net
I0811 16:22:13.858500 22730 solver.cpp:142] Test score #0: 0.506955
I0811 16:22:13.858547 22730 solver.cpp:142] Test score #1: 0.324782
I0811 16:22:14.078312 22730 solver.cpp:237] Iteration 24, lr = 0.0001
I0811 16:22:14.078784 22730 solver.cpp:87] Iteration 24, loss = 0.402735
I0811 16:22:14.078804 22730 solver.cpp:106] Iteration 24, Testing net
I0811 16:22:14.965095 22730 solver.cpp:142] Test score #0: 0.500002
I0811 16:22:14.965142 22730 solver.cpp:142] Test score #1: 0.318618
I0811 16:22:15.184597 22730 solver.cpp:237] Iteration 25, lr = 0.0001
I0811 16:22:15.185051 22730 solver.cpp:87] Iteration 25, loss = 0.323893
I0811 16:22:15.185070 22730 solver.cpp:106] Iteration 25, Testing net
I0811 16:22:16.073421 22730 solver.cpp:142] Test score #0: 0.506824
I0811 16:22:16.073464 22730 solver.cpp:142] Test score #1: 0.328311
I0811 16:22:16.292852 22730 solver.cpp:237] Iteration 26, lr = 0.0001
I0811 16:22:16.293305 22730 solver.cpp:87] Iteration 26, loss = 0.36767
I0811 16:22:16.293325 22730 solver.cpp:106] Iteration 26, Testing net
I0811 16:22:17.180464 22730 solver.cpp:142] Test score #0: 0.500001
I0811 16:22:17.180507 22730 solver.cpp:142] Test score #1: 0.322362
I0811 16:22:17.401559 22730 solver.cpp:237] Iteration 27, lr = 0.0001
I0811 16:22:17.402082 22730 solver.cpp:87] Iteration 27, loss = 0.363519
I0811 16:22:17.402107 22730 solver.cpp:106] Iteration 27, Testing net
I0811 16:22:18.290947 22730 solver.cpp:142] Test score #0: 0.506955
I0811 16:22:18.290988 22730 solver.cpp:142] Test score #1: 0.315796
I0811 16:22:18.511174 22730 solver.cpp:237] Iteration 28, lr = 0.0001
I0811 16:22:18.511701 22730 solver.cpp:87] Iteration 28, loss = 0.426579
I0811 16:22:18.511723 22730 solver.cpp:106] Iteration 28, Testing net
I0811 16:22:19.396720 22730 solver.cpp:142] Test score #0: 0.508196
I0811 16:22:19.396764 22730 solver.cpp:142] Test score #1: 0.325651
I0811 16:22:19.616603 22730 solver.cpp:237] Iteration 29, lr = 0.0001
I0811 16:22:19.617117 22730 solver.cpp:87] Iteration 29, loss = 0.317202
I0811 16:22:19.617137 22730 solver.cpp:106] Iteration 29, Testing net
I0811 16:22:20.502281 22730 solver.cpp:142] Test score #0: 0.498898
I0811 16:22:20.502323 22730 solver.cpp:142] Test score #1: 0.306163
I0811 16:22:20.722300 22730 solver.cpp:237] Iteration 30, lr = 0.0001
I0811 16:22:20.722811 22730 solver.cpp:87] Iteration 30, loss = 0.146043
I0811 16:22:20.722833 22730 solver.cpp:106] Iteration 30, Testing net
I0811 16:22:21.609622 22730 solver.cpp:142] Test score #0: 0.51613
I0811 16:22:21.609663 22730 solver.cpp:142] Test score #1: 0.323207
I0811 16:22:21.829247 22730 solver.cpp:237] Iteration 31, lr = 0.0001
I0811 16:22:21.829743 22730 solver.cpp:87] Iteration 31, loss = 0.401722
I0811 16:22:21.829762 22730 solver.cpp:106] Iteration 31, Testing net
I0811 16:22:22.717239 22730 solver.cpp:142] Test score #0: 0.506695
I0811 16:22:22.717284 22730 solver.cpp:142] Test score #1: 0.32989
I0811 16:22:22.941228 22730 solver.cpp:237] Iteration 32, lr = 0.0001
I0811 16:22:22.942065 22730 solver.cpp:87] Iteration 32, loss = 0.365338
I0811 16:22:22.942088 22730 solver.cpp:106] Iteration 32, Testing net
I0811 16:22:23.832350 22730 solver.cpp:142] Test score #0: 0.508772
I0811 16:22:23.832396 22730 solver.cpp:142] Test score #1: 0.293356
I0811 16:22:24.051867 22730 solver.cpp:237] Iteration 33, lr = 0.0001
I0811 16:22:24.052325 22730 solver.cpp:87] Iteration 33, loss = 0.253684
I0811 16:22:24.052343 22730 solver.cpp:106] Iteration 33, Testing net
I0811 16:22:24.935139 22730 solver.cpp:142] Test score #0: 0.515019
I0811 16:22:24.935181 22730 solver.cpp:142] Test score #1: 0.317457
I0811 16:22:25.154978 22730 solver.cpp:237] Iteration 34, lr = 0.0001
I0811 16:22:25.155405 22730 solver.cpp:87] Iteration 34, loss = 0.404135
I0811 16:22:25.155419 22730 solver.cpp:106] Iteration 34, Testing net
I0811 16:22:26.043109 22730 solver.cpp:142] Test score #0: 0.508196
I0811 16:22:26.043153 22730 solver.cpp:142] Test score #1: 0.309129
I0811 16:22:26.262902 22730 solver.cpp:237] Iteration 35, lr = 0.0001
I0811 16:22:26.263355 22730 solver.cpp:87] Iteration 35, loss = 0.334059
I0811 16:22:26.263375 22730 solver.cpp:106] Iteration 35, Testing net
I0811 16:22:27.148684 22730 solver.cpp:142] Test score #0: 0.51476
I0811 16:22:27.148727 22730 solver.cpp:142] Test score #1: 0.319674
I0811 16:22:27.368149 22730 solver.cpp:237] Iteration 36, lr = 0.0001
I0811 16:22:27.368609 22730 solver.cpp:87] Iteration 36, loss = 0.268827
I0811 16:22:27.368628 22730 solver.cpp:106] Iteration 36, Testing net
I0811 16:22:28.254293 22730 solver.cpp:142] Test score #0: 0.508066
I0811 16:22:28.254334 22730 solver.cpp:142] Test score #1: 0.305365
I0811 16:22:28.474169 22730 solver.cpp:237] Iteration 37, lr = 0.0001
I0811 16:22:28.474647 22730 solver.cpp:87] Iteration 37, loss = 0.432529
I0811 16:22:28.474665 22730 solver.cpp:106] Iteration 37, Testing net
I0811 16:22:29.362511 22730 solver.cpp:142] Test score #0: 0.515847
I0811 16:22:29.362555 22730 solver.cpp:142] Test score #1: 0.305379
I0811 16:22:29.583216 22730 solver.cpp:237] Iteration 38, lr = 0.0001
I0811 16:22:29.583704 22730 solver.cpp:87] Iteration 38, loss = 0.47101
I0811 16:22:29.583724 22730 solver.cpp:106] Iteration 38, Testing net
I0811 16:22:30.469220 22730 solver.cpp:142] Test score #0: 0.515019
I0811 16:22:30.469275 22730 solver.cpp:142] Test score #1: 0.303926
I0811 16:22:30.688637 22730 solver.cpp:237] Iteration 39, lr = 0.0001
I0811 16:22:30.689091 22730 solver.cpp:87] Iteration 39, loss = 0.310646
I0811 16:22:30.689110 22730 solver.cpp:106] Iteration 39, Testing net
I0811 16:22:31.577421 22730 solver.cpp:142] Test score #0: 0.524322
I0811 16:22:31.577469 22730 solver.cpp:142] Test score #1: 0.296277
I0811 16:22:31.797554 22730 solver.cpp:237] Iteration 40, lr = 0.0001
I0811 16:22:31.798002 22730 solver.cpp:87] Iteration 40, loss = 0.29508
I0811 16:22:31.798020 22730 solver.cpp:106] Iteration 40, Testing net
I0811 16:22:32.686744 22730 solver.cpp:142] Test score #0: 0.515284
I0811 16:22:32.686789 22730 solver.cpp:142] Test score #1: 0.293225
I0811 16:22:32.906635 22730 solver.cpp:237] Iteration 41, lr = 0.0001
I0811 16:22:32.907086 22730 solver.cpp:87] Iteration 41, loss = 0.262067
I0811 16:22:32.907104 22730 solver.cpp:106] Iteration 41, Testing net
I0811 16:22:33.792476 22730 solver.cpp:142] Test score #0: 0.523083
I0811 16:22:33.792520 22730 solver.cpp:142] Test score #1: 0.308509
I0811 16:22:34.013247 22730 solver.cpp:237] Iteration 42, lr = 0.0001
I0811 16:22:34.013700 22730 solver.cpp:87] Iteration 42, loss = 0.33694
I0811 16:22:34.013720 22730 solver.cpp:106] Iteration 42, Testing net
I0811 16:22:34.899163 22730 solver.cpp:142] Test score #0: 0.531148
I0811 16:22:34.899205 22730 solver.cpp:142] Test score #1: 0.294896
I0811 16:22:35.118252 22730 solver.cpp:237] Iteration 43, lr = 0.0001
I0811 16:22:35.118731 22730 solver.cpp:87] Iteration 43, loss = 0.426505
I0811 16:22:35.118748 22730 solver.cpp:106] Iteration 43, Testing net
I0811 16:22:36.005101 22730 solver.cpp:142] Test score #0: 0.524322
I0811 16:22:36.005143 22730 solver.cpp:142] Test score #1: 0.293005
I0811 16:22:36.224807 22730 solver.cpp:237] Iteration 44, lr = 0.0001
I0811 16:22:36.225265 22730 solver.cpp:87] Iteration 44, loss = 0.352478
I0811 16:22:36.225283 22730 solver.cpp:106] Iteration 44, Testing net
I0811 16:22:37.115772 22730 solver.cpp:142] Test score #0: 0.523481
I0811 16:22:37.115880 22730 solver.cpp:142] Test score #1: 0.288218
I0811 16:22:37.338671 22730 solver.cpp:237] Iteration 45, lr = 0.0001
I0811 16:22:37.339486 22730 solver.cpp:87] Iteration 45, loss = 0.403826
I0811 16:22:37.339536 22730 solver.cpp:106] Iteration 45, Testing net
I0811 16:22:38.232745 22730 solver.cpp:142] Test score #0: 0.531678
I0811 16:22:38.232789 22730 solver.cpp:142] Test score #1: 0.298813
I0811 16:22:38.452785 22730 solver.cpp:237] Iteration 46, lr = 0.0001
I0811 16:22:38.453508 22730 solver.cpp:87] Iteration 46, loss = 0.362759
I0811 16:22:38.453529 22730 solver.cpp:106] Iteration 46, Testing net
I0811 16:22:39.340289 22730 solver.cpp:142] Test score #0: 0.530133
I0811 16:22:39.340333 22730 solver.cpp:142] Test score #1: 0.300462
I0811 16:22:39.560791 22730 solver.cpp:237] Iteration 47, lr = 0.0001
I0811 16:22:39.561216 22730 solver.cpp:87] Iteration 47, loss = 0.366945
I0811 16:22:39.561231 22730 solver.cpp:106] Iteration 47, Testing net
I0811 16:22:40.448137 22730 solver.cpp:142] Test score #0: 0.549519
I0811 16:22:40.448180 22730 solver.cpp:142] Test score #1: 0.280428
I0811 16:22:40.668212 22730 solver.cpp:237] Iteration 48, lr = 0.0001
I0811 16:22:40.668676 22730 solver.cpp:87] Iteration 48, loss = 0.255038
I0811 16:22:40.668695 22730 solver.cpp:106] Iteration 48, Testing net
I0811 16:22:41.555270 22730 solver.cpp:142] Test score #0: 0.536225
I0811 16:22:41.555316 22730 solver.cpp:142] Test score #1: 0.300848
I0811 16:22:41.774858 22730 solver.cpp:237] Iteration 49, lr = 0.0001
I0811 16:22:41.775712 22730 solver.cpp:87] Iteration 49, loss = 0.353929
I0811 16:22:41.775799 22730 solver.cpp:106] Iteration 49, Testing net
I0811 16:22:42.663558 22730 solver.cpp:142] Test score #0: 0.543545
I0811 16:22:42.663652 22730 solver.cpp:142] Test score #1: 0.270241
I0811 16:22:42.884055 22730 solver.cpp:237] Iteration 50, lr = 0.0001
I0811 16:22:42.884477 22730 solver.cpp:87] Iteration 50, loss = 0.226284
I0811 16:22:42.884491 22730 solver.cpp:106] Iteration 50, Testing net
I0811 16:22:43.768770 22730 solver.cpp:142] Test score #0: 0.538101
I0811 16:22:43.768805 22730 solver.cpp:142] Test score #1: 0.292304
I0811 16:22:43.987640 22730 solver.cpp:237] Iteration 51, lr = 0.0001
I0811 16:22:43.988070 22730 solver.cpp:87] Iteration 51, loss = 0.213829
I0811 16:22:43.988083 22730 solver.cpp:106] Iteration 51, Testing net
I0811 16:22:44.872194 22730 solver.cpp:142] Test score #0: 0.547276
I0811 16:22:44.872225 22730 solver.cpp:142] Test score #1: 0.291379
I0811 16:22:45.090773 22730 solver.cpp:237] Iteration 52, lr = 0.0001
I0811 16:22:45.091197 22730 solver.cpp:87] Iteration 52, loss = 0.27021
I0811 16:22:45.091212 22730 solver.cpp:106] Iteration 52, Testing net
I0811 16:22:45.974829 22730 solver.cpp:142] Test score #0: 0.53699
I0811 16:22:45.974864 22730 solver.cpp:142] Test score #1: 0.291982
I0811 16:22:46.193948 22730 solver.cpp:237] Iteration 53, lr = 0.0001
I0811 16:22:46.194365 22730 solver.cpp:87] Iteration 53, loss = 0.307634
I0811 16:22:46.194380 22730 solver.cpp:106] Iteration 53, Testing net
I0811 16:22:47.076275 22730 solver.cpp:142] Test score #0: 0.56238
I0811 16:22:47.076308 22730 solver.cpp:142] Test score #1: 0.285862
I0811 16:22:47.294631 22730 solver.cpp:237] Iteration 54, lr = 0.0001
I0811 16:22:47.295052 22730 solver.cpp:87] Iteration 54, loss = 0.283042
I0811 16:22:47.295065 22730 solver.cpp:106] Iteration 54, Testing net
I0811 16:22:48.179268 22730 solver.cpp:142] Test score #0: 0.530693
I0811 16:22:48.179302 22730 solver.cpp:142] Test score #1: 0.280464
I0811 16:22:48.397119 22730 solver.cpp:237] Iteration 55, lr = 0.0001
I0811 16:22:48.397563 22730 solver.cpp:87] Iteration 55, loss = 0.301424
I0811 16:22:48.397583 22730 solver.cpp:106] Iteration 55, Testing net
I0811 16:22:49.280277 22730 solver.cpp:142] Test score #0: 0.552455
I0811 16:22:49.280313 22730 solver.cpp:142] Test score #1: 0.289363
I0811 16:22:49.499199 22730 solver.cpp:237] Iteration 56, lr = 0.0001
I0811 16:22:49.499615 22730 solver.cpp:87] Iteration 56, loss = 0.291928
I0811 16:22:49.499629 22730 solver.cpp:106] Iteration 56, Testing net
I0811 16:22:50.382946 22730 solver.cpp:142] Test score #0: 0.540564
I0811 16:22:50.382980 22730 solver.cpp:142] Test score #1: 0.27709
I0811 16:22:50.601740 22730 solver.cpp:237] Iteration 57, lr = 0.0001
I0811 16:22:50.602157 22730 solver.cpp:87] Iteration 57, loss = 0.268773
I0811 16:22:50.602171 22730 solver.cpp:106] Iteration 57, Testing net
I0811 16:22:51.486060 22730 solver.cpp:142] Test score #0: 0.551102
I0811 16:22:51.486095 22730 solver.cpp:142] Test score #1: 0.282672
I0811 16:22:51.705421 22730 solver.cpp:237] Iteration 58, lr = 0.0001
I0811 16:22:51.705847 22730 solver.cpp:87] Iteration 58, loss = 0.422596
I0811 16:22:51.705862 22730 solver.cpp:106] Iteration 58, Testing net
I0811 16:22:52.587363 22730 solver.cpp:142] Test score #0: 0.545577
I0811 16:22:52.587399 22730 solver.cpp:142] Test score #1: 0.285835
I0811 16:22:52.805855 22730 solver.cpp:237] Iteration 59, lr = 0.0001
I0811 16:22:52.806272 22730 solver.cpp:87] Iteration 59, loss = 0.212504
I0811 16:22:52.806285 22730 solver.cpp:106] Iteration 59, Testing net
I0811 16:22:53.690234 22730 solver.cpp:142] Test score #0: 0.556812
I0811 16:22:53.690269 22730 solver.cpp:142] Test score #1: 0.28277
I0811 16:22:53.908678 22730 solver.cpp:237] Iteration 60, lr = 0.0001
I0811 16:22:53.909096 22730 solver.cpp:87] Iteration 60, loss = 0.354358
I0811 16:22:53.909111 22730 solver.cpp:106] Iteration 60, Testing net
I0811 16:22:54.793354 22730 solver.cpp:142] Test score #0: 0.543364
I0811 16:22:54.793386 22730 solver.cpp:142] Test score #1: 0.284197
I0811 16:22:55.011894 22730 solver.cpp:237] Iteration 61, lr = 0.0001
I0811 16:22:55.012315 22730 solver.cpp:87] Iteration 61, loss = 0.338666
I0811 16:22:55.012328 22730 solver.cpp:106] Iteration 61, Testing net
I0811 16:22:55.897738 22730 solver.cpp:142] Test score #0: 0.561137
I0811 16:22:55.897774 22730 solver.cpp:142] Test score #1: 0.274541
I0811 16:22:56.116263 22730 solver.cpp:237] Iteration 62, lr = 0.0001
I0811 16:22:56.116683 22730 solver.cpp:87] Iteration 62, loss = 0.268445
I0811 16:22:56.116698 22730 solver.cpp:106] Iteration 62, Testing net
I0811 16:22:57.000962 22730 solver.cpp:142] Test score #0: 0.556739
I0811 16:22:57.000999 22730 solver.cpp:142] Test score #1: 0.288731
I0811 16:22:57.219812 22730 solver.cpp:237] Iteration 63, lr = 0.0001
I0811 16:22:57.220237 22730 solver.cpp:87] Iteration 63, loss = 0.31963
I0811 16:22:57.220249 22730 solver.cpp:106] Iteration 63, Testing net
I0811 16:22:58.101820 22730 solver.cpp:142] Test score #0: 0.557926
I0811 16:22:58.101855 22730 solver.cpp:142] Test score #1: 0.284225
I0811 16:22:58.320585 22730 solver.cpp:237] Iteration 64, lr = 0.0001
I0811 16:22:58.321007 22730 solver.cpp:87] Iteration 64, loss = 0.254096
I0811 16:22:58.321020 22730 solver.cpp:106] Iteration 64, Testing net
I0811 16:22:59.205032 22730 solver.cpp:142] Test score #0: 0.567443
I0811 16:22:59.205065 22730 solver.cpp:142] Test score #1: 0.274545
I0811 16:22:59.424180 22730 solver.cpp:237] Iteration 65, lr = 0.0001
I0811 16:22:59.424610 22730 solver.cpp:87] Iteration 65, loss = 0.310818
I0811 16:22:59.424624 22730 solver.cpp:106] Iteration 65, Testing net
I0811 16:23:00.339318 22730 solver.cpp:142] Test score #0: 0.565862
I0811 16:23:00.339355 22730 solver.cpp:142] Test score #1: 0.285499
I0811 16:23:00.563305 22730 solver.cpp:237] Iteration 66, lr = 0.0001
I0811 16:23:00.563738 22730 solver.cpp:87] Iteration 66, loss = 0.273228
I0811 16:23:00.563752 22730 solver.cpp:106] Iteration 66, Testing net
I0811 16:23:01.478395 22730 solver.cpp:142] Test score #0: 0.568547
I0811 16:23:01.478445 22730 solver.cpp:142] Test score #1: 0.271188
I0811 16:23:01.697407 22730 solver.cpp:237] Iteration 67, lr = 0.0001
I0811 16:23:01.697820 22730 solver.cpp:87] Iteration 67, loss = 0.268785
I0811 16:23:01.697834 22730 solver.cpp:106] Iteration 67, Testing net
I0811 16:23:02.586611 22730 solver.cpp:142] Test score #0: 0.568364
I0811 16:23:02.586647 22730 solver.cpp:142] Test score #1: 0.280101
I0811 16:23:02.805444 22730 solver.cpp:237] Iteration 68, lr = 0.0001
I0811 16:23:02.805867 22730 solver.cpp:87] Iteration 68, loss = 0.353169
I0811 16:23:02.805881 22730 solver.cpp:106] Iteration 68, Testing net
I0811 16:23:03.691143 22730 solver.cpp:142] Test score #0: 0.554585
I0811 16:23:03.691185 22730 solver.cpp:142] Test score #1: 0.283403
I0811 16:23:03.909900 22730 solver.cpp:237] Iteration 69, lr = 0.0001
I0811 16:23:03.910321 22730 solver.cpp:87] Iteration 69, loss = 0.206978
I0811 16:23:03.910336 22730 solver.cpp:106] Iteration 69, Testing net
I0811 16:23:04.795181 22730 solver.cpp:142] Test score #0: 0.574206
I0811 16:23:04.795222 22730 solver.cpp:142] Test score #1: 0.278276
I0811 16:23:05.017482 22730 solver.cpp:237] Iteration 70, lr = 0.0001
I0811 16:23:05.017901 22730 solver.cpp:87] Iteration 70, loss = 0.251267
I0811 16:23:05.017915 22730 solver.cpp:106] Iteration 70, Testing net
I0811 16:23:05.915714 22730 solver.cpp:142] Test score #0: 0.578394
I0811 16:23:05.915761 22730 solver.cpp:142] Test score #1: 0.27822
I0811 16:23:06.137820 22730 solver.cpp:237] Iteration 71, lr = 0.0001
I0811 16:23:06.138319 22730 solver.cpp:87] Iteration 71, loss = 0.265744
I0811 16:23:06.138337 22730 solver.cpp:106] Iteration 71, Testing net
I0811 16:23:07.027456 22730 solver.cpp:142] Test score #0: 0.568773
I0811 16:23:07.027493 22730 solver.cpp:142] Test score #1: 0.274001
I0811 16:23:07.246316 22730 solver.cpp:237] Iteration 72, lr = 0.0001
I0811 16:23:07.246812 22730 solver.cpp:87] Iteration 72, loss = 0.320921
I0811 16:23:07.246830 22730 solver.cpp:106] Iteration 72, Testing net
I0811 16:23:08.136049 22730 solver.cpp:142] Test score #0: 0.562581
I0811 16:23:08.136087 22730 solver.cpp:142] Test score #1: 0.271685
I0811 16:23:08.354950 22730 solver.cpp:237] Iteration 73, lr = 0.0001
I0811 16:23:08.355427 22730 solver.cpp:87] Iteration 73, loss = 0.247813
I0811 16:23:08.355444 22730 solver.cpp:106] Iteration 73, Testing net
I0811 16:23:09.239958 22730 solver.cpp:142] Test score #0: 0.577022
I0811 16:23:09.239994 22730 solver.cpp:142] Test score #1: 0.274111
I0811 16:23:09.461268 22730 solver.cpp:237] Iteration 74, lr = 0.0001
I0811 16:23:09.461750 22730 solver.cpp:87] Iteration 74, loss = 0.250175
I0811 16:23:09.461768 22730 solver.cpp:106] Iteration 74, Testing net
I0811 16:23:10.346657 22730 solver.cpp:142] Test score #0: 0.570645
I0811 16:23:10.346695 22730 solver.cpp:142] Test score #1: 0.270805
I0811 16:23:10.565611 22730 solver.cpp:237] Iteration 75, lr = 0.0001
I0811 16:23:10.566087 22730 solver.cpp:87] Iteration 75, loss = 0.286411
I0811 16:23:10.566104 22730 solver.cpp:106] Iteration 75, Testing net
I0811 16:23:11.451102 22730 solver.cpp:142] Test score #0: 0.582819
I0811 16:23:11.451138 22730 solver.cpp:142] Test score #1: 0.280822
I0811 16:23:11.669222 22730 solver.cpp:237] Iteration 76, lr = 0.0001
I0811 16:23:11.669702 22730 solver.cpp:87] Iteration 76, loss = 0.297841
I0811 16:23:11.669718 22730 solver.cpp:106] Iteration 76, Testing net
I0811 16:23:12.554237 22730 solver.cpp:142] Test score #0: 0.593154
I0811 16:23:12.554272 22730 solver.cpp:142] Test score #1: 0.268465
I0811 16:23:12.772361 22730 solver.cpp:237] Iteration 77, lr = 0.0001
I0811 16:23:12.772842 22730 solver.cpp:87] Iteration 77, loss = 0.251728
I0811 16:23:12.772861 22730 solver.cpp:106] Iteration 77, Testing net
I0811 16:23:13.659138 22730 solver.cpp:142] Test score #0: 0.588382
I0811 16:23:13.659174 22730 solver.cpp:142] Test score #1: 0.279638
I0811 16:23:13.877619 22730 solver.cpp:237] Iteration 78, lr = 0.0001
I0811 16:23:13.878098 22730 solver.cpp:87] Iteration 78, loss = 0.284841
I0811 16:23:13.878114 22730 solver.cpp:106] Iteration 78, Testing net
I0811 16:23:14.759842 22730 solver.cpp:142] Test score #0: 0.575918
I0811 16:23:14.759876 22730 solver.cpp:142] Test score #1: 0.261874
I0811 16:23:14.978510 22730 solver.cpp:237] Iteration 79, lr = 0.0001
I0811 16:23:14.978988 22730 solver.cpp:87] Iteration 79, loss = 0.35699
I0811 16:23:14.979007 22730 solver.cpp:106] Iteration 79, Testing net
I0811 16:23:15.866714 22730 solver.cpp:142] Test score #0: 0.601791
I0811 16:23:15.866750 22730 solver.cpp:142] Test score #1: 0.276104
I0811 16:23:16.085613 22730 solver.cpp:237] Iteration 80, lr = 0.0001
I0811 16:23:16.086081 22730 solver.cpp:87] Iteration 80, loss = 0.219456
I0811 16:23:16.086097 22730 solver.cpp:106] Iteration 80, Testing net
I0811 16:23:16.967391 22730 solver.cpp:142] Test score #0: 0.581474
I0811 16:23:16.967427 22730 solver.cpp:142] Test score #1: 0.285503
I0811 16:23:17.185673 22730 solver.cpp:237] Iteration 81, lr = 0.0001
I0811 16:23:17.186156 22730 solver.cpp:87] Iteration 81, loss = 0.255918
I0811 16:23:17.186172 22730 solver.cpp:106] Iteration 81, Testing net
I0811 16:23:18.067265 22730 solver.cpp:142] Test score #0: 0.606202
I0811 16:23:18.067301 22730 solver.cpp:142] Test score #1: 0.252441
I0811 16:23:18.285787 22730 solver.cpp:237] Iteration 82, lr = 0.0001
I0811 16:23:18.286264 22730 solver.cpp:87] Iteration 82, loss = 0.239995
I0811 16:23:18.286281 22730 solver.cpp:106] Iteration 82, Testing net
I0811 16:23:19.173851 22730 solver.cpp:142] Test score #0: 0.59204
I0811 16:23:19.173888 22730 solver.cpp:142] Test score #1: 0.277496
I0811 16:23:19.392581 22730 solver.cpp:237] Iteration 83, lr = 0.0001
I0811 16:23:19.393064 22730 solver.cpp:87] Iteration 83, loss = 0.225968
I0811 16:23:19.393080 22730 solver.cpp:106] Iteration 83, Testing net
I0811 16:23:20.274391 22730 solver.cpp:142] Test score #0: 0.586165
I0811 16:23:20.274437 22730 solver.cpp:142] Test score #1: 0.270634
I0811 16:23:20.492988 22730 solver.cpp:237] Iteration 84, lr = 0.0001
I0811 16:23:20.493470 22730 solver.cpp:87] Iteration 84, loss = 0.23296
I0811 16:23:20.493489 22730 solver.cpp:106] Iteration 84, Testing net
I0811 16:23:21.375273 22730 solver.cpp:142] Test score #0: 0.594267
I0811 16:23:21.375309 22730 solver.cpp:142] Test score #1: 0.276092
I0811 16:23:21.593904 22730 solver.cpp:237] Iteration 85, lr = 0.0001
I0811 16:23:21.594382 22730 solver.cpp:87] Iteration 85, loss = 0.191374
I0811 16:23:21.594399 22730 solver.cpp:106] Iteration 85, Testing net
I0811 16:23:22.477747 22730 solver.cpp:142] Test score #0: 0.592616
I0811 16:23:22.477784 22730 solver.cpp:142] Test score #1: 0.265716
I0811 16:23:22.696494 22730 solver.cpp:237] Iteration 86, lr = 0.0001
I0811 16:23:22.696971 22730 solver.cpp:87] Iteration 86, loss = 0.287202
I0811 16:23:22.696990 22730 solver.cpp:106] Iteration 86, Testing net
I0811 16:23:23.579172 22730 solver.cpp:142] Test score #0: 0.592867
I0811 16:23:23.579208 22730 solver.cpp:142] Test score #1: 0.268174
I0811 16:23:23.797983 22730 solver.cpp:237] Iteration 87, lr = 0.0001
I0811 16:23:23.798473 22730 solver.cpp:87] Iteration 87, loss = 0.26662
I0811 16:23:23.798491 22730 solver.cpp:106] Iteration 87, Testing net
I0811 16:23:24.690551 22730 solver.cpp:142] Test score #0: 0.592616
I0811 16:23:24.690587 22730 solver.cpp:142] Test score #1: 0.271443
I0811 16:23:24.909448 22730 solver.cpp:237] Iteration 88, lr = 0.0001
I0811 16:23:24.909917 22730 solver.cpp:87] Iteration 88, loss = 0.323291
I0811 16:23:24.909934 22730 solver.cpp:106] Iteration 88, Testing net
I0811 16:23:25.795440 22730 solver.cpp:142] Test score #0: 0.602445
I0811 16:23:25.795480 22730 solver.cpp:142] Test score #1: 0.262101
I0811 16:23:26.015604 22730 solver.cpp:237] Iteration 89, lr = 0.0001
I0811 16:23:26.016101 22730 solver.cpp:87] Iteration 89, loss = 0.226225
I0811 16:23:26.016120 22730 solver.cpp:106] Iteration 89, Testing net
I0811 16:23:26.912451 22730 solver.cpp:142] Test score #0: 0.586165
I0811 16:23:26.912489 22730 solver.cpp:142] Test score #1: 0.259429
I0811 16:23:27.134791 22730 solver.cpp:237] Iteration 90, lr = 0.0001
I0811 16:23:27.135231 22730 solver.cpp:87] Iteration 90, loss = 0.304862
I0811 16:23:27.135246 22730 solver.cpp:106] Iteration 90, Testing net
I0811 16:23:28.020155 22730 solver.cpp:142] Test score #0: 0.587885
I0811 16:23:28.020190 22730 solver.cpp:142] Test score #1: 0.276053
I0811 16:23:28.239065 22730 solver.cpp:237] Iteration 91, lr = 0.0001
I0811 16:23:28.239493 22730 solver.cpp:87] Iteration 91, loss = 0.277363
I0811 16:23:28.239508 22730 solver.cpp:106] Iteration 91, Testing net
I0811 16:23:29.133772 22730 solver.cpp:142] Test score #0: 0.586165
I0811 16:23:29.133811 22730 solver.cpp:142] Test score #1: 0.258746
I0811 16:23:29.354549 22730 solver.cpp:237] Iteration 92, lr = 0.0001
I0811 16:23:29.354987 22730 solver.cpp:87] Iteration 92, loss = 0.227924
I0811 16:23:29.355002 22730 solver.cpp:106] Iteration 92, Testing net
I0811 16:23:30.253582 22730 solver.cpp:142] Test score #0: 0.598379
I0811 16:23:30.253618 22730 solver.cpp:142] Test score #1: 0.269653
I0811 16:23:30.472265 22730 solver.cpp:237] Iteration 93, lr = 0.0001
I0811 16:23:30.472702 22730 solver.cpp:87] Iteration 93, loss = 0.270035
I0811 16:23:30.472718 22730 solver.cpp:106] Iteration 93, Testing net
I0811 16:23:31.361198 22730 solver.cpp:142] Test score #0: 0.580186
I0811 16:23:31.361237 22730 solver.cpp:142] Test score #1: 0.258763
I0811 16:23:31.582412 22730 solver.cpp:237] Iteration 94, lr = 0.0001
I0811 16:23:31.582857 22730 solver.cpp:87] Iteration 94, loss = 0.332521
I0811 16:23:31.582871 22730 solver.cpp:106] Iteration 94, Testing net
I0811 16:23:32.468540 22730 solver.cpp:142] Test score #0: 0.594362
I0811 16:23:32.468575 22730 solver.cpp:142] Test score #1: 0.271067
I0811 16:23:32.687268 22730 solver.cpp:237] Iteration 95, lr = 0.0001
I0811 16:23:32.687703 22730 solver.cpp:87] Iteration 95, loss = 0.225366
I0811 16:23:32.687717 22730 solver.cpp:106] Iteration 95, Testing net
I0811 16:23:33.571988 22730 solver.cpp:142] Test score #0: 0.569344
I0811 16:23:33.572026 22730 solver.cpp:142] Test score #1: 0.268517
I0811 16:23:33.790488 22730 solver.cpp:237] Iteration 96, lr = 0.0001
I0811 16:23:33.790920 22730 solver.cpp:87] Iteration 96, loss = 0.279838
I0811 16:23:33.790935 22730 solver.cpp:106] Iteration 96, Testing net
I0811 16:23:34.675858 22730 solver.cpp:142] Test score #0: 0.606505
I0811 16:23:34.675895 22730 solver.cpp:142] Test score #1: 0.258121
I0811 16:23:34.894508 22730 solver.cpp:237] Iteration 97, lr = 0.0001
I0811 16:23:34.894943 22730 solver.cpp:87] Iteration 97, loss = 0.28963
I0811 16:23:34.894958 22730 solver.cpp:106] Iteration 97, Testing net
I0811 16:23:35.793841 22730 solver.cpp:142] Test score #0: 0.587695
I0811 16:23:35.793880 22730 solver.cpp:142] Test score #1: 0.274269
I0811 16:23:36.018442 22730 solver.cpp:237] Iteration 98, lr = 0.0001
I0811 16:23:36.018878 22730 solver.cpp:87] Iteration 98, loss = 0.224643
I0811 16:23:36.018894 22730 solver.cpp:106] Iteration 98, Testing net
I0811 16:23:36.912778 22730 solver.cpp:142] Test score #0: 0.596177
I0811 16:23:36.912817 22730 solver.cpp:142] Test score #1: 0.24639
I0811 16:23:37.131340 22730 solver.cpp:237] Iteration 99, lr = 0.0001
I0811 16:23:37.131772 22730 solver.cpp:87] Iteration 99, loss = 0.235155
I0811 16:23:37.131788 22730 solver.cpp:106] Iteration 99, Testing net
I0811 16:23:38.030961 22730 solver.cpp:142] Test score #0: 0.604776
I0811 16:23:38.030999 22730 solver.cpp:142] Test score #1: 0.263331
I0811 16:23:38.251549 22730 solver.cpp:237] Iteration 100, lr = 0.0001
I0811 16:23:38.251986 22730 solver.cpp:87] Iteration 100, loss = 0.241611
I0811 16:23:38.252002 22730 solver.cpp:106] Iteration 100, Testing net
I0811 16:23:39.159162 22730 solver.cpp:142] Test score #0: 0.57394
I0811 16:23:39.159199 22730 solver.cpp:142] Test score #1: 0.270563
I0811 16:23:39.382216 22730 solver.cpp:237] Iteration 101, lr = 0.0001
I0811 16:23:39.382661 22730 solver.cpp:87] Iteration 101, loss = 0.240968
I0811 16:23:39.382678 22730 solver.cpp:106] Iteration 101, Testing net
I0811 16:23:40.270190 22730 solver.cpp:142] Test score #0: 0.604014
I0811 16:23:40.270226 22730 solver.cpp:142] Test score #1: 0.265671
I0811 16:23:40.491462 22730 solver.cpp:237] Iteration 102, lr = 0.0001
I0811 16:23:40.491897 22730 solver.cpp:87] Iteration 102, loss = 0.226957
I0811 16:23:40.491912 22730 solver.cpp:106] Iteration 102, Testing net
I0811 16:23:41.383925 22730 solver.cpp:142] Test score #0: 0.607634
I0811 16:23:41.383961 22730 solver.cpp:142] Test score #1: 0.25709
I0811 16:23:41.607759 22730 solver.cpp:237] Iteration 103, lr = 0.0001
I0811 16:23:41.608186 22730 solver.cpp:87] Iteration 103, loss = 0.289741
I0811 16:23:41.608201 22730 solver.cpp:106] Iteration 103, Testing net
I0811 16:23:42.500022 22730 solver.cpp:142] Test score #0: 0.602155
I0811 16:23:42.500058 22730 solver.cpp:142] Test score #1: 0.260549
I0811 16:23:42.717833 22730 solver.cpp:237] Iteration 104, lr = 0.0001
I0811 16:23:42.718256 22730 solver.cpp:87] Iteration 104, loss = 0.182703
I0811 16:23:42.718271 22730 solver.cpp:106] Iteration 104, Testing net
I0811 16:23:43.603229 22730 solver.cpp:142] Test score #0: 0.604912
I0811 16:23:43.603268 22730 solver.cpp:142] Test score #1: 0.264427
I0811 16:23:43.824506 22730 solver.cpp:237] Iteration 105, lr = 0.0001
I0811 16:23:43.824928 22730 solver.cpp:87] Iteration 105, loss = 0.178054
I0811 16:23:43.824941 22730 solver.cpp:106] Iteration 105, Testing net
I0811 16:23:44.709251 22730 solver.cpp:142] Test score #0: 0.604147
I0811 16:23:44.709285 22730 solver.cpp:142] Test score #1: 0.254528
I0811 16:23:44.928004 22730 solver.cpp:237] Iteration 106, lr = 0.0001
I0811 16:23:44.928424 22730 solver.cpp:87] Iteration 106, loss = 0.278232
I0811 16:23:44.928438 22730 solver.cpp:106] Iteration 106, Testing net
I0811 16:23:45.822525 22730 solver.cpp:142] Test score #0: 0.61585
I0811 16:23:45.822562 22730 solver.cpp:142] Test score #1: 0.258195
I0811 16:23:46.041158 22730 solver.cpp:237] Iteration 107, lr = 0.0001
I0811 16:23:46.041574 22730 solver.cpp:87] Iteration 107, loss = 0.194869
I0811 16:23:46.041589 22730 solver.cpp:106] Iteration 107, Testing net
I0811 16:23:46.931980 22730 solver.cpp:142] Test score #0: 0.590046
I0811 16:23:46.932018 22730 solver.cpp:142] Test score #1: 0.262435
I0811 16:23:47.150293 22730 solver.cpp:237] Iteration 108, lr = 0.0001
I0811 16:23:47.150724 22730 solver.cpp:87] Iteration 108, loss = 0.222302
I0811 16:23:47.150739 22730 solver.cpp:106] Iteration 108, Testing net
I0811 16:23:48.036558 22730 solver.cpp:142] Test score #0: 0.622673
I0811 16:23:48.036594 22730 solver.cpp:142] Test score #1: 0.258308
I0811 16:23:48.256748 22730 solver.cpp:237] Iteration 109, lr = 0.0001
I0811 16:23:48.257174 22730 solver.cpp:87] Iteration 109, loss = 0.352167
I0811 16:23:48.257186 22730 solver.cpp:106] Iteration 109, Testing net
I0811 16:23:49.153986 22730 solver.cpp:142] Test score #0: 0.587833
I0811 16:23:49.154024 22730 solver.cpp:142] Test score #1: 0.261404
I0811 16:23:49.374115 22730 solver.cpp:237] Iteration 110, lr = 0.0001
I0811 16:23:49.374558 22730 solver.cpp:87] Iteration 110, loss = 0.270016
I0811 16:23:49.374574 22730 solver.cpp:106] Iteration 110, Testing net
I0811 16:23:50.275161 22730 solver.cpp:142] Test score #0: 0.625662
I0811 16:23:50.275197 22730 solver.cpp:142] Test score #1: 0.249267
I0811 16:23:50.493685 22730 solver.cpp:237] Iteration 111, lr = 0.0001
I0811 16:23:50.494102 22730 solver.cpp:87] Iteration 111, loss = 0.239371
I0811 16:23:50.494117 22730 solver.cpp:106] Iteration 111, Testing net
I0811 16:23:51.386317 22730 solver.cpp:142] Test score #0: 0.596636
I0811 16:23:51.386350 22730 solver.cpp:142] Test score #1: 0.268677
I0811 16:23:51.604723 22730 solver.cpp:237] Iteration 112, lr = 0.0001
I0811 16:23:51.605152 22730 solver.cpp:87] Iteration 112, loss = 0.217869
I0811 16:23:51.605167 22730 solver.cpp:106] Iteration 112, Testing net
I0811 16:23:52.496458 22730 solver.cpp:142] Test score #0: 0.61585
I0811 16:23:52.496497 22730 solver.cpp:142] Test score #1: 0.261381
I0811 16:23:52.715028 22730 solver.cpp:237] Iteration 113, lr = 0.0001
I0811 16:23:52.715457 22730 solver.cpp:87] Iteration 113, loss = 0.301253
I0811 16:23:52.715471 22730 solver.cpp:106] Iteration 113, Testing net
I0811 16:23:53.603620 22730 solver.cpp:142] Test score #0: 0.596927
I0811 16:23:53.603654 22730 solver.cpp:142] Test score #1: 0.25212
I0811 16:23:53.822039 22730 solver.cpp:237] Iteration 114, lr = 0.0001
I0811 16:23:53.822468 22730 solver.cpp:87] Iteration 114, loss = 0.232873
I0811 16:23:53.822482 22730 solver.cpp:106] Iteration 114, Testing net
I0811 16:23:54.733621 22730 solver.cpp:142] Test score #0: 0.621559
I0811 16:23:54.733657 22730 solver.cpp:142] Test score #1: 0.264175
I0811 16:23:54.952327 22730 solver.cpp:237] Iteration 115, lr = 0.0001
I0811 16:23:54.952746 22730 solver.cpp:87] Iteration 115, loss = 0.250444
I0811 16:23:54.952761 22730 solver.cpp:106] Iteration 115, Testing net
I0811 16:23:55.842308 22730 solver.cpp:142] Test score #0: 0.60085
I0811 16:23:55.842350 22730 solver.cpp:142] Test score #1: 0.244492
I0811 16:23:56.060624 22730 solver.cpp:237] Iteration 116, lr = 0.0001
I0811 16:23:56.061048 22730 solver.cpp:87] Iteration 116, loss = 0.170537
I0811 16:23:56.061063 22730 solver.cpp:106] Iteration 116, Testing net
I0811 16:23:56.962230 22730 solver.cpp:142] Test score #0: 0.619032
I0811 16:23:56.962271 22730 solver.cpp:142] Test score #1: 0.264122
I0811 16:23:57.184778 22730 solver.cpp:237] Iteration 117, lr = 0.0001
I0811 16:23:57.185204 22730 solver.cpp:87] Iteration 117, loss = 0.148305
I0811 16:23:57.185217 22730 solver.cpp:106] Iteration 117, Testing net
I0811 16:23:58.079274 22730 solver.cpp:142] Test score #0: 0.589283
I0811 16:23:58.079310 22730 solver.cpp:142] Test score #1: 0.26149
I0811 16:23:58.299774 22730 solver.cpp:237] Iteration 118, lr = 0.0001
I0811 16:23:58.300194 22730 solver.cpp:87] Iteration 118, loss = 0.275357
I0811 16:23:58.300209 22730 solver.cpp:106] Iteration 118, Testing net
I0811 16:23:59.194326 22730 solver.cpp:142] Test score #0: 0.612078
I0811 16:23:59.194365 22730 solver.cpp:142] Test score #1: 0.25703
I0811 16:23:59.415089 22730 solver.cpp:237] Iteration 119, lr = 0.0001
I0811 16:23:59.415513 22730 solver.cpp:87] Iteration 119, loss = 0.226664
I0811 16:23:59.415527 22730 solver.cpp:106] Iteration 119, Testing net
I0811 16:24:00.323451 22730 solver.cpp:142] Test score #0: 0.628382
I0811 16:24:00.323492 22730 solver.cpp:142] Test score #1: 0.258562
I0811 16:24:00.550106 22730 solver.cpp:237] Iteration 120, lr = 0.0001
I0811 16:24:00.550542 22730 solver.cpp:87] Iteration 120, loss = 0.316028
I0811 16:24:00.550559 22730 solver.cpp:106] Iteration 120, Testing net
I0811 16:24:01.465450 22730 solver.cpp:142] Test score #0: 0.603048
I0811 16:24:01.465489 22730 solver.cpp:142] Test score #1: 0.250156
I0811 16:24:01.694114 22730 solver.cpp:237] Iteration 121, lr = 0.0001
I0811 16:24:01.694542 22730 solver.cpp:87] Iteration 121, loss = 0.230953
I0811 16:24:01.694557 22730 solver.cpp:106] Iteration 121, Testing net
I0811 16:24:02.600698 22730 solver.cpp:142] Test score #0: 0.613623
I0811 16:24:02.600733 22730 solver.cpp:142] Test score #1: 0.254163
I0811 16:24:02.823910 22730 solver.cpp:237] Iteration 122, lr = 0.0001
I0811 16:24:02.824324 22730 solver.cpp:87] Iteration 122, loss = 0.212085
I0811 16:24:02.824338 22730 solver.cpp:106] Iteration 122, Testing net
I0811 16:24:03.722756 22730 solver.cpp:142] Test score #0: 0.608573
I0811 16:24:03.722795 22730 solver.cpp:142] Test score #1: 0.255129
I0811 16:24:03.946120 22730 solver.cpp:237] Iteration 123, lr = 0.0001
I0811 16:24:03.946576 22730 solver.cpp:87] Iteration 123, loss = 0.300261
I0811 16:24:03.946594 22730 solver.cpp:106] Iteration 123, Testing net
I0811 16:24:04.843049 22730 solver.cpp:142] Test score #0: 0.630609
I0811 16:24:04.843083 22730 solver.cpp:142] Test score #1: 0.250297
I0811 16:24:05.068100 22730 solver.cpp:237] Iteration 124, lr = 0.0001
I0811 16:24:05.068523 22730 solver.cpp:87] Iteration 124, loss = 0.301202
I0811 16:24:05.068538 22730 solver.cpp:106] Iteration 124, Testing net
I0811 16:24:05.982384 22730 solver.cpp:142] Test score #0: 0.610621
I0811 16:24:05.982421 22730 solver.cpp:142] Test score #1: 0.262732
I0811 16:24:06.207645 22730 solver.cpp:237] Iteration 125, lr = 0.0001
I0811 16:24:06.208065 22730 solver.cpp:87] Iteration 125, loss = 0.221974
I0811 16:24:06.208080 22730 solver.cpp:106] Iteration 125, Testing net
I0811 16:24:07.107170 22730 solver.cpp:142] Test score #0: 0.642114
I0811 16:24:07.107208 22730 solver.cpp:142] Test score #1: 0.247471
I0811 16:24:07.334357 22730 solver.cpp:237] Iteration 126, lr = 0.0001
I0811 16:24:07.334794 22730 solver.cpp:87] Iteration 126, loss = 0.25513
I0811 16:24:07.334808 22730 solver.cpp:106] Iteration 126, Testing net
I0811 16:24:08.242041 22730 solver.cpp:142] Test score #0: 0.616735
I0811 16:24:08.242081 22730 solver.cpp:142] Test score #1: 0.261448
I0811 16:24:08.468510 22730 solver.cpp:237] Iteration 127, lr = 0.0001
I0811 16:24:08.468938 22730 solver.cpp:87] Iteration 127, loss = 0.309354
I0811 16:24:08.468952 22730 solver.cpp:106] Iteration 127, Testing net
I0811 16:24:09.372345 22730 solver.cpp:142] Test score #0: 0.648379
I0811 16:24:09.372382 22730 solver.cpp:142] Test score #1: 0.244011
I0811 16:24:09.595785 22730 solver.cpp:237] Iteration 128, lr = 0.0001
I0811 16:24:09.596206 22730 solver.cpp:87] Iteration 128, loss = 0.26086
I0811 16:24:09.596220 22730 solver.cpp:106] Iteration 128, Testing net
I0811 16:24:10.507457 22730 solver.cpp:142] Test score #0: 0.613476
I0811 16:24:10.507491 22730 solver.cpp:142] Test score #1: 0.258424
I0811 16:24:10.735549 22730 solver.cpp:237] Iteration 129, lr = 0.0001
I0811 16:24:10.735967 22730 solver.cpp:87] Iteration 129, loss = 0.288012
I0811 16:24:10.735981 22730 solver.cpp:106] Iteration 129, Testing net
I0811 16:24:11.658376 22730 solver.cpp:142] Test score #0: 0.645091
I0811 16:24:11.658414 22730 solver.cpp:142] Test score #1: 0.266521
I0811 16:24:11.886273 22730 solver.cpp:237] Iteration 130, lr = 0.0001
I0811 16:24:11.886721 22730 solver.cpp:87] Iteration 130, loss = 0.352691
I0811 16:24:11.886739 22730 solver.cpp:106] Iteration 130, Testing net
I0811 16:24:12.820729 22730 solver.cpp:142] Test score #0: 0.618576
I0811 16:24:12.820765 22730 solver.cpp:142] Test score #1: 0.238072
I0811 16:24:13.049521 22730 solver.cpp:237] Iteration 131, lr = 0.0001
I0811 16:24:13.049950 22730 solver.cpp:87] Iteration 131, loss = 0.25366
I0811 16:24:13.049964 22730 solver.cpp:106] Iteration 131, Testing net
I0811 16:24:13.982723 22730 solver.cpp:142] Test score #0: 0.661242
I0811 16:24:13.982764 22730 solver.cpp:142] Test score #1: 0.259518
I0811 16:24:14.214612 22730 solver.cpp:237] Iteration 132, lr = 0.0001
I0811 16:24:14.215039 22730 solver.cpp:87] Iteration 132, loss = 0.330875
I0811 16:24:14.215054 22730 solver.cpp:106] Iteration 132, Testing net
I0811 16:24:15.152096 22730 solver.cpp:142] Test score #0: 0.624931
I0811 16:24:15.152135 22730 solver.cpp:142] Test score #1: 0.255151
I0811 16:24:15.385192 22730 solver.cpp:237] Iteration 133, lr = 0.0001
I0811 16:24:15.385663 22730 solver.cpp:87] Iteration 133, loss = 0.245543
I0811 16:24:15.385680 22730 solver.cpp:106] Iteration 133, Testing net
I0811 16:24:16.321955 22730 solver.cpp:142] Test score #0: 0.647956
I0811 16:24:16.321995 22730 solver.cpp:142] Test score #1: 0.257154
I0811 16:24:16.552244 22730 solver.cpp:237] Iteration 134, lr = 0.0001
I0811 16:24:16.552667 22730 solver.cpp:87] Iteration 134, loss = 0.211062
I0811 16:24:16.552682 22730 solver.cpp:106] Iteration 134, Testing net
I0811 16:24:17.487479 22730 solver.cpp:142] Test score #0: 0.651078
I0811 16:24:17.487519 22730 solver.cpp:142] Test score #1: 0.250892
I0811 16:24:17.716552 22730 solver.cpp:237] Iteration 135, lr = 0.0001
I0811 16:24:17.716976 22730 solver.cpp:87] Iteration 135, loss = 0.337312
I0811 16:24:17.716990 22730 solver.cpp:106] Iteration 135, Testing net
I0811 16:24:18.641140 22730 solver.cpp:142] Test score #0: 0.6393
I0811 16:24:18.641181 22730 solver.cpp:142] Test score #1: 0.252404
I0811 16:24:18.874752 22730 solver.cpp:237] Iteration 136, lr = 0.0001
I0811 16:24:18.875174 22730 solver.cpp:87] Iteration 136, loss = 0.150035
I0811 16:24:18.875188 22730 solver.cpp:106] Iteration 136, Testing net
I0811 16:24:19.800534 22730 solver.cpp:142] Test score #0: 0.668816
I0811 16:24:19.800570 22730 solver.cpp:142] Test score #1: 0.257387
I0811 16:24:20.029783 22730 solver.cpp:237] Iteration 137, lr = 0.0001
I0811 16:24:20.030201 22730 solver.cpp:87] Iteration 137, loss = 0.228752
I0811 16:24:20.030215 22730 solver.cpp:106] Iteration 137, Testing net
I0811 16:24:20.951669 22730 solver.cpp:142] Test score #0: 0.638196
I0811 16:24:20.951701 22730 solver.cpp:142] Test score #1: 0.246365
I0811 16:24:21.180280 22730 solver.cpp:237] Iteration 138, lr = 0.0001
I0811 16:24:21.180697 22730 solver.cpp:87] Iteration 138, loss = 0.226293
I0811 16:24:21.180711 22730 solver.cpp:106] Iteration 138, Testing net
I0811 16:24:22.101490 22730 solver.cpp:142] Test score #0: 0.674112
I0811 16:24:22.101527 22730 solver.cpp:142] Test score #1: 0.244277
I0811 16:24:22.330395 22730 solver.cpp:237] Iteration 139, lr = 0.0001
I0811 16:24:22.330818 22730 solver.cpp:87] Iteration 139, loss = 0.254539
I0811 16:24:22.330834 22730 solver.cpp:106] Iteration 139, Testing net
I0811 16:24:23.257066 22730 solver.cpp:142] Test score #0: 0.621541
I0811 16:24:23.257102 22730 solver.cpp:142] Test score #1: 0.262306
I0811 16:24:23.490586 22730 solver.cpp:237] Iteration 140, lr = 0.0001
I0811 16:24:23.491004 22730 solver.cpp:87] Iteration 140, loss = 0.204062
I0811 16:24:23.491019 22730 solver.cpp:106] Iteration 140, Testing net
I0811 16:24:24.426345 22730 solver.cpp:142] Test score #0: 0.674112
I0811 16:24:24.426379 22730 solver.cpp:142] Test score #1: 0.243761
I0811 16:24:24.655410 22730 solver.cpp:237] Iteration 141, lr = 0.0001
I0811 16:24:24.655839 22730 solver.cpp:87] Iteration 141, loss = 0.249672
I0811 16:24:24.655853 22730 solver.cpp:106] Iteration 141, Testing net
I0811 16:24:25.577604 22730 solver.cpp:142] Test score #0: 0.625075
I0811 16:24:25.577639 22730 solver.cpp:142] Test score #1: 0.256293
I0811 16:24:25.805503 22730 solver.cpp:237] Iteration 142, lr = 0.0001
I0811 16:24:25.805927 22730 solver.cpp:87] Iteration 142, loss = 0.275438
I0811 16:24:25.805941 22730 solver.cpp:106] Iteration 142, Testing net
I0811 16:24:26.715376 22730 solver.cpp:142] Test score #0: 0.676329
I0811 16:24:26.715414 22730 solver.cpp:142] Test score #1: 0.244359
I0811 16:24:26.941788 22730 solver.cpp:237] Iteration 143, lr = 0.0001
I0811 16:24:26.942211 22730 solver.cpp:87] Iteration 143, loss = 0.262718
I0811 16:24:26.942225 22730 solver.cpp:106] Iteration 143, Testing net
I0811 16:24:27.873214 22730 solver.cpp:142] Test score #0: 0.620497
I0811 16:24:27.873250 22730 solver.cpp:142] Test score #1: 0.257762
I0811 16:24:28.097848 22730 solver.cpp:237] Iteration 144, lr = 0.0001
I0811 16:24:28.098271 22730 solver.cpp:87] Iteration 144, loss = 0.302298
I0811 16:24:28.098285 22730 solver.cpp:106] Iteration 144, Testing net
I0811 16:24:28.994150 22730 solver.cpp:142] Test score #0: 0.663469
I0811 16:24:28.994184 22730 solver.cpp:142] Test score #1: 0.254027
I0811 16:24:29.217437 22730 solver.cpp:237] Iteration 145, lr = 0.0001
I0811 16:24:29.217859 22730 solver.cpp:87] Iteration 145, loss = 0.211818
I0811 16:24:29.217874 22730 solver.cpp:106] Iteration 145, Testing net
I0811 16:24:30.115332 22730 solver.cpp:142] Test score #0: 0.642255
I0811 16:24:30.115368 22730 solver.cpp:142] Test score #1: 0.245889
I0811 16:24:30.338934 22730 solver.cpp:237] Iteration 146, lr = 0.0001
I0811 16:24:30.339359 22730 solver.cpp:87] Iteration 146, loss = 0.230483
I0811 16:24:30.339373 22730 solver.cpp:106] Iteration 146, Testing net
I0811 16:24:31.244822 22730 solver.cpp:142] Test score #0: 0.662379
I0811 16:24:31.244855 22730 solver.cpp:142] Test score #1: 0.260122
I0811 16:24:31.467876 22730 solver.cpp:237] Iteration 147, lr = 0.0001
I0811 16:24:31.468296 22730 solver.cpp:87] Iteration 147, loss = 0.242993
I0811 16:24:31.468309 22730 solver.cpp:106] Iteration 147, Testing net
I0811 16:24:32.365492 22730 solver.cpp:142] Test score #0: 0.644266
I0811 16:24:32.365528 22730 solver.cpp:142] Test score #1: 0.234789
I0811 16:24:32.589010 22730 solver.cpp:237] Iteration 148, lr = 0.0001
I0811 16:24:32.589431 22730 solver.cpp:87] Iteration 148, loss = 0.29472
I0811 16:24:32.589444 22730 solver.cpp:106] Iteration 148, Testing net
I0811 16:24:33.486809 22730 solver.cpp:142] Test score #0: 0.673003
I0811 16:24:33.486842 22730 solver.cpp:142] Test score #1: 0.250167
I0811 16:24:33.710011 22730 solver.cpp:237] Iteration 149, lr = 0.0001
I0811 16:24:33.710439 22730 solver.cpp:87] Iteration 149, loss = 0.183173
I0811 16:24:33.710454 22730 solver.cpp:106] Iteration 149, Testing net
I0811 16:24:34.609107 22730 solver.cpp:142] Test score #0: 0.626155
I0811 16:24:34.609148 22730 solver.cpp:142] Test score #1: 0.258122
I0811 16:24:34.832696 22730 solver.cpp:237] Iteration 150, lr = 0.0001
I0811 16:24:34.833122 22730 solver.cpp:87] Iteration 150, loss = 0.252935
I0811 16:24:34.833137 22730 solver.cpp:106] Iteration 150, Testing net
I0811 16:24:35.726850 22730 solver.cpp:142] Test score #0: 0.65661
I0811 16:24:35.726886 22730 solver.cpp:142] Test score #1: 0.248842
I0811 16:24:35.949790 22730 solver.cpp:237] Iteration 151, lr = 0.0001
I0811 16:24:35.950208 22730 solver.cpp:87] Iteration 151, loss = 0.260789
I0811 16:24:35.950222 22730 solver.cpp:106] Iteration 151, Testing net
I0811 16:24:36.856406 22730 solver.cpp:142] Test score #0: 0.665838
I0811 16:24:36.856444 22730 solver.cpp:142] Test score #1: 0.246806
I0811 16:24:37.079866 22730 solver.cpp:237] Iteration 152, lr = 0.0001
I0811 16:24:37.080286 22730 solver.cpp:87] Iteration 152, loss = 0.210391
I0811 16:24:37.080301 22730 solver.cpp:106] Iteration 152, Testing net
I0811 16:24:37.991776 22730 solver.cpp:142] Test score #0: 0.63865
I0811 16:24:37.991811 22730 solver.cpp:142] Test score #1: 0.249245
I0811 16:24:38.217845 22730 solver.cpp:237] Iteration 153, lr = 0.0001
I0811 16:24:38.218263 22730 solver.cpp:87] Iteration 153, loss = 0.236171
I0811 16:24:38.218277 22730 solver.cpp:106] Iteration 153, Testing net
I0811 16:24:39.127496 22730 solver.cpp:142] Test score #0: 0.674888
I0811 16:24:39.127531 22730 solver.cpp:142] Test score #1: 0.250991
I0811 16:24:39.353554 22730 solver.cpp:237] Iteration 154, lr = 0.0001
I0811 16:24:39.353971 22730 solver.cpp:87] Iteration 154, loss = 0.318622
I0811 16:24:39.353984 22730 solver.cpp:106] Iteration 154, Testing net
I0811 16:24:40.263562 22730 solver.cpp:142] Test score #0: 0.656993
I0811 16:24:40.263597 22730 solver.cpp:142] Test score #1: 0.244613
I0811 16:24:40.491505 22730 solver.cpp:237] Iteration 155, lr = 0.0001
I0811 16:24:40.491922 22730 solver.cpp:87] Iteration 155, loss = 0.20087
I0811 16:24:40.491936 22730 solver.cpp:106] Iteration 155, Testing net
I0811 16:24:41.409075 22730 solver.cpp:142] Test score #0: 0.676001
I0811 16:24:41.409109 22730 solver.cpp:142] Test score #1: 0.244535
I0811 16:24:41.634444 22730 solver.cpp:237] Iteration 156, lr = 0.0001
I0811 16:24:41.634871 22730 solver.cpp:87] Iteration 156, loss = 0.19378
I0811 16:24:41.634886 22730 solver.cpp:106] Iteration 156, Testing net
I0811 16:24:42.547755 22730 solver.cpp:142] Test score #0: 0.642848
I0811 16:24:42.547791 22730 solver.cpp:142] Test score #1: 0.250599
I0811 16:24:42.773512 22730 solver.cpp:237] Iteration 157, lr = 0.0001
I0811 16:24:42.773931 22730 solver.cpp:87] Iteration 157, loss = 0.269384
I0811 16:24:42.773946 22730 solver.cpp:106] Iteration 157, Testing net
I0811 16:24:43.687701 22730 solver.cpp:142] Test score #0: 0.690761
I0811 16:24:43.687739 22730 solver.cpp:142] Test score #1: 0.246922
I0811 16:24:43.915609 22730 solver.cpp:237] Iteration 158, lr = 0.0001
I0811 16:24:43.916029 22730 solver.cpp:87] Iteration 158, loss = 0.297419
I0811 16:24:43.916044 22730 solver.cpp:106] Iteration 158, Testing net
I0811 16:24:44.847776 22730 solver.cpp:142] Test score #0: 0.633409
I0811 16:24:44.847816 22730 solver.cpp:142] Test score #1: 0.250295
I0811 16:24:45.075824 22730 solver.cpp:237] Iteration 159, lr = 0.0001
I0811 16:24:45.076251 22730 solver.cpp:87] Iteration 159, loss = 0.246106
I0811 16:24:45.076267 22730 solver.cpp:106] Iteration 159, Testing net
I0811 16:24:46.006101 22730 solver.cpp:142] Test score #0: 0.698622
I0811 16:24:46.006139 22730 solver.cpp:142] Test score #1: 0.236996
I0811 16:24:46.233654 22730 solver.cpp:237] Iteration 160, lr = 0.0001
I0811 16:24:46.234076 22730 solver.cpp:87] Iteration 160, loss = 0.258084
I0811 16:24:46.234091 22730 solver.cpp:106] Iteration 160, Testing net
I0811 16:24:47.157184 22730 solver.cpp:142] Test score #0: 0.634336
I0811 16:24:47.157229 22730 solver.cpp:142] Test score #1: 0.254201
I0811 16:24:47.390715 22730 solver.cpp:237] Iteration 161, lr = 0.0001
I0811 16:24:47.391134 22730 solver.cpp:87] Iteration 161, loss = 0.258603
I0811 16:24:47.391149 22730 solver.cpp:106] Iteration 161, Testing net
I0811 16:24:48.300504 22730 solver.cpp:142] Test score #0: 0.672993
I0811 16:24:48.300544 22730 solver.cpp:142] Test score #1: 0.253663
I0811 16:24:48.526875 22730 solver.cpp:237] Iteration 162, lr = 0.0001
I0811 16:24:48.527297 22730 solver.cpp:87] Iteration 162, loss = 0.292494
I0811 16:24:48.527310 22730 solver.cpp:106] Iteration 162, Testing net
I0811 16:24:49.437091 22730 solver.cpp:142] Test score #0: 0.64617
I0811 16:24:49.437127 22730 solver.cpp:142] Test score #1: 0.241882
I0811 16:24:49.664244 22730 solver.cpp:237] Iteration 163, lr = 0.0001
I0811 16:24:49.664669 22730 solver.cpp:87] Iteration 163, loss = 0.294704
I0811 16:24:49.664682 22730 solver.cpp:106] Iteration 163, Testing net
I0811 16:24:50.576706 22730 solver.cpp:142] Test score #0: 0.693083
I0811 16:24:50.576742 22730 solver.cpp:142] Test score #1: 0.252455
I0811 16:24:50.801926 22730 solver.cpp:237] Iteration 164, lr = 0.0001
I0811 16:24:50.802341 22730 solver.cpp:87] Iteration 164, loss = 0.204592
I0811 16:24:50.802356 22730 solver.cpp:106] Iteration 164, Testing net
I0811 16:24:51.710909 22730 solver.cpp:142] Test score #0: 0.639216
I0811 16:24:51.710943 22730 solver.cpp:142] Test score #1: 0.236061
I0811 16:24:51.936810 22730 solver.cpp:237] Iteration 165, lr = 0.0001
I0811 16:24:51.937227 22730 solver.cpp:87] Iteration 165, loss = 0.345749
I0811 16:24:51.937242 22730 solver.cpp:106] Iteration 165, Testing net
I0811 16:24:52.850862 22730 solver.cpp:142] Test score #0: 0.710249
I0811 16:24:52.850899 22730 solver.cpp:142] Test score #1: 0.253426
I0811 16:24:53.076789 22730 solver.cpp:237] Iteration 166, lr = 0.0001
I0811 16:24:53.077200 22730 solver.cpp:87] Iteration 166, loss = 0.208563
I0811 16:24:53.077215 22730 solver.cpp:106] Iteration 166, Testing net
I0811 16:24:53.994844 22730 solver.cpp:142] Test score #0: 0.645087
I0811 16:24:53.994884 22730 solver.cpp:142] Test score #1: 0.248934
I0811 16:24:54.221153 22730 solver.cpp:237] Iteration 167, lr = 0.0001
I0811 16:24:54.221575 22730 solver.cpp:87] Iteration 167, loss = 0.219503
I0811 16:24:54.221590 22730 solver.cpp:106] Iteration 167, Testing net
I0811 16:24:55.138383 22730 solver.cpp:142] Test score #0: 0.686056
I0811 16:24:55.138420 22730 solver.cpp:142] Test score #1: 0.244896
I0811 16:24:55.366266 22730 solver.cpp:237] Iteration 168, lr = 0.0001
I0811 16:24:55.366698 22730 solver.cpp:87] Iteration 168, loss = 0.158066
I0811 16:24:55.366714 22730 solver.cpp:106] Iteration 168, Testing net
I0811 16:24:56.277704 22730 solver.cpp:142] Test score #0: 0.693082
I0811 16:24:56.277745 22730 solver.cpp:142] Test score #1: 0.249926
I0811 16:24:56.510275 22730 solver.cpp:237] Iteration 169, lr = 0.0001
I0811 16:24:56.510710 22730 solver.cpp:87] Iteration 169, loss = 0.186188
I0811 16:24:56.510725 22730 solver.cpp:106] Iteration 169, Testing net
I0811 16:24:57.422803 22730 solver.cpp:142] Test score #0: 0.67998
I0811 16:24:57.422842 22730 solver.cpp:142] Test score #1: 0.240996
I0811 16:24:57.649701 22730 solver.cpp:237] Iteration 170, lr = 0.0001
I0811 16:24:57.650125 22730 solver.cpp:87] Iteration 170, loss = 0.22696
I0811 16:24:57.650140 22730 solver.cpp:106] Iteration 170, Testing net
I0811 16:24:58.567514 22730 solver.cpp:142] Test score #0: 0.702011
I0811 16:24:58.567553 22730 solver.cpp:142] Test score #1: 0.243657
I0811 16:24:58.793756 22730 solver.cpp:237] Iteration 171, lr = 0.0001
I0811 16:24:58.794172 22730 solver.cpp:87] Iteration 171, loss = 0.238964
I0811 16:24:58.794186 22730 solver.cpp:106] Iteration 171, Testing net
I0811 16:24:59.703444 22730 solver.cpp:142] Test score #0: 0.665614
I0811 16:24:59.703481 22730 solver.cpp:142] Test score #1: 0.246544
I0811 16:24:59.929491 22730 solver.cpp:237] Iteration 172, lr = 0.0001
I0811 16:24:59.929910 22730 solver.cpp:87] Iteration 172, loss = 0.218564
I0811 16:24:59.929924 22730 solver.cpp:106] Iteration 172, Testing net
I0811 16:25:00.839659 22730 solver.cpp:142] Test score #0: 0.698697
I0811 16:25:00.839691 22730 solver.cpp:142] Test score #1: 0.237518
I0811 16:25:01.065755 22730 solver.cpp:237] Iteration 173, lr = 0.0001
I0811 16:25:01.066179 22730 solver.cpp:87] Iteration 173, loss = 0.229228
I0811 16:25:01.066193 22730 solver.cpp:106] Iteration 173, Testing net
I0811 16:25:01.990752 22730 solver.cpp:142] Test score #0: 0.640636
I0811 16:25:01.990792 22730 solver.cpp:142] Test score #1: 0.253068
I0811 16:25:02.219753 22730 solver.cpp:237] Iteration 174, lr = 0.0001
I0811 16:25:02.220173 22730 solver.cpp:87] Iteration 174, loss = 0.258619
I0811 16:25:02.220188 22730 solver.cpp:106] Iteration 174, Testing net
I0811 16:25:03.151074 22730 solver.cpp:142] Test score #0: 0.703296
I0811 16:25:03.151110 22730 solver.cpp:142] Test score #1: 0.237391
I0811 16:25:03.381366 22730 solver.cpp:237] Iteration 175, lr = 0.0001
I0811 16:25:03.381788 22730 solver.cpp:87] Iteration 175, loss = 0.239974
I0811 16:25:03.381803 22730 solver.cpp:106] Iteration 175, Testing net
I0811 16:25:04.306370 22730 solver.cpp:142] Test score #0: 0.637999
I0811 16:25:04.306412 22730 solver.cpp:142] Test score #1: 0.249705
I0811 16:25:04.535773 22730 solver.cpp:237] Iteration 176, lr = 0.0001
I0811 16:25:04.536190 22730 solver.cpp:87] Iteration 176, loss = 0.272488
I0811 16:25:04.536206 22730 solver.cpp:106] Iteration 176, Testing net
I0811 16:25:05.460068 22730 solver.cpp:142] Test score #0: 0.699725
I0811 16:25:05.460108 22730 solver.cpp:142] Test score #1: 0.231877
I0811 16:25:05.690151 22730 solver.cpp:237] Iteration 177, lr = 0.0001
I0811 16:25:05.690583 22730 solver.cpp:87] Iteration 177, loss = 0.26638
I0811 16:25:05.690599 22730 solver.cpp:106] Iteration 177, Testing net
I0811 16:25:06.615597 22730 solver.cpp:142] Test score #0: 0.647737
I0811 16:25:06.615636 22730 solver.cpp:142] Test score #1: 0.24925
I0811 16:25:06.844486 22730 solver.cpp:237] Iteration 178, lr = 0.0001
I0811 16:25:06.844905 22730 solver.cpp:87] Iteration 178, loss = 0.235472
I0811 16:25:06.844920 22730 solver.cpp:106] Iteration 178, Testing net
I0811 16:25:07.767246 22730 solver.cpp:142] Test score #0: 0.675225
I0811 16:25:07.767283 22730 solver.cpp:142] Test score #1: 0.255912
I0811 16:25:07.996255 22730 solver.cpp:237] Iteration 179, lr = 0.0001
I0811 16:25:07.996681 22730 solver.cpp:87] Iteration 179, loss = 0.216767
I0811 16:25:07.996695 22730 solver.cpp:106] Iteration 179, Testing net
I0811 16:25:08.918875 22730 solver.cpp:142] Test score #0: 0.651001
I0811 16:25:08.918913 22730 solver.cpp:142] Test score #1: 0.2279
I0811 16:25:09.149509 22730 solver.cpp:237] Iteration 180, lr = 0.0001
I0811 16:25:09.149932 22730 solver.cpp:87] Iteration 180, loss = 0.323885
I0811 16:25:09.149947 22730 solver.cpp:106] Iteration 180, Testing net
I0811 16:25:10.073747 22730 solver.cpp:142] Test score #0: 0.690761
I0811 16:25:10.073783 22730 solver.cpp:142] Test score #1: 0.248551
I0811 16:25:10.303585 22730 solver.cpp:237] Iteration 181, lr = 0.0001
I0811 16:25:10.304003 22730 solver.cpp:87] Iteration 181, loss = 0.213461
I0811 16:25:10.304018 22730 solver.cpp:106] Iteration 181, Testing net
I0811 16:25:11.230006 22730 solver.cpp:142] Test score #0: 0.648413
I0811 16:25:11.230048 22730 solver.cpp:142] Test score #1: 0.243152
I0811 16:25:11.466387 22730 solver.cpp:237] Iteration 182, lr = 0.0001
I0811 16:25:11.466825 22730 solver.cpp:87] Iteration 182, loss = 0.219786
I0811 16:25:11.466841 22730 solver.cpp:106] Iteration 182, Testing net
I0811 16:25:12.394634 22730 solver.cpp:142] Test score #0: 0.669927
I0811 16:25:12.394672 22730 solver.cpp:142] Test score #1: 0.247289
I0811 16:25:12.624451 22730 solver.cpp:237] Iteration 183, lr = 0.0001
I0811 16:25:12.625259 22730 solver.cpp:87] Iteration 183, loss = 0.267051
I0811 16:25:12.625282 22730 solver.cpp:106] Iteration 183, Testing net
I0811 16:25:13.549886 22730 solver.cpp:142] Test score #0: 0.661863
I0811 16:25:13.549926 22730 solver.cpp:142] Test score #1: 0.237684
I0811 16:25:13.789150 22730 solver.cpp:237] Iteration 184, lr = 0.0001
I0811 16:25:13.789571 22730 solver.cpp:87] Iteration 184, loss = 0.201709
I0811 16:25:13.789585 22730 solver.cpp:106] Iteration 184, Testing net
I0811 16:25:14.727849 22730 solver.cpp:142] Test score #0: 0.655145
I0811 16:25:14.727948 22730 solver.cpp:142] Test score #1: 0.242038
I0811 16:25:14.966295 22730 solver.cpp:237] Iteration 185, lr = 0.0001
I0811 16:25:14.966732 22730 solver.cpp:87] Iteration 185, loss = 0.176712
I0811 16:25:14.966747 22730 solver.cpp:106] Iteration 185, Testing net
I0811 16:25:15.897850 22730 solver.cpp:142] Test score #0: 0.681711
I0811 16:25:15.897891 22730 solver.cpp:142] Test score #1: 0.247016
I0811 16:25:16.130194 22730 solver.cpp:237] Iteration 186, lr = 0.0001
I0811 16:25:16.130626 22730 solver.cpp:87] Iteration 186, loss = 0.182451
I0811 16:25:16.130641 22730 solver.cpp:106] Iteration 186, Testing net
I0811 16:25:17.060173 22730 solver.cpp:142] Test score #0: 0.672094
I0811 16:25:17.060209 22730 solver.cpp:142] Test score #1: 0.234746
I0811 16:25:17.291693 22730 solver.cpp:237] Iteration 187, lr = 0.0001
I0811 16:25:17.292117 22730 solver.cpp:87] Iteration 187, loss = 0.230831
I0811 16:25:17.292132 22730 solver.cpp:106] Iteration 187, Testing net
I0811 16:25:18.223642 22730 solver.cpp:142] Test score #0: 0.682308
I0811 16:25:18.223680 22730 solver.cpp:142] Test score #1: 0.23352
I0811 16:25:18.458122 22730 solver.cpp:237] Iteration 188, lr = 0.0001
I0811 16:25:18.458554 22730 solver.cpp:87] Iteration 188, loss = 0.230593
I0811 16:25:18.458570 22730 solver.cpp:106] Iteration 188, Testing net
I0811 16:25:19.406815 22730 solver.cpp:142] Test score #0: 0.645734
I0811 16:25:19.406854 22730 solver.cpp:142] Test score #1: 0.251363
I0811 16:25:19.639830 22730 solver.cpp:237] Iteration 189, lr = 0.0001
I0811 16:25:19.640245 22730 solver.cpp:87] Iteration 189, loss = 0.205956
I0811 16:25:19.640259 22730 solver.cpp:106] Iteration 189, Testing net
I0811 16:25:20.590072 22730 solver.cpp:142] Test score #0: 0.690505
I0811 16:25:20.590111 22730 solver.cpp:142] Test score #1: 0.233274
I0811 16:25:20.829777 22730 solver.cpp:237] Iteration 190, lr = 0.0001
I0811 16:25:20.830199 22730 solver.cpp:87] Iteration 190, loss = 0.209688
I0811 16:25:20.830214 22730 solver.cpp:106] Iteration 190, Testing net
I0811 16:25:21.778339 22730 solver.cpp:142] Test score #0: 0.641742
I0811 16:25:21.778378 22730 solver.cpp:142] Test score #1: 0.245035
I0811 16:25:22.010184 22730 solver.cpp:237] Iteration 191, lr = 0.0001
I0811 16:25:22.010622 22730 solver.cpp:87] Iteration 191, loss = 0.190873
I0811 16:25:22.010637 22730 solver.cpp:106] Iteration 191, Testing net
I0811 16:25:22.954391 22730 solver.cpp:142] Test score #0: 0.692722
I0811 16:25:22.954432 22730 solver.cpp:142] Test score #1: 0.23362
I0811 16:25:23.196202 22730 solver.cpp:237] Iteration 192, lr = 0.0001
I0811 16:25:23.196624 22730 solver.cpp:87] Iteration 192, loss = 0.230645
I0811 16:25:23.196637 22730 solver.cpp:106] Iteration 192, Testing net
I0811 16:25:24.134790 22730 solver.cpp:142] Test score #0: 0.63689
I0811 16:25:24.134826 22730 solver.cpp:142] Test score #1: 0.247253
I0811 16:25:24.373308 22730 solver.cpp:237] Iteration 193, lr = 0.0001
I0811 16:25:24.373733 22730 solver.cpp:87] Iteration 193, loss = 0.239274
I0811 16:25:24.373747 22730 solver.cpp:106] Iteration 193, Testing net
I0811 16:25:25.318274 22730 solver.cpp:142] Test score #0: 0.679342
I0811 16:25:25.318310 22730 solver.cpp:142] Test score #1: 0.243669
I0811 16:25:25.549031 22730 solver.cpp:237] Iteration 194, lr = 0.0001
I0811 16:25:25.549450 22730 solver.cpp:87] Iteration 194, loss = 0.263518
I0811 16:25:25.549464 22730 solver.cpp:106] Iteration 194, Testing net
I0811 16:25:26.498442 22730 solver.cpp:142] Test score #0: 0.659205
I0811 16:25:26.498486 22730 solver.cpp:142] Test score #1: 0.236113
I0811 16:25:26.731369 22730 solver.cpp:237] Iteration 195, lr = 0.0001
I0811 16:25:26.731791 22730 solver.cpp:87] Iteration 195, loss = 0.267213
I0811 16:25:26.731806 22730 solver.cpp:106] Iteration 195, Testing net
I0811 16:25:27.668843 22730 solver.cpp:142] Test score #0: 0.676001
I0811 16:25:27.668876 22730 solver.cpp:142] Test score #1: 0.248541
I0811 16:25:27.899756 22730 solver.cpp:237] Iteration 196, lr = 0.0001
I0811 16:25:27.900208 22730 solver.cpp:87] Iteration 196, loss = 0.27071
I0811 16:25:27.900226 22730 solver.cpp:106] Iteration 196, Testing net
I0811 16:25:28.858834 22730 solver.cpp:142] Test score #0: 0.664512
I0811 16:25:28.858871 22730 solver.cpp:142] Test score #1: 0.225711
I0811 16:25:29.090564 22730 solver.cpp:237] Iteration 197, lr = 0.0001
I0811 16:25:29.090977 22730 solver.cpp:87] Iteration 197, loss = 0.201063
I0811 16:25:29.090991 22730 solver.cpp:106] Iteration 197, Testing net
