I0819 22:46:27.216985 18081 finetune_net.cpp:25] Starting Optimization
I0819 22:46:27.217082 18081 solver.cpp:41] Creating training net.
I0819 22:46:27.217628 18081 net.cpp:75] Creating Layer data
I0819 22:46:27.217643 18081 net.cpp:111] data -> data
I0819 22:46:27.217653 18081 net.cpp:111] data -> label
I0819 22:46:27.217676 18081 data_layer.cpp:145] Opening leveldb scrape_zones_fine_train_leveldb
I0819 22:46:27.257683 18081 data_layer.cpp:185] output data size: 512,3,227,227
I0819 22:46:27.257721 18081 data_layer.cpp:204] Loading mean file from../../data/scrape_zones/scrape_zones_fine_mean.binaryproto
I0819 22:46:27.664675 18081 net.cpp:126] Top shape: 512 3 227 227 (79148544)
I0819 22:46:27.664705 18081 net.cpp:126] Top shape: 512 1 1 1 (512)
I0819 22:46:27.664712 18081 net.cpp:157] data does not need backward computation.
I0819 22:46:27.664726 18081 net.cpp:75] Creating Layer conv1
I0819 22:46:27.664732 18081 net.cpp:85] conv1 <- data
I0819 22:46:27.664747 18081 net.cpp:111] conv1 -> conv1
I0819 22:46:27.666208 18081 net.cpp:126] Top shape: 512 96 55 55 (148684800)
I0819 22:46:27.666221 18081 net.cpp:157] conv1 does not need backward computation.
I0819 22:46:27.666229 18081 net.cpp:75] Creating Layer relu1
I0819 22:46:27.666234 18081 net.cpp:85] relu1 <- conv1
I0819 22:46:27.666239 18081 net.cpp:99] relu1 -> conv1 (in-place)
I0819 22:46:27.666245 18081 net.cpp:126] Top shape: 512 96 55 55 (148684800)
I0819 22:46:27.666250 18081 net.cpp:157] relu1 does not need backward computation.
I0819 22:46:27.666255 18081 net.cpp:75] Creating Layer pool1
I0819 22:46:27.666260 18081 net.cpp:85] pool1 <- conv1
I0819 22:46:27.666265 18081 net.cpp:111] pool1 -> pool1
I0819 22:46:27.666275 18081 net.cpp:126] Top shape: 512 96 27 27 (35831808)
I0819 22:46:27.666280 18081 net.cpp:157] pool1 does not need backward computation.
I0819 22:46:27.666290 18081 net.cpp:75] Creating Layer norm1
I0819 22:46:27.666293 18081 net.cpp:85] norm1 <- pool1
I0819 22:46:27.666298 18081 net.cpp:111] norm1 -> norm1
I0819 22:46:27.666306 18081 net.cpp:126] Top shape: 512 96 27 27 (35831808)
I0819 22:46:27.666311 18081 net.cpp:157] norm1 does not need backward computation.
I0819 22:46:27.666316 18081 net.cpp:75] Creating Layer conv2
I0819 22:46:27.666321 18081 net.cpp:85] conv2 <- norm1
I0819 22:46:27.666324 18081 net.cpp:111] conv2 -> conv2
I0819 22:46:27.678805 18081 net.cpp:126] Top shape: 512 256 27 27 (95551488)
I0819 22:46:27.678830 18081 net.cpp:157] conv2 does not need backward computation.
I0819 22:46:27.678839 18081 net.cpp:75] Creating Layer relu2
I0819 22:46:27.678844 18081 net.cpp:85] relu2 <- conv2
I0819 22:46:27.678851 18081 net.cpp:99] relu2 -> conv2 (in-place)
I0819 22:46:27.678858 18081 net.cpp:126] Top shape: 512 256 27 27 (95551488)
I0819 22:46:27.678861 18081 net.cpp:157] relu2 does not need backward computation.
I0819 22:46:27.678866 18081 net.cpp:75] Creating Layer pool2
I0819 22:46:27.678870 18081 net.cpp:85] pool2 <- conv2
I0819 22:46:27.678875 18081 net.cpp:111] pool2 -> pool2
I0819 22:46:27.678881 18081 net.cpp:126] Top shape: 512 256 13 13 (22151168)
I0819 22:46:27.678886 18081 net.cpp:157] pool2 does not need backward computation.
I0819 22:46:27.678894 18081 net.cpp:75] Creating Layer norm2
I0819 22:46:27.678899 18081 net.cpp:85] norm2 <- pool2
I0819 22:46:27.678902 18081 net.cpp:111] norm2 -> norm2
I0819 22:46:27.678908 18081 net.cpp:126] Top shape: 512 256 13 13 (22151168)
I0819 22:46:27.678912 18081 net.cpp:157] norm2 does not need backward computation.
I0819 22:46:27.678918 18081 net.cpp:75] Creating Layer conv3
I0819 22:46:27.678923 18081 net.cpp:85] conv3 <- norm2
I0819 22:46:27.678927 18081 net.cpp:111] conv3 -> conv3
I0819 22:46:27.715142 18081 net.cpp:126] Top shape: 512 384 13 13 (33226752)
I0819 22:46:27.715167 18081 net.cpp:157] conv3 does not need backward computation.
I0819 22:46:27.715175 18081 net.cpp:75] Creating Layer relu3
I0819 22:46:27.715181 18081 net.cpp:85] relu3 <- conv3
I0819 22:46:27.715188 18081 net.cpp:99] relu3 -> conv3 (in-place)
I0819 22:46:27.715194 18081 net.cpp:126] Top shape: 512 384 13 13 (33226752)
I0819 22:46:27.715199 18081 net.cpp:157] relu3 does not need backward computation.
I0819 22:46:27.715205 18081 net.cpp:75] Creating Layer conv4
I0819 22:46:27.715209 18081 net.cpp:85] conv4 <- conv3
I0819 22:46:27.715214 18081 net.cpp:111] conv4 -> conv4
I0819 22:46:27.742405 18081 net.cpp:126] Top shape: 512 384 13 13 (33226752)
I0819 22:46:27.742436 18081 net.cpp:157] conv4 does not need backward computation.
I0819 22:46:27.742445 18081 net.cpp:75] Creating Layer relu4
I0819 22:46:27.742451 18081 net.cpp:85] relu4 <- conv4
I0819 22:46:27.742460 18081 net.cpp:99] relu4 -> conv4 (in-place)
I0819 22:46:27.742465 18081 net.cpp:126] Top shape: 512 384 13 13 (33226752)
I0819 22:46:27.742470 18081 net.cpp:157] relu4 does not need backward computation.
I0819 22:46:27.742475 18081 net.cpp:75] Creating Layer conv5
I0819 22:46:27.742480 18081 net.cpp:85] conv5 <- conv4
I0819 22:46:27.742485 18081 net.cpp:111] conv5 -> conv5
I0819 22:46:27.760627 18081 net.cpp:126] Top shape: 512 256 13 13 (22151168)
I0819 22:46:27.760651 18081 net.cpp:157] conv5 does not need backward computation.
I0819 22:46:27.760660 18081 net.cpp:75] Creating Layer relu5
I0819 22:46:27.760665 18081 net.cpp:85] relu5 <- conv5
I0819 22:46:27.760671 18081 net.cpp:99] relu5 -> conv5 (in-place)
I0819 22:46:27.760679 18081 net.cpp:126] Top shape: 512 256 13 13 (22151168)
I0819 22:46:27.760684 18081 net.cpp:157] relu5 does not need backward computation.
I0819 22:46:27.760689 18081 net.cpp:75] Creating Layer pool5
I0819 22:46:27.760692 18081 net.cpp:85] pool5 <- conv5
I0819 22:46:27.760697 18081 net.cpp:111] pool5 -> pool5
I0819 22:46:27.760704 18081 net.cpp:126] Top shape: 512 256 6 6 (4718592)
I0819 22:46:27.760709 18081 net.cpp:157] pool5 does not need backward computation.
I0819 22:46:27.760717 18081 net.cpp:75] Creating Layer fc6_new
I0819 22:46:27.760721 18081 net.cpp:85] fc6_new <- pool5
I0819 22:46:27.760726 18081 net.cpp:111] fc6_new -> fc6_new
I0819 22:46:29.300319 18081 net.cpp:126] Top shape: 512 4096 1 1 (2097152)
I0819 22:46:29.300348 18081 net.cpp:157] fc6_new does not need backward computation.
I0819 22:46:29.300356 18081 net.cpp:75] Creating Layer relu6
I0819 22:46:29.300362 18081 net.cpp:85] relu6 <- fc6_new
I0819 22:46:29.300369 18081 net.cpp:99] relu6 -> fc6_new (in-place)
I0819 22:46:29.300375 18081 net.cpp:126] Top shape: 512 4096 1 1 (2097152)
I0819 22:46:29.300379 18081 net.cpp:157] relu6 does not need backward computation.
I0819 22:46:29.300384 18081 net.cpp:75] Creating Layer drop6
I0819 22:46:29.300389 18081 net.cpp:85] drop6 <- fc6_new
I0819 22:46:29.300393 18081 net.cpp:99] drop6 -> fc6_new (in-place)
I0819 22:46:29.300406 18081 net.cpp:126] Top shape: 512 4096 1 1 (2097152)
I0819 22:46:29.300410 18081 net.cpp:157] drop6 does not need backward computation.
I0819 22:46:29.300417 18081 net.cpp:75] Creating Layer fc7_new
I0819 22:46:29.300421 18081 net.cpp:85] fc7_new <- fc6_new
I0819 22:46:29.300426 18081 net.cpp:111] fc7_new -> fc7_new
I0819 22:46:29.983283 18081 net.cpp:126] Top shape: 512 4096 1 1 (2097152)
I0819 22:46:29.983305 18081 net.cpp:157] fc7_new does not need backward computation.
I0819 22:46:29.983314 18081 net.cpp:75] Creating Layer relu7
I0819 22:46:29.983320 18081 net.cpp:85] relu7 <- fc7_new
I0819 22:46:29.983326 18081 net.cpp:99] relu7 -> fc7_new (in-place)
I0819 22:46:29.983332 18081 net.cpp:126] Top shape: 512 4096 1 1 (2097152)
I0819 22:46:29.983337 18081 net.cpp:157] relu7 does not need backward computation.
I0819 22:46:29.983342 18081 net.cpp:75] Creating Layer drop7
I0819 22:46:29.983346 18081 net.cpp:85] drop7 <- fc7_new
I0819 22:46:29.983350 18081 net.cpp:99] drop7 -> fc7_new (in-place)
I0819 22:46:29.983355 18081 net.cpp:126] Top shape: 512 4096 1 1 (2097152)
I0819 22:46:29.983360 18081 net.cpp:157] drop7 does not need backward computation.
I0819 22:46:29.983366 18081 net.cpp:75] Creating Layer fc8_clamp
I0819 22:46:29.983369 18081 net.cpp:85] fc8_clamp <- fc7_new
I0819 22:46:29.983373 18081 net.cpp:111] fc8_clamp -> fc8_aero
I0819 22:46:29.983734 18081 net.cpp:126] Top shape: 512 2 1 1 (1024)
I0819 22:46:29.983743 18081 net.cpp:152] fc8_clamp needs backward computation.
I0819 22:46:29.983750 18081 net.cpp:75] Creating Layer loss
I0819 22:46:29.983754 18081 net.cpp:85] loss <- fc8_aero
I0819 22:46:29.983759 18081 net.cpp:85] loss <- label
I0819 22:46:29.983772 18081 net.cpp:152] loss needs backward computation.
I0819 22:46:29.983801 18081 net.cpp:181] Collecting Learning Rate and Weight Decay.
I0819 22:46:29.983814 18081 net.cpp:174] Network initialization done.
I0819 22:46:29.983816 18081 net.cpp:175] Memory required for Data 2147479552
I0819 22:46:29.983860 18081 solver.cpp:44] Creating testing net.
I0819 22:46:29.984545 18081 net.cpp:75] Creating Layer data
I0819 22:46:29.984558 18081 net.cpp:111] data -> data
I0819 22:46:29.984565 18081 net.cpp:111] data -> label
I0819 22:46:29.984573 18081 data_layer.cpp:145] Opening leveldb scrape_zones_fine_val_leveldb
I0819 22:46:30.031608 18081 data_layer.cpp:185] output data size: 512,3,227,227
I0819 22:46:30.031625 18081 data_layer.cpp:204] Loading mean file from../../data/scrape_zones/scrape_zones_fine_mean.binaryproto
I0819 22:46:30.189800 18081 net.cpp:126] Top shape: 512 3 227 227 (79148544)
I0819 22:46:30.189821 18081 net.cpp:126] Top shape: 512 1 1 1 (512)
I0819 22:46:30.189826 18081 net.cpp:157] data does not need backward computation.
I0819 22:46:30.189841 18081 net.cpp:75] Creating Layer conv1
I0819 22:46:30.189847 18081 net.cpp:85] conv1 <- data
I0819 22:46:30.189856 18081 net.cpp:111] conv1 -> conv1
I0819 22:46:30.191313 18081 net.cpp:126] Top shape: 512 96 55 55 (148684800)
I0819 22:46:30.191324 18081 net.cpp:157] conv1 does not need backward computation.
I0819 22:46:30.191331 18081 net.cpp:75] Creating Layer relu1
I0819 22:46:30.191336 18081 net.cpp:85] relu1 <- conv1
I0819 22:46:30.191341 18081 net.cpp:99] relu1 -> conv1 (in-place)
I0819 22:46:30.191346 18081 net.cpp:126] Top shape: 512 96 55 55 (148684800)
I0819 22:46:30.191350 18081 net.cpp:157] relu1 does not need backward computation.
I0819 22:46:30.191356 18081 net.cpp:75] Creating Layer pool1
I0819 22:46:30.191360 18081 net.cpp:85] pool1 <- conv1
I0819 22:46:30.191365 18081 net.cpp:111] pool1 -> pool1
I0819 22:46:30.191371 18081 net.cpp:126] Top shape: 512 96 27 27 (35831808)
I0819 22:46:30.191375 18081 net.cpp:157] pool1 does not need backward computation.
I0819 22:46:30.191382 18081 net.cpp:75] Creating Layer norm1
I0819 22:46:30.191386 18081 net.cpp:85] norm1 <- pool1
I0819 22:46:30.191391 18081 net.cpp:111] norm1 -> norm1
I0819 22:46:30.191398 18081 net.cpp:126] Top shape: 512 96 27 27 (35831808)
I0819 22:46:30.191402 18081 net.cpp:157] norm1 does not need backward computation.
I0819 22:46:30.191407 18081 net.cpp:75] Creating Layer conv2
I0819 22:46:30.191411 18081 net.cpp:85] conv2 <- norm1
I0819 22:46:30.191416 18081 net.cpp:111] conv2 -> conv2
I0819 22:46:30.203640 18081 net.cpp:126] Top shape: 512 256 27 27 (95551488)
I0819 22:46:30.203662 18081 net.cpp:157] conv2 does not need backward computation.
I0819 22:46:30.203670 18081 net.cpp:75] Creating Layer relu2
I0819 22:46:30.203675 18081 net.cpp:85] relu2 <- conv2
I0819 22:46:30.203682 18081 net.cpp:99] relu2 -> conv2 (in-place)
I0819 22:46:30.203688 18081 net.cpp:126] Top shape: 512 256 27 27 (95551488)
I0819 22:46:30.203692 18081 net.cpp:157] relu2 does not need backward computation.
I0819 22:46:30.203698 18081 net.cpp:75] Creating Layer pool2
I0819 22:46:30.203702 18081 net.cpp:85] pool2 <- conv2
I0819 22:46:30.203706 18081 net.cpp:111] pool2 -> pool2
I0819 22:46:30.203713 18081 net.cpp:126] Top shape: 512 256 13 13 (22151168)
I0819 22:46:30.203718 18081 net.cpp:157] pool2 does not need backward computation.
I0819 22:46:30.203727 18081 net.cpp:75] Creating Layer norm2
I0819 22:46:30.203730 18081 net.cpp:85] norm2 <- pool2
I0819 22:46:30.203735 18081 net.cpp:111] norm2 -> norm2
I0819 22:46:30.203742 18081 net.cpp:126] Top shape: 512 256 13 13 (22151168)
I0819 22:46:30.203745 18081 net.cpp:157] norm2 does not need backward computation.
I0819 22:46:30.203752 18081 net.cpp:75] Creating Layer conv3
I0819 22:46:30.203755 18081 net.cpp:85] conv3 <- norm2
I0819 22:46:30.203760 18081 net.cpp:111] conv3 -> conv3
I0819 22:46:30.239994 18081 net.cpp:126] Top shape: 512 384 13 13 (33226752)
I0819 22:46:30.240016 18081 net.cpp:157] conv3 does not need backward computation.
I0819 22:46:30.240025 18081 net.cpp:75] Creating Layer relu3
I0819 22:46:30.240031 18081 net.cpp:85] relu3 <- conv3
I0819 22:46:30.240037 18081 net.cpp:99] relu3 -> conv3 (in-place)
I0819 22:46:30.240043 18081 net.cpp:126] Top shape: 512 384 13 13 (33226752)
I0819 22:46:30.240047 18081 net.cpp:157] relu3 does not need backward computation.
I0819 22:46:30.240054 18081 net.cpp:75] Creating Layer conv4
I0819 22:46:30.240058 18081 net.cpp:85] conv4 <- conv3
I0819 22:46:30.240062 18081 net.cpp:111] conv4 -> conv4
I0819 22:46:30.267211 18081 net.cpp:126] Top shape: 512 384 13 13 (33226752)
I0819 22:46:30.267235 18081 net.cpp:157] conv4 does not need backward computation.
I0819 22:46:30.267243 18081 net.cpp:75] Creating Layer relu4
I0819 22:46:30.267251 18081 net.cpp:85] relu4 <- conv4
I0819 22:46:30.267258 18081 net.cpp:99] relu4 -> conv4 (in-place)
I0819 22:46:30.267264 18081 net.cpp:126] Top shape: 512 384 13 13 (33226752)
I0819 22:46:30.267269 18081 net.cpp:157] relu4 does not need backward computation.
I0819 22:46:30.267276 18081 net.cpp:75] Creating Layer conv5
I0819 22:46:30.267279 18081 net.cpp:85] conv5 <- conv4
I0819 22:46:30.267283 18081 net.cpp:111] conv5 -> conv5
I0819 22:46:30.285473 18081 net.cpp:126] Top shape: 512 256 13 13 (22151168)
I0819 22:46:30.285496 18081 net.cpp:157] conv5 does not need backward computation.
I0819 22:46:30.285506 18081 net.cpp:75] Creating Layer relu5
I0819 22:46:30.285511 18081 net.cpp:85] relu5 <- conv5
I0819 22:46:30.285517 18081 net.cpp:99] relu5 -> conv5 (in-place)
I0819 22:46:30.285523 18081 net.cpp:126] Top shape: 512 256 13 13 (22151168)
I0819 22:46:30.285527 18081 net.cpp:157] relu5 does not need backward computation.
I0819 22:46:30.285532 18081 net.cpp:75] Creating Layer pool5
I0819 22:46:30.285537 18081 net.cpp:85] pool5 <- conv5
I0819 22:46:30.285542 18081 net.cpp:111] pool5 -> pool5
I0819 22:46:30.285548 18081 net.cpp:126] Top shape: 512 256 6 6 (4718592)
I0819 22:46:30.285552 18081 net.cpp:157] pool5 does not need backward computation.
I0819 22:46:30.285562 18081 net.cpp:75] Creating Layer fc6_new
I0819 22:46:30.285565 18081 net.cpp:85] fc6_new <- pool5
I0819 22:46:30.285569 18081 net.cpp:111] fc6_new -> fc6_new
I0819 22:46:31.824465 18081 net.cpp:126] Top shape: 512 4096 1 1 (2097152)
I0819 22:46:31.824492 18081 net.cpp:157] fc6_new does not need backward computation.
I0819 22:46:31.824501 18081 net.cpp:75] Creating Layer relu6
I0819 22:46:31.824507 18081 net.cpp:85] relu6 <- fc6_new
I0819 22:46:31.824514 18081 net.cpp:99] relu6 -> fc6_new (in-place)
I0819 22:46:31.824520 18081 net.cpp:126] Top shape: 512 4096 1 1 (2097152)
I0819 22:46:31.824525 18081 net.cpp:157] relu6 does not need backward computation.
I0819 22:46:31.824532 18081 net.cpp:75] Creating Layer drop6
I0819 22:46:31.824535 18081 net.cpp:85] drop6 <- fc6_new
I0819 22:46:31.824539 18081 net.cpp:99] drop6 -> fc6_new (in-place)
I0819 22:46:31.824544 18081 net.cpp:126] Top shape: 512 4096 1 1 (2097152)
I0819 22:46:31.824549 18081 net.cpp:157] drop6 does not need backward computation.
I0819 22:46:31.824554 18081 net.cpp:75] Creating Layer fc7_new
I0819 22:46:31.824558 18081 net.cpp:85] fc7_new <- fc6_new
I0819 22:46:31.824563 18081 net.cpp:111] fc7_new -> fc7_new
