I0822 01:28:26.066514 16458 finetune_net.cpp:25] Starting Optimization
I0822 01:28:26.066615 16458 solver.cpp:42] Creating training net.
I0822 01:28:26.067174 16458 net.cpp:76] Creating Layer data
I0822 01:28:26.067188 16458 net.cpp:112] data -> data
I0822 01:28:26.067198 16458 net.cpp:112] data -> label
I0822 01:28:26.067221 16458 data_layer.cpp:145] Opening leveldb scrape_zones_fine_train_leveldb
I0822 01:28:26.103368 16458 data_layer.cpp:185] output data size: 256,3,227,227
I0822 01:28:26.103386 16458 data_layer.cpp:204] Loading mean file from../../data/scrape_zones/scrape_zones_fine_mean.binaryproto
I0822 01:28:26.403940 16458 net.cpp:127] Top shape: 256 3 227 227 (39574272)
I0822 01:28:26.403992 16458 net.cpp:127] Top shape: 256 1 1 1 (256)
I0822 01:28:26.404000 16458 net.cpp:158] data does not need backward computation.
I0822 01:28:26.404017 16458 net.cpp:76] Creating Layer conv1
I0822 01:28:26.404023 16458 net.cpp:86] conv1 <- data
I0822 01:28:26.404038 16458 net.cpp:112] conv1 -> conv1
I0822 01:28:26.405493 16458 net.cpp:127] Top shape: 256 96 55 55 (74342400)
I0822 01:28:26.405503 16458 net.cpp:158] conv1 does not need backward computation.
I0822 01:28:26.405511 16458 net.cpp:76] Creating Layer relu1
I0822 01:28:26.405516 16458 net.cpp:86] relu1 <- conv1
I0822 01:28:26.405521 16458 net.cpp:100] relu1 -> conv1 (in-place)
I0822 01:28:26.405529 16458 net.cpp:127] Top shape: 256 96 55 55 (74342400)
I0822 01:28:26.405534 16458 net.cpp:158] relu1 does not need backward computation.
I0822 01:28:26.405539 16458 net.cpp:76] Creating Layer pool1
I0822 01:28:26.405544 16458 net.cpp:86] pool1 <- conv1
I0822 01:28:26.405549 16458 net.cpp:112] pool1 -> pool1
I0822 01:28:26.405560 16458 net.cpp:127] Top shape: 256 96 27 27 (17915904)
I0822 01:28:26.405565 16458 net.cpp:158] pool1 does not need backward computation.
I0822 01:28:26.405576 16458 net.cpp:76] Creating Layer norm1
I0822 01:28:26.405581 16458 net.cpp:86] norm1 <- pool1
I0822 01:28:26.405586 16458 net.cpp:112] norm1 -> norm1
I0822 01:28:26.405594 16458 net.cpp:127] Top shape: 256 96 27 27 (17915904)
I0822 01:28:26.405599 16458 net.cpp:158] norm1 does not need backward computation.
I0822 01:28:26.405606 16458 net.cpp:76] Creating Layer conv2
I0822 01:28:26.405611 16458 net.cpp:86] conv2 <- norm1
I0822 01:28:26.405614 16458 net.cpp:112] conv2 -> conv2
I0822 01:28:26.418319 16458 net.cpp:127] Top shape: 256 256 27 27 (47775744)
I0822 01:28:26.418342 16458 net.cpp:158] conv2 does not need backward computation.
I0822 01:28:26.418351 16458 net.cpp:76] Creating Layer relu2
I0822 01:28:26.418357 16458 net.cpp:86] relu2 <- conv2
I0822 01:28:26.418365 16458 net.cpp:100] relu2 -> conv2 (in-place)
I0822 01:28:26.418370 16458 net.cpp:127] Top shape: 256 256 27 27 (47775744)
I0822 01:28:26.418375 16458 net.cpp:158] relu2 does not need backward computation.
I0822 01:28:26.418380 16458 net.cpp:76] Creating Layer pool2
I0822 01:28:26.418385 16458 net.cpp:86] pool2 <- conv2
I0822 01:28:26.418390 16458 net.cpp:112] pool2 -> pool2
I0822 01:28:26.418396 16458 net.cpp:127] Top shape: 256 256 13 13 (11075584)
I0822 01:28:26.418401 16458 net.cpp:158] pool2 does not need backward computation.
I0822 01:28:26.418408 16458 net.cpp:76] Creating Layer norm2
I0822 01:28:26.418413 16458 net.cpp:86] norm2 <- pool2
I0822 01:28:26.418418 16458 net.cpp:112] norm2 -> norm2
I0822 01:28:26.418424 16458 net.cpp:127] Top shape: 256 256 13 13 (11075584)
I0822 01:28:26.418442 16458 net.cpp:158] norm2 does not need backward computation.
I0822 01:28:26.418448 16458 net.cpp:76] Creating Layer conv3
I0822 01:28:26.418452 16458 net.cpp:86] conv3 <- norm2
I0822 01:28:26.418457 16458 net.cpp:112] conv3 -> conv3
I0822 01:28:26.455517 16458 net.cpp:127] Top shape: 256 384 13 13 (16613376)
I0822 01:28:26.455539 16458 net.cpp:158] conv3 does not need backward computation.
I0822 01:28:26.455548 16458 net.cpp:76] Creating Layer relu3
I0822 01:28:26.455554 16458 net.cpp:86] relu3 <- conv3
I0822 01:28:26.455560 16458 net.cpp:100] relu3 -> conv3 (in-place)
I0822 01:28:26.455565 16458 net.cpp:127] Top shape: 256 384 13 13 (16613376)
I0822 01:28:26.455570 16458 net.cpp:158] relu3 does not need backward computation.
I0822 01:28:26.455576 16458 net.cpp:76] Creating Layer conv4
I0822 01:28:26.455581 16458 net.cpp:86] conv4 <- conv3
I0822 01:28:26.455585 16458 net.cpp:112] conv4 -> conv4
I0822 01:28:26.483465 16458 net.cpp:127] Top shape: 256 384 13 13 (16613376)
I0822 01:28:26.483489 16458 net.cpp:158] conv4 does not need backward computation.
I0822 01:28:26.483497 16458 net.cpp:76] Creating Layer relu4
I0822 01:28:26.483503 16458 net.cpp:86] relu4 <- conv4
I0822 01:28:26.483510 16458 net.cpp:100] relu4 -> conv4 (in-place)
I0822 01:28:26.483515 16458 net.cpp:127] Top shape: 256 384 13 13 (16613376)
I0822 01:28:26.483520 16458 net.cpp:158] relu4 does not need backward computation.
I0822 01:28:26.483526 16458 net.cpp:76] Creating Layer conv5
I0822 01:28:26.483530 16458 net.cpp:86] conv5 <- conv4
I0822 01:28:26.483536 16458 net.cpp:112] conv5 -> conv5
I0822 01:28:26.502077 16458 net.cpp:127] Top shape: 256 256 13 13 (11075584)
I0822 01:28:26.502100 16458 net.cpp:158] conv5 does not need backward computation.
I0822 01:28:26.502110 16458 net.cpp:76] Creating Layer relu5
I0822 01:28:26.502115 16458 net.cpp:86] relu5 <- conv5
I0822 01:28:26.502122 16458 net.cpp:100] relu5 -> conv5 (in-place)
I0822 01:28:26.502128 16458 net.cpp:127] Top shape: 256 256 13 13 (11075584)
I0822 01:28:26.502132 16458 net.cpp:158] relu5 does not need backward computation.
I0822 01:28:26.502137 16458 net.cpp:76] Creating Layer pool5
I0822 01:28:26.502142 16458 net.cpp:86] pool5 <- conv5
I0822 01:28:26.502147 16458 net.cpp:112] pool5 -> pool5
I0822 01:28:26.502154 16458 net.cpp:127] Top shape: 256 256 6 6 (2359296)
I0822 01:28:26.502158 16458 net.cpp:158] pool5 does not need backward computation.
I0822 01:28:26.502168 16458 net.cpp:76] Creating Layer fc6
I0822 01:28:26.502172 16458 net.cpp:86] fc6 <- pool5
I0822 01:28:26.502177 16458 net.cpp:112] fc6 -> fc6
I0822 01:28:28.062341 16458 net.cpp:127] Top shape: 256 4096 1 1 (1048576)
I0822 01:28:28.062369 16458 net.cpp:153] fc6 needs backward computation.
I0822 01:28:28.062379 16458 net.cpp:76] Creating Layer relu6
I0822 01:28:28.062386 16458 net.cpp:86] relu6 <- fc6
I0822 01:28:28.062393 16458 net.cpp:100] relu6 -> fc6 (in-place)
I0822 01:28:28.062399 16458 net.cpp:127] Top shape: 256 4096 1 1 (1048576)
I0822 01:28:28.062404 16458 net.cpp:153] relu6 needs backward computation.
I0822 01:28:28.062410 16458 net.cpp:76] Creating Layer drop6
I0822 01:28:28.062414 16458 net.cpp:86] drop6 <- fc6
I0822 01:28:28.062418 16458 net.cpp:100] drop6 -> fc6 (in-place)
I0822 01:28:28.062443 16458 net.cpp:127] Top shape: 256 4096 1 1 (1048576)
I0822 01:28:28.062448 16458 net.cpp:153] drop6 needs backward computation.
I0822 01:28:28.062455 16458 net.cpp:76] Creating Layer fc7
I0822 01:28:28.062460 16458 net.cpp:86] fc7 <- fc6
I0822 01:28:28.062465 16458 net.cpp:112] fc7 -> fc7
I0822 01:28:28.755457 16458 net.cpp:127] Top shape: 256 4096 1 1 (1048576)
I0822 01:28:28.755486 16458 net.cpp:153] fc7 needs backward computation.
I0822 01:28:28.755496 16458 net.cpp:76] Creating Layer relu7
I0822 01:28:28.755501 16458 net.cpp:86] relu7 <- fc7
I0822 01:28:28.755508 16458 net.cpp:100] relu7 -> fc7 (in-place)
I0822 01:28:28.755514 16458 net.cpp:127] Top shape: 256 4096 1 1 (1048576)
I0822 01:28:28.755519 16458 net.cpp:153] relu7 needs backward computation.
I0822 01:28:28.755524 16458 net.cpp:76] Creating Layer drop7
I0822 01:28:28.755528 16458 net.cpp:86] drop7 <- fc7
I0822 01:28:28.755533 16458 net.cpp:100] drop7 -> fc7 (in-place)
I0822 01:28:28.755538 16458 net.cpp:127] Top shape: 256 4096 1 1 (1048576)
I0822 01:28:28.755542 16458 net.cpp:153] drop7 needs backward computation.
I0822 01:28:28.755548 16458 net.cpp:76] Creating Layer fc8_clamp
I0822 01:28:28.755553 16458 net.cpp:86] fc8_clamp <- fc7
I0822 01:28:28.755558 16458 net.cpp:112] fc8_clamp -> fc8_aero
I0822 01:28:28.755913 16458 net.cpp:127] Top shape: 256 2 1 1 (512)
I0822 01:28:28.755923 16458 net.cpp:153] fc8_clamp needs backward computation.
I0822 01:28:28.755929 16458 net.cpp:76] Creating Layer loss
I0822 01:28:28.755934 16458 net.cpp:86] loss <- fc8_aero
I0822 01:28:28.755939 16458 net.cpp:86] loss <- label
I0822 01:28:28.755952 16458 net.cpp:153] loss needs backward computation.
I0822 01:28:28.755981 16458 net.cpp:182] Collecting Learning Rate and Weight Decay.
I0822 01:28:28.755995 16458 net.cpp:175] Network initialization done.
I0822 01:28:28.755998 16458 net.cpp:176] Memory required for Data 1073739776
I0822 01:28:28.756039 16458 solver.cpp:45] Creating testing net.
I0822 01:28:28.756660 16458 net.cpp:76] Creating Layer data
I0822 01:28:28.756672 16458 net.cpp:112] data -> data
I0822 01:28:28.756680 16458 net.cpp:112] data -> label
I0822 01:28:28.756687 16458 data_layer.cpp:145] Opening leveldb scrape_zones_fine_val_leveldb
I0822 01:28:28.803244 16458 data_layer.cpp:185] output data size: 256,3,227,227
I0822 01:28:28.803261 16458 data_layer.cpp:204] Loading mean file from../../data/scrape_zones/scrape_zones_fine_mean.binaryproto
I0822 01:28:28.890663 16458 net.cpp:127] Top shape: 256 3 227 227 (39574272)
I0822 01:28:28.890682 16458 net.cpp:127] Top shape: 256 1 1 1 (256)
I0822 01:28:28.890688 16458 net.cpp:158] data does not need backward computation.
I0822 01:28:28.890700 16458 net.cpp:76] Creating Layer conv1
I0822 01:28:28.890707 16458 net.cpp:86] conv1 <- data
I0822 01:28:28.890714 16458 net.cpp:112] conv1 -> conv1
I0822 01:28:28.892125 16458 net.cpp:127] Top shape: 256 96 55 55 (74342400)
I0822 01:28:28.892135 16458 net.cpp:158] conv1 does not need backward computation.
I0822 01:28:28.892143 16458 net.cpp:76] Creating Layer relu1
I0822 01:28:28.892148 16458 net.cpp:86] relu1 <- conv1
I0822 01:28:28.892153 16458 net.cpp:100] relu1 -> conv1 (in-place)
I0822 01:28:28.892158 16458 net.cpp:127] Top shape: 256 96 55 55 (74342400)
I0822 01:28:28.892163 16458 net.cpp:158] relu1 does not need backward computation.
I0822 01:28:28.892168 16458 net.cpp:76] Creating Layer pool1
I0822 01:28:28.892173 16458 net.cpp:86] pool1 <- conv1
I0822 01:28:28.892176 16458 net.cpp:112] pool1 -> pool1
I0822 01:28:28.892184 16458 net.cpp:127] Top shape: 256 96 27 27 (17915904)
I0822 01:28:28.892187 16458 net.cpp:158] pool1 does not need backward computation.
I0822 01:28:28.892194 16458 net.cpp:76] Creating Layer norm1
I0822 01:28:28.892199 16458 net.cpp:86] norm1 <- pool1
I0822 01:28:28.892204 16458 net.cpp:112] norm1 -> norm1
I0822 01:28:28.892210 16458 net.cpp:127] Top shape: 256 96 27 27 (17915904)
I0822 01:28:28.892215 16458 net.cpp:158] norm1 does not need backward computation.
I0822 01:28:28.892220 16458 net.cpp:76] Creating Layer conv2
I0822 01:28:28.892225 16458 net.cpp:86] conv2 <- norm1
I0822 01:28:28.892230 16458 net.cpp:112] conv2 -> conv2
I0822 01:28:28.904666 16458 net.cpp:127] Top shape: 256 256 27 27 (47775744)
I0822 01:28:28.904690 16458 net.cpp:158] conv2 does not need backward computation.
I0822 01:28:28.904700 16458 net.cpp:76] Creating Layer relu2
I0822 01:28:28.904705 16458 net.cpp:86] relu2 <- conv2
I0822 01:28:28.904711 16458 net.cpp:100] relu2 -> conv2 (in-place)
I0822 01:28:28.904717 16458 net.cpp:127] Top shape: 256 256 27 27 (47775744)
I0822 01:28:28.904721 16458 net.cpp:158] relu2 does not need backward computation.
I0822 01:28:28.904727 16458 net.cpp:76] Creating Layer pool2
I0822 01:28:28.904731 16458 net.cpp:86] pool2 <- conv2
I0822 01:28:28.904736 16458 net.cpp:112] pool2 -> pool2
I0822 01:28:28.904742 16458 net.cpp:127] Top shape: 256 256 13 13 (11075584)
I0822 01:28:28.904747 16458 net.cpp:158] pool2 does not need backward computation.
I0822 01:28:28.904755 16458 net.cpp:76] Creating Layer norm2
I0822 01:28:28.904760 16458 net.cpp:86] norm2 <- pool2
I0822 01:28:28.904765 16458 net.cpp:112] norm2 -> norm2
I0822 01:28:28.904772 16458 net.cpp:127] Top shape: 256 256 13 13 (11075584)
I0822 01:28:28.904777 16458 net.cpp:158] norm2 does not need backward computation.
I0822 01:28:28.904783 16458 net.cpp:76] Creating Layer conv3
I0822 01:28:28.904788 16458 net.cpp:86] conv3 <- norm2
I0822 01:28:28.904793 16458 net.cpp:112] conv3 -> conv3
I0822 01:28:28.941898 16458 net.cpp:127] Top shape: 256 384 13 13 (16613376)
I0822 01:28:28.941925 16458 net.cpp:158] conv3 does not need backward computation.
I0822 01:28:28.941933 16458 net.cpp:76] Creating Layer relu3
I0822 01:28:28.941939 16458 net.cpp:86] relu3 <- conv3
I0822 01:28:28.941946 16458 net.cpp:100] relu3 -> conv3 (in-place)
I0822 01:28:28.941952 16458 net.cpp:127] Top shape: 256 384 13 13 (16613376)
I0822 01:28:28.941957 16458 net.cpp:158] relu3 does not need backward computation.
I0822 01:28:28.941963 16458 net.cpp:76] Creating Layer conv4
I0822 01:28:28.941968 16458 net.cpp:86] conv4 <- conv3
I0822 01:28:28.941972 16458 net.cpp:112] conv4 -> conv4
I0822 01:28:28.969789 16458 net.cpp:127] Top shape: 256 384 13 13 (16613376)
I0822 01:28:28.969815 16458 net.cpp:158] conv4 does not need backward computation.
I0822 01:28:28.969823 16458 net.cpp:76] Creating Layer relu4
I0822 01:28:28.969830 16458 net.cpp:86] relu4 <- conv4
I0822 01:28:28.969837 16458 net.cpp:100] relu4 -> conv4 (in-place)
I0822 01:28:28.969843 16458 net.cpp:127] Top shape: 256 384 13 13 (16613376)
I0822 01:28:28.969848 16458 net.cpp:158] relu4 does not need backward computation.
I0822 01:28:28.969854 16458 net.cpp:76] Creating Layer conv5
I0822 01:28:28.969858 16458 net.cpp:86] conv5 <- conv4
I0822 01:28:28.969863 16458 net.cpp:112] conv5 -> conv5
I0822 01:28:28.988409 16458 net.cpp:127] Top shape: 256 256 13 13 (11075584)
I0822 01:28:28.988435 16458 net.cpp:158] conv5 does not need backward computation.
I0822 01:28:28.988442 16458 net.cpp:76] Creating Layer relu5
I0822 01:28:28.988448 16458 net.cpp:86] relu5 <- conv5
I0822 01:28:28.988454 16458 net.cpp:100] relu5 -> conv5 (in-place)
I0822 01:28:28.988461 16458 net.cpp:127] Top shape: 256 256 13 13 (11075584)
I0822 01:28:28.988464 16458 net.cpp:158] relu5 does not need backward computation.
I0822 01:28:28.988471 16458 net.cpp:76] Creating Layer pool5
I0822 01:28:28.988476 16458 net.cpp:86] pool5 <- conv5
I0822 01:28:28.988481 16458 net.cpp:112] pool5 -> pool5
I0822 01:28:28.988487 16458 net.cpp:127] Top shape: 256 256 6 6 (2359296)
I0822 01:28:28.988492 16458 net.cpp:158] pool5 does not need backward computation.
I0822 01:28:28.988500 16458 net.cpp:76] Creating Layer fc6
I0822 01:28:28.988504 16458 net.cpp:86] fc6 <- pool5
I0822 01:28:28.988509 16458 net.cpp:112] fc6 -> fc6
I0822 01:28:30.543849 16458 net.cpp:127] Top shape: 256 4096 1 1 (1048576)
I0822 01:28:30.543877 16458 net.cpp:153] fc6 needs backward computation.
I0822 01:28:30.543887 16458 net.cpp:76] Creating Layer relu6
I0822 01:28:30.543894 16458 net.cpp:86] relu6 <- fc6
I0822 01:28:30.543900 16458 net.cpp:100] relu6 -> fc6 (in-place)
I0822 01:28:30.543906 16458 net.cpp:127] Top shape: 256 4096 1 1 (1048576)
I0822 01:28:30.543911 16458 net.cpp:153] relu6 needs backward computation.
I0822 01:28:30.543916 16458 net.cpp:76] Creating Layer drop6
I0822 01:28:30.543920 16458 net.cpp:86] drop6 <- fc6
I0822 01:28:30.543926 16458 net.cpp:100] drop6 -> fc6 (in-place)
I0822 01:28:30.543931 16458 net.cpp:127] Top shape: 256 4096 1 1 (1048576)
I0822 01:28:30.543936 16458 net.cpp:153] drop6 needs backward computation.
I0822 01:28:30.543941 16458 net.cpp:76] Creating Layer fc7_new
I0822 01:28:30.543946 16458 net.cpp:86] fc7_new <- fc6
I0822 01:28:30.543951 16458 net.cpp:112] fc7_new -> fc7
I0822 01:28:31.234834 16458 net.cpp:127] Top shape: 256 4096 1 1 (1048576)
I0822 01:28:31.234863 16458 net.cpp:153] fc7_new needs backward computation.
I0822 01:28:31.234874 16458 net.cpp:76] Creating Layer relu7
I0822 01:28:31.234879 16458 net.cpp:86] relu7 <- fc7
I0822 01:28:31.234886 16458 net.cpp:100] relu7 -> fc7 (in-place)
I0822 01:28:31.234894 16458 net.cpp:127] Top shape: 256 4096 1 1 (1048576)
I0822 01:28:31.234897 16458 net.cpp:153] relu7 needs backward computation.
I0822 01:28:31.234904 16458 net.cpp:76] Creating Layer drop7
I0822 01:28:31.234907 16458 net.cpp:86] drop7 <- fc7
I0822 01:28:31.234912 16458 net.cpp:100] drop7 -> fc7 (in-place)
I0822 01:28:31.234917 16458 net.cpp:127] Top shape: 256 4096 1 1 (1048576)
I0822 01:28:31.234922 16458 net.cpp:153] drop7 needs backward computation.
I0822 01:28:31.234928 16458 net.cpp:76] Creating Layer fc8_clamp
I0822 01:28:31.234932 16458 net.cpp:86] fc8_clamp <- fc7
I0822 01:28:31.234937 16458 net.cpp:112] fc8_clamp -> fc8_aero
I0822 01:28:31.235276 16458 net.cpp:127] Top shape: 256 2 1 1 (512)
I0822 01:28:31.235285 16458 net.cpp:153] fc8_clamp needs backward computation.
I0822 01:28:31.235291 16458 net.cpp:76] Creating Layer prob
I0822 01:28:31.235296 16458 net.cpp:86] prob <- fc8_aero
I0822 01:28:31.235301 16458 net.cpp:112] prob -> prob
I0822 01:28:31.235307 16458 net.cpp:127] Top shape: 256 2 1 1 (512)
I0822 01:28:31.235312 16458 net.cpp:153] prob needs backward computation.
I0822 01:28:31.235317 16458 net.cpp:76] Creating Layer accuracy
I0822 01:28:31.235321 16458 net.cpp:86] accuracy <- prob
I0822 01:28:31.235327 16458 net.cpp:86] accuracy <- label
I0822 01:28:31.235332 16458 net.cpp:112] accuracy -> accuracy
I0822 01:28:31.235348 16458 net.cpp:127] Top shape: 1 2 1 1 (2)
I0822 01:28:31.235353 16458 net.cpp:153] accuracy needs backward computation.
I0822 01:28:31.235357 16458 net.cpp:164] This network produces output accuracy
I0822 01:28:31.235378 16458 net.cpp:182] Collecting Learning Rate and Weight Decay.
I0822 01:28:31.235388 16458 net.cpp:175] Network initialization done.
I0822 01:28:31.235393 16458 net.cpp:176] Memory required for Data 1073741832
I0822 01:28:31.235431 16458 solver.cpp:50] Solver scaffolding done.
I0822 01:28:31.235436 16458 finetune_net.cpp:27] Loading from ../alexnet/caffe_alexnet_model
I0822 01:28:31.885596 16458 net.cpp:366] Copying source layer data
I0822 01:28:31.885620 16458 net.cpp:366] Copying source layer conv1
I0822 01:28:31.885689 16458 net.cpp:366] Copying source layer relu1
I0822 01:28:31.885695 16458 net.cpp:366] Copying source layer norm1
I0822 01:28:31.885699 16458 net.cpp:366] Copying source layer pool1
I0822 01:28:31.885704 16458 net.cpp:366] Copying source layer conv2
I0822 01:28:31.886251 16458 net.cpp:366] Copying source layer relu2
I0822 01:28:31.886263 16458 net.cpp:366] Copying source layer norm2
I0822 01:28:31.886267 16458 net.cpp:366] Copying source layer pool2
I0822 01:28:31.886271 16458 net.cpp:366] Copying source layer conv3
I0822 01:28:31.887826 16458 net.cpp:366] Copying source layer relu3
I0822 01:28:31.887840 16458 net.cpp:366] Copying source layer conv4
I0822 01:28:31.888998 16458 net.cpp:366] Copying source layer relu4
I0822 01:28:31.889010 16458 net.cpp:366] Copying source layer conv5
I0822 01:28:31.889793 16458 net.cpp:366] Copying source layer relu5
I0822 01:28:31.889804 16458 net.cpp:366] Copying source layer pool5
I0822 01:28:31.889809 16458 net.cpp:366] Copying source layer fc6
I0822 01:28:32.012176 16458 net.cpp:366] Copying source layer relu6
I0822 01:28:32.012203 16458 net.cpp:366] Copying source layer drop6
I0822 01:28:32.012208 16458 net.cpp:366] Copying source layer fc7
I0822 01:28:32.066392 16458 net.cpp:366] Copying source layer relu7
I0822 01:28:32.066419 16458 net.cpp:366] Copying source layer drop7
I0822 01:28:32.066424 16458 net.cpp:363] Ignoring source layer fc8
I0822 01:28:32.066438 16458 net.cpp:366] Copying source layer loss
I0822 01:28:32.082344 16458 solver.cpp:62] Solving scrape_zonesFineNet
I0822 01:28:32.082378 16458 solver.cpp:136] Iteration 0, Testing net
output probs:
case 0: 0.240718, 0.759282, 
case 1: 0.224396, 0.775604, 
case 2: 0.0312957, 0.968704, 
min class case 3: 0.0559743, 0.944026, 
case 4: 0.298525, 0.701475, 
min class case 5: 0.100015, 0.899985, 
case 6: 0.102498, 0.897502, 
case 7: 0.18446, 0.81554, 
case 8: 0.31156, 0.68844, 
case 9: 0.127002, 0.872998, 
min class case 10: 0.100828, 0.899172, 
case 11: 0.0516249, 0.948375, 
case 12: 0.192351, 0.807649, 
case 13: 0.129425, 0.870575, 
min class case 14: 0.243545, 0.756455, 
case 15: 0.218172, 0.781828, 
min class case 16: 0.148872, 0.851128, 
case 17: 0.0861559, 0.913844, 
case 18: 0.290668, 0.709332, 
case 19: 0.0741689, 0.925831, 
I0822 01:28:32.611508 16458 solver.cpp:172] Test score #0: 0.500001
I0822 01:28:32.611526 16458 solver.cpp:172] Test score #1: 0.518441
output probs:
case 0: 0.483773, 0.516227, 
case 1: 0.497015, 0.502985, 
case 2: 0.406861, 0.593139, 
case 3: 0.543099, 0.456901, 
case 4: 0.309698, 0.690302, 
case 5: 0.892194, 0.107806, 
case 6: 0.427469, 0.572531, 
case 7: 0.684241, 0.315759, 
case 8: 0.309465, 0.690535, 
min class case 9: 0.243316, 0.756684, 
case 10: 0.0908263, 0.909174, 
case 11: 0.576985, 0.423015, 
case 12: 0.137301, 0.862699, 
min class case 13: 0.411084, 0.588916, 
min class case 14: 0.12222, 0.87778, 
case 15: 0.31322, 0.686779, 
min class case 16: 0.0761982, 0.923802, 
case 17: 0.186617, 0.813383, 
case 18: 0.187083, 0.812917, 
case 19: 0.0683147, 0.931685, 
SBL loss: 0.941054
SL loss: 0.678861
loss after net.hpp:Forward(): 0.941054
SL bottom_diff:
bottom_diff[0*2+0]: 0.241886,  bottom_diff[0*2+1]: -0.241886,  
bottom_diff[1*2+0]: 0.248507,  bottom_diff[1*2+1]: -0.248507,  
bottom_diff[2*2+0]: 0.20343,  bottom_diff[2*2+1]: -0.20343,  
bottom_diff[3*2+0]: 0.271549,  bottom_diff[3*2+1]: -0.271549,  
bottom_diff[4*2+0]: 0.154849,  bottom_diff[4*2+1]: -0.154849,  
bottom_diff[5*2+0]: 0.446097,  bottom_diff[5*2+1]: -0.446097,  
bottom_diff[6*2+0]: 0.213735,  bottom_diff[6*2+1]: -0.213735,  
bottom_diff[7*2+0]: 0.342121,  bottom_diff[7*2+1]: -0.342121,  
bottom_diff[8*2+0]: 0.154733,  bottom_diff[8*2+1]: -0.154733,  
min class case bottom_diff[9*2+0]: -0.378342,  bottom_diff[9*2+1]: 0.378342,  
bottom_diff[10*2+0]: 0.0454132,  bottom_diff[10*2+1]: -0.0454132,  
bottom_diff[11*2+0]: 0.288493,  bottom_diff[11*2+1]: -0.288493,  
bottom_diff[12*2+0]: 0.0686504,  bottom_diff[12*2+1]: -0.0686504,  
min class case bottom_diff[13*2+0]: -0.294458,  bottom_diff[13*2+1]: 0.294458,  
min class case bottom_diff[14*2+0]: -0.43889,  bottom_diff[14*2+1]: 0.43889,  
bottom_diff[15*2+0]: 0.15661,  bottom_diff[15*2+1]: -0.15661,  
min class case bottom_diff[16*2+0]: -0.461901,  bottom_diff[16*2+1]: 0.461901,  
bottom_diff[17*2+0]: 0.0933083,  bottom_diff[17*2+1]: -0.0933083,  
bottom_diff[18*2+0]: 0.0935414,  bottom_diff[18*2+1]: -0.0935414,  
bottom_diff[19*2+0]: 0.0341573,  bottom_diff[19*2+1]: -0.0341573,  

SBL bottom_diff:
bottom_diff[0*2+0]: 0.0713398,  bottom_diff[0*2+1]: -0.0713398,  
bottom_diff[1*2+0]: 0.0732925,  bottom_diff[1*2+1]: -0.0732925,  
bottom_diff[2*2+0]: 0.0599979,  bottom_diff[2*2+1]: -0.0599979,  
bottom_diff[3*2+0]: 0.0800883,  bottom_diff[3*2+1]: -0.0800883,  
bottom_diff[4*2+0]: 0.0456698,  bottom_diff[4*2+1]: -0.0456698,  
bottom_diff[5*2+0]: 0.131568,  bottom_diff[5*2+1]: -0.131568,  
bottom_diff[6*2+0]: 0.0630369,  bottom_diff[6*2+1]: -0.0630369,  
bottom_diff[7*2+0]: 0.100902,  bottom_diff[7*2+1]: -0.100902,  
bottom_diff[8*2+0]: 0.0456354,  bottom_diff[8*2+1]: -0.0456354,  
min class case bottom_diff[9*2+0]: -0.620869,  bottom_diff[9*2+1]: 0.620869,  
bottom_diff[10*2+0]: 0.0133937,  bottom_diff[10*2+1]: -0.0133937,  
bottom_diff[11*2+0]: 0.0850854,  bottom_diff[11*2+1]: -0.0850854,  
bottom_diff[12*2+0]: 0.0202471,  bottom_diff[12*2+1]: -0.0202471,  
min class case bottom_diff[13*2+0]: -0.483213,  bottom_diff[13*2+1]: 0.483213,  
min class case bottom_diff[14*2+0]: -0.72023,  bottom_diff[14*2+1]: 0.72023,  
bottom_diff[15*2+0]: 0.0461892,  bottom_diff[15*2+1]: -0.0461892,  
min class case bottom_diff[16*2+0]: -0.757991,  bottom_diff[16*2+1]: 0.757991,  
bottom_diff[17*2+0]: 0.0275195,  bottom_diff[17*2+1]: -0.0275195,  
bottom_diff[18*2+0]: 0.0275882,  bottom_diff[18*2+1]: -0.0275882,  
bottom_diff[19*2+0]: 0.0100741,  bottom_diff[19*2+1]: -0.0100741,  

loss after net.hpp:Backward(): 0.941054
I0822 01:28:33.073513 16458 solver.cpp:269] Iteration 1, lr = 0.0001
perform computation on GPU

current params: 
softmax 0: 
0.00292219, -0.00725465, -0.00477068, -0.0103371, -0.00894522, -0.0193926, -0.0248338, 0.000872519, -0.0124675, -0.00477373, 0.00116882, 0.00105679, 0.000181572, 0.0108888, -0.00816683, 0.00776717, 0.00669842, 0.00670546, -0.0116283, 0.000598198, 
softmax 1: 
0.0119979, 0.00698197, -0.00430647, -0.000244246, -0.0123877, 0.0330268, -0.00261837, 0.00911844, -0.0206981, 0.000812687, 0.00400293, -0.00305217, 0.00738263, 0.0121381, -0.00538304, -0.0100097, 0.0115312, -0.0209, 0.00374244, 0.000935451, 

diff: 
softmax 0: 
0.00102515, 5.613e-05, -0.00418155, -0.00612508, -0.00355471, -0.00460835, 0.000501791, 0.0018661, -0.00482973, 0.00157988, -0.000623425, -0.00475233, -0.00188007, -0.0104289, -0.00600403, 0.000565996, -0.000386544, -0.00152908, -0.000989418, -0.0016815, 
softmax 1: 
-0.00102515, -5.61301e-05, 0.00418155, 0.00612508, 0.00355471, 0.00460835, -0.000501792, -0.0018661, 0.00482973, -0.00157988, 0.000623425, 0.00475233, 0.00188007, 0.0104289, 0.00600403, -0.000565996, 0.000386545, 0.00152908, 0.000989417, 0.0016815, 

new params: 
softmax 0: 
0.00189704, -0.00731078, -0.000589128, -0.00421205, -0.00539051, -0.0147843, -0.0253356, -0.000993584, -0.00763773, -0.00635361, 0.00179225, 0.00580912, 0.00206164, 0.0213177, -0.0021628, 0.00720118, 0.00708497, 0.00823454, -0.0106389, 0.0022797, 
softmax 1: 
0.0130231, 0.0070381, -0.00848802, -0.00636933, -0.0159424, 0.0284184, -0.00211658, 0.0109845, -0.0255279, 0.00239257, 0.0033795, -0.0078045, 0.00550256, 0.00170923, -0.0113871, -0.00944369, 0.0111446, -0.0224291, 0.00275303, -0.000746048, 

I0822 01:28:33.314399 16458 solver.cpp:117] Iteration 1, loss = 0.941054
I0822 01:28:33.314414 16458 solver.cpp:136] Iteration 1, Testing net
output probs:
case 0: 1, 4.46209e-14, 
case 1: 1, 1.87288e-13, 
case 2: 1, 1.0481e-14, 
case 3: 1, 2.91624e-14, 
case 4: 1, 3.60827e-15, 
case 5: 1, 5.73539e-14, 
case 6: 1, 3.01639e-13, 
case 7: 1, 1.22285e-13, 
case 8: 1, 1.43159e-14, 
case 9: 1, 2.85713e-14, 
case 10: 1, 1.89117e-15, 
case 11: 1, 3.8566e-14, 
case 12: 1, 8.1496e-16, 
case 13: 1, 3.58922e-14, 
case 14: 1, 3.4174e-14, 
case 15: 1, 1.21736e-14, 
case 16: 1, 2.59262e-14, 
case 17: 1, 2.41444e-14, 
case 18: 1, 2.69087e-14, 
case 19: 1, 5.69978e-14, 
I0822 01:28:33.747395 16458 solver.cpp:172] Test score #0: 0.5
I0822 01:28:33.747411 16458 solver.cpp:172] Test score #1: 25.474
output probs:
case 0: 1, 1.18535e-11, 
case 1: 1, 9.53711e-17, 
case 2: 1, 5.38731e-11, 
case 3: 1, 3.55151e-16, 
case 4: 1, 9.32891e-10, 
case 5: 1, 2.01792e-19, 
case 6: 1, 8.49782e-09, 
case 7: 1, 8.26871e-08, 
case 8: 0.999997, 2.99704e-06, 
case 9: 1, 8.63321e-16, 
case 10: 1, 1.43599e-07, 
case 11: 1, 1.48587e-12, 
min class case 12: 1, 2.07068e-10, 
case 13: 1, 5.4731e-12, 
case 14: 1, 5.55361e-20, 
case 15: 1, 3.95265e-16, 
min class case 16: 0.999998, 2.18234e-06, 
case 17: 1, 1.35846e-12, 
case 18: 1, 1.43017e-09, 
case 19: 1, 6.89811e-23, 
SBL loss: 4.79068
SL loss: 24.3277
loss after net.hpp:Forward(): 4.79068
SL bottom_diff:
bottom_diff[0*2+0]: 0.5,  bottom_diff[0*2+1]: -0.5,  
bottom_diff[1*2+0]: 0.5,  bottom_diff[1*2+1]: -0.5,  
bottom_diff[2*2+0]: 0.5,  bottom_diff[2*2+1]: -0.5,  
bottom_diff[3*2+0]: 0.5,  bottom_diff[3*2+1]: -0.5,  
bottom_diff[4*2+0]: 0.5,  bottom_diff[4*2+1]: -0.5,  
bottom_diff[5*2+0]: 0.5,  bottom_diff[5*2+1]: -0.5,  
bottom_diff[6*2+0]: 0.5,  bottom_diff[6*2+1]: -0.5,  
bottom_diff[7*2+0]: 0.5,  bottom_diff[7*2+1]: -0.5,  
bottom_diff[8*2+0]: 0.499999,  bottom_diff[8*2+1]: -0.499999,  
bottom_diff[9*2+0]: 0.5,  bottom_diff[9*2+1]: -0.5,  
bottom_diff[10*2+0]: 0.5,  bottom_diff[10*2+1]: -0.5,  
bottom_diff[11*2+0]: 0.5,  bottom_diff[11*2+1]: -0.5,  
min class case bottom_diff[12*2+0]: 0,  bottom_diff[12*2+1]: 1.03534e-10,  
bottom_diff[13*2+0]: 0.5,  bottom_diff[13*2+1]: -0.5,  
bottom_diff[14*2+0]: 0.5,  bottom_diff[14*2+1]: -0.5,  
bottom_diff[15*2+0]: 0.5,  bottom_diff[15*2+1]: -0.5,  
min class case bottom_diff[16*2+0]: -1.07288e-06,  bottom_diff[16*2+1]: 1.09117e-06,  
bottom_diff[17*2+0]: 0.5,  bottom_diff[17*2+1]: -0.5,  
bottom_diff[18*2+0]: 0.5,  bottom_diff[18*2+1]: -0.5,  
bottom_diff[19*2+0]: 0.5,  bottom_diff[19*2+1]: -0.5,  

SBL bottom_diff:
bottom_diff[0*2+0]: 0.073903,  bottom_diff[0*2+1]: -0.073903,  
bottom_diff[1*2+0]: 0.073903,  bottom_diff[1*2+1]: -0.073903,  
bottom_diff[2*2+0]: 0.073903,  bottom_diff[2*2+1]: -0.073903,  
bottom_diff[3*2+0]: 0.073903,  bottom_diff[3*2+1]: -0.073903,  
bottom_diff[4*2+0]: 0.073903,  bottom_diff[4*2+1]: -0.073903,  
bottom_diff[5*2+0]: 0.073903,  bottom_diff[5*2+1]: -0.073903,  
bottom_diff[6*2+0]: 0.073903,  bottom_diff[6*2+1]: -0.073903,  
bottom_diff[7*2+0]: 0.073903,  bottom_diff[7*2+1]: -0.073903,  
bottom_diff[8*2+0]: 0.0739028,  bottom_diff[8*2+1]: -0.0739028,  
bottom_diff[9*2+0]: 0.073903,  bottom_diff[9*2+1]: -0.073903,  
bottom_diff[10*2+0]: 0.073903,  bottom_diff[10*2+1]: -0.073903,  
bottom_diff[11*2+0]: 0.073903,  bottom_diff[11*2+1]: -0.073903,  
min class case bottom_diff[12*2+0]: 0,  bottom_diff[12*2+1]: 8.38757e-11,  
bottom_diff[13*2+0]: 0.073903,  bottom_diff[13*2+1]: -0.073903,  
bottom_diff[14*2+0]: 0.073903,  bottom_diff[14*2+1]: -0.073903,  
bottom_diff[15*2+0]: 0.073903,  bottom_diff[15*2+1]: -0.073903,  
min class case bottom_diff[16*2+0]: -8.69172e-07,  bottom_diff[16*2+1]: 8.83984e-07,  
bottom_diff[17*2+0]: 0.073903,  bottom_diff[17*2+1]: -0.073903,  
bottom_diff[18*2+0]: 0.073903,  bottom_diff[18*2+1]: -0.073903,  
bottom_diff[19*2+0]: 0.073903,  bottom_diff[19*2+1]: -0.073903,  

loss after net.hpp:Backward(): 4.79068
I0822 01:28:34.181180 16458 solver.cpp:269] Iteration 2, lr = 0.0001
perform computation on GPU

current params: 
softmax 0: 
0.00189704, -0.00731078, -0.000589128, -0.00421205, -0.00539051, -0.0147843, -0.0253356, -0.000993584, -0.00763773, -0.00635361, 0.00179225, 0.00580912, 0.00206164, 0.0213177, -0.0021628, 0.00720118, 0.00708497, 0.00823454, -0.0106389, 0.0022797, 
softmax 1: 
0.0130231, 0.0070381, -0.00848802, -0.00636933, -0.0159424, 0.0284184, -0.00211658, 0.0109845, -0.0255279, 0.00239257, 0.0033795, -0.0078045, 0.00550256, 0.00170923, -0.0113871, -0.00944369, 0.0111446, -0.0224291, 0.00275303, -0.000746048, 

diff: 
softmax 0: 
0.00275157, 0.0031058, 0.00253805, 0.000822132, 0.00758588, 0.00326729, 0.00171036, 0.00327385, 0.00748835, 0.00374125, 6.69337e-05, 0.0016759, 0.00334362, 0.00404307, 0.00187683, 0.00212407, 0.000390339, 0.000386386, 0.000939713, 0.000348267, 
softmax 1: 
-0.00275156, -0.0031058, -0.00253805, -0.000822132, -0.00758588, -0.00326729, -0.00171036, -0.00327385, -0.00748836, -0.00374125, -6.69335e-05, -0.0016759, -0.00334362, -0.00404307, -0.00187683, -0.00212407, -0.000390338, -0.000386386, -0.000939713, -0.000348267, 

new params: 
softmax 0: 
-0.000854524, -0.0104166, -0.00312718, -0.00503418, -0.0129764, -0.0180516, -0.0270459, -0.00426744, -0.0151261, -0.0100949, 0.00172532, 0.00413322, -0.00128198, 0.0172746, -0.00403963, 0.00507711, 0.00669463, 0.00784816, -0.0115786, 0.00193143, 
softmax 1: 
0.0157746, 0.0101439, -0.00594997, -0.0055472, -0.00835651, 0.0316857, -0.000406219, 0.0142584, -0.0180395, 0.00613382, 0.00344644, -0.0061286, 0.00884618, 0.00575231, -0.00951024, -0.00731962, 0.011535, -0.0220427, 0.00369274, -0.000397781, 

I0822 01:28:34.420217 16458 solver.cpp:117] Iteration 2, loss = 4.79068
I0822 01:28:34.420230 16458 solver.cpp:136] Iteration 2, Testing net
output probs:
case 0: 6.71536e-13, 1, 
case 1: 1.35044e-13, 1, 
case 2: 4.5363e-13, 1, 
case 3: 1.43816e-11, 1, 
case 4: 8.33033e-13, 1, 
case 5: 3.82784e-12, 1, 
case 6: 1.67628e-12, 1, 
min class case 7: 2.57715e-12, 1, 
case 8: 5.12569e-12, 1, 
case 9: 6.11023e-14, 1, 
case 10: 1.06888e-12, 1, 
case 11: 3.42099e-12, 1, 
case 12: 5.39461e-13, 1, 
case 13: 4.05384e-12, 1, 
min class case 14: 3.6146e-13, 1, 
case 15: 1.30927e-11, 1, 
min class case 16: 1.14991e-13, 1, 
case 17: 5.80931e-13, 1, 
min class case 18: 1.3132e-13, 1, 
min class case 19: 5.10964e-13, 1, 
I0822 01:28:34.853090 16458 solver.cpp:172] Test score #0: 0.500002
I0822 01:28:34.853104 16458 solver.cpp:172] Test score #1: 4.82062
output probs:
case 0: 0.0151999, 0.9848, 
case 1: 0.159379, 0.84062, 
case 2: 0.0122337, 0.987766, 
case 3: 0.0517466, 0.948253, 
min class case 4: 0.047887, 0.952113, 
case 5: 0.0071856, 0.992814, 
case 6: 0.000938743, 0.999061, 
case 7: 0.012308, 0.987692, 
case 8: 0.0875284, 0.912472, 
case 9: 0.0538708, 0.946129, 
case 10: 0.112584, 0.887416, 
case 11: 0.00152609, 0.998474, 
min class case 12: 0.011895, 0.988105, 
case 13: 0.0288842, 0.971116, 
case 14: 0.0597633, 0.940237, 
case 15: 0.0551671, 0.944833, 
case 16: 0.0191857, 0.980814, 
case 17: 0.000351278, 0.999649, 
min class case 18: 0.00933022, 0.99067, 
case 19: 0.033835, 0.966165, 
SBL loss: 0.479752
SL loss: 0.762613
loss after net.hpp:Forward(): 0.479752
SL bottom_diff:
bottom_diff[0*2+0]: 0.00759996,  bottom_diff[0*2+1]: -0.00759995,  
bottom_diff[1*2+0]: 0.0796897,  bottom_diff[1*2+1]: -0.0796898,  
bottom_diff[2*2+0]: 0.00611686,  bottom_diff[2*2+1]: -0.00611687,  
bottom_diff[3*2+0]: 0.0258733,  bottom_diff[3*2+1]: -0.0258733,  
min class case bottom_diff[4*2+0]: -0.476056,  bottom_diff[4*2+1]: 0.476057,  
bottom_diff[5*2+0]: 0.0035928,  bottom_diff[5*2+1]: -0.00359276,  
bottom_diff[6*2+0]: 0.000469371,  bottom_diff[6*2+1]: -0.000469357,  
bottom_diff[7*2+0]: 0.00615402,  bottom_diff[7*2+1]: -0.00615403,  
bottom_diff[8*2+0]: 0.0437642,  bottom_diff[8*2+1]: -0.0437642,  
bottom_diff[9*2+0]: 0.0269354,  bottom_diff[9*2+1]: -0.0269354,  
bottom_diff[10*2+0]: 0.0562922,  bottom_diff[10*2+1]: -0.0562921,  
bottom_diff[11*2+0]: 0.000763046,  bottom_diff[11*2+1]: -0.000763029,  
min class case bottom_diff[12*2+0]: -0.494052,  bottom_diff[12*2+1]: 0.494052,  
bottom_diff[13*2+0]: 0.0144421,  bottom_diff[13*2+1]: -0.0144421,  
bottom_diff[14*2+0]: 0.0298817,  bottom_diff[14*2+1]: -0.0298817,  
bottom_diff[15*2+0]: 0.0275835,  bottom_diff[15*2+1]: -0.0275836,  
bottom_diff[16*2+0]: 0.00959287,  bottom_diff[16*2+1]: -0.00959289,  
bottom_diff[17*2+0]: 0.000175639,  bottom_diff[17*2+1]: -0.000175655,  
min class case bottom_diff[18*2+0]: -0.495335,  bottom_diff[18*2+1]: 0.495335,  
bottom_diff[19*2+0]: 0.0169175,  bottom_diff[19*2+1]: -0.0169175,  

SBL bottom_diff:
bottom_diff[0*2+0]: 0.000749457,  bottom_diff[0*2+1]: -0.000749456,  
bottom_diff[1*2+0]: 0.00785847,  bottom_diff[1*2+1]: -0.00785847,  
bottom_diff[2*2+0]: 0.000603203,  bottom_diff[2*2+1]: -0.000603204,  
bottom_diff[3*2+0]: 0.00255145,  bottom_diff[3*2+1]: -0.00255145,  
min class case bottom_diff[4*2+0]: -0.25603,  bottom_diff[4*2+1]: 0.25603,  
bottom_diff[5*2+0]: 0.000354298,  bottom_diff[5*2+1]: -0.000354294,  
bottom_diff[6*2+0]: 4.62862e-05,  bottom_diff[6*2+1]: -4.62848e-05,  
bottom_diff[7*2+0]: 0.000606868,  bottom_diff[7*2+1]: -0.000606869,  
bottom_diff[8*2+0]: 0.00431573,  bottom_diff[8*2+1]: -0.00431573,  
bottom_diff[9*2+0]: 0.00265619,  bottom_diff[9*2+1]: -0.00265619,  
bottom_diff[10*2+0]: 0.00555115,  bottom_diff[10*2+1]: -0.00555115,  
bottom_diff[11*2+0]: 7.52464e-05,  bottom_diff[11*2+1]: -7.52448e-05,  
min class case bottom_diff[12*2+0]: -0.265709,  bottom_diff[12*2+1]: 0.265709,  
bottom_diff[13*2+0]: 0.00142418,  bottom_diff[13*2+1]: -0.00142418,  
bottom_diff[14*2+0]: 0.00294673,  bottom_diff[14*2+1]: -0.00294673,  
bottom_diff[15*2+0]: 0.0027201,  bottom_diff[15*2+1]: -0.00272011,  
bottom_diff[16*2+0]: 0.000945984,  bottom_diff[16*2+1]: -0.000945986,  
bottom_diff[17*2+0]: 1.73203e-05,  bottom_diff[17*2+1]: -1.73219e-05,  
min class case bottom_diff[18*2+0]: -0.266399,  bottom_diff[18*2+1]: 0.266399,  
bottom_diff[19*2+0]: 0.00166829,  bottom_diff[19*2+1]: -0.00166829,  

loss after net.hpp:Backward(): 0.479752
I0822 01:28:35.286900 16458 solver.cpp:269] Iteration 3, lr = 0.0001
perform computation on GPU

current params: 
softmax 0: 
-0.000854524, -0.0104166, -0.00312718, -0.00503418, -0.0129764, -0.0180516, -0.0270459, -0.00426744, -0.0151261, -0.0100949, 0.00172532, 0.00413322, -0.00128198, 0.0172746, -0.00403963, 0.00507711, 0.00669463, 0.00784816, -0.0115786, 0.00193143, 
softmax 1: 
0.0157746, 0.0101439, -0.00594997, -0.0055472, -0.00835651, 0.0316857, -0.000406219, 0.0142584, -0.0180395, 0.00613382, 0.00344644, -0.0061286, 0.00884618, 0.00575231, -0.00951024, -0.00731962, 0.011535, -0.0220427, 0.00369274, -0.000397781, 

diff: 
softmax 0: 
-0.00124541, 2.9442e-05, 1.30804e-05, 4.23682e-06, 4.16953e-05, 1.68379e-05, 1.27347e-05, 1.68725e-05, 4.08832e-05, -0.00175704, 3.45047e-07, 1.10901e-05, 1.72322e-05, 2.09158e-05, -0.00098099, -0.00853061, 2.01205e-06, 1.99173e-06, -0.000533147, 1.81182e-06, 
softmax 1: 
0.00124541, -2.9442e-05, -1.30808e-05, -4.23736e-06, -4.16964e-05, -1.68373e-05, -1.27361e-05, -1.6872e-05, -4.08849e-05, 0.00175704, -3.44787e-07, -1.10902e-05, -1.72318e-05, -2.09146e-05, 0.00098099, 0.00853061, -2.01113e-06, -1.99245e-06, 0.000533147, -1.81175e-06, 

new params: 
softmax 0: 
0.000390885, -0.010446, -0.00314026, -0.00503842, -0.0130181, -0.0180684, -0.0270587, -0.00428431, -0.015167, -0.00833782, 0.00172497, 0.00412213, -0.00129921, 0.0172537, -0.00305864, 0.0136077, 0.00669262, 0.00784616, -0.0110454, 0.00192962, 
softmax 1: 
0.0145292, 0.0101733, -0.00593689, -0.00554296, -0.00831481, 0.0317025, -0.000393483, 0.0142753, -0.0179986, 0.00437678, 0.00344678, -0.00611751, 0.00886341, 0.00577322, -0.0104912, -0.0158502, 0.011537, -0.0220407, 0.00315959, -0.00039597, 

I0822 01:28:35.525746 16458 solver.cpp:117] Iteration 3, loss = 0.479752
I0822 01:28:35.525759 16458 solver.cpp:136] Iteration 3, Testing net
output probs:
case 0: 2.26032e-10, 1, 
case 1: 7.04294e-09, 1, 
case 2: 2.36462e-09, 1, 
min class case 3: 2.98608e-10, 1, 
min class case 4: 3.36619e-12, 1, 
case 5: 2.02497e-09, 1, 
min class case 6: 8.00128e-10, 1, 
case 7: 4.70544e-10, 1, 
min class case 8: 1.25761e-09, 1, 
min class case 9: 9.15885e-09, 1, 
case 10: 1.18003e-08, 1, 
min class case 11: 3.02879e-10, 1, 
case 12: 1.63528e-10, 1, 
case 13: 1.29134e-08, 1, 
case 14: 1.83958e-08, 1, 
min class case 15: 5.04882e-10, 1, 
min class case 16: 5.53376e-10, 1, 
case 17: 1.89812e-09, 1, 
case 18: 7.21026e-10, 1, 
case 19: 1.71434e-10, 1, 
I0822 01:28:35.958356 16458 solver.cpp:172] Test score #0: 0.500001
I0822 01:28:35.958371 16458 solver.cpp:172] Test score #1: 3.67912
output probs:
case 0: 0.619018, 0.380982, 
case 1: 0.672378, 0.327622, 
case 2: 0.335302, 0.664698, 
case 3: 0.619989, 0.380011, 
case 4: 0.758777, 0.241223, 
case 5: 0.616993, 0.383007, 
case 6: 0.295294, 0.704706, 
min class case 7: 0.717656, 0.282344, 
min class case 8: 0.65279, 0.34721, 
min class case 9: 0.635173, 0.364827, 
min class case 10: 0.618885, 0.381115, 
case 11: 0.760792, 0.239208, 
case 12: 0.458174, 0.541826, 
case 13: 0.637781, 0.362219, 
case 14: 0.481801, 0.518199, 
case 15: 0.581651, 0.418349, 
case 16: 0.70275, 0.29725, 
case 17: 0.612446, 0.387554, 
case 18: 0.535378, 0.464622, 
case 19: 0.773638, 0.226362, 
SBL loss: 0.107785
SL loss: 0.865478
loss after net.hpp:Forward(): 0.107785
SL bottom_diff:
bottom_diff[0*2+0]: 0.309509,  bottom_diff[0*2+1]: -0.309509,  
bottom_diff[1*2+0]: 0.336189,  bottom_diff[1*2+1]: -0.336189,  
bottom_diff[2*2+0]: 0.167651,  bottom_diff[2*2+1]: -0.167651,  
bottom_diff[3*2+0]: 0.309994,  bottom_diff[3*2+1]: -0.309994,  
bottom_diff[4*2+0]: 0.379389,  bottom_diff[4*2+1]: -0.379389,  
bottom_diff[5*2+0]: 0.308496,  bottom_diff[5*2+1]: -0.308496,  
bottom_diff[6*2+0]: 0.147647,  bottom_diff[6*2+1]: -0.147647,  
min class case bottom_diff[7*2+0]: -0.141172,  bottom_diff[7*2+1]: 0.141172,  
min class case bottom_diff[8*2+0]: -0.173605,  bottom_diff[8*2+1]: 0.173605,  
min class case bottom_diff[9*2+0]: -0.182414,  bottom_diff[9*2+1]: 0.182414,  
min class case bottom_diff[10*2+0]: -0.190558,  bottom_diff[10*2+1]: 0.190558,  
bottom_diff[11*2+0]: 0.380396,  bottom_diff[11*2+1]: -0.380396,  
bottom_diff[12*2+0]: 0.229087,  bottom_diff[12*2+1]: -0.229087,  
bottom_diff[13*2+0]: 0.31889,  bottom_diff[13*2+1]: -0.31889,  
bottom_diff[14*2+0]: 0.2409,  bottom_diff[14*2+1]: -0.2409,  
bottom_diff[15*2+0]: 0.290826,  bottom_diff[15*2+1]: -0.290826,  
bottom_diff[16*2+0]: 0.351375,  bottom_diff[16*2+1]: -0.351375,  
bottom_diff[17*2+0]: 0.306223,  bottom_diff[17*2+1]: -0.306223,  
bottom_diff[18*2+0]: 0.267689,  bottom_diff[18*2+1]: -0.267689,  
bottom_diff[19*2+0]: 0.386819,  bottom_diff[19*2+1]: -0.386819,  

SBL bottom_diff:
bottom_diff[0*2+0]: 0.0232768,  bottom_diff[0*2+1]: -0.0232768,  
bottom_diff[1*2+0]: 0.0252833,  bottom_diff[1*2+1]: -0.0252833,  
bottom_diff[2*2+0]: 0.0126083,  bottom_diff[2*2+1]: -0.0126083,  
bottom_diff[3*2+0]: 0.0233133,  bottom_diff[3*2+1]: -0.0233133,  
bottom_diff[4*2+0]: 0.0285322,  bottom_diff[4*2+1]: -0.0285322,  
bottom_diff[5*2+0]: 0.0232007,  bottom_diff[5*2+1]: -0.0232007,  
bottom_diff[6*2+0]: 0.0111039,  bottom_diff[6*2+1]: -0.0111039,  
min class case bottom_diff[7*2+0]: -0.0522254,  bottom_diff[7*2+1]: 0.0522254,  
min class case bottom_diff[8*2+0]: -0.0642238,  bottom_diff[8*2+1]: 0.0642238,  
min class case bottom_diff[9*2+0]: -0.0674825,  bottom_diff[9*2+1]: 0.0674825,  
min class case bottom_diff[10*2+0]: -0.0704953,  bottom_diff[10*2+1]: 0.0704953,  
bottom_diff[11*2+0]: 0.0286079,  bottom_diff[11*2+1]: -0.0286079,  
bottom_diff[12*2+0]: 0.0172286,  bottom_diff[12*2+1]: -0.0172286,  
bottom_diff[13*2+0]: 0.0239824,  bottom_diff[13*2+1]: -0.0239824,  
bottom_diff[14*2+0]: 0.0181171,  bottom_diff[14*2+1]: -0.0181171,  
bottom_diff[15*2+0]: 0.0218717,  bottom_diff[15*2+1]: -0.0218717,  
bottom_diff[16*2+0]: 0.0264254,  bottom_diff[16*2+1]: -0.0264254,  
bottom_diff[17*2+0]: 0.0230297,  bottom_diff[17*2+1]: -0.0230297,  
bottom_diff[18*2+0]: 0.0201317,  bottom_diff[18*2+1]: -0.0201317,  
bottom_diff[19*2+0]: 0.029091,  bottom_diff[19*2+1]: -0.029091,  

loss after net.hpp:Backward(): 0.107785
I0822 01:28:36.391942 16458 solver.cpp:269] Iteration 4, lr = 0.0001
perform computation on GPU

current params: 
softmax 0: 
0.000390885, -0.010446, -0.00314026, -0.00503842, -0.0130181, -0.0180684, -0.0270587, -0.00428431, -0.015167, -0.00833782, 0.00172497, 0.00412213, -0.00129921, 0.0172537, -0.00305864, 0.0136077, 0.00669262, 0.00784616, -0.0110454, 0.00192962, 
softmax 1: 
0.0145292, 0.0101733, -0.00593689, -0.00554296, -0.00831481, 0.0317025, -0.000393483, 0.0142753, -0.0179986, 0.00437678, 0.00344678, -0.00611751, 0.00886341, 0.00577322, -0.0104912, -0.0158502, 0.011537, -0.0220407, 0.00315959, -0.00039597, 

diff: 
softmax 0: 
5.71003e-05, 3.78556e-05, 6.72562e-08, 2.15837e-08, -0.0004862, 3.34797e-06, 3.94664e-06, 2.13017e-05, 2.09944e-07, 0.000213717, 1.86454e-09, 5.73618e-08, 8.87458e-08, 0.000117048, 8.29692e-05, 0.00700286, 1.07043e-08, 1.06573e-08, -2.74827e-06, 9.43419e-09, 
softmax 1: 
-5.70996e-05, -3.78556e-05, -6.77124e-08, -2.21155e-08, 0.000486199, -3.34729e-06, -3.94802e-06, -2.13012e-05, -2.11611e-07, -0.000213717, -1.60462e-09, -5.74621e-08, -8.83656e-08, -0.000117047, -8.29699e-05, -0.00700286, -9.78807e-09, -1.13706e-08, 2.74787e-06, -9.35715e-09, 

new params: 
softmax 0: 
0.000333785, -0.0104839, -0.00314033, -0.00503844, -0.0125319, -0.0180718, -0.0270626, -0.00430561, -0.0151672, -0.00855153, 0.00172497, 0.00412207, -0.0012993, 0.0171366, -0.00314161, 0.00660486, 0.00669261, 0.00784615, -0.0110427, 0.00192961, 
softmax 1: 
0.0145863, 0.0102112, -0.00593682, -0.00554294, -0.00880101, 0.0317059, -0.000389535, 0.0142966, -0.0179984, 0.00459049, 0.00344678, -0.00611745, 0.0088635, 0.00589027, -0.0104083, -0.00884737, 0.011537, -0.0220407, 0.00315684, -0.00039596, 

I0822 01:28:36.630848 16458 solver.cpp:117] Iteration 4, loss = 0.107785
I0822 01:28:36.630861 16458 solver.cpp:136] Iteration 4, Testing net
output probs:
case 0: 7.72114e-11, 1, 
case 1: 5.2106e-11, 1, 
case 2: 4.43329e-10, 1, 
case 3: 1.83017e-11, 1, 
case 4: 4.02959e-09, 1, 
case 5: 3.11057e-11, 1, 
case 6: 1.36696e-08, 1, 
case 7: 1.74161e-10, 1, 
case 8: 1.29769e-08, 1, 
min class case 9: 2.01457e-10, 1, 
case 10: 5.33443e-10, 1, 
case 11: 9.52367e-11, 1, 
case 12: 1.57456e-10, 1, 
case 13: 1.55212e-08, 1, 
case 14: 1.89651e-10, 1, 
case 15: 1.07096e-09, 1, 
case 16: 3.88006e-11, 1, 
case 17: 1.69925e-08, 1, 
case 18: 2.03071e-11, 1, 
case 19: 9.17515e-08, 1, 
I0822 01:28:37.063967 16458 solver.cpp:172] Test score #0: 0.499999
I0822 01:28:37.063982 16458 solver.cpp:172] Test score #1: 4.20275
output probs:
case 0: 0.484742, 0.515258, 
case 1: 0.640475, 0.359525, 
case 2: 0.748296, 0.251704, 
case 3: 0.617443, 0.382557, 
min class case 4: 0.546885, 0.453115, 
case 5: 0.549578, 0.450422, 
case 6: 0.286282, 0.713718, 
case 7: 0.651148, 0.348852, 
min class case 8: 0.557552, 0.442448, 
case 9: 0.584146, 0.415854, 
case 10: 0.453218, 0.546782, 
case 11: 0.528565, 0.471435, 
min class case 12: 0.405408, 0.594592, 
case 13: 0.574157, 0.425843, 
case 14: 0.702581, 0.297419, 
case 15: 0.561008, 0.438992, 
case 16: 0.603372, 0.396628, 
case 17: 0.561135, 0.438865, 
min class case 18: 0.652815, 0.347185, 
min class case 19: 0.539989, 0.460011, 
SBL loss: 0.0763648
SL loss: 0.704676
loss after net.hpp:Forward(): 0.0763648
SL bottom_diff:
bottom_diff[0*2+0]: 0.242371,  bottom_diff[0*2+1]: -0.242371,  
bottom_diff[1*2+0]: 0.320238,  bottom_diff[1*2+1]: -0.320238,  
bottom_diff[2*2+0]: 0.374148,  bottom_diff[2*2+1]: -0.374148,  
bottom_diff[3*2+0]: 0.308721,  bottom_diff[3*2+1]: -0.308721,  
min class case bottom_diff[4*2+0]: -0.226557,  bottom_diff[4*2+1]: 0.226557,  
bottom_diff[5*2+0]: 0.274789,  bottom_diff[5*2+1]: -0.274789,  
bottom_diff[6*2+0]: 0.143141,  bottom_diff[6*2+1]: -0.143141,  
bottom_diff[7*2+0]: 0.325574,  bottom_diff[7*2+1]: -0.325574,  
min class case bottom_diff[8*2+0]: -0.221224,  bottom_diff[8*2+1]: 0.221224,  
bottom_diff[9*2+0]: 0.292073,  bottom_diff[9*2+1]: -0.292073,  
bottom_diff[10*2+0]: 0.226609,  bottom_diff[10*2+1]: -0.226609,  
bottom_diff[11*2+0]: 0.264282,  bottom_diff[11*2+1]: -0.264282,  
min class case bottom_diff[12*2+0]: -0.297296,  bottom_diff[12*2+1]: 0.297296,  
bottom_diff[13*2+0]: 0.287079,  bottom_diff[13*2+1]: -0.287079,  
bottom_diff[14*2+0]: 0.351291,  bottom_diff[14*2+1]: -0.351291,  
bottom_diff[15*2+0]: 0.280504,  bottom_diff[15*2+1]: -0.280504,  
bottom_diff[16*2+0]: 0.301686,  bottom_diff[16*2+1]: -0.301686,  
bottom_diff[17*2+0]: 0.280568,  bottom_diff[17*2+1]: -0.280568,  
min class case bottom_diff[18*2+0]: -0.173593,  bottom_diff[18*2+1]: 0.173593,  
min class case bottom_diff[19*2+0]: -0.230006,  bottom_diff[19*2+1]: 0.230005,  

SBL bottom_diff:
bottom_diff[0*2+0]: 0.0146062,  bottom_diff[0*2+1]: -0.0146062,  
bottom_diff[1*2+0]: 0.0192987,  bottom_diff[1*2+1]: -0.0192987,  
bottom_diff[2*2+0]: 0.0225475,  bottom_diff[2*2+1]: -0.0225475,  
bottom_diff[3*2+0]: 0.0186047,  bottom_diff[3*2+1]: -0.0186047,  
min class case bottom_diff[4*2+0]: -0.0665122,  bottom_diff[4*2+1]: 0.0665122,  
bottom_diff[5*2+0]: 0.0165598,  bottom_diff[5*2+1]: -0.0165598,  
bottom_diff[6*2+0]: 0.00862619,  bottom_diff[6*2+1]: -0.00862619,  
bottom_diff[7*2+0]: 0.0196203,  bottom_diff[7*2+1]: -0.0196203,  
min class case bottom_diff[8*2+0]: -0.0649466,  bottom_diff[8*2+1]: 0.0649466,  
bottom_diff[9*2+0]: 0.0176014,  bottom_diff[9*2+1]: -0.0176014,  
bottom_diff[10*2+0]: 0.0136563,  bottom_diff[10*2+1]: -0.0136563,  
bottom_diff[11*2+0]: 0.0159266,  bottom_diff[11*2+1]: -0.0159266,  
min class case bottom_diff[12*2+0]: -0.0872795,  bottom_diff[12*2+1]: 0.0872795,  
bottom_diff[13*2+0]: 0.0173004,  bottom_diff[13*2+1]: -0.0173004,  
bottom_diff[14*2+0]: 0.02117,  bottom_diff[14*2+1]: -0.02117,  
bottom_diff[15*2+0]: 0.0169042,  bottom_diff[15*2+1]: -0.0169042,  
bottom_diff[16*2+0]: 0.0181807,  bottom_diff[16*2+1]: -0.0181807,  
bottom_diff[17*2+0]: 0.016908,  bottom_diff[17*2+1]: -0.016908,  
min class case bottom_diff[18*2+0]: -0.050963,  bottom_diff[18*2+1]: 0.050963,  
min class case bottom_diff[19*2+0]: -0.0675246,  bottom_diff[19*2+1]: 0.0675245,  

loss after net.hpp:Backward(): 0.0763648
I0822 01:28:37.497211 16458 solver.cpp:269] Iteration 5, lr = 0.0001
perform computation on GPU

current params: 
softmax 0: 
0.000333785, -0.0104839, -0.00314033, -0.00503844, -0.0125319, -0.0180718, -0.0270626, -0.00430561, -0.0151672, -0.00855153, 0.00172497, 0.00412207, -0.0012993, 0.0171366, -0.00314161, 0.00660486, 0.00669261, 0.00784615, -0.0110427, 0.00192961, 
softmax 1: 
0.0145863, 0.0102112, -0.00593682, -0.00554294, -0.00880101, 0.0317059, -0.000389535, 0.0142966, -0.0179984, 0.00459049, 0.00344678, -0.00611745, 0.0088635, 0.00589027, -0.0104083, -0.00884737, 0.011537, -0.0220407, 0.00315684, -0.00039596, 

diff: 
softmax 0: 
-4.62779e-05, 1.94575e-07, 1.89606e-10, -1.40685e-10, 5.86594e-05, 3.35154e-06, 1.89869e-08, 7.78311e-06, 3.23645e-10, 1.74708e-05, 9.58578e-11, 5.01733e-10, 3.9241e-10, 0.000256689, 1.95751e-05, 3.30971e-05, 3.89798e-10, 4.47233e-10, 2.96177e-06, 1.45102e-10, 
softmax 1: 
4.62786e-05, -1.94588e-07, -6.45815e-10, -3.91125e-10, -5.86604e-05, -3.35085e-06, -2.03667e-08, -7.78261e-06, -1.99052e-09, -1.7471e-05, 1.64069e-10, -6.02019e-10, -1.22407e-11, -0.000256688, -1.95758e-05, -3.30971e-05, 5.26403e-10, -1.16064e-09, -2.96216e-06, -6.80226e-11, 

new params: 
softmax 0: 
0.000380063, -0.0104841, -0.00314033, -0.00503844, -0.0125905, -0.0180751, -0.0270626, -0.00431339, -0.0151672, -0.008569, 0.00172497, 0.00412207, -0.0012993, 0.0168799, -0.00316118, 0.00657176, 0.00669261, 0.00784615, -0.0110457, 0.00192961, 
softmax 1: 
0.01454, 0.0102114, -0.00593682, -0.00554294, -0.00874235, 0.0317092, -0.000389514, 0.0143044, -0.0179984, 0.00460796, 0.00344678, -0.00611745, 0.0088635, 0.00614696, -0.0103887, -0.00881427, 0.011537, -0.0220407, 0.00315981, -0.00039596, 

I0822 01:28:37.736102 16458 solver.cpp:117] Iteration 5, loss = 0.0763648
I0822 01:28:37.736114 16458 solver.cpp:136] Iteration 5, Testing net
output probs:
case 0: 1.65051e-10, 1, 
case 1: 4.62991e-10, 1, 
case 2: 4.55732e-09, 1, 
case 3: 1.18907e-10, 1, 
case 4: 3.3503e-10, 1, 
case 5: 8.76594e-10, 1, 
case 6: 1.69118e-10, 1, 
case 7: 8.02453e-10, 1, 
case 8: 3.63318e-09, 1, 
min class case 9: 1.24602e-10, 1, 
case 10: 4.18247e-10, 1, 
case 11: 2.53237e-10, 1, 
case 12: 9.3407e-10, 1, 
min class case 13: 2.66137e-10, 1, 
min class case 14: 1.32782e-10, 1, 
case 15: 2.21724e-09, 1, 
min class case 16: 1.9659e-10, 1, 
case 17: 9.06837e-11, 1, 
case 18: 4.71659e-10, 1, 
case 19: 5.16437e-11, 1, 
I0822 01:28:38.168773 16458 solver.cpp:172] Test score #0: 0.500001
I0822 01:28:38.168788 16458 solver.cpp:172] Test score #1: 4.1381
output probs:
case 0: 0.1473, 0.8527, 
case 1: 0.636608, 0.363392, 
case 2: 0.710072, 0.289928, 
case 3: 0.614469, 0.385531, 
case 4: 0.28481, 0.71519, 
case 5: 0.493256, 0.506744, 
case 6: 0.489895, 0.510105, 
case 7: 0.257669, 0.742331, 
case 8: 0.606903, 0.393097, 
case 9: 0.343204, 0.656796, 
min class case 10: 0.385531, 0.614469, 
case 11: 0.539525, 0.460475, 
case 12: 0.556898, 0.443102, 
case 13: 0.491876, 0.508124, 
min class case 14: 0.487799, 0.512201, 
case 15: 0.577795, 0.422205, 
case 16: 0.277322, 0.722678, 
min class case 17: 0.587426, 0.412574, 
case 18: 0.738978, 0.261022, 
case 19: 0.552654, 0.447346, 
SBL loss: 0.0675617
SL loss: 0.706487
loss after net.hpp:Forward(): 0.0675617
SL bottom_diff:
bottom_diff[0*2+0]: 0.07365,  bottom_diff[0*2+1]: -0.0736499,  
bottom_diff[1*2+0]: 0.318304,  bottom_diff[1*2+1]: -0.318304,  
bottom_diff[2*2+0]: 0.355036,  bottom_diff[2*2+1]: -0.355036,  
bottom_diff[3*2+0]: 0.307235,  bottom_diff[3*2+1]: -0.307235,  
bottom_diff[4*2+0]: 0.142405,  bottom_diff[4*2+1]: -0.142405,  
bottom_diff[5*2+0]: 0.246628,  bottom_diff[5*2+1]: -0.246628,  
bottom_diff[6*2+0]: 0.244947,  bottom_diff[6*2+1]: -0.244947,  
bottom_diff[7*2+0]: 0.128835,  bottom_diff[7*2+1]: -0.128835,  
bottom_diff[8*2+0]: 0.303451,  bottom_diff[8*2+1]: -0.303451,  
bottom_diff[9*2+0]: 0.171602,  bottom_diff[9*2+1]: -0.171602,  
min class case bottom_diff[10*2+0]: -0.307234,  bottom_diff[10*2+1]: 0.307234,  
bottom_diff[11*2+0]: 0.269763,  bottom_diff[11*2+1]: -0.269763,  
bottom_diff[12*2+0]: 0.278449,  bottom_diff[12*2+1]: -0.278449,  
bottom_diff[13*2+0]: 0.245938,  bottom_diff[13*2+1]: -0.245938,  
min class case bottom_diff[14*2+0]: -0.2561,  bottom_diff[14*2+1]: 0.2561,  
bottom_diff[15*2+0]: 0.288898,  bottom_diff[15*2+1]: -0.288898,  
bottom_diff[16*2+0]: 0.138661,  bottom_diff[16*2+1]: -0.138661,  
min class case bottom_diff[17*2+0]: -0.206287,  bottom_diff[17*2+1]: 0.206287,  
bottom_diff[18*2+0]: 0.369489,  bottom_diff[18*2+1]: -0.369489,  
bottom_diff[19*2+0]: 0.276327,  bottom_diff[19*2+1]: -0.276327,  

SBL bottom_diff:
bottom_diff[0*2+0]: 0.00371442,  bottom_diff[0*2+1]: -0.00371442,  
bottom_diff[1*2+0]: 0.0160531,  bottom_diff[1*2+1]: -0.0160531,  
bottom_diff[2*2+0]: 0.0179057,  bottom_diff[2*2+1]: -0.0179057,  
bottom_diff[3*2+0]: 0.0154949,  bottom_diff[3*2+1]: -0.0154949,  
bottom_diff[4*2+0]: 0.00718197,  bottom_diff[4*2+1]: -0.00718197,  
bottom_diff[5*2+0]: 0.0124383,  bottom_diff[5*2+1]: -0.0124383,  
bottom_diff[6*2+0]: 0.0123535,  bottom_diff[6*2+1]: -0.0123535,  
bottom_diff[7*2+0]: 0.00649757,  bottom_diff[7*2+1]: -0.00649757,  
bottom_diff[8*2+0]: 0.0153041,  bottom_diff[8*2+1]: -0.0153041,  
bottom_diff[9*2+0]: 0.00865448,  bottom_diff[9*2+1]: -0.00865448,  
min class case bottom_diff[10*2+0]: -0.0736442,  bottom_diff[10*2+1]: 0.0736442,  
bottom_diff[11*2+0]: 0.013605,  bottom_diff[11*2+1]: -0.013605,  
bottom_diff[12*2+0]: 0.0140431,  bottom_diff[12*2+1]: -0.0140431,  
bottom_diff[13*2+0]: 0.0124035,  bottom_diff[13*2+1]: -0.0124035,  
min class case bottom_diff[14*2+0]: -0.0613874,  bottom_diff[14*2+1]: 0.0613874,  
bottom_diff[15*2+0]: 0.0145701,  bottom_diff[15*2+1]: -0.0145701,  
bottom_diff[16*2+0]: 0.00699315,  bottom_diff[16*2+1]: -0.00699315,  
min class case bottom_diff[17*2+0]: -0.0494471,  bottom_diff[17*2+1]: 0.0494471,  
bottom_diff[18*2+0]: 0.0186346,  bottom_diff[18*2+1]: -0.0186346,  
bottom_diff[19*2+0]: 0.0139361,  bottom_diff[19*2+1]: -0.0139361,  

loss after net.hpp:Backward(): 0.0675617
I0822 01:28:38.602020 16458 solver.cpp:269] Iteration 6, lr = 0.0001
perform computation on GPU

current params: 
softmax 0: 
0.000380063, -0.0104841, -0.00314033, -0.00503844, -0.0125905, -0.0180751, -0.0270626, -0.00431339, -0.0151672, -0.008569, 0.00172497, 0.00412207, -0.0012993, 0.0168799, -0.00316118, 0.00657176, 0.00669261, 0.00784615, -0.0110457, 0.00192961, 
softmax 1: 
0.01454, 0.0102114, -0.00593682, -0.00554294, -0.00874235, 0.0317092, -0.000389514, 0.0143044, -0.0179984, 0.00460796, 0.00344678, -0.00611745, 0.0088635, 0.00614696, -0.0103887, -0.00881427, 0.011537, -0.0220407, 0.00315981, -0.00039596, 

diff: 
softmax 0: 
3.23002e-05, 6.18451e-05, 5.35389e-06, -2.52647e-10, 3.84775e-06, 1.63693e-08, -1.25528e-09, 3.98967e-08, 2.76891e-07, 7.57933e-05, 8.67424e-11, 5.6551e-06, -6.29426e-11, 3.30043e-05, 3.71197e-06, 0.00125476, 3.36639e-10, 3.94613e-10, 7.41202e-06, 9.72283e-11, 
softmax 1: 
-3.22994e-05, -6.18451e-05, -5.35434e-06, -2.79163e-10, -3.84883e-06, -1.5684e-08, -1.24441e-10, -3.93945e-08, -2.78558e-07, -7.57935e-05, 1.73185e-10, -5.6552e-06, 4.43112e-10, -3.30032e-05, -3.71266e-06, -0.00125476, 5.79562e-10, -1.10802e-09, -7.41241e-06, -2.01486e-11, 

new params: 
softmax 0: 
0.000347762, -0.0105459, -0.00314568, -0.00503844, -0.0125944, -0.0180751, -0.0270626, -0.00431343, -0.0151675, -0.0086448, 0.00172497, 0.00411642, -0.0012993, 0.0168469, -0.0031649, 0.005317, 0.00669261, 0.00784615, -0.0110531, 0.00192961, 
softmax 1: 
0.0145723, 0.0102732, -0.00593147, -0.00554294, -0.0087385, 0.0317093, -0.000389514, 0.0143044, -0.0179981, 0.00468376, 0.00344678, -0.0061118, 0.0088635, 0.00617996, -0.010385, -0.00755951, 0.011537, -0.0220407, 0.00316722, -0.00039596, 

I0822 01:28:38.840971 16458 solver.cpp:117] Iteration 6, loss = 0.0675617
I0822 01:28:38.840984 16458 solver.cpp:136] Iteration 6, Testing net
output probs:
case 0: 3.80323e-10, 1, 
min class case 1: 5.35172e-09, 1, 
case 2: 3.452e-11, 1, 
case 3: 5.75503e-09, 1, 
case 4: 1.42235e-10, 1, 
min class case 5: 2.79859e-10, 1, 
min class case 6: 1.00304e-10, 1, 
case 7: 2.12e-09, 1, 
case 8: 1.6492e-11, 1, 
case 9: 1.08612e-10, 1, 
case 10: 1.8269e-10, 1, 
case 11: 3.56873e-10, 1, 
case 12: 1.85945e-10, 1, 
case 13: 1.10225e-10, 1, 
min class case 14: 1.92063e-09, 1, 
case 15: 8.58249e-10, 1, 
case 16: 1.15703e-09, 1, 
case 17: 2.18884e-09, 1, 
min class case 18: 9.35279e-10, 1, 
case 19: 9.63143e-12, 1, 
I0822 01:28:39.274243 16458 solver.cpp:172] Test score #0: 0.500001
I0822 01:28:39.274260 16458 solver.cpp:172] Test score #1: 4.16037
output probs:
case 0: 0.474818, 0.525182, 
case 1: 0.39664, 0.60336, 
case 2: 0.524305, 0.475695, 
case 3: 0.446297, 0.553703, 
case 4: 0.547842, 0.452158, 
case 5: 0.442222, 0.557778, 
case 6: 0.649129, 0.350871, 
case 7: 0.550699, 0.449301, 
case 8: 0.517728, 0.482272, 
case 9: 0.448698, 0.551302, 
min class case 10: 0.464247, 0.535754, 
min class case 11: 0.417868, 0.582132, 
min class case 12: 0.58566, 0.41434, 
case 13: 0.520427, 0.479573, 
case 14: 0.521102, 0.478898, 
case 15: 0.475833, 0.524167, 
case 16: 0.420917, 0.579083, 
case 17: 0.571616, 0.428384, 
min class case 18: 0.531866, 0.468134, 
case 19: 0.173151, 0.826849, 
SBL loss: 0.0548437
SL loss: 0.679954
loss after net.hpp:Forward(): 0.0548437
SL bottom_diff:
bottom_diff[0*2+0]: 0.237409,  bottom_diff[0*2+1]: -0.237409,  
bottom_diff[1*2+0]: 0.19832,  bottom_diff[1*2+1]: -0.19832,  
bottom_diff[2*2+0]: 0.262152,  bottom_diff[2*2+1]: -0.262152,  
bottom_diff[3*2+0]: 0.223149,  bottom_diff[3*2+1]: -0.223149,  
bottom_diff[4*2+0]: 0.273921,  bottom_diff[4*2+1]: -0.273921,  
bottom_diff[5*2+0]: 0.221111,  bottom_diff[5*2+1]: -0.221111,  
bottom_diff[6*2+0]: 0.324564,  bottom_diff[6*2+1]: -0.324564,  
bottom_diff[7*2+0]: 0.275349,  bottom_diff[7*2+1]: -0.275349,  
bottom_diff[8*2+0]: 0.258864,  bottom_diff[8*2+1]: -0.258864,  
bottom_diff[9*2+0]: 0.224349,  bottom_diff[9*2+1]: -0.224349,  
min class case bottom_diff[10*2+0]: -0.267877,  bottom_diff[10*2+1]: 0.267877,  
min class case bottom_diff[11*2+0]: -0.291066,  bottom_diff[11*2+1]: 0.291066,  
min class case bottom_diff[12*2+0]: -0.20717,  bottom_diff[12*2+1]: 0.20717,  
bottom_diff[13*2+0]: 0.260214,  bottom_diff[13*2+1]: -0.260214,  
bottom_diff[14*2+0]: 0.260551,  bottom_diff[14*2+1]: -0.260551,  
bottom_diff[15*2+0]: 0.237917,  bottom_diff[15*2+1]: -0.237917,  
bottom_diff[16*2+0]: 0.210458,  bottom_diff[16*2+1]: -0.210458,  
bottom_diff[17*2+0]: 0.285808,  bottom_diff[17*2+1]: -0.285808,  
min class case bottom_diff[18*2+0]: -0.234067,  bottom_diff[18*2+1]: 0.234067,  
bottom_diff[19*2+0]: 0.0865757,  bottom_diff[19*2+1]: -0.0865757,  

SBL bottom_diff:
bottom_diff[0*2+0]: 0.0103291,  bottom_diff[0*2+1]: -0.0103291,  
bottom_diff[1*2+0]: 0.00862847,  bottom_diff[1*2+1]: -0.00862847,  
bottom_diff[2*2+0]: 0.0114057,  bottom_diff[2*2+1]: -0.0114057,  
bottom_diff[3*2+0]: 0.00970871,  bottom_diff[3*2+1]: -0.00970871,  
bottom_diff[4*2+0]: 0.0119177,  bottom_diff[4*2+1]: -0.0119177,  
bottom_diff[5*2+0]: 0.00962006,  bottom_diff[5*2+1]: -0.00962006,  
bottom_diff[6*2+0]: 0.0141211,  bottom_diff[6*2+1]: -0.0141211,  
bottom_diff[7*2+0]: 0.0119798,  bottom_diff[7*2+1]: -0.0119799,  
bottom_diff[8*2+0]: 0.0112626,  bottom_diff[8*2+1]: -0.0112626,  
bottom_diff[9*2+0]: 0.00976094,  bottom_diff[9*2+1]: -0.00976094,  
min class case bottom_diff[10*2+0]: -0.0534084,  bottom_diff[10*2+1]: 0.0534085,  
min class case bottom_diff[11*2+0]: -0.0580319,  bottom_diff[11*2+1]: 0.0580319,  
min class case bottom_diff[12*2+0]: -0.0413049,  bottom_diff[12*2+1]: 0.0413049,  
bottom_diff[13*2+0]: 0.0113213,  bottom_diff[13*2+1]: -0.0113213,  
bottom_diff[14*2+0]: 0.011336,  bottom_diff[14*2+1]: -0.011336,  
bottom_diff[15*2+0]: 0.0103512,  bottom_diff[15*2+1]: -0.0103512,  
bottom_diff[16*2+0]: 0.00915659,  bottom_diff[16*2+1]: -0.00915659,  
bottom_diff[17*2+0]: 0.0124349,  bottom_diff[17*2+1]: -0.0124349,  
min class case bottom_diff[18*2+0]: -0.0466676,  bottom_diff[18*2+1]: 0.0466676,  
bottom_diff[19*2+0]: 0.00376672,  bottom_diff[19*2+1]: -0.00376672,  

loss after net.hpp:Backward(): 0.0548437
I0822 01:28:39.707762 16458 solver.cpp:269] Iteration 7, lr = 0.0001
perform computation on GPU

current params: 
softmax 0: 
0.000347762, -0.0105459, -0.00314568, -0.00503844, -0.0125944, -0.0180751, -0.0270626, -0.00431343, -0.0151675, -0.0086448, 0.00172497, 0.00411642, -0.0012993, 0.0168469, -0.0031649, 0.005317, 0.00669261, 0.00784615, -0.0110531, 0.00192961, 
softmax 1: 
0.0145723, 0.0102732, -0.00593147, -0.00554294, -0.0087385, 0.0317093, -0.000389514, 0.0143044, -0.0179981, 0.00468376, 0.00344678, -0.0061118, 0.0088635, 0.00617996, -0.010385, -0.00755951, 0.011537, -0.0220407, 0.00316722, -0.00039596, 

diff: 
softmax 0: 
5.84366e-06, 6.36944e-06, 2.74354e-08, -2.53224e-10, 1.92007e-08, -8.19392e-10, 5.71619e-06, 7.57907e-06, 6.68659e-10, 8.33839e-05, 8.66955e-11, 2.93509e-08, -6.52893e-11, 0.000214404, 5.86565e-06, 0.0002052, 3.36365e-10, 3.94341e-10, 3.76472e-08, 9.69815e-11, 
softmax 1: 
-5.84292e-06, -6.36945e-06, -2.78916e-08, -2.78586e-10, -2.02729e-08, 1.50463e-09, -5.71757e-06, -7.57857e-06, -2.33553e-09, -8.33841e-05, 1.73232e-10, -2.94512e-08, 4.45459e-10, -0.000214402, -5.86634e-06, -0.0002052, 5.79836e-10, -1.10775e-09, -3.80435e-08, -1.99019e-11, 

new params: 
softmax 0: 
0.000341919, -0.0105523, -0.00314571, -0.00503844, -0.0125944, -0.0180751, -0.0270683, -0.00432101, -0.0151675, -0.00872818, 0.00172497, 0.00411639, -0.0012993, 0.0166325, -0.00317076, 0.0051118, 0.00669261, 0.00784615, -0.0110531, 0.00192961, 
softmax 1: 
0.0145782, 0.0102796, -0.00593144, -0.00554294, -0.00873848, 0.0317093, -0.000383796, 0.014312, -0.0179981, 0.00476714, 0.00344678, -0.00611177, 0.0088635, 0.00639436, -0.0103791, -0.00735431, 0.011537, -0.0220407, 0.00316726, -0.00039596, 

I0822 01:28:39.946801 16458 solver.cpp:117] Iteration 7, loss = 0.0548437
I0822 01:28:39.946816 16458 solver.cpp:136] Iteration 7, Testing net
output probs:
case 0: 2.58244e-09, 1, 
case 1: 9.55614e-10, 1, 
case 2: 1.20847e-09, 1, 
case 3: 3.51883e-10, 1, 
case 4: 3.32864e-10, 1, 
case 5: 1.45952e-10, 1, 
min class case 6: 2.61524e-10, 1, 
case 7: 8.14105e-10, 1, 
case 8: 2.42585e-10, 1, 
case 9: 8.22041e-09, 1, 
case 10: 1.13654e-10, 1, 
case 11: 2.25974e-10, 1, 
case 12: 9.0499e-11, 1, 
case 13: 2.69356e-11, 1, 
case 14: 5.0627e-11, 1, 
case 15: 2.98988e-10, 1, 
case 16: 2.37513e-08, 1, 
case 17: 5.34127e-10, 1, 
case 18: 7.51646e-11, 1, 
case 19: 6.00792e-09, 1, 
I0822 01:28:40.379945 16458 solver.cpp:172] Test score #0: 0.500001
I0822 01:28:40.379961 16458 solver.cpp:172] Test score #1: 3.46193
output probs:
case 0: 0.519152, 0.480848, 
case 1: 0.583364, 0.416636, 
case 2: 0.603106, 0.396895, 
case 3: 0.0151188, 0.984881, 
case 4: 0.748491, 0.251509, 
case 5: 0.55339, 0.44661, 
case 6: 0.445175, 0.554825, 
case 7: 0.490431, 0.509569, 
case 8: 0.547375, 0.452625, 
min class case 9: 0.443796, 0.556204, 
case 10: 0.347508, 0.652492, 
case 11: 0.587926, 0.412074, 
case 12: 0.535532, 0.464468, 
case 13: 0.25095, 0.74905, 
case 14: 0.66478, 0.33522, 
case 15: 0.581547, 0.418453, 
case 16: 0.428737, 0.571263, 
min class case 17: 0.407128, 0.592872, 
case 18: 0.555071, 0.444929, 
case 19: 0.51696, 0.48304, 
SBL loss: 0.0467188
SL loss: 0.719175
loss after net.hpp:Forward(): 0.0467188
SL bottom_diff:
bottom_diff[0*2+0]: 0.259576,  bottom_diff[0*2+1]: -0.259576,  
bottom_diff[1*2+0]: 0.291682,  bottom_diff[1*2+1]: -0.291682,  
bottom_diff[2*2+0]: 0.301553,  bottom_diff[2*2+1]: -0.301553,  
bottom_diff[3*2+0]: 0.00755941,  bottom_diff[3*2+1]: -0.00755942,  
bottom_diff[4*2+0]: 0.374245,  bottom_diff[4*2+1]: -0.374245,  
bottom_diff[5*2+0]: 0.276695,  bottom_diff[5*2+1]: -0.276695,  
bottom_diff[6*2+0]: 0.222587,  bottom_diff[6*2+1]: -0.222587,  
bottom_diff[7*2+0]: 0.245216,  bottom_diff[7*2+1]: -0.245216,  
bottom_diff[8*2+0]: 0.273687,  bottom_diff[8*2+1]: -0.273687,  
min class case bottom_diff[9*2+0]: -0.278102,  bottom_diff[9*2+1]: 0.278102,  
bottom_diff[10*2+0]: 0.173754,  bottom_diff[10*2+1]: -0.173754,  
bottom_diff[11*2+0]: 0.293963,  bottom_diff[11*2+1]: -0.293963,  
bottom_diff[12*2+0]: 0.267766,  bottom_diff[12*2+1]: -0.267766,  
bottom_diff[13*2+0]: 0.125475,  bottom_diff[13*2+1]: -0.125475,  
bottom_diff[14*2+0]: 0.33239,  bottom_diff[14*2+1]: -0.33239,  
bottom_diff[15*2+0]: 0.290773,  bottom_diff[15*2+1]: -0.290773,  
bottom_diff[16*2+0]: 0.214368,  bottom_diff[16*2+1]: -0.214368,  
min class case bottom_diff[17*2+0]: -0.296436,  bottom_diff[17*2+1]: 0.296436,  
bottom_diff[18*2+0]: 0.277536,  bottom_diff[18*2+1]: -0.277536,  
bottom_diff[19*2+0]: 0.25848,  bottom_diff[19*2+1]: -0.25848,  

SBL bottom_diff:
bottom_diff[0*2+0]: 0.00987098,  bottom_diff[0*2+1]: -0.00987098,  
bottom_diff[1*2+0]: 0.0110919,  bottom_diff[1*2+1]: -0.0110919,  
bottom_diff[2*2+0]: 0.0114672,  bottom_diff[2*2+1]: -0.0114672,  
bottom_diff[3*2+0]: 0.000287464,  bottom_diff[3*2+1]: -0.000287465,  
bottom_diff[4*2+0]: 0.0142315,  bottom_diff[4*2+1]: -0.0142316,  
bottom_diff[5*2+0]: 0.010522,  bottom_diff[5*2+1]: -0.010522,  
bottom_diff[6*2+0]: 0.0084644,  bottom_diff[6*2+1]: -0.0084644,  
bottom_diff[7*2+0]: 0.00932489,  bottom_diff[7*2+1]: -0.00932489,  
bottom_diff[8*2+0]: 0.0104076,  bottom_diff[8*2+1]: -0.0104076,  
min class case bottom_diff[9*2+0]: -0.0487631,  bottom_diff[9*2+1]: 0.0487631,  
bottom_diff[10*2+0]: 0.00660741,  bottom_diff[10*2+1]: -0.00660741,  
bottom_diff[11*2+0]: 0.0111786,  bottom_diff[11*2+1]: -0.0111786,  
bottom_diff[12*2+0]: 0.0101824,  bottom_diff[12*2+1]: -0.0101824,  
bottom_diff[13*2+0]: 0.00477149,  bottom_diff[13*2+1]: -0.00477149,  
bottom_diff[14*2+0]: 0.0126399,  bottom_diff[14*2+1]: -0.0126399,  
bottom_diff[15*2+0]: 0.0110573,  bottom_diff[15*2+1]: -0.0110573,  
bottom_diff[16*2+0]: 0.00815186,  bottom_diff[16*2+1]: -0.00815185,  
min class case bottom_diff[17*2+0]: -0.0519778,  bottom_diff[17*2+1]: 0.0519778,  
bottom_diff[18*2+0]: 0.0105539,  bottom_diff[18*2+1]: -0.0105539,  
bottom_diff[19*2+0]: 0.0098293,  bottom_diff[19*2+1]: -0.0098293,  

loss after net.hpp:Backward(): 0.0467188
I0822 01:28:40.814065 16458 solver.cpp:269] Iteration 8, lr = 0.0001
perform computation on GPU

current params: 
softmax 0: 
0.000341919, -0.0105523, -0.00314571, -0.00503844, -0.0125944, -0.0180751, -0.0270683, -0.00432101, -0.0151675, -0.00872818, 0.00172497, 0.00411639, -0.0012993, 0.0166325, -0.00317076, 0.0051118, 0.00669261, 0.00784615, -0.0110531, 0.00192961, 
softmax 1: 
0.0145782, 0.0102796, -0.00593144, -0.00554294, -0.00873848, 0.0317093, -0.000383796, 0.014312, -0.0179981, 0.00476714, 0.00344678, -0.00611177, 0.0088635, 0.00639436, -0.0103791, -0.00735431, 0.011537, -0.0220407, 0.00316726, -0.00039596, 

diff: 
softmax 0: 
3.0134e-08, 3.2299e-08, -1.58896e-11, -2.53227e-10, -5.30764e-10, -9.07979e-10, 2.32092e-06, 3.9909e-05, -7.54927e-10, 2.62179e-05, 8.66952e-11, 3.57087e-10, -6.53014e-11, -0.000208407, 3.12694e-06, 0.000201585, 3.36364e-10, 3.9434e-10, -3.58631e-10, 9.69803e-11, 
softmax 1: 
-2.93841e-08, -3.23127e-08, -4.40319e-10, -2.78583e-10, -5.41406e-10, 1.59322e-09, -2.3223e-06, -3.99085e-05, -9.11944e-10, -2.62181e-05, 1.73232e-10, -4.57373e-10, 4.45471e-10, 0.000208408, -3.12762e-06, -0.000201585, 5.79837e-10, -1.10774e-09, -3.77045e-11, -1.99006e-11, 

new params: 
softmax 0: 
0.000341889, -0.0105523, -0.00314571, -0.00503844, -0.0125944, -0.0180751, -0.0270707, -0.00436092, -0.0151675, -0.0087544, 0.00172497, 0.00411639, -0.0012993, 0.0168409, -0.00317389, 0.00491021, 0.00669261, 0.00784615, -0.0110531, 0.00192961, 
softmax 1: 
0.0145782, 0.0102796, -0.00593144, -0.00554294, -0.00873848, 0.0317093, -0.000381474, 0.0143519, -0.0179981, 0.00479336, 0.00344678, -0.00611177, 0.0088635, 0.00618595, -0.010376, -0.00715272, 0.011537, -0.0220407, 0.00316726, -0.00039596, 

I0822 01:28:41.053042 16458 solver.cpp:117] Iteration 8, loss = 0.0467188
I0822 01:28:41.053057 16458 solver.cpp:136] Iteration 8, Testing net
output probs:
case 0: 6.825e-10, 1, 
min class case 1: 6.9531e-11, 1, 
min class case 2: 3.08897e-10, 1, 
case 3: 1.27036e-09, 1, 
case 4: 5.09372e-10, 1, 
case 5: 3.61812e-08, 1, 
case 6: 6.01306e-09, 1, 
case 7: 7.92055e-09, 1, 
case 8: 1.51994e-09, 1, 
case 9: 8.72315e-09, 1, 
min class case 10: 7.1354e-12, 1, 
case 11: 1.62381e-10, 1, 
min class case 12: 1.7791e-10, 1, 
case 13: 2.15917e-09, 1, 
case 14: 6.58189e-11, 1, 
case 15: 6.45403e-10, 1, 
case 16: 1.85648e-10, 1, 
min class case 17: 6.98162e-11, 1, 
case 18: 1.99017e-09, 1, 
min class case 19: 6.88716e-11, 1, 
I0822 01:28:41.485834 16458 solver.cpp:172] Test score #0: 0.499999
I0822 01:28:41.485852 16458 solver.cpp:172] Test score #1: 4.21992
output probs:
case 0: 0.567977, 0.432023, 
case 1: 0.575499, 0.424501, 
min class case 2: 0.491569, 0.508431, 
case 3: 0.547616, 0.452384, 
case 4: 0.361546, 0.638454, 
case 5: 0.574446, 0.425554, 
min class case 6: 0.440049, 0.559951, 
min class case 7: 0.203801, 0.796199, 
case 8: 0.511396, 0.488604, 
case 9: 0.553491, 0.446509, 
case 10: 0.44749, 0.55251, 
case 11: 0.60502, 0.39498, 
case 12: 0.488036, 0.511964, 
min class case 13: 0.314805, 0.685195, 
case 14: 0.487848, 0.512152, 
case 15: 0.471898, 0.528102, 
case 16: 0.475893, 0.524107, 
case 17: 0.647713, 0.352287, 
case 18: 0.674987, 0.325013, 
case 19: 0.481425, 0.518575, 
SBL loss: 0.0374141
SL loss: 0.661474
loss after net.hpp:Forward(): 0.0374141
SL bottom_diff:
bottom_diff[0*2+0]: 0.283988,  bottom_diff[0*2+1]: -0.283988,  
bottom_diff[1*2+0]: 0.28775,  bottom_diff[1*2+1]: -0.28775,  
min class case bottom_diff[2*2+0]: -0.254216,  bottom_diff[2*2+1]: 0.254216,  
bottom_diff[3*2+0]: 0.273808,  bottom_diff[3*2+1]: -0.273808,  
bottom_diff[4*2+0]: 0.180773,  bottom_diff[4*2+1]: -0.180773,  
bottom_diff[5*2+0]: 0.287223,  bottom_diff[5*2+1]: -0.287223,  
min class case bottom_diff[6*2+0]: -0.279975,  bottom_diff[6*2+1]: 0.279975,  
min class case bottom_diff[7*2+0]: -0.3981,  bottom_diff[7*2+1]: 0.3981,  
bottom_diff[8*2+0]: 0.255698,  bottom_diff[8*2+1]: -0.255698,  
bottom_diff[9*2+0]: 0.276746,  bottom_diff[9*2+1]: -0.276746,  
bottom_diff[10*2+0]: 0.223745,  bottom_diff[10*2+1]: -0.223745,  
bottom_diff[11*2+0]: 0.30251,  bottom_diff[11*2+1]: -0.30251,  
bottom_diff[12*2+0]: 0.244018,  bottom_diff[12*2+1]: -0.244018,  
min class case bottom_diff[13*2+0]: -0.342598,  bottom_diff[13*2+1]: 0.342598,  
bottom_diff[14*2+0]: 0.243924,  bottom_diff[14*2+1]: -0.243924,  
bottom_diff[15*2+0]: 0.235949,  bottom_diff[15*2+1]: -0.235949,  
bottom_diff[16*2+0]: 0.237946,  bottom_diff[16*2+1]: -0.237946,  
bottom_diff[17*2+0]: 0.323856,  bottom_diff[17*2+1]: -0.323856,  
bottom_diff[18*2+0]: 0.337493,  bottom_diff[18*2+1]: -0.337493,  
bottom_diff[19*2+0]: 0.240713,  bottom_diff[19*2+1]: -0.240713,  

SBL bottom_diff:
bottom_diff[0*2+0]: 0.00956089,  bottom_diff[0*2+1]: -0.00956089,  
bottom_diff[1*2+0]: 0.00968752,  bottom_diff[1*2+1]: -0.00968752,  
min class case bottom_diff[2*2+0]: -0.0403717,  bottom_diff[2*2+1]: 0.0403717,  
bottom_diff[3*2+0]: 0.00921815,  bottom_diff[3*2+1]: -0.00921815,  
bottom_diff[4*2+0]: 0.00608599,  bottom_diff[4*2+1]: -0.00608599,  
bottom_diff[5*2+0]: 0.00966979,  bottom_diff[5*2+1]: -0.00966979,  
min class case bottom_diff[6*2+0]: -0.0444626,  bottom_diff[6*2+1]: 0.0444626,  
min class case bottom_diff[7*2+0]: -0.0632218,  bottom_diff[7*2+1]: 0.0632218,  
bottom_diff[8*2+0]: 0.00860846,  bottom_diff[8*2+1]: -0.00860846,  
bottom_diff[9*2+0]: 0.00931706,  bottom_diff[9*2+1]: -0.00931706,  
bottom_diff[10*2+0]: 0.00753271,  bottom_diff[10*2+1]: -0.00753271,  
bottom_diff[11*2+0]: 0.0101844,  bottom_diff[11*2+1]: -0.0101844,  
bottom_diff[12*2+0]: 0.00821523,  bottom_diff[12*2+1]: -0.00821523,  
min class case bottom_diff[13*2+0]: -0.0544076,  bottom_diff[13*2+1]: 0.0544076,  
bottom_diff[14*2+0]: 0.00821207,  bottom_diff[14*2+1]: -0.00821207,  
bottom_diff[15*2+0]: 0.00794358,  bottom_diff[15*2+1]: -0.00794358,  
bottom_diff[16*2+0]: 0.00801082,  bottom_diff[16*2+1]: -0.00801082,  
bottom_diff[17*2+0]: 0.0109031,  bottom_diff[17*2+1]: -0.0109031,  
bottom_diff[18*2+0]: 0.0113622,  bottom_diff[18*2+1]: -0.0113622,  
bottom_diff[19*2+0]: 0.00810395,  bottom_diff[19*2+1]: -0.00810395,  

loss after net.hpp:Backward(): 0.0374141
I0822 01:28:41.919441 16458 solver.cpp:269] Iteration 9, lr = 0.0001
perform computation on GPU

current params: 
softmax 0: 
0.000341889, -0.0105523, -0.00314571, -0.00503844, -0.0125944, -0.0180751, -0.0270707, -0.00436092, -0.0151675, -0.0087544, 0.00172497, 0.00411639, -0.0012993, 0.0168409, -0.00317389, 0.00491021, 0.00669261, 0.00784615, -0.0110531, 0.00192961, 
softmax 1: 
0.0145782, 0.0102796, -0.00593144, -0.00554294, -0.00873848, 0.0317093, -0.000381474, 0.0143519, -0.0179981, 0.00479336, 0.00344678, -0.00611177, 0.0088635, 0.00618595, -0.010376, -0.00715272, 0.011537, -0.0220407, 0.00316726, -0.00039596, 

diff: 
softmax 0: 
1.72398e-10, -3.61154e-10, 1.78078e-05, -2.53227e-10, -0.000165925, -9.08435e-10, 7.35714e-07, 2.05464e-07, -7.62264e-10, 2.06555e-05, 8.66952e-11, 3.18118e-06, -6.53015e-11, 5.88083e-05, 1.59569e-08, -0.000381292, 3.36364e-10, 3.9434e-10, -5.54504e-10, 9.69803e-11, 
softmax 1: 
5.77472e-10, 3.4745e-10, -1.78082e-05, -2.78583e-10, 0.000165924, 1.59367e-09, -7.37094e-07, -2.04962e-07, -9.04607e-10, -2.06557e-05, 1.73232e-10, -3.18128e-06, 4.45471e-10, -5.88072e-05, -1.66378e-08, 0.000381292, 5.79837e-10, -1.10774e-09, 1.58169e-10, -1.99006e-11, 

new params: 
softmax 0: 
0.000341888, -0.0105523, -0.00316352, -0.00503844, -0.0124285, -0.0180751, -0.0270714, -0.00436113, -0.0151675, -0.00877505, 0.00172497, 0.00411321, -0.0012993, 0.0167821, -0.0031739, 0.0052915, 0.0066926, 0.00784615, -0.0110531, 0.00192961, 
softmax 1: 
0.0145782, 0.0102796, -0.00591363, -0.00554294, -0.0089044, 0.0317093, -0.000380737, 0.0143521, -0.0179981, 0.00481402, 0.00344678, -0.00610858, 0.0088635, 0.00624476, -0.010376, -0.00753402, 0.011537, -0.0220407, 0.00316726, -0.00039596, 

I0822 01:28:42.158344 16458 solver.cpp:117] Iteration 9, loss = 0.0374141
I0822 01:28:42.158357 16458 solver.cpp:136] Iteration 9, Testing net
output probs:
case 0: 2.12095e-10, 1, 
case 1: 4.3062e-09, 1, 
case 2: 1.10718e-12, 1, 
case 3: 7.35528e-09, 1, 
case 4: 2.11582e-09, 1, 
min class case 5: 7.36526e-09, 1, 
min class case 6: 9.83113e-10, 1, 
case 7: 4.18287e-10, 1, 
case 8: 8.34836e-11, 1, 
case 9: 5.78896e-10, 1, 
case 10: 1.04464e-08, 1, 
case 11: 3.13386e-10, 1, 
case 12: 6.41705e-09, 1, 
case 13: 4.78086e-10, 1, 
case 14: 8.44148e-11, 1, 
case 15: 3.13224e-09, 1, 
case 16: 2.95856e-10, 1, 
case 17: 1.02067e-11, 1, 
case 18: 7.04334e-10, 1, 
case 19: 1.90033e-11, 1, 
I0822 01:28:42.591452 16458 solver.cpp:172] Test score #0: 0.500001
I0822 01:28:42.591470 16458 solver.cpp:172] Test score #1: 4.0608
output probs:
min class case 0: 0.407623, 0.592377, 
case 1: 0.516607, 0.483393, 
case 2: 0.441472, 0.558528, 
case 3: 0.547344, 0.452656, 
case 4: 0.486456, 0.513544, 
case 5: 0.526179, 0.473821, 
case 6: 0.461981, 0.538019, 
min class case 7: 0.502701, 0.497299, 
case 8: 0.675224, 0.324776, 
case 9: 0.162967, 0.837033, 
case 10: 0.528258, 0.471742, 
case 11: 0.333777, 0.666223, 
case 12: 0.391241, 0.60876, 
case 13: 0.478901, 0.521099, 
case 14: 0.414106, 0.585894, 
case 15: 0.274163, 0.725837, 
min class case 16: 0.538799, 0.461201, 
case 17: 0.588875, 0.411125, 
case 18: 0.326369, 0.673631, 
case 19: 0.512752, 0.487247, 
SBL loss: 0.0391802
SL loss: 0.649089
loss after net.hpp:Forward(): 0.0391802
SL bottom_diff:
min class case bottom_diff[0*2+0]: -0.296189,  bottom_diff[0*2+1]: 0.296189,  
bottom_diff[1*2+0]: 0.258303,  bottom_diff[1*2+1]: -0.258303,  
bottom_diff[2*2+0]: 0.220736,  bottom_diff[2*2+1]: -0.220736,  
bottom_diff[3*2+0]: 0.273672,  bottom_diff[3*2+1]: -0.273672,  
bottom_diff[4*2+0]: 0.243228,  bottom_diff[4*2+1]: -0.243228,  
bottom_diff[5*2+0]: 0.26309,  bottom_diff[5*2+1]: -0.263089,  
bottom_diff[6*2+0]: 0.23099,  bottom_diff[6*2+1]: -0.23099,  
min class case bottom_diff[7*2+0]: -0.248649,  bottom_diff[7*2+1]: 0.248649,  
bottom_diff[8*2+0]: 0.337612,  bottom_diff[8*2+1]: -0.337612,  
bottom_diff[9*2+0]: 0.0814837,  bottom_diff[9*2+1]: -0.0814837,  
bottom_diff[10*2+0]: 0.264129,  bottom_diff[10*2+1]: -0.264129,  
bottom_diff[11*2+0]: 0.166889,  bottom_diff[11*2+1]: -0.166889,  
bottom_diff[12*2+0]: 0.19562,  bottom_diff[12*2+1]: -0.19562,  
bottom_diff[13*2+0]: 0.23945,  bottom_diff[13*2+1]: -0.23945,  
bottom_diff[14*2+0]: 0.207053,  bottom_diff[14*2+1]: -0.207053,  
bottom_diff[15*2+0]: 0.137081,  bottom_diff[15*2+1]: -0.137081,  
min class case bottom_diff[16*2+0]: -0.230601,  bottom_diff[16*2+1]: 0.230601,  
bottom_diff[17*2+0]: 0.294437,  bottom_diff[17*2+1]: -0.294437,  
bottom_diff[18*2+0]: 0.163184,  bottom_diff[18*2+1]: -0.163184,  
bottom_diff[19*2+0]: 0.256376,  bottom_diff[19*2+1]: -0.256376,  

SBL bottom_diff:
min class case bottom_diff[0*2+0]: -0.0410305,  bottom_diff[0*2+1]: 0.0410305,  
bottom_diff[1*2+0]: 0.00787961,  bottom_diff[1*2+1]: -0.00787961,  
bottom_diff[2*2+0]: 0.0067336,  bottom_diff[2*2+1]: -0.0067336,  
bottom_diff[3*2+0]: 0.00834844,  bottom_diff[3*2+1]: -0.00834844,  
bottom_diff[4*2+0]: 0.00741973,  bottom_diff[4*2+1]: -0.00741973,  
bottom_diff[5*2+0]: 0.00802561,  bottom_diff[5*2+1]: -0.00802561,  
bottom_diff[6*2+0]: 0.00704642,  bottom_diff[6*2+1]: -0.00704642,  
min class case bottom_diff[7*2+0]: -0.0344449,  bottom_diff[7*2+1]: 0.0344449,  
bottom_diff[8*2+0]: 0.0102989,  bottom_diff[8*2+1]: -0.0102989,  
bottom_diff[9*2+0]: 0.00248568,  bottom_diff[9*2+1]: -0.00248568,  
bottom_diff[10*2+0]: 0.00805732,  bottom_diff[10*2+1]: -0.00805732,  
bottom_diff[11*2+0]: 0.00509098,  bottom_diff[11*2+1]: -0.00509098,  
bottom_diff[12*2+0]: 0.00596744,  bottom_diff[12*2+1]: -0.00596744,  
bottom_diff[13*2+0]: 0.00730449,  bottom_diff[13*2+1]: -0.00730449,  
bottom_diff[14*2+0]: 0.0063162,  bottom_diff[14*2+1]: -0.0063162,  
bottom_diff[15*2+0]: 0.0041817,  bottom_diff[15*2+1]: -0.0041817,  
min class case bottom_diff[16*2+0]: -0.0319447,  bottom_diff[16*2+1]: 0.0319447,  
bottom_diff[17*2+0]: 0.00898189,  bottom_diff[17*2+1]: -0.00898189,  
bottom_diff[18*2+0]: 0.00497798,  bottom_diff[18*2+1]: -0.00497798,  
bottom_diff[19*2+0]: 0.00782082,  bottom_diff[19*2+1]: -0.00782082,  

loss after net.hpp:Backward(): 0.0391802
I0822 01:28:43.025223 16458 solver.cpp:269] Iteration 10, lr = 0.0001
perform computation on GPU

current params: 
softmax 0: 
0.000341888, -0.0105523, -0.00316352, -0.00503844, -0.0124285, -0.0180751, -0.0270714, -0.00436113, -0.0151675, -0.00877505, 0.00172497, 0.00411321, -0.0012993, 0.0167821, -0.0031739, 0.0052915, 0.0066926, 0.00784615, -0.0110531, 0.00192961, 
softmax 1: 
0.0145782, 0.0102796, -0.00591363, -0.00554294, -0.0089044, 0.0317093, -0.000380737, 0.0143521, -0.0179981, 0.00481402, 0.00344678, -0.00610858, 0.0088635, 0.00624476, -0.010376, -0.00753402, 0.011537, -0.0220407, 0.00316726, -0.00039596, 

diff: 
softmax 0: 
-2.4947e-05, 9.54427e-06, 9.1619e-08, -2.53227e-10, 6.89671e-06, -9.08438e-10, 1.73077e-05, 6.90755e-06, -7.62301e-10, 6.8792e-05, 8.66952e-11, 1.66007e-08, -6.53015e-11, 0.000102646, -7.64573e-11, -0.000204041, 3.36364e-10, 3.9434e-10, -5.55513e-10, 9.69802e-11, 
softmax 1: 
2.49477e-05, -9.54429e-06, -9.20753e-08, -2.78583e-10, -6.89778e-06, 1.59368e-09, -1.73091e-05, -6.90705e-06, -9.04569e-10, -6.87922e-05, 1.73232e-10, -1.6701e-08, 4.45471e-10, -0.000102645, -6.04546e-10, 0.000204041, 5.79837e-10, -1.10774e-09, 1.59178e-10, -1.99006e-11, 

new params: 
softmax 0: 
0.000366835, -0.0105619, -0.00316361, -0.00503844, -0.0124354, -0.0180751, -0.0270887, -0.00436803, -0.0151675, -0.00884385, 0.00172497, 0.00411319, -0.0012993, 0.0166795, -0.0031739, 0.00549555, 0.0066926, 0.00784615, -0.0110531, 0.00192961, 
softmax 1: 
0.0145533, 0.0102892, -0.00591354, -0.00554293, -0.00889751, 0.0317093, -0.000363428, 0.014359, -0.0179981, 0.00488281, 0.00344678, -0.00610857, 0.0088635, 0.00634741, -0.010376, -0.00773806, 0.011537, -0.0220407, 0.00316726, -0.00039596, 

I0822 01:28:43.264147 16458 solver.cpp:117] Iteration 10, loss = 0.0391802
I0822 01:28:43.264160 16458 solver.cpp:136] Iteration 10, Testing net
output probs:
case 0: 1.94474e-09, 1, 
min class case 1: 9.70586e-11, 1, 
case 2: 1.25952e-10, 1, 
min class case 3: 2.11588e-11, 1, 
case 4: 1.32399e-10, 1, 
case 5: 9.70009e-11, 1, 
min class case 6: 3.10604e-10, 1, 
min class case 7: 3.92212e-09, 1, 
min class case 8: 6.12695e-11, 1, 
min class case 9: 1.313e-09, 1, 
case 10: 6.72767e-09, 1, 
case 11: 1.21202e-11, 1, 
case 12: 3.45555e-09, 1, 
case 13: 2.81694e-10, 1, 
case 14: 3.26187e-10, 1, 
case 15: 1.35969e-09, 1, 
min class case 16: 1.2673e-10, 1, 
case 17: 9.22167e-11, 1, 
case 18: 2.61034e-10, 1, 
case 19: 6.82658e-11, 1, 
I0822 01:28:43.697285 16458 solver.cpp:172] Test score #0: 0.499999
I0822 01:28:43.697302 16458 solver.cpp:172] Test score #1: 4.11832
I0822 01:28:44.130749 16458 solver.cpp:189] Snapshotting to scrape_zones_fine_train_iter_10
I0822 01:28:46.849756 16458 solver.cpp:196] Snapshotting solver state to scrape_zones_fine_train_iter_10.solverstate
I0822 01:28:48.006103 16458 solver.cpp:130] Optimization Done.
I0822 01:28:48.006131 16458 finetune_net.cpp:30] Optimization Done.
Done.
