I0818 00:46:00.280771 21947 finetune_net.cpp:25] Starting Optimization
I0818 00:46:00.280975 21947 solver.cpp:41] Creating training net.
I0818 00:46:00.281914 21947 net.cpp:75] Creating Layer data
I0818 00:46:00.281952 21947 net.cpp:111] data -> data
I0818 00:46:00.281971 21947 net.cpp:111] data -> label
I0818 00:46:00.282013 21947 data_layer.cpp:145] Opening leveldb joint_misaligned_train_leveldb
I0818 00:46:00.341562 21947 data_layer.cpp:185] output data size: 128,3,227,227
I0818 00:46:00.341616 21947 data_layer.cpp:204] Loading mean file from../../data/joint_misaligned/joint_misaligned_mean.binaryproto
I0818 00:46:00.860321 21947 net.cpp:126] Top shape: 128 3 227 227 (19787136)
I0818 00:46:00.862216 21947 net.cpp:126] Top shape: 128 1 1 1 (128)
I0818 00:46:00.862282 21947 net.cpp:157] data does not need backward computation.
I0818 00:46:00.862328 21947 net.cpp:75] Creating Layer conv1
I0818 00:46:00.862361 21947 net.cpp:85] conv1 <- data
I0818 00:46:00.862414 21947 net.cpp:111] conv1 -> conv1
I0818 00:46:00.864464 21947 net.cpp:126] Top shape: 128 96 55 55 (37171200)
I0818 00:46:00.864565 21947 net.cpp:157] conv1 does not need backward computation.
I0818 00:46:00.864614 21947 net.cpp:75] Creating Layer relu1
I0818 00:46:00.864660 21947 net.cpp:85] relu1 <- conv1
I0818 00:46:00.864698 21947 net.cpp:99] relu1 -> conv1 (in-place)
I0818 00:46:00.864742 21947 net.cpp:126] Top shape: 128 96 55 55 (37171200)
I0818 00:46:00.864773 21947 net.cpp:157] relu1 does not need backward computation.
I0818 00:46:00.864805 21947 net.cpp:75] Creating Layer pool1
I0818 00:46:00.864835 21947 net.cpp:85] pool1 <- conv1
I0818 00:46:00.864871 21947 net.cpp:111] pool1 -> pool1
I0818 00:46:00.864925 21947 net.cpp:126] Top shape: 128 96 27 27 (8957952)
I0818 00:46:00.864969 21947 net.cpp:157] pool1 does not need backward computation.
I0818 00:46:00.865025 21947 net.cpp:75] Creating Layer norm1
I0818 00:46:00.865066 21947 net.cpp:85] norm1 <- pool1
I0818 00:46:00.865097 21947 net.cpp:111] norm1 -> norm1
I0818 00:46:00.865138 21947 net.cpp:126] Top shape: 128 96 27 27 (8957952)
I0818 00:46:00.865167 21947 net.cpp:157] norm1 does not need backward computation.
I0818 00:46:00.865208 21947 net.cpp:75] Creating Layer conv2
I0818 00:46:00.865242 21947 net.cpp:85] conv2 <- norm1
I0818 00:46:00.865278 21947 net.cpp:111] conv2 -> conv2
I0818 00:46:00.891170 21947 net.cpp:126] Top shape: 128 256 27 27 (23887872)
I0818 00:46:00.891290 21947 net.cpp:157] conv2 does not need backward computation.
I0818 00:46:00.891330 21947 net.cpp:75] Creating Layer relu2
I0818 00:46:00.891357 21947 net.cpp:85] relu2 <- conv2
I0818 00:46:00.891386 21947 net.cpp:99] relu2 -> conv2 (in-place)
I0818 00:46:00.891422 21947 net.cpp:126] Top shape: 128 256 27 27 (23887872)
I0818 00:46:00.891448 21947 net.cpp:157] relu2 does not need backward computation.
I0818 00:46:00.891480 21947 net.cpp:75] Creating Layer pool2
I0818 00:46:00.891507 21947 net.cpp:85] pool2 <- conv2
I0818 00:46:00.891535 21947 net.cpp:111] pool2 -> pool2
I0818 00:46:00.891564 21947 net.cpp:126] Top shape: 128 256 13 13 (5537792)
I0818 00:46:00.891595 21947 net.cpp:157] pool2 does not need backward computation.
I0818 00:46:00.891628 21947 net.cpp:75] Creating Layer norm2
I0818 00:46:00.891659 21947 net.cpp:85] norm2 <- pool2
I0818 00:46:00.891685 21947 net.cpp:111] norm2 -> norm2
I0818 00:46:00.891719 21947 net.cpp:126] Top shape: 128 256 13 13 (5537792)
I0818 00:46:00.891746 21947 net.cpp:157] norm2 does not need backward computation.
I0818 00:46:00.891782 21947 net.cpp:75] Creating Layer conv3
I0818 00:46:00.891811 21947 net.cpp:85] conv3 <- norm2
I0818 00:46:00.891845 21947 net.cpp:111] conv3 -> conv3
I0818 00:46:00.967888 21947 net.cpp:126] Top shape: 128 384 13 13 (8306688)
I0818 00:46:00.970221 21947 net.cpp:157] conv3 does not need backward computation.
I0818 00:46:00.970286 21947 net.cpp:75] Creating Layer relu3
I0818 00:46:00.970317 21947 net.cpp:85] relu3 <- conv3
I0818 00:46:00.970348 21947 net.cpp:99] relu3 -> conv3 (in-place)
I0818 00:46:00.970382 21947 net.cpp:126] Top shape: 128 384 13 13 (8306688)
I0818 00:46:00.970412 21947 net.cpp:157] relu3 does not need backward computation.
I0818 00:46:00.970468 21947 net.cpp:75] Creating Layer conv4
I0818 00:46:00.970510 21947 net.cpp:85] conv4 <- conv3
I0818 00:46:00.970551 21947 net.cpp:111] conv4 -> conv4
I0818 00:46:01.025619 21947 net.cpp:126] Top shape: 128 384 13 13 (8306688)
I0818 00:46:01.030205 21947 net.cpp:157] conv4 does not need backward computation.
I0818 00:46:01.030274 21947 net.cpp:75] Creating Layer relu4
I0818 00:46:01.030323 21947 net.cpp:85] relu4 <- conv4
I0818 00:46:01.030369 21947 net.cpp:99] relu4 -> conv4 (in-place)
I0818 00:46:01.030402 21947 net.cpp:126] Top shape: 128 384 13 13 (8306688)
I0818 00:46:01.030439 21947 net.cpp:157] relu4 does not need backward computation.
I0818 00:46:01.030475 21947 net.cpp:75] Creating Layer conv5
I0818 00:46:01.030514 21947 net.cpp:85] conv5 <- conv4
I0818 00:46:01.030552 21947 net.cpp:111] conv5 -> conv5
I0818 00:46:01.072227 21947 net.cpp:126] Top shape: 128 256 13 13 (5537792)
I0818 00:46:01.072367 21947 net.cpp:152] conv5 needs backward computation.
I0818 00:46:01.072404 21947 net.cpp:75] Creating Layer relu5
I0818 00:46:01.072433 21947 net.cpp:85] relu5 <- conv5
I0818 00:46:01.072471 21947 net.cpp:99] relu5 -> conv5 (in-place)
I0818 00:46:01.072499 21947 net.cpp:126] Top shape: 128 256 13 13 (5537792)
I0818 00:46:01.072526 21947 net.cpp:152] relu5 needs backward computation.
I0818 00:46:01.072554 21947 net.cpp:75] Creating Layer pool5
I0818 00:46:01.072582 21947 net.cpp:85] pool5 <- conv5
I0818 00:46:01.072610 21947 net.cpp:111] pool5 -> pool5
I0818 00:46:01.072646 21947 net.cpp:126] Top shape: 128 256 6 6 (1179648)
I0818 00:46:01.072679 21947 net.cpp:152] pool5 needs backward computation.
I0818 00:46:01.072721 21947 net.cpp:75] Creating Layer fc6
I0818 00:46:01.072757 21947 net.cpp:85] fc6 <- pool5
I0818 00:46:01.072794 21947 net.cpp:111] fc6 -> fc6_new
I0818 00:46:03.402946 21947 net.cpp:126] Top shape: 128 4096 1 1 (524288)
I0818 00:46:03.403079 21947 net.cpp:152] fc6 needs backward computation.
I0818 00:46:03.403122 21947 net.cpp:75] Creating Layer relu6
I0818 00:46:03.403161 21947 net.cpp:85] relu6 <- fc6_new
I0818 00:46:03.403198 21947 net.cpp:99] relu6 -> fc6_new (in-place)
I0818 00:46:03.403242 21947 net.cpp:126] Top shape: 128 4096 1 1 (524288)
I0818 00:46:03.403280 21947 net.cpp:152] relu6 needs backward computation.
I0818 00:46:03.403318 21947 net.cpp:75] Creating Layer drop6
I0818 00:46:03.403357 21947 net.cpp:85] drop6 <- fc6_new
I0818 00:46:03.403399 21947 net.cpp:99] drop6 -> fc6_new (in-place)
I0818 00:46:03.403453 21947 net.cpp:126] Top shape: 128 4096 1 1 (524288)
I0818 00:46:03.403492 21947 net.cpp:152] drop6 needs backward computation.
I0818 00:46:03.403528 21947 net.cpp:75] Creating Layer fc7_new
I0818 00:46:03.403563 21947 net.cpp:85] fc7_new <- fc6_new
I0818 00:46:03.403599 21947 net.cpp:111] fc7_new -> fc7_new
I0818 00:46:04.386373 21947 net.cpp:126] Top shape: 128 4096 1 1 (524288)
I0818 00:46:04.386498 21947 net.cpp:152] fc7_new needs backward computation.
I0818 00:46:04.386536 21947 net.cpp:75] Creating Layer relu7
I0818 00:46:04.386571 21947 net.cpp:85] relu7 <- fc7_new
I0818 00:46:04.386605 21947 net.cpp:99] relu7 -> fc7_new (in-place)
I0818 00:46:04.386641 21947 net.cpp:126] Top shape: 128 4096 1 1 (524288)
I0818 00:46:04.386675 21947 net.cpp:152] relu7 needs backward computation.
I0818 00:46:04.386708 21947 net.cpp:75] Creating Layer drop7
I0818 00:46:04.386739 21947 net.cpp:85] drop7 <- fc7_new
I0818 00:46:04.386771 21947 net.cpp:99] drop7 -> fc7_new (in-place)
I0818 00:46:04.386811 21947 net.cpp:126] Top shape: 128 4096 1 1 (524288)
I0818 00:46:04.386843 21947 net.cpp:152] drop7 needs backward computation.
I0818 00:46:04.386886 21947 net.cpp:75] Creating Layer fc8_new
I0818 00:46:04.386925 21947 net.cpp:85] fc8_new <- fc7_new
I0818 00:46:04.386968 21947 net.cpp:111] fc8_new -> fc8_new
I0818 00:46:04.387508 21947 net.cpp:126] Top shape: 128 2 1 1 (256)
I0818 00:46:04.387567 21947 net.cpp:152] fc8_new needs backward computation.
I0818 00:46:04.387600 21947 net.cpp:75] Creating Layer loss
I0818 00:46:04.387655 21947 net.cpp:85] loss <- fc8_new
I0818 00:46:04.387693 21947 net.cpp:85] loss <- label
I0818 00:46:04.387735 21947 net.cpp:152] loss needs backward computation.
I0818 00:46:04.387806 21947 net.cpp:181] Collecting Learning Rate and Weight Decay.
I0818 00:46:04.387850 21947 net.cpp:174] Network initialization done.
I0818 00:46:04.387882 21947 net.cpp:175] Memory required for Data 536869888
I0818 00:46:04.387976 21947 solver.cpp:44] Creating testing net.
I0818 00:46:04.388999 21947 net.cpp:75] Creating Layer data
I0818 00:46:04.389098 21947 net.cpp:111] data -> data
I0818 00:46:04.389142 21947 net.cpp:111] data -> label
I0818 00:46:04.389183 21947 data_layer.cpp:145] Opening leveldb joint_misaligned_val_leveldb
I0818 00:46:04.449550 21947 data_layer.cpp:185] output data size: 256,3,227,227
I0818 00:46:04.449637 21947 data_layer.cpp:204] Loading mean file from../../data/joint_misaligned/joint_misaligned_mean.binaryproto
I0818 00:46:04.573777 21947 net.cpp:126] Top shape: 256 3 227 227 (39574272)
I0818 00:46:04.573910 21947 net.cpp:126] Top shape: 256 1 1 1 (256)
I0818 00:46:04.573947 21947 net.cpp:157] data does not need backward computation.
I0818 00:46:04.573997 21947 net.cpp:75] Creating Layer conv1
I0818 00:46:04.574033 21947 net.cpp:85] conv1 <- data
I0818 00:46:04.574074 21947 net.cpp:111] conv1 -> conv1
I0818 00:46:04.576071 21947 net.cpp:126] Top shape: 256 96 55 55 (74342400)
I0818 00:46:04.576169 21947 net.cpp:157] conv1 does not need backward computation.
I0818 00:46:04.576217 21947 net.cpp:75] Creating Layer relu1
I0818 00:46:04.576253 21947 net.cpp:85] relu1 <- conv1
I0818 00:46:04.576292 21947 net.cpp:99] relu1 -> conv1 (in-place)
I0818 00:46:04.576335 21947 net.cpp:126] Top shape: 256 96 55 55 (74342400)
I0818 00:46:04.576375 21947 net.cpp:157] relu1 does not need backward computation.
I0818 00:46:04.576416 21947 net.cpp:75] Creating Layer pool1
I0818 00:46:04.576457 21947 net.cpp:85] pool1 <- conv1
I0818 00:46:04.576496 21947 net.cpp:111] pool1 -> pool1
I0818 00:46:04.576539 21947 net.cpp:126] Top shape: 256 96 27 27 (17915904)
I0818 00:46:04.576581 21947 net.cpp:157] pool1 does not need backward computation.
I0818 00:46:04.576620 21947 net.cpp:75] Creating Layer norm1
I0818 00:46:04.576660 21947 net.cpp:85] norm1 <- pool1
I0818 00:46:04.576701 21947 net.cpp:111] norm1 -> norm1
I0818 00:46:04.576742 21947 net.cpp:126] Top shape: 256 96 27 27 (17915904)
I0818 00:46:04.576777 21947 net.cpp:157] norm1 does not need backward computation.
I0818 00:46:04.576819 21947 net.cpp:75] Creating Layer conv2
I0818 00:46:04.576860 21947 net.cpp:85] conv2 <- norm1
I0818 00:46:04.576900 21947 net.cpp:111] conv2 -> conv2
I0818 00:46:04.594373 21947 net.cpp:126] Top shape: 256 256 27 27 (47775744)
I0818 00:46:04.594477 21947 net.cpp:157] conv2 does not need backward computation.
I0818 00:46:04.594518 21947 net.cpp:75] Creating Layer relu2
I0818 00:46:04.594563 21947 net.cpp:85] relu2 <- conv2
I0818 00:46:04.594604 21947 net.cpp:99] relu2 -> conv2 (in-place)
I0818 00:46:04.594642 21947 net.cpp:126] Top shape: 256 256 27 27 (47775744)
I0818 00:46:04.594681 21947 net.cpp:157] relu2 does not need backward computation.
I0818 00:46:04.594720 21947 net.cpp:75] Creating Layer pool2
I0818 00:46:04.594759 21947 net.cpp:85] pool2 <- conv2
I0818 00:46:04.594800 21947 net.cpp:111] pool2 -> pool2
I0818 00:46:04.594836 21947 net.cpp:126] Top shape: 256 256 13 13 (11075584)
I0818 00:46:04.594872 21947 net.cpp:157] pool2 does not need backward computation.
I0818 00:46:04.594912 21947 net.cpp:75] Creating Layer norm2
I0818 00:46:04.594944 21947 net.cpp:85] norm2 <- pool2
I0818 00:46:04.594979 21947 net.cpp:111] norm2 -> norm2
I0818 00:46:04.595016 21947 net.cpp:126] Top shape: 256 256 13 13 (11075584)
I0818 00:46:04.595048 21947 net.cpp:157] norm2 does not need backward computation.
I0818 00:46:04.595082 21947 net.cpp:75] Creating Layer conv3
I0818 00:46:04.595118 21947 net.cpp:85] conv3 <- norm2
I0818 00:46:04.595156 21947 net.cpp:111] conv3 -> conv3
I0818 00:46:04.646633 21947 net.cpp:126] Top shape: 256 384 13 13 (16613376)
I0818 00:46:04.646764 21947 net.cpp:157] conv3 does not need backward computation.
I0818 00:46:04.646806 21947 net.cpp:75] Creating Layer relu3
I0818 00:46:04.646852 21947 net.cpp:85] relu3 <- conv3
I0818 00:46:04.646889 21947 net.cpp:99] relu3 -> conv3 (in-place)
I0818 00:46:04.646929 21947 net.cpp:126] Top shape: 256 384 13 13 (16613376)
I0818 00:46:04.646965 21947 net.cpp:157] relu3 does not need backward computation.
I0818 00:46:04.646999 21947 net.cpp:75] Creating Layer conv4
I0818 00:46:04.647032 21947 net.cpp:85] conv4 <- conv3
I0818 00:46:04.647068 21947 net.cpp:111] conv4 -> conv4
I0818 00:46:04.702080 21947 net.cpp:126] Top shape: 256 384 13 13 (16613376)
I0818 00:46:04.702210 21947 net.cpp:157] conv4 does not need backward computation.
I0818 00:46:04.702245 21947 net.cpp:75] Creating Layer relu4
I0818 00:46:04.702280 21947 net.cpp:85] relu4 <- conv4
I0818 00:46:04.702309 21947 net.cpp:99] relu4 -> conv4 (in-place)
I0818 00:46:04.702338 21947 net.cpp:126] Top shape: 256 384 13 13 (16613376)
I0818 00:46:04.702364 21947 net.cpp:157] relu4 does not need backward computation.
I0818 00:46:04.702399 21947 net.cpp:75] Creating Layer conv5
I0818 00:46:04.702426 21947 net.cpp:85] conv5 <- conv4
I0818 00:46:04.702458 21947 net.cpp:111] conv5 -> conv5
I0818 00:46:04.736388 21947 net.cpp:126] Top shape: 256 256 13 13 (11075584)
I0818 00:46:04.742204 21947 net.cpp:152] conv5 needs backward computation.
I0818 00:46:04.742264 21947 net.cpp:75] Creating Layer relu5
I0818 00:46:04.742311 21947 net.cpp:85] relu5 <- conv5
I0818 00:46:04.742354 21947 net.cpp:99] relu5 -> conv5 (in-place)
I0818 00:46:04.742398 21947 net.cpp:126] Top shape: 256 256 13 13 (11075584)
I0818 00:46:04.742439 21947 net.cpp:152] relu5 needs backward computation.
I0818 00:46:04.742475 21947 net.cpp:75] Creating Layer pool5
I0818 00:46:04.742513 21947 net.cpp:85] pool5 <- conv5
I0818 00:46:04.742553 21947 net.cpp:111] pool5 -> pool5
I0818 00:46:04.742601 21947 net.cpp:126] Top shape: 256 256 6 6 (2359296)
I0818 00:46:04.742646 21947 net.cpp:152] pool5 needs backward computation.
I0818 00:46:04.742689 21947 net.cpp:75] Creating Layer fc6_new
I0818 00:46:04.742733 21947 net.cpp:85] fc6_new <- pool5
I0818 00:46:04.742774 21947 net.cpp:111] fc6_new -> fc6_new
I0818 00:46:07.133626 21947 net.cpp:126] Top shape: 256 4096 1 1 (1048576)
I0818 00:46:07.133761 21947 net.cpp:152] fc6_new needs backward computation.
I0818 00:46:07.133801 21947 net.cpp:75] Creating Layer relu6
I0818 00:46:07.133841 21947 net.cpp:85] relu6 <- fc6_new
I0818 00:46:07.133877 21947 net.cpp:99] relu6 -> fc6_new (in-place)
I0818 00:46:07.133909 21947 net.cpp:126] Top shape: 256 4096 1 1 (1048576)
I0818 00:46:07.133944 21947 net.cpp:152] relu6 needs backward computation.
I0818 00:46:07.133978 21947 net.cpp:75] Creating Layer drop6
I0818 00:46:07.134012 21947 net.cpp:85] drop6 <- fc6_new
I0818 00:46:07.134042 21947 net.cpp:99] drop6 -> fc6_new (in-place)
I0818 00:46:07.134074 21947 net.cpp:126] Top shape: 256 4096 1 1 (1048576)
I0818 00:46:07.134125 21947 net.cpp:152] drop6 needs backward computation.
I0818 00:46:07.134166 21947 net.cpp:75] Creating Layer fc7_new
I0818 00:46:07.134199 21947 net.cpp:85] fc7_new <- fc6_new
I0818 00:46:07.134235 21947 net.cpp:111] fc7_new -> fc7_new
I0818 00:46:08.160547 21947 net.cpp:126] Top shape: 256 4096 1 1 (1048576)
I0818 00:46:08.160663 21947 net.cpp:152] fc7_new needs backward computation.
I0818 00:46:08.160704 21947 net.cpp:75] Creating Layer relu7
I0818 00:46:08.160744 21947 net.cpp:85] relu7 <- fc7_new
I0818 00:46:08.160779 21947 net.cpp:99] relu7 -> fc7_new (in-place)
I0818 00:46:08.160819 21947 net.cpp:126] Top shape: 256 4096 1 1 (1048576)
I0818 00:46:08.160856 21947 net.cpp:152] relu7 needs backward computation.
I0818 00:46:08.160892 21947 net.cpp:75] Creating Layer drop7
I0818 00:46:08.160928 21947 net.cpp:85] drop7 <- fc7_new
I0818 00:46:08.160960 21947 net.cpp:99] drop7 -> fc7_new (in-place)
I0818 00:46:08.160997 21947 net.cpp:126] Top shape: 256 4096 1 1 (1048576)
I0818 00:46:08.161032 21947 net.cpp:152] drop7 needs backward computation.
I0818 00:46:08.161087 21947 net.cpp:75] Creating Layer fc8_new
I0818 00:46:08.161126 21947 net.cpp:85] fc8_new <- fc7_new
I0818 00:46:08.161166 21947 net.cpp:111] fc8_new -> fc8_new
I0818 00:46:08.161684 21947 net.cpp:126] Top shape: 256 2 1 1 (512)
I0818 00:46:08.161731 21947 net.cpp:152] fc8_new needs backward computation.
I0818 00:46:08.161768 21947 net.cpp:75] Creating Layer prob
I0818 00:46:08.161804 21947 net.cpp:85] prob <- fc8_new
I0818 00:46:08.161841 21947 net.cpp:111] prob -> prob
I0818 00:46:08.161880 21947 net.cpp:126] Top shape: 256 2 1 1 (512)
I0818 00:46:08.161916 21947 net.cpp:152] prob needs backward computation.
I0818 00:46:08.161952 21947 net.cpp:75] Creating Layer accuracy
I0818 00:46:08.161988 21947 net.cpp:85] accuracy <- prob
I0818 00:46:08.162019 21947 net.cpp:85] accuracy <- label
I0818 00:46:08.162060 21947 net.cpp:111] accuracy -> accuracy
I0818 00:46:08.162118 21947 net.cpp:126] Top shape: 1 2 1 1 (2)
I0818 00:46:08.162173 21947 net.cpp:152] accuracy needs backward computation.
I0818 00:46:08.162209 21947 net.cpp:163] This network produces output accuracy
I0818 00:46:08.162263 21947 net.cpp:181] Collecting Learning Rate and Weight Decay.
I0818 00:46:08.162305 21947 net.cpp:174] Network initialization done.
I0818 00:46:08.162338 21947 net.cpp:175] Memory required for Data 1073741832
I0818 00:46:08.162416 21947 solver.cpp:49] Solver scaffolding done.
I0818 00:46:08.162456 21947 finetune_net.cpp:27] Loading from ../alexnet/caffe_alexnet_model
I0818 00:46:09.227855 21947 net.cpp:319] Copying source layer data
I0818 00:46:09.227967 21947 net.cpp:319] Copying source layer conv1
I0818 00:46:09.228096 21947 net.cpp:319] Copying source layer relu1
I0818 00:46:09.228142 21947 net.cpp:319] Copying source layer norm1
I0818 00:46:09.228178 21947 net.cpp:319] Copying source layer pool1
I0818 00:46:09.228209 21947 net.cpp:319] Copying source layer conv2
I0818 00:46:09.229113 21947 net.cpp:319] Copying source layer relu2
I0818 00:46:09.229198 21947 net.cpp:319] Copying source layer norm2
I0818 00:46:09.229233 21947 net.cpp:319] Copying source layer pool2
I0818 00:46:09.229260 21947 net.cpp:319] Copying source layer conv3
I0818 00:46:09.231751 21947 net.cpp:319] Copying source layer relu3
I0818 00:46:09.231866 21947 net.cpp:319] Copying source layer conv4
I0818 00:46:09.234393 21947 net.cpp:319] Copying source layer relu4
I0818 00:46:09.234508 21947 net.cpp:319] Copying source layer conv5
I0818 00:46:09.235810 21947 net.cpp:319] Copying source layer relu5
I0818 00:46:09.235916 21947 net.cpp:319] Copying source layer pool5
I0818 00:46:09.235945 21947 net.cpp:319] Copying source layer fc6
I0818 00:46:09.423143 21947 net.cpp:319] Copying source layer relu6
I0818 00:46:09.423280 21947 net.cpp:319] Copying source layer drop6
I0818 00:46:09.423310 21947 net.cpp:316] Ignoring source layer fc7
I0818 00:46:09.423341 21947 net.cpp:319] Copying source layer relu7
I0818 00:46:09.423377 21947 net.cpp:319] Copying source layer drop7
I0818 00:46:09.423403 21947 net.cpp:316] Ignoring source layer fc8
I0818 00:46:09.423429 21947 net.cpp:319] Copying source layer loss
I0818 00:46:09.448071 21947 solver.cpp:61] Solving joint_misalignedFineNet
I0818 00:46:09.448218 21947 solver.cpp:106] Iteration 0, Testing net
I0818 00:46:11.572867 21947 solver.cpp:142] Test score #0: 0.25
I0818 00:46:11.573042 21947 solver.cpp:142] Test score #1: 2.42554
I0818 00:46:11.895206 21947 softmax_bayesian_loss_layer.cpp:41] num: 128
I0818 00:46:11.895328 21947 softmax_bayesian_loss_layer.cpp:42] dim: 2
I0818 00:46:11.895361 21947 softmax_bayesian_loss_layer.cpp:43] dim: 2
I0818 00:46:11.895400 21947 softmax_bayesian_loss_layer.cpp:44] labels_.count(): 128
I0818 00:46:11.895429 21947 softmax_bayesian_loss_layer.cpp:45] bottom[1]->count(): 128
I0818 00:46:11.895470 21947 softmax_bayesian_loss_layer.cpp:49] label_count128
I0818 00:46:11.895504 21947 softmax_bayesian_loss_layer.cpp:52] label0 1
I0818 00:46:11.895565 21947 softmax_bayesian_loss_layer.cpp:52] label1 1
I0818 00:46:11.895606 21947 softmax_bayesian_loss_layer.cpp:52] label2 1
I0818 00:46:11.895643 21947 softmax_bayesian_loss_layer.cpp:52] label3 1
I0818 00:46:11.895702 21947 softmax_bayesian_loss_layer.cpp:52] label4 1
I0818 00:46:11.895746 21947 softmax_bayesian_loss_layer.cpp:52] label5 1
I0818 00:46:11.895781 21947 softmax_bayesian_loss_layer.cpp:52] label6 1
I0818 00:46:11.895823 21947 softmax_bayesian_loss_layer.cpp:52] label7 1
I0818 00:46:11.895862 21947 softmax_bayesian_loss_layer.cpp:52] label8 1
I0818 00:46:11.895902 21947 softmax_bayesian_loss_layer.cpp:52] label9 1
I0818 00:46:11.895944 21947 softmax_bayesian_loss_layer.cpp:52] label10 1
I0818 00:46:11.895979 21947 softmax_bayesian_loss_layer.cpp:52] label11 1
I0818 00:46:11.896019 21947 softmax_bayesian_loss_layer.cpp:52] label12 1
I0818 00:46:11.896054 21947 softmax_bayesian_loss_layer.cpp:52] label13 1
I0818 00:46:11.896095 21947 softmax_bayesian_loss_layer.cpp:52] label14 1
I0818 00:46:11.896129 21947 softmax_bayesian_loss_layer.cpp:52] label15 1
I0818 00:46:11.896164 21947 softmax_bayesian_loss_layer.cpp:52] label16 1
I0818 00:46:11.896203 21947 softmax_bayesian_loss_layer.cpp:52] label17 1
I0818 00:46:11.896242 21947 softmax_bayesian_loss_layer.cpp:52] label18 1
I0818 00:46:11.902196 21947 softmax_bayesian_loss_layer.cpp:52] label19 1
I0818 00:46:11.902276 21947 softmax_bayesian_loss_layer.cpp:52] label20 1
I0818 00:46:11.902309 21947 softmax_bayesian_loss_layer.cpp:52] label21 1
I0818 00:46:11.902341 21947 softmax_bayesian_loss_layer.cpp:52] label22 1
I0818 00:46:11.902380 21947 softmax_bayesian_loss_layer.cpp:52] label23 1
I0818 00:46:11.902415 21947 softmax_bayesian_loss_layer.cpp:52] label24 1
I0818 00:46:11.902454 21947 softmax_bayesian_loss_layer.cpp:52] label25 1
I0818 00:46:11.902492 21947 softmax_bayesian_loss_layer.cpp:52] label26 1
I0818 00:46:11.902529 21947 softmax_bayesian_loss_layer.cpp:52] label27 1
I0818 00:46:11.902565 21947 softmax_bayesian_loss_layer.cpp:52] label28 1
I0818 00:46:11.902606 21947 softmax_bayesian_loss_layer.cpp:52] label29 1
I0818 00:46:11.902645 21947 softmax_bayesian_loss_layer.cpp:52] label30 1
I0818 00:46:11.902683 21947 softmax_bayesian_loss_layer.cpp:52] label31 1
I0818 00:46:11.902719 21947 softmax_bayesian_loss_layer.cpp:52] label32 1
I0818 00:46:11.902756 21947 softmax_bayesian_loss_layer.cpp:52] label33 1
I0818 00:46:11.902797 21947 softmax_bayesian_loss_layer.cpp:52] label34 1
I0818 00:46:11.902834 21947 softmax_bayesian_loss_layer.cpp:52] label35 1
I0818 00:46:11.902874 21947 softmax_bayesian_loss_layer.cpp:52] label36 1
I0818 00:46:11.902915 21947 softmax_bayesian_loss_layer.cpp:52] label37 1
I0818 00:46:11.902955 21947 softmax_bayesian_loss_layer.cpp:52] label38 1
I0818 00:46:11.902993 21947 softmax_bayesian_loss_layer.cpp:52] label39 1
I0818 00:46:11.903033 21947 softmax_bayesian_loss_layer.cpp:52] label40 1
I0818 00:46:11.903072 21947 softmax_bayesian_loss_layer.cpp:52] label41 1
I0818 00:46:11.903108 21947 softmax_bayesian_loss_layer.cpp:52] label42 1
I0818 00:46:11.903141 21947 softmax_bayesian_loss_layer.cpp:52] label43 1
I0818 00:46:11.903175 21947 softmax_bayesian_loss_layer.cpp:52] label44 1
I0818 00:46:11.903208 21947 softmax_bayesian_loss_layer.cpp:52] label45 1
I0818 00:46:11.903242 21947 softmax_bayesian_loss_layer.cpp:52] label46 1
I0818 00:46:11.903275 21947 softmax_bayesian_loss_layer.cpp:52] label47 1
I0818 00:46:11.903316 21947 softmax_bayesian_loss_layer.cpp:52] label48 1
I0818 00:46:11.903357 21947 softmax_bayesian_loss_layer.cpp:52] label49 1
I0818 00:46:11.903388 21947 softmax_bayesian_loss_layer.cpp:52] label50 1
I0818 00:46:11.903429 21947 softmax_bayesian_loss_layer.cpp:52] label51 1
I0818 00:46:11.903465 21947 softmax_bayesian_loss_layer.cpp:52] label52 1
I0818 00:46:11.903508 21947 softmax_bayesian_loss_layer.cpp:52] label53 1
I0818 00:46:11.903545 21947 softmax_bayesian_loss_layer.cpp:52] label54 1
I0818 00:46:11.903584 21947 softmax_bayesian_loss_layer.cpp:52] label55 1
I0818 00:46:11.903620 21947 softmax_bayesian_loss_layer.cpp:52] label56 1
I0818 00:46:11.903661 21947 softmax_bayesian_loss_layer.cpp:52] label57 1
I0818 00:46:11.903698 21947 softmax_bayesian_loss_layer.cpp:52] label58 1
I0818 00:46:11.903756 21947 softmax_bayesian_loss_layer.cpp:52] label59 1
I0818 00:46:11.903796 21947 softmax_bayesian_loss_layer.cpp:52] label60 1
I0818 00:46:11.903837 21947 softmax_bayesian_loss_layer.cpp:52] label61 1
I0818 00:46:11.903875 21947 softmax_bayesian_loss_layer.cpp:52] label62 1
I0818 00:46:11.903913 21947 softmax_bayesian_loss_layer.cpp:52] label63 1
I0818 00:46:11.903949 21947 softmax_bayesian_loss_layer.cpp:52] label64 1
I0818 00:46:11.903983 21947 softmax_bayesian_loss_layer.cpp:52] label65 1
I0818 00:46:11.904021 21947 softmax_bayesian_loss_layer.cpp:52] label66 1
I0818 00:46:11.904057 21947 softmax_bayesian_loss_layer.cpp:52] label67 1
I0818 00:46:11.904091 21947 softmax_bayesian_loss_layer.cpp:52] label68 1
I0818 00:46:11.904129 21947 softmax_bayesian_loss_layer.cpp:52] label69 1
I0818 00:46:11.904161 21947 softmax_bayesian_loss_layer.cpp:52] label70 1
I0818 00:46:11.904203 21947 softmax_bayesian_loss_layer.cpp:52] label71 1
I0818 00:46:11.904242 21947 softmax_bayesian_loss_layer.cpp:52] label72 1
I0818 00:46:11.904273 21947 softmax_bayesian_loss_layer.cpp:52] label73 1
I0818 00:46:11.904314 21947 softmax_bayesian_loss_layer.cpp:52] label74 1
I0818 00:46:11.904350 21947 softmax_bayesian_loss_layer.cpp:52] label75 1
I0818 00:46:11.904388 21947 softmax_bayesian_loss_layer.cpp:52] label76 1
I0818 00:46:11.904422 21947 softmax_bayesian_loss_layer.cpp:52] label77 1
I0818 00:46:11.904464 21947 softmax_bayesian_loss_layer.cpp:52] label78 1
I0818 00:46:11.904500 21947 softmax_bayesian_loss_layer.cpp:52] label79 0
I0818 00:46:11.904538 21947 softmax_bayesian_loss_layer.cpp:52] label80 1
I0818 00:46:11.904575 21947 softmax_bayesian_loss_layer.cpp:52] label81 1
I0818 00:46:11.904614 21947 softmax_bayesian_loss_layer.cpp:52] label82 1
I0818 00:46:11.904654 21947 softmax_bayesian_loss_layer.cpp:52] label83 1
I0818 00:46:11.904691 21947 softmax_bayesian_loss_layer.cpp:52] label84 1
I0818 00:46:11.904731 21947 softmax_bayesian_loss_layer.cpp:52] label85 1
I0818 00:46:11.904768 21947 softmax_bayesian_loss_layer.cpp:52] label86 1
I0818 00:46:11.904809 21947 softmax_bayesian_loss_layer.cpp:52] label87 1
I0818 00:46:11.904847 21947 softmax_bayesian_loss_layer.cpp:52] label88 1
I0818 00:46:11.904882 21947 softmax_bayesian_loss_layer.cpp:52] label89 1
I0818 00:46:11.904916 21947 softmax_bayesian_loss_layer.cpp:52] label90 1
I0818 00:46:11.904956 21947 softmax_bayesian_loss_layer.cpp:52] label91 1
I0818 00:46:11.904996 21947 softmax_bayesian_loss_layer.cpp:52] label92 1
I0818 00:46:11.905038 21947 softmax_bayesian_loss_layer.cpp:52] label93 1
I0818 00:46:11.905079 21947 softmax_bayesian_loss_layer.cpp:52] label94 1
I0818 00:46:11.905120 21947 softmax_bayesian_loss_layer.cpp:52] label95 1
I0818 00:46:11.905160 21947 softmax_bayesian_loss_layer.cpp:52] label96 1
I0818 00:46:11.905195 21947 softmax_bayesian_loss_layer.cpp:52] label97 1
I0818 00:46:11.905232 21947 softmax_bayesian_loss_layer.cpp:52] label98 1
I0818 00:46:11.905272 21947 softmax_bayesian_loss_layer.cpp:52] label99 1
I0818 00:46:11.905313 21947 softmax_bayesian_loss_layer.cpp:52] label100 1
I0818 00:46:11.905352 21947 softmax_bayesian_loss_layer.cpp:52] label101 1
I0818 00:46:11.905387 21947 softmax_bayesian_loss_layer.cpp:52] label102 1
I0818 00:46:11.905426 21947 softmax_bayesian_loss_layer.cpp:52] label103 1
I0818 00:46:11.905465 21947 softmax_bayesian_loss_layer.cpp:52] label104 1
I0818 00:46:11.905505 21947 softmax_bayesian_loss_layer.cpp:52] label105 1
I0818 00:46:11.905544 21947 softmax_bayesian_loss_layer.cpp:52] label106 1
I0818 00:46:11.905583 21947 softmax_bayesian_loss_layer.cpp:52] label107 1
I0818 00:46:11.905622 21947 softmax_bayesian_loss_layer.cpp:52] label108 1
I0818 00:46:11.905661 21947 softmax_bayesian_loss_layer.cpp:52] label109 1
I0818 00:46:11.905700 21947 softmax_bayesian_loss_layer.cpp:52] label110 1
I0818 00:46:11.905741 21947 softmax_bayesian_loss_layer.cpp:52] label111 1
I0818 00:46:11.905779 21947 softmax_bayesian_loss_layer.cpp:52] label112 1
I0818 00:46:11.905818 21947 softmax_bayesian_loss_layer.cpp:52] label113 1
I0818 00:46:11.905875 21947 softmax_bayesian_loss_layer.cpp:52] label114 1
I0818 00:46:11.905920 21947 softmax_bayesian_loss_layer.cpp:52] label115 1
I0818 00:46:11.905961 21947 softmax_bayesian_loss_layer.cpp:52] label116 1
I0818 00:46:11.906002 21947 softmax_bayesian_loss_layer.cpp:52] label117 1
I0818 00:46:11.906044 21947 softmax_bayesian_loss_layer.cpp:52] label118 1
I0818 00:46:11.906085 21947 softmax_bayesian_loss_layer.cpp:52] label119 1
I0818 00:46:11.906152 21947 softmax_bayesian_loss_layer.cpp:52] label120 1
I0818 00:46:11.906198 21947 softmax_bayesian_loss_layer.cpp:52] label121 1
I0818 00:46:11.906232 21947 softmax_bayesian_loss_layer.cpp:52] label122 1
I0818 00:46:11.906270 21947 softmax_bayesian_loss_layer.cpp:52] label123 1
I0818 00:46:11.906304 21947 softmax_bayesian_loss_layer.cpp:52] label124 1
I0818 00:46:11.906345 21947 softmax_bayesian_loss_layer.cpp:52] label125 1
I0818 00:46:11.906388 21947 softmax_bayesian_loss_layer.cpp:52] label126 1
I0818 00:46:11.906425 21947 softmax_bayesian_loss_layer.cpp:52] label127 1
I0818 00:46:11.963399 21947 solver.cpp:239] Iteration 1, lr = 0.0001
I0818 00:46:11.982954 21947 solver.cpp:87] Iteration 1, loss = 226.402
I0818 00:46:12.246147 21947 softmax_bayesian_loss_layer.cpp:41] num: 128
I0818 00:46:12.250210 21947 softmax_bayesian_loss_layer.cpp:42] dim: 2
I0818 00:46:12.250265 21947 softmax_bayesian_loss_layer.cpp:43] dim: 2
I0818 00:46:12.250300 21947 softmax_bayesian_loss_layer.cpp:44] labels_.count(): 128
I0818 00:46:12.250335 21947 softmax_bayesian_loss_layer.cpp:45] bottom[1]->count(): 128
I0818 00:46:12.250370 21947 softmax_bayesian_loss_layer.cpp:49] label_count128
I0818 00:46:12.250404 21947 softmax_bayesian_loss_layer.cpp:52] label0 1
I0818 00:46:12.250455 21947 softmax_bayesian_loss_layer.cpp:52] label1 1
I0818 00:46:12.250494 21947 softmax_bayesian_loss_layer.cpp:52] label2 1
I0818 00:46:12.250535 21947 softmax_bayesian_loss_layer.cpp:52] label3 1
I0818 00:46:12.250571 21947 softmax_bayesian_loss_layer.cpp:52] label4 1
I0818 00:46:12.250610 21947 softmax_bayesian_loss_layer.cpp:52] label5 1
I0818 00:46:12.250648 21947 softmax_bayesian_loss_layer.cpp:52] label6 1
I0818 00:46:12.250689 21947 softmax_bayesian_loss_layer.cpp:52] label7 1
I0818 00:46:12.250725 21947 softmax_bayesian_loss_layer.cpp:52] label8 1
I0818 00:46:12.250761 21947 softmax_bayesian_loss_layer.cpp:52] label9 1
I0818 00:46:12.250795 21947 softmax_bayesian_loss_layer.cpp:52] label10 1
I0818 00:46:12.250831 21947 softmax_bayesian_loss_layer.cpp:52] label11 1
I0818 00:46:12.250866 21947 softmax_bayesian_loss_layer.cpp:52] label12 1
I0818 00:46:12.250898 21947 softmax_bayesian_loss_layer.cpp:52] label13 1
I0818 00:46:12.250933 21947 softmax_bayesian_loss_layer.cpp:52] label14 1
I0818 00:46:12.250964 21947 softmax_bayesian_loss_layer.cpp:52] label15 1
I0818 00:46:12.251000 21947 softmax_bayesian_loss_layer.cpp:52] label16 1
I0818 00:46:12.251039 21947 softmax_bayesian_loss_layer.cpp:52] label17 1
I0818 00:46:12.251076 21947 softmax_bayesian_loss_layer.cpp:52] label18 1
I0818 00:46:12.251114 21947 softmax_bayesian_loss_layer.cpp:52] label19 1
I0818 00:46:12.251145 21947 softmax_bayesian_loss_layer.cpp:52] label20 1
I0818 00:46:12.251184 21947 softmax_bayesian_loss_layer.cpp:52] label21 1
I0818 00:46:12.251222 21947 softmax_bayesian_loss_layer.cpp:52] label22 1
I0818 00:46:12.251261 21947 softmax_bayesian_loss_layer.cpp:52] label23 1
I0818 00:46:12.251294 21947 softmax_bayesian_loss_layer.cpp:52] label24 1
I0818 00:46:12.251330 21947 softmax_bayesian_loss_layer.cpp:52] label25 1
I0818 00:46:12.251369 21947 softmax_bayesian_loss_layer.cpp:52] label26 1
I0818 00:46:12.251409 21947 softmax_bayesian_loss_layer.cpp:52] label27 1
I0818 00:46:12.251445 21947 softmax_bayesian_loss_layer.cpp:52] label28 1
I0818 00:46:12.251482 21947 softmax_bayesian_loss_layer.cpp:52] label29 1
I0818 00:46:12.251516 21947 softmax_bayesian_loss_layer.cpp:52] label30 1
I0818 00:46:12.251549 21947 softmax_bayesian_loss_layer.cpp:52] label31 1
I0818 00:46:12.251588 21947 softmax_bayesian_loss_layer.cpp:52] label32 1
I0818 00:46:12.251639 21947 softmax_bayesian_loss_layer.cpp:52] label33 1
I0818 00:46:12.251682 21947 softmax_bayesian_loss_layer.cpp:52] label34 1
I0818 00:46:12.251715 21947 softmax_bayesian_loss_layer.cpp:52] label35 1
I0818 00:46:12.251757 21947 softmax_bayesian_loss_layer.cpp:52] label36 1
I0818 00:46:12.251793 21947 softmax_bayesian_loss_layer.cpp:52] label37 1
I0818 00:46:12.251828 21947 softmax_bayesian_loss_layer.cpp:52] label38 1
I0818 00:46:12.251865 21947 softmax_bayesian_loss_layer.cpp:52] label39 1
I0818 00:46:12.251904 21947 softmax_bayesian_loss_layer.cpp:52] label40 1
I0818 00:46:12.251946 21947 softmax_bayesian_loss_layer.cpp:52] label41 1
I0818 00:46:12.251987 21947 softmax_bayesian_loss_layer.cpp:52] label42 1
I0818 00:46:12.252027 21947 softmax_bayesian_loss_layer.cpp:52] label43 1
I0818 00:46:12.252068 21947 softmax_bayesian_loss_layer.cpp:52] label44 1
I0818 00:46:12.252105 21947 softmax_bayesian_loss_layer.cpp:52] label45 1
I0818 00:46:12.252146 21947 softmax_bayesian_loss_layer.cpp:52] label46 1
I0818 00:46:12.252183 21947 softmax_bayesian_loss_layer.cpp:52] label47 1
I0818 00:46:12.252225 21947 softmax_bayesian_loss_layer.cpp:52] label48 1
I0818 00:46:12.252264 21947 softmax_bayesian_loss_layer.cpp:52] label49 1
I0818 00:46:12.252305 21947 softmax_bayesian_loss_layer.cpp:52] label50 1
I0818 00:46:12.252343 21947 softmax_bayesian_loss_layer.cpp:52] label51 1
I0818 00:46:12.252378 21947 softmax_bayesian_loss_layer.cpp:52] label52 1
I0818 00:46:12.252410 21947 softmax_bayesian_loss_layer.cpp:52] label53 1
I0818 00:46:12.252449 21947 softmax_bayesian_loss_layer.cpp:52] label54 1
I0818 00:46:12.252486 21947 softmax_bayesian_loss_layer.cpp:52] label55 1
I0818 00:46:12.252526 21947 softmax_bayesian_loss_layer.cpp:52] label56 1
I0818 00:46:12.252562 21947 softmax_bayesian_loss_layer.cpp:52] label57 1
I0818 00:46:12.252600 21947 softmax_bayesian_loss_layer.cpp:52] label58 1
I0818 00:46:12.252639 21947 softmax_bayesian_loss_layer.cpp:52] label59 1
I0818 00:46:12.252676 21947 softmax_bayesian_loss_layer.cpp:52] label60 1
I0818 00:46:12.252709 21947 softmax_bayesian_loss_layer.cpp:52] label61 1
I0818 00:46:12.252742 21947 softmax_bayesian_loss_layer.cpp:52] label62 1
I0818 00:46:12.252779 21947 softmax_bayesian_loss_layer.cpp:52] label63 1
I0818 00:46:12.252817 21947 softmax_bayesian_loss_layer.cpp:52] label64 1
I0818 00:46:12.252858 21947 softmax_bayesian_loss_layer.cpp:52] label65 1
I0818 00:46:12.252894 21947 softmax_bayesian_loss_layer.cpp:52] label66 1
I0818 00:46:12.252929 21947 softmax_bayesian_loss_layer.cpp:52] label67 1
I0818 00:46:12.252965 21947 softmax_bayesian_loss_layer.cpp:52] label68 1
I0818 00:46:12.253001 21947 softmax_bayesian_loss_layer.cpp:52] label69 1
I0818 00:46:12.253038 21947 softmax_bayesian_loss_layer.cpp:52] label70 1
I0818 00:46:12.253077 21947 softmax_bayesian_loss_layer.cpp:52] label71 1
I0818 00:46:12.253113 21947 softmax_bayesian_loss_layer.cpp:52] label72 1
I0818 00:46:12.253152 21947 softmax_bayesian_loss_layer.cpp:52] label73 1
I0818 00:46:12.253193 21947 softmax_bayesian_loss_layer.cpp:52] label74 1
I0818 00:46:12.253234 21947 softmax_bayesian_loss_layer.cpp:52] label75 1
I0818 00:46:12.253273 21947 softmax_bayesian_loss_layer.cpp:52] label76 1
I0818 00:46:12.253314 21947 softmax_bayesian_loss_layer.cpp:52] label77 1
I0818 00:46:12.253353 21947 softmax_bayesian_loss_layer.cpp:52] label78 1
I0818 00:46:12.253393 21947 softmax_bayesian_loss_layer.cpp:52] label79 1
I0818 00:46:12.253432 21947 softmax_bayesian_loss_layer.cpp:52] label80 1
I0818 00:46:12.253473 21947 softmax_bayesian_loss_layer.cpp:52] label81 1
I0818 00:46:12.253512 21947 softmax_bayesian_loss_layer.cpp:52] label82 1
I0818 00:46:12.253550 21947 softmax_bayesian_loss_layer.cpp:52] label83 1
I0818 00:46:12.253581 21947 softmax_bayesian_loss_layer.cpp:52] label84 1
I0818 00:46:12.253615 21947 softmax_bayesian_loss_layer.cpp:52] label85 1
I0818 00:46:12.253646 21947 softmax_bayesian_loss_layer.cpp:52] label86 1
I0818 00:46:12.253685 21947 softmax_bayesian_loss_layer.cpp:52] label87 1
I0818 00:46:12.253725 21947 softmax_bayesian_loss_layer.cpp:52] label88 1
I0818 00:46:12.253774 21947 softmax_bayesian_loss_layer.cpp:52] label89 1
I0818 00:46:12.253818 21947 softmax_bayesian_loss_layer.cpp:52] label90 1
I0818 00:46:12.253849 21947 softmax_bayesian_loss_layer.cpp:52] label91 1
I0818 00:46:12.253890 21947 softmax_bayesian_loss_layer.cpp:52] label92 1
I0818 00:46:12.253927 21947 softmax_bayesian_loss_layer.cpp:52] label93 1
I0818 00:46:12.253968 21947 softmax_bayesian_loss_layer.cpp:52] label94 1
I0818 00:46:12.254005 21947 softmax_bayesian_loss_layer.cpp:52] label95 1
I0818 00:46:12.254043 21947 softmax_bayesian_loss_layer.cpp:52] label96 1
I0818 00:46:12.254081 21947 softmax_bayesian_loss_layer.cpp:52] label97 1
I0818 00:46:12.254145 21947 softmax_bayesian_loss_layer.cpp:52] label98 1
I0818 00:46:12.254186 21947 softmax_bayesian_loss_layer.cpp:52] label99 1
I0818 00:46:12.254226 21947 softmax_bayesian_loss_layer.cpp:52] label100 1
I0818 00:46:12.254261 21947 softmax_bayesian_loss_layer.cpp:52] label101 1
I0818 00:46:12.254297 21947 softmax_bayesian_loss_layer.cpp:52] label102 1
I0818 00:46:12.254333 21947 softmax_bayesian_loss_layer.cpp:52] label103 1
I0818 00:46:12.254371 21947 softmax_bayesian_loss_layer.cpp:52] label104 1
I0818 00:46:12.254406 21947 softmax_bayesian_loss_layer.cpp:52] label105 1
I0818 00:46:12.254441 21947 softmax_bayesian_loss_layer.cpp:52] label106 1
I0818 00:46:12.254473 21947 softmax_bayesian_loss_layer.cpp:52] label107 1
I0818 00:46:12.254509 21947 softmax_bayesian_loss_layer.cpp:52] label108 1
I0818 00:46:12.254549 21947 softmax_bayesian_loss_layer.cpp:52] label109 1
I0818 00:46:12.254586 21947 softmax_bayesian_loss_layer.cpp:52] label110 1
I0818 00:46:12.254626 21947 softmax_bayesian_loss_layer.cpp:52] label111 1
I0818 00:46:12.254664 21947 softmax_bayesian_loss_layer.cpp:52] label112 1
I0818 00:46:12.254704 21947 softmax_bayesian_loss_layer.cpp:52] label113 1
I0818 00:46:12.254745 21947 softmax_bayesian_loss_layer.cpp:52] label114 1
I0818 00:46:12.254786 21947 softmax_bayesian_loss_layer.cpp:52] label115 1
I0818 00:46:12.254819 21947 softmax_bayesian_loss_layer.cpp:52] label116 1
I0818 00:46:12.254860 21947 softmax_bayesian_loss_layer.cpp:52] label117 1
I0818 00:46:12.254894 21947 softmax_bayesian_loss_layer.cpp:52] label118 1
I0818 00:46:12.254933 21947 softmax_bayesian_loss_layer.cpp:52] label119 1
I0818 00:46:12.254968 21947 softmax_bayesian_loss_layer.cpp:52] label120 1
I0818 00:46:12.255008 21947 softmax_bayesian_loss_layer.cpp:52] label121 1
I0818 00:46:12.255041 21947 softmax_bayesian_loss_layer.cpp:52] label122 1
I0818 00:46:12.255084 21947 softmax_bayesian_loss_layer.cpp:52] label123 1
I0818 00:46:12.255115 21947 softmax_bayesian_loss_layer.cpp:52] label124 1
I0818 00:46:12.255154 21947 softmax_bayesian_loss_layer.cpp:52] label125 1
I0818 00:46:12.255190 21947 softmax_bayesian_loss_layer.cpp:52] label126 1
I0818 00:46:12.255229 21947 softmax_bayesian_loss_layer.cpp:52] label127 1
I0818 00:46:12.328078 21947 solver.cpp:239] Iteration 2, lr = 0.0001
I0818 00:46:12.332125 21947 solver.cpp:87] Iteration 2, loss = -nan
