nohup: ignoring input
I0814 06:08:30.886893  5030 finetune_net.cpp:25] Starting Optimization
I0814 06:08:30.886988  5030 solver.cpp:41] Creating training net.
I0814 06:08:30.887552  5030 net.cpp:75] Creating Layer data
I0814 06:08:30.887564  5030 net.cpp:111] data -> data
I0814 06:08:30.887576  5030 net.cpp:111] data -> label
I0814 06:08:30.887624  5030 data_layer.cpp:145] Opening leveldb thresh_fine_train_leveldb
I0814 06:08:38.441562  5030 data_layer.cpp:185] output data size: 128,3,227,227
I0814 06:08:38.441596  5030 data_layer.cpp:204] Loading mean file from../../data/thresh/thresh_fine_mean.binaryproto
I0814 06:08:38.773650  5030 net.cpp:126] Top shape: 128 3 227 227 (19787136)
I0814 06:08:38.773681  5030 net.cpp:126] Top shape: 128 1 1 1 (128)
I0814 06:08:38.773689  5030 net.cpp:157] data does not need backward computation.
I0814 06:08:38.773702  5030 net.cpp:75] Creating Layer conv1
I0814 06:08:38.773708  5030 net.cpp:85] conv1 <- data
I0814 06:08:38.773725  5030 net.cpp:111] conv1 -> conv1
I0814 06:08:38.775213  5030 net.cpp:126] Top shape: 128 96 55 55 (37171200)
I0814 06:08:38.775226  5030 net.cpp:157] conv1 does not need backward computation.
I0814 06:08:38.775235  5030 net.cpp:75] Creating Layer relu1
I0814 06:08:38.775240  5030 net.cpp:85] relu1 <- conv1
I0814 06:08:38.775246  5030 net.cpp:99] relu1 -> conv1 (in-place)
I0814 06:08:38.775254  5030 net.cpp:126] Top shape: 128 96 55 55 (37171200)
I0814 06:08:38.775259  5030 net.cpp:157] relu1 does not need backward computation.
I0814 06:08:38.775265  5030 net.cpp:75] Creating Layer pool1
I0814 06:08:38.775269  5030 net.cpp:85] pool1 <- conv1
I0814 06:08:38.775274  5030 net.cpp:111] pool1 -> pool1
I0814 06:08:38.775285  5030 net.cpp:126] Top shape: 128 96 27 27 (8957952)
I0814 06:08:38.775290  5030 net.cpp:157] pool1 does not need backward computation.
I0814 06:08:38.775298  5030 net.cpp:75] Creating Layer norm1
I0814 06:08:38.775302  5030 net.cpp:85] norm1 <- pool1
I0814 06:08:38.775307  5030 net.cpp:111] norm1 -> norm1
I0814 06:08:38.775316  5030 net.cpp:126] Top shape: 128 96 27 27 (8957952)
I0814 06:08:38.775321  5030 net.cpp:157] norm1 does not need backward computation.
I0814 06:08:38.775328  5030 net.cpp:75] Creating Layer conv2
I0814 06:08:38.775332  5030 net.cpp:85] conv2 <- norm1
I0814 06:08:38.775337  5030 net.cpp:111] conv2 -> conv2
I0814 06:08:38.787480  5030 net.cpp:126] Top shape: 128 256 27 27 (23887872)
I0814 06:08:38.787504  5030 net.cpp:157] conv2 does not need backward computation.
I0814 06:08:38.787514  5030 net.cpp:75] Creating Layer relu2
I0814 06:08:38.787521  5030 net.cpp:85] relu2 <- conv2
I0814 06:08:38.787528  5030 net.cpp:99] relu2 -> conv2 (in-place)
I0814 06:08:38.787534  5030 net.cpp:126] Top shape: 128 256 27 27 (23887872)
I0814 06:08:38.787539  5030 net.cpp:157] relu2 does not need backward computation.
I0814 06:08:38.787545  5030 net.cpp:75] Creating Layer pool2
I0814 06:08:38.787549  5030 net.cpp:85] pool2 <- conv2
I0814 06:08:38.787554  5030 net.cpp:111] pool2 -> pool2
I0814 06:08:38.787562  5030 net.cpp:126] Top shape: 128 256 13 13 (5537792)
I0814 06:08:38.787566  5030 net.cpp:157] pool2 does not need backward computation.
I0814 06:08:38.787575  5030 net.cpp:75] Creating Layer norm2
I0814 06:08:38.787580  5030 net.cpp:85] norm2 <- pool2
I0814 06:08:38.787585  5030 net.cpp:111] norm2 -> norm2
I0814 06:08:38.787590  5030 net.cpp:126] Top shape: 128 256 13 13 (5537792)
I0814 06:08:38.787595  5030 net.cpp:157] norm2 does not need backward computation.
I0814 06:08:38.787601  5030 net.cpp:75] Creating Layer conv3
I0814 06:08:38.787606  5030 net.cpp:85] conv3 <- norm2
I0814 06:08:38.787611  5030 net.cpp:111] conv3 -> conv3
I0814 06:08:38.822358  5030 net.cpp:126] Top shape: 128 384 13 13 (8306688)
I0814 06:08:38.822382  5030 net.cpp:157] conv3 does not need backward computation.
I0814 06:08:38.822392  5030 net.cpp:75] Creating Layer relu3
I0814 06:08:38.822397  5030 net.cpp:85] relu3 <- conv3
I0814 06:08:38.822406  5030 net.cpp:99] relu3 -> conv3 (in-place)
I0814 06:08:38.822412  5030 net.cpp:126] Top shape: 128 384 13 13 (8306688)
I0814 06:08:38.822415  5030 net.cpp:157] relu3 does not need backward computation.
I0814 06:08:38.822422  5030 net.cpp:75] Creating Layer conv4
I0814 06:08:38.822427  5030 net.cpp:85] conv4 <- conv3
I0814 06:08:38.822437  5030 net.cpp:111] conv4 -> conv4
I0814 06:08:38.848526  5030 net.cpp:126] Top shape: 128 384 13 13 (8306688)
I0814 06:08:38.848551  5030 net.cpp:157] conv4 does not need backward computation.
I0814 06:08:38.848559  5030 net.cpp:75] Creating Layer relu4
I0814 06:08:38.848566  5030 net.cpp:85] relu4 <- conv4
I0814 06:08:38.848572  5030 net.cpp:99] relu4 -> conv4 (in-place)
I0814 06:08:38.848578  5030 net.cpp:126] Top shape: 128 384 13 13 (8306688)
I0814 06:08:38.848582  5030 net.cpp:157] relu4 does not need backward computation.
I0814 06:08:38.848589  5030 net.cpp:75] Creating Layer conv5
I0814 06:08:38.848593  5030 net.cpp:85] conv5 <- conv4
I0814 06:08:38.848598  5030 net.cpp:111] conv5 -> conv5
I0814 06:08:38.866035  5030 net.cpp:126] Top shape: 128 256 13 13 (5537792)
I0814 06:08:38.866058  5030 net.cpp:157] conv5 does not need backward computation.
I0814 06:08:38.866067  5030 net.cpp:75] Creating Layer relu5
I0814 06:08:38.866073  5030 net.cpp:85] relu5 <- conv5
I0814 06:08:38.866081  5030 net.cpp:99] relu5 -> conv5 (in-place)
I0814 06:08:38.866087  5030 net.cpp:126] Top shape: 128 256 13 13 (5537792)
I0814 06:08:38.866091  5030 net.cpp:157] relu5 does not need backward computation.
I0814 06:08:38.866097  5030 net.cpp:75] Creating Layer pool5
I0814 06:08:38.866102  5030 net.cpp:85] pool5 <- conv5
I0814 06:08:38.866107  5030 net.cpp:111] pool5 -> pool5
I0814 06:08:38.866116  5030 net.cpp:126] Top shape: 128 256 6 6 (1179648)
I0814 06:08:38.866121  5030 net.cpp:157] pool5 does not need backward computation.
I0814 06:08:38.866129  5030 net.cpp:75] Creating Layer fc6
I0814 06:08:38.866134  5030 net.cpp:85] fc6 <- pool5
I0814 06:08:38.866139  5030 net.cpp:111] fc6 -> fc6
I0814 06:08:40.406808  5030 net.cpp:126] Top shape: 128 4096 1 1 (524288)
I0814 06:08:40.406836  5030 net.cpp:152] fc6 needs backward computation.
I0814 06:08:40.406847  5030 net.cpp:75] Creating Layer relu6
I0814 06:08:40.406852  5030 net.cpp:85] relu6 <- fc6
I0814 06:08:40.406860  5030 net.cpp:99] relu6 -> fc6 (in-place)
I0814 06:08:40.406867  5030 net.cpp:126] Top shape: 128 4096 1 1 (524288)
I0814 06:08:40.406872  5030 net.cpp:152] relu6 needs backward computation.
I0814 06:08:40.406877  5030 net.cpp:75] Creating Layer drop6
I0814 06:08:40.406882  5030 net.cpp:85] drop6 <- fc6
I0814 06:08:40.406887  5030 net.cpp:99] drop6 -> fc6 (in-place)
I0814 06:08:40.406893  5030 net.cpp:126] Top shape: 128 4096 1 1 (524288)
I0814 06:08:40.406899  5030 net.cpp:152] drop6 needs backward computation.
I0814 06:08:40.406906  5030 net.cpp:75] Creating Layer fc7_new
I0814 06:08:40.406910  5030 net.cpp:85] fc7_new <- fc6
I0814 06:08:40.406916  5030 net.cpp:111] fc7_new -> fc7_new
I0814 06:08:41.089723  5030 net.cpp:126] Top shape: 128 4096 1 1 (524288)
I0814 06:08:41.089761  5030 net.cpp:152] fc7_new needs backward computation.
I0814 06:08:41.089771  5030 net.cpp:75] Creating Layer relu7
I0814 06:08:41.089778  5030 net.cpp:85] relu7 <- fc7_new
I0814 06:08:41.089786  5030 net.cpp:99] relu7 -> fc7_new (in-place)
I0814 06:08:41.089792  5030 net.cpp:126] Top shape: 128 4096 1 1 (524288)
I0814 06:08:41.089797  5030 net.cpp:152] relu7 needs backward computation.
I0814 06:08:41.089802  5030 net.cpp:75] Creating Layer drop7
I0814 06:08:41.089807  5030 net.cpp:85] drop7 <- fc7_new
I0814 06:08:41.089812  5030 net.cpp:99] drop7 -> fc7_new (in-place)
I0814 06:08:41.089818  5030 net.cpp:126] Top shape: 128 4096 1 1 (524288)
I0814 06:08:41.089823  5030 net.cpp:152] drop7 needs backward computation.
I0814 06:08:41.089828  5030 net.cpp:75] Creating Layer fc8_clamp
I0814 06:08:41.089833  5030 net.cpp:85] fc8_clamp <- fc7_new
I0814 06:08:41.089838  5030 net.cpp:111] fc8_clamp -> fc8_aero
I0814 06:08:41.090186  5030 net.cpp:126] Top shape: 128 2 1 1 (256)
I0814 06:08:41.090195  5030 net.cpp:152] fc8_clamp needs backward computation.
I0814 06:08:41.090209  5030 net.cpp:75] Creating Layer threshold
I0814 06:08:41.090214  5030 net.cpp:85] threshold <- fc8_aero
I0814 06:08:41.090219  5030 net.cpp:85] threshold <- label
I0814 06:08:41.090225  5030 net.cpp:111] threshold -> fc8_aero_thresh
I0814 06:08:41.090231  5030 net.cpp:99] threshold -> label (in-place)
I0814 06:08:41.090240  5030 net.cpp:126] Top shape: 128 2 1 1 (256)
I0814 06:08:41.090245  5030 net.cpp:126] Top shape: 128 1 1 1 (128)
I0814 06:08:41.090250  5030 net.cpp:152] threshold needs backward computation.
I0814 06:08:41.090256  5030 net.cpp:75] Creating Layer loss
I0814 06:08:41.090260  5030 net.cpp:85] loss <- fc8_aero_thresh
I0814 06:08:41.090266  5030 net.cpp:85] loss <- label
I0814 06:08:41.090275  5030 net.cpp:152] loss needs backward computation.
I0814 06:08:41.090304  5030 net.cpp:181] Collecting Learning Rate and Weight Decay.
I0814 06:08:41.090323  5030 net.cpp:174] Network initialization done.
I0814 06:08:41.090328  5030 net.cpp:175] Memory required for Data 536869888
I0814 06:08:41.090384  5030 solver.cpp:44] Creating testing net.
I0814 06:08:41.091146  5030 net.cpp:75] Creating Layer data
I0814 06:08:41.091159  5030 net.cpp:111] data -> data
I0814 06:08:41.091167  5030 net.cpp:111] data -> label
I0814 06:08:41.091176  5030 data_layer.cpp:145] Opening leveldb thresh_fine_val_leveldb
I0814 06:08:43.656368  5030 data_layer.cpp:185] output data size: 256,3,227,227
I0814 06:08:43.656395  5030 data_layer.cpp:204] Loading mean file from../../data/thresh/thresh_fine_mean.binaryproto
I0814 06:08:43.737437  5030 net.cpp:126] Top shape: 256 3 227 227 (39574272)
I0814 06:08:43.737462  5030 net.cpp:126] Top shape: 256 1 1 1 (256)
I0814 06:08:43.737473  5030 net.cpp:157] data does not need backward computation.
I0814 06:08:43.737493  5030 net.cpp:75] Creating Layer conv1
I0814 06:08:43.737503  5030 net.cpp:85] conv1 <- data
I0814 06:08:43.737514  5030 net.cpp:111] conv1 -> conv1
I0814 06:08:43.738924  5030 net.cpp:126] Top shape: 256 96 55 55 (74342400)
I0814 06:08:43.738936  5030 net.cpp:152] conv1 needs backward computation.
I0814 06:08:43.738950  5030 net.cpp:75] Creating Layer relu1
I0814 06:08:43.738957  5030 net.cpp:85] relu1 <- conv1
I0814 06:08:43.738967  5030 net.cpp:99] relu1 -> conv1 (in-place)
I0814 06:08:43.738977  5030 net.cpp:126] Top shape: 256 96 55 55 (74342400)
I0814 06:08:43.738986  5030 net.cpp:152] relu1 needs backward computation.
I0814 06:08:43.738997  5030 net.cpp:75] Creating Layer pool1
I0814 06:08:43.739006  5030 net.cpp:85] pool1 <- conv1
I0814 06:08:43.739015  5030 net.cpp:111] pool1 -> pool1
I0814 06:08:43.739027  5030 net.cpp:126] Top shape: 256 96 27 27 (17915904)
I0814 06:08:43.739037  5030 net.cpp:152] pool1 needs backward computation.
I0814 06:08:43.739048  5030 net.cpp:75] Creating Layer norm1
I0814 06:08:43.739058  5030 net.cpp:85] norm1 <- pool1
I0814 06:08:43.739066  5030 net.cpp:111] norm1 -> norm1
I0814 06:08:43.739080  5030 net.cpp:126] Top shape: 256 96 27 27 (17915904)
I0814 06:08:43.739089  5030 net.cpp:152] norm1 needs backward computation.
I0814 06:08:43.739101  5030 net.cpp:75] Creating Layer conv2
I0814 06:08:43.739109  5030 net.cpp:85] conv2 <- norm1
I0814 06:08:43.739120  5030 net.cpp:111] conv2 -> conv2
I0814 06:08:43.751281  5030 net.cpp:126] Top shape: 256 256 27 27 (47775744)
I0814 06:08:43.751305  5030 net.cpp:152] conv2 needs backward computation.
I0814 06:08:43.751317  5030 net.cpp:75] Creating Layer relu2
I0814 06:08:43.751327  5030 net.cpp:85] relu2 <- conv2
I0814 06:08:43.751338  5030 net.cpp:99] relu2 -> conv2 (in-place)
I0814 06:08:43.751348  5030 net.cpp:126] Top shape: 256 256 27 27 (47775744)
I0814 06:08:43.751355  5030 net.cpp:152] relu2 needs backward computation.
I0814 06:08:43.751366  5030 net.cpp:75] Creating Layer pool2
I0814 06:08:43.751374  5030 net.cpp:85] pool2 <- conv2
I0814 06:08:43.751384  5030 net.cpp:111] pool2 -> pool2
I0814 06:08:43.751399  5030 net.cpp:126] Top shape: 256 256 13 13 (11075584)
I0814 06:08:43.751407  5030 net.cpp:152] pool2 needs backward computation.
I0814 06:08:43.751421  5030 net.cpp:75] Creating Layer norm2
I0814 06:08:43.751430  5030 net.cpp:85] norm2 <- pool2
I0814 06:08:43.751440  5030 net.cpp:111] norm2 -> norm2
I0814 06:08:43.751451  5030 net.cpp:126] Top shape: 256 256 13 13 (11075584)
I0814 06:08:43.751459  5030 net.cpp:152] norm2 needs backward computation.
I0814 06:08:43.751472  5030 net.cpp:75] Creating Layer conv3
I0814 06:08:43.751482  5030 net.cpp:85] conv3 <- norm2
I0814 06:08:43.751489  5030 net.cpp:111] conv3 -> conv3
I0814 06:08:43.786144  5030 net.cpp:126] Top shape: 256 384 13 13 (16613376)
I0814 06:08:43.786170  5030 net.cpp:152] conv3 needs backward computation.
I0814 06:08:43.786181  5030 net.cpp:75] Creating Layer relu3
I0814 06:08:43.786191  5030 net.cpp:85] relu3 <- conv3
I0814 06:08:43.786203  5030 net.cpp:99] relu3 -> conv3 (in-place)
I0814 06:08:43.786212  5030 net.cpp:126] Top shape: 256 384 13 13 (16613376)
I0814 06:08:43.786219  5030 net.cpp:152] relu3 needs backward computation.
I0814 06:08:43.786231  5030 net.cpp:75] Creating Layer conv4
I0814 06:08:43.786241  5030 net.cpp:85] conv4 <- conv3
I0814 06:08:43.786249  5030 net.cpp:111] conv4 -> conv4
I0814 06:08:43.812433  5030 net.cpp:126] Top shape: 256 384 13 13 (16613376)
I0814 06:08:43.812459  5030 net.cpp:152] conv4 needs backward computation.
I0814 06:08:43.812471  5030 net.cpp:75] Creating Layer relu4
I0814 06:08:43.812481  5030 net.cpp:85] relu4 <- conv4
I0814 06:08:43.812492  5030 net.cpp:99] relu4 -> conv4 (in-place)
I0814 06:08:43.812502  5030 net.cpp:126] Top shape: 256 384 13 13 (16613376)
I0814 06:08:43.812510  5030 net.cpp:152] relu4 needs backward computation.
I0814 06:08:43.812521  5030 net.cpp:75] Creating Layer conv5
I0814 06:08:43.812530  5030 net.cpp:85] conv5 <- conv4
I0814 06:08:43.812540  5030 net.cpp:111] conv5 -> conv5
I0814 06:08:43.830157  5030 net.cpp:126] Top shape: 256 256 13 13 (11075584)
I0814 06:08:43.830183  5030 net.cpp:152] conv5 needs backward computation.
I0814 06:08:43.830196  5030 net.cpp:75] Creating Layer relu5
I0814 06:08:43.830205  5030 net.cpp:85] relu5 <- conv5
I0814 06:08:43.830216  5030 net.cpp:99] relu5 -> conv5 (in-place)
I0814 06:08:43.830226  5030 net.cpp:126] Top shape: 256 256 13 13 (11075584)
I0814 06:08:43.830235  5030 net.cpp:152] relu5 needs backward computation.
I0814 06:08:43.830245  5030 net.cpp:75] Creating Layer pool5
I0814 06:08:43.830252  5030 net.cpp:85] pool5 <- conv5
I0814 06:08:43.830262  5030 net.cpp:111] pool5 -> pool5
I0814 06:08:43.830276  5030 net.cpp:126] Top shape: 256 256 6 6 (2359296)
I0814 06:08:43.830284  5030 net.cpp:152] pool5 needs backward computation.
I0814 06:08:43.830302  5030 net.cpp:75] Creating Layer fc6
I0814 06:08:43.830313  5030 net.cpp:85] fc6 <- pool5
I0814 06:08:43.830323  5030 net.cpp:111] fc6 -> fc6
I0814 06:08:45.371783  5030 net.cpp:126] Top shape: 256 4096 1 1 (1048576)
I0814 06:08:45.371810  5030 net.cpp:152] fc6 needs backward computation.
I0814 06:08:45.371824  5030 net.cpp:75] Creating Layer relu6
I0814 06:08:45.371834  5030 net.cpp:85] relu6 <- fc6
I0814 06:08:45.371845  5030 net.cpp:99] relu6 -> fc6 (in-place)
I0814 06:08:45.371855  5030 net.cpp:126] Top shape: 256 4096 1 1 (1048576)
I0814 06:08:45.371863  5030 net.cpp:152] relu6 needs backward computation.
I0814 06:08:45.371873  5030 net.cpp:75] Creating Layer drop6
I0814 06:08:45.371882  5030 net.cpp:85] drop6 <- fc6
I0814 06:08:45.371891  5030 net.cpp:99] drop6 -> fc6 (in-place)
I0814 06:08:45.371901  5030 net.cpp:126] Top shape: 256 4096 1 1 (1048576)
I0814 06:08:45.371911  5030 net.cpp:152] drop6 needs backward computation.
I0814 06:08:45.371922  5030 net.cpp:75] Creating Layer fc7
I0814 06:08:45.371930  5030 net.cpp:85] fc7 <- fc6
I0814 06:08:45.371940  5030 net.cpp:111] fc7 -> fc7
I0814 06:08:46.055632  5030 net.cpp:126] Top shape: 256 4096 1 1 (1048576)
I0814 06:08:46.055660  5030 net.cpp:152] fc7 needs backward computation.
I0814 06:08:46.055675  5030 net.cpp:75] Creating Layer relu7
I0814 06:08:46.055685  5030 net.cpp:85] relu7 <- fc7
I0814 06:08:46.055698  5030 net.cpp:99] relu7 -> fc7 (in-place)
I0814 06:08:46.055707  5030 net.cpp:126] Top shape: 256 4096 1 1 (1048576)
I0814 06:08:46.055716  5030 net.cpp:152] relu7 needs backward computation.
I0814 06:08:46.055727  5030 net.cpp:75] Creating Layer drop7
I0814 06:08:46.055735  5030 net.cpp:85] drop7 <- fc7
I0814 06:08:46.055744  5030 net.cpp:99] drop7 -> fc7 (in-place)
I0814 06:08:46.055754  5030 net.cpp:126] Top shape: 256 4096 1 1 (1048576)
I0814 06:08:46.055764  5030 net.cpp:152] drop7 needs backward computation.
I0814 06:08:46.055776  5030 net.cpp:75] Creating Layer fc8_clamp
I0814 06:08:46.055785  5030 net.cpp:85] fc8_clamp <- fc7
I0814 06:08:46.055795  5030 net.cpp:111] fc8_clamp -> fc8_aero
I0814 06:08:46.056159  5030 net.cpp:126] Top shape: 256 2 1 1 (512)
I0814 06:08:46.056171  5030 net.cpp:152] fc8_clamp needs backward computation.
I0814 06:08:46.056182  5030 net.cpp:75] Creating Layer threshold
I0814 06:08:46.056190  5030 net.cpp:85] threshold <- fc8_aero
I0814 06:08:46.056200  5030 net.cpp:85] threshold <- label
I0814 06:08:46.056210  5030 net.cpp:111] threshold -> fc8_aero_thresh
I0814 06:08:46.056221  5030 net.cpp:99] threshold -> label (in-place)
I0814 06:08:46.056236  5030 net.cpp:126] Top shape: 256 2 1 1 (512)
I0814 06:08:46.056244  5030 net.cpp:126] Top shape: 256 1 1 1 (256)
I0814 06:08:46.056253  5030 net.cpp:152] threshold needs backward computation.
I0814 06:08:46.056262  5030 net.cpp:75] Creating Layer prob
I0814 06:08:46.056272  5030 net.cpp:85] prob <- fc8_aero_thresh
I0814 06:08:46.056282  5030 net.cpp:111] prob -> prob
I0814 06:08:46.056298  5030 net.cpp:126] Top shape: 256 2 1 1 (512)
I0814 06:08:46.056308  5030 net.cpp:152] prob needs backward computation.
I0814 06:08:46.056318  5030 net.cpp:75] Creating Layer accuracy
I0814 06:08:46.056326  5030 net.cpp:85] accuracy <- prob
I0814 06:08:46.056335  5030 net.cpp:85] accuracy <- label
I0814 06:08:46.056345  5030 net.cpp:111] accuracy -> accuracy
I0814 06:08:46.056357  5030 net.cpp:126] Top shape: 1 2 1 1 (2)
I0814 06:08:46.056366  5030 net.cpp:152] accuracy needs backward computation.
I0814 06:08:46.056375  5030 net.cpp:163] This network produces output accuracy
I0814 06:08:46.056407  5030 net.cpp:181] Collecting Learning Rate and Weight Decay.
I0814 06:08:46.056424  5030 net.cpp:174] Network initialization done.
I0814 06:08:46.056432  5030 net.cpp:175] Memory required for Data 1073741832
I0814 06:08:46.056494  5030 solver.cpp:49] Solver scaffolding done.
I0814 06:08:46.056505  5030 finetune_net.cpp:27] Loading from ../alexnet/caffe_alexnet_model
I0814 06:08:46.714243  5030 net.cpp:319] Copying source layer data
I0814 06:08:46.714268  5030 net.cpp:319] Copying source layer conv1
I0814 06:08:46.714360  5030 net.cpp:319] Copying source layer relu1
I0814 06:08:46.714373  5030 net.cpp:319] Copying source layer norm1
I0814 06:08:46.714381  5030 net.cpp:319] Copying source layer pool1
I0814 06:08:46.714390  5030 net.cpp:319] Copying source layer conv2
I0814 06:08:46.714841  5030 net.cpp:319] Copying source layer relu2
I0814 06:08:46.714855  5030 net.cpp:319] Copying source layer norm2
I0814 06:08:46.714864  5030 net.cpp:319] Copying source layer pool2
I0814 06:08:46.714871  5030 net.cpp:319] Copying source layer conv3
I0814 06:08:46.716096  5030 net.cpp:319] Copying source layer relu3
I0814 06:08:46.716110  5030 net.cpp:319] Copying source layer conv4
I0814 06:08:46.717031  5030 net.cpp:319] Copying source layer relu4
I0814 06:08:46.717043  5030 net.cpp:319] Copying source layer conv5
I0814 06:08:46.717665  5030 net.cpp:319] Copying source layer relu5
I0814 06:08:46.717679  5030 net.cpp:319] Copying source layer pool5
I0814 06:08:46.717686  5030 net.cpp:319] Copying source layer fc6
I0814 06:08:46.848426  5030 net.cpp:319] Copying source layer relu6
I0814 06:08:46.848455  5030 net.cpp:319] Copying source layer drop6
I0814 06:08:46.848462  5030 net.cpp:316] Ignoring source layer fc7
I0814 06:08:46.848469  5030 net.cpp:319] Copying source layer relu7
I0814 06:08:46.848476  5030 net.cpp:319] Copying source layer drop7
I0814 06:08:46.848484  5030 net.cpp:316] Ignoring source layer fc8
I0814 06:08:46.848491  5030 net.cpp:319] Copying source layer loss
I0814 06:08:46.862992  5030 solver.cpp:61] Solving threshFineNet
I0814 06:08:46.863039  5030 solver.cpp:106] Iteration 0, Testing net
I0814 06:08:50.422148  5030 solver.cpp:142] Test score #0: 0.438777
I0814 06:08:50.422214  5030 solver.cpp:142] Test score #1: 0.716343
I0814 06:08:50.908303  5030 solver.cpp:237] Iteration 1, lr = 0.0001
I0814 06:08:50.910518  5030 solver.cpp:87] Iteration 1, loss = 0.691767
I0814 06:08:51.374835  5030 solver.cpp:237] Iteration 2, lr = 0.0001
I0814 06:08:51.375242  5030 solver.cpp:87] Iteration 2, loss = 0.638315
I0814 06:08:51.840461  5030 solver.cpp:237] Iteration 3, lr = 0.0001
I0814 06:08:51.840878  5030 solver.cpp:87] Iteration 3, loss = 0.594281
I0814 06:08:52.304347  5030 solver.cpp:237] Iteration 4, lr = 0.0001
I0814 06:08:52.304756  5030 solver.cpp:87] Iteration 4, loss = 0.479545
I0814 06:08:52.771283  5030 solver.cpp:237] Iteration 5, lr = 0.0001
I0814 06:08:52.771694  5030 solver.cpp:87] Iteration 5, loss = 0.524681
I0814 06:08:53.234608  5030 solver.cpp:237] Iteration 6, lr = 0.0001
I0814 06:08:53.235018  5030 solver.cpp:87] Iteration 6, loss = 0.396963
I0814 06:08:53.697741  5030 solver.cpp:237] Iteration 7, lr = 0.0001
I0814 06:08:53.698153  5030 solver.cpp:87] Iteration 7, loss = 0.448934
I0814 06:08:54.159786  5030 solver.cpp:237] Iteration 8, lr = 0.0001
I0814 06:08:54.160203  5030 solver.cpp:87] Iteration 8, loss = 0.494183
I0814 06:08:54.623075  5030 solver.cpp:237] Iteration 9, lr = 0.0001
I0814 06:08:54.623492  5030 solver.cpp:87] Iteration 9, loss = 0.402927
I0814 06:08:55.085542  5030 solver.cpp:237] Iteration 10, lr = 0.0001
I0814 06:08:55.085952  5030 solver.cpp:87] Iteration 10, loss = 0.37154
I0814 06:08:55.548007  5030 solver.cpp:237] Iteration 11, lr = 0.0001
I0814 06:08:55.548416  5030 solver.cpp:87] Iteration 11, loss = 0.497739
I0814 06:08:56.010489  5030 solver.cpp:237] Iteration 12, lr = 0.0001
I0814 06:08:56.010901  5030 solver.cpp:87] Iteration 12, loss = 0.360487
I0814 06:08:56.471379  5030 solver.cpp:237] Iteration 13, lr = 0.0001
I0814 06:08:56.471792  5030 solver.cpp:87] Iteration 13, loss = 0.387739
I0814 06:08:56.935039  5030 solver.cpp:237] Iteration 14, lr = 0.0001
I0814 06:08:56.935444  5030 solver.cpp:87] Iteration 14, loss = 0.359764
I0814 06:08:57.397395  5030 solver.cpp:237] Iteration 15, lr = 0.0001
I0814 06:08:57.397804  5030 solver.cpp:87] Iteration 15, loss = 0.40627
I0814 06:08:57.862756  5030 solver.cpp:237] Iteration 16, lr = 0.0001
I0814 06:08:57.863168  5030 solver.cpp:87] Iteration 16, loss = 0.350108
I0814 06:08:58.333112  5030 solver.cpp:237] Iteration 17, lr = 0.0001
I0814 06:08:58.333523  5030 solver.cpp:87] Iteration 17, loss = 0.508485
I0814 06:08:58.800451  5030 solver.cpp:237] Iteration 18, lr = 0.0001
I0814 06:08:58.800865  5030 solver.cpp:87] Iteration 18, loss = 0.283018
I0814 06:08:59.268831  5030 solver.cpp:237] Iteration 19, lr = 0.0001
I0814 06:08:59.269243  5030 solver.cpp:87] Iteration 19, loss = 0.288316
I0814 06:08:59.737241  5030 solver.cpp:237] Iteration 20, lr = 0.0001
I0814 06:08:59.737653  5030 solver.cpp:87] Iteration 20, loss = 0.359116
I0814 06:09:00.205791  5030 solver.cpp:237] Iteration 21, lr = 0.0001
I0814 06:09:00.206218  5030 solver.cpp:87] Iteration 21, loss = 0.344993
I0814 06:09:00.673755  5030 solver.cpp:237] Iteration 22, lr = 0.0001
I0814 06:09:00.674185  5030 solver.cpp:87] Iteration 22, loss = 0.353778
I0814 06:09:01.144202  5030 solver.cpp:237] Iteration 23, lr = 0.0001
I0814 06:09:01.144644  5030 solver.cpp:87] Iteration 23, loss = 0.48171
I0814 06:09:01.614683  5030 solver.cpp:237] Iteration 24, lr = 0.0001
I0814 06:09:01.615119  5030 solver.cpp:87] Iteration 24, loss = 0.331373
I0814 06:09:02.083858  5030 solver.cpp:237] Iteration 25, lr = 0.0001
I0814 06:09:02.084301  5030 solver.cpp:87] Iteration 25, loss = 0.240696
I0814 06:09:02.554260  5030 solver.cpp:237] Iteration 26, lr = 0.0001
I0814 06:09:02.554716  5030 solver.cpp:87] Iteration 26, loss = 0.332406
I0814 06:09:03.024727  5030 solver.cpp:237] Iteration 27, lr = 0.0001
I0814 06:09:03.025157  5030 solver.cpp:87] Iteration 27, loss = 0.307599
I0814 06:09:03.496023  5030 solver.cpp:237] Iteration 28, lr = 0.0001
I0814 06:09:03.496466  5030 solver.cpp:87] Iteration 28, loss = 0.378405
I0814 06:09:03.972692  5030 solver.cpp:237] Iteration 29, lr = 0.0001
I0814 06:09:03.973165  5030 solver.cpp:87] Iteration 29, loss = 0.292488
I0814 06:09:04.444771  5030 solver.cpp:237] Iteration 30, lr = 0.0001
I0814 06:09:04.445205  5030 solver.cpp:87] Iteration 30, loss = 0.249839
I0814 06:09:04.921434  5030 solver.cpp:237] Iteration 31, lr = 0.0001
I0814 06:09:04.921876  5030 solver.cpp:87] Iteration 31, loss = 0.326738
I0814 06:09:05.397311  5030 solver.cpp:237] Iteration 32, lr = 0.0001
I0814 06:09:05.397749  5030 solver.cpp:87] Iteration 32, loss = 0.346647
I0814 06:09:05.826477  5030 solver.cpp:237] Iteration 33, lr = 0.0001
I0814 06:09:05.826920  5030 solver.cpp:87] Iteration 33, loss = 0.350616
I0814 06:09:06.339002  5030 solver.cpp:237] Iteration 34, lr = 0.0001
I0814 06:09:06.339436  5030 solver.cpp:87] Iteration 34, loss = 0.32769
I0814 06:09:06.772181  5030 solver.cpp:237] Iteration 35, lr = 0.0001
I0814 06:09:06.772619  5030 solver.cpp:87] Iteration 35, loss = 0.284879
I0814 06:09:07.289450  5030 solver.cpp:237] Iteration 36, lr = 0.0001
I0814 06:09:07.289883  5030 solver.cpp:87] Iteration 36, loss = 0.257675
I0814 06:09:07.738380  5030 solver.cpp:237] Iteration 37, lr = 0.0001
I0814 06:09:07.738831  5030 solver.cpp:87] Iteration 37, loss = 0.304773
I0814 06:09:08.214207  5030 solver.cpp:237] Iteration 38, lr = 0.0001
I0814 06:09:08.214694  5030 solver.cpp:87] Iteration 38, loss = 0.458776
I0814 06:09:08.703352  5030 solver.cpp:237] Iteration 39, lr = 0.0001
I0814 06:09:08.703790  5030 solver.cpp:87] Iteration 39, loss = 0.296717
I0814 06:09:09.179761  5030 solver.cpp:237] Iteration 40, lr = 0.0001
I0814 06:09:09.180205  5030 solver.cpp:87] Iteration 40, loss = 0.285663
I0814 06:09:09.656615  5030 solver.cpp:237] Iteration 41, lr = 0.0001
I0814 06:09:09.657052  5030 solver.cpp:87] Iteration 41, loss = 0.292424
I0814 06:09:10.132045  5030 solver.cpp:237] Iteration 42, lr = 0.0001
I0814 06:09:10.132490  5030 solver.cpp:87] Iteration 42, loss = 0.32669
I0814 06:09:10.608574  5030 solver.cpp:237] Iteration 43, lr = 0.0001
I0814 06:09:10.609019  5030 solver.cpp:87] Iteration 43, loss = 0.326393
I0814 06:09:11.087442  5030 solver.cpp:237] Iteration 44, lr = 0.0001
I0814 06:09:11.087888  5030 solver.cpp:87] Iteration 44, loss = 0.381783
I0814 06:09:11.566731  5030 solver.cpp:237] Iteration 45, lr = 0.0001
I0814 06:09:11.567175  5030 solver.cpp:87] Iteration 45, loss = 0.331028
I0814 06:09:12.047901  5030 solver.cpp:237] Iteration 46, lr = 0.0001
I0814 06:09:12.048344  5030 solver.cpp:87] Iteration 46, loss = 0.37308
I0814 06:09:12.524545  5030 solver.cpp:237] Iteration 47, lr = 0.0001
I0814 06:09:12.525012  5030 solver.cpp:87] Iteration 47, loss = 0.324982
I0814 06:09:13.005292  5030 solver.cpp:237] Iteration 48, lr = 0.0001
I0814 06:09:13.005748  5030 solver.cpp:87] Iteration 48, loss = 0.260256
I0814 06:09:13.486402  5030 solver.cpp:237] Iteration 49, lr = 0.0001
I0814 06:09:13.486855  5030 solver.cpp:87] Iteration 49, loss = 0.320036
I0814 06:09:13.963351  5030 solver.cpp:237] Iteration 50, lr = 0.0001
I0814 06:09:13.963798  5030 solver.cpp:87] Iteration 50, loss = 0.216971
I0814 06:09:14.440320  5030 solver.cpp:237] Iteration 51, lr = 0.0001
I0814 06:09:14.440763  5030 solver.cpp:87] Iteration 51, loss = 0.232741
I0814 06:09:14.919786  5030 solver.cpp:237] Iteration 52, lr = 0.0001
I0814 06:09:14.920227  5030 solver.cpp:87] Iteration 52, loss = 0.274493
I0814 06:09:15.398144  5030 solver.cpp:237] Iteration 53, lr = 0.0001
I0814 06:09:15.398622  5030 solver.cpp:87] Iteration 53, loss = 0.279007
I0814 06:09:15.877485  5030 solver.cpp:237] Iteration 54, lr = 0.0001
I0814 06:09:15.877923  5030 solver.cpp:87] Iteration 54, loss = 0.318927
I0814 06:09:16.354342  5030 solver.cpp:237] Iteration 55, lr = 0.0001
I0814 06:09:16.354805  5030 solver.cpp:87] Iteration 55, loss = 0.272313
I0814 06:09:16.827847  5030 solver.cpp:237] Iteration 56, lr = 0.0001
I0814 06:09:16.828295  5030 solver.cpp:87] Iteration 56, loss = 0.299622
I0814 06:09:17.305943  5030 solver.cpp:237] Iteration 57, lr = 0.0001
I0814 06:09:17.306390  5030 solver.cpp:87] Iteration 57, loss = 0.24999
I0814 06:09:17.785908  5030 solver.cpp:237] Iteration 58, lr = 0.0001
I0814 06:09:17.786351  5030 solver.cpp:87] Iteration 58, loss = 0.40335
I0814 06:09:18.265130  5030 solver.cpp:237] Iteration 59, lr = 0.0001
I0814 06:09:18.265573  5030 solver.cpp:87] Iteration 59, loss = 0.216469
I0814 06:09:18.745378  5030 solver.cpp:237] Iteration 60, lr = 0.0001
I0814 06:09:18.745820  5030 solver.cpp:87] Iteration 60, loss = 0.293549
I0814 06:09:19.225443  5030 solver.cpp:237] Iteration 61, lr = 0.0001
I0814 06:09:19.225888  5030 solver.cpp:87] Iteration 61, loss = 0.360282
I0814 06:09:19.705749  5030 solver.cpp:237] Iteration 62, lr = 0.0001
I0814 06:09:19.706194  5030 solver.cpp:87] Iteration 62, loss = 0.28682
I0814 06:09:20.183856  5030 solver.cpp:237] Iteration 63, lr = 0.0001
I0814 06:09:20.184301  5030 solver.cpp:87] Iteration 63, loss = 0.252496
I0814 06:09:20.664196  5030 solver.cpp:237] Iteration 64, lr = 0.0001
I0814 06:09:20.664633  5030 solver.cpp:87] Iteration 64, loss = 0.198981
I0814 06:09:21.144613  5030 solver.cpp:237] Iteration 65, lr = 0.0001
I0814 06:09:21.145069  5030 solver.cpp:87] Iteration 65, loss = 0.304514
I0814 06:09:21.624982  5030 solver.cpp:237] Iteration 66, lr = 0.0001
I0814 06:09:21.625426  5030 solver.cpp:87] Iteration 66, loss = 0.231104
I0814 06:09:22.105355  5030 solver.cpp:237] Iteration 67, lr = 0.0001
I0814 06:09:22.105801  5030 solver.cpp:87] Iteration 67, loss = 0.20035
I0814 06:09:22.585537  5030 solver.cpp:237] Iteration 68, lr = 0.0001
I0814 06:09:22.585984  5030 solver.cpp:87] Iteration 68, loss = 0.276889
I0814 06:09:23.065743  5030 solver.cpp:237] Iteration 69, lr = 0.0001
I0814 06:09:23.066195  5030 solver.cpp:87] Iteration 69, loss = 0.20107
I0814 06:09:23.545866  5030 solver.cpp:237] Iteration 70, lr = 0.0001
I0814 06:09:23.546322  5030 solver.cpp:87] Iteration 70, loss = 0.295257
I0814 06:09:24.026088  5030 solver.cpp:237] Iteration 71, lr = 0.0001
I0814 06:09:24.026589  5030 solver.cpp:87] Iteration 71, loss = 0.205947
I0814 06:09:24.506536  5030 solver.cpp:237] Iteration 72, lr = 0.0001
I0814 06:09:24.506975  5030 solver.cpp:87] Iteration 72, loss = 0.348513
I0814 06:09:24.986779  5030 solver.cpp:237] Iteration 73, lr = 0.0001
I0814 06:09:24.987232  5030 solver.cpp:87] Iteration 73, loss = 0.235559
I0814 06:09:25.467113  5030 solver.cpp:237] Iteration 74, lr = 0.0001
I0814 06:09:25.467568  5030 solver.cpp:87] Iteration 74, loss = 0.277344
I0814 06:09:25.946681  5030 solver.cpp:237] Iteration 75, lr = 0.0001
I0814 06:09:25.947126  5030 solver.cpp:87] Iteration 75, loss = 0.23079
I0814 06:09:26.427000  5030 solver.cpp:237] Iteration 76, lr = 0.0001
I0814 06:09:26.427448  5030 solver.cpp:87] Iteration 76, loss = 0.302249
I0814 06:09:26.907618  5030 solver.cpp:237] Iteration 77, lr = 0.0001
I0814 06:09:26.908068  5030 solver.cpp:87] Iteration 77, loss = 0.271812
I0814 06:09:27.387729  5030 solver.cpp:237] Iteration 78, lr = 0.0001
I0814 06:09:27.388169  5030 solver.cpp:87] Iteration 78, loss = 0.294514
I0814 06:09:27.868191  5030 solver.cpp:237] Iteration 79, lr = 0.0001
I0814 06:09:27.868641  5030 solver.cpp:87] Iteration 79, loss = 0.310985
I0814 06:09:28.348705  5030 solver.cpp:237] Iteration 80, lr = 0.0001
I0814 06:09:28.349153  5030 solver.cpp:87] Iteration 80, loss = 0.183819
I0814 06:09:28.829332  5030 solver.cpp:237] Iteration 81, lr = 0.0001
I0814 06:09:28.829778  5030 solver.cpp:87] Iteration 81, loss = 0.238424
I0814 06:09:29.309681  5030 solver.cpp:237] Iteration 82, lr = 0.0001
I0814 06:09:29.310137  5030 solver.cpp:87] Iteration 82, loss = 0.221448
I0814 06:09:29.790345  5030 solver.cpp:237] Iteration 83, lr = 0.0001
I0814 06:09:29.790814  5030 solver.cpp:87] Iteration 83, loss = 0.269862
I0814 06:09:30.270876  5030 solver.cpp:237] Iteration 84, lr = 0.0001
I0814 06:09:30.271324  5030 solver.cpp:87] Iteration 84, loss = 0.271968
I0814 06:09:30.751425  5030 solver.cpp:237] Iteration 85, lr = 0.0001
I0814 06:09:30.751863  5030 solver.cpp:87] Iteration 85, loss = 0.247201
I0814 06:09:31.231533  5030 solver.cpp:237] Iteration 86, lr = 0.0001
I0814 06:09:31.231981  5030 solver.cpp:87] Iteration 86, loss = 0.256389
I0814 06:09:31.712117  5030 solver.cpp:237] Iteration 87, lr = 0.0001
I0814 06:09:31.712575  5030 solver.cpp:87] Iteration 87, loss = 0.232795
I0814 06:09:32.192683  5030 solver.cpp:237] Iteration 88, lr = 0.0001
I0814 06:09:32.193131  5030 solver.cpp:87] Iteration 88, loss = 0.346174
I0814 06:09:32.673192  5030 solver.cpp:237] Iteration 89, lr = 0.0001
I0814 06:09:32.673642  5030 solver.cpp:87] Iteration 89, loss = 0.261199
I0814 06:09:33.153794  5030 solver.cpp:237] Iteration 90, lr = 0.0001
I0814 06:09:33.154242  5030 solver.cpp:87] Iteration 90, loss = 0.260437
I0814 06:09:33.634906  5030 solver.cpp:237] Iteration 91, lr = 0.0001
I0814 06:09:33.635354  5030 solver.cpp:87] Iteration 91, loss = 0.333044
I0814 06:09:34.115157  5030 solver.cpp:237] Iteration 92, lr = 0.0001
I0814 06:09:34.115600  5030 solver.cpp:87] Iteration 92, loss = 0.280243
I0814 06:09:34.595597  5030 solver.cpp:237] Iteration 93, lr = 0.0001
I0814 06:09:34.596050  5030 solver.cpp:87] Iteration 93, loss = 0.192797
I0814 06:09:35.076203  5030 solver.cpp:237] Iteration 94, lr = 0.0001
I0814 06:09:35.076649  5030 solver.cpp:87] Iteration 94, loss = 0.320539
I0814 06:09:35.556383  5030 solver.cpp:237] Iteration 95, lr = 0.0001
I0814 06:09:35.556864  5030 solver.cpp:87] Iteration 95, loss = 0.20009
I0814 06:09:36.036857  5030 solver.cpp:237] Iteration 96, lr = 0.0001
I0814 06:09:36.037329  5030 solver.cpp:87] Iteration 96, loss = 0.30183
I0814 06:09:36.517469  5030 solver.cpp:237] Iteration 97, lr = 0.0001
I0814 06:09:36.517940  5030 solver.cpp:87] Iteration 97, loss = 0.272155
I0814 06:09:36.998018  5030 solver.cpp:237] Iteration 98, lr = 0.0001
I0814 06:09:36.998508  5030 solver.cpp:87] Iteration 98, loss = 0.15488
I0814 06:09:37.478541  5030 solver.cpp:237] Iteration 99, lr = 0.0001
I0814 06:09:37.479015  5030 solver.cpp:87] Iteration 99, loss = 0.205107
I0814 06:09:37.959034  5030 solver.cpp:237] Iteration 100, lr = 0.0001
I0814 06:09:37.959508  5030 solver.cpp:87] Iteration 100, loss = 0.25756
I0814 06:09:38.434490  5030 solver.cpp:237] Iteration 101, lr = 0.0001
I0814 06:09:38.434967  5030 solver.cpp:87] Iteration 101, loss = 0.192773
I0814 06:09:38.908550  5030 solver.cpp:237] Iteration 102, lr = 0.0001
I0814 06:09:38.909026  5030 solver.cpp:87] Iteration 102, loss = 0.200475
I0814 06:09:39.383128  5030 solver.cpp:237] Iteration 103, lr = 0.0001
I0814 06:09:39.383605  5030 solver.cpp:87] Iteration 103, loss = 0.19275
I0814 06:09:39.857435  5030 solver.cpp:237] Iteration 104, lr = 0.0001
I0814 06:09:39.857913  5030 solver.cpp:87] Iteration 104, loss = 0.190829
I0814 06:09:40.331593  5030 solver.cpp:237] Iteration 105, lr = 0.0001
I0814 06:09:40.332062  5030 solver.cpp:87] Iteration 105, loss = 0.191907
I0814 06:09:40.806009  5030 solver.cpp:237] Iteration 106, lr = 0.0001
I0814 06:09:40.806501  5030 solver.cpp:87] Iteration 106, loss = 0.286739
I0814 06:09:41.280689  5030 solver.cpp:237] Iteration 107, lr = 0.0001
I0814 06:09:41.281168  5030 solver.cpp:87] Iteration 107, loss = 0.19558
I0814 06:09:41.755125  5030 solver.cpp:237] Iteration 108, lr = 0.0001
I0814 06:09:41.755547  5030 solver.cpp:87] Iteration 108, loss = 0.269124
I0814 06:09:42.229322  5030 solver.cpp:237] Iteration 109, lr = 0.0001
I0814 06:09:42.229800  5030 solver.cpp:87] Iteration 109, loss = 0.299169
I0814 06:09:42.703466  5030 solver.cpp:237] Iteration 110, lr = 0.0001
I0814 06:09:42.703913  5030 solver.cpp:87] Iteration 110, loss = 0.185512
I0814 06:09:43.177556  5030 solver.cpp:237] Iteration 111, lr = 0.0001
I0814 06:09:43.178004  5030 solver.cpp:87] Iteration 111, loss = 0.261308
I0814 06:09:43.651643  5030 solver.cpp:237] Iteration 112, lr = 0.0001
I0814 06:09:43.652068  5030 solver.cpp:87] Iteration 112, loss = 0.178054
I0814 06:09:44.126392  5030 solver.cpp:237] Iteration 113, lr = 0.0001
I0814 06:09:44.126852  5030 solver.cpp:87] Iteration 113, loss = 0.310191
I0814 06:09:44.600682  5030 solver.cpp:237] Iteration 114, lr = 0.0001
I0814 06:09:44.601114  5030 solver.cpp:87] Iteration 114, loss = 0.241391
I0814 06:09:45.074962  5030 solver.cpp:237] Iteration 115, lr = 0.0001
I0814 06:09:45.075412  5030 solver.cpp:87] Iteration 115, loss = 0.265234
I0814 06:09:45.549363  5030 solver.cpp:237] Iteration 116, lr = 0.0001
I0814 06:09:45.549900  5030 solver.cpp:87] Iteration 116, loss = 0.157279
I0814 06:09:46.023640  5030 solver.cpp:237] Iteration 117, lr = 0.0001
I0814 06:09:46.024111  5030 solver.cpp:87] Iteration 117, loss = 0.168471
I0814 06:09:46.497845  5030 solver.cpp:237] Iteration 118, lr = 0.0001
I0814 06:09:46.498296  5030 solver.cpp:87] Iteration 118, loss = 0.239061
I0814 06:09:46.972159  5030 solver.cpp:237] Iteration 119, lr = 0.0001
I0814 06:09:46.972612  5030 solver.cpp:87] Iteration 119, loss = 0.251927
I0814 06:09:47.446573  5030 solver.cpp:237] Iteration 120, lr = 0.0001
I0814 06:09:47.447020  5030 solver.cpp:87] Iteration 120, loss = 0.269471
I0814 06:09:47.920689  5030 solver.cpp:237] Iteration 121, lr = 0.0001
I0814 06:09:47.921140  5030 solver.cpp:87] Iteration 121, loss = 0.283006
I0814 06:09:48.395117  5030 solver.cpp:237] Iteration 122, lr = 0.0001
I0814 06:09:48.395572  5030 solver.cpp:87] Iteration 122, loss = 0.222538
I0814 06:09:48.869374  5030 solver.cpp:237] Iteration 123, lr = 0.0001
I0814 06:09:48.869824  5030 solver.cpp:87] Iteration 123, loss = 0.266904
I0814 06:09:49.343565  5030 solver.cpp:237] Iteration 124, lr = 0.0001
I0814 06:09:49.344014  5030 solver.cpp:87] Iteration 124, loss = 0.282976
I0814 06:09:49.818177  5030 solver.cpp:237] Iteration 125, lr = 0.0001
I0814 06:09:49.818647  5030 solver.cpp:87] Iteration 125, loss = 0.222931
I0814 06:09:50.292573  5030 solver.cpp:237] Iteration 126, lr = 0.0001
I0814 06:09:50.293023  5030 solver.cpp:87] Iteration 126, loss = 0.268775
I0814 06:09:50.766742  5030 solver.cpp:237] Iteration 127, lr = 0.0001
I0814 06:09:50.767202  5030 solver.cpp:87] Iteration 127, loss = 0.283346
I0814 06:09:51.241227  5030 solver.cpp:237] Iteration 128, lr = 0.0001
I0814 06:09:51.241679  5030 solver.cpp:87] Iteration 128, loss = 0.17756
I0814 06:09:51.715636  5030 solver.cpp:237] Iteration 129, lr = 0.0001
I0814 06:09:51.716086  5030 solver.cpp:87] Iteration 129, loss = 0.278024
I0814 06:09:52.189826  5030 solver.cpp:237] Iteration 130, lr = 0.0001
I0814 06:09:52.190271  5030 solver.cpp:87] Iteration 130, loss = 0.328023
I0814 06:09:52.664278  5030 solver.cpp:237] Iteration 131, lr = 0.0001
I0814 06:09:52.664715  5030 solver.cpp:87] Iteration 131, loss = 0.177129
I0814 06:09:53.138566  5030 solver.cpp:237] Iteration 132, lr = 0.0001
I0814 06:09:53.138996  5030 solver.cpp:87] Iteration 132, loss = 0.269317
I0814 06:09:53.612759  5030 solver.cpp:237] Iteration 133, lr = 0.0001
I0814 06:09:53.613186  5030 solver.cpp:87] Iteration 133, loss = 0.241485
I0814 06:09:54.087033  5030 solver.cpp:237] Iteration 134, lr = 0.0001
I0814 06:09:54.087484  5030 solver.cpp:87] Iteration 134, loss = 0.214223
I0814 06:09:54.561363  5030 solver.cpp:237] Iteration 135, lr = 0.0001
I0814 06:09:54.561797  5030 solver.cpp:87] Iteration 135, loss = 0.299655
I0814 06:09:55.035624  5030 solver.cpp:237] Iteration 136, lr = 0.0001
I0814 06:09:55.036079  5030 solver.cpp:87] Iteration 136, loss = 0.156863
I0814 06:09:55.509526  5030 solver.cpp:237] Iteration 137, lr = 0.0001
I0814 06:09:55.509958  5030 solver.cpp:87] Iteration 137, loss = 0.254843
I0814 06:09:55.989115  5030 solver.cpp:237] Iteration 138, lr = 0.0001
I0814 06:09:55.989547  5030 solver.cpp:87] Iteration 138, loss = 0.192976
I0814 06:09:56.469815  5030 solver.cpp:237] Iteration 139, lr = 0.0001
I0814 06:09:56.470266  5030 solver.cpp:87] Iteration 139, loss = 0.250788
I0814 06:09:56.950177  5030 solver.cpp:237] Iteration 140, lr = 0.0001
I0814 06:09:56.950634  5030 solver.cpp:87] Iteration 140, loss = 0.15844
I0814 06:09:57.430737  5030 solver.cpp:237] Iteration 141, lr = 0.0001
I0814 06:09:57.431185  5030 solver.cpp:87] Iteration 141, loss = 0.256285
I0814 06:09:57.910871  5030 solver.cpp:237] Iteration 142, lr = 0.0001
I0814 06:09:57.911326  5030 solver.cpp:87] Iteration 142, loss = 0.243576
I0814 06:09:58.391319  5030 solver.cpp:237] Iteration 143, lr = 0.0001
I0814 06:09:58.391762  5030 solver.cpp:87] Iteration 143, loss = 0.22266
I0814 06:09:58.871604  5030 solver.cpp:237] Iteration 144, lr = 0.0001
I0814 06:09:58.872055  5030 solver.cpp:87] Iteration 144, loss = 0.327861
I0814 06:09:59.352114  5030 solver.cpp:237] Iteration 145, lr = 0.0001
I0814 06:09:59.352566  5030 solver.cpp:87] Iteration 145, loss = 0.20243
I0814 06:09:59.832455  5030 solver.cpp:237] Iteration 146, lr = 0.0001
I0814 06:09:59.832905  5030 solver.cpp:87] Iteration 146, loss = 0.254519
I0814 06:10:00.312790  5030 solver.cpp:237] Iteration 147, lr = 0.0001
I0814 06:10:00.313246  5030 solver.cpp:87] Iteration 147, loss = 0.183221
I0814 06:10:00.793193  5030 solver.cpp:237] Iteration 148, lr = 0.0001
I0814 06:10:00.793643  5030 solver.cpp:87] Iteration 148, loss = 0.272502
I0814 06:10:01.273581  5030 solver.cpp:237] Iteration 149, lr = 0.0001
I0814 06:10:01.274031  5030 solver.cpp:87] Iteration 149, loss = 0.142412
I0814 06:10:01.753711  5030 solver.cpp:237] Iteration 150, lr = 0.0001
I0814 06:10:01.754328  5030 solver.cpp:87] Iteration 150, loss = 0.184896
I0814 06:10:02.234061  5030 solver.cpp:237] Iteration 151, lr = 0.0001
I0814 06:10:02.234494  5030 solver.cpp:87] Iteration 151, loss = 0.265157
I0814 06:10:02.714207  5030 solver.cpp:237] Iteration 152, lr = 0.0001
I0814 06:10:02.714653  5030 solver.cpp:87] Iteration 152, loss = 0.299048
I0814 06:10:03.194586  5030 solver.cpp:237] Iteration 153, lr = 0.0001
I0814 06:10:03.195004  5030 solver.cpp:87] Iteration 153, loss = 0.22594
I0814 06:10:03.674805  5030 solver.cpp:237] Iteration 154, lr = 0.0001
I0814 06:10:03.675222  5030 solver.cpp:87] Iteration 154, loss = 0.229347
I0814 06:10:04.155097  5030 solver.cpp:237] Iteration 155, lr = 0.0001
I0814 06:10:04.155513  5030 solver.cpp:87] Iteration 155, loss = 0.197299
I0814 06:10:04.635426  5030 solver.cpp:237] Iteration 156, lr = 0.0001
I0814 06:10:04.635853  5030 solver.cpp:87] Iteration 156, loss = 0.270285
I0814 06:10:05.115792  5030 solver.cpp:237] Iteration 157, lr = 0.0001
I0814 06:10:05.116205  5030 solver.cpp:87] Iteration 157, loss = 0.27314
I0814 06:10:05.595957  5030 solver.cpp:237] Iteration 158, lr = 0.0001
I0814 06:10:05.596374  5030 solver.cpp:87] Iteration 158, loss = 0.268746
I0814 06:10:06.076259  5030 solver.cpp:237] Iteration 159, lr = 0.0001
I0814 06:10:06.076674  5030 solver.cpp:87] Iteration 159, loss = 0.200321
I0814 06:10:06.556998  5030 solver.cpp:237] Iteration 160, lr = 0.0001
I0814 06:10:06.557414  5030 solver.cpp:87] Iteration 160, loss = 0.210074
I0814 06:10:07.037271  5030 solver.cpp:237] Iteration 161, lr = 0.0001
I0814 06:10:07.037688  5030 solver.cpp:87] Iteration 161, loss = 0.199693
I0814 06:10:07.517675  5030 solver.cpp:237] Iteration 162, lr = 0.0001
I0814 06:10:07.518096  5030 solver.cpp:87] Iteration 162, loss = 0.260434
I0814 06:10:07.997809  5030 solver.cpp:237] Iteration 163, lr = 0.0001
I0814 06:10:07.998229  5030 solver.cpp:87] Iteration 163, loss = 0.287425
I0814 06:10:08.478076  5030 solver.cpp:237] Iteration 164, lr = 0.0001
I0814 06:10:08.478513  5030 solver.cpp:87] Iteration 164, loss = 0.212539
I0814 06:10:08.958498  5030 solver.cpp:237] Iteration 165, lr = 0.0001
I0814 06:10:08.958916  5030 solver.cpp:87] Iteration 165, loss = 0.298708
I0814 06:10:09.438881  5030 solver.cpp:237] Iteration 166, lr = 0.0001
I0814 06:10:09.439297  5030 solver.cpp:87] Iteration 166, loss = 0.167164
I0814 06:10:09.919212  5030 solver.cpp:237] Iteration 167, lr = 0.0001
I0814 06:10:09.919634  5030 solver.cpp:87] Iteration 167, loss = 0.206475
I0814 06:10:10.399067  5030 solver.cpp:237] Iteration 168, lr = 0.0001
I0814 06:10:10.399483  5030 solver.cpp:87] Iteration 168, loss = 0.134863
I0814 06:10:10.879170  5030 solver.cpp:237] Iteration 169, lr = 0.0001
I0814 06:10:10.879585  5030 solver.cpp:87] Iteration 169, loss = 0.152782
I0814 06:10:11.359607  5030 solver.cpp:237] Iteration 170, lr = 0.0001
I0814 06:10:11.360026  5030 solver.cpp:87] Iteration 170, loss = 0.253797
I0814 06:10:11.839865  5030 solver.cpp:237] Iteration 171, lr = 0.0001
I0814 06:10:11.840286  5030 solver.cpp:87] Iteration 171, loss = 0.251094
I0814 06:10:12.320171  5030 solver.cpp:237] Iteration 172, lr = 0.0001
I0814 06:10:12.320586  5030 solver.cpp:87] Iteration 172, loss = 0.263841
I0814 06:10:12.800629  5030 solver.cpp:237] Iteration 173, lr = 0.0001
I0814 06:10:12.801046  5030 solver.cpp:87] Iteration 173, loss = 0.204761
I0814 06:10:13.280762  5030 solver.cpp:237] Iteration 174, lr = 0.0001
I0814 06:10:13.281179  5030 solver.cpp:87] Iteration 174, loss = 0.235337
I0814 06:10:13.761258  5030 solver.cpp:237] Iteration 175, lr = 0.0001
I0814 06:10:13.761672  5030 solver.cpp:87] Iteration 175, loss = 0.219841
I0814 06:10:14.241464  5030 solver.cpp:237] Iteration 176, lr = 0.0001
I0814 06:10:14.241878  5030 solver.cpp:87] Iteration 176, loss = 0.246824
I0814 06:10:14.721674  5030 solver.cpp:237] Iteration 177, lr = 0.0001
I0814 06:10:14.722102  5030 solver.cpp:87] Iteration 177, loss = 0.257958
I0814 06:10:15.202360  5030 solver.cpp:237] Iteration 178, lr = 0.0001
I0814 06:10:15.202781  5030 solver.cpp:87] Iteration 178, loss = 0.271708
I0814 06:10:15.682561  5030 solver.cpp:237] Iteration 179, lr = 0.0001
I0814 06:10:15.682981  5030 solver.cpp:87] Iteration 179, loss = 0.194692
I0814 06:10:16.162896  5030 solver.cpp:237] Iteration 180, lr = 0.0001
I0814 06:10:16.163333  5030 solver.cpp:87] Iteration 180, loss = 0.292358
I0814 06:10:16.643211  5030 solver.cpp:237] Iteration 181, lr = 0.0001
I0814 06:10:16.643646  5030 solver.cpp:87] Iteration 181, loss = 0.15345
I0814 06:10:17.123574  5030 solver.cpp:237] Iteration 182, lr = 0.0001
I0814 06:10:17.123997  5030 solver.cpp:87] Iteration 182, loss = 0.217817
I0814 06:10:17.603859  5030 solver.cpp:237] Iteration 183, lr = 0.0001
I0814 06:10:17.604305  5030 solver.cpp:87] Iteration 183, loss = 0.271259
I0814 06:10:18.083953  5030 solver.cpp:237] Iteration 184, lr = 0.0001
I0814 06:10:18.084396  5030 solver.cpp:87] Iteration 184, loss = 0.197138
I0814 06:10:18.573143  5030 solver.cpp:237] Iteration 185, lr = 0.0001
I0814 06:10:18.573580  5030 solver.cpp:87] Iteration 185, loss = 0.178681
I0814 06:10:19.053122  5030 solver.cpp:237] Iteration 186, lr = 0.0001
I0814 06:10:19.053551  5030 solver.cpp:87] Iteration 186, loss = 0.201153
I0814 06:10:19.533220  5030 solver.cpp:237] Iteration 187, lr = 0.0001
I0814 06:10:19.533638  5030 solver.cpp:87] Iteration 187, loss = 0.192636
I0814 06:10:20.013106  5030 solver.cpp:237] Iteration 188, lr = 0.0001
I0814 06:10:20.013520  5030 solver.cpp:87] Iteration 188, loss = 0.217622
I0814 06:10:20.493726  5030 solver.cpp:237] Iteration 189, lr = 0.0001
I0814 06:10:20.494143  5030 solver.cpp:87] Iteration 189, loss = 0.212965
I0814 06:10:20.973950  5030 solver.cpp:237] Iteration 190, lr = 0.0001
I0814 06:10:20.974366  5030 solver.cpp:87] Iteration 190, loss = 0.196327
I0814 06:10:21.453992  5030 solver.cpp:237] Iteration 191, lr = 0.0001
I0814 06:10:21.454416  5030 solver.cpp:87] Iteration 191, loss = 0.182781
I0814 06:10:21.933969  5030 solver.cpp:237] Iteration 192, lr = 0.0001
I0814 06:10:21.934386  5030 solver.cpp:87] Iteration 192, loss = 0.199061
I0814 06:10:22.414046  5030 solver.cpp:237] Iteration 193, lr = 0.0001
I0814 06:10:22.414469  5030 solver.cpp:87] Iteration 193, loss = 0.192897
I0814 06:10:22.894434  5030 solver.cpp:237] Iteration 194, lr = 0.0001
I0814 06:10:22.894858  5030 solver.cpp:87] Iteration 194, loss = 0.191844
I0814 06:10:23.375026  5030 solver.cpp:237] Iteration 195, lr = 0.0001
I0814 06:10:23.375442  5030 solver.cpp:87] Iteration 195, loss = 0.223418
I0814 06:10:23.857033  5030 solver.cpp:237] Iteration 196, lr = 0.0001
I0814 06:10:23.857446  5030 solver.cpp:87] Iteration 196, loss = 0.238087
I0814 06:10:24.343379  5030 solver.cpp:237] Iteration 197, lr = 0.0001
I0814 06:10:24.343798  5030 solver.cpp:87] Iteration 197, loss = 0.171324
I0814 06:10:24.829582  5030 solver.cpp:237] Iteration 198, lr = 0.0001
I0814 06:10:24.829995  5030 solver.cpp:87] Iteration 198, loss = 0.210939
I0814 06:10:25.314887  5030 solver.cpp:237] Iteration 199, lr = 0.0001
I0814 06:10:25.315306  5030 solver.cpp:87] Iteration 199, loss = 0.254602
I0814 06:10:25.801352  5030 solver.cpp:237] Iteration 200, lr = 0.0001
I0814 06:10:25.801766  5030 solver.cpp:87] Iteration 200, loss = 0.203449
I0814 06:10:25.801779  5030 solver.cpp:106] Iteration 200, Testing net
I0814 06:10:29.467109  5030 solver.cpp:142] Test score #0: 0.499999
I0814 06:10:29.467149  5030 solver.cpp:142] Test score #1: 0.410183
I0814 06:10:29.917232  5030 solver.cpp:237] Iteration 201, lr = 0.0001
I0814 06:10:29.917639  5030 solver.cpp:87] Iteration 201, loss = 0.211496
I0814 06:10:30.405529  5030 solver.cpp:237] Iteration 202, lr = 0.0001
I0814 06:10:30.405938  5030 solver.cpp:87] Iteration 202, loss = 0.124769
I0814 06:10:30.892456  5030 solver.cpp:237] Iteration 203, lr = 0.0001
I0814 06:10:30.892868  5030 solver.cpp:87] Iteration 203, loss = 0.0874302
I0814 06:10:31.380898  5030 solver.cpp:237] Iteration 204, lr = 0.0001
I0814 06:10:31.381310  5030 solver.cpp:87] Iteration 204, loss = 0.247058
I0814 06:10:31.865792  5030 solver.cpp:237] Iteration 205, lr = 0.0001
I0814 06:10:31.866219  5030 solver.cpp:87] Iteration 205, loss = 0.232978
I0814 06:10:32.351793  5030 solver.cpp:237] Iteration 206, lr = 0.0001
I0814 06:10:32.352205  5030 solver.cpp:87] Iteration 206, loss = 0.201854
I0814 06:10:32.836725  5030 solver.cpp:237] Iteration 207, lr = 0.0001
I0814 06:10:32.837139  5030 solver.cpp:87] Iteration 207, loss = 0.353328
I0814 06:10:33.325150  5030 solver.cpp:237] Iteration 208, lr = 0.0001
I0814 06:10:33.325570  5030 solver.cpp:87] Iteration 208, loss = 0.18956
I0814 06:10:33.812422  5030 solver.cpp:237] Iteration 209, lr = 0.0001
I0814 06:10:33.812830  5030 solver.cpp:87] Iteration 209, loss = 0.172658
I0814 06:10:34.299253  5030 solver.cpp:237] Iteration 210, lr = 0.0001
I0814 06:10:34.299667  5030 solver.cpp:87] Iteration 210, loss = 0.194466
I0814 06:10:34.785254  5030 solver.cpp:237] Iteration 211, lr = 0.0001
I0814 06:10:34.785663  5030 solver.cpp:87] Iteration 211, loss = 0.258531
I0814 06:10:35.271925  5030 solver.cpp:237] Iteration 212, lr = 0.0001
I0814 06:10:35.272339  5030 solver.cpp:87] Iteration 212, loss = 0.192078
I0814 06:10:35.760190  5030 solver.cpp:237] Iteration 213, lr = 0.0001
I0814 06:10:35.760606  5030 solver.cpp:87] Iteration 213, loss = 0.263994
I0814 06:10:36.244078  5030 solver.cpp:237] Iteration 214, lr = 0.0001
I0814 06:10:36.244493  5030 solver.cpp:87] Iteration 214, loss = 0.229018
I0814 06:10:36.727504  5030 solver.cpp:237] Iteration 215, lr = 0.0001
I0814 06:10:36.727918  5030 solver.cpp:87] Iteration 215, loss = 0.226033
I0814 06:10:37.212118  5030 solver.cpp:237] Iteration 216, lr = 0.0001
I0814 06:10:37.212548  5030 solver.cpp:87] Iteration 216, loss = 0.334642
I0814 06:10:37.699237  5030 solver.cpp:237] Iteration 217, lr = 0.0001
I0814 06:10:37.699648  5030 solver.cpp:87] Iteration 217, loss = 0.22013
I0814 06:10:38.186410  5030 solver.cpp:237] Iteration 218, lr = 0.0001
I0814 06:10:38.186838  5030 solver.cpp:87] Iteration 218, loss = 0.314426
I0814 06:10:38.671864  5030 solver.cpp:237] Iteration 219, lr = 0.0001
I0814 06:10:38.672277  5030 solver.cpp:87] Iteration 219, loss = 0.153759
I0814 06:10:39.158859  5030 solver.cpp:237] Iteration 220, lr = 0.0001
I0814 06:10:39.159267  5030 solver.cpp:87] Iteration 220, loss = 0.257785
I0814 06:10:39.644413  5030 solver.cpp:237] Iteration 221, lr = 0.0001
I0814 06:10:39.644817  5030 solver.cpp:87] Iteration 221, loss = 0.335648
I0814 06:10:40.130481  5030 solver.cpp:237] Iteration 222, lr = 0.0001
I0814 06:10:40.130893  5030 solver.cpp:87] Iteration 222, loss = 0.164859
I0814 06:10:40.616444  5030 solver.cpp:237] Iteration 223, lr = 0.0001
I0814 06:10:40.616864  5030 solver.cpp:87] Iteration 223, loss = 0.195358
I0814 06:10:41.104626  5030 solver.cpp:237] Iteration 224, lr = 0.0001
I0814 06:10:41.105059  5030 solver.cpp:87] Iteration 224, loss = 0.212704
I0814 06:10:41.588192  5030 solver.cpp:237] Iteration 225, lr = 0.0001
I0814 06:10:41.588624  5030 solver.cpp:87] Iteration 225, loss = 0.258915
I0814 06:10:42.074193  5030 solver.cpp:237] Iteration 226, lr = 0.0001
I0814 06:10:42.074631  5030 solver.cpp:87] Iteration 226, loss = 0.197785
I0814 06:10:42.560060  5030 solver.cpp:237] Iteration 227, lr = 0.0001
I0814 06:10:42.560489  5030 solver.cpp:87] Iteration 227, loss = 0.302463
I0814 06:10:43.046007  5030 solver.cpp:237] Iteration 228, lr = 0.0001
I0814 06:10:43.046422  5030 solver.cpp:87] Iteration 228, loss = 0.228245
I0814 06:10:43.533231  5030 solver.cpp:237] Iteration 229, lr = 0.0001
I0814 06:10:43.533643  5030 solver.cpp:87] Iteration 229, loss = 0.208797
I0814 06:10:44.017813  5030 solver.cpp:237] Iteration 230, lr = 0.0001
I0814 06:10:44.018225  5030 solver.cpp:87] Iteration 230, loss = 0.280707
I0814 06:10:44.506104  5030 solver.cpp:237] Iteration 231, lr = 0.0001
I0814 06:10:44.506525  5030 solver.cpp:87] Iteration 231, loss = 0.224948
I0814 06:10:44.994302  5030 solver.cpp:237] Iteration 232, lr = 0.0001
I0814 06:10:44.994725  5030 solver.cpp:87] Iteration 232, loss = 0.210614
I0814 06:10:45.436555  5030 solver.cpp:237] Iteration 233, lr = 0.0001
I0814 06:10:45.436990  5030 solver.cpp:87] Iteration 233, loss = 0.22765
I0814 06:10:45.963624  5030 solver.cpp:237] Iteration 234, lr = 0.0001
I0814 06:10:45.964051  5030 solver.cpp:87] Iteration 234, loss = 0.199341
I0814 06:10:46.403908  5030 solver.cpp:237] Iteration 235, lr = 0.0001
I0814 06:10:46.404337  5030 solver.cpp:87] Iteration 235, loss = 0.164764
I0814 06:10:46.927211  5030 solver.cpp:237] Iteration 236, lr = 0.0001
I0814 06:10:46.927638  5030 solver.cpp:87] Iteration 236, loss = 0.160549
I0814 06:10:47.382788  5030 solver.cpp:237] Iteration 237, lr = 0.0001
I0814 06:10:47.383213  5030 solver.cpp:87] Iteration 237, loss = 0.200119
I0814 06:10:47.900116  5030 solver.cpp:237] Iteration 238, lr = 0.0001
I0814 06:10:47.900548  5030 solver.cpp:87] Iteration 238, loss = 0.291317
I0814 06:10:48.372949  5030 solver.cpp:237] Iteration 239, lr = 0.0001
I0814 06:10:48.373378  5030 solver.cpp:87] Iteration 239, loss = 0.189192
I0814 06:10:48.854749  5030 solver.cpp:237] Iteration 240, lr = 0.0001
I0814 06:10:48.855197  5030 solver.cpp:87] Iteration 240, loss = 0.198974
