nohup: ignoring input
I0828 18:23:16.993662 18740 finetune_net.cpp:25] Starting Optimization
I0828 18:23:16.993759 18740 solver.cpp:42] Creating training net.
I0828 18:23:16.994357 18740 net.cpp:76] Creating Layer data
I0828 18:23:16.994372 18740 net.cpp:112] data -> data
I0828 18:23:16.994391 18740 net.cpp:112] data -> label
I0828 18:23:16.994482 18740 data_layer.cpp:145] Opening leveldb clampdet_train_leveldb
I0828 18:23:17.036842 18740 data_layer.cpp:185] output data size: 128,3,227,227
I0828 18:23:17.036862 18740 data_layer.cpp:204] Loading mean file from../../data/clampdet/clampdet_mean.binaryproto
I0828 18:23:17.291380 18740 net.cpp:127] Top shape: 128 3 227 227 (19787136)
I0828 18:23:17.291410 18740 net.cpp:127] Top shape: 128 1 1 1 (128)
I0828 18:23:17.291417 18740 net.cpp:158] data does not need backward computation.
I0828 18:23:17.291431 18740 net.cpp:76] Creating Layer conv1
I0828 18:23:17.291441 18740 net.cpp:86] conv1 <- data
I0828 18:23:17.291461 18740 net.cpp:112] conv1 -> conv1
I0828 18:23:17.292960 18740 net.cpp:127] Top shape: 128 96 55 55 (37171200)
I0828 18:23:17.292974 18740 net.cpp:153] conv1 needs backward computation.
I0828 18:23:17.292984 18740 net.cpp:76] Creating Layer relu1
I0828 18:23:17.292992 18740 net.cpp:86] relu1 <- conv1
I0828 18:23:17.293002 18740 net.cpp:100] relu1 -> conv1 (in-place)
I0828 18:23:17.293015 18740 net.cpp:127] Top shape: 128 96 55 55 (37171200)
I0828 18:23:17.293028 18740 net.cpp:153] relu1 needs backward computation.
I0828 18:23:17.293040 18740 net.cpp:76] Creating Layer pool1
I0828 18:23:17.293051 18740 net.cpp:86] pool1 <- conv1
I0828 18:23:17.293061 18740 net.cpp:112] pool1 -> pool1
I0828 18:23:17.293092 18740 net.cpp:127] Top shape: 128 96 27 27 (8957952)
I0828 18:23:17.293107 18740 net.cpp:153] pool1 needs backward computation.
I0828 18:23:17.293128 18740 net.cpp:76] Creating Layer norm1
I0828 18:23:17.293141 18740 net.cpp:86] norm1 <- pool1
I0828 18:23:17.293151 18740 net.cpp:112] norm1 -> norm1
I0828 18:23:17.293166 18740 net.cpp:127] Top shape: 128 96 27 27 (8957952)
I0828 18:23:17.293175 18740 net.cpp:153] norm1 needs backward computation.
I0828 18:23:17.293195 18740 net.cpp:76] Creating Layer conv2
I0828 18:23:17.293207 18740 net.cpp:86] conv2 <- norm1
I0828 18:23:17.293216 18740 net.cpp:112] conv2 -> conv2
I0828 18:23:17.305707 18740 net.cpp:127] Top shape: 128 256 27 27 (23887872)
I0828 18:23:17.305732 18740 net.cpp:153] conv2 needs backward computation.
I0828 18:23:17.305740 18740 net.cpp:76] Creating Layer relu2
I0828 18:23:17.305745 18740 net.cpp:86] relu2 <- conv2
I0828 18:23:17.305753 18740 net.cpp:100] relu2 -> conv2 (in-place)
I0828 18:23:17.305763 18740 net.cpp:127] Top shape: 128 256 27 27 (23887872)
I0828 18:23:17.305769 18740 net.cpp:153] relu2 needs backward computation.
I0828 18:23:17.305778 18740 net.cpp:76] Creating Layer pool2
I0828 18:23:17.305784 18740 net.cpp:86] pool2 <- conv2
I0828 18:23:17.305793 18740 net.cpp:112] pool2 -> pool2
I0828 18:23:17.305804 18740 net.cpp:127] Top shape: 128 256 13 13 (5537792)
I0828 18:23:17.305810 18740 net.cpp:153] pool2 needs backward computation.
I0828 18:23:17.305822 18740 net.cpp:76] Creating Layer norm2
I0828 18:23:17.305830 18740 net.cpp:86] norm2 <- pool2
I0828 18:23:17.305838 18740 net.cpp:112] norm2 -> norm2
I0828 18:23:17.305848 18740 net.cpp:127] Top shape: 128 256 13 13 (5537792)
I0828 18:23:17.305856 18740 net.cpp:153] norm2 needs backward computation.
I0828 18:23:17.305866 18740 net.cpp:76] Creating Layer conv3
I0828 18:23:17.305874 18740 net.cpp:86] conv3 <- norm2
I0828 18:23:17.305883 18740 net.cpp:112] conv3 -> conv3
I0828 18:23:17.342147 18740 net.cpp:127] Top shape: 128 384 13 13 (8306688)
I0828 18:23:17.342175 18740 net.cpp:153] conv3 needs backward computation.
I0828 18:23:17.342185 18740 net.cpp:76] Creating Layer relu3
I0828 18:23:17.342190 18740 net.cpp:86] relu3 <- conv3
I0828 18:23:17.342197 18740 net.cpp:100] relu3 -> conv3 (in-place)
I0828 18:23:17.342206 18740 net.cpp:127] Top shape: 128 384 13 13 (8306688)
I0828 18:23:17.342212 18740 net.cpp:153] relu3 needs backward computation.
I0828 18:23:17.342221 18740 net.cpp:76] Creating Layer conv4
I0828 18:23:17.342228 18740 net.cpp:86] conv4 <- conv3
I0828 18:23:17.342236 18740 net.cpp:112] conv4 -> conv4
I0828 18:23:17.369451 18740 net.cpp:127] Top shape: 128 384 13 13 (8306688)
I0828 18:23:17.369475 18740 net.cpp:153] conv4 needs backward computation.
I0828 18:23:17.369483 18740 net.cpp:76] Creating Layer relu4
I0828 18:23:17.369489 18740 net.cpp:86] relu4 <- conv4
I0828 18:23:17.369496 18740 net.cpp:100] relu4 -> conv4 (in-place)
I0828 18:23:17.369503 18740 net.cpp:127] Top shape: 128 384 13 13 (8306688)
I0828 18:23:17.369506 18740 net.cpp:153] relu4 needs backward computation.
I0828 18:23:17.369513 18740 net.cpp:76] Creating Layer conv5
I0828 18:23:17.369518 18740 net.cpp:86] conv5 <- conv4
I0828 18:23:17.369523 18740 net.cpp:112] conv5 -> conv5
I0828 18:23:17.387742 18740 net.cpp:127] Top shape: 128 256 13 13 (5537792)
I0828 18:23:17.387768 18740 net.cpp:153] conv5 needs backward computation.
I0828 18:23:17.387775 18740 net.cpp:76] Creating Layer relu5
I0828 18:23:17.387783 18740 net.cpp:86] relu5 <- conv5
I0828 18:23:17.387789 18740 net.cpp:100] relu5 -> conv5 (in-place)
I0828 18:23:17.387794 18740 net.cpp:127] Top shape: 128 256 13 13 (5537792)
I0828 18:23:17.387799 18740 net.cpp:153] relu5 needs backward computation.
I0828 18:23:17.387805 18740 net.cpp:76] Creating Layer pool5
I0828 18:23:17.387809 18740 net.cpp:86] pool5 <- conv5
I0828 18:23:17.387815 18740 net.cpp:112] pool5 -> pool5
I0828 18:23:17.387825 18740 net.cpp:127] Top shape: 128 256 6 6 (1179648)
I0828 18:23:17.387832 18740 net.cpp:153] pool5 needs backward computation.
I0828 18:23:17.387846 18740 net.cpp:76] Creating Layer fc6
I0828 18:23:17.387855 18740 net.cpp:86] fc6 <- pool5
I0828 18:23:17.387862 18740 net.cpp:112] fc6 -> fc6
I0828 18:23:18.914567 18740 net.cpp:127] Top shape: 128 4096 1 1 (524288)
I0828 18:23:18.914594 18740 net.cpp:153] fc6 needs backward computation.
I0828 18:23:18.914604 18740 net.cpp:76] Creating Layer relu6
I0828 18:23:18.914612 18740 net.cpp:86] relu6 <- fc6
I0828 18:23:18.914618 18740 net.cpp:100] relu6 -> fc6 (in-place)
I0828 18:23:18.914624 18740 net.cpp:127] Top shape: 128 4096 1 1 (524288)
I0828 18:23:18.914629 18740 net.cpp:153] relu6 needs backward computation.
I0828 18:23:18.914634 18740 net.cpp:76] Creating Layer drop6
I0828 18:23:18.914638 18740 net.cpp:86] drop6 <- fc6
I0828 18:23:18.914644 18740 net.cpp:100] drop6 -> fc6 (in-place)
I0828 18:23:18.914662 18740 net.cpp:127] Top shape: 128 4096 1 1 (524288)
I0828 18:23:18.914669 18740 net.cpp:153] drop6 needs backward computation.
I0828 18:23:18.914680 18740 net.cpp:76] Creating Layer fc7
I0828 18:23:18.914687 18740 net.cpp:86] fc7 <- fc6
I0828 18:23:18.914695 18740 net.cpp:112] fc7 -> fc7
I0828 18:23:19.593271 18740 net.cpp:127] Top shape: 128 4096 1 1 (524288)
I0828 18:23:19.593297 18740 net.cpp:153] fc7 needs backward computation.
I0828 18:23:19.593307 18740 net.cpp:76] Creating Layer relu7
I0828 18:23:19.593313 18740 net.cpp:86] relu7 <- fc7
I0828 18:23:19.593320 18740 net.cpp:100] relu7 -> fc7 (in-place)
I0828 18:23:19.593327 18740 net.cpp:127] Top shape: 128 4096 1 1 (524288)
I0828 18:23:19.593330 18740 net.cpp:153] relu7 needs backward computation.
I0828 18:23:19.593336 18740 net.cpp:76] Creating Layer drop7
I0828 18:23:19.593340 18740 net.cpp:86] drop7 <- fc7
I0828 18:23:19.593346 18740 net.cpp:100] drop7 -> fc7 (in-place)
I0828 18:23:19.593355 18740 net.cpp:127] Top shape: 128 4096 1 1 (524288)
I0828 18:23:19.593364 18740 net.cpp:153] drop7 needs backward computation.
I0828 18:23:19.593372 18740 net.cpp:76] Creating Layer fc8_new
I0828 18:23:19.593379 18740 net.cpp:86] fc8_new <- fc7
I0828 18:23:19.593386 18740 net.cpp:112] fc8_new -> fc8_new
I0828 18:23:19.593788 18740 net.cpp:127] Top shape: 128 2 1 1 (256)
I0828 18:23:19.593801 18740 net.cpp:153] fc8_new needs backward computation.
I0828 18:23:19.593808 18740 net.cpp:76] Creating Layer loss
I0828 18:23:19.593813 18740 net.cpp:86] loss <- fc8_new
I0828 18:23:19.593818 18740 net.cpp:86] loss <- label
I0828 18:23:19.593830 18740 net.cpp:153] loss needs backward computation.
I0828 18:23:19.593868 18740 net.cpp:182] Collecting Learning Rate and Weight Decay.
I0828 18:23:19.593888 18740 net.cpp:175] Network initialization done.
I0828 18:23:19.593895 18740 net.cpp:176] Memory required for Data 536869888
I0828 18:23:19.593974 18740 solver.cpp:45] Creating testing net.
I0828 18:23:19.594669 18740 net.cpp:76] Creating Layer data
I0828 18:23:19.594682 18740 net.cpp:112] data -> data
I0828 18:23:19.594691 18740 net.cpp:112] data -> label
I0828 18:23:19.594698 18740 data_layer.cpp:145] Opening leveldb clampdet_val_leveldb
I0828 18:23:19.636281 18740 data_layer.cpp:185] output data size: 128,3,227,227
I0828 18:23:19.636298 18740 data_layer.cpp:204] Loading mean file from../../data/clampdet/clampdet_mean.binaryproto
I0828 18:23:19.676666 18740 net.cpp:127] Top shape: 128 3 227 227 (19787136)
I0828 18:23:19.676681 18740 net.cpp:127] Top shape: 128 1 1 1 (128)
I0828 18:23:19.676687 18740 net.cpp:158] data does not need backward computation.
I0828 18:23:19.676697 18740 net.cpp:76] Creating Layer conv1
I0828 18:23:19.676702 18740 net.cpp:86] conv1 <- data
I0828 18:23:19.676708 18740 net.cpp:112] conv1 -> conv1
I0828 18:23:19.678150 18740 net.cpp:127] Top shape: 128 96 55 55 (37171200)
I0828 18:23:19.678164 18740 net.cpp:153] conv1 needs backward computation.
I0828 18:23:19.678172 18740 net.cpp:76] Creating Layer relu1
I0828 18:23:19.678177 18740 net.cpp:86] relu1 <- conv1
I0828 18:23:19.678182 18740 net.cpp:100] relu1 -> conv1 (in-place)
I0828 18:23:19.678189 18740 net.cpp:127] Top shape: 128 96 55 55 (37171200)
I0828 18:23:19.678192 18740 net.cpp:153] relu1 needs backward computation.
I0828 18:23:19.678197 18740 net.cpp:76] Creating Layer pool1
I0828 18:23:19.678202 18740 net.cpp:86] pool1 <- conv1
I0828 18:23:19.678208 18740 net.cpp:112] pool1 -> pool1
I0828 18:23:19.678220 18740 net.cpp:127] Top shape: 128 96 27 27 (8957952)
I0828 18:23:19.678228 18740 net.cpp:153] pool1 needs backward computation.
I0828 18:23:19.678241 18740 net.cpp:76] Creating Layer norm1
I0828 18:23:19.678249 18740 net.cpp:86] norm1 <- pool1
I0828 18:23:19.678259 18740 net.cpp:112] norm1 -> norm1
I0828 18:23:19.678272 18740 net.cpp:127] Top shape: 128 96 27 27 (8957952)
I0828 18:23:19.678282 18740 net.cpp:153] norm1 needs backward computation.
I0828 18:23:19.678292 18740 net.cpp:76] Creating Layer conv2
I0828 18:23:19.678308 18740 net.cpp:86] conv2 <- norm1
I0828 18:23:19.678318 18740 net.cpp:112] conv2 -> conv2
I0828 18:23:19.690500 18740 net.cpp:127] Top shape: 128 256 27 27 (23887872)
I0828 18:23:19.690523 18740 net.cpp:153] conv2 needs backward computation.
I0828 18:23:19.690532 18740 net.cpp:76] Creating Layer relu2
I0828 18:23:19.690538 18740 net.cpp:86] relu2 <- conv2
I0828 18:23:19.690546 18740 net.cpp:100] relu2 -> conv2 (in-place)
I0828 18:23:19.690551 18740 net.cpp:127] Top shape: 128 256 27 27 (23887872)
I0828 18:23:19.690557 18740 net.cpp:153] relu2 needs backward computation.
I0828 18:23:19.690562 18740 net.cpp:76] Creating Layer pool2
I0828 18:23:19.690565 18740 net.cpp:86] pool2 <- conv2
I0828 18:23:19.690572 18740 net.cpp:112] pool2 -> pool2
I0828 18:23:19.690584 18740 net.cpp:127] Top shape: 128 256 13 13 (5537792)
I0828 18:23:19.690593 18740 net.cpp:153] pool2 needs backward computation.
I0828 18:23:19.690603 18740 net.cpp:76] Creating Layer norm2
I0828 18:23:19.690610 18740 net.cpp:86] norm2 <- pool2
I0828 18:23:19.690619 18740 net.cpp:112] norm2 -> norm2
I0828 18:23:19.690629 18740 net.cpp:127] Top shape: 128 256 13 13 (5537792)
I0828 18:23:19.690636 18740 net.cpp:153] norm2 needs backward computation.
I0828 18:23:19.690646 18740 net.cpp:76] Creating Layer conv3
I0828 18:23:19.690654 18740 net.cpp:86] conv3 <- norm2
I0828 18:23:19.690662 18740 net.cpp:112] conv3 -> conv3
I0828 18:23:19.726833 18740 net.cpp:127] Top shape: 128 384 13 13 (8306688)
I0828 18:23:19.726860 18740 net.cpp:153] conv3 needs backward computation.
I0828 18:23:19.726868 18740 net.cpp:76] Creating Layer relu3
I0828 18:23:19.726873 18740 net.cpp:86] relu3 <- conv3
I0828 18:23:19.726881 18740 net.cpp:100] relu3 -> conv3 (in-place)
I0828 18:23:19.726888 18740 net.cpp:127] Top shape: 128 384 13 13 (8306688)
I0828 18:23:19.726892 18740 net.cpp:153] relu3 needs backward computation.
I0828 18:23:19.726898 18740 net.cpp:76] Creating Layer conv4
I0828 18:23:19.726903 18740 net.cpp:86] conv4 <- conv3
I0828 18:23:19.726908 18740 net.cpp:112] conv4 -> conv4
I0828 18:23:19.754115 18740 net.cpp:127] Top shape: 128 384 13 13 (8306688)
I0828 18:23:19.754140 18740 net.cpp:153] conv4 needs backward computation.
I0828 18:23:19.754149 18740 net.cpp:76] Creating Layer relu4
I0828 18:23:19.754155 18740 net.cpp:86] relu4 <- conv4
I0828 18:23:19.754163 18740 net.cpp:100] relu4 -> conv4 (in-place)
I0828 18:23:19.754168 18740 net.cpp:127] Top shape: 128 384 13 13 (8306688)
I0828 18:23:19.754173 18740 net.cpp:153] relu4 needs backward computation.
I0828 18:23:19.754179 18740 net.cpp:76] Creating Layer conv5
I0828 18:23:19.754183 18740 net.cpp:86] conv5 <- conv4
I0828 18:23:19.754187 18740 net.cpp:112] conv5 -> conv5
I0828 18:23:19.772410 18740 net.cpp:127] Top shape: 128 256 13 13 (5537792)
I0828 18:23:19.772434 18740 net.cpp:153] conv5 needs backward computation.
I0828 18:23:19.772444 18740 net.cpp:76] Creating Layer relu5
I0828 18:23:19.772449 18740 net.cpp:86] relu5 <- conv5
I0828 18:23:19.772457 18740 net.cpp:100] relu5 -> conv5 (in-place)
I0828 18:23:19.772464 18740 net.cpp:127] Top shape: 128 256 13 13 (5537792)
I0828 18:23:19.772471 18740 net.cpp:153] relu5 needs backward computation.
I0828 18:23:19.772480 18740 net.cpp:76] Creating Layer pool5
I0828 18:23:19.772487 18740 net.cpp:86] pool5 <- conv5
I0828 18:23:19.772495 18740 net.cpp:112] pool5 -> pool5
I0828 18:23:19.772505 18740 net.cpp:127] Top shape: 128 256 6 6 (1179648)
I0828 18:23:19.772514 18740 net.cpp:153] pool5 needs backward computation.
I0828 18:23:19.772528 18740 net.cpp:76] Creating Layer fc6
I0828 18:23:19.772536 18740 net.cpp:86] fc6 <- pool5
I0828 18:23:19.772542 18740 net.cpp:112] fc6 -> fc6
I0828 18:23:21.300765 18740 net.cpp:127] Top shape: 128 4096 1 1 (524288)
I0828 18:23:21.300793 18740 net.cpp:153] fc6 needs backward computation.
I0828 18:23:21.300803 18740 net.cpp:76] Creating Layer relu6
I0828 18:23:21.300809 18740 net.cpp:86] relu6 <- fc6
I0828 18:23:21.300817 18740 net.cpp:100] relu6 -> fc6 (in-place)
I0828 18:23:21.300822 18740 net.cpp:127] Top shape: 128 4096 1 1 (524288)
I0828 18:23:21.300827 18740 net.cpp:153] relu6 needs backward computation.
I0828 18:23:21.300833 18740 net.cpp:76] Creating Layer drop6
I0828 18:23:21.300837 18740 net.cpp:86] drop6 <- fc6
I0828 18:23:21.300844 18740 net.cpp:100] drop6 -> fc6 (in-place)
I0828 18:23:21.300853 18740 net.cpp:127] Top shape: 128 4096 1 1 (524288)
I0828 18:23:21.300861 18740 net.cpp:153] drop6 needs backward computation.
I0828 18:23:21.300870 18740 net.cpp:76] Creating Layer fc7
I0828 18:23:21.300878 18740 net.cpp:86] fc7 <- fc6
I0828 18:23:21.300886 18740 net.cpp:112] fc7 -> fc7
I0828 18:23:21.979312 18740 net.cpp:127] Top shape: 128 4096 1 1 (524288)
I0828 18:23:21.979339 18740 net.cpp:153] fc7 needs backward computation.
I0828 18:23:21.979348 18740 net.cpp:76] Creating Layer relu7
I0828 18:23:21.979356 18740 net.cpp:86] relu7 <- fc7
I0828 18:23:21.979362 18740 net.cpp:100] relu7 -> fc7 (in-place)
I0828 18:23:21.979368 18740 net.cpp:127] Top shape: 128 4096 1 1 (524288)
I0828 18:23:21.979373 18740 net.cpp:153] relu7 needs backward computation.
I0828 18:23:21.979378 18740 net.cpp:76] Creating Layer drop7
I0828 18:23:21.979382 18740 net.cpp:86] drop7 <- fc7
I0828 18:23:21.979387 18740 net.cpp:100] drop7 -> fc7 (in-place)
I0828 18:23:21.979393 18740 net.cpp:127] Top shape: 128 4096 1 1 (524288)
I0828 18:23:21.979398 18740 net.cpp:153] drop7 needs backward computation.
I0828 18:23:21.979403 18740 net.cpp:76] Creating Layer fc8_new
I0828 18:23:21.979408 18740 net.cpp:86] fc8_new <- fc7
I0828 18:23:21.979413 18740 net.cpp:112] fc8_new -> fc8_new
I0828 18:23:21.979787 18740 net.cpp:127] Top shape: 128 2 1 1 (256)
I0828 18:23:21.979799 18740 net.cpp:153] fc8_new needs backward computation.
I0828 18:23:21.979806 18740 net.cpp:76] Creating Layer prob
I0828 18:23:21.979811 18740 net.cpp:86] prob <- fc8_new
I0828 18:23:21.979816 18740 net.cpp:112] prob -> prob
I0828 18:23:21.979825 18740 net.cpp:127] Top shape: 128 2 1 1 (256)
I0828 18:23:21.979828 18740 net.cpp:153] prob needs backward computation.
I0828 18:23:21.979835 18740 net.cpp:76] Creating Layer accuracy
I0828 18:23:21.979838 18740 net.cpp:86] accuracy <- prob
I0828 18:23:21.979843 18740 net.cpp:86] accuracy <- label
I0828 18:23:21.979850 18740 net.cpp:112] accuracy -> accuracy
I0828 18:23:21.979864 18740 net.cpp:127] Top shape: 1 2 1 1 (2)
I0828 18:23:21.979869 18740 net.cpp:153] accuracy needs backward computation.
I0828 18:23:21.979873 18740 net.cpp:164] This network produces output accuracy
I0828 18:23:21.979907 18740 net.cpp:182] Collecting Learning Rate and Weight Decay.
I0828 18:23:21.979925 18740 net.cpp:175] Network initialization done.
I0828 18:23:21.979933 18740 net.cpp:176] Memory required for Data 536870920
I0828 18:23:21.980003 18740 solver.cpp:50] Solver scaffolding done.
I0828 18:23:21.980018 18740 finetune_net.cpp:27] Loading from ../alexnet/caffe_alexnet_model
I0828 18:23:22.650362 18740 net.cpp:366] Copying source layer data
I0828 18:23:22.650388 18740 net.cpp:366] Copying source layer conv1
I0828 18:23:22.650477 18740 net.cpp:366] Copying source layer relu1
I0828 18:23:22.650492 18740 net.cpp:366] Copying source layer norm1
I0828 18:23:22.650499 18740 net.cpp:366] Copying source layer pool1
I0828 18:23:22.650508 18740 net.cpp:366] Copying source layer conv2
I0828 18:23:22.651067 18740 net.cpp:366] Copying source layer relu2
I0828 18:23:22.651078 18740 net.cpp:366] Copying source layer norm2
I0828 18:23:22.651083 18740 net.cpp:366] Copying source layer pool2
I0828 18:23:22.651087 18740 net.cpp:366] Copying source layer conv3
I0828 18:23:22.652595 18740 net.cpp:366] Copying source layer relu3
I0828 18:23:22.652611 18740 net.cpp:366] Copying source layer conv4
I0828 18:23:22.653740 18740 net.cpp:366] Copying source layer relu4
I0828 18:23:22.653753 18740 net.cpp:366] Copying source layer conv5
I0828 18:23:22.654562 18740 net.cpp:366] Copying source layer relu5
I0828 18:23:22.654575 18740 net.cpp:366] Copying source layer pool5
I0828 18:23:22.654579 18740 net.cpp:366] Copying source layer fc6
I0828 18:23:22.771878 18740 net.cpp:366] Copying source layer relu6
I0828 18:23:22.771906 18740 net.cpp:366] Copying source layer drop6
I0828 18:23:22.771913 18740 net.cpp:366] Copying source layer fc7
I0828 18:23:22.823884 18740 net.cpp:366] Copying source layer relu7
I0828 18:23:22.823910 18740 net.cpp:366] Copying source layer drop7
I0828 18:23:22.823915 18740 net.cpp:363] Ignoring source layer fc8
I0828 18:23:22.823920 18740 net.cpp:366] Copying source layer loss
I0828 18:23:22.837641 18740 solver.cpp:62] Solving ClampFineNet
I0828 18:23:22.837672 18740 solver.cpp:136] Iteration 0, Testing net
I0828 18:23:24.681363 18740 solver.cpp:172] Test score #0: 0.561345
I0828 18:23:24.681424 18740 solver.cpp:172] Test score #1: 0.637683
I0828 18:23:25.170632 18740 solver.cpp:269] Iteration 1, lr = 0.0001
I0828 18:23:25.277462 18740 solver.cpp:117] Iteration 1, loss = 0.772706
I0828 18:23:25.973809 18740 solver.cpp:269] Iteration 2, lr = 0.0001
I0828 18:23:26.079749 18740 solver.cpp:117] Iteration 2, loss = 0.531827
I0828 18:23:26.775418 18740 solver.cpp:269] Iteration 3, lr = 0.0001
I0828 18:23:26.881322 18740 solver.cpp:117] Iteration 3, loss = 0.372613
I0828 18:23:27.577473 18740 solver.cpp:269] Iteration 4, lr = 0.0001
I0828 18:23:27.683300 18740 solver.cpp:117] Iteration 4, loss = 0.358527
I0828 18:23:28.379791 18740 solver.cpp:269] Iteration 5, lr = 0.0001
I0828 18:23:28.485198 18740 solver.cpp:117] Iteration 5, loss = 0.351337
I0828 18:23:29.181329 18740 solver.cpp:269] Iteration 6, lr = 0.0001
I0828 18:23:29.287405 18740 solver.cpp:117] Iteration 6, loss = 0.293759
I0828 18:23:29.984055 18740 solver.cpp:269] Iteration 7, lr = 0.0001
I0828 18:23:30.089531 18740 solver.cpp:117] Iteration 7, loss = 0.371566
I0828 18:23:30.785122 18740 solver.cpp:269] Iteration 8, lr = 0.0001
I0828 18:23:30.890792 18740 solver.cpp:117] Iteration 8, loss = 0.377831
I0828 18:23:31.587009 18740 solver.cpp:269] Iteration 9, lr = 0.0001
I0828 18:23:31.692679 18740 solver.cpp:117] Iteration 9, loss = 0.341444
I0828 18:23:32.388859 18740 solver.cpp:269] Iteration 10, lr = 0.0001
I0828 18:23:32.494592 18740 solver.cpp:117] Iteration 10, loss = 0.341209
I0828 18:23:33.191225 18740 solver.cpp:269] Iteration 11, lr = 0.0001
I0828 18:23:33.296658 18740 solver.cpp:117] Iteration 11, loss = 0.374355
I0828 18:23:33.992427 18740 solver.cpp:269] Iteration 12, lr = 0.0001
I0828 18:23:34.098400 18740 solver.cpp:117] Iteration 12, loss = 0.283116
I0828 18:23:34.794366 18740 solver.cpp:269] Iteration 13, lr = 0.0001
I0828 18:23:34.900672 18740 solver.cpp:117] Iteration 13, loss = 0.288662
I0828 18:23:35.595723 18740 solver.cpp:269] Iteration 14, lr = 0.0001
I0828 18:23:35.701513 18740 solver.cpp:117] Iteration 14, loss = 0.341375
I0828 18:23:36.397821 18740 solver.cpp:269] Iteration 15, lr = 0.0001
I0828 18:23:36.502939 18740 solver.cpp:117] Iteration 15, loss = 0.307986
I0828 18:23:37.198760 18740 solver.cpp:269] Iteration 16, lr = 0.0001
I0828 18:23:37.304594 18740 solver.cpp:117] Iteration 16, loss = 0.218138
I0828 18:23:37.999881 18740 solver.cpp:269] Iteration 17, lr = 0.0001
I0828 18:23:38.105924 18740 solver.cpp:117] Iteration 17, loss = 0.320963
I0828 18:23:38.801811 18740 solver.cpp:269] Iteration 18, lr = 0.0001
I0828 18:23:38.907763 18740 solver.cpp:117] Iteration 18, loss = 0.279831
I0828 18:23:39.603579 18740 solver.cpp:269] Iteration 19, lr = 0.0001
I0828 18:23:39.709460 18740 solver.cpp:117] Iteration 19, loss = 0.237572
I0828 18:23:40.405239 18740 solver.cpp:269] Iteration 20, lr = 0.0001
I0828 18:23:40.510500 18740 solver.cpp:117] Iteration 20, loss = 0.347409
I0828 18:23:41.206223 18740 solver.cpp:269] Iteration 21, lr = 0.0001
I0828 18:23:41.311712 18740 solver.cpp:117] Iteration 21, loss = 0.300568
I0828 18:23:42.007400 18740 solver.cpp:269] Iteration 22, lr = 0.0001
I0828 18:23:42.113235 18740 solver.cpp:117] Iteration 22, loss = 0.239316
I0828 18:23:42.808081 18740 solver.cpp:269] Iteration 23, lr = 0.0001
I0828 18:23:42.913684 18740 solver.cpp:117] Iteration 23, loss = 0.40337
I0828 18:23:43.609212 18740 solver.cpp:269] Iteration 24, lr = 0.0001
I0828 18:23:43.715101 18740 solver.cpp:117] Iteration 24, loss = 0.255997
I0828 18:23:44.411149 18740 solver.cpp:269] Iteration 25, lr = 0.0001
I0828 18:23:44.517037 18740 solver.cpp:117] Iteration 25, loss = 0.264913
I0828 18:23:45.212316 18740 solver.cpp:269] Iteration 26, lr = 0.0001
I0828 18:23:45.318163 18740 solver.cpp:117] Iteration 26, loss = 0.280404
I0828 18:23:46.013869 18740 solver.cpp:269] Iteration 27, lr = 0.0001
I0828 18:23:46.119576 18740 solver.cpp:117] Iteration 27, loss = 0.281366
I0828 18:23:46.815445 18740 solver.cpp:269] Iteration 28, lr = 0.0001
I0828 18:23:46.921402 18740 solver.cpp:117] Iteration 28, loss = 0.348241
I0828 18:23:47.617240 18740 solver.cpp:269] Iteration 29, lr = 0.0001
I0828 18:23:47.722833 18740 solver.cpp:117] Iteration 29, loss = 0.294378
I0828 18:23:48.418216 18740 solver.cpp:269] Iteration 30, lr = 0.0001
I0828 18:23:48.524176 18740 solver.cpp:117] Iteration 30, loss = 0.168824
I0828 18:23:49.219622 18740 solver.cpp:269] Iteration 31, lr = 0.0001
I0828 18:23:49.325517 18740 solver.cpp:117] Iteration 31, loss = 0.243605
I0828 18:23:50.021659 18740 solver.cpp:269] Iteration 32, lr = 0.0001
I0828 18:23:50.127516 18740 solver.cpp:117] Iteration 32, loss = 0.269097
I0828 18:23:50.822919 18740 solver.cpp:269] Iteration 33, lr = 0.0001
I0828 18:23:50.928665 18740 solver.cpp:117] Iteration 33, loss = 0.167329
I0828 18:23:51.623585 18740 solver.cpp:269] Iteration 34, lr = 0.0001
I0828 18:23:51.729671 18740 solver.cpp:117] Iteration 34, loss = 0.384512
I0828 18:23:52.425613 18740 solver.cpp:269] Iteration 35, lr = 0.0001
I0828 18:23:52.531476 18740 solver.cpp:117] Iteration 35, loss = 0.248917
I0828 18:23:53.227330 18740 solver.cpp:269] Iteration 36, lr = 0.0001
I0828 18:23:53.332854 18740 solver.cpp:117] Iteration 36, loss = 0.281294
I0828 18:23:54.029152 18740 solver.cpp:269] Iteration 37, lr = 0.0001
I0828 18:23:54.134791 18740 solver.cpp:117] Iteration 37, loss = 0.318914
I0828 18:23:54.830853 18740 solver.cpp:269] Iteration 38, lr = 0.0001
I0828 18:23:54.936156 18740 solver.cpp:117] Iteration 38, loss = 0.301877
I0828 18:23:55.631814 18740 solver.cpp:269] Iteration 39, lr = 0.0001
I0828 18:23:55.737270 18740 solver.cpp:117] Iteration 39, loss = 0.305145
I0828 18:23:56.433403 18740 solver.cpp:269] Iteration 40, lr = 0.0001
I0828 18:23:56.539146 18740 solver.cpp:117] Iteration 40, loss = 0.300859
I0828 18:23:57.235602 18740 solver.cpp:269] Iteration 41, lr = 0.0001
I0828 18:23:57.341300 18740 solver.cpp:117] Iteration 41, loss = 0.254869
I0828 18:23:58.037605 18740 solver.cpp:269] Iteration 42, lr = 0.0001
I0828 18:23:58.143450 18740 solver.cpp:117] Iteration 42, loss = 0.263709
I0828 18:23:58.838480 18740 solver.cpp:269] Iteration 43, lr = 0.0001
I0828 18:23:58.944150 18740 solver.cpp:117] Iteration 43, loss = 0.385402
I0828 18:23:59.639938 18740 solver.cpp:269] Iteration 44, lr = 0.0001
I0828 18:23:59.745604 18740 solver.cpp:117] Iteration 44, loss = 0.331452
I0828 18:24:00.441092 18740 solver.cpp:269] Iteration 45, lr = 0.0001
I0828 18:24:00.546712 18740 solver.cpp:117] Iteration 45, loss = 0.279488
I0828 18:24:01.242228 18740 solver.cpp:269] Iteration 46, lr = 0.0001
I0828 18:24:01.347841 18740 solver.cpp:117] Iteration 46, loss = 0.321584
I0828 18:24:02.043293 18740 solver.cpp:269] Iteration 47, lr = 0.0001
I0828 18:24:02.149281 18740 solver.cpp:117] Iteration 47, loss = 0.294206
I0828 18:24:02.844763 18740 solver.cpp:269] Iteration 48, lr = 0.0001
I0828 18:24:02.950412 18740 solver.cpp:117] Iteration 48, loss = 0.244237
I0828 18:24:03.645730 18740 solver.cpp:269] Iteration 49, lr = 0.0001
I0828 18:24:03.751550 18740 solver.cpp:117] Iteration 49, loss = 0.325871
I0828 18:24:04.447962 18740 solver.cpp:269] Iteration 50, lr = 0.0001
I0828 18:24:04.553774 18740 solver.cpp:117] Iteration 50, loss = 0.192449
I0828 18:24:05.249281 18740 solver.cpp:269] Iteration 51, lr = 0.0001
I0828 18:24:05.354940 18740 solver.cpp:117] Iteration 51, loss = 0.164821
I0828 18:24:06.050416 18740 solver.cpp:269] Iteration 52, lr = 0.0001
I0828 18:24:06.156463 18740 solver.cpp:117] Iteration 52, loss = 0.229705
I0828 18:24:06.851886 18740 solver.cpp:269] Iteration 53, lr = 0.0001
I0828 18:24:06.957559 18740 solver.cpp:117] Iteration 53, loss = 0.245406
I0828 18:24:07.651540 18740 solver.cpp:269] Iteration 54, lr = 0.0001
I0828 18:24:07.757339 18740 solver.cpp:117] Iteration 54, loss = 0.2294
I0828 18:24:08.453191 18740 solver.cpp:269] Iteration 55, lr = 0.0001
I0828 18:24:08.559154 18740 solver.cpp:117] Iteration 55, loss = 0.302636
I0828 18:24:09.253911 18740 solver.cpp:269] Iteration 56, lr = 0.0001
I0828 18:24:09.359822 18740 solver.cpp:117] Iteration 56, loss = 0.20784
I0828 18:24:10.055694 18740 solver.cpp:269] Iteration 57, lr = 0.0001
I0828 18:24:10.161629 18740 solver.cpp:117] Iteration 57, loss = 0.294285
I0828 18:24:10.857743 18740 solver.cpp:269] Iteration 58, lr = 0.0001
I0828 18:24:10.962918 18740 solver.cpp:117] Iteration 58, loss = 0.335423
I0828 18:24:11.659440 18740 solver.cpp:269] Iteration 59, lr = 0.0001
I0828 18:24:11.764627 18740 solver.cpp:117] Iteration 59, loss = 0.192882
I0828 18:24:12.461511 18740 solver.cpp:269] Iteration 60, lr = 0.0001
I0828 18:24:12.566201 18740 solver.cpp:117] Iteration 60, loss = 0.316589
I0828 18:24:13.261387 18740 solver.cpp:269] Iteration 61, lr = 0.0001
I0828 18:24:13.367065 18740 solver.cpp:117] Iteration 61, loss = 0.275491
I0828 18:24:14.063101 18740 solver.cpp:269] Iteration 62, lr = 0.0001
I0828 18:24:14.168747 18740 solver.cpp:117] Iteration 62, loss = 0.222843
I0828 18:24:14.864765 18740 solver.cpp:269] Iteration 63, lr = 0.0001
I0828 18:24:14.970485 18740 solver.cpp:117] Iteration 63, loss = 0.208586
I0828 18:24:15.666769 18740 solver.cpp:269] Iteration 64, lr = 0.0001
I0828 18:24:15.772251 18740 solver.cpp:117] Iteration 64, loss = 0.173615
I0828 18:24:16.468344 18740 solver.cpp:269] Iteration 65, lr = 0.0001
I0828 18:24:16.573984 18740 solver.cpp:117] Iteration 65, loss = 0.333537
I0828 18:24:17.269649 18740 solver.cpp:269] Iteration 66, lr = 0.0001
I0828 18:24:17.375409 18740 solver.cpp:117] Iteration 66, loss = 0.254927
I0828 18:24:18.070786 18740 solver.cpp:269] Iteration 67, lr = 0.0001
I0828 18:24:18.176787 18740 solver.cpp:117] Iteration 67, loss = 0.266419
I0828 18:24:18.872112 18740 solver.cpp:269] Iteration 68, lr = 0.0001
I0828 18:24:18.977998 18740 solver.cpp:117] Iteration 68, loss = 0.26229
I0828 18:24:19.673490 18740 solver.cpp:269] Iteration 69, lr = 0.0001
I0828 18:24:19.779676 18740 solver.cpp:117] Iteration 69, loss = 0.238821
I0828 18:24:20.475302 18740 solver.cpp:269] Iteration 70, lr = 0.0001
I0828 18:24:20.581140 18740 solver.cpp:117] Iteration 70, loss = 0.258463
I0828 18:24:21.277302 18740 solver.cpp:269] Iteration 71, lr = 0.0001
I0828 18:24:21.383242 18740 solver.cpp:117] Iteration 71, loss = 0.218121
I0828 18:24:22.078368 18740 solver.cpp:269] Iteration 72, lr = 0.0001
I0828 18:24:22.184221 18740 solver.cpp:117] Iteration 72, loss = 0.291698
I0828 18:24:22.879639 18740 solver.cpp:269] Iteration 73, lr = 0.0001
I0828 18:24:22.985456 18740 solver.cpp:117] Iteration 73, loss = 0.228352
I0828 18:24:23.681449 18740 solver.cpp:269] Iteration 74, lr = 0.0001
I0828 18:24:23.787402 18740 solver.cpp:117] Iteration 74, loss = 0.263951
I0828 18:24:24.483145 18740 solver.cpp:269] Iteration 75, lr = 0.0001
I0828 18:24:24.589062 18740 solver.cpp:117] Iteration 75, loss = 0.216436
I0828 18:24:25.284476 18740 solver.cpp:269] Iteration 76, lr = 0.0001
I0828 18:24:25.390424 18740 solver.cpp:117] Iteration 76, loss = 0.307444
I0828 18:24:26.087093 18740 solver.cpp:269] Iteration 77, lr = 0.0001
I0828 18:24:26.191751 18740 solver.cpp:117] Iteration 77, loss = 0.283268
I0828 18:24:26.887774 18740 solver.cpp:269] Iteration 78, lr = 0.0001
I0828 18:24:26.993639 18740 solver.cpp:117] Iteration 78, loss = 0.208674
I0828 18:24:27.689316 18740 solver.cpp:269] Iteration 79, lr = 0.0001
I0828 18:24:27.795168 18740 solver.cpp:117] Iteration 79, loss = 0.249974
I0828 18:24:28.490701 18740 solver.cpp:269] Iteration 80, lr = 0.0001
I0828 18:24:28.596531 18740 solver.cpp:117] Iteration 80, loss = 0.189048
I0828 18:24:29.292517 18740 solver.cpp:269] Iteration 81, lr = 0.0001
I0828 18:24:29.398119 18740 solver.cpp:117] Iteration 81, loss = 0.254534
I0828 18:24:30.093910 18740 solver.cpp:269] Iteration 82, lr = 0.0001
I0828 18:24:30.199765 18740 solver.cpp:117] Iteration 82, loss = 0.156362
I0828 18:24:30.895783 18740 solver.cpp:269] Iteration 83, lr = 0.0001
I0828 18:24:31.001487 18740 solver.cpp:117] Iteration 83, loss = 0.1889
I0828 18:24:31.697464 18740 solver.cpp:269] Iteration 84, lr = 0.0001
I0828 18:24:31.803093 18740 solver.cpp:117] Iteration 84, loss = 0.215642
I0828 18:24:32.498127 18740 solver.cpp:269] Iteration 85, lr = 0.0001
I0828 18:24:32.603647 18740 solver.cpp:117] Iteration 85, loss = 0.241419
I0828 18:24:33.298746 18740 solver.cpp:269] Iteration 86, lr = 0.0001
I0828 18:24:33.404654 18740 solver.cpp:117] Iteration 86, loss = 0.251979
I0828 18:24:34.099849 18740 solver.cpp:269] Iteration 87, lr = 0.0001
I0828 18:24:34.205585 18740 solver.cpp:117] Iteration 87, loss = 0.230713
I0828 18:24:34.901696 18740 solver.cpp:269] Iteration 88, lr = 0.0001
I0828 18:24:35.007695 18740 solver.cpp:117] Iteration 88, loss = 0.265244
I0828 18:24:35.703838 18740 solver.cpp:269] Iteration 89, lr = 0.0001
I0828 18:24:35.809691 18740 solver.cpp:117] Iteration 89, loss = 0.239528
I0828 18:24:36.505319 18740 solver.cpp:269] Iteration 90, lr = 0.0001
I0828 18:24:36.611387 18740 solver.cpp:117] Iteration 90, loss = 0.251511
I0828 18:24:37.306789 18740 solver.cpp:269] Iteration 91, lr = 0.0001
I0828 18:24:37.412762 18740 solver.cpp:117] Iteration 91, loss = 0.276618
