nohup: ignoring input
I0820 16:18:53.591461  8159 finetune_net.cpp:25] Starting Optimization
I0820 16:18:53.591550  8159 solver.cpp:42] Creating training net.
I0820 16:18:53.592046  8159 net.cpp:76] Creating Layer data
I0820 16:18:53.592059  8159 net.cpp:112] data -> data
I0820 16:18:53.592069  8159 net.cpp:112] data -> label
I0820 16:18:53.592088  8159 data_layer.cpp:145] Opening leveldb scrape_zones_fine_train_leveldb
I0820 16:18:53.644101  8159 data_layer.cpp:185] output data size: 256,3,227,227
I0820 16:18:53.644136  8159 data_layer.cpp:204] Loading mean file from../../data/scrape_zones/scrape_zones_fine_mean.binaryproto
I0820 16:18:53.946650  8159 net.cpp:127] Top shape: 256 3 227 227 (39574272)
I0820 16:18:53.946679  8159 net.cpp:127] Top shape: 256 1 1 1 (256)
I0820 16:18:53.946686  8159 net.cpp:158] data does not need backward computation.
I0820 16:18:53.946698  8159 net.cpp:76] Creating Layer conv1
I0820 16:18:53.946705  8159 net.cpp:86] conv1 <- data
I0820 16:18:53.946719  8159 net.cpp:112] conv1 -> conv1
I0820 16:18:53.948040  8159 net.cpp:127] Top shape: 256 96 55 55 (74342400)
I0820 16:18:53.948052  8159 net.cpp:158] conv1 does not need backward computation.
I0820 16:18:53.948060  8159 net.cpp:76] Creating Layer relu1
I0820 16:18:53.948063  8159 net.cpp:86] relu1 <- conv1
I0820 16:18:53.948068  8159 net.cpp:100] relu1 -> conv1 (in-place)
I0820 16:18:53.948076  8159 net.cpp:127] Top shape: 256 96 55 55 (74342400)
I0820 16:18:53.948079  8159 net.cpp:158] relu1 does not need backward computation.
I0820 16:18:53.948084  8159 net.cpp:76] Creating Layer pool1
I0820 16:18:53.948088  8159 net.cpp:86] pool1 <- conv1
I0820 16:18:53.948092  8159 net.cpp:112] pool1 -> pool1
I0820 16:18:53.948102  8159 net.cpp:127] Top shape: 256 96 27 27 (17915904)
I0820 16:18:53.948107  8159 net.cpp:158] pool1 does not need backward computation.
I0820 16:18:53.948113  8159 net.cpp:76] Creating Layer norm1
I0820 16:18:53.948117  8159 net.cpp:86] norm1 <- pool1
I0820 16:18:53.948122  8159 net.cpp:112] norm1 -> norm1
I0820 16:18:53.948129  8159 net.cpp:127] Top shape: 256 96 27 27 (17915904)
I0820 16:18:53.948134  8159 net.cpp:158] norm1 does not need backward computation.
I0820 16:18:53.948139  8159 net.cpp:76] Creating Layer conv2
I0820 16:18:53.948143  8159 net.cpp:86] conv2 <- norm1
I0820 16:18:53.948148  8159 net.cpp:112] conv2 -> conv2
I0820 16:18:53.959144  8159 net.cpp:127] Top shape: 256 256 27 27 (47775744)
I0820 16:18:53.959170  8159 net.cpp:158] conv2 does not need backward computation.
I0820 16:18:53.959178  8159 net.cpp:76] Creating Layer relu2
I0820 16:18:53.959183  8159 net.cpp:86] relu2 <- conv2
I0820 16:18:53.959189  8159 net.cpp:100] relu2 -> conv2 (in-place)
I0820 16:18:53.959194  8159 net.cpp:127] Top shape: 256 256 27 27 (47775744)
I0820 16:18:53.959198  8159 net.cpp:158] relu2 does not need backward computation.
I0820 16:18:53.959203  8159 net.cpp:76] Creating Layer pool2
I0820 16:18:53.959206  8159 net.cpp:86] pool2 <- conv2
I0820 16:18:53.959211  8159 net.cpp:112] pool2 -> pool2
I0820 16:18:53.959218  8159 net.cpp:127] Top shape: 256 256 13 13 (11075584)
I0820 16:18:53.959221  8159 net.cpp:158] pool2 does not need backward computation.
I0820 16:18:53.959229  8159 net.cpp:76] Creating Layer norm2
I0820 16:18:53.959233  8159 net.cpp:86] norm2 <- pool2
I0820 16:18:53.959238  8159 net.cpp:112] norm2 -> norm2
I0820 16:18:53.959242  8159 net.cpp:127] Top shape: 256 256 13 13 (11075584)
I0820 16:18:53.959246  8159 net.cpp:158] norm2 does not need backward computation.
I0820 16:18:53.959252  8159 net.cpp:76] Creating Layer conv3
I0820 16:18:53.959256  8159 net.cpp:86] conv3 <- norm2
I0820 16:18:53.959260  8159 net.cpp:112] conv3 -> conv3
I0820 16:18:53.991217  8159 net.cpp:127] Top shape: 256 384 13 13 (16613376)
I0820 16:18:53.991243  8159 net.cpp:158] conv3 does not need backward computation.
I0820 16:18:53.991251  8159 net.cpp:76] Creating Layer relu3
I0820 16:18:53.991256  8159 net.cpp:86] relu3 <- conv3
I0820 16:18:53.991263  8159 net.cpp:100] relu3 -> conv3 (in-place)
I0820 16:18:53.991268  8159 net.cpp:127] Top shape: 256 384 13 13 (16613376)
I0820 16:18:53.991272  8159 net.cpp:158] relu3 does not need backward computation.
I0820 16:18:53.991278  8159 net.cpp:76] Creating Layer conv4
I0820 16:18:53.991282  8159 net.cpp:86] conv4 <- conv3
I0820 16:18:53.991286  8159 net.cpp:112] conv4 -> conv4
I0820 16:18:54.015254  8159 net.cpp:127] Top shape: 256 384 13 13 (16613376)
I0820 16:18:54.015281  8159 net.cpp:158] conv4 does not need backward computation.
I0820 16:18:54.015290  8159 net.cpp:76] Creating Layer relu4
I0820 16:18:54.015295  8159 net.cpp:86] relu4 <- conv4
I0820 16:18:54.015301  8159 net.cpp:100] relu4 -> conv4 (in-place)
I0820 16:18:54.015306  8159 net.cpp:127] Top shape: 256 384 13 13 (16613376)
I0820 16:18:54.015311  8159 net.cpp:158] relu4 does not need backward computation.
I0820 16:18:54.015316  8159 net.cpp:76] Creating Layer conv5
I0820 16:18:54.015321  8159 net.cpp:86] conv5 <- conv4
I0820 16:18:54.015326  8159 net.cpp:112] conv5 -> conv5
I0820 16:18:54.031338  8159 net.cpp:127] Top shape: 256 256 13 13 (11075584)
I0820 16:18:54.031364  8159 net.cpp:158] conv5 does not need backward computation.
I0820 16:18:54.031373  8159 net.cpp:76] Creating Layer relu5
I0820 16:18:54.031378  8159 net.cpp:86] relu5 <- conv5
I0820 16:18:54.031384  8159 net.cpp:100] relu5 -> conv5 (in-place)
I0820 16:18:54.031390  8159 net.cpp:127] Top shape: 256 256 13 13 (11075584)
I0820 16:18:54.031395  8159 net.cpp:158] relu5 does not need backward computation.
I0820 16:18:54.031400  8159 net.cpp:76] Creating Layer pool5
I0820 16:18:54.031404  8159 net.cpp:86] pool5 <- conv5
I0820 16:18:54.031409  8159 net.cpp:112] pool5 -> pool5
I0820 16:18:54.031414  8159 net.cpp:127] Top shape: 256 256 6 6 (2359296)
I0820 16:18:54.031419  8159 net.cpp:158] pool5 does not need backward computation.
I0820 16:18:54.031426  8159 net.cpp:76] Creating Layer fc6_new
I0820 16:18:54.031430  8159 net.cpp:86] fc6_new <- pool5
I0820 16:18:54.031435  8159 net.cpp:112] fc6_new -> fc6_new
I0820 16:18:55.387076  8159 net.cpp:127] Top shape: 256 4096 1 1 (1048576)
I0820 16:18:55.387107  8159 net.cpp:153] fc6_new needs backward computation.
I0820 16:18:55.387116  8159 net.cpp:76] Creating Layer relu6
I0820 16:18:55.387121  8159 net.cpp:86] relu6 <- fc6_new
I0820 16:18:55.387128  8159 net.cpp:100] relu6 -> fc6_new (in-place)
I0820 16:18:55.387133  8159 net.cpp:127] Top shape: 256 4096 1 1 (1048576)
I0820 16:18:55.387137  8159 net.cpp:153] relu6 needs backward computation.
I0820 16:18:55.387142  8159 net.cpp:76] Creating Layer drop6
I0820 16:18:55.387146  8159 net.cpp:86] drop6 <- fc6_new
I0820 16:18:55.387151  8159 net.cpp:100] drop6 -> fc6_new (in-place)
I0820 16:18:55.387162  8159 net.cpp:127] Top shape: 256 4096 1 1 (1048576)
I0820 16:18:55.387166  8159 net.cpp:153] drop6 needs backward computation.
I0820 16:18:55.387172  8159 net.cpp:76] Creating Layer fc7_new
I0820 16:18:55.387176  8159 net.cpp:86] fc7_new <- fc6_new
I0820 16:18:55.387181  8159 net.cpp:112] fc7_new -> fc7_new
I0820 16:18:55.989197  8159 net.cpp:127] Top shape: 256 4096 1 1 (1048576)
I0820 16:18:55.989225  8159 net.cpp:153] fc7_new needs backward computation.
I0820 16:18:55.989234  8159 net.cpp:76] Creating Layer relu7
I0820 16:18:55.989239  8159 net.cpp:86] relu7 <- fc7_new
I0820 16:18:55.989246  8159 net.cpp:100] relu7 -> fc7_new (in-place)
I0820 16:18:55.989251  8159 net.cpp:127] Top shape: 256 4096 1 1 (1048576)
I0820 16:18:55.989255  8159 net.cpp:153] relu7 needs backward computation.
I0820 16:18:55.989260  8159 net.cpp:76] Creating Layer drop7
I0820 16:18:55.989264  8159 net.cpp:86] drop7 <- fc7_new
I0820 16:18:55.989267  8159 net.cpp:100] drop7 -> fc7_new (in-place)
I0820 16:18:55.989272  8159 net.cpp:127] Top shape: 256 4096 1 1 (1048576)
I0820 16:18:55.989276  8159 net.cpp:153] drop7 needs backward computation.
I0820 16:18:55.989281  8159 net.cpp:76] Creating Layer fc8_clamp
I0820 16:18:55.989285  8159 net.cpp:86] fc8_clamp <- fc7_new
I0820 16:18:55.989289  8159 net.cpp:112] fc8_clamp -> fc8_aero
I0820 16:18:55.989609  8159 net.cpp:127] Top shape: 256 2 1 1 (512)
I0820 16:18:55.989619  8159 net.cpp:153] fc8_clamp needs backward computation.
I0820 16:18:55.989627  8159 net.cpp:76] Creating Layer loss
I0820 16:18:55.989631  8159 net.cpp:86] loss <- fc8_aero
I0820 16:18:55.989636  8159 net.cpp:86] loss <- label
I0820 16:18:55.989646  8159 net.cpp:153] loss needs backward computation.
I0820 16:18:55.989672  8159 net.cpp:182] Collecting Learning Rate and Weight Decay.
I0820 16:18:55.989683  8159 net.cpp:175] Network initialization done.
I0820 16:18:55.989687  8159 net.cpp:176] Memory required for Data 1073739776
I0820 16:18:55.989725  8159 solver.cpp:45] Creating testing net.
I0820 16:18:55.990339  8159 net.cpp:76] Creating Layer data
I0820 16:18:55.990363  8159 net.cpp:112] data -> data
I0820 16:18:55.990371  8159 net.cpp:112] data -> label
I0820 16:18:55.990378  8159 data_layer.cpp:145] Opening leveldb scrape_zones_fine_val_leveldb
I0820 16:18:56.035506  8159 data_layer.cpp:185] output data size: 256,3,227,227
I0820 16:18:56.035536  8159 data_layer.cpp:204] Loading mean file from../../data/scrape_zones/scrape_zones_fine_mean.binaryproto
I0820 16:18:56.111822  8159 net.cpp:127] Top shape: 256 3 227 227 (39574272)
I0820 16:18:56.111836  8159 net.cpp:127] Top shape: 256 1 1 1 (256)
I0820 16:18:56.111841  8159 net.cpp:158] data does not need backward computation.
I0820 16:18:56.111850  8159 net.cpp:76] Creating Layer conv1
I0820 16:18:56.111855  8159 net.cpp:86] conv1 <- data
I0820 16:18:56.111860  8159 net.cpp:112] conv1 -> conv1
I0820 16:18:56.113103  8159 net.cpp:127] Top shape: 256 96 55 55 (74342400)
I0820 16:18:56.113113  8159 net.cpp:158] conv1 does not need backward computation.
I0820 16:18:56.113121  8159 net.cpp:76] Creating Layer relu1
I0820 16:18:56.113124  8159 net.cpp:86] relu1 <- conv1
I0820 16:18:56.113129  8159 net.cpp:100] relu1 -> conv1 (in-place)
I0820 16:18:56.113134  8159 net.cpp:127] Top shape: 256 96 55 55 (74342400)
I0820 16:18:56.113138  8159 net.cpp:158] relu1 does not need backward computation.
I0820 16:18:56.113143  8159 net.cpp:76] Creating Layer pool1
I0820 16:18:56.113147  8159 net.cpp:86] pool1 <- conv1
I0820 16:18:56.113152  8159 net.cpp:112] pool1 -> pool1
I0820 16:18:56.113157  8159 net.cpp:127] Top shape: 256 96 27 27 (17915904)
I0820 16:18:56.113160  8159 net.cpp:158] pool1 does not need backward computation.
I0820 16:18:56.113167  8159 net.cpp:76] Creating Layer norm1
I0820 16:18:56.113170  8159 net.cpp:86] norm1 <- pool1
I0820 16:18:56.113175  8159 net.cpp:112] norm1 -> norm1
I0820 16:18:56.113181  8159 net.cpp:127] Top shape: 256 96 27 27 (17915904)
I0820 16:18:56.113185  8159 net.cpp:158] norm1 does not need backward computation.
I0820 16:18:56.113190  8159 net.cpp:76] Creating Layer conv2
I0820 16:18:56.113194  8159 net.cpp:86] conv2 <- norm1
I0820 16:18:56.113198  8159 net.cpp:112] conv2 -> conv2
I0820 16:18:56.123916  8159 net.cpp:127] Top shape: 256 256 27 27 (47775744)
I0820 16:18:56.123942  8159 net.cpp:158] conv2 does not need backward computation.
I0820 16:18:56.123950  8159 net.cpp:76] Creating Layer relu2
I0820 16:18:56.123955  8159 net.cpp:86] relu2 <- conv2
I0820 16:18:56.123961  8159 net.cpp:100] relu2 -> conv2 (in-place)
I0820 16:18:56.123967  8159 net.cpp:127] Top shape: 256 256 27 27 (47775744)
I0820 16:18:56.123971  8159 net.cpp:158] relu2 does not need backward computation.
I0820 16:18:56.123976  8159 net.cpp:76] Creating Layer pool2
I0820 16:18:56.123980  8159 net.cpp:86] pool2 <- conv2
I0820 16:18:56.123985  8159 net.cpp:112] pool2 -> pool2
I0820 16:18:56.123991  8159 net.cpp:127] Top shape: 256 256 13 13 (11075584)
I0820 16:18:56.123994  8159 net.cpp:158] pool2 does not need backward computation.
I0820 16:18:56.124002  8159 net.cpp:76] Creating Layer norm2
I0820 16:18:56.124006  8159 net.cpp:86] norm2 <- pool2
I0820 16:18:56.124011  8159 net.cpp:112] norm2 -> norm2
I0820 16:18:56.124017  8159 net.cpp:127] Top shape: 256 256 13 13 (11075584)
I0820 16:18:56.124021  8159 net.cpp:158] norm2 does not need backward computation.
I0820 16:18:56.124025  8159 net.cpp:76] Creating Layer conv3
I0820 16:18:56.124029  8159 net.cpp:86] conv3 <- norm2
I0820 16:18:56.124034  8159 net.cpp:112] conv3 -> conv3
I0820 16:18:56.156013  8159 net.cpp:127] Top shape: 256 384 13 13 (16613376)
I0820 16:18:56.156038  8159 net.cpp:158] conv3 does not need backward computation.
I0820 16:18:56.156046  8159 net.cpp:76] Creating Layer relu3
I0820 16:18:56.156052  8159 net.cpp:86] relu3 <- conv3
I0820 16:18:56.156059  8159 net.cpp:100] relu3 -> conv3 (in-place)
I0820 16:18:56.156064  8159 net.cpp:127] Top shape: 256 384 13 13 (16613376)
I0820 16:18:56.156067  8159 net.cpp:158] relu3 does not need backward computation.
I0820 16:18:56.156074  8159 net.cpp:76] Creating Layer conv4
I0820 16:18:56.156077  8159 net.cpp:86] conv4 <- conv3
I0820 16:18:56.156081  8159 net.cpp:112] conv4 -> conv4
I0820 16:18:56.180063  8159 net.cpp:127] Top shape: 256 384 13 13 (16613376)
I0820 16:18:56.180090  8159 net.cpp:158] conv4 does not need backward computation.
I0820 16:18:56.180099  8159 net.cpp:76] Creating Layer relu4
I0820 16:18:56.180104  8159 net.cpp:86] relu4 <- conv4
I0820 16:18:56.180110  8159 net.cpp:100] relu4 -> conv4 (in-place)
I0820 16:18:56.180115  8159 net.cpp:127] Top shape: 256 384 13 13 (16613376)
I0820 16:18:56.180119  8159 net.cpp:158] relu4 does not need backward computation.
I0820 16:18:56.180125  8159 net.cpp:76] Creating Layer conv5
I0820 16:18:56.180129  8159 net.cpp:86] conv5 <- conv4
I0820 16:18:56.180133  8159 net.cpp:112] conv5 -> conv5
I0820 16:18:56.196136  8159 net.cpp:127] Top shape: 256 256 13 13 (11075584)
I0820 16:18:56.196161  8159 net.cpp:158] conv5 does not need backward computation.
I0820 16:18:56.196168  8159 net.cpp:76] Creating Layer relu5
I0820 16:18:56.196173  8159 net.cpp:86] relu5 <- conv5
I0820 16:18:56.196180  8159 net.cpp:100] relu5 -> conv5 (in-place)
I0820 16:18:56.196187  8159 net.cpp:127] Top shape: 256 256 13 13 (11075584)
I0820 16:18:56.196190  8159 net.cpp:158] relu5 does not need backward computation.
I0820 16:18:56.196195  8159 net.cpp:76] Creating Layer pool5
I0820 16:18:56.196199  8159 net.cpp:86] pool5 <- conv5
I0820 16:18:56.196203  8159 net.cpp:112] pool5 -> pool5
I0820 16:18:56.196209  8159 net.cpp:127] Top shape: 256 256 6 6 (2359296)
I0820 16:18:56.196213  8159 net.cpp:158] pool5 does not need backward computation.
I0820 16:18:56.196223  8159 net.cpp:76] Creating Layer fc6_new
I0820 16:18:56.196226  8159 net.cpp:86] fc6_new <- pool5
I0820 16:18:56.196230  8159 net.cpp:112] fc6_new -> fc6_new
I0820 16:18:57.551497  8159 net.cpp:127] Top shape: 256 4096 1 1 (1048576)
I0820 16:18:57.551527  8159 net.cpp:153] fc6_new needs backward computation.
I0820 16:18:57.551537  8159 net.cpp:76] Creating Layer relu6
I0820 16:18:57.551542  8159 net.cpp:86] relu6 <- fc6_new
I0820 16:18:57.551548  8159 net.cpp:100] relu6 -> fc6_new (in-place)
I0820 16:18:57.551553  8159 net.cpp:127] Top shape: 256 4096 1 1 (1048576)
I0820 16:18:57.551558  8159 net.cpp:153] relu6 needs backward computation.
I0820 16:18:57.551563  8159 net.cpp:76] Creating Layer drop6
I0820 16:18:57.551568  8159 net.cpp:86] drop6 <- fc6_new
I0820 16:18:57.551571  8159 net.cpp:100] drop6 -> fc6_new (in-place)
I0820 16:18:57.551576  8159 net.cpp:127] Top shape: 256 4096 1 1 (1048576)
I0820 16:18:57.551580  8159 net.cpp:153] drop6 needs backward computation.
I0820 16:18:57.551585  8159 net.cpp:76] Creating Layer fc7_new
I0820 16:18:57.551589  8159 net.cpp:86] fc7_new <- fc6_new
I0820 16:18:57.551594  8159 net.cpp:112] fc7_new -> fc7_new
I0820 16:18:58.153260  8159 net.cpp:127] Top shape: 256 4096 1 1 (1048576)
I0820 16:18:58.153287  8159 net.cpp:153] fc7_new needs backward computation.
I0820 16:18:58.153296  8159 net.cpp:76] Creating Layer relu7
I0820 16:18:58.153302  8159 net.cpp:86] relu7 <- fc7_new
I0820 16:18:58.153308  8159 net.cpp:100] relu7 -> fc7_new (in-place)
I0820 16:18:58.153314  8159 net.cpp:127] Top shape: 256 4096 1 1 (1048576)
I0820 16:18:58.153318  8159 net.cpp:153] relu7 needs backward computation.
I0820 16:18:58.153323  8159 net.cpp:76] Creating Layer drop7
I0820 16:18:58.153327  8159 net.cpp:86] drop7 <- fc7_new
I0820 16:18:58.153331  8159 net.cpp:100] drop7 -> fc7_new (in-place)
I0820 16:18:58.153336  8159 net.cpp:127] Top shape: 256 4096 1 1 (1048576)
I0820 16:18:58.153339  8159 net.cpp:153] drop7 needs backward computation.
I0820 16:18:58.153345  8159 net.cpp:76] Creating Layer fc8_clamp
I0820 16:18:58.153348  8159 net.cpp:86] fc8_clamp <- fc7_new
I0820 16:18:58.153352  8159 net.cpp:112] fc8_clamp -> fc8_aero
I0820 16:18:58.153659  8159 net.cpp:127] Top shape: 256 2 1 1 (512)
I0820 16:18:58.153667  8159 net.cpp:153] fc8_clamp needs backward computation.
I0820 16:18:58.153672  8159 net.cpp:76] Creating Layer prob
I0820 16:18:58.153676  8159 net.cpp:86] prob <- fc8_aero
I0820 16:18:58.153681  8159 net.cpp:112] prob -> prob
I0820 16:18:58.153687  8159 net.cpp:127] Top shape: 256 2 1 1 (512)
I0820 16:18:58.153692  8159 net.cpp:153] prob needs backward computation.
I0820 16:18:58.153695  8159 net.cpp:76] Creating Layer accuracy
I0820 16:18:58.153699  8159 net.cpp:86] accuracy <- prob
I0820 16:18:58.153703  8159 net.cpp:86] accuracy <- label
I0820 16:18:58.153709  8159 net.cpp:112] accuracy -> accuracy
I0820 16:18:58.153723  8159 net.cpp:127] Top shape: 1 2 1 1 (2)
I0820 16:18:58.153727  8159 net.cpp:153] accuracy needs backward computation.
I0820 16:18:58.153730  8159 net.cpp:164] This network produces output accuracy
I0820 16:18:58.153748  8159 net.cpp:182] Collecting Learning Rate and Weight Decay.
I0820 16:18:58.153764  8159 net.cpp:175] Network initialization done.
I0820 16:18:58.153769  8159 net.cpp:176] Memory required for Data 1073741832
I0820 16:18:58.153807  8159 solver.cpp:50] Solver scaffolding done.
I0820 16:18:58.153820  8159 finetune_net.cpp:27] Loading from ../alexnet/caffe_alexnet_model
I0820 16:18:58.756005  8159 net.cpp:366] Copying source layer data
I0820 16:18:58.756029  8159 net.cpp:366] Copying source layer conv1
I0820 16:18:58.756093  8159 net.cpp:366] Copying source layer relu1
I0820 16:18:58.756099  8159 net.cpp:366] Copying source layer norm1
I0820 16:18:58.756103  8159 net.cpp:366] Copying source layer pool1
I0820 16:18:58.756106  8159 net.cpp:366] Copying source layer conv2
I0820 16:18:58.756605  8159 net.cpp:366] Copying source layer relu2
I0820 16:18:58.756615  8159 net.cpp:366] Copying source layer norm2
I0820 16:18:58.756619  8159 net.cpp:366] Copying source layer pool2
I0820 16:18:58.756623  8159 net.cpp:366] Copying source layer conv3
I0820 16:18:58.757976  8159 net.cpp:366] Copying source layer relu3
I0820 16:18:58.757987  8159 net.cpp:366] Copying source layer conv4
I0820 16:18:58.759018  8159 net.cpp:366] Copying source layer relu4
I0820 16:18:58.759029  8159 net.cpp:366] Copying source layer conv5
I0820 16:18:58.759744  8159 net.cpp:366] Copying source layer relu5
I0820 16:18:58.759755  8159 net.cpp:366] Copying source layer pool5
I0820 16:18:58.759759  8159 net.cpp:363] Ignoring source layer fc6
I0820 16:18:58.759763  8159 net.cpp:366] Copying source layer relu6
I0820 16:18:58.759766  8159 net.cpp:366] Copying source layer drop6
I0820 16:18:58.759770  8159 net.cpp:363] Ignoring source layer fc7
I0820 16:18:58.759773  8159 net.cpp:366] Copying source layer relu7
I0820 16:18:58.759778  8159 net.cpp:366] Copying source layer drop7
I0820 16:18:58.759781  8159 net.cpp:363] Ignoring source layer fc8
I0820 16:18:58.759784  8159 net.cpp:366] Copying source layer loss
I0820 16:18:58.771774  8159 solver.cpp:62] Solving scrape_zonesFineNet
I0820 16:18:58.771796  8159 solver.cpp:136] Iteration 0, Testing net
I0820 16:19:00.588587  8159 solver.cpp:172] Test score #0: 0.500001
I0820 16:19:00.588646  8159 solver.cpp:172] Test score #1: 0.566911
loss after net.hpp:Forward(): 1.48992
loss after net.hpp:Backward(): 1.48992
I0820 16:19:01.033743  8159 solver.cpp:269] Iteration 1, lr = 0.0001
I0820 16:19:31.358165  8159 solver.cpp:117] Iteration 1, loss = 1.48992
loss after net.hpp:Forward(): 14.5113
loss after net.hpp:Backward(): 14.5113
I0820 16:19:31.788743  8159 solver.cpp:269] Iteration 2, lr = 0.0001
I0820 16:20:02.129456  8159 solver.cpp:117] Iteration 2, loss = 14.5113
loss after net.hpp:Forward(): 8.82187
loss after net.hpp:Backward(): 8.82187
I0820 16:20:02.565094  8159 solver.cpp:269] Iteration 3, lr = 0.0001
I0820 16:20:32.911839  8159 solver.cpp:117] Iteration 3, loss = 8.82187
loss after net.hpp:Forward(): -nan
loss after net.hpp:Backward(): -nan
I0820 16:20:33.346848  8159 solver.cpp:269] Iteration 4, lr = 0.0001
I0820 16:21:03.684417  8159 solver.cpp:117] Iteration 4, loss = -nan
loss after net.hpp:Forward(): -nan
loss after net.hpp:Backward(): -nan
I0820 16:21:04.119467  8159 solver.cpp:269] Iteration 5, lr = 0.0001
I0820 16:21:34.458592  8159 solver.cpp:117] Iteration 5, loss = -nan
loss after net.hpp:Forward(): -nan
loss after net.hpp:Backward(): -nan
I0820 16:21:34.893417  8159 solver.cpp:269] Iteration 6, lr = 0.0001
I0820 16:22:05.253872  8159 solver.cpp:117] Iteration 6, loss = -nan
loss after net.hpp:Forward(): -nan
loss after net.hpp:Backward(): -nan
I0820 16:22:05.687427  8159 solver.cpp:269] Iteration 7, lr = 0.0001
I0820 16:22:36.078917  8159 solver.cpp:117] Iteration 7, loss = -nan
loss after net.hpp:Forward(): -nan
loss after net.hpp:Backward(): -nan
I0820 16:22:36.512837  8159 solver.cpp:269] Iteration 8, lr = 0.0001
I0820 16:23:06.916790  8159 solver.cpp:117] Iteration 8, loss = -nan
loss after net.hpp:Forward(): -nan
loss after net.hpp:Backward(): -nan
I0820 16:23:07.353807  8159 solver.cpp:269] Iteration 9, lr = 0.0001
I0820 16:23:37.769979  8159 solver.cpp:117] Iteration 9, loss = -nan
loss after net.hpp:Forward(): -nan
loss after net.hpp:Backward(): -nan
I0820 16:23:38.205173  8159 solver.cpp:269] Iteration 10, lr = 0.0001
I0820 16:24:08.634095  8159 solver.cpp:117] Iteration 10, loss = -nan
loss after net.hpp:Forward(): -nan
loss after net.hpp:Backward(): -nan
I0820 16:24:09.071094  8159 solver.cpp:269] Iteration 11, lr = 0.0001
I0820 16:24:39.500483  8159 solver.cpp:117] Iteration 11, loss = -nan
loss after net.hpp:Forward(): -nan
loss after net.hpp:Backward(): -nan
I0820 16:24:39.940904  8159 solver.cpp:269] Iteration 12, lr = 0.0001
I0820 16:25:10.375725  8159 solver.cpp:117] Iteration 12, loss = -nan
loss after net.hpp:Forward(): -nan
loss after net.hpp:Backward(): -nan
I0820 16:25:10.817641  8159 solver.cpp:269] Iteration 13, lr = 0.0001
I0820 16:25:41.255713  8159 solver.cpp:117] Iteration 13, loss = -nan
loss after net.hpp:Forward(): -nan
loss after net.hpp:Backward(): -nan
I0820 16:25:41.691424  8159 solver.cpp:269] Iteration 14, lr = 0.0001
I0820 16:26:12.127415  8159 solver.cpp:117] Iteration 14, loss = -nan
loss after net.hpp:Forward(): -nan
loss after net.hpp:Backward(): -nan
I0820 16:26:12.568552  8159 solver.cpp:269] Iteration 15, lr = 0.0001
I0820 16:26:43.009953  8159 solver.cpp:117] Iteration 15, loss = -nan
loss after net.hpp:Forward(): -nan
loss after net.hpp:Backward(): -nan
I0820 16:26:43.445791  8159 solver.cpp:269] Iteration 16, lr = 0.0001
I0820 16:27:13.877811  8159 solver.cpp:117] Iteration 16, loss = -nan
loss after net.hpp:Forward(): -nan
loss after net.hpp:Backward(): -nan
I0820 16:27:14.316732  8159 solver.cpp:269] Iteration 17, lr = 0.0001
I0820 16:27:44.742002  8159 solver.cpp:117] Iteration 17, loss = -nan
loss after net.hpp:Forward(): -nan
loss after net.hpp:Backward(): -nan
I0820 16:27:45.177494  8159 solver.cpp:269] Iteration 18, lr = 0.0001
I0820 16:28:15.589452  8159 solver.cpp:117] Iteration 18, loss = -nan
loss after net.hpp:Forward(): -nan
loss after net.hpp:Backward(): -nan
I0820 16:28:16.027515  8159 solver.cpp:269] Iteration 19, lr = 0.0001
I0820 16:28:46.429128  8159 solver.cpp:117] Iteration 19, loss = -nan
loss after net.hpp:Forward(): -nan
loss after net.hpp:Backward(): -nan
I0820 16:28:46.863234  8159 solver.cpp:269] Iteration 20, lr = 0.0001
I0820 16:29:17.264577  8159 solver.cpp:117] Iteration 20, loss = -nan
loss after net.hpp:Forward(): -nan
loss after net.hpp:Backward(): -nan
I0820 16:29:17.700296  8159 solver.cpp:269] Iteration 21, lr = 0.0001
I0820 16:29:48.096582  8159 solver.cpp:117] Iteration 21, loss = -nan
loss after net.hpp:Forward(): -nan
loss after net.hpp:Backward(): -nan
I0820 16:29:48.532969  8159 solver.cpp:269] Iteration 22, lr = 0.0001
I0820 16:30:18.930860  8159 solver.cpp:117] Iteration 22, loss = -nan
loss after net.hpp:Forward(): -nan
loss after net.hpp:Backward(): -nan
I0820 16:30:19.364761  8159 solver.cpp:269] Iteration 23, lr = 0.0001
I0820 16:30:49.754036  8159 solver.cpp:117] Iteration 23, loss = -nan
loss after net.hpp:Forward(): -nan
loss after net.hpp:Backward(): -nan
I0820 16:30:50.188954  8159 solver.cpp:269] Iteration 24, lr = 0.0001
I0820 16:31:20.582026  8159 solver.cpp:117] Iteration 24, loss = -nan
loss after net.hpp:Forward(): -nan
loss after net.hpp:Backward(): -nan
I0820 16:31:21.017700  8159 solver.cpp:269] Iteration 25, lr = 0.0001
I0820 16:31:51.401994  8159 solver.cpp:117] Iteration 25, loss = -nan
loss after net.hpp:Forward(): -nan
loss after net.hpp:Backward(): -nan
I0820 16:31:51.840497  8159 solver.cpp:269] Iteration 26, lr = 0.0001
I0820 16:32:22.225978  8159 solver.cpp:117] Iteration 26, loss = -nan
loss after net.hpp:Forward(): -nan
loss after net.hpp:Backward(): -nan
I0820 16:32:22.659911  8159 solver.cpp:269] Iteration 27, lr = 0.0001
I0820 16:32:53.047906  8159 solver.cpp:117] Iteration 27, loss = -nan
loss after net.hpp:Forward(): -nan
loss after net.hpp:Backward(): -nan
I0820 16:32:53.482751  8159 solver.cpp:269] Iteration 28, lr = 0.0001
I0820 16:33:23.859139  8159 solver.cpp:117] Iteration 28, loss = -nan
loss after net.hpp:Forward(): -nan
loss after net.hpp:Backward(): -nan
I0820 16:33:24.292846  8159 solver.cpp:269] Iteration 29, lr = 0.0001
I0820 16:33:54.674335  8159 solver.cpp:117] Iteration 29, loss = -nan
loss after net.hpp:Forward(): -nan
loss after net.hpp:Backward(): -nan
I0820 16:33:55.109292  8159 solver.cpp:269] Iteration 30, lr = 0.0001
I0820 16:34:25.482463  8159 solver.cpp:117] Iteration 30, loss = -nan
loss after net.hpp:Forward(): -nan
loss after net.hpp:Backward(): -nan
I0820 16:34:25.918208  8159 solver.cpp:269] Iteration 31, lr = 0.0001
I0820 16:34:56.290874  8159 solver.cpp:117] Iteration 31, loss = -nan
loss after net.hpp:Forward(): -nan
loss after net.hpp:Backward(): -nan
I0820 16:34:56.723984  8159 solver.cpp:269] Iteration 32, lr = 0.0001
I0820 16:35:27.095502  8159 solver.cpp:117] Iteration 32, loss = -nan
loss after net.hpp:Forward(): -nan
loss after net.hpp:Backward(): -nan
I0820 16:35:27.530757  8159 solver.cpp:269] Iteration 33, lr = 0.0001
I0820 16:35:57.899243  8159 solver.cpp:117] Iteration 33, loss = -nan
loss after net.hpp:Forward(): -nan
loss after net.hpp:Backward(): -nan
I0820 16:35:58.335572  8159 solver.cpp:269] Iteration 34, lr = 0.0001
I0820 16:36:28.704876  8159 solver.cpp:117] Iteration 34, loss = -nan
loss after net.hpp:Forward(): -nan
loss after net.hpp:Backward(): -nan
I0820 16:36:29.139742  8159 solver.cpp:269] Iteration 35, lr = 0.0001
I0820 16:36:59.510610  8159 solver.cpp:117] Iteration 35, loss = -nan
loss after net.hpp:Forward(): -nan
loss after net.hpp:Backward(): -nan
I0820 16:36:59.945978  8159 solver.cpp:269] Iteration 36, lr = 0.0001
I0820 16:37:30.317304  8159 solver.cpp:117] Iteration 36, loss = -nan
loss after net.hpp:Forward(): -nan
loss after net.hpp:Backward(): -nan
I0820 16:37:30.753043  8159 solver.cpp:269] Iteration 37, lr = 0.0001
I0820 16:38:01.122330  8159 solver.cpp:117] Iteration 37, loss = -nan
loss after net.hpp:Forward(): -nan
loss after net.hpp:Backward(): -nan
I0820 16:38:01.556416  8159 solver.cpp:269] Iteration 38, lr = 0.0001
I0820 16:38:31.925318  8159 solver.cpp:117] Iteration 38, loss = -nan
loss after net.hpp:Forward(): -nan
loss after net.hpp:Backward(): -nan
I0820 16:38:32.359231  8159 solver.cpp:269] Iteration 39, lr = 0.0001
I0820 16:39:02.731971  8159 solver.cpp:117] Iteration 39, loss = -nan
loss after net.hpp:Forward(): -nan
loss after net.hpp:Backward(): -nan
I0820 16:39:03.166899  8159 solver.cpp:269] Iteration 40, lr = 0.0001
I0820 16:39:33.539991  8159 solver.cpp:117] Iteration 40, loss = -nan
loss after net.hpp:Forward(): -nan
loss after net.hpp:Backward(): -nan
I0820 16:39:33.975603  8159 solver.cpp:269] Iteration 41, lr = 0.0001
I0820 16:40:04.346976  8159 solver.cpp:117] Iteration 41, loss = -nan
loss after net.hpp:Forward(): -nan
loss after net.hpp:Backward(): -nan
I0820 16:40:04.779672  8159 solver.cpp:269] Iteration 42, lr = 0.0001
I0820 16:40:35.148450  8159 solver.cpp:117] Iteration 42, loss = -nan
loss after net.hpp:Forward(): -nan
loss after net.hpp:Backward(): -nan
I0820 16:40:35.581547  8159 solver.cpp:269] Iteration 43, lr = 0.0001
I0820 16:41:05.952708  8159 solver.cpp:117] Iteration 43, loss = -nan
loss after net.hpp:Forward(): -nan
loss after net.hpp:Backward(): -nan
I0820 16:41:06.386678  8159 solver.cpp:269] Iteration 44, lr = 0.0001
I0820 16:41:36.756759  8159 solver.cpp:117] Iteration 44, loss = -nan
loss after net.hpp:Forward(): -nan
loss after net.hpp:Backward(): -nan
I0820 16:41:37.190917  8159 solver.cpp:269] Iteration 45, lr = 0.0001
I0820 16:42:07.562516  8159 solver.cpp:117] Iteration 45, loss = -nan
loss after net.hpp:Forward(): -nan
loss after net.hpp:Backward(): -nan
I0820 16:42:07.996469  8159 solver.cpp:269] Iteration 46, lr = 0.0001
I0820 16:42:38.365087  8159 solver.cpp:117] Iteration 46, loss = -nan
loss after net.hpp:Forward(): -nan
loss after net.hpp:Backward(): -nan
I0820 16:42:38.798121  8159 solver.cpp:269] Iteration 47, lr = 0.0001
I0820 16:43:09.165843  8159 solver.cpp:117] Iteration 47, loss = -nan
loss after net.hpp:Forward(): -nan
loss after net.hpp:Backward(): -nan
I0820 16:43:09.599553  8159 solver.cpp:269] Iteration 48, lr = 0.0001
I0820 16:43:39.969918  8159 solver.cpp:117] Iteration 48, loss = -nan
loss after net.hpp:Forward(): -nan
loss after net.hpp:Backward(): -nan
I0820 16:43:40.405011  8159 solver.cpp:269] Iteration 49, lr = 0.0001
I0820 16:44:10.770422  8159 solver.cpp:117] Iteration 49, loss = -nan
loss after net.hpp:Forward(): -nan
loss after net.hpp:Backward(): -nan
I0820 16:44:11.204601  8159 solver.cpp:269] Iteration 50, lr = 0.0001
I0820 16:44:41.570518  8159 solver.cpp:117] Iteration 50, loss = -nan
loss after net.hpp:Forward(): -nan
loss after net.hpp:Backward(): -nan
I0820 16:44:42.005892  8159 solver.cpp:269] Iteration 51, lr = 0.0001
I0820 16:45:12.372182  8159 solver.cpp:117] Iteration 51, loss = -nan
loss after net.hpp:Forward(): -nan
loss after net.hpp:Backward(): -nan
I0820 16:45:12.806534  8159 solver.cpp:269] Iteration 52, lr = 0.0001
I0820 16:45:43.171001  8159 solver.cpp:117] Iteration 52, loss = -nan
loss after net.hpp:Forward(): -nan
loss after net.hpp:Backward(): -nan
I0820 16:45:43.603914  8159 solver.cpp:269] Iteration 53, lr = 0.0001
I0820 16:46:13.971835  8159 solver.cpp:117] Iteration 53, loss = -nan
loss after net.hpp:Forward(): -nan
loss after net.hpp:Backward(): -nan
I0820 16:46:14.406219  8159 solver.cpp:269] Iteration 54, lr = 0.0001
I0820 16:46:44.771836  8159 solver.cpp:117] Iteration 54, loss = -nan
loss after net.hpp:Forward(): -nan
loss after net.hpp:Backward(): -nan
I0820 16:46:45.205903  8159 solver.cpp:269] Iteration 55, lr = 0.0001
I0820 16:47:15.587100  8159 solver.cpp:117] Iteration 55, loss = -nan
loss after net.hpp:Forward(): -nan
loss after net.hpp:Backward(): -nan
I0820 16:47:16.021401  8159 solver.cpp:269] Iteration 56, lr = 0.0001
I0820 16:47:46.393534  8159 solver.cpp:117] Iteration 56, loss = -nan
loss after net.hpp:Forward(): -nan
loss after net.hpp:Backward(): -nan
I0820 16:47:46.828047  8159 solver.cpp:269] Iteration 57, lr = 0.0001
I0820 16:48:17.202033  8159 solver.cpp:117] Iteration 57, loss = -nan
loss after net.hpp:Forward(): -nan
loss after net.hpp:Backward(): -nan
I0820 16:48:17.637606  8159 solver.cpp:269] Iteration 58, lr = 0.0001
I0820 16:48:48.011898  8159 solver.cpp:117] Iteration 58, loss = -nan
loss after net.hpp:Forward(): -nan
loss after net.hpp:Backward(): -nan
I0820 16:48:48.445544  8159 solver.cpp:269] Iteration 59, lr = 0.0001
I0820 16:49:18.823400  8159 solver.cpp:117] Iteration 59, loss = -nan
loss after net.hpp:Forward(): -nan
loss after net.hpp:Backward(): -nan
I0820 16:49:19.258208  8159 solver.cpp:269] Iteration 60, lr = 0.0001
I0820 16:49:49.636124  8159 solver.cpp:117] Iteration 60, loss = -nan
loss after net.hpp:Forward(): -nan
loss after net.hpp:Backward(): -nan
I0820 16:49:50.071388  8159 solver.cpp:269] Iteration 61, lr = 0.0001
I0820 16:50:20.447451  8159 solver.cpp:117] Iteration 61, loss = -nan
loss after net.hpp:Forward(): -nan
loss after net.hpp:Backward(): -nan
I0820 16:50:20.881345  8159 solver.cpp:269] Iteration 62, lr = 0.0001
I0820 16:50:51.254694  8159 solver.cpp:117] Iteration 62, loss = -nan
loss after net.hpp:Forward(): -nan
loss after net.hpp:Backward(): -nan
I0820 16:50:51.688814  8159 solver.cpp:269] Iteration 63, lr = 0.0001
I0820 16:51:22.067375  8159 solver.cpp:117] Iteration 63, loss = -nan
loss after net.hpp:Forward(): -nan
loss after net.hpp:Backward(): -nan
I0820 16:51:22.501773  8159 solver.cpp:269] Iteration 64, lr = 0.0001
I0820 16:51:52.878518  8159 solver.cpp:117] Iteration 64, loss = -nan
loss after net.hpp:Forward(): -nan
loss after net.hpp:Backward(): -nan
I0820 16:51:53.312832  8159 solver.cpp:269] Iteration 65, lr = 0.0001
I0820 16:52:23.688491  8159 solver.cpp:117] Iteration 65, loss = -nan
loss after net.hpp:Forward(): -nan
loss after net.hpp:Backward(): -nan
I0820 16:52:24.122607  8159 solver.cpp:269] Iteration 66, lr = 0.0001
I0820 16:52:54.501122  8159 solver.cpp:117] Iteration 66, loss = -nan
loss after net.hpp:Forward(): -nan
loss after net.hpp:Backward(): -nan
I0820 16:52:54.935297  8159 solver.cpp:269] Iteration 67, lr = 0.0001
I0820 16:53:25.307247  8159 solver.cpp:117] Iteration 67, loss = -nan
loss after net.hpp:Forward(): -nan
loss after net.hpp:Backward(): -nan
I0820 16:53:25.741473  8159 solver.cpp:269] Iteration 68, lr = 0.0001
I0820 16:53:56.115661  8159 solver.cpp:117] Iteration 68, loss = -nan
loss after net.hpp:Forward(): -nan
loss after net.hpp:Backward(): -nan
I0820 16:53:56.549976  8159 solver.cpp:269] Iteration 69, lr = 0.0001
I0820 16:54:26.926364  8159 solver.cpp:117] Iteration 69, loss = -nan
loss after net.hpp:Forward(): -nan
loss after net.hpp:Backward(): -nan
I0820 16:54:27.360857  8159 solver.cpp:269] Iteration 70, lr = 0.0001
I0820 16:54:57.732044  8159 solver.cpp:117] Iteration 70, loss = -nan
loss after net.hpp:Forward(): -nan
loss after net.hpp:Backward(): -nan
I0820 16:54:58.166605  8159 solver.cpp:269] Iteration 71, lr = 0.0001
I0820 16:55:28.541455  8159 solver.cpp:117] Iteration 71, loss = -nan
loss after net.hpp:Forward(): -nan
loss after net.hpp:Backward(): -nan
I0820 16:55:28.976078  8159 solver.cpp:269] Iteration 72, lr = 0.0001
I0820 16:55:59.351294  8159 solver.cpp:117] Iteration 72, loss = -nan
loss after net.hpp:Forward(): -nan
loss after net.hpp:Backward(): -nan
I0820 16:55:59.785338  8159 solver.cpp:269] Iteration 73, lr = 0.0001
I0820 16:56:30.158437  8159 solver.cpp:117] Iteration 73, loss = -nan
loss after net.hpp:Forward(): -nan
loss after net.hpp:Backward(): -nan
I0820 16:56:30.592079  8159 solver.cpp:269] Iteration 74, lr = 0.0001
I0820 16:57:00.967155  8159 solver.cpp:117] Iteration 74, loss = -nan
loss after net.hpp:Forward(): -nan
loss after net.hpp:Backward(): -nan
I0820 16:57:01.401790  8159 solver.cpp:269] Iteration 75, lr = 0.0001
I0820 16:57:31.777360  8159 solver.cpp:117] Iteration 75, loss = -nan
loss after net.hpp:Forward(): -nan
loss after net.hpp:Backward(): -nan
I0820 16:57:32.210762  8159 solver.cpp:269] Iteration 76, lr = 0.0001
I0820 16:58:02.585214  8159 solver.cpp:117] Iteration 76, loss = -nan
loss after net.hpp:Forward(): -nan
loss after net.hpp:Backward(): -nan
I0820 16:58:03.019726  8159 solver.cpp:269] Iteration 77, lr = 0.0001
I0820 16:58:33.392637  8159 solver.cpp:117] Iteration 77, loss = -nan
loss after net.hpp:Forward(): -nan
loss after net.hpp:Backward(): -nan
I0820 16:58:33.828910  8159 solver.cpp:269] Iteration 78, lr = 0.0001
I0820 16:59:04.206035  8159 solver.cpp:117] Iteration 78, loss = -nan
loss after net.hpp:Forward(): -nan
loss after net.hpp:Backward(): -nan
I0820 16:59:04.639806  8159 solver.cpp:269] Iteration 79, lr = 0.0001
I0820 16:59:35.015135  8159 solver.cpp:117] Iteration 79, loss = -nan
loss after net.hpp:Forward(): -nan
loss after net.hpp:Backward(): -nan
I0820 16:59:35.453851  8159 solver.cpp:269] Iteration 80, lr = 0.0001
I0820 17:00:05.823622  8159 solver.cpp:117] Iteration 80, loss = -nan
loss after net.hpp:Forward(): -nan
loss after net.hpp:Backward(): -nan
I0820 17:00:06.257093  8159 solver.cpp:269] Iteration 81, lr = 0.0001
I0820 17:00:36.624526  8159 solver.cpp:117] Iteration 81, loss = -nan
loss after net.hpp:Forward(): -nan
loss after net.hpp:Backward(): -nan
I0820 17:00:37.061275  8159 solver.cpp:269] Iteration 82, lr = 0.0001
I0820 17:01:07.427623  8159 solver.cpp:117] Iteration 82, loss = -nan
loss after net.hpp:Forward(): -nan
loss after net.hpp:Backward(): -nan
I0820 17:01:07.861776  8159 solver.cpp:269] Iteration 83, lr = 0.0001
I0820 17:01:38.232833  8159 solver.cpp:117] Iteration 83, loss = -nan
loss after net.hpp:Forward(): -nan
loss after net.hpp:Backward(): -nan
I0820 17:01:38.666847  8159 solver.cpp:269] Iteration 84, lr = 0.0001
I0820 17:02:09.037904  8159 solver.cpp:117] Iteration 84, loss = -nan
loss after net.hpp:Forward(): -nan
loss after net.hpp:Backward(): -nan
I0820 17:02:09.472071  8159 solver.cpp:269] Iteration 85, lr = 0.0001
I0820 17:02:39.844115  8159 solver.cpp:117] Iteration 85, loss = -nan
loss after net.hpp:Forward(): -nan
loss after net.hpp:Backward(): -nan
I0820 17:02:40.277767  8159 solver.cpp:269] Iteration 86, lr = 0.0001
I0820 17:03:10.645057  8159 solver.cpp:117] Iteration 86, loss = -nan
loss after net.hpp:Forward(): -nan
loss after net.hpp:Backward(): -nan
I0820 17:03:11.078441  8159 solver.cpp:269] Iteration 87, lr = 0.0001
I0820 17:03:41.445595  8159 solver.cpp:117] Iteration 87, loss = -nan
loss after net.hpp:Forward(): -nan
loss after net.hpp:Backward(): -nan
I0820 17:03:41.879209  8159 solver.cpp:269] Iteration 88, lr = 0.0001
I0820 17:04:12.245734  8159 solver.cpp:117] Iteration 88, loss = -nan
loss after net.hpp:Forward(): -nan
loss after net.hpp:Backward(): -nan
I0820 17:04:12.679536  8159 solver.cpp:269] Iteration 89, lr = 0.0001
I0820 17:04:43.046789  8159 solver.cpp:117] Iteration 89, loss = -nan
loss after net.hpp:Forward(): -nan
loss after net.hpp:Backward(): -nan
I0820 17:04:43.480986  8159 solver.cpp:269] Iteration 90, lr = 0.0001
I0820 17:05:13.848770  8159 solver.cpp:117] Iteration 90, loss = -nan
loss after net.hpp:Forward(): -nan
loss after net.hpp:Backward(): -nan
I0820 17:05:14.282686  8159 solver.cpp:269] Iteration 91, lr = 0.0001
I0820 17:05:44.649926  8159 solver.cpp:117] Iteration 91, loss = -nan
loss after net.hpp:Forward(): -nan
loss after net.hpp:Backward(): -nan
I0820 17:05:45.084622  8159 solver.cpp:269] Iteration 92, lr = 0.0001
I0820 17:06:15.447433  8159 solver.cpp:117] Iteration 92, loss = -nan
loss after net.hpp:Forward(): -nan
loss after net.hpp:Backward(): -nan
I0820 17:06:15.881567  8159 solver.cpp:269] Iteration 93, lr = 0.0001
I0820 17:06:46.248472  8159 solver.cpp:117] Iteration 93, loss = -nan
loss after net.hpp:Forward(): -nan
loss after net.hpp:Backward(): -nan
I0820 17:06:46.682090  8159 solver.cpp:269] Iteration 94, lr = 0.0001
I0820 17:07:17.044945  8159 solver.cpp:117] Iteration 94, loss = -nan
loss after net.hpp:Forward(): -nan
loss after net.hpp:Backward(): -nan
I0820 17:07:17.478734  8159 solver.cpp:269] Iteration 95, lr = 0.0001
I0820 17:07:47.847978  8159 solver.cpp:117] Iteration 95, loss = -nan
loss after net.hpp:Forward(): -nan
loss after net.hpp:Backward(): -nan
I0820 17:07:48.281559  8159 solver.cpp:269] Iteration 96, lr = 0.0001
I0820 17:08:18.640533  8159 solver.cpp:117] Iteration 96, loss = -nan
loss after net.hpp:Forward(): -nan
loss after net.hpp:Backward(): -nan
I0820 17:08:19.073618  8159 solver.cpp:269] Iteration 97, lr = 0.0001
I0820 17:08:49.447922  8159 solver.cpp:117] Iteration 97, loss = -nan
loss after net.hpp:Forward(): -nan
loss after net.hpp:Backward(): -nan
I0820 17:08:49.881396  8159 solver.cpp:269] Iteration 98, lr = 0.0001
I0820 17:09:20.243957  8159 solver.cpp:117] Iteration 98, loss = -nan
loss after net.hpp:Forward(): -nan
loss after net.hpp:Backward(): -nan
I0820 17:09:20.676684  8159 solver.cpp:269] Iteration 99, lr = 0.0001
I0820 17:09:51.041117  8159 solver.cpp:117] Iteration 99, loss = -nan
loss after net.hpp:Forward(): -nan
loss after net.hpp:Backward(): -nan
I0820 17:09:51.474699  8159 solver.cpp:269] Iteration 100, lr = 0.0001
I0820 17:10:21.843283  8159 solver.cpp:117] Iteration 100, loss = -nan
loss after net.hpp:Forward(): -nan
loss after net.hpp:Backward(): -nan
I0820 17:10:22.278275  8159 solver.cpp:269] Iteration 101, lr = 0.0001
I0820 17:10:52.641299  8159 solver.cpp:117] Iteration 101, loss = -nan
loss after net.hpp:Forward(): -nan
loss after net.hpp:Backward(): -nan
I0820 17:10:53.074899  8159 solver.cpp:269] Iteration 102, lr = 0.0001
I0820 17:11:23.439515  8159 solver.cpp:117] Iteration 102, loss = -nan
loss after net.hpp:Forward(): -nan
loss after net.hpp:Backward(): -nan
I0820 17:11:23.872525  8159 solver.cpp:269] Iteration 103, lr = 0.0001
I0820 17:11:54.237131  8159 solver.cpp:117] Iteration 103, loss = -nan
loss after net.hpp:Forward(): -nan
loss after net.hpp:Backward(): -nan
I0820 17:11:54.670423  8159 solver.cpp:269] Iteration 104, lr = 0.0001
I0820 17:12:25.039337  8159 solver.cpp:117] Iteration 104, loss = -nan
loss after net.hpp:Forward(): -nan
loss after net.hpp:Backward(): -nan
I0820 17:12:25.472419  8159 solver.cpp:269] Iteration 105, lr = 0.0001
I0820 17:12:55.842125  8159 solver.cpp:117] Iteration 105, loss = -nan
loss after net.hpp:Forward(): -nan
loss after net.hpp:Backward(): -nan
I0820 17:12:56.276053  8159 solver.cpp:269] Iteration 106, lr = 0.0001
I0820 17:13:26.648054  8159 solver.cpp:117] Iteration 106, loss = -nan
loss after net.hpp:Forward(): -nan
loss after net.hpp:Backward(): -nan
I0820 17:13:27.082545  8159 solver.cpp:269] Iteration 107, lr = 0.0001
I0820 17:13:57.450567  8159 solver.cpp:117] Iteration 107, loss = -nan
loss after net.hpp:Forward(): -nan
loss after net.hpp:Backward(): -nan
I0820 17:13:57.884490  8159 solver.cpp:269] Iteration 108, lr = 0.0001
I0820 17:14:28.258015  8159 solver.cpp:117] Iteration 108, loss = -nan
loss after net.hpp:Forward(): -nan
loss after net.hpp:Backward(): -nan
I0820 17:14:28.691584  8159 solver.cpp:269] Iteration 109, lr = 0.0001
I0820 17:14:59.063011  8159 solver.cpp:117] Iteration 109, loss = -nan
loss after net.hpp:Forward(): -nan
loss after net.hpp:Backward(): -nan
I0820 17:14:59.497383  8159 solver.cpp:269] Iteration 110, lr = 0.0001
I0820 17:15:29.867202  8159 solver.cpp:117] Iteration 110, loss = -nan
loss after net.hpp:Forward(): -nan
loss after net.hpp:Backward(): -nan
I0820 17:15:30.301933  8159 solver.cpp:269] Iteration 111, lr = 0.0001
I0820 17:16:00.664773  8159 solver.cpp:117] Iteration 111, loss = -nan
loss after net.hpp:Forward(): -nan
loss after net.hpp:Backward(): -nan
I0820 17:16:01.099244  8159 solver.cpp:269] Iteration 112, lr = 0.0001
I0820 17:16:31.473088  8159 solver.cpp:117] Iteration 112, loss = -nan
loss after net.hpp:Forward(): -nan
loss after net.hpp:Backward(): -nan
I0820 17:16:31.907331  8159 solver.cpp:269] Iteration 113, lr = 0.0001
I0820 17:17:02.284174  8159 solver.cpp:117] Iteration 113, loss = -nan
loss after net.hpp:Forward(): -nan
loss after net.hpp:Backward(): -nan
I0820 17:17:02.718384  8159 solver.cpp:269] Iteration 114, lr = 0.0001
I0820 17:17:33.095039  8159 solver.cpp:117] Iteration 114, loss = -nan
loss after net.hpp:Forward(): -nan
loss after net.hpp:Backward(): -nan
I0820 17:17:33.528491  8159 solver.cpp:269] Iteration 115, lr = 0.0001
I0820 17:18:03.905704  8159 solver.cpp:117] Iteration 115, loss = -nan
loss after net.hpp:Forward(): -nan
loss after net.hpp:Backward(): -nan
I0820 17:18:04.340471  8159 solver.cpp:269] Iteration 116, lr = 0.0001
I0820 17:18:34.713366  8159 solver.cpp:117] Iteration 116, loss = -nan
loss after net.hpp:Forward(): -nan
loss after net.hpp:Backward(): -nan
I0820 17:18:35.146574  8159 solver.cpp:269] Iteration 117, lr = 0.0001
I0820 17:19:05.517822  8159 solver.cpp:117] Iteration 117, loss = -nan
loss after net.hpp:Forward(): -nan
loss after net.hpp:Backward(): -nan
I0820 17:19:05.951448  8159 solver.cpp:269] Iteration 118, lr = 0.0001
I0820 17:19:36.326364  8159 solver.cpp:117] Iteration 118, loss = -nan
loss after net.hpp:Forward(): -nan
loss after net.hpp:Backward(): -nan
I0820 17:19:36.760377  8159 solver.cpp:269] Iteration 119, lr = 0.0001
I0820 17:20:07.133349  8159 solver.cpp:117] Iteration 119, loss = -nan
loss after net.hpp:Forward(): -nan
loss after net.hpp:Backward(): -nan
I0820 17:20:07.567595  8159 solver.cpp:269] Iteration 120, lr = 0.0001
I0820 17:20:37.941251  8159 solver.cpp:117] Iteration 120, loss = -nan
loss after net.hpp:Forward(): -nan
loss after net.hpp:Backward(): -nan
I0820 17:20:38.375424  8159 solver.cpp:269] Iteration 121, lr = 0.0001
I0820 17:21:08.744803  8159 solver.cpp:117] Iteration 121, loss = -nan
loss after net.hpp:Forward(): -nan
loss after net.hpp:Backward(): -nan
I0820 17:21:09.178760  8159 solver.cpp:269] Iteration 122, lr = 0.0001
I0820 17:21:39.554600  8159 solver.cpp:117] Iteration 122, loss = -nan
loss after net.hpp:Forward(): -nan
loss after net.hpp:Backward(): -nan
I0820 17:21:39.988191  8159 solver.cpp:269] Iteration 123, lr = 0.0001
I0820 17:22:10.363821  8159 solver.cpp:117] Iteration 123, loss = -nan
loss after net.hpp:Forward(): -nan
loss after net.hpp:Backward(): -nan
I0820 17:22:10.797749  8159 solver.cpp:269] Iteration 124, lr = 0.0001
I0820 17:22:41.168918  8159 solver.cpp:117] Iteration 124, loss = -nan
loss after net.hpp:Forward(): -nan
loss after net.hpp:Backward(): -nan
I0820 17:22:41.602143  8159 solver.cpp:269] Iteration 125, lr = 0.0001
I0820 17:23:11.977882  8159 solver.cpp:117] Iteration 125, loss = -nan
loss after net.hpp:Forward(): -nan
loss after net.hpp:Backward(): -nan
I0820 17:23:12.413362  8159 solver.cpp:269] Iteration 126, lr = 0.0001
I0820 17:23:42.784160  8159 solver.cpp:117] Iteration 126, loss = -nan
loss after net.hpp:Forward(): -nan
loss after net.hpp:Backward(): -nan
I0820 17:23:43.217310  8159 solver.cpp:269] Iteration 127, lr = 0.0001
I0820 17:24:13.590697  8159 solver.cpp:117] Iteration 127, loss = -nan
loss after net.hpp:Forward(): -nan
loss after net.hpp:Backward(): -nan
I0820 17:24:14.024448  8159 solver.cpp:269] Iteration 128, lr = 0.0001
I0820 17:24:44.400050  8159 solver.cpp:117] Iteration 128, loss = -nan
loss after net.hpp:Forward(): -nan
loss after net.hpp:Backward(): -nan
I0820 17:24:44.834293  8159 solver.cpp:269] Iteration 129, lr = 0.0001
I0820 17:25:15.203311  8159 solver.cpp:117] Iteration 129, loss = -nan
loss after net.hpp:Forward(): -nan
loss after net.hpp:Backward(): -nan
I0820 17:25:15.637156  8159 solver.cpp:269] Iteration 130, lr = 0.0001
I0820 17:25:46.003119  8159 solver.cpp:117] Iteration 130, loss = -nan
loss after net.hpp:Forward(): -nan
loss after net.hpp:Backward(): -nan
I0820 17:25:46.436923  8159 solver.cpp:269] Iteration 131, lr = 0.0001
I0820 17:26:16.804354  8159 solver.cpp:117] Iteration 131, loss = -nan
loss after net.hpp:Forward(): -nan
loss after net.hpp:Backward(): -nan
I0820 17:26:17.237891  8159 solver.cpp:269] Iteration 132, lr = 0.0001
I0820 17:26:47.600653  8159 solver.cpp:117] Iteration 132, loss = -nan
loss after net.hpp:Forward(): -nan
loss after net.hpp:Backward(): -nan
I0820 17:26:48.034376  8159 solver.cpp:269] Iteration 133, lr = 0.0001
I0820 17:27:18.400656  8159 solver.cpp:117] Iteration 133, loss = -nan
loss after net.hpp:Forward(): -nan
loss after net.hpp:Backward(): -nan
I0820 17:27:18.834647  8159 solver.cpp:269] Iteration 134, lr = 0.0001
I0820 17:27:49.198236  8159 solver.cpp:117] Iteration 134, loss = -nan
loss after net.hpp:Forward(): -nan
loss after net.hpp:Backward(): -nan
I0820 17:27:49.632201  8159 solver.cpp:269] Iteration 135, lr = 0.0001
I0820 17:28:19.998761  8159 solver.cpp:117] Iteration 135, loss = -nan
loss after net.hpp:Forward(): -nan
loss after net.hpp:Backward(): -nan
I0820 17:28:20.432621  8159 solver.cpp:269] Iteration 136, lr = 0.0001
I0820 17:28:50.797376  8159 solver.cpp:117] Iteration 136, loss = -nan
loss after net.hpp:Forward(): -nan
loss after net.hpp:Backward(): -nan
I0820 17:28:51.231158  8159 solver.cpp:269] Iteration 137, lr = 0.0001
I0820 17:29:21.598258  8159 solver.cpp:117] Iteration 137, loss = -nan
loss after net.hpp:Forward(): -nan
loss after net.hpp:Backward(): -nan
I0820 17:29:22.031883  8159 solver.cpp:269] Iteration 138, lr = 0.0001
I0820 17:29:52.392940  8159 solver.cpp:117] Iteration 138, loss = -nan
loss after net.hpp:Forward(): -nan
loss after net.hpp:Backward(): -nan
I0820 17:29:52.827245  8159 solver.cpp:269] Iteration 139, lr = 0.0001
I0820 17:30:23.192546  8159 solver.cpp:117] Iteration 139, loss = -nan
loss after net.hpp:Forward(): -nan
loss after net.hpp:Backward(): -nan
I0820 17:30:23.625864  8159 solver.cpp:269] Iteration 140, lr = 0.0001
I0820 17:30:53.990166  8159 solver.cpp:117] Iteration 140, loss = -nan
loss after net.hpp:Forward(): -nan
loss after net.hpp:Backward(): -nan
I0820 17:30:54.423346  8159 solver.cpp:269] Iteration 141, lr = 0.0001
I0820 17:31:24.790328  8159 solver.cpp:117] Iteration 141, loss = -nan
loss after net.hpp:Forward(): -nan
loss after net.hpp:Backward(): -nan
I0820 17:31:25.225029  8159 solver.cpp:269] Iteration 142, lr = 0.0001
I0820 17:31:55.590467  8159 solver.cpp:117] Iteration 142, loss = -nan
loss after net.hpp:Forward(): -nan
loss after net.hpp:Backward(): -nan
I0820 17:31:56.024035  8159 solver.cpp:269] Iteration 143, lr = 0.0001
I0820 17:32:26.388052  8159 solver.cpp:117] Iteration 143, loss = -nan
loss after net.hpp:Forward(): -nan
loss after net.hpp:Backward(): -nan
I0820 17:32:26.821579  8159 solver.cpp:269] Iteration 144, lr = 0.0001
I0820 17:32:57.186226  8159 solver.cpp:117] Iteration 144, loss = -nan
loss after net.hpp:Forward(): -nan
loss after net.hpp:Backward(): -nan
I0820 17:32:57.619765  8159 solver.cpp:269] Iteration 145, lr = 0.0001
I0820 17:33:27.985288  8159 solver.cpp:117] Iteration 145, loss = -nan
loss after net.hpp:Forward(): -nan
loss after net.hpp:Backward(): -nan
I0820 17:33:28.419193  8159 solver.cpp:269] Iteration 146, lr = 0.0001
I0820 17:33:58.780395  8159 solver.cpp:117] Iteration 146, loss = -nan
loss after net.hpp:Forward(): -nan
loss after net.hpp:Backward(): -nan
I0820 17:33:59.214118  8159 solver.cpp:269] Iteration 147, lr = 0.0001
I0820 17:34:29.580621  8159 solver.cpp:117] Iteration 147, loss = -nan
loss after net.hpp:Forward(): -nan
loss after net.hpp:Backward(): -nan
I0820 17:34:30.013550  8159 solver.cpp:269] Iteration 148, lr = 0.0001
I0820 17:35:00.378453  8159 solver.cpp:117] Iteration 148, loss = -nan
loss after net.hpp:Forward(): -nan
loss after net.hpp:Backward(): -nan
I0820 17:35:00.810747  8159 solver.cpp:269] Iteration 149, lr = 0.0001
I0820 17:35:31.175035  8159 solver.cpp:117] Iteration 149, loss = -nan
loss after net.hpp:Forward(): -nan
loss after net.hpp:Backward(): -nan
I0820 17:35:31.609087  8159 solver.cpp:269] Iteration 150, lr = 0.0001
I0820 17:36:01.970021  8159 solver.cpp:117] Iteration 150, loss = -nan
loss after net.hpp:Forward(): -nan
loss after net.hpp:Backward(): -nan
I0820 17:36:02.403858  8159 solver.cpp:269] Iteration 151, lr = 0.0001
I0820 17:36:32.761519  8159 solver.cpp:117] Iteration 151, loss = -nan
loss after net.hpp:Forward(): -nan
loss after net.hpp:Backward(): -nan
I0820 17:36:33.194463  8159 solver.cpp:269] Iteration 152, lr = 0.0001
I0820 17:37:03.562041  8159 solver.cpp:117] Iteration 152, loss = -nan
loss after net.hpp:Forward(): -nan
loss after net.hpp:Backward(): -nan
I0820 17:37:03.998188  8159 solver.cpp:269] Iteration 153, lr = 0.0001
I0820 17:37:34.359846  8159 solver.cpp:117] Iteration 153, loss = -nan
loss after net.hpp:Forward(): -nan
loss after net.hpp:Backward(): -nan
I0820 17:37:34.793952  8159 solver.cpp:269] Iteration 154, lr = 0.0001
I0820 17:38:05.159657  8159 solver.cpp:117] Iteration 154, loss = -nan
loss after net.hpp:Forward(): -nan
loss after net.hpp:Backward(): -nan
I0820 17:38:05.593675  8159 solver.cpp:269] Iteration 155, lr = 0.0001
I0820 17:38:35.962968  8159 solver.cpp:117] Iteration 155, loss = -nan
loss after net.hpp:Forward(): -nan
loss after net.hpp:Backward(): -nan
I0820 17:38:36.396630  8159 solver.cpp:269] Iteration 156, lr = 0.0001
I0820 17:39:06.764453  8159 solver.cpp:117] Iteration 156, loss = -nan
loss after net.hpp:Forward(): -nan
loss after net.hpp:Backward(): -nan
I0820 17:39:07.198268  8159 solver.cpp:269] Iteration 157, lr = 0.0001
I0820 17:39:37.569092  8159 solver.cpp:117] Iteration 157, loss = -nan
loss after net.hpp:Forward(): -nan
loss after net.hpp:Backward(): -nan
I0820 17:39:38.002637  8159 solver.cpp:269] Iteration 158, lr = 0.0001
I0820 17:40:08.372969  8159 solver.cpp:117] Iteration 158, loss = -nan
loss after net.hpp:Forward(): -nan
loss after net.hpp:Backward(): -nan
I0820 17:40:08.806216  8159 solver.cpp:269] Iteration 159, lr = 0.0001
I0820 17:40:39.176153  8159 solver.cpp:117] Iteration 159, loss = -nan
loss after net.hpp:Forward(): -nan
loss after net.hpp:Backward(): -nan
I0820 17:40:39.610123  8159 solver.cpp:269] Iteration 160, lr = 0.0001
I0820 17:41:09.978869  8159 solver.cpp:117] Iteration 160, loss = -nan
loss after net.hpp:Forward(): -nan
loss after net.hpp:Backward(): -nan
I0820 17:41:10.412812  8159 solver.cpp:269] Iteration 161, lr = 0.0001
I0820 17:41:40.784920  8159 solver.cpp:117] Iteration 161, loss = -nan
loss after net.hpp:Forward(): -nan
loss after net.hpp:Backward(): -nan
I0820 17:41:41.218957  8159 solver.cpp:269] Iteration 162, lr = 0.0001
I0820 17:42:11.590528  8159 solver.cpp:117] Iteration 162, loss = -nan
loss after net.hpp:Forward(): -nan
loss after net.hpp:Backward(): -nan
I0820 17:42:12.024654  8159 solver.cpp:269] Iteration 163, lr = 0.0001
I0820 17:42:42.396057  8159 solver.cpp:117] Iteration 163, loss = -nan
loss after net.hpp:Forward(): -nan
loss after net.hpp:Backward(): -nan
I0820 17:42:42.831147  8159 solver.cpp:269] Iteration 164, lr = 0.0001
I0820 17:43:13.199245  8159 solver.cpp:117] Iteration 164, loss = -nan
loss after net.hpp:Forward(): -nan
loss after net.hpp:Backward(): -nan
I0820 17:43:13.632267  8159 solver.cpp:269] Iteration 165, lr = 0.0001
I0820 17:43:44.005758  8159 solver.cpp:117] Iteration 165, loss = -nan
loss after net.hpp:Forward(): -nan
loss after net.hpp:Backward(): -nan
I0820 17:43:44.441246  8159 solver.cpp:269] Iteration 166, lr = 0.0001
I0820 17:44:14.810746  8159 solver.cpp:117] Iteration 166, loss = -nan
loss after net.hpp:Forward(): -nan
loss after net.hpp:Backward(): -nan
I0820 17:44:15.243896  8159 solver.cpp:269] Iteration 167, lr = 0.0001
I0820 17:44:45.611022  8159 solver.cpp:117] Iteration 167, loss = -nan
loss after net.hpp:Forward(): -nan
loss after net.hpp:Backward(): -nan
I0820 17:44:46.044030  8159 solver.cpp:269] Iteration 168, lr = 0.0001
I0820 17:45:16.414064  8159 solver.cpp:117] Iteration 168, loss = -nan
loss after net.hpp:Forward(): -nan
loss after net.hpp:Backward(): -nan
I0820 17:45:16.848448  8159 solver.cpp:269] Iteration 169, lr = 0.0001
I0820 17:45:47.223824  8159 solver.cpp:117] Iteration 169, loss = -nan
loss after net.hpp:Forward(): -nan
loss after net.hpp:Backward(): -nan
I0820 17:45:47.657919  8159 solver.cpp:269] Iteration 170, lr = 0.0001
I0820 17:46:18.026608  8159 solver.cpp:117] Iteration 170, loss = -nan
loss after net.hpp:Forward(): -nan
loss after net.hpp:Backward(): -nan
I0820 17:46:18.460397  8159 solver.cpp:269] Iteration 171, lr = 0.0001
I0820 17:46:48.831387  8159 solver.cpp:117] Iteration 171, loss = -nan
loss after net.hpp:Forward(): -nan
loss after net.hpp:Backward(): -nan
I0820 17:46:49.265775  8159 solver.cpp:269] Iteration 172, lr = 0.0001
I0820 17:47:19.639215  8159 solver.cpp:117] Iteration 172, loss = -nan
loss after net.hpp:Forward(): -nan
loss after net.hpp:Backward(): -nan
I0820 17:47:20.076663  8159 solver.cpp:269] Iteration 173, lr = 0.0001
I0820 17:47:50.448704  8159 solver.cpp:117] Iteration 173, loss = -nan
loss after net.hpp:Forward(): -nan
loss after net.hpp:Backward(): -nan
I0820 17:47:50.882614  8159 solver.cpp:269] Iteration 174, lr = 0.0001
I0820 17:48:21.252213  8159 solver.cpp:117] Iteration 174, loss = -nan
loss after net.hpp:Forward(): -nan
loss after net.hpp:Backward(): -nan
I0820 17:48:21.686401  8159 solver.cpp:269] Iteration 175, lr = 0.0001
I0820 17:48:52.051317  8159 solver.cpp:117] Iteration 175, loss = -nan
loss after net.hpp:Forward(): -nan
loss after net.hpp:Backward(): -nan
I0820 17:48:52.484913  8159 solver.cpp:269] Iteration 176, lr = 0.0001
I0820 17:49:22.858971  8159 solver.cpp:117] Iteration 176, loss = -nan
loss after net.hpp:Forward(): -nan
loss after net.hpp:Backward(): -nan
I0820 17:49:23.294244  8159 solver.cpp:269] Iteration 177, lr = 0.0001
I0820 17:49:53.666308  8159 solver.cpp:117] Iteration 177, loss = -nan
loss after net.hpp:Forward(): -nan
loss after net.hpp:Backward(): -nan
I0820 17:49:54.100252  8159 solver.cpp:269] Iteration 178, lr = 0.0001
I0820 17:50:24.468543  8159 solver.cpp:117] Iteration 178, loss = -nan
loss after net.hpp:Forward(): -nan
loss after net.hpp:Backward(): -nan
I0820 17:50:24.902477  8159 solver.cpp:269] Iteration 179, lr = 0.0001
I0820 17:50:55.269826  8159 solver.cpp:117] Iteration 179, loss = -nan
loss after net.hpp:Forward(): -nan
loss after net.hpp:Backward(): -nan
I0820 17:50:55.703544  8159 solver.cpp:269] Iteration 180, lr = 0.0001
I0820 17:51:26.069025  8159 solver.cpp:117] Iteration 180, loss = -nan
loss after net.hpp:Forward(): -nan
loss after net.hpp:Backward(): -nan
I0820 17:51:26.502764  8159 solver.cpp:269] Iteration 181, lr = 0.0001
I0820 17:51:56.858742  8159 solver.cpp:117] Iteration 181, loss = -nan
loss after net.hpp:Forward(): -nan
loss after net.hpp:Backward(): -nan
I0820 17:51:57.292861  8159 solver.cpp:269] Iteration 182, lr = 0.0001
I0820 17:52:27.660034  8159 solver.cpp:117] Iteration 182, loss = -nan
loss after net.hpp:Forward(): -nan
loss after net.hpp:Backward(): -nan
I0820 17:52:28.093924  8159 solver.cpp:269] Iteration 183, lr = 0.0001
I0820 17:52:58.456420  8159 solver.cpp:117] Iteration 183, loss = -nan
loss after net.hpp:Forward(): -nan
loss after net.hpp:Backward(): -nan
I0820 17:52:58.890507  8159 solver.cpp:269] Iteration 184, lr = 0.0001
I0820 17:53:29.254209  8159 solver.cpp:117] Iteration 184, loss = -nan
loss after net.hpp:Forward(): -nan
loss after net.hpp:Backward(): -nan
I0820 17:53:29.687602  8159 solver.cpp:269] Iteration 185, lr = 0.0001
I0820 17:54:00.056128  8159 solver.cpp:117] Iteration 185, loss = -nan
loss after net.hpp:Forward(): -nan
loss after net.hpp:Backward(): -nan
I0820 17:54:00.490066  8159 solver.cpp:269] Iteration 186, lr = 0.0001
I0820 17:54:30.854032  8159 solver.cpp:117] Iteration 186, loss = -nan
loss after net.hpp:Forward(): -nan
loss after net.hpp:Backward(): -nan
I0820 17:54:31.287756  8159 solver.cpp:269] Iteration 187, lr = 0.0001
I0820 17:55:01.651671  8159 solver.cpp:117] Iteration 187, loss = -nan
loss after net.hpp:Forward(): -nan
loss after net.hpp:Backward(): -nan
I0820 17:55:02.085244  8159 solver.cpp:269] Iteration 188, lr = 0.0001
I0820 17:55:32.450464  8159 solver.cpp:117] Iteration 188, loss = -nan
loss after net.hpp:Forward(): -nan
loss after net.hpp:Backward(): -nan
I0820 17:55:32.886950  8159 solver.cpp:269] Iteration 189, lr = 0.0001
I0820 17:56:03.247529  8159 solver.cpp:117] Iteration 189, loss = -nan
loss after net.hpp:Forward(): -nan
loss after net.hpp:Backward(): -nan
I0820 17:56:03.681107  8159 solver.cpp:269] Iteration 190, lr = 0.0001
I0820 17:56:34.047816  8159 solver.cpp:117] Iteration 190, loss = -nan
loss after net.hpp:Forward(): -nan
loss after net.hpp:Backward(): -nan
I0820 17:56:34.481904  8159 solver.cpp:269] Iteration 191, lr = 0.0001
I0820 17:57:04.846781  8159 solver.cpp:117] Iteration 191, loss = -nan
loss after net.hpp:Forward(): -nan
loss after net.hpp:Backward(): -nan
I0820 17:57:05.280802  8159 solver.cpp:269] Iteration 192, lr = 0.0001
I0820 17:57:35.640120  8159 solver.cpp:117] Iteration 192, loss = -nan
loss after net.hpp:Forward(): -nan
loss after net.hpp:Backward(): -nan
I0820 17:57:36.073756  8159 solver.cpp:269] Iteration 193, lr = 0.0001
I0820 17:58:06.439036  8159 solver.cpp:117] Iteration 193, loss = -nan
loss after net.hpp:Forward(): -nan
loss after net.hpp:Backward(): -nan
I0820 17:58:06.872902  8159 solver.cpp:269] Iteration 194, lr = 0.0001
I0820 17:58:37.234853  8159 solver.cpp:117] Iteration 194, loss = -nan
loss after net.hpp:Forward(): -nan
loss after net.hpp:Backward(): -nan
I0820 17:58:37.668408  8159 solver.cpp:269] Iteration 195, lr = 0.0001
I0820 17:59:08.029587  8159 solver.cpp:117] Iteration 195, loss = -nan
loss after net.hpp:Forward(): -nan
loss after net.hpp:Backward(): -nan
I0820 17:59:08.463279  8159 solver.cpp:269] Iteration 196, lr = 0.0001
I0820 17:59:38.825213  8159 solver.cpp:117] Iteration 196, loss = -nan
loss after net.hpp:Forward(): -nan
loss after net.hpp:Backward(): -nan
I0820 17:59:39.259301  8159 solver.cpp:269] Iteration 197, lr = 0.0001
I0820 18:00:09.625835  8159 solver.cpp:117] Iteration 197, loss = -nan
loss after net.hpp:Forward(): -nan
loss after net.hpp:Backward(): -nan
I0820 18:00:10.058877  8159 solver.cpp:269] Iteration 198, lr = 0.0001
I0820 18:00:40.423069  8159 solver.cpp:117] Iteration 198, loss = -nan
loss after net.hpp:Forward(): -nan
loss after net.hpp:Backward(): -nan
I0820 18:00:40.858348  8159 solver.cpp:269] Iteration 199, lr = 0.0001
I0820 18:01:11.220491  8159 solver.cpp:117] Iteration 199, loss = -nan
loss after net.hpp:Forward(): -nan
loss after net.hpp:Backward(): -nan
I0820 18:01:11.653604  8159 solver.cpp:269] Iteration 200, lr = 0.0001
I0820 18:01:42.012573  8159 solver.cpp:117] Iteration 200, loss = -nan
I0820 18:01:42.012603  8159 solver.cpp:136] Iteration 200, Testing net
I0820 18:01:43.743824  8159 solver.cpp:172] Test score #0: 0.5
I0820 18:01:43.743859  8159 solver.cpp:172] Test score #1: nan
loss after net.hpp:Forward(): -nan
loss after net.hpp:Backward(): -nan
I0820 18:01:44.177753  8159 solver.cpp:269] Iteration 201, lr = 0.0001
I0820 18:02:14.546298  8159 solver.cpp:117] Iteration 201, loss = -nan
loss after net.hpp:Forward(): -nan
loss after net.hpp:Backward(): -nan
I0820 18:02:14.980149  8159 solver.cpp:269] Iteration 202, lr = 0.0001
I0820 18:02:45.348693  8159 solver.cpp:117] Iteration 202, loss = -nan
loss after net.hpp:Forward(): -nan
loss after net.hpp:Backward(): -nan
I0820 18:02:45.781891  8159 solver.cpp:269] Iteration 203, lr = 0.0001
I0820 18:03:16.146771  8159 solver.cpp:117] Iteration 203, loss = -nan
loss after net.hpp:Forward(): -nan
loss after net.hpp:Backward(): -nan
I0820 18:03:16.580025  8159 solver.cpp:269] Iteration 204, lr = 0.0001
I0820 18:03:46.947028  8159 solver.cpp:117] Iteration 204, loss = -nan
loss after net.hpp:Forward(): -nan
loss after net.hpp:Backward(): -nan
I0820 18:03:47.381069  8159 solver.cpp:269] Iteration 205, lr = 0.0001
I0820 18:04:17.752794  8159 solver.cpp:117] Iteration 205, loss = -nan
loss after net.hpp:Forward(): -nan
loss after net.hpp:Backward(): -nan
I0820 18:04:18.187211  8159 solver.cpp:269] Iteration 206, lr = 0.0001
I0820 18:04:48.556421  8159 solver.cpp:117] Iteration 206, loss = -nan
loss after net.hpp:Forward(): -nan
loss after net.hpp:Backward(): -nan
I0820 18:04:48.991827  8159 solver.cpp:269] Iteration 207, lr = 0.0001
I0820 18:05:19.356344  8159 solver.cpp:117] Iteration 207, loss = -nan
loss after net.hpp:Forward(): -nan
loss after net.hpp:Backward(): -nan
I0820 18:05:19.790330  8159 solver.cpp:269] Iteration 208, lr = 0.0001
I0820 18:05:50.162250  8159 solver.cpp:117] Iteration 208, loss = -nan
loss after net.hpp:Forward(): -nan
loss after net.hpp:Backward(): -nan
I0820 18:05:50.595527  8159 solver.cpp:269] Iteration 209, lr = 0.0001
I0820 18:06:20.965000  8159 solver.cpp:117] Iteration 209, loss = -nan
loss after net.hpp:Forward(): -nan
loss after net.hpp:Backward(): -nan
I0820 18:06:21.398650  8159 solver.cpp:269] Iteration 210, lr = 0.0001
I0820 18:06:51.770766  8159 solver.cpp:117] Iteration 210, loss = -nan
loss after net.hpp:Forward(): -nan
loss after net.hpp:Backward(): -nan
I0820 18:06:52.207499  8159 solver.cpp:269] Iteration 211, lr = 0.0001
I0820 18:07:22.576365  8159 solver.cpp:117] Iteration 211, loss = -nan
loss after net.hpp:Forward(): -nan
loss after net.hpp:Backward(): -nan
I0820 18:07:23.011934  8159 solver.cpp:269] Iteration 212, lr = 0.0001
I0820 18:07:53.382206  8159 solver.cpp:117] Iteration 212, loss = -nan
loss after net.hpp:Forward(): -nan
loss after net.hpp:Backward(): -nan
I0820 18:07:53.815876  8159 solver.cpp:269] Iteration 213, lr = 0.0001
I0820 18:08:24.185408  8159 solver.cpp:117] Iteration 213, loss = -nan
loss after net.hpp:Forward(): -nan
loss after net.hpp:Backward(): -nan
I0820 18:08:24.619581  8159 solver.cpp:269] Iteration 214, lr = 0.0001
I0820 18:08:54.988955  8159 solver.cpp:117] Iteration 214, loss = -nan
loss after net.hpp:Forward(): -nan
loss after net.hpp:Backward(): -nan
I0820 18:08:55.422652  8159 solver.cpp:269] Iteration 215, lr = 0.0001
I0820 18:09:25.792124  8159 solver.cpp:117] Iteration 215, loss = -nan
loss after net.hpp:Forward(): -nan
loss after net.hpp:Backward(): -nan
I0820 18:09:26.225091  8159 solver.cpp:269] Iteration 216, lr = 0.0001
I0820 18:09:56.593128  8159 solver.cpp:117] Iteration 216, loss = -nan
loss after net.hpp:Forward(): -nan
loss after net.hpp:Backward(): -nan
I0820 18:09:57.027075  8159 solver.cpp:269] Iteration 217, lr = 0.0001
I0820 18:10:27.391315  8159 solver.cpp:117] Iteration 217, loss = -nan
loss after net.hpp:Forward(): -nan
loss after net.hpp:Backward(): -nan
I0820 18:10:27.824816  8159 solver.cpp:269] Iteration 218, lr = 0.0001
I0820 18:10:58.197029  8159 solver.cpp:117] Iteration 218, loss = -nan
loss after net.hpp:Forward(): -nan
loss after net.hpp:Backward(): -nan
I0820 18:10:58.630549  8159 solver.cpp:269] Iteration 219, lr = 0.0001
I0820 18:11:28.995232  8159 solver.cpp:117] Iteration 219, loss = -nan
loss after net.hpp:Forward(): -nan
loss after net.hpp:Backward(): -nan
I0820 18:11:29.428346  8159 solver.cpp:269] Iteration 220, lr = 0.0001
I0820 18:11:59.801939  8159 solver.cpp:117] Iteration 220, loss = -nan
loss after net.hpp:Forward(): -nan
loss after net.hpp:Backward(): -nan
I0820 18:12:00.237515  8159 solver.cpp:269] Iteration 221, lr = 0.0001
I0820 18:12:30.605845  8159 solver.cpp:117] Iteration 221, loss = -nan
loss after net.hpp:Forward(): -nan
loss after net.hpp:Backward(): -nan
I0820 18:12:31.039894  8159 solver.cpp:269] Iteration 222, lr = 0.0001
I0820 18:13:01.407039  8159 solver.cpp:117] Iteration 222, loss = -nan
loss after net.hpp:Forward(): -nan
loss after net.hpp:Backward(): -nan
I0820 18:13:01.840801  8159 solver.cpp:269] Iteration 223, lr = 0.0001
I0820 18:13:32.212507  8159 solver.cpp:117] Iteration 223, loss = -nan
loss after net.hpp:Forward(): -nan
loss after net.hpp:Backward(): -nan
I0820 18:13:32.646541  8159 solver.cpp:269] Iteration 224, lr = 0.0001
I0820 18:14:03.017673  8159 solver.cpp:117] Iteration 224, loss = -nan
loss after net.hpp:Forward(): -nan
loss after net.hpp:Backward(): -nan
I0820 18:14:03.451601  8159 solver.cpp:269] Iteration 225, lr = 0.0001
I0820 18:14:33.821053  8159 solver.cpp:117] Iteration 225, loss = -nan
loss after net.hpp:Forward(): -nan
loss after net.hpp:Backward(): -nan
I0820 18:14:34.255055  8159 solver.cpp:269] Iteration 226, lr = 0.0001
I0820 18:15:04.625639  8159 solver.cpp:117] Iteration 226, loss = -nan
loss after net.hpp:Forward(): -nan
loss after net.hpp:Backward(): -nan
I0820 18:15:05.059245  8159 solver.cpp:269] Iteration 227, lr = 0.0001
I0820 18:15:35.432025  8159 solver.cpp:117] Iteration 227, loss = -nan
loss after net.hpp:Forward(): -nan
loss after net.hpp:Backward(): -nan
I0820 18:15:35.866345  8159 solver.cpp:269] Iteration 228, lr = 0.0001
I0820 18:16:06.229993  8159 solver.cpp:117] Iteration 228, loss = -nan
loss after net.hpp:Forward(): -nan
loss after net.hpp:Backward(): -nan
I0820 18:16:06.663821  8159 solver.cpp:269] Iteration 229, lr = 0.0001
I0820 18:16:37.016427  8159 solver.cpp:117] Iteration 229, loss = -nan
loss after net.hpp:Forward(): -nan
loss after net.hpp:Backward(): -nan
I0820 18:16:37.450145  8159 solver.cpp:269] Iteration 230, lr = 0.0001
I0820 18:17:07.814049  8159 solver.cpp:117] Iteration 230, loss = -nan
loss after net.hpp:Forward(): -nan
loss after net.hpp:Backward(): -nan
I0820 18:17:08.247246  8159 solver.cpp:269] Iteration 231, lr = 0.0001
I0820 18:17:38.611902  8159 solver.cpp:117] Iteration 231, loss = -nan
loss after net.hpp:Forward(): -nan
loss after net.hpp:Backward(): -nan
I0820 18:17:39.045310  8159 solver.cpp:269] Iteration 232, lr = 0.0001
I0820 18:18:09.409595  8159 solver.cpp:117] Iteration 232, loss = -nan
loss after net.hpp:Forward(): -nan
loss after net.hpp:Backward(): -nan
I0820 18:18:09.843364  8159 solver.cpp:269] Iteration 233, lr = 0.0001
I0820 18:18:40.203847  8159 solver.cpp:117] Iteration 233, loss = -nan
loss after net.hpp:Forward(): -nan
loss after net.hpp:Backward(): -nan
I0820 18:18:40.637907  8159 solver.cpp:269] Iteration 234, lr = 0.0001
I0820 18:19:10.998958  8159 solver.cpp:117] Iteration 234, loss = -nan
loss after net.hpp:Forward(): -nan
loss after net.hpp:Backward(): -nan
I0820 18:19:11.432345  8159 solver.cpp:269] Iteration 235, lr = 0.0001
I0820 18:19:41.794811  8159 solver.cpp:117] Iteration 235, loss = -nan
loss after net.hpp:Forward(): -nan
loss after net.hpp:Backward(): -nan
I0820 18:19:42.228842  8159 solver.cpp:269] Iteration 236, lr = 0.0001
I0820 18:20:12.589663  8159 solver.cpp:117] Iteration 236, loss = -nan
loss after net.hpp:Forward(): -nan
loss after net.hpp:Backward(): -nan
I0820 18:20:13.024003  8159 solver.cpp:269] Iteration 237, lr = 0.0001
I0820 18:20:43.384212  8159 solver.cpp:117] Iteration 237, loss = -nan
loss after net.hpp:Forward(): -nan
loss after net.hpp:Backward(): -nan
I0820 18:20:43.817682  8159 solver.cpp:269] Iteration 238, lr = 0.0001
I0820 18:21:14.182739  8159 solver.cpp:117] Iteration 238, loss = -nan
loss after net.hpp:Forward(): -nan
loss after net.hpp:Backward(): -nan
I0820 18:21:14.615926  8159 solver.cpp:269] Iteration 239, lr = 0.0001
I0820 18:21:44.978322  8159 solver.cpp:117] Iteration 239, loss = -nan
loss after net.hpp:Forward(): -nan
loss after net.hpp:Backward(): -nan
I0820 18:21:45.412065  8159 solver.cpp:269] Iteration 240, lr = 0.0001
I0820 18:22:15.769512  8159 solver.cpp:117] Iteration 240, loss = -nan
loss after net.hpp:Forward(): -nan
loss after net.hpp:Backward(): -nan
I0820 18:22:16.203244  8159 solver.cpp:269] Iteration 241, lr = 0.0001
I0820 18:22:46.570731  8159 solver.cpp:117] Iteration 241, loss = -nan
loss after net.hpp:Forward(): -nan
loss after net.hpp:Backward(): -nan
I0820 18:22:47.004734  8159 solver.cpp:269] Iteration 242, lr = 0.0001
I0820 18:23:17.368582  8159 solver.cpp:117] Iteration 242, loss = -nan
loss after net.hpp:Forward(): -nan
loss after net.hpp:Backward(): -nan
I0820 18:23:17.802685  8159 solver.cpp:269] Iteration 243, lr = 0.0001
I0820 18:23:48.163177  8159 solver.cpp:117] Iteration 243, loss = -nan
loss after net.hpp:Forward(): -nan
loss after net.hpp:Backward(): -nan
I0820 18:23:48.596884  8159 solver.cpp:269] Iteration 244, lr = 0.0001
I0820 18:24:18.961767  8159 solver.cpp:117] Iteration 244, loss = -nan
loss after net.hpp:Forward(): -nan
loss after net.hpp:Backward(): -nan
I0820 18:24:19.394937  8159 solver.cpp:269] Iteration 245, lr = 0.0001
I0820 18:24:49.754194  8159 solver.cpp:117] Iteration 245, loss = -nan
loss after net.hpp:Forward(): -nan
loss after net.hpp:Backward(): -nan
I0820 18:24:50.187950  8159 solver.cpp:269] Iteration 246, lr = 0.0001
I0820 18:25:20.551619  8159 solver.cpp:117] Iteration 246, loss = -nan
loss after net.hpp:Forward(): -nan
loss after net.hpp:Backward(): -nan
I0820 18:25:20.984976  8159 solver.cpp:269] Iteration 247, lr = 0.0001
I0820 18:25:51.349865  8159 solver.cpp:117] Iteration 247, loss = -nan
loss after net.hpp:Forward(): -nan
loss after net.hpp:Backward(): -nan
I0820 18:25:51.783895  8159 solver.cpp:269] Iteration 248, lr = 0.0001
I0820 18:26:22.149111  8159 solver.cpp:117] Iteration 248, loss = -nan
loss after net.hpp:Forward(): -nan
loss after net.hpp:Backward(): -nan
I0820 18:26:22.583796  8159 solver.cpp:269] Iteration 249, lr = 0.0001
I0820 18:26:52.942798  8159 solver.cpp:117] Iteration 249, loss = -nan
loss after net.hpp:Forward(): -nan
loss after net.hpp:Backward(): -nan
I0820 18:26:53.375563  8159 solver.cpp:269] Iteration 250, lr = 0.0001
I0820 18:27:23.736922  8159 solver.cpp:117] Iteration 250, loss = -nan
loss after net.hpp:Forward(): -nan
loss after net.hpp:Backward(): -nan
I0820 18:27:24.170538  8159 solver.cpp:269] Iteration 251, lr = 0.0001
Terminated
Done.
