I0822 21:18:56.646095  7819 finetune_net.cpp:25] Starting Optimization
I0822 21:18:56.646185  7819 solver.cpp:42] Creating training net.
I0822 21:18:56.646675  7819 net.cpp:76] Creating Layer data
I0822 21:18:56.646687  7819 net.cpp:112] data -> data
I0822 21:18:56.646697  7819 net.cpp:112] data -> label
I0822 21:18:56.646715  7819 data_layer.cpp:145] Opening leveldb ground_sheet_fine_train_leveldb
I0822 21:18:56.695760  7819 data_layer.cpp:185] output data size: 6,3,227,227
I0822 21:18:56.695797  7819 data_layer.cpp:204] Loading mean file from../../data/ground_sheet/ground_sheet_fine_mean.binaryproto
I0822 21:18:56.946213  7819 net.cpp:127] Top shape: 6 3 227 227 (927522)
I0822 21:18:56.946244  7819 net.cpp:127] Top shape: 6 1 1 1 (6)
I0822 21:18:56.946249  7819 net.cpp:158] data does not need backward computation.
I0822 21:18:56.946262  7819 net.cpp:76] Creating Layer conv1
I0822 21:18:56.946269  7819 net.cpp:86] conv1 <- data
I0822 21:18:56.946282  7819 net.cpp:112] conv1 -> conv1
I0822 21:18:56.947592  7819 net.cpp:127] Top shape: 6 96 55 55 (1742400)
I0822 21:18:56.947604  7819 net.cpp:158] conv1 does not need backward computation.
I0822 21:18:56.947614  7819 net.cpp:76] Creating Layer relu1
I0822 21:18:56.947618  7819 net.cpp:86] relu1 <- conv1
I0822 21:18:56.947623  7819 net.cpp:100] relu1 -> conv1 (in-place)
I0822 21:18:56.947629  7819 net.cpp:127] Top shape: 6 96 55 55 (1742400)
I0822 21:18:56.947634  7819 net.cpp:158] relu1 does not need backward computation.
I0822 21:18:56.947639  7819 net.cpp:76] Creating Layer pool1
I0822 21:18:56.947643  7819 net.cpp:86] pool1 <- conv1
I0822 21:18:56.947648  7819 net.cpp:112] pool1 -> pool1
I0822 21:18:56.947657  7819 net.cpp:127] Top shape: 6 96 27 27 (419904)
I0822 21:18:56.947662  7819 net.cpp:158] pool1 does not need backward computation.
I0822 21:18:56.947671  7819 net.cpp:76] Creating Layer norm1
I0822 21:18:56.947674  7819 net.cpp:86] norm1 <- pool1
I0822 21:18:56.947679  7819 net.cpp:112] norm1 -> norm1
I0822 21:18:56.947686  7819 net.cpp:127] Top shape: 6 96 27 27 (419904)
I0822 21:18:56.947690  7819 net.cpp:158] norm1 does not need backward computation.
I0822 21:18:56.947696  7819 net.cpp:76] Creating Layer conv2
I0822 21:18:56.947700  7819 net.cpp:86] conv2 <- norm1
I0822 21:18:56.947705  7819 net.cpp:112] conv2 -> conv2
I0822 21:18:56.958699  7819 net.cpp:127] Top shape: 6 256 27 27 (1119744)
I0822 21:18:56.958716  7819 net.cpp:158] conv2 does not need backward computation.
I0822 21:18:56.958724  7819 net.cpp:76] Creating Layer relu2
I0822 21:18:56.958727  7819 net.cpp:86] relu2 <- conv2
I0822 21:18:56.958732  7819 net.cpp:100] relu2 -> conv2 (in-place)
I0822 21:18:56.958737  7819 net.cpp:127] Top shape: 6 256 27 27 (1119744)
I0822 21:18:56.958741  7819 net.cpp:158] relu2 does not need backward computation.
I0822 21:18:56.958746  7819 net.cpp:76] Creating Layer pool2
I0822 21:18:56.958752  7819 net.cpp:86] pool2 <- conv2
I0822 21:18:56.958757  7819 net.cpp:112] pool2 -> pool2
I0822 21:18:56.958762  7819 net.cpp:127] Top shape: 6 256 13 13 (259584)
I0822 21:18:56.958766  7819 net.cpp:158] pool2 does not need backward computation.
I0822 21:18:56.958773  7819 net.cpp:76] Creating Layer norm2
I0822 21:18:56.958777  7819 net.cpp:86] norm2 <- pool2
I0822 21:18:56.958781  7819 net.cpp:112] norm2 -> norm2
I0822 21:18:56.958786  7819 net.cpp:127] Top shape: 6 256 13 13 (259584)
I0822 21:18:56.958798  7819 net.cpp:158] norm2 does not need backward computation.
I0822 21:18:56.958804  7819 net.cpp:76] Creating Layer conv3
I0822 21:18:56.958807  7819 net.cpp:86] conv3 <- norm2
I0822 21:18:56.958812  7819 net.cpp:112] conv3 -> conv3
I0822 21:18:56.990720  7819 net.cpp:127] Top shape: 6 384 13 13 (389376)
I0822 21:18:56.990732  7819 net.cpp:158] conv3 does not need backward computation.
I0822 21:18:56.990738  7819 net.cpp:76] Creating Layer relu3
I0822 21:18:56.990743  7819 net.cpp:86] relu3 <- conv3
I0822 21:18:56.990748  7819 net.cpp:100] relu3 -> conv3 (in-place)
I0822 21:18:56.990753  7819 net.cpp:127] Top shape: 6 384 13 13 (389376)
I0822 21:18:56.990758  7819 net.cpp:158] relu3 does not need backward computation.
I0822 21:18:56.990764  7819 net.cpp:76] Creating Layer conv4
I0822 21:18:56.990768  7819 net.cpp:86] conv4 <- conv3
I0822 21:18:56.990772  7819 net.cpp:112] conv4 -> conv4
I0822 21:18:57.014719  7819 net.cpp:127] Top shape: 6 384 13 13 (389376)
I0822 21:18:57.014730  7819 net.cpp:158] conv4 does not need backward computation.
I0822 21:18:57.014736  7819 net.cpp:76] Creating Layer relu4
I0822 21:18:57.014740  7819 net.cpp:86] relu4 <- conv4
I0822 21:18:57.014745  7819 net.cpp:100] relu4 -> conv4 (in-place)
I0822 21:18:57.014751  7819 net.cpp:127] Top shape: 6 384 13 13 (389376)
I0822 21:18:57.014755  7819 net.cpp:158] relu4 does not need backward computation.
I0822 21:18:57.014761  7819 net.cpp:76] Creating Layer conv5
I0822 21:18:57.014765  7819 net.cpp:86] conv5 <- conv4
I0822 21:18:57.014770  7819 net.cpp:112] conv5 -> conv5
I0822 21:18:57.030772  7819 net.cpp:127] Top shape: 6 256 13 13 (259584)
I0822 21:18:57.030784  7819 net.cpp:158] conv5 does not need backward computation.
I0822 21:18:57.030794  7819 net.cpp:76] Creating Layer relu5
I0822 21:18:57.030799  7819 net.cpp:86] relu5 <- conv5
I0822 21:18:57.030804  7819 net.cpp:100] relu5 -> conv5 (in-place)
I0822 21:18:57.030809  7819 net.cpp:127] Top shape: 6 256 13 13 (259584)
I0822 21:18:57.030813  7819 net.cpp:158] relu5 does not need backward computation.
I0822 21:18:57.030818  7819 net.cpp:76] Creating Layer pool5
I0822 21:18:57.030822  7819 net.cpp:86] pool5 <- conv5
I0822 21:18:57.030827  7819 net.cpp:112] pool5 -> pool5
I0822 21:18:57.030833  7819 net.cpp:127] Top shape: 6 256 6 6 (55296)
I0822 21:18:57.030836  7819 net.cpp:158] pool5 does not need backward computation.
I0822 21:18:57.030848  7819 net.cpp:76] Creating Layer fc6
I0822 21:18:57.030851  7819 net.cpp:86] fc6 <- pool5
I0822 21:18:57.030856  7819 net.cpp:112] fc6 -> fc6
I0822 21:18:58.380143  7819 net.cpp:127] Top shape: 6 4096 1 1 (24576)
I0822 21:18:58.380172  7819 net.cpp:153] fc6 needs backward computation.
I0822 21:18:58.380180  7819 net.cpp:76] Creating Layer relu6
I0822 21:18:58.380187  7819 net.cpp:86] relu6 <- fc6
I0822 21:18:58.380192  7819 net.cpp:100] relu6 -> fc6 (in-place)
I0822 21:18:58.380198  7819 net.cpp:127] Top shape: 6 4096 1 1 (24576)
I0822 21:18:58.380202  7819 net.cpp:153] relu6 needs backward computation.
I0822 21:18:58.380208  7819 net.cpp:76] Creating Layer drop6
I0822 21:18:58.380211  7819 net.cpp:86] drop6 <- fc6
I0822 21:18:58.380215  7819 net.cpp:100] drop6 -> fc6 (in-place)
I0822 21:18:58.380226  7819 net.cpp:127] Top shape: 6 4096 1 1 (24576)
I0822 21:18:58.380230  7819 net.cpp:153] drop6 needs backward computation.
I0822 21:18:58.380236  7819 net.cpp:76] Creating Layer fc7
I0822 21:18:58.380240  7819 net.cpp:86] fc7 <- fc6
I0822 21:18:58.380244  7819 net.cpp:112] fc7 -> fc7
I0822 21:18:58.979966  7819 net.cpp:127] Top shape: 6 4096 1 1 (24576)
I0822 21:18:58.979995  7819 net.cpp:153] fc7 needs backward computation.
I0822 21:18:58.980003  7819 net.cpp:76] Creating Layer relu7
I0822 21:18:58.980010  7819 net.cpp:86] relu7 <- fc7
I0822 21:18:58.980015  7819 net.cpp:100] relu7 -> fc7 (in-place)
I0822 21:18:58.980020  7819 net.cpp:127] Top shape: 6 4096 1 1 (24576)
I0822 21:18:58.980025  7819 net.cpp:153] relu7 needs backward computation.
I0822 21:18:58.980029  7819 net.cpp:76] Creating Layer drop7
I0822 21:18:58.980033  7819 net.cpp:86] drop7 <- fc7
I0822 21:18:58.980037  7819 net.cpp:100] drop7 -> fc7 (in-place)
I0822 21:18:58.980041  7819 net.cpp:127] Top shape: 6 4096 1 1 (24576)
I0822 21:18:58.980046  7819 net.cpp:153] drop7 needs backward computation.
I0822 21:18:58.980051  7819 net.cpp:76] Creating Layer fc8_clamp
I0822 21:18:58.980054  7819 net.cpp:86] fc8_clamp <- fc7
I0822 21:18:58.980059  7819 net.cpp:112] fc8_clamp -> fc8_aero
I0822 21:18:58.980372  7819 net.cpp:127] Top shape: 6 2 1 1 (12)
I0822 21:18:58.980381  7819 net.cpp:153] fc8_clamp needs backward computation.
I0822 21:18:58.980386  7819 net.cpp:76] Creating Layer loss
I0822 21:18:58.980391  7819 net.cpp:86] loss <- fc8_aero
I0822 21:18:58.980396  7819 net.cpp:86] loss <- label
I0822 21:18:58.980406  7819 net.cpp:153] loss needs backward computation.
I0822 21:18:58.980433  7819 net.cpp:182] Collecting Learning Rate and Weight Decay.
I0822 21:18:58.980447  7819 net.cpp:175] Network initialization done.
I0822 21:18:58.980449  7819 net.cpp:176] Memory required for Data 25165776
I0822 21:18:58.980489  7819 solver.cpp:45] Creating testing net.
I0822 21:18:58.981096  7819 net.cpp:76] Creating Layer data
I0822 21:18:58.981107  7819 net.cpp:112] data -> data
I0822 21:18:58.981113  7819 net.cpp:112] data -> label
I0822 21:18:58.981122  7819 data_layer.cpp:145] Opening leveldb ground_sheet_fine_val_leveldb
I0822 21:18:59.021294  7819 data_layer.cpp:185] output data size: 6,3,227,227
I0822 21:18:59.021327  7819 data_layer.cpp:204] Loading mean file from../../data/ground_sheet/ground_sheet_fine_mean.binaryproto
I0822 21:18:59.027343  7819 net.cpp:127] Top shape: 6 3 227 227 (927522)
I0822 21:18:59.027355  7819 net.cpp:127] Top shape: 6 1 1 1 (6)
I0822 21:18:59.027360  7819 net.cpp:158] data does not need backward computation.
I0822 21:18:59.027367  7819 net.cpp:76] Creating Layer conv1
I0822 21:18:59.027372  7819 net.cpp:86] conv1 <- data
I0822 21:18:59.027377  7819 net.cpp:112] conv1 -> conv1
I0822 21:18:59.028595  7819 net.cpp:127] Top shape: 6 96 55 55 (1742400)
I0822 21:18:59.028606  7819 net.cpp:158] conv1 does not need backward computation.
I0822 21:18:59.028612  7819 net.cpp:76] Creating Layer relu1
I0822 21:18:59.028616  7819 net.cpp:86] relu1 <- conv1
I0822 21:18:59.028621  7819 net.cpp:100] relu1 -> conv1 (in-place)
I0822 21:18:59.028626  7819 net.cpp:127] Top shape: 6 96 55 55 (1742400)
I0822 21:18:59.028630  7819 net.cpp:158] relu1 does not need backward computation.
I0822 21:18:59.028635  7819 net.cpp:76] Creating Layer pool1
I0822 21:18:59.028638  7819 net.cpp:86] pool1 <- conv1
I0822 21:18:59.028642  7819 net.cpp:112] pool1 -> pool1
I0822 21:18:59.028648  7819 net.cpp:127] Top shape: 6 96 27 27 (419904)
I0822 21:18:59.028652  7819 net.cpp:158] pool1 does not need backward computation.
I0822 21:18:59.028658  7819 net.cpp:76] Creating Layer norm1
I0822 21:18:59.028662  7819 net.cpp:86] norm1 <- pool1
I0822 21:18:59.028666  7819 net.cpp:112] norm1 -> norm1
I0822 21:18:59.028672  7819 net.cpp:127] Top shape: 6 96 27 27 (419904)
I0822 21:18:59.028676  7819 net.cpp:158] norm1 does not need backward computation.
I0822 21:18:59.028681  7819 net.cpp:76] Creating Layer conv2
I0822 21:18:59.028686  7819 net.cpp:86] conv2 <- norm1
I0822 21:18:59.028689  7819 net.cpp:112] conv2 -> conv2
I0822 21:18:59.039391  7819 net.cpp:127] Top shape: 6 256 27 27 (1119744)
I0822 21:18:59.039403  7819 net.cpp:158] conv2 does not need backward computation.
I0822 21:18:59.039409  7819 net.cpp:76] Creating Layer relu2
I0822 21:18:59.039414  7819 net.cpp:86] relu2 <- conv2
I0822 21:18:59.039419  7819 net.cpp:100] relu2 -> conv2 (in-place)
I0822 21:18:59.039423  7819 net.cpp:127] Top shape: 6 256 27 27 (1119744)
I0822 21:18:59.039427  7819 net.cpp:158] relu2 does not need backward computation.
I0822 21:18:59.039433  7819 net.cpp:76] Creating Layer pool2
I0822 21:18:59.039436  7819 net.cpp:86] pool2 <- conv2
I0822 21:18:59.039440  7819 net.cpp:112] pool2 -> pool2
I0822 21:18:59.039446  7819 net.cpp:127] Top shape: 6 256 13 13 (259584)
I0822 21:18:59.039450  7819 net.cpp:158] pool2 does not need backward computation.
I0822 21:18:59.039456  7819 net.cpp:76] Creating Layer norm2
I0822 21:18:59.039460  7819 net.cpp:86] norm2 <- pool2
I0822 21:18:59.039465  7819 net.cpp:112] norm2 -> norm2
I0822 21:18:59.039470  7819 net.cpp:127] Top shape: 6 256 13 13 (259584)
I0822 21:18:59.039474  7819 net.cpp:158] norm2 does not need backward computation.
I0822 21:18:59.039479  7819 net.cpp:76] Creating Layer conv3
I0822 21:18:59.039484  7819 net.cpp:86] conv3 <- norm2
I0822 21:18:59.039487  7819 net.cpp:112] conv3 -> conv3
I0822 21:18:59.071324  7819 net.cpp:127] Top shape: 6 384 13 13 (389376)
I0822 21:18:59.071336  7819 net.cpp:158] conv3 does not need backward computation.
I0822 21:18:59.071341  7819 net.cpp:76] Creating Layer relu3
I0822 21:18:59.071346  7819 net.cpp:86] relu3 <- conv3
I0822 21:18:59.071351  7819 net.cpp:100] relu3 -> conv3 (in-place)
I0822 21:18:59.071354  7819 net.cpp:127] Top shape: 6 384 13 13 (389376)
I0822 21:18:59.071358  7819 net.cpp:158] relu3 does not need backward computation.
I0822 21:18:59.071364  7819 net.cpp:76] Creating Layer conv4
I0822 21:18:59.071368  7819 net.cpp:86] conv4 <- conv3
I0822 21:18:59.071372  7819 net.cpp:112] conv4 -> conv4
I0822 21:18:59.095253  7819 net.cpp:127] Top shape: 6 384 13 13 (389376)
I0822 21:18:59.095263  7819 net.cpp:158] conv4 does not need backward computation.
I0822 21:18:59.095269  7819 net.cpp:76] Creating Layer relu4
I0822 21:18:59.095273  7819 net.cpp:86] relu4 <- conv4
I0822 21:18:59.095278  7819 net.cpp:100] relu4 -> conv4 (in-place)
I0822 21:18:59.095283  7819 net.cpp:127] Top shape: 6 384 13 13 (389376)
I0822 21:18:59.095286  7819 net.cpp:158] relu4 does not need backward computation.
I0822 21:18:59.095291  7819 net.cpp:76] Creating Layer conv5
I0822 21:18:59.095295  7819 net.cpp:86] conv5 <- conv4
I0822 21:18:59.095300  7819 net.cpp:112] conv5 -> conv5
I0822 21:18:59.111332  7819 net.cpp:127] Top shape: 6 256 13 13 (259584)
I0822 21:18:59.111345  7819 net.cpp:158] conv5 does not need backward computation.
I0822 21:18:59.111351  7819 net.cpp:76] Creating Layer relu5
I0822 21:18:59.111354  7819 net.cpp:86] relu5 <- conv5
I0822 21:18:59.111359  7819 net.cpp:100] relu5 -> conv5 (in-place)
I0822 21:18:59.111363  7819 net.cpp:127] Top shape: 6 256 13 13 (259584)
I0822 21:18:59.111367  7819 net.cpp:158] relu5 does not need backward computation.
I0822 21:18:59.111372  7819 net.cpp:76] Creating Layer pool5
I0822 21:18:59.111377  7819 net.cpp:86] pool5 <- conv5
I0822 21:18:59.111382  7819 net.cpp:112] pool5 -> pool5
I0822 21:18:59.111387  7819 net.cpp:127] Top shape: 6 256 6 6 (55296)
I0822 21:18:59.111390  7819 net.cpp:158] pool5 does not need backward computation.
I0822 21:18:59.111398  7819 net.cpp:76] Creating Layer fc6
I0822 21:18:59.111402  7819 net.cpp:86] fc6 <- pool5
I0822 21:18:59.111407  7819 net.cpp:112] fc6 -> fc6
I0822 21:19:00.462106  7819 net.cpp:127] Top shape: 6 4096 1 1 (24576)
I0822 21:19:00.462136  7819 net.cpp:153] fc6 needs backward computation.
I0822 21:19:00.462144  7819 net.cpp:76] Creating Layer relu6
I0822 21:19:00.462151  7819 net.cpp:86] relu6 <- fc6
I0822 21:19:00.462157  7819 net.cpp:100] relu6 -> fc6 (in-place)
I0822 21:19:00.462162  7819 net.cpp:127] Top shape: 6 4096 1 1 (24576)
I0822 21:19:00.462167  7819 net.cpp:153] relu6 needs backward computation.
I0822 21:19:00.462172  7819 net.cpp:76] Creating Layer drop6
I0822 21:19:00.462175  7819 net.cpp:86] drop6 <- fc6
I0822 21:19:00.462179  7819 net.cpp:100] drop6 -> fc6 (in-place)
I0822 21:19:00.462184  7819 net.cpp:127] Top shape: 6 4096 1 1 (24576)
I0822 21:19:00.462188  7819 net.cpp:153] drop6 needs backward computation.
I0822 21:19:00.462194  7819 net.cpp:76] Creating Layer fc7
I0822 21:19:00.462198  7819 net.cpp:86] fc7 <- fc6
I0822 21:19:00.462203  7819 net.cpp:112] fc7 -> fc7
I0822 21:19:01.062693  7819 net.cpp:127] Top shape: 6 4096 1 1 (24576)
I0822 21:19:01.062721  7819 net.cpp:153] fc7 needs backward computation.
I0822 21:19:01.062731  7819 net.cpp:76] Creating Layer relu7
I0822 21:19:01.062736  7819 net.cpp:86] relu7 <- fc7
I0822 21:19:01.062743  7819 net.cpp:100] relu7 -> fc7 (in-place)
I0822 21:19:01.062748  7819 net.cpp:127] Top shape: 6 4096 1 1 (24576)
I0822 21:19:01.062753  7819 net.cpp:153] relu7 needs backward computation.
I0822 21:19:01.062758  7819 net.cpp:76] Creating Layer drop7
I0822 21:19:01.062762  7819 net.cpp:86] drop7 <- fc7
I0822 21:19:01.062767  7819 net.cpp:100] drop7 -> fc7 (in-place)
I0822 21:19:01.062772  7819 net.cpp:127] Top shape: 6 4096 1 1 (24576)
I0822 21:19:01.062775  7819 net.cpp:153] drop7 needs backward computation.
I0822 21:19:01.062782  7819 net.cpp:76] Creating Layer fc8_clamp
I0822 21:19:01.062784  7819 net.cpp:86] fc8_clamp <- fc7
I0822 21:19:01.062793  7819 net.cpp:112] fc8_clamp -> fc8_aero
I0822 21:19:01.063089  7819 net.cpp:127] Top shape: 6 2 1 1 (12)
I0822 21:19:01.063097  7819 net.cpp:153] fc8_clamp needs backward computation.
I0822 21:19:01.063102  7819 net.cpp:76] Creating Layer prob
I0822 21:19:01.063107  7819 net.cpp:86] prob <- fc8_aero
I0822 21:19:01.063112  7819 net.cpp:112] prob -> prob
I0822 21:19:01.063117  7819 net.cpp:127] Top shape: 6 2 1 1 (12)
I0822 21:19:01.063122  7819 net.cpp:153] prob needs backward computation.
I0822 21:19:01.063127  7819 net.cpp:76] Creating Layer accuracy
I0822 21:19:01.063130  7819 net.cpp:86] accuracy <- prob
I0822 21:19:01.063135  7819 net.cpp:86] accuracy <- label
I0822 21:19:01.063140  7819 net.cpp:112] accuracy -> accuracy
I0822 21:19:01.063154  7819 net.cpp:127] Top shape: 1 2 1 1 (2)
I0822 21:19:01.063158  7819 net.cpp:153] accuracy needs backward computation.
I0822 21:19:01.063163  7819 net.cpp:164] This network produces output accuracy
I0822 21:19:01.063180  7819 net.cpp:182] Collecting Learning Rate and Weight Decay.
I0822 21:19:01.063189  7819 net.cpp:175] Network initialization done.
I0822 21:19:01.063194  7819 net.cpp:176] Memory required for Data 25165832
I0822 21:19:01.063230  7819 solver.cpp:50] Solver scaffolding done.
I0822 21:19:01.063235  7819 finetune_net.cpp:27] Loading from ../alexnet/caffe_alexnet_model
I0822 21:19:01.637754  7819 net.cpp:366] Copying source layer data
I0822 21:19:01.637781  7819 net.cpp:366] Copying source layer conv1
I0822 21:19:01.637843  7819 net.cpp:366] Copying source layer relu1
I0822 21:19:01.637850  7819 net.cpp:366] Copying source layer norm1
I0822 21:19:01.637853  7819 net.cpp:366] Copying source layer pool1
I0822 21:19:01.637857  7819 net.cpp:366] Copying source layer conv2
I0822 21:19:01.638335  7819 net.cpp:366] Copying source layer relu2
I0822 21:19:01.638345  7819 net.cpp:366] Copying source layer norm2
I0822 21:19:01.638350  7819 net.cpp:366] Copying source layer pool2
I0822 21:19:01.638353  7819 net.cpp:366] Copying source layer conv3
I0822 21:19:01.639672  7819 net.cpp:366] Copying source layer relu3
I0822 21:19:01.639683  7819 net.cpp:366] Copying source layer conv4
I0822 21:19:01.640662  7819 net.cpp:366] Copying source layer relu4
I0822 21:19:01.640672  7819 net.cpp:366] Copying source layer conv5
I0822 21:19:01.641352  7819 net.cpp:366] Copying source layer relu5
I0822 21:19:01.641362  7819 net.cpp:366] Copying source layer pool5
I0822 21:19:01.641366  7819 net.cpp:366] Copying source layer fc6
I0822 21:19:01.745162  7819 net.cpp:366] Copying source layer relu6
I0822 21:19:01.745198  7819 net.cpp:366] Copying source layer drop6
I0822 21:19:01.745203  7819 net.cpp:366] Copying source layer fc7
I0822 21:19:01.791194  7819 net.cpp:366] Copying source layer relu7
I0822 21:19:01.791224  7819 net.cpp:366] Copying source layer drop7
I0822 21:19:01.791229  7819 net.cpp:363] Ignoring source layer fc8
I0822 21:19:01.791234  7819 net.cpp:366] Copying source layer loss
I0822 21:19:01.803273  7819 solver.cpp:62] Solving ground_sheetFineNet
I0822 21:19:01.803295  7819 solver.cpp:136] Iteration 0, Testing net

per class accuracy layer
output probs:
min class case 0: 0.576996, 0.423004, 
case 1: 0.360922, 0.639078, 
case 2: 0.729681, 0.270319, 
min class case 3: 0.688937, 0.311063, 
min class case 4: 0.43734, 0.56266, 
case 5: 0.667884, 0.332116, 
I0822 21:19:01.883121  7819 solver.cpp:172] Test score #0: 0.5
I0822 21:19:01.883138  7819 solver.cpp:172] Test score #1: 0.767954
prob_ dimensions:
num: 6
channels: 2
height: 1
width: 1
count: 12

bottom[0] dimensions:
num: 6
channels: 2
height: 1
width: 1
count: 12

SBL layer
output probs:
min class case 0: 
prob_data: 0.697854, 0.302146,    bottom_data: 1.04247, 0.205375, 
case 1: 
prob_data: 0.582486, 0.417514,    bottom_data: -0.135158, -0.468145, 
case 2: 
prob_data: 0.384156, 0.615844,    bottom_data: -0.0204174, 0.451529, 
min class case 3: 
prob_data: 0.922882, 0.0771178,    bottom_data: 1.06537, -1.4168, 
min class case 4: 
prob_data: 0.656118, 0.343882,    bottom_data: -0.365261, -1.0113, 
case 5: 
prob_data: 0.366819, 0.633181,    bottom_data: 0.997462, 1.54335, 
SBL loss: 0.446102
SL loss: 0.446102
loss after net.hpp:Forward(): 0.446102
SL bottom_diff:
min class case bottom_diff[0*2+0]: -0.151073,  bottom_diff[0*2+1]: 0.151073,  
bottom_diff[1*2+0]: 0.291243,  bottom_diff[1*2+1]: -0.291243,  
bottom_diff[2*2+0]: 0.192078,  bottom_diff[2*2+1]: -0.192078,  
min class case bottom_diff[3*2+0]: -0.0385589,  bottom_diff[3*2+1]: 0.0385589,  
min class case bottom_diff[4*2+0]: -0.171941,  bottom_diff[4*2+1]: 0.171941,  
bottom_diff[5*2+0]: 0.18341,  bottom_diff[5*2+1]: -0.18341,  

SBL bottom_diff:
min class case bottom_diff[0*2+0]: -0.0755365,  bottom_diff[0*2+1]: 0.0755365,  
bottom_diff[1*2+0]: 0.145621,  bottom_diff[1*2+1]: -0.145621,  
bottom_diff[2*2+0]: 0.0960389,  bottom_diff[2*2+1]: -0.0960389,  
min class case bottom_diff[3*2+0]: -0.0192795,  bottom_diff[3*2+1]: 0.0192795,  
min class case bottom_diff[4*2+0]: -0.0859704,  bottom_diff[4*2+1]: 0.0859704,  
bottom_diff[5*2+0]: 0.0917049,  bottom_diff[5*2+1]: -0.0917049,  

loss after net.hpp:Backward(): 0.446102
I0822 21:19:01.910547  7819 solver.cpp:269] Iteration 1, lr = 0.0001
perform computation on GPU

current params: 
softmax 0: 
-0.0158634, -0.0130519, -0.00776223, 0.00813433, -0.00343508, 0.00670492, -0.00153286, 0.0226336, 0.00120723, -0.00354286, -0.00362566, -0.0117037, -0.00330436, -0.00584086, -0.00141399, 0.00970868, 0.0203995, 0.00401132, 0.00190215, -0.00184649, 
softmax 1: 
0.00529425, -0.00950047, 0.0117578, -0.0187173, -0.00819129, 0.000276131, 0.00814797, -0.00195293, -0.00524154, 0.00388137, -0.0128417, -0.0008902, -0.0208505, 0.0131604, -0.00395053, 0.00459015, -0.00401065, 0.00300972, -0.0150239, -0.00474784, 

diff: 
softmax 0: 
-5.36802e-05, -6.52594e-10, -3.88111e-10, -0.000101253, -0.000573104, -0.000116668, -7.66431e-11, 1.13168e-09, 1.09415e-05, -1.77143e-10, -1.81283e-10, -5.85183e-10, -1.65218e-10, -2.92043e-10, -7.06994e-11, 3.89511e-05, 1.01997e-09, 2.00566e-10, 9.51075e-11, -9.23245e-11, 
softmax 1: 
5.36797e-05, -4.75024e-10, 5.87888e-10, 0.000101252, 0.000573102, 0.000116668, 4.07399e-10, -9.76465e-11, -1.09418e-05, 1.94069e-10, -6.42087e-10, -4.451e-11, -1.04253e-09, 6.58021e-10, -1.97527e-10, -3.89503e-05, -2.00533e-10, 1.50486e-10, -7.51194e-10, -2.37392e-10, 

new params: 
softmax 0: 
-0.0158097, -0.0130519, -0.00776223, 0.00823558, -0.00286197, 0.00682159, -0.00153286, 0.0226336, 0.00119629, -0.00354286, -0.00362566, -0.0117037, -0.00330436, -0.00584086, -0.00141399, 0.00966973, 0.0203995, 0.00401132, 0.00190215, -0.00184649, 
softmax 1: 
0.00524057, -0.00950047, 0.0117578, -0.0188186, -0.0087644, 0.000159462, 0.00814797, -0.00195293, -0.0052306, 0.00388137, -0.0128417, -0.0008902, -0.0208505, 0.0131604, -0.00395053, 0.0046291, -0.00401065, 0.00300971, -0.0150239, -0.00474784, 

I0822 21:19:02.159992  7819 solver.cpp:117] Iteration 1, loss = 0.446102
I0822 21:19:02.160007  7819 solver.cpp:136] Iteration 1, Testing net

per class accuracy layer
output probs:
min class case 0: 0.595014, 0.404986, 
case 1: 0.178025, 0.821975, 
case 2: 0.347623, 0.652377, 
min class case 3: 0.647941, 0.352059, 
min class case 4: 0.558814, 0.441186, 
case 5: 0.527055, 0.472945, 
I0822 21:19:02.175926  7819 solver.cpp:172] Test score #0: 0.833333
I0822 21:19:02.175936  7819 solver.cpp:172] Test score #1: 0.484503
prob_ dimensions:
num: 6
channels: 2
height: 1
width: 1
count: 12

bottom[0] dimensions:
num: 6
channels: 2
height: 1
width: 1
count: 12

SBL layer
output probs:
min class case 0: 
prob_data: 0.529553, 0.470447,    bottom_data: 0.485642, 0.367291, 
case 1: 
prob_data: 0.150593, 0.849407,    bottom_data: -0.768413, 0.961542, 
case 2: 
prob_data: 0.191592, 0.808408,    bottom_data: -1.2415, 0.198194, 
min class case 3: 
prob_data: 0.800425, 0.199575,    bottom_data: 0.484474, -0.904481, 
min class case 4: 
prob_data: 0.587835, 0.412165,    bottom_data: 1.13451, 0.779489, 
case 5: 
prob_data: 0.287755, 0.712245,    bottom_data: 0.0418058, 0.94812, 
SBL loss: 0.116938
SL loss: 0.350814
loss after net.hpp:Forward(): 0.116938
SL bottom_diff:
min class case bottom_diff[0*2+0]: -0.235223,  bottom_diff[0*2+1]: 0.235223,  
bottom_diff[1*2+0]: 0.0752966,  bottom_diff[1*2+1]: -0.0752966,  
bottom_diff[2*2+0]: 0.0957961,  bottom_diff[2*2+1]: -0.095796,  
min class case bottom_diff[3*2+0]: -0.0997873,  bottom_diff[3*2+1]: 0.0997873,  
min class case bottom_diff[4*2+0]: -0.206083,  bottom_diff[4*2+1]: 0.206083,  
bottom_diff[5*2+0]: 0.143877,  bottom_diff[5*2+1]: -0.143877,  

SBL bottom_diff:
min class case bottom_diff[0*2+0]: -0.0588058,  bottom_diff[0*2+1]: 0.0588058,  
bottom_diff[1*2+0]: 0.0188242,  bottom_diff[1*2+1]: -0.0188242,  
bottom_diff[2*2+0]: 0.023949,  bottom_diff[2*2+1]: -0.023949,  
min class case bottom_diff[3*2+0]: -0.0249468,  bottom_diff[3*2+1]: 0.0249468,  
min class case bottom_diff[4*2+0]: -0.0515207,  bottom_diff[4*2+1]: 0.0515207,  
bottom_diff[5*2+0]: 0.0359693,  bottom_diff[5*2+1]: -0.0359693,  

loss after net.hpp:Backward(): 0.116938
I0822 21:19:02.191992  7819 solver.cpp:269] Iteration 2, lr = 0.0001
perform computation on GPU

current params: 
softmax 0: 
-0.0158097, -0.0130519, -0.00776223, 0.00823558, -0.00286197, 0.00682159, -0.00153286, 0.0226336, 0.00119629, -0.00354286, -0.00362566, -0.0117037, -0.00330436, -0.00584086, -0.00141399, 0.00966973, 0.0203995, 0.00401132, 0.00190215, -0.00184649, 
softmax 1: 
0.00524057, -0.00950047, 0.0117578, -0.0188186, -0.0087644, 0.000159462, 0.00814797, -0.00195293, -0.0052306, 0.00388137, -0.0128417, -0.0008902, -0.0208505, 0.0131604, -0.00395053, 0.0046291, -0.00401065, 0.00300971, -0.0150239, -0.00474784, 

diff: 
softmax 0: 
0.000105329, -6.55957e-10, -3.90112e-10, -5.21422e-07, -2.95379e-06, -6.00939e-07, -7.70381e-11, 1.13751e-09, -7.86902e-05, -1.78056e-10, -1.82217e-10, -5.88198e-10, -1.66069e-10, -2.93548e-10, -7.10637e-11, 2.01228e-07, 1.02523e-09, 2.01599e-10, 9.55977e-11, -9.28003e-11, 
softmax 1: 
-0.00010533, -4.77472e-10, 5.90917e-10, 5.2089e-07, 2.9532e-06, 6.0129e-07, 4.09498e-10, -9.81497e-11, 7.869e-05, 1.95069e-10, -6.45396e-10, -4.47394e-11, -1.0479e-09, 6.61412e-10, -1.98545e-10, -2.0051e-07, -2.01566e-10, 1.51261e-10, -7.55065e-10, -2.38615e-10, 

new params: 
softmax 0: 
-0.015915, -0.0130519, -0.00776223, 0.0082361, -0.00285902, 0.00682219, -0.00153286, 0.0226336, 0.00127498, -0.00354286, -0.00362566, -0.0117037, -0.00330436, -0.00584086, -0.00141399, 0.00966953, 0.0203995, 0.00401132, 0.00190215, -0.00184649, 
softmax 1: 
0.0053459, -0.00950047, 0.0117577, -0.0188191, -0.00876735, 0.000158861, 0.00814797, -0.00195293, -0.00530929, 0.00388137, -0.0128417, -0.0008902, -0.0208505, 0.0131604, -0.00395053, 0.0046293, -0.00401065, 0.00300971, -0.0150239, -0.00474784, 

I0822 21:19:02.420869  7819 solver.cpp:117] Iteration 2, loss = 0.116938
I0822 21:19:02.420881  7819 solver.cpp:136] Iteration 2, Testing net

per class accuracy layer
output probs:
min class case 0: 0.72868, 0.27132, 
case 1: 0.171591, 0.828409, 
case 2: 0.336164, 0.663836, 
min class case 3: 0.723003, 0.276997, 
min class case 4: 0.753945, 0.246055, 
case 5: 0.506936, 0.493064, 
I0822 21:19:02.435734  7819 solver.cpp:172] Test score #0: 0.833333
I0822 21:19:02.435744  7819 solver.cpp:172] Test score #1: 0.371397
prob_ dimensions:
num: 6
channels: 2
height: 1
width: 1
count: 12

bottom[0] dimensions:
num: 6
channels: 2
height: 1
width: 1
count: 12

SBL layer
output probs:
min class case 0: 
prob_data: 0.278051, 0.721949,    bottom_data: 0.0581119, 1.01226, 
case 1: 
prob_data: 0.607587, 0.392413,    bottom_data: -1.17605, -1.61323, 
case 2: 
prob_data: 0.0528375, 0.947163,    bottom_data: -1.59241, 1.29384, 
min class case 3: 
prob_data: 0.948643, 0.0513575,    bottom_data: 1.19954, -1.71668, 
min class case 4: 
prob_data: 0.947111, 0.0528891,    bottom_data: 1.23814, -1.64707, 
case 5: 
prob_data: 0.502471, 0.497529,    bottom_data: -0.495538, -0.505423, 
SBL loss: 0.102495
SL loss: 0.512473
loss after net.hpp:Forward(): 0.102495
SL bottom_diff:
min class case bottom_diff[0*2+0]: -0.360974,  bottom_diff[0*2+1]: 0.360974,  
bottom_diff[1*2+0]: 0.303793,  bottom_diff[1*2+1]: -0.303793,  
bottom_diff[2*2+0]: 0.0264188,  bottom_diff[2*2+1]: -0.0264187,  
min class case bottom_diff[3*2+0]: -0.0256787,  bottom_diff[3*2+1]: 0.0256787,  
min class case bottom_diff[4*2+0]: -0.0264445,  bottom_diff[4*2+1]: 0.0264445,  
bottom_diff[5*2+0]: 0.251236,  bottom_diff[5*2+1]: -0.251236,  

SBL bottom_diff:
min class case bottom_diff[0*2+0]: -0.0601624,  bottom_diff[0*2+1]: 0.0601624,  
bottom_diff[1*2+0]: 0.0506322,  bottom_diff[1*2+1]: -0.0506322,  
bottom_diff[2*2+0]: 0.00440313,  bottom_diff[2*2+1]: -0.00440312,  
min class case bottom_diff[3*2+0]: -0.00427979,  bottom_diff[3*2+1]: 0.00427979,  
min class case bottom_diff[4*2+0]: -0.00440742,  bottom_diff[4*2+1]: 0.00440742,  
bottom_diff[5*2+0]: 0.0418726,  bottom_diff[5*2+1]: -0.0418726,  

loss after net.hpp:Backward(): 0.102495
I0822 21:19:02.450392  7819 solver.cpp:269] Iteration 3, lr = 0.0001
perform computation on GPU

current params: 
softmax 0: 
-0.015915, -0.0130519, -0.00776223, 0.0082361, -0.00285902, 0.00682219, -0.00153286, 0.0226336, 0.00127498, -0.00354286, -0.00362566, -0.0117037, -0.00330436, -0.00584086, -0.00141399, 0.00966953, 0.0203995, 0.00401132, 0.00190215, -0.00184649, 
softmax 1: 
0.0053459, -0.00950047, 0.0117577, -0.0188191, -0.00876735, 0.000158861, 0.00814797, -0.00195293, -0.00530929, 0.00388137, -0.0128417, -0.0008902, -0.0208505, 0.0131604, -0.00395053, 0.0046293, -0.00401065, 0.00300971, -0.0150239, -0.00474784, 

diff: 
softmax 0: 
0.00034687, -1.0214e-05, 0.000212288, 1.30356e-05, -0.000231651, -2.75599e-09, 1.49752e-05, 1.13754e-09, -4.05487e-07, -1.78061e-10, -1.82222e-10, -5.88214e-10, 0.000243663, -1.86371e-05, 2.30699e-05, 8.54564e-06, 1.02526e-09, 2.01605e-10, 9.56002e-11, -9.28027e-11, 
softmax 1: 
-0.000346871, 1.02128e-05, -0.000212288, -1.30362e-05, 0.00023165, 3.10686e-09, -1.49749e-05, -9.81523e-11, 4.05285e-07, 1.95074e-10, -6.45413e-10, -4.47406e-11, -0.000243664, 1.86375e-05, -2.30702e-05, -8.54491e-06, -2.01571e-10, 1.51265e-10, -7.55085e-10, -2.38622e-10, 

new params: 
softmax 0: 
-0.0162619, -0.0130417, -0.00797452, 0.00822306, -0.00262737, 0.00682219, -0.00154784, 0.0226336, 0.00127538, -0.00354286, -0.00362566, -0.0117036, -0.00354802, -0.00582222, -0.00143706, 0.00966098, 0.0203995, 0.00401132, 0.00190215, -0.00184649, 
softmax 1: 
0.00569277, -0.00951068, 0.01197, -0.0188061, -0.008999, 0.000158858, 0.00816295, -0.00195293, -0.00530969, 0.00388137, -0.0128417, -0.0008902, -0.0206068, 0.0131418, -0.00392746, 0.00463784, -0.00401065, 0.00300971, -0.0150239, -0.00474784, 

I0822 21:19:02.677731  7819 solver.cpp:117] Iteration 3, loss = 0.102495
I0822 21:19:02.677742  7819 solver.cpp:136] Iteration 3, Testing net

per class accuracy layer
output probs:
min class case 0: 0.819044, 0.180956, 
case 1: 0.116591, 0.883409, 
case 2: 0.319472, 0.680528, 
min class case 3: 0.699821, 0.300179, 
min class case 4: 0.781596, 0.218404, 
case 5: 0.398536, 0.601464, 
I0822 21:19:02.692451  7819 solver.cpp:172] Test score #0: 1
I0822 21:19:02.692461  7819 solver.cpp:172] Test score #1: 0.303368
prob_ dimensions:
num: 6
channels: 2
height: 1
width: 1
count: 12

bottom[0] dimensions:
num: 6
channels: 2
height: 1
width: 1
count: 12

SBL layer
output probs:
min class case 0: 
prob_data: 0.438316, 0.561684,    bottom_data: 0.32162, 0.569618, 
case 1: 
prob_data: 0.085217, 0.914783,    bottom_data: -1.82322, 0.550262, 
case 2: 
prob_data: 0.248244, 0.751756,    bottom_data: -0.895915, 0.212086, 
min class case 3: 
prob_data: 0.404039, 0.595961,    bottom_data: -1.23241, -0.843746, 
min class case 4: 
prob_data: 0.420528, 0.579472,    bottom_data: -0.223682, 0.0969235, 
case 5: 
prob_data: 0.529639, 0.470361,    bottom_data: 1.22503, 1.10634, 
SBL loss: 0.0887135
SL loss: 0.620995
loss after net.hpp:Forward(): 0.0887135
SL bottom_diff:
min class case bottom_diff[0*2+0]: -0.280842,  bottom_diff[0*2+1]: 0.280842,  
bottom_diff[1*2+0]: 0.0426085,  bottom_diff[1*2+1]: -0.0426085,  
bottom_diff[2*2+0]: 0.124122,  bottom_diff[2*2+1]: -0.124122,  
min class case bottom_diff[3*2+0]: -0.297981,  bottom_diff[3*2+1]: 0.297981,  
min class case bottom_diff[4*2+0]: -0.289736,  bottom_diff[4*2+1]: 0.289736,  
bottom_diff[5*2+0]: 0.264819,  bottom_diff[5*2+1]: -0.26482,  

SBL bottom_diff:
min class case bottom_diff[0*2+0]: -0.0351052,  bottom_diff[0*2+1]: 0.0351052,  
bottom_diff[1*2+0]: 0.00532606,  bottom_diff[1*2+1]: -0.00532606,  
bottom_diff[2*2+0]: 0.0155152,  bottom_diff[2*2+1]: -0.0155152,  
min class case bottom_diff[3*2+0]: -0.0372476,  bottom_diff[3*2+1]: 0.0372476,  
min class case bottom_diff[4*2+0]: -0.036217,  bottom_diff[4*2+1]: 0.036217,  
bottom_diff[5*2+0]: 0.0331024,  bottom_diff[5*2+1]: -0.0331024,  

loss after net.hpp:Backward(): 0.0887135
I0822 21:19:02.707326  7819 solver.cpp:269] Iteration 4, lr = 0.0001
perform computation on GPU

current params: 
softmax 0: 
-0.0162619, -0.0130417, -0.00797452, 0.00822306, -0.00262737, 0.00682219, -0.00154784, 0.0226336, 0.00127538, -0.00354286, -0.00362566, -0.0117036, -0.00354802, -0.00582222, -0.00143706, 0.00966098, 0.0203995, 0.00401132, 0.00190215, -0.00184649, 
softmax 1: 
0.00569277, -0.00951068, 0.01197, -0.0188061, -0.008999, 0.000158858, 0.00816295, -0.00195293, -0.00530969, 0.00388137, -0.0128417, -0.0008902, -0.0206068, 0.0131418, -0.00392746, 0.00463784, -0.00401065, 0.00300971, -0.0150239, -0.00474784, 

diff: 
softmax 0: 
-7.35499e-05, -5.32925e-08, 1.09368e-06, 6.75938e-08, -1.19401e-06, 3.26906e-10, 7.71015e-08, 1.13754e-09, 5.44612e-05, -1.78061e-10, -1.82222e-10, -5.88214e-10, 1.2628e-05, -9.63427e-08, 1.18825e-07, 4.45253e-08, 3.02504e-06, 2.01605e-10, 9.56002e-11, -9.28028e-11, 
softmax 1: 
7.35494e-05, 5.21591e-08, -1.09348e-06, -6.81256e-08, 1.19342e-06, 2.39549e-11, -7.67691e-08, -9.81523e-11, -5.44614e-05, 1.95074e-10, -6.45413e-10, -4.47406e-11, -1.26292e-05, 9.67106e-08, -1.19095e-07, -4.38066e-08, -3.02422e-06, 1.51265e-10, -7.55085e-10, -2.38622e-10, 

new params: 
softmax 0: 
-0.0161883, -0.0130416, -0.00797561, 0.008223, -0.00262617, 0.00682219, -0.00154791, 0.0226336, 0.00122092, -0.00354286, -0.00362566, -0.0117036, -0.00356065, -0.00582212, -0.00143718, 0.00966094, 0.0203965, 0.00401132, 0.00190215, -0.00184649, 
softmax 1: 
0.00561922, -0.00951073, 0.0119711, -0.018806, -0.00900019, 0.000158858, 0.00816302, -0.00195293, -0.00525523, 0.00388137, -0.0128417, -0.0008902, -0.0205942, 0.0131417, -0.00392734, 0.00463789, -0.00400763, 0.00300971, -0.0150239, -0.00474784, 

I0822 21:19:02.934778  7819 solver.cpp:117] Iteration 4, loss = 0.0887135
I0822 21:19:02.934797  7819 solver.cpp:136] Iteration 4, Testing net

per class accuracy layer
output probs:
min class case 0: 0.860659, 0.139341, 
case 1: 0.126701, 0.873299, 
case 2: 0.311782, 0.688218, 
min class case 3: 0.783434, 0.216566, 
min class case 4: 0.866353, 0.133647, 
case 5: 0.399639, 0.600361, 
I0822 21:19:02.949360  7819 solver.cpp:172] Test score #0: 1
I0822 21:19:02.949370  7819 solver.cpp:172] Test score #1: 0.259489
prob_ dimensions:
num: 6
channels: 2
height: 1
width: 1
count: 12

bottom[0] dimensions:
num: 6
channels: 2
height: 1
width: 1
count: 12

SBL layer
output probs:
min class case 0: 
prob_data: 0.834676, 0.165324,    bottom_data: 0.609832, -1.0093, 
case 1: 
prob_data: 0.381253, 0.618747,    bottom_data: 0.247595, 0.731827, 
case 2: 
prob_data: 0.586498, 0.413502,    bottom_data: -0.99617, -1.34568, 
min class case 3: 
prob_data: 0.700267, 0.299733,    bottom_data: 0.818864, -0.0297072, 
min class case 4: 
prob_data: 0.673158, 0.326842,    bottom_data: 0.460701, -0.261802, 
case 5: 
prob_data: 0.788502, 0.211498,    bottom_data: 0.723397, -0.592521, 
SBL loss: 0.0712865
SL loss: 0.641579
loss after net.hpp:Forward(): 0.0712865
SL bottom_diff:
min class case bottom_diff[0*2+0]: -0.0826621,  bottom_diff[0*2+1]: 0.0826621,  
bottom_diff[1*2+0]: 0.190627,  bottom_diff[1*2+1]: -0.190627,  
bottom_diff[2*2+0]: 0.293249,  bottom_diff[2*2+1]: -0.293249,  
min class case bottom_diff[3*2+0]: -0.149866,  bottom_diff[3*2+1]: 0.149866,  
min class case bottom_diff[4*2+0]: -0.163421,  bottom_diff[4*2+1]: 0.163421,  
bottom_diff[5*2+0]: 0.394251,  bottom_diff[5*2+1]: -0.394251,  

SBL bottom_diff:
min class case bottom_diff[0*2+0]: -0.00826621,  bottom_diff[0*2+1]: 0.00826621,  
bottom_diff[1*2+0]: 0.0190627,  bottom_diff[1*2+1]: -0.0190627,  
bottom_diff[2*2+0]: 0.0293249,  bottom_diff[2*2+1]: -0.0293249,  
min class case bottom_diff[3*2+0]: -0.0149866,  bottom_diff[3*2+1]: 0.0149866,  
min class case bottom_diff[4*2+0]: -0.0163421,  bottom_diff[4*2+1]: 0.0163421,  
bottom_diff[5*2+0]: 0.0394251,  bottom_diff[5*2+1]: -0.0394251,  

loss after net.hpp:Backward(): 0.0712865
I0822 21:19:02.964236  7819 solver.cpp:269] Iteration 5, lr = 0.0001
perform computation on GPU

current params: 
softmax 0: 
-0.0161883, -0.0130416, -0.00797561, 0.008223, -0.00262617, 0.00682219, -0.00154791, 0.0226336, 0.00122092, -0.00354286, -0.00362566, -0.0117036, -0.00356065, -0.00582212, -0.00143718, 0.00966094, 0.0203965, 0.00401132, 0.00190215, -0.00184649, 
softmax 1: 
0.00561922, -0.00951073, 0.0119711, -0.018806, -0.00900019, 0.000158858, 0.00816302, -0.00195293, -0.00525523, 0.00388137, -0.0128417, -0.0008902, -0.0205942, 0.0131417, -0.00392734, 0.00463789, -0.00400763, 0.00300971, -0.0150239, -0.00474784, 

diff: 
softmax 0: 
