I0830 06:42:50.570261 15968 finetune_net.cpp:25] Starting Optimization
I0830 06:42:50.570346 15968 solver.cpp:42] Creating training net.
I0830 06:42:50.570886 15968 net.cpp:76] Creating Layer data
I0830 06:42:50.570899 15968 net.cpp:112] data -> data
I0830 06:42:50.570909 15968 net.cpp:112] data -> label
I0830 06:42:50.570937 15968 data_layer.cpp:145] Opening leveldb ground_sheet_fine_train_leveldb
I0830 06:42:58.494190 15968 data_layer.cpp:185] output data size: 128,3,227,227
I0830 06:42:58.494210 15968 data_layer.cpp:204] Loading mean file from../../data/ground_sheet/ground_sheet_fine_mean.binaryproto
I0830 06:42:58.664432 15968 net.cpp:127] Top shape: 128 3 227 227 (19787136)
I0830 06:42:58.664463 15968 net.cpp:127] Top shape: 128 1 1 1 (128)
I0830 06:42:58.664469 15968 net.cpp:158] data does not need backward computation.
I0830 06:42:58.664482 15968 net.cpp:76] Creating Layer conv1
I0830 06:42:58.664489 15968 net.cpp:86] conv1 <- data
I0830 06:42:58.664502 15968 net.cpp:112] conv1 -> conv1
I0830 06:42:58.665822 15968 net.cpp:127] Top shape: 128 96 55 55 (37171200)
I0830 06:42:58.665833 15968 net.cpp:158] conv1 does not need backward computation.
I0830 06:42:58.665840 15968 net.cpp:76] Creating Layer relu1
I0830 06:42:58.665844 15968 net.cpp:86] relu1 <- conv1
I0830 06:42:58.665849 15968 net.cpp:100] relu1 -> conv1 (in-place)
I0830 06:42:58.665856 15968 net.cpp:127] Top shape: 128 96 55 55 (37171200)
I0830 06:42:58.665860 15968 net.cpp:158] relu1 does not need backward computation.
I0830 06:42:58.665865 15968 net.cpp:76] Creating Layer pool1
I0830 06:42:58.665868 15968 net.cpp:86] pool1 <- conv1
I0830 06:42:58.665874 15968 net.cpp:112] pool1 -> pool1
I0830 06:42:58.665884 15968 net.cpp:127] Top shape: 128 96 27 27 (8957952)
I0830 06:42:58.665887 15968 net.cpp:158] pool1 does not need backward computation.
I0830 06:42:58.665894 15968 net.cpp:76] Creating Layer norm1
I0830 06:42:58.665897 15968 net.cpp:86] norm1 <- pool1
I0830 06:42:58.665902 15968 net.cpp:112] norm1 -> norm1
I0830 06:42:58.665910 15968 net.cpp:127] Top shape: 128 96 27 27 (8957952)
I0830 06:42:58.665915 15968 net.cpp:158] norm1 does not need backward computation.
I0830 06:42:58.665921 15968 net.cpp:76] Creating Layer conv2
I0830 06:42:58.665925 15968 net.cpp:86] conv2 <- norm1
I0830 06:42:58.665930 15968 net.cpp:112] conv2 -> conv2
I0830 06:42:58.676825 15968 net.cpp:127] Top shape: 128 256 27 27 (23887872)
I0830 06:42:58.676849 15968 net.cpp:158] conv2 does not need backward computation.
I0830 06:42:58.676857 15968 net.cpp:76] Creating Layer relu2
I0830 06:42:58.676862 15968 net.cpp:86] relu2 <- conv2
I0830 06:42:58.676869 15968 net.cpp:100] relu2 -> conv2 (in-place)
I0830 06:42:58.676874 15968 net.cpp:127] Top shape: 128 256 27 27 (23887872)
I0830 06:42:58.676878 15968 net.cpp:158] relu2 does not need backward computation.
I0830 06:42:58.676883 15968 net.cpp:76] Creating Layer pool2
I0830 06:42:58.676887 15968 net.cpp:86] pool2 <- conv2
I0830 06:42:58.676892 15968 net.cpp:112] pool2 -> pool2
I0830 06:42:58.676898 15968 net.cpp:127] Top shape: 128 256 13 13 (5537792)
I0830 06:42:58.676901 15968 net.cpp:158] pool2 does not need backward computation.
I0830 06:42:58.676909 15968 net.cpp:76] Creating Layer norm2
I0830 06:42:58.676913 15968 net.cpp:86] norm2 <- pool2
I0830 06:42:58.676918 15968 net.cpp:112] norm2 -> norm2
I0830 06:42:58.676923 15968 net.cpp:127] Top shape: 128 256 13 13 (5537792)
I0830 06:42:58.676928 15968 net.cpp:158] norm2 does not need backward computation.
I0830 06:42:58.676933 15968 net.cpp:76] Creating Layer conv3
I0830 06:42:58.676936 15968 net.cpp:86] conv3 <- norm2
I0830 06:42:58.676940 15968 net.cpp:112] conv3 -> conv3
I0830 06:42:58.708233 15968 net.cpp:127] Top shape: 128 384 13 13 (8306688)
I0830 06:42:58.708272 15968 net.cpp:158] conv3 does not need backward computation.
I0830 06:42:58.708283 15968 net.cpp:76] Creating Layer relu3
I0830 06:42:58.708289 15968 net.cpp:86] relu3 <- conv3
I0830 06:42:58.708297 15968 net.cpp:100] relu3 -> conv3 (in-place)
I0830 06:42:58.708303 15968 net.cpp:127] Top shape: 128 384 13 13 (8306688)
I0830 06:42:58.708307 15968 net.cpp:158] relu3 does not need backward computation.
I0830 06:42:58.708314 15968 net.cpp:76] Creating Layer conv4
I0830 06:42:58.708318 15968 net.cpp:86] conv4 <- conv3
I0830 06:42:58.708323 15968 net.cpp:112] conv4 -> conv4
I0830 06:42:58.731926 15968 net.cpp:127] Top shape: 128 384 13 13 (8306688)
I0830 06:42:58.731953 15968 net.cpp:158] conv4 does not need backward computation.
I0830 06:42:58.731962 15968 net.cpp:76] Creating Layer relu4
I0830 06:42:58.731967 15968 net.cpp:86] relu4 <- conv4
I0830 06:42:58.731973 15968 net.cpp:100] relu4 -> conv4 (in-place)
I0830 06:42:58.731978 15968 net.cpp:127] Top shape: 128 384 13 13 (8306688)
I0830 06:42:58.731982 15968 net.cpp:158] relu4 does not need backward computation.
I0830 06:42:58.731988 15968 net.cpp:76] Creating Layer conv5
I0830 06:42:58.731992 15968 net.cpp:86] conv5 <- conv4
I0830 06:42:58.731997 15968 net.cpp:112] conv5 -> conv5
I0830 06:42:58.747707 15968 net.cpp:127] Top shape: 128 256 13 13 (5537792)
I0830 06:42:58.747735 15968 net.cpp:158] conv5 does not need backward computation.
I0830 06:42:58.747743 15968 net.cpp:76] Creating Layer relu5
I0830 06:42:58.747750 15968 net.cpp:86] relu5 <- conv5
I0830 06:42:58.747756 15968 net.cpp:100] relu5 -> conv5 (in-place)
I0830 06:42:58.747761 15968 net.cpp:127] Top shape: 128 256 13 13 (5537792)
I0830 06:42:58.747764 15968 net.cpp:158] relu5 does not need backward computation.
I0830 06:42:58.747771 15968 net.cpp:76] Creating Layer pool5
I0830 06:42:58.747774 15968 net.cpp:86] pool5 <- conv5
I0830 06:42:58.747779 15968 net.cpp:112] pool5 -> pool5
I0830 06:42:58.747786 15968 net.cpp:127] Top shape: 128 256 6 6 (1179648)
I0830 06:42:58.747789 15968 net.cpp:158] pool5 does not need backward computation.
I0830 06:42:58.747798 15968 net.cpp:76] Creating Layer fc6
I0830 06:42:58.747802 15968 net.cpp:86] fc6 <- pool5
I0830 06:42:58.747807 15968 net.cpp:112] fc6 -> fc6
I0830 06:43:00.137552 15968 net.cpp:127] Top shape: 128 4096 1 1 (524288)
I0830 06:43:00.137581 15968 net.cpp:153] fc6 needs backward computation.
I0830 06:43:00.137591 15968 net.cpp:76] Creating Layer relu6
I0830 06:43:00.137598 15968 net.cpp:86] relu6 <- fc6
I0830 06:43:00.137603 15968 net.cpp:100] relu6 -> fc6 (in-place)
I0830 06:43:00.137609 15968 net.cpp:127] Top shape: 128 4096 1 1 (524288)
I0830 06:43:00.137612 15968 net.cpp:153] relu6 needs backward computation.
I0830 06:43:00.137619 15968 net.cpp:76] Creating Layer drop6
I0830 06:43:00.137622 15968 net.cpp:86] drop6 <- fc6
I0830 06:43:00.137626 15968 net.cpp:100] drop6 -> fc6 (in-place)
I0830 06:43:00.137637 15968 net.cpp:127] Top shape: 128 4096 1 1 (524288)
I0830 06:43:00.137641 15968 net.cpp:153] drop6 needs backward computation.
I0830 06:43:00.137646 15968 net.cpp:76] Creating Layer fc7
I0830 06:43:00.137650 15968 net.cpp:86] fc7 <- fc6
I0830 06:43:00.137655 15968 net.cpp:112] fc7 -> fc7
I0830 06:43:00.753805 15968 net.cpp:127] Top shape: 128 4096 1 1 (524288)
I0830 06:43:00.753834 15968 net.cpp:153] fc7 needs backward computation.
I0830 06:43:00.753844 15968 net.cpp:76] Creating Layer relu7
I0830 06:43:00.753849 15968 net.cpp:86] relu7 <- fc7
I0830 06:43:00.753856 15968 net.cpp:100] relu7 -> fc7 (in-place)
I0830 06:43:00.753861 15968 net.cpp:127] Top shape: 128 4096 1 1 (524288)
I0830 06:43:00.753865 15968 net.cpp:153] relu7 needs backward computation.
I0830 06:43:00.753870 15968 net.cpp:76] Creating Layer drop7
I0830 06:43:00.753875 15968 net.cpp:86] drop7 <- fc7
I0830 06:43:00.753878 15968 net.cpp:100] drop7 -> fc7 (in-place)
I0830 06:43:00.753883 15968 net.cpp:127] Top shape: 128 4096 1 1 (524288)
I0830 06:43:00.753887 15968 net.cpp:153] drop7 needs backward computation.
I0830 06:43:00.753893 15968 net.cpp:76] Creating Layer fc8_clamp
I0830 06:43:00.753896 15968 net.cpp:86] fc8_clamp <- fc7
I0830 06:43:00.753901 15968 net.cpp:112] fc8_clamp -> fc8_aero
I0830 06:43:00.754215 15968 net.cpp:127] Top shape: 128 2 1 1 (256)
I0830 06:43:00.754222 15968 net.cpp:153] fc8_clamp needs backward computation.
I0830 06:43:00.754230 15968 net.cpp:76] Creating Layer loss
I0830 06:43:00.754233 15968 net.cpp:86] loss <- fc8_aero
I0830 06:43:00.754237 15968 net.cpp:86] loss <- label
I0830 06:43:00.754251 15968 net.cpp:153] loss needs backward computation.
I0830 06:43:00.754276 15968 net.cpp:182] Collecting Learning Rate and Weight Decay.
I0830 06:43:00.754288 15968 net.cpp:175] Network initialization done.
I0830 06:43:00.754292 15968 net.cpp:176] Memory required for Data 536869888
I0830 06:43:00.754335 15968 solver.cpp:45] Creating testing net.
I0830 06:43:00.755007 15968 net.cpp:76] Creating Layer data
I0830 06:43:00.755019 15968 net.cpp:112] data -> data
I0830 06:43:00.755025 15968 net.cpp:112] data -> label
I0830 06:43:00.755033 15968 data_layer.cpp:145] Opening leveldb ground_sheet_fine_val_leveldb
Segmentation fault
Done.
