nohup: ignoring input
I0908 13:58:29.594195 25316 finetune_net.cpp:25] Starting Optimization
I0908 13:58:29.594282 25316 solver.cpp:42] Creating training net.
I0908 13:58:29.594779 25316 net.cpp:76] Creating Layer data
I0908 13:58:29.594789 25316 net.cpp:112] data -> data
I0908 13:58:29.594799 25316 net.cpp:112] data -> label
I0908 13:58:29.594841 25316 data_layer.cpp:145] Opening leveldb clampdetCI98_us_train_leveldb
I0908 13:58:29.642699 25316 data_layer.cpp:185] output data size: 128,3,227,227
I0908 13:58:29.642732 25316 data_layer.cpp:204] Loading mean file from../../data/clampdetCI98_us/clampdetCI98_us_mean.binaryproto
I0908 13:58:29.883584 25316 net.cpp:127] Top shape: 128 3 227 227 (19787136)
I0908 13:58:29.883615 25316 net.cpp:127] Top shape: 128 1 1 1 (128)
I0908 13:58:29.883622 25316 net.cpp:158] data does not need backward computation.
I0908 13:58:29.883635 25316 net.cpp:76] Creating Layer conv1
I0908 13:58:29.883641 25316 net.cpp:86] conv1 <- data
I0908 13:58:29.883654 25316 net.cpp:112] conv1 -> conv1
I0908 13:58:29.884954 25316 net.cpp:127] Top shape: 128 96 55 55 (37171200)
I0908 13:58:29.884966 25316 net.cpp:153] conv1 needs backward computation.
I0908 13:58:29.884973 25316 net.cpp:76] Creating Layer relu1
I0908 13:58:29.884977 25316 net.cpp:86] relu1 <- conv1
I0908 13:58:29.884981 25316 net.cpp:100] relu1 -> conv1 (in-place)
I0908 13:58:29.884989 25316 net.cpp:127] Top shape: 128 96 55 55 (37171200)
I0908 13:58:29.884992 25316 net.cpp:153] relu1 needs backward computation.
I0908 13:58:29.884997 25316 net.cpp:76] Creating Layer pool1
I0908 13:58:29.885001 25316 net.cpp:86] pool1 <- conv1
I0908 13:58:29.885005 25316 net.cpp:112] pool1 -> pool1
I0908 13:58:29.885015 25316 net.cpp:127] Top shape: 128 96 27 27 (8957952)
I0908 13:58:29.885020 25316 net.cpp:153] pool1 needs backward computation.
I0908 13:58:29.885026 25316 net.cpp:76] Creating Layer norm1
I0908 13:58:29.885030 25316 net.cpp:86] norm1 <- pool1
I0908 13:58:29.885035 25316 net.cpp:112] norm1 -> norm1
I0908 13:58:29.885042 25316 net.cpp:127] Top shape: 128 96 27 27 (8957952)
I0908 13:58:29.885046 25316 net.cpp:153] norm1 needs backward computation.
I0908 13:58:29.885051 25316 net.cpp:76] Creating Layer conv2
I0908 13:58:29.885056 25316 net.cpp:86] conv2 <- norm1
I0908 13:58:29.885066 25316 net.cpp:112] conv2 -> conv2
I0908 13:58:29.896070 25316 net.cpp:127] Top shape: 128 256 27 27 (23887872)
I0908 13:58:29.896096 25316 net.cpp:153] conv2 needs backward computation.
I0908 13:58:29.896103 25316 net.cpp:76] Creating Layer relu2
I0908 13:58:29.896108 25316 net.cpp:86] relu2 <- conv2
I0908 13:58:29.896114 25316 net.cpp:100] relu2 -> conv2 (in-place)
I0908 13:58:29.896119 25316 net.cpp:127] Top shape: 128 256 27 27 (23887872)
I0908 13:58:29.896123 25316 net.cpp:153] relu2 needs backward computation.
I0908 13:58:29.896128 25316 net.cpp:76] Creating Layer pool2
I0908 13:58:29.896132 25316 net.cpp:86] pool2 <- conv2
I0908 13:58:29.896136 25316 net.cpp:112] pool2 -> pool2
I0908 13:58:29.896142 25316 net.cpp:127] Top shape: 128 256 13 13 (5537792)
I0908 13:58:29.896147 25316 net.cpp:153] pool2 needs backward computation.
I0908 13:58:29.896154 25316 net.cpp:76] Creating Layer norm2
I0908 13:58:29.896157 25316 net.cpp:86] norm2 <- pool2
I0908 13:58:29.896162 25316 net.cpp:112] norm2 -> norm2
I0908 13:58:29.896167 25316 net.cpp:127] Top shape: 128 256 13 13 (5537792)
I0908 13:58:29.896172 25316 net.cpp:153] norm2 needs backward computation.
I0908 13:58:29.896178 25316 net.cpp:76] Creating Layer conv3
I0908 13:58:29.896181 25316 net.cpp:86] conv3 <- norm2
I0908 13:58:29.896185 25316 net.cpp:112] conv3 -> conv3
I0908 13:58:29.928179 25316 net.cpp:127] Top shape: 128 384 13 13 (8306688)
I0908 13:58:29.928205 25316 net.cpp:153] conv3 needs backward computation.
I0908 13:58:29.928212 25316 net.cpp:76] Creating Layer relu3
I0908 13:58:29.928217 25316 net.cpp:86] relu3 <- conv3
I0908 13:58:29.928223 25316 net.cpp:100] relu3 -> conv3 (in-place)
I0908 13:58:29.928230 25316 net.cpp:127] Top shape: 128 384 13 13 (8306688)
I0908 13:58:29.928232 25316 net.cpp:153] relu3 needs backward computation.
I0908 13:58:29.928238 25316 net.cpp:76] Creating Layer conv4
I0908 13:58:29.928242 25316 net.cpp:86] conv4 <- conv3
I0908 13:58:29.928246 25316 net.cpp:112] conv4 -> conv4
I0908 13:58:29.952260 25316 net.cpp:127] Top shape: 128 384 13 13 (8306688)
I0908 13:58:29.952286 25316 net.cpp:153] conv4 needs backward computation.
I0908 13:58:29.952293 25316 net.cpp:76] Creating Layer relu4
I0908 13:58:29.952298 25316 net.cpp:86] relu4 <- conv4
I0908 13:58:29.952304 25316 net.cpp:100] relu4 -> conv4 (in-place)
I0908 13:58:29.952309 25316 net.cpp:127] Top shape: 128 384 13 13 (8306688)
I0908 13:58:29.952313 25316 net.cpp:153] relu4 needs backward computation.
I0908 13:58:29.952319 25316 net.cpp:76] Creating Layer conv5
I0908 13:58:29.952322 25316 net.cpp:86] conv5 <- conv4
I0908 13:58:29.952327 25316 net.cpp:112] conv5 -> conv5
I0908 13:58:29.968376 25316 net.cpp:127] Top shape: 128 256 13 13 (5537792)
I0908 13:58:29.968402 25316 net.cpp:153] conv5 needs backward computation.
I0908 13:58:29.968410 25316 net.cpp:76] Creating Layer relu5
I0908 13:58:29.968416 25316 net.cpp:86] relu5 <- conv5
I0908 13:58:29.968422 25316 net.cpp:100] relu5 -> conv5 (in-place)
I0908 13:58:29.968427 25316 net.cpp:127] Top shape: 128 256 13 13 (5537792)
I0908 13:58:29.968431 25316 net.cpp:153] relu5 needs backward computation.
I0908 13:58:29.968436 25316 net.cpp:76] Creating Layer pool5
I0908 13:58:29.968441 25316 net.cpp:86] pool5 <- conv5
I0908 13:58:29.968444 25316 net.cpp:112] pool5 -> pool5
I0908 13:58:29.968451 25316 net.cpp:127] Top shape: 128 256 6 6 (1179648)
I0908 13:58:29.968454 25316 net.cpp:153] pool5 needs backward computation.
I0908 13:58:29.968463 25316 net.cpp:76] Creating Layer fc6
I0908 13:58:29.968467 25316 net.cpp:86] fc6 <- pool5
I0908 13:58:29.968472 25316 net.cpp:112] fc6 -> fc6
I0908 13:58:31.323829 25316 net.cpp:127] Top shape: 128 4096 1 1 (524288)
I0908 13:58:31.323859 25316 net.cpp:153] fc6 needs backward computation.
I0908 13:58:31.323868 25316 net.cpp:76] Creating Layer relu6
I0908 13:58:31.323873 25316 net.cpp:86] relu6 <- fc6
I0908 13:58:31.323879 25316 net.cpp:100] relu6 -> fc6 (in-place)
I0908 13:58:31.323884 25316 net.cpp:127] Top shape: 128 4096 1 1 (524288)
I0908 13:58:31.323889 25316 net.cpp:153] relu6 needs backward computation.
I0908 13:58:31.323894 25316 net.cpp:76] Creating Layer drop6
I0908 13:58:31.323897 25316 net.cpp:86] drop6 <- fc6
I0908 13:58:31.323901 25316 net.cpp:100] drop6 -> fc6 (in-place)
I0908 13:58:31.323914 25316 net.cpp:127] Top shape: 128 4096 1 1 (524288)
I0908 13:58:31.323917 25316 net.cpp:153] drop6 needs backward computation.
I0908 13:58:31.323923 25316 net.cpp:76] Creating Layer fc7
I0908 13:58:31.323926 25316 net.cpp:86] fc7 <- fc6
I0908 13:58:31.323930 25316 net.cpp:112] fc7 -> fc7
I0908 13:58:31.926368 25316 net.cpp:127] Top shape: 128 4096 1 1 (524288)
I0908 13:58:31.926396 25316 net.cpp:153] fc7 needs backward computation.
I0908 13:58:31.926405 25316 net.cpp:76] Creating Layer relu7
I0908 13:58:31.926410 25316 net.cpp:86] relu7 <- fc7
I0908 13:58:31.926417 25316 net.cpp:100] relu7 -> fc7 (in-place)
I0908 13:58:31.926422 25316 net.cpp:127] Top shape: 128 4096 1 1 (524288)
I0908 13:58:31.926426 25316 net.cpp:153] relu7 needs backward computation.
I0908 13:58:31.926431 25316 net.cpp:76] Creating Layer drop7
I0908 13:58:31.926434 25316 net.cpp:86] drop7 <- fc7
I0908 13:58:31.926439 25316 net.cpp:100] drop7 -> fc7 (in-place)
I0908 13:58:31.926444 25316 net.cpp:127] Top shape: 128 4096 1 1 (524288)
I0908 13:58:31.926447 25316 net.cpp:153] drop7 needs backward computation.
I0908 13:58:31.926452 25316 net.cpp:76] Creating Layer fc8_new
I0908 13:58:31.926455 25316 net.cpp:86] fc8_new <- fc7
I0908 13:58:31.926460 25316 net.cpp:112] fc8_new -> fc8_new
I0908 13:58:31.926782 25316 net.cpp:127] Top shape: 128 2 1 1 (256)
I0908 13:58:31.926790 25316 net.cpp:153] fc8_new needs backward computation.
I0908 13:58:31.926796 25316 net.cpp:76] Creating Layer loss
I0908 13:58:31.926800 25316 net.cpp:86] loss <- fc8_new
I0908 13:58:31.926805 25316 net.cpp:86] loss <- label
I0908 13:58:31.926815 25316 net.cpp:153] loss needs backward computation.
I0908 13:58:31.926841 25316 net.cpp:182] Collecting Learning Rate and Weight Decay.
I0908 13:58:31.926852 25316 net.cpp:175] Network initialization done.
I0908 13:58:31.926858 25316 net.cpp:176] Memory required for Data 536869888
I0908 13:58:31.926898 25316 solver.cpp:45] Creating testing net.
I0908 13:58:31.927528 25316 net.cpp:76] Creating Layer data
I0908 13:58:31.927539 25316 net.cpp:112] data -> data
I0908 13:58:31.927546 25316 net.cpp:112] data -> label
I0908 13:58:31.927554 25316 data_layer.cpp:145] Opening leveldb clampdetCI98_us_val_leveldb
I0908 13:58:33.092681 25316 data_layer.cpp:185] output data size: 128,3,227,227
I0908 13:58:33.092722 25316 data_layer.cpp:204] Loading mean file from../../data/clampdetCI98_us/clampdetCI98_us_mean.binaryproto
I0908 13:58:33.128557 25316 net.cpp:127] Top shape: 128 3 227 227 (19787136)
I0908 13:58:33.128569 25316 net.cpp:127] Top shape: 128 1 1 1 (128)
I0908 13:58:33.128574 25316 net.cpp:158] data does not need backward computation.
I0908 13:58:33.128587 25316 net.cpp:76] Creating Layer conv1
I0908 13:58:33.128592 25316 net.cpp:86] conv1 <- data
I0908 13:58:33.128598 25316 net.cpp:112] conv1 -> conv1
I0908 13:58:33.129816 25316 net.cpp:127] Top shape: 128 96 55 55 (37171200)
I0908 13:58:33.129824 25316 net.cpp:153] conv1 needs backward computation.
I0908 13:58:33.129832 25316 net.cpp:76] Creating Layer relu1
I0908 13:58:33.129835 25316 net.cpp:86] relu1 <- conv1
I0908 13:58:33.129840 25316 net.cpp:100] relu1 -> conv1 (in-place)
I0908 13:58:33.129845 25316 net.cpp:127] Top shape: 128 96 55 55 (37171200)
I0908 13:58:33.129848 25316 net.cpp:153] relu1 needs backward computation.
I0908 13:58:33.129853 25316 net.cpp:76] Creating Layer pool1
I0908 13:58:33.129858 25316 net.cpp:86] pool1 <- conv1
I0908 13:58:33.129861 25316 net.cpp:112] pool1 -> pool1
I0908 13:58:33.129868 25316 net.cpp:127] Top shape: 128 96 27 27 (8957952)
I0908 13:58:33.129871 25316 net.cpp:153] pool1 needs backward computation.
I0908 13:58:33.129878 25316 net.cpp:76] Creating Layer norm1
I0908 13:58:33.129880 25316 net.cpp:86] norm1 <- pool1
I0908 13:58:33.129885 25316 net.cpp:112] norm1 -> norm1
I0908 13:58:33.129891 25316 net.cpp:127] Top shape: 128 96 27 27 (8957952)
I0908 13:58:33.129895 25316 net.cpp:153] norm1 needs backward computation.
I0908 13:58:33.129900 25316 net.cpp:76] Creating Layer conv2
I0908 13:58:33.129904 25316 net.cpp:86] conv2 <- norm1
I0908 13:58:33.129909 25316 net.cpp:112] conv2 -> conv2
I0908 13:58:33.140566 25316 net.cpp:127] Top shape: 128 256 27 27 (23887872)
I0908 13:58:33.140593 25316 net.cpp:153] conv2 needs backward computation.
I0908 13:58:33.140600 25316 net.cpp:76] Creating Layer relu2
I0908 13:58:33.140605 25316 net.cpp:86] relu2 <- conv2
I0908 13:58:33.140611 25316 net.cpp:100] relu2 -> conv2 (in-place)
I0908 13:58:33.140616 25316 net.cpp:127] Top shape: 128 256 27 27 (23887872)
I0908 13:58:33.140620 25316 net.cpp:153] relu2 needs backward computation.
I0908 13:58:33.140625 25316 net.cpp:76] Creating Layer pool2
I0908 13:58:33.140630 25316 net.cpp:86] pool2 <- conv2
I0908 13:58:33.140633 25316 net.cpp:112] pool2 -> pool2
I0908 13:58:33.140640 25316 net.cpp:127] Top shape: 128 256 13 13 (5537792)
I0908 13:58:33.140645 25316 net.cpp:153] pool2 needs backward computation.
I0908 13:58:33.140650 25316 net.cpp:76] Creating Layer norm2
I0908 13:58:33.140655 25316 net.cpp:86] norm2 <- pool2
I0908 13:58:33.140660 25316 net.cpp:112] norm2 -> norm2
I0908 13:58:33.140665 25316 net.cpp:127] Top shape: 128 256 13 13 (5537792)
I0908 13:58:33.140668 25316 net.cpp:153] norm2 needs backward computation.
I0908 13:58:33.140673 25316 net.cpp:76] Creating Layer conv3
I0908 13:58:33.140677 25316 net.cpp:86] conv3 <- norm2
I0908 13:58:33.140681 25316 net.cpp:112] conv3 -> conv3
I0908 13:58:33.171461 25316 net.cpp:127] Top shape: 128 384 13 13 (8306688)
I0908 13:58:33.171485 25316 net.cpp:153] conv3 needs backward computation.
I0908 13:58:33.171494 25316 net.cpp:76] Creating Layer relu3
I0908 13:58:33.171499 25316 net.cpp:86] relu3 <- conv3
I0908 13:58:33.171504 25316 net.cpp:100] relu3 -> conv3 (in-place)
I0908 13:58:33.171512 25316 net.cpp:127] Top shape: 128 384 13 13 (8306688)
I0908 13:58:33.171516 25316 net.cpp:153] relu3 needs backward computation.
I0908 13:58:33.171522 25316 net.cpp:76] Creating Layer conv4
I0908 13:58:33.171525 25316 net.cpp:86] conv4 <- conv3
I0908 13:58:33.171530 25316 net.cpp:112] conv4 -> conv4
I0908 13:58:33.194713 25316 net.cpp:127] Top shape: 128 384 13 13 (8306688)
I0908 13:58:33.194738 25316 net.cpp:153] conv4 needs backward computation.
I0908 13:58:33.194746 25316 net.cpp:76] Creating Layer relu4
I0908 13:58:33.194752 25316 net.cpp:86] relu4 <- conv4
I0908 13:58:33.194758 25316 net.cpp:100] relu4 -> conv4 (in-place)
I0908 13:58:33.194764 25316 net.cpp:127] Top shape: 128 384 13 13 (8306688)
I0908 13:58:33.194768 25316 net.cpp:153] relu4 needs backward computation.
I0908 13:58:33.194774 25316 net.cpp:76] Creating Layer conv5
I0908 13:58:33.194777 25316 net.cpp:86] conv5 <- conv4
I0908 13:58:33.194782 25316 net.cpp:112] conv5 -> conv5
I0908 13:58:33.210302 25316 net.cpp:127] Top shape: 128 256 13 13 (5537792)
I0908 13:58:33.210327 25316 net.cpp:153] conv5 needs backward computation.
I0908 13:58:33.210335 25316 net.cpp:76] Creating Layer relu5
I0908 13:58:33.210340 25316 net.cpp:86] relu5 <- conv5
I0908 13:58:33.210346 25316 net.cpp:100] relu5 -> conv5 (in-place)
I0908 13:58:33.210351 25316 net.cpp:127] Top shape: 128 256 13 13 (5537792)
I0908 13:58:33.210355 25316 net.cpp:153] relu5 needs backward computation.
I0908 13:58:33.210361 25316 net.cpp:76] Creating Layer pool5
I0908 13:58:33.210364 25316 net.cpp:86] pool5 <- conv5
I0908 13:58:33.210369 25316 net.cpp:112] pool5 -> pool5
I0908 13:58:33.210376 25316 net.cpp:127] Top shape: 128 256 6 6 (1179648)
I0908 13:58:33.210379 25316 net.cpp:153] pool5 needs backward computation.
I0908 13:58:33.210387 25316 net.cpp:76] Creating Layer fc6
I0908 13:58:33.210391 25316 net.cpp:86] fc6 <- pool5
I0908 13:58:33.210396 25316 net.cpp:112] fc6 -> fc6
I0908 13:58:34.567075 25316 net.cpp:127] Top shape: 128 4096 1 1 (524288)
I0908 13:58:34.567103 25316 net.cpp:153] fc6 needs backward computation.
I0908 13:58:34.567112 25316 net.cpp:76] Creating Layer relu6
I0908 13:58:34.567117 25316 net.cpp:86] relu6 <- fc6
I0908 13:58:34.567124 25316 net.cpp:100] relu6 -> fc6 (in-place)
I0908 13:58:34.567129 25316 net.cpp:127] Top shape: 128 4096 1 1 (524288)
I0908 13:58:34.567133 25316 net.cpp:153] relu6 needs backward computation.
I0908 13:58:34.567138 25316 net.cpp:76] Creating Layer drop6
I0908 13:58:34.567142 25316 net.cpp:86] drop6 <- fc6
I0908 13:58:34.567147 25316 net.cpp:100] drop6 -> fc6 (in-place)
I0908 13:58:34.567152 25316 net.cpp:127] Top shape: 128 4096 1 1 (524288)
I0908 13:58:34.567155 25316 net.cpp:153] drop6 needs backward computation.
I0908 13:58:34.567162 25316 net.cpp:76] Creating Layer fc7
I0908 13:58:34.567164 25316 net.cpp:86] fc7 <- fc6
I0908 13:58:34.567168 25316 net.cpp:112] fc7 -> fc7
I0908 13:58:35.170402 25316 net.cpp:127] Top shape: 128 4096 1 1 (524288)
I0908 13:58:35.170428 25316 net.cpp:153] fc7 needs backward computation.
I0908 13:58:35.170436 25316 net.cpp:76] Creating Layer relu7
I0908 13:58:35.170441 25316 net.cpp:86] relu7 <- fc7
I0908 13:58:35.170447 25316 net.cpp:100] relu7 -> fc7 (in-place)
I0908 13:58:35.170454 25316 net.cpp:127] Top shape: 128 4096 1 1 (524288)
I0908 13:58:35.170457 25316 net.cpp:153] relu7 needs backward computation.
I0908 13:58:35.170462 25316 net.cpp:76] Creating Layer drop7
I0908 13:58:35.170466 25316 net.cpp:86] drop7 <- fc7
I0908 13:58:35.170470 25316 net.cpp:100] drop7 -> fc7 (in-place)
I0908 13:58:35.170475 25316 net.cpp:127] Top shape: 128 4096 1 1 (524288)
I0908 13:58:35.170478 25316 net.cpp:153] drop7 needs backward computation.
I0908 13:58:35.170485 25316 net.cpp:76] Creating Layer fc8_new
I0908 13:58:35.170487 25316 net.cpp:86] fc8_new <- fc7
I0908 13:58:35.170492 25316 net.cpp:112] fc8_new -> fc8_new
I0908 13:58:35.170788 25316 net.cpp:127] Top shape: 128 2 1 1 (256)
I0908 13:58:35.170794 25316 net.cpp:153] fc8_new needs backward computation.
I0908 13:58:35.170799 25316 net.cpp:76] Creating Layer prob
I0908 13:58:35.170804 25316 net.cpp:86] prob <- fc8_new
I0908 13:58:35.170809 25316 net.cpp:112] prob -> prob
I0908 13:58:35.170814 25316 net.cpp:127] Top shape: 128 2 1 1 (256)
I0908 13:58:35.170819 25316 net.cpp:153] prob needs backward computation.
I0908 13:58:35.170824 25316 net.cpp:76] Creating Layer accuracy
I0908 13:58:35.170827 25316 net.cpp:86] accuracy <- prob
I0908 13:58:35.170831 25316 net.cpp:86] accuracy <- label
I0908 13:58:35.170836 25316 net.cpp:112] accuracy -> accuracy
I0908 13:58:35.170851 25316 net.cpp:127] Top shape: 1 2 1 1 (2)
I0908 13:58:35.170855 25316 net.cpp:153] accuracy needs backward computation.
I0908 13:58:35.170858 25316 net.cpp:164] This network produces output accuracy
I0908 13:58:35.170876 25316 net.cpp:182] Collecting Learning Rate and Weight Decay.
I0908 13:58:35.170886 25316 net.cpp:175] Network initialization done.
I0908 13:58:35.170891 25316 net.cpp:176] Memory required for Data 536870920
I0908 13:58:35.170928 25316 solver.cpp:50] Solver scaffolding done.
I0908 13:58:35.170935 25316 finetune_net.cpp:27] Loading from ../alexnet/caffe_alexnet_model
I0908 13:58:35.729888 25316 net.cpp:366] Copying source layer data
I0908 13:58:35.729917 25316 net.cpp:366] Copying source layer conv1
I0908 13:58:35.729979 25316 net.cpp:366] Copying source layer relu1
I0908 13:58:35.729984 25316 net.cpp:366] Copying source layer norm1
I0908 13:58:35.729989 25316 net.cpp:366] Copying source layer pool1
I0908 13:58:35.729992 25316 net.cpp:366] Copying source layer conv2
I0908 13:58:35.730468 25316 net.cpp:366] Copying source layer relu2
I0908 13:58:35.730479 25316 net.cpp:366] Copying source layer norm2
I0908 13:58:35.730483 25316 net.cpp:366] Copying source layer pool2
I0908 13:58:35.730485 25316 net.cpp:366] Copying source layer conv3
I0908 13:58:35.731869 25316 net.cpp:366] Copying source layer relu3
I0908 13:58:35.731880 25316 net.cpp:366] Copying source layer conv4
I0908 13:58:35.732906 25316 net.cpp:366] Copying source layer relu4
I0908 13:58:35.732916 25316 net.cpp:366] Copying source layer conv5
I0908 13:58:35.733577 25316 net.cpp:366] Copying source layer relu5
I0908 13:58:35.733587 25316 net.cpp:366] Copying source layer pool5
I0908 13:58:35.733590 25316 net.cpp:366] Copying source layer fc6
I0908 13:58:35.837373 25316 net.cpp:366] Copying source layer relu6
I0908 13:58:35.837406 25316 net.cpp:366] Copying source layer drop6
I0908 13:58:35.837411 25316 net.cpp:366] Copying source layer fc7
I0908 13:58:35.883548 25316 net.cpp:366] Copying source layer relu7
I0908 13:58:35.883579 25316 net.cpp:366] Copying source layer drop7
I0908 13:58:35.883584 25316 net.cpp:363] Ignoring source layer fc8
I0908 13:58:35.883587 25316 net.cpp:366] Copying source layer loss
I0908 13:58:35.895130 25316 solver.cpp:62] Solving clampdetCI98_usFineNet
I0908 13:58:35.895151 25316 solver.cpp:136] Iteration 0, Testing net
I0908 13:58:37.718143 25316 solver.cpp:172] Test score #0: 0.621734
I0908 13:58:37.718209 25316 solver.cpp:172] Test score #1: 0.675579
I0908 13:58:38.200585 25316 solver.cpp:269] Iteration 1, lr = 0.0001
I0908 13:58:38.308372 25316 solver.cpp:117] Iteration 1, loss = 0.842463
I0908 13:58:38.998286 25316 solver.cpp:269] Iteration 2, lr = 0.0001
I0908 13:58:39.105303 25316 solver.cpp:117] Iteration 2, loss = 0.566066
I0908 13:58:39.794605 25316 solver.cpp:269] Iteration 3, lr = 0.0001
I0908 13:58:39.901526 25316 solver.cpp:117] Iteration 3, loss = 0.469478
I0908 13:58:40.590699 25316 solver.cpp:269] Iteration 4, lr = 0.0001
I0908 13:58:40.697499 25316 solver.cpp:117] Iteration 4, loss = 0.349033
I0908 13:58:41.386191 25316 solver.cpp:269] Iteration 5, lr = 0.0001
I0908 13:58:41.493077 25316 solver.cpp:117] Iteration 5, loss = 0.381668
I0908 13:58:42.181370 25316 solver.cpp:269] Iteration 6, lr = 0.0001
I0908 13:58:42.288188 25316 solver.cpp:117] Iteration 6, loss = 0.444054
I0908 13:58:42.977280 25316 solver.cpp:269] Iteration 7, lr = 0.0001
I0908 13:58:43.084175 25316 solver.cpp:117] Iteration 7, loss = 0.34049
I0908 13:58:43.772825 25316 solver.cpp:269] Iteration 8, lr = 0.0001
I0908 13:58:43.879750 25316 solver.cpp:117] Iteration 8, loss = 0.294208
I0908 13:58:44.568341 25316 solver.cpp:269] Iteration 9, lr = 0.0001
I0908 13:58:44.675231 25316 solver.cpp:117] Iteration 9, loss = 0.428099
I0908 13:58:45.364377 25316 solver.cpp:269] Iteration 10, lr = 0.0001
I0908 13:58:45.471202 25316 solver.cpp:117] Iteration 10, loss = 0.322644
I0908 13:58:46.159842 25316 solver.cpp:269] Iteration 11, lr = 0.0001
I0908 13:58:46.266780 25316 solver.cpp:117] Iteration 11, loss = 0.336255
I0908 13:58:46.955385 25316 solver.cpp:269] Iteration 12, lr = 0.0001
I0908 13:58:47.062276 25316 solver.cpp:117] Iteration 12, loss = 0.39137
I0908 13:58:47.751729 25316 solver.cpp:269] Iteration 13, lr = 0.0001
I0908 13:58:47.858484 25316 solver.cpp:117] Iteration 13, loss = 0.417271
I0908 13:58:48.546658 25316 solver.cpp:269] Iteration 14, lr = 0.0001
I0908 13:58:48.653450 25316 solver.cpp:117] Iteration 14, loss = 0.40633
I0908 13:58:49.342504 25316 solver.cpp:269] Iteration 15, lr = 0.0001
I0908 13:58:49.449342 25316 solver.cpp:117] Iteration 15, loss = 0.383425
I0908 13:58:50.138912 25316 solver.cpp:269] Iteration 16, lr = 0.0001
I0908 13:58:50.245842 25316 solver.cpp:117] Iteration 16, loss = 0.372144
I0908 13:58:50.934424 25316 solver.cpp:269] Iteration 17, lr = 0.0001
I0908 13:58:51.041333 25316 solver.cpp:117] Iteration 17, loss = 0.301937
I0908 13:58:51.729779 25316 solver.cpp:269] Iteration 18, lr = 0.0001
I0908 13:58:51.836658 25316 solver.cpp:117] Iteration 18, loss = 0.401046
I0908 13:58:52.525459 25316 solver.cpp:269] Iteration 19, lr = 0.0001
I0908 13:58:52.632235 25316 solver.cpp:117] Iteration 19, loss = 0.282978
I0908 13:58:53.321529 25316 solver.cpp:269] Iteration 20, lr = 0.0001
I0908 13:58:53.428391 25316 solver.cpp:117] Iteration 20, loss = 0.24144
I0908 13:58:54.116861 25316 solver.cpp:269] Iteration 21, lr = 0.0001
I0908 13:58:54.223811 25316 solver.cpp:117] Iteration 21, loss = 0.30666
I0908 13:58:54.912801 25316 solver.cpp:269] Iteration 22, lr = 0.0001
I0908 13:58:55.019712 25316 solver.cpp:117] Iteration 22, loss = 0.353106
I0908 13:58:55.708971 25316 solver.cpp:269] Iteration 23, lr = 0.0001
I0908 13:58:55.817260 25316 solver.cpp:117] Iteration 23, loss = 0.337815
I0908 13:58:56.506604 25316 solver.cpp:269] Iteration 24, lr = 0.0001
I0908 13:58:56.614794 25316 solver.cpp:117] Iteration 24, loss = 0.313387
I0908 13:58:57.304975 25316 solver.cpp:269] Iteration 25, lr = 0.0001
I0908 13:58:57.413064 25316 solver.cpp:117] Iteration 25, loss = 0.356305
I0908 13:58:58.107414 25316 solver.cpp:269] Iteration 26, lr = 0.0001
I0908 13:58:58.215504 25316 solver.cpp:117] Iteration 26, loss = 0.293948
I0908 13:58:58.910421 25316 solver.cpp:269] Iteration 27, lr = 0.0001
I0908 13:58:59.018486 25316 solver.cpp:117] Iteration 27, loss = 0.47776
I0908 13:58:59.713781 25316 solver.cpp:269] Iteration 28, lr = 0.0001
I0908 13:58:59.822058 25316 solver.cpp:117] Iteration 28, loss = 0.323024
I0908 13:59:00.516348 25316 solver.cpp:269] Iteration 29, lr = 0.0001
I0908 13:59:00.624425 25316 solver.cpp:117] Iteration 29, loss = 0.288939
I0908 13:59:01.318835 25316 solver.cpp:269] Iteration 30, lr = 0.0001
I0908 13:59:01.426910 25316 solver.cpp:117] Iteration 30, loss = 0.315079
I0908 13:59:02.122057 25316 solver.cpp:269] Iteration 31, lr = 0.0001
I0908 13:59:02.230167 25316 solver.cpp:117] Iteration 31, loss = 0.477589
I0908 13:59:02.924458 25316 solver.cpp:269] Iteration 32, lr = 0.0001
I0908 13:59:03.032549 25316 solver.cpp:117] Iteration 32, loss = 0.245328
I0908 13:59:03.726897 25316 solver.cpp:269] Iteration 33, lr = 0.0001
I0908 13:59:03.835048 25316 solver.cpp:117] Iteration 33, loss = 0.21739
I0908 13:59:04.529917 25316 solver.cpp:269] Iteration 34, lr = 0.0001
I0908 13:59:04.637899 25316 solver.cpp:117] Iteration 34, loss = 0.260675
I0908 13:59:05.334801 25316 solver.cpp:269] Iteration 35, lr = 0.0001
I0908 13:59:05.442963 25316 solver.cpp:117] Iteration 35, loss = 0.2898
I0908 13:59:06.137881 25316 solver.cpp:269] Iteration 36, lr = 0.0001
I0908 13:59:06.246024 25316 solver.cpp:117] Iteration 36, loss = 0.339803
I0908 13:59:06.942148 25316 solver.cpp:269] Iteration 37, lr = 0.0001
I0908 13:59:07.050429 25316 solver.cpp:117] Iteration 37, loss = 0.284024
I0908 13:59:07.745460 25316 solver.cpp:269] Iteration 38, lr = 0.0001
I0908 13:59:07.853548 25316 solver.cpp:117] Iteration 38, loss = 0.325451
I0908 13:59:08.548264 25316 solver.cpp:269] Iteration 39, lr = 0.0001
I0908 13:59:08.656271 25316 solver.cpp:117] Iteration 39, loss = 0.403743
I0908 13:59:09.351330 25316 solver.cpp:269] Iteration 40, lr = 0.0001
I0908 13:59:09.459386 25316 solver.cpp:117] Iteration 40, loss = 0.348272
I0908 13:59:10.154881 25316 solver.cpp:269] Iteration 41, lr = 0.0001
I0908 13:59:10.262903 25316 solver.cpp:117] Iteration 41, loss = 0.29319
I0908 13:59:10.957818 25316 solver.cpp:269] Iteration 42, lr = 0.0001
I0908 13:59:11.065891 25316 solver.cpp:117] Iteration 42, loss = 0.251202
I0908 13:59:11.761543 25316 solver.cpp:269] Iteration 43, lr = 0.0001
I0908 13:59:11.869655 25316 solver.cpp:117] Iteration 43, loss = 0.28347
I0908 13:59:12.565119 25316 solver.cpp:269] Iteration 44, lr = 0.0001
I0908 13:59:12.673202 25316 solver.cpp:117] Iteration 44, loss = 0.325865
I0908 13:59:13.368799 25316 solver.cpp:269] Iteration 45, lr = 0.0001
I0908 13:59:13.476913 25316 solver.cpp:117] Iteration 45, loss = 0.227917
I0908 13:59:14.171835 25316 solver.cpp:269] Iteration 46, lr = 0.0001
I0908 13:59:14.279925 25316 solver.cpp:117] Iteration 46, loss = 0.214946
I0908 13:59:14.975095 25316 solver.cpp:269] Iteration 47, lr = 0.0001
I0908 13:59:15.083153 25316 solver.cpp:117] Iteration 47, loss = 0.332754
I0908 13:59:15.778506 25316 solver.cpp:269] Iteration 48, lr = 0.0001
I0908 13:59:15.886615 25316 solver.cpp:117] Iteration 48, loss = 0.294481
I0908 13:59:16.582429 25316 solver.cpp:269] Iteration 49, lr = 0.0001
I0908 13:59:16.690515 25316 solver.cpp:117] Iteration 49, loss = 0.324967
I0908 13:59:17.385865 25316 solver.cpp:269] Iteration 50, lr = 0.0001
I0908 13:59:17.493901 25316 solver.cpp:117] Iteration 50, loss = 0.330415
I0908 13:59:17.493916 25316 solver.cpp:136] Iteration 50, Testing net
I0908 13:59:19.465873 25316 solver.cpp:172] Test score #0: 0.658556
I0908 13:59:19.465910 25316 solver.cpp:172] Test score #1: 0.252685
I0908 13:59:19.940614 25316 solver.cpp:269] Iteration 51, lr = 0.0001
I0908 13:59:20.048827 25316 solver.cpp:117] Iteration 51, loss = 0.286073
I0908 13:59:20.744230 25316 solver.cpp:269] Iteration 52, lr = 0.0001
I0908 13:59:20.852416 25316 solver.cpp:117] Iteration 52, loss = 0.349747
I0908 13:59:21.547727 25316 solver.cpp:269] Iteration 53, lr = 0.0001
I0908 13:59:21.655809 25316 solver.cpp:117] Iteration 53, loss = 0.408801
I0908 13:59:22.351686 25316 solver.cpp:269] Iteration 54, lr = 0.0001
I0908 13:59:22.459817 25316 solver.cpp:117] Iteration 54, loss = 0.241732
I0908 13:59:23.154762 25316 solver.cpp:269] Iteration 55, lr = 0.0001
I0908 13:59:23.262843 25316 solver.cpp:117] Iteration 55, loss = 0.318741
I0908 13:59:23.958839 25316 solver.cpp:269] Iteration 56, lr = 0.0001
I0908 13:59:24.066978 25316 solver.cpp:117] Iteration 56, loss = 0.408381
I0908 13:59:24.761729 25316 solver.cpp:269] Iteration 57, lr = 0.0001
I0908 13:59:24.869884 25316 solver.cpp:117] Iteration 57, loss = 0.183371
I0908 13:59:25.565471 25316 solver.cpp:269] Iteration 58, lr = 0.0001
I0908 13:59:25.673576 25316 solver.cpp:117] Iteration 58, loss = 0.213282
I0908 13:59:26.368680 25316 solver.cpp:269] Iteration 59, lr = 0.0001
I0908 13:59:26.476794 25316 solver.cpp:117] Iteration 59, loss = 0.344924
I0908 13:59:27.172529 25316 solver.cpp:269] Iteration 60, lr = 0.0001
I0908 13:59:27.280597 25316 solver.cpp:117] Iteration 60, loss = 0.25661
I0908 13:59:27.976518 25316 solver.cpp:269] Iteration 61, lr = 0.0001
I0908 13:59:28.084731 25316 solver.cpp:117] Iteration 61, loss = 0.26649
I0908 13:59:28.779690 25316 solver.cpp:269] Iteration 62, lr = 0.0001
I0908 13:59:28.887760 25316 solver.cpp:117] Iteration 62, loss = 0.261397
I0908 13:59:29.582842 25316 solver.cpp:269] Iteration 63, lr = 0.0001
I0908 13:59:29.690839 25316 solver.cpp:117] Iteration 63, loss = 0.317184
I0908 13:59:30.386629 25316 solver.cpp:269] Iteration 64, lr = 0.0001
I0908 13:59:30.494530 25316 solver.cpp:117] Iteration 64, loss = 0.250817
I0908 13:59:31.189975 25316 solver.cpp:269] Iteration 65, lr = 0.0001
I0908 13:59:31.298058 25316 solver.cpp:117] Iteration 65, loss = 0.447336
I0908 13:59:31.994082 25316 solver.cpp:269] Iteration 66, lr = 0.0001
I0908 13:59:32.102226 25316 solver.cpp:117] Iteration 66, loss = 0.256331
I0908 13:59:32.798053 25316 solver.cpp:269] Iteration 67, lr = 0.0001
I0908 13:59:32.906201 25316 solver.cpp:117] Iteration 67, loss = 0.205218
I0908 13:59:33.600920 25316 solver.cpp:269] Iteration 68, lr = 0.0001
I0908 13:59:33.708912 25316 solver.cpp:117] Iteration 68, loss = 0.215467
I0908 13:59:34.403887 25316 solver.cpp:269] Iteration 69, lr = 0.0001
I0908 13:59:34.512035 25316 solver.cpp:117] Iteration 69, loss = 0.369722
I0908 13:59:35.206871 25316 solver.cpp:269] Iteration 70, lr = 0.0001
I0908 13:59:35.314990 25316 solver.cpp:117] Iteration 70, loss = 0.204619
I0908 13:59:36.008679 25316 solver.cpp:269] Iteration 71, lr = 0.0001
I0908 13:59:36.116777 25316 solver.cpp:117] Iteration 71, loss = 0.213838
I0908 13:59:36.811427 25316 solver.cpp:269] Iteration 72, lr = 0.0001
I0908 13:59:36.919548 25316 solver.cpp:117] Iteration 72, loss = 0.271003
I0908 13:59:37.614532 25316 solver.cpp:269] Iteration 73, lr = 0.0001
I0908 13:59:37.722648 25316 solver.cpp:117] Iteration 73, loss = 0.220715
I0908 13:59:38.416885 25316 solver.cpp:269] Iteration 74, lr = 0.0001
I0908 13:59:38.524899 25316 solver.cpp:117] Iteration 74, loss = 0.316718
I0908 13:59:39.219055 25316 solver.cpp:269] Iteration 75, lr = 0.0001
I0908 13:59:39.327144 25316 solver.cpp:117] Iteration 75, loss = 0.249336
I0908 13:59:40.021863 25316 solver.cpp:269] Iteration 76, lr = 0.0001
I0908 13:59:40.129874 25316 solver.cpp:117] Iteration 76, loss = 0.308019
I0908 13:59:40.823987 25316 solver.cpp:269] Iteration 77, lr = 0.0001
I0908 13:59:40.931941 25316 solver.cpp:117] Iteration 77, loss = 0.343978
I0908 13:59:41.626507 25316 solver.cpp:269] Iteration 78, lr = 0.0001
I0908 13:59:41.734681 25316 solver.cpp:117] Iteration 78, loss = 0.356658
I0908 13:59:42.429896 25316 solver.cpp:269] Iteration 79, lr = 0.0001
I0908 13:59:42.537880 25316 solver.cpp:117] Iteration 79, loss = 0.291446
I0908 13:59:43.231781 25316 solver.cpp:269] Iteration 80, lr = 0.0001
I0908 13:59:43.339792 25316 solver.cpp:117] Iteration 80, loss = 0.238568
I0908 13:59:44.033628 25316 solver.cpp:269] Iteration 81, lr = 0.0001
I0908 13:59:44.141703 25316 solver.cpp:117] Iteration 81, loss = 0.311587
I0908 13:59:44.836827 25316 solver.cpp:269] Iteration 82, lr = 0.0001
I0908 13:59:44.944804 25316 solver.cpp:117] Iteration 82, loss = 0.242471
I0908 13:59:45.638505 25316 solver.cpp:269] Iteration 83, lr = 0.0001
I0908 13:59:45.746459 25316 solver.cpp:117] Iteration 83, loss = 0.229997
I0908 13:59:46.440278 25316 solver.cpp:269] Iteration 84, lr = 0.0001
I0908 13:59:46.548437 25316 solver.cpp:117] Iteration 84, loss = 0.220528
I0908 13:59:47.243358 25316 solver.cpp:269] Iteration 85, lr = 0.0001
I0908 13:59:47.351444 25316 solver.cpp:117] Iteration 85, loss = 0.265449
I0908 13:59:48.044641 25316 solver.cpp:269] Iteration 86, lr = 0.0001
I0908 13:59:48.152575 25316 solver.cpp:117] Iteration 86, loss = 0.270398
I0908 13:59:48.847303 25316 solver.cpp:269] Iteration 87, lr = 0.0001
I0908 13:59:48.955281 25316 solver.cpp:117] Iteration 87, loss = 0.304855
I0908 13:59:49.649544 25316 solver.cpp:269] Iteration 88, lr = 0.0001
I0908 13:59:49.757524 25316 solver.cpp:117] Iteration 88, loss = 0.302546
I0908 13:59:50.451716 25316 solver.cpp:269] Iteration 89, lr = 0.0001
I0908 13:59:50.559646 25316 solver.cpp:117] Iteration 89, loss = 0.236645
I0908 13:59:51.253911 25316 solver.cpp:269] Iteration 90, lr = 0.0001
I0908 13:59:51.361953 25316 solver.cpp:117] Iteration 90, loss = 0.466359
I0908 13:59:52.056844 25316 solver.cpp:269] Iteration 91, lr = 0.0001
I0908 13:59:52.164962 25316 solver.cpp:117] Iteration 91, loss = 0.26818
I0908 13:59:52.859741 25316 solver.cpp:269] Iteration 92, lr = 0.0001
I0908 13:59:52.967694 25316 solver.cpp:117] Iteration 92, loss = 0.206146
I0908 13:59:53.662441 25316 solver.cpp:269] Iteration 93, lr = 0.0001
I0908 13:59:53.770473 25316 solver.cpp:117] Iteration 93, loss = 0.231149
I0908 13:59:54.464980 25316 solver.cpp:269] Iteration 94, lr = 0.0001
I0908 13:59:54.573097 25316 solver.cpp:117] Iteration 94, loss = 0.394338
I0908 13:59:55.266981 25316 solver.cpp:269] Iteration 95, lr = 0.0001
I0908 13:59:55.375051 25316 solver.cpp:117] Iteration 95, loss = 0.256598
I0908 13:59:56.069183 25316 solver.cpp:269] Iteration 96, lr = 0.0001
I0908 13:59:56.177228 25316 solver.cpp:117] Iteration 96, loss = 0.207902
I0908 13:59:56.872242 25316 solver.cpp:269] Iteration 97, lr = 0.0001
I0908 13:59:56.980244 25316 solver.cpp:117] Iteration 97, loss = 0.258606
I0908 13:59:57.675335 25316 solver.cpp:269] Iteration 98, lr = 0.0001
I0908 13:59:57.783206 25316 solver.cpp:117] Iteration 98, loss = 0.239543
I0908 13:59:58.477500 25316 solver.cpp:269] Iteration 99, lr = 0.0001
I0908 13:59:58.585604 25316 solver.cpp:117] Iteration 99, loss = 0.253256
I0908 13:59:59.279889 25316 solver.cpp:269] Iteration 100, lr = 0.0001
I0908 13:59:59.387790 25316 solver.cpp:117] Iteration 100, loss = 0.260954
I0908 13:59:59.387804 25316 solver.cpp:136] Iteration 100, Testing net
I0908 14:00:01.356166 25316 solver.cpp:172] Test score #0: 0.748005
I0908 14:00:01.356196 25316 solver.cpp:172] Test score #1: 0.237182
I0908 14:00:01.830296 25316 solver.cpp:269] Iteration 101, lr = 0.0001
I0908 14:00:01.938288 25316 solver.cpp:117] Iteration 101, loss = 0.331519
I0908 14:00:02.632616 25316 solver.cpp:269] Iteration 102, lr = 0.0001
I0908 14:00:02.740659 25316 solver.cpp:117] Iteration 102, loss = 0.277395
I0908 14:00:03.435576 25316 solver.cpp:269] Iteration 103, lr = 0.0001
I0908 14:00:03.543576 25316 solver.cpp:117] Iteration 103, loss = 0.320388
I0908 14:00:04.238590 25316 solver.cpp:269] Iteration 104, lr = 0.0001
I0908 14:00:04.346597 25316 solver.cpp:117] Iteration 104, loss = 0.317909
I0908 14:00:05.042441 25316 solver.cpp:269] Iteration 105, lr = 0.0001
I0908 14:00:05.150413 25316 solver.cpp:117] Iteration 105, loss = 0.243493
I0908 14:00:05.845505 25316 solver.cpp:269] Iteration 106, lr = 0.0001
I0908 14:00:05.953783 25316 solver.cpp:117] Iteration 106, loss = 0.278787
I0908 14:00:06.648248 25316 solver.cpp:269] Iteration 107, lr = 0.0001
I0908 14:00:06.756165 25316 solver.cpp:117] Iteration 107, loss = 0.297154
I0908 14:00:07.450398 25316 solver.cpp:269] Iteration 108, lr = 0.0001
I0908 14:00:07.558312 25316 solver.cpp:117] Iteration 108, loss = 0.234892
I0908 14:00:08.252334 25316 solver.cpp:269] Iteration 109, lr = 0.0001
I0908 14:00:08.360296 25316 solver.cpp:117] Iteration 109, loss = 0.22915
I0908 14:00:09.054566 25316 solver.cpp:269] Iteration 110, lr = 0.0001
I0908 14:00:09.162452 25316 solver.cpp:117] Iteration 110, loss = 0.223183
I0908 14:00:09.857693 25316 solver.cpp:269] Iteration 111, lr = 0.0001
I0908 14:00:09.965714 25316 solver.cpp:117] Iteration 111, loss = 0.205261
I0908 14:00:10.660316 25316 solver.cpp:269] Iteration 112, lr = 0.0001
I0908 14:00:10.768331 25316 solver.cpp:117] Iteration 112, loss = 0.298996
I0908 14:00:11.462692 25316 solver.cpp:269] Iteration 113, lr = 0.0001
I0908 14:00:11.570608 25316 solver.cpp:117] Iteration 113, loss = 0.20475
I0908 14:00:12.264766 25316 solver.cpp:269] Iteration 114, lr = 0.0001
I0908 14:00:12.372684 25316 solver.cpp:117] Iteration 114, loss = 0.209503
I0908 14:00:13.067044 25316 solver.cpp:269] Iteration 115, lr = 0.0001
I0908 14:00:13.175046 25316 solver.cpp:117] Iteration 115, loss = 0.39035
I0908 14:00:13.881971 25316 solver.cpp:269] Iteration 116, lr = 0.0001
I0908 14:00:13.993657 25316 solver.cpp:117] Iteration 116, loss = 0.354148
I0908 14:00:14.706574 25316 solver.cpp:269] Iteration 117, lr = 0.0001
I0908 14:00:14.818285 25316 solver.cpp:117] Iteration 117, loss = 0.191187
I0908 14:00:15.530966 25316 solver.cpp:269] Iteration 118, lr = 0.0001
I0908 14:00:15.642541 25316 solver.cpp:117] Iteration 118, loss = 0.309644
I0908 14:00:16.362409 25316 solver.cpp:269] Iteration 119, lr = 0.0001
I0908 14:00:16.475448 25316 solver.cpp:117] Iteration 119, loss = 0.342219
I0908 14:00:17.194352 25316 solver.cpp:269] Iteration 120, lr = 0.0001
I0908 14:00:17.307266 25316 solver.cpp:117] Iteration 120, loss = 0.197872
I0908 14:00:18.027087 25316 solver.cpp:269] Iteration 121, lr = 0.0001
I0908 14:00:18.139983 25316 solver.cpp:117] Iteration 121, loss = 0.173131
I0908 14:00:18.859149 25316 solver.cpp:269] Iteration 122, lr = 0.0001
I0908 14:00:18.972163 25316 solver.cpp:117] Iteration 122, loss = 0.339999
I0908 14:00:19.691133 25316 solver.cpp:269] Iteration 123, lr = 0.0001
I0908 14:00:19.804147 25316 solver.cpp:117] Iteration 123, loss = 0.197961
I0908 14:00:20.521822 25316 solver.cpp:269] Iteration 124, lr = 0.0001
I0908 14:00:20.634881 25316 solver.cpp:117] Iteration 124, loss = 0.230265
I0908 14:00:21.353234 25316 solver.cpp:269] Iteration 125, lr = 0.0001
I0908 14:00:21.466229 25316 solver.cpp:117] Iteration 125, loss = 0.265482
I0908 14:00:22.185570 25316 solver.cpp:269] Iteration 126, lr = 0.0001
I0908 14:00:22.298501 25316 solver.cpp:117] Iteration 126, loss = 0.243468
I0908 14:00:23.017385 25316 solver.cpp:269] Iteration 127, lr = 0.0001
I0908 14:00:23.130358 25316 solver.cpp:117] Iteration 127, loss = 0.204446
I0908 14:00:23.849272 25316 solver.cpp:269] Iteration 128, lr = 0.0001
I0908 14:00:23.962293 25316 solver.cpp:117] Iteration 128, loss = 0.464979
I0908 14:00:24.681519 25316 solver.cpp:269] Iteration 129, lr = 0.0001
I0908 14:00:24.794430 25316 solver.cpp:117] Iteration 129, loss = 0.230079
I0908 14:00:25.512743 25316 solver.cpp:269] Iteration 130, lr = 0.0001
I0908 14:00:25.625735 25316 solver.cpp:117] Iteration 130, loss = 0.191367
I0908 14:00:26.344658 25316 solver.cpp:269] Iteration 131, lr = 0.0001
I0908 14:00:26.457772 25316 solver.cpp:117] Iteration 131, loss = 0.188577
I0908 14:00:27.177361 25316 solver.cpp:269] Iteration 132, lr = 0.0001
I0908 14:00:27.290277 25316 solver.cpp:117] Iteration 132, loss = 0.352997
I0908 14:00:28.009409 25316 solver.cpp:269] Iteration 133, lr = 0.0001
I0908 14:00:28.122293 25316 solver.cpp:117] Iteration 133, loss = 0.269757
I0908 14:00:28.840227 25316 solver.cpp:269] Iteration 134, lr = 0.0001
I0908 14:00:28.953203 25316 solver.cpp:117] Iteration 134, loss = 0.194199
I0908 14:00:29.672210 25316 solver.cpp:269] Iteration 135, lr = 0.0001
I0908 14:00:29.785099 25316 solver.cpp:117] Iteration 135, loss = 0.246617
I0908 14:00:30.503641 25316 solver.cpp:269] Iteration 136, lr = 0.0001
I0908 14:00:30.616679 25316 solver.cpp:117] Iteration 136, loss = 0.193699
I0908 14:00:31.335132 25316 solver.cpp:269] Iteration 137, lr = 0.0001
I0908 14:00:31.448045 25316 solver.cpp:117] Iteration 137, loss = 0.209046
I0908 14:00:32.166442 25316 solver.cpp:269] Iteration 138, lr = 0.0001
I0908 14:00:32.279249 25316 solver.cpp:117] Iteration 138, loss = 0.214365
I0908 14:00:32.997725 25316 solver.cpp:269] Iteration 139, lr = 0.0001
I0908 14:00:33.110574 25316 solver.cpp:117] Iteration 139, loss = 0.247293
I0908 14:00:33.828709 25316 solver.cpp:269] Iteration 140, lr = 0.0001
I0908 14:00:33.941707 25316 solver.cpp:117] Iteration 140, loss = 0.28073
I0908 14:00:34.660800 25316 solver.cpp:269] Iteration 141, lr = 0.0001
I0908 14:00:34.773674 25316 solver.cpp:117] Iteration 141, loss = 0.29355
I0908 14:00:35.493805 25316 solver.cpp:269] Iteration 142, lr = 0.0001
I0908 14:00:35.606662 25316 solver.cpp:117] Iteration 142, loss = 0.212164
I0908 14:00:36.325695 25316 solver.cpp:269] Iteration 143, lr = 0.0001
I0908 14:00:36.438627 25316 solver.cpp:117] Iteration 143, loss = 0.183848
I0908 14:00:37.157316 25316 solver.cpp:269] Iteration 144, lr = 0.0001
I0908 14:00:37.270335 25316 solver.cpp:117] Iteration 144, loss = 0.277154
I0908 14:00:38.002892 25316 solver.cpp:269] Iteration 145, lr = 0.0001
I0908 14:00:38.118715 25316 solver.cpp:117] Iteration 145, loss = 0.233075
I0908 14:00:38.850956 25316 solver.cpp:269] Iteration 146, lr = 0.0001
I0908 14:00:38.966938 25316 solver.cpp:117] Iteration 146, loss = 0.173798
I0908 14:00:39.700028 25316 solver.cpp:269] Iteration 147, lr = 0.0001
I0908 14:00:39.815836 25316 solver.cpp:117] Iteration 147, loss = 0.219386
I0908 14:00:40.548769 25316 solver.cpp:269] Iteration 148, lr = 0.0001
I0908 14:00:40.664862 25316 solver.cpp:117] Iteration 148, loss = 0.225624
I0908 14:00:41.397531 25316 solver.cpp:269] Iteration 149, lr = 0.0001
I0908 14:00:41.513442 25316 solver.cpp:117] Iteration 149, loss = 0.206103
I0908 14:00:42.247115 25316 solver.cpp:269] Iteration 150, lr = 0.0001
I0908 14:00:42.363008 25316 solver.cpp:117] Iteration 150, loss = 0.233139
I0908 14:00:42.363028 25316 solver.cpp:136] Iteration 150, Testing net
I0908 14:00:44.463750 25316 solver.cpp:172] Test score #0: 0.781979
I0908 14:00:44.463785 25316 solver.cpp:172] Test score #1: 0.225076
I0908 14:00:44.972201 25316 solver.cpp:269] Iteration 151, lr = 0.0001
I0908 14:00:45.087885 25316 solver.cpp:117] Iteration 151, loss = 0.218707
I0908 14:00:45.821024 25316 solver.cpp:269] Iteration 152, lr = 0.0001
I0908 14:00:45.936954 25316 solver.cpp:117] Iteration 152, loss = 0.195524
I0908 14:00:46.670147 25316 solver.cpp:269] Iteration 153, lr = 0.0001
I0908 14:00:46.786150 25316 solver.cpp:117] Iteration 153, loss = 0.386001
I0908 14:00:47.519851 25316 solver.cpp:269] Iteration 154, lr = 0.0001
I0908 14:00:47.635565 25316 solver.cpp:117] Iteration 154, loss = 0.222208
I0908 14:00:48.368265 25316 solver.cpp:269] Iteration 155, lr = 0.0001
I0908 14:00:48.484205 25316 solver.cpp:117] Iteration 155, loss = 0.245302
I0908 14:00:49.217293 25316 solver.cpp:269] Iteration 156, lr = 0.0001
I0908 14:00:49.333273 25316 solver.cpp:117] Iteration 156, loss = 0.176752
I0908 14:00:50.065723 25316 solver.cpp:269] Iteration 157, lr = 0.0001
I0908 14:00:50.181607 25316 solver.cpp:117] Iteration 157, loss = 0.295375
I0908 14:00:50.914644 25316 solver.cpp:269] Iteration 158, lr = 0.0001
I0908 14:00:51.030536 25316 solver.cpp:117] Iteration 158, loss = 0.179005
I0908 14:00:51.762542 25316 solver.cpp:269] Iteration 159, lr = 0.0001
I0908 14:00:51.878201 25316 solver.cpp:117] Iteration 159, loss = 0.180315
I0908 14:00:52.610844 25316 solver.cpp:269] Iteration 160, lr = 0.0001
I0908 14:00:52.726713 25316 solver.cpp:117] Iteration 160, loss = 0.264672
I0908 14:00:53.459676 25316 solver.cpp:269] Iteration 161, lr = 0.0001
I0908 14:00:53.575693 25316 solver.cpp:117] Iteration 161, loss = 0.192827
I0908 14:00:54.309245 25316 solver.cpp:269] Iteration 162, lr = 0.0001
I0908 14:00:54.425062 25316 solver.cpp:117] Iteration 162, loss = 0.242244
I0908 14:00:55.158078 25316 solver.cpp:269] Iteration 163, lr = 0.0001
I0908 14:00:55.273939 25316 solver.cpp:117] Iteration 163, loss = 0.212716
I0908 14:00:56.006705 25316 solver.cpp:269] Iteration 164, lr = 0.0001
I0908 14:00:56.122643 25316 solver.cpp:117] Iteration 164, loss = 0.274986
I0908 14:00:56.856279 25316 solver.cpp:269] Iteration 165, lr = 0.0001
I0908 14:00:56.972064 25316 solver.cpp:117] Iteration 165, loss = 0.266316
I0908 14:00:57.705452 25316 solver.cpp:269] Iteration 166, lr = 0.0001
I0908 14:00:57.821315 25316 solver.cpp:117] Iteration 166, loss = 0.293906
I0908 14:00:58.554138 25316 solver.cpp:269] Iteration 167, lr = 0.0001
I0908 14:00:58.670053 25316 solver.cpp:117] Iteration 167, loss = 0.295265
I0908 14:00:59.402376 25316 solver.cpp:269] Iteration 168, lr = 0.0001
I0908 14:00:59.518153 25316 solver.cpp:117] Iteration 168, loss = 0.152149
I0908 14:01:00.251263 25316 solver.cpp:269] Iteration 169, lr = 0.0001
I0908 14:01:00.367007 25316 solver.cpp:117] Iteration 169, loss = 0.195999
I0908 14:01:01.100461 25316 solver.cpp:269] Iteration 170, lr = 0.0001
I0908 14:01:01.216264 25316 solver.cpp:117] Iteration 170, loss = 0.27302
I0908 14:01:01.949619 25316 solver.cpp:269] Iteration 171, lr = 0.0001
I0908 14:01:02.065453 25316 solver.cpp:117] Iteration 171, loss = 0.228485
I0908 14:01:02.799043 25316 solver.cpp:269] Iteration 172, lr = 0.0001
I0908 14:01:02.914805 25316 solver.cpp:117] Iteration 172, loss = 0.215277
I0908 14:01:03.647837 25316 solver.cpp:269] Iteration 173, lr = 0.0001
I0908 14:01:03.763731 25316 solver.cpp:117] Iteration 173, loss = 0.247284
I0908 14:01:04.496708 25316 solver.cpp:269] Iteration 174, lr = 0.0001
I0908 14:01:04.612666 25316 solver.cpp:117] Iteration 174, loss = 0.233524
I0908 14:01:05.346825 25316 solver.cpp:269] Iteration 175, lr = 0.0001
I0908 14:01:05.462731 25316 solver.cpp:117] Iteration 175, loss = 0.252465
I0908 14:01:06.195154 25316 solver.cpp:269] Iteration 176, lr = 0.0001
I0908 14:01:06.310963 25316 solver.cpp:117] Iteration 176, loss = 0.215483
I0908 14:01:07.043622 25316 solver.cpp:269] Iteration 177, lr = 0.0001
I0908 14:01:07.159373 25316 solver.cpp:117] Iteration 177, loss = 0.198399
I0908 14:01:07.892256 25316 solver.cpp:269] Iteration 178, lr = 0.0001
I0908 14:01:08.008110 25316 solver.cpp:117] Iteration 178, loss = 0.344054
I0908 14:01:08.740705 25316 solver.cpp:269] Iteration 179, lr = 0.0001
I0908 14:01:08.856700 25316 solver.cpp:117] Iteration 179, loss = 0.319755
I0908 14:01:09.589373 25316 solver.cpp:269] Iteration 180, lr = 0.0001
I0908 14:01:09.705003 25316 solver.cpp:117] Iteration 180, loss = 0.227395
I0908 14:01:10.438390 25316 solver.cpp:269] Iteration 181, lr = 0.0001
I0908 14:01:10.554157 25316 solver.cpp:117] Iteration 181, loss = 0.203243
I0908 14:01:11.287443 25316 solver.cpp:269] Iteration 182, lr = 0.0001
I0908 14:01:11.403242 25316 solver.cpp:117] Iteration 182, loss = 0.286797
I0908 14:01:12.135056 25316 solver.cpp:269] Iteration 183, lr = 0.0001
I0908 14:01:12.250854 25316 solver.cpp:117] Iteration 183, loss = 0.18684
I0908 14:01:12.983809 25316 solver.cpp:269] Iteration 184, lr = 0.0001
I0908 14:01:13.099618 25316 solver.cpp:117] Iteration 184, loss = 0.146043
I0908 14:01:13.829952 25316 solver.cpp:269] Iteration 185, lr = 0.0001
I0908 14:01:13.943812 25316 solver.cpp:117] Iteration 185, loss = 0.28651
I0908 14:01:14.669044 25316 solver.cpp:269] Iteration 186, lr = 0.0001
I0908 14:01:14.782999 25316 solver.cpp:117] Iteration 186, loss = 0.22702
I0908 14:01:15.508314 25316 solver.cpp:269] Iteration 187, lr = 0.0001
I0908 14:01:15.622364 25316 solver.cpp:117] Iteration 187, loss = 0.206015
I0908 14:01:16.347564 25316 solver.cpp:269] Iteration 188, lr = 0.0001
I0908 14:01:16.461632 25316 solver.cpp:117] Iteration 188, loss = 0.181571
I0908 14:01:17.187202 25316 solver.cpp:269] Iteration 189, lr = 0.0001
I0908 14:01:17.301136 25316 solver.cpp:117] Iteration 189, loss = 0.240178
I0908 14:01:18.026458 25316 solver.cpp:269] Iteration 190, lr = 0.0001
I0908 14:01:18.140552 25316 solver.cpp:117] Iteration 190, loss = 0.219034
I0908 14:01:18.866171 25316 solver.cpp:269] Iteration 191, lr = 0.0001
I0908 14:01:18.980216 25316 solver.cpp:117] Iteration 191, loss = 0.442383
I0908 14:01:19.704335 25316 solver.cpp:269] Iteration 192, lr = 0.0001
I0908 14:01:19.818452 25316 solver.cpp:117] Iteration 192, loss = 0.204216
I0908 14:01:20.543367 25316 solver.cpp:269] Iteration 193, lr = 0.0001
I0908 14:01:20.657449 25316 solver.cpp:117] Iteration 193, loss = 0.243917
I0908 14:01:21.382237 25316 solver.cpp:269] Iteration 194, lr = 0.0001
I0908 14:01:21.496214 25316 solver.cpp:117] Iteration 194, loss = 0.203254
I0908 14:01:22.221187 25316 solver.cpp:269] Iteration 195, lr = 0.0001
I0908 14:01:22.335062 25316 solver.cpp:117] Iteration 195, loss = 0.338276
I0908 14:01:23.060334 25316 solver.cpp:269] Iteration 196, lr = 0.0001
I0908 14:01:23.174541 25316 solver.cpp:117] Iteration 196, loss = 0.192309
I0908 14:01:23.899217 25316 solver.cpp:269] Iteration 197, lr = 0.0001
I0908 14:01:24.013387 25316 solver.cpp:117] Iteration 197, loss = 0.160591
I0908 14:01:24.739470 25316 solver.cpp:269] Iteration 198, lr = 0.0001
I0908 14:01:24.853518 25316 solver.cpp:117] Iteration 198, loss = 0.268434
I0908 14:01:25.578601 25316 solver.cpp:269] Iteration 199, lr = 0.0001
I0908 14:01:25.692703 25316 solver.cpp:117] Iteration 199, loss = 0.195202
I0908 14:01:26.417512 25316 solver.cpp:269] Iteration 200, lr = 0.0001
I0908 14:01:26.531579 25316 solver.cpp:117] Iteration 200, loss = 0.233228
I0908 14:01:26.531594 25316 solver.cpp:136] Iteration 200, Testing net
I0908 14:01:28.603901 25316 solver.cpp:172] Test score #0: 0.80599
I0908 14:01:28.603938 25316 solver.cpp:172] Test score #1: 0.222703
I0908 14:01:29.105733 25316 solver.cpp:269] Iteration 201, lr = 0.0001
I0908 14:01:29.219851 25316 solver.cpp:117] Iteration 201, loss = 0.186154
I0908 14:01:29.946012 25316 solver.cpp:269] Iteration 202, lr = 0.0001
I0908 14:01:30.060158 25316 solver.cpp:117] Iteration 202, loss = 0.214137
I0908 14:01:30.785359 25316 solver.cpp:269] Iteration 203, lr = 0.0001
I0908 14:01:30.899523 25316 solver.cpp:117] Iteration 203, loss = 0.309099
I0908 14:01:31.624932 25316 solver.cpp:269] Iteration 204, lr = 0.0001
I0908 14:01:31.739028 25316 solver.cpp:117] Iteration 204, loss = 0.346543
I0908 14:01:32.464149 25316 solver.cpp:269] Iteration 205, lr = 0.0001
I0908 14:01:32.578218 25316 solver.cpp:117] Iteration 205, loss = 0.211119
I0908 14:01:33.303071 25316 solver.cpp:269] Iteration 206, lr = 0.0001
I0908 14:01:33.417227 25316 solver.cpp:117] Iteration 206, loss = 0.182624
I0908 14:01:34.149181 25316 solver.cpp:269] Iteration 207, lr = 0.0001
I0908 14:01:34.265007 25316 solver.cpp:117] Iteration 207, loss = 0.242503
I0908 14:01:34.998076 25316 solver.cpp:269] Iteration 208, lr = 0.0001
I0908 14:01:35.113767 25316 solver.cpp:117] Iteration 208, loss = 0.209315
I0908 14:01:35.845695 25316 solver.cpp:269] Iteration 209, lr = 0.0001
I0908 14:01:35.961370 25316 solver.cpp:117] Iteration 209, loss = 0.182967
I0908 14:01:36.693647 25316 solver.cpp:269] Iteration 210, lr = 0.0001
I0908 14:01:36.809521 25316 solver.cpp:117] Iteration 210, loss = 0.177722
I0908 14:01:37.542531 25316 solver.cpp:269] Iteration 211, lr = 0.0001
I0908 14:01:37.658589 25316 solver.cpp:117] Iteration 211, loss = 0.182394
I0908 14:01:38.392182 25316 solver.cpp:269] Iteration 212, lr = 0.0001
I0908 14:01:38.508011 25316 solver.cpp:117] Iteration 212, loss = 0.209072
I0908 14:01:39.240908 25316 solver.cpp:269] Iteration 213, lr = 0.0001
I0908 14:01:39.356638 25316 solver.cpp:117] Iteration 213, loss = 0.180523
I0908 14:01:40.089037 25316 solver.cpp:269] Iteration 214, lr = 0.0001
I0908 14:01:40.204789 25316 solver.cpp:117] Iteration 214, loss = 0.206803
I0908 14:01:40.938105 25316 solver.cpp:269] Iteration 215, lr = 0.0001
I0908 14:01:41.053947 25316 solver.cpp:117] Iteration 215, loss = 0.202542
I0908 14:01:41.786839 25316 solver.cpp:269] Iteration 216, lr = 0.0001
I0908 14:01:41.902542 25316 solver.cpp:117] Iteration 216, loss = 0.351727
I0908 14:01:42.635545 25316 solver.cpp:269] Iteration 217, lr = 0.0001
I0908 14:01:42.751245 25316 solver.cpp:117] Iteration 217, loss = 0.213484
I0908 14:01:43.483623 25316 solver.cpp:269] Iteration 218, lr = 0.0001
I0908 14:01:43.599458 25316 solver.cpp:117] Iteration 218, loss = 0.233528
I0908 14:01:44.331439 25316 solver.cpp:269] Iteration 219, lr = 0.0001
I0908 14:01:44.447163 25316 solver.cpp:117] Iteration 219, loss = 0.169011
I0908 14:01:45.187773 25316 solver.cpp:269] Iteration 220, lr = 0.0001
I0908 14:01:45.305017 25316 solver.cpp:117] Iteration 220, loss = 0.336668
I0908 14:01:46.046720 25316 solver.cpp:269] Iteration 221, lr = 0.0001
I0908 14:01:46.163959 25316 solver.cpp:117] Iteration 221, loss = 0.1666
I0908 14:01:46.906465 25316 solver.cpp:269] Iteration 222, lr = 0.0001
I0908 14:01:47.023797 25316 solver.cpp:117] Iteration 222, loss = 0.145469
I0908 14:01:47.765588 25316 solver.cpp:269] Iteration 223, lr = 0.0001
I0908 14:01:47.882755 25316 solver.cpp:117] Iteration 223, loss = 0.248469
I0908 14:01:48.624486 25316 solver.cpp:269] Iteration 224, lr = 0.0001
I0908 14:01:48.741780 25316 solver.cpp:117] Iteration 224, loss = 0.149199
I0908 14:01:49.483847 25316 solver.cpp:269] Iteration 225, lr = 0.0001
I0908 14:01:49.601075 25316 solver.cpp:117] Iteration 225, loss = 0.213019
I0908 14:01:50.342324 25316 solver.cpp:269] Iteration 226, lr = 0.0001
I0908 14:01:50.459589 25316 solver.cpp:117] Iteration 226, loss = 0.177692
I0908 14:01:51.201390 25316 solver.cpp:269] Iteration 227, lr = 0.0001
I0908 14:01:51.318863 25316 solver.cpp:117] Iteration 227, loss = 0.243526
I0908 14:01:52.061022 25316 solver.cpp:269] Iteration 228, lr = 0.0001
I0908 14:01:52.178280 25316 solver.cpp:117] Iteration 228, loss = 0.202889
I0908 14:01:52.920410 25316 solver.cpp:269] Iteration 229, lr = 0.0001
I0908 14:01:53.037608 25316 solver.cpp:117] Iteration 229, loss = 0.294236
I0908 14:01:53.780190 25316 solver.cpp:269] Iteration 230, lr = 0.0001
I0908 14:01:53.897454 25316 solver.cpp:117] Iteration 230, loss = 0.256735
I0908 14:01:54.639484 25316 solver.cpp:269] Iteration 231, lr = 0.0001
I0908 14:01:54.756656 25316 solver.cpp:117] Iteration 231, loss = 0.191484
I0908 14:01:55.497982 25316 solver.cpp:269] Iteration 232, lr = 0.0001
I0908 14:01:55.615303 25316 solver.cpp:117] Iteration 232, loss = 0.232929
I0908 14:01:56.356288 25316 solver.cpp:269] Iteration 233, lr = 0.0001
I0908 14:01:56.473645 25316 solver.cpp:117] Iteration 233, loss = 0.259063
I0908 14:01:57.216519 25316 solver.cpp:269] Iteration 234, lr = 0.0001
I0908 14:01:57.333767 25316 solver.cpp:117] Iteration 234, loss = 0.175231
I0908 14:01:58.076488 25316 solver.cpp:269] Iteration 235, lr = 0.0001
I0908 14:01:58.193694 25316 solver.cpp:117] Iteration 235, loss = 0.166518
I0908 14:01:58.935374 25316 solver.cpp:269] Iteration 236, lr = 0.0001
I0908 14:01:59.052651 25316 solver.cpp:117] Iteration 236, loss = 0.197649
I0908 14:01:59.793756 25316 solver.cpp:269] Iteration 237, lr = 0.0001
I0908 14:01:59.911097 25316 solver.cpp:117] Iteration 237, loss = 0.192554
I0908 14:02:00.652163 25316 solver.cpp:269] Iteration 238, lr = 0.0001
I0908 14:02:00.769335 25316 solver.cpp:117] Iteration 238, loss = 0.190626
I0908 14:02:01.511154 25316 solver.cpp:269] Iteration 239, lr = 0.0001
I0908 14:02:01.628523 25316 solver.cpp:117] Iteration 239, loss = 0.220384
I0908 14:02:02.370817 25316 solver.cpp:269] Iteration 240, lr = 0.0001
I0908 14:02:02.488054 25316 solver.cpp:117] Iteration 240, loss = 0.175956
I0908 14:02:03.229251 25316 solver.cpp:269] Iteration 241, lr = 0.0001
I0908 14:02:03.346429 25316 solver.cpp:117] Iteration 241, loss = 0.308301
I0908 14:02:04.088515 25316 solver.cpp:269] Iteration 242, lr = 0.0001
I0908 14:02:04.205729 25316 solver.cpp:117] Iteration 242, loss = 0.297885
I0908 14:02:04.947928 25316 solver.cpp:269] Iteration 243, lr = 0.0001
I0908 14:02:05.065071 25316 solver.cpp:117] Iteration 243, loss = 0.184431
I0908 14:02:05.807024 25316 solver.cpp:269] Iteration 244, lr = 0.0001
I0908 14:02:05.924299 25316 solver.cpp:117] Iteration 244, loss = 0.168951
I0908 14:02:06.666592 25316 solver.cpp:269] Iteration 245, lr = 0.0001
I0908 14:02:06.783949 25316 solver.cpp:117] Iteration 245, loss = 0.26719
I0908 14:02:07.525745 25316 solver.cpp:269] Iteration 246, lr = 0.0001
I0908 14:02:07.642930 25316 solver.cpp:117] Iteration 246, loss = 0.198636
I0908 14:02:08.385651 25316 solver.cpp:269] Iteration 247, lr = 0.0001
I0908 14:02:08.502863 25316 solver.cpp:117] Iteration 247, loss = 0.156356
I0908 14:02:09.245080 25316 solver.cpp:269] Iteration 248, lr = 0.0001
I0908 14:02:09.362526 25316 solver.cpp:117] Iteration 248, loss = 0.245586
I0908 14:02:10.104493 25316 solver.cpp:269] Iteration 249, lr = 0.0001
I0908 14:02:10.221658 25316 solver.cpp:117] Iteration 249, loss = 0.15803
I0908 14:02:10.964046 25316 solver.cpp:269] Iteration 250, lr = 0.0001
I0908 14:02:11.081276 25316 solver.cpp:117] Iteration 250, loss = 0.196737
I0908 14:02:11.081291 25316 solver.cpp:136] Iteration 250, Testing net
I0908 14:02:13.205617 25316 solver.cpp:172] Test score #0: 0.80131
I0908 14:02:13.205652 25316 solver.cpp:172] Test score #1: 0.221805
I0908 14:02:13.719607 25316 solver.cpp:269] Iteration 251, lr = 0.0001
I0908 14:02:13.836869 25316 solver.cpp:117] Iteration 251, loss = 0.161518
I0908 14:02:14.579344 25316 solver.cpp:269] Iteration 252, lr = 0.0001
I0908 14:02:14.696543 25316 solver.cpp:117] Iteration 252, loss = 0.22786
I0908 14:02:15.438428 25316 solver.cpp:269] Iteration 253, lr = 0.0001
I0908 14:02:15.555507 25316 solver.cpp:117] Iteration 253, loss = 0.20287
I0908 14:02:16.297801 25316 solver.cpp:269] Iteration 254, lr = 0.0001
I0908 14:02:16.414976 25316 solver.cpp:117] Iteration 254, loss = 0.310836
I0908 14:02:17.157326 25316 solver.cpp:269] Iteration 255, lr = 0.0001
I0908 14:02:17.274437 25316 solver.cpp:117] Iteration 255, loss = 0.236524
I0908 14:02:18.016039 25316 solver.cpp:269] Iteration 256, lr = 0.0001
I0908 14:02:18.133330 25316 solver.cpp:117] Iteration 256, loss = 0.184953
I0908 14:02:18.875835 25316 solver.cpp:269] Iteration 257, lr = 0.0001
I0908 14:02:18.992895 25316 solver.cpp:117] Iteration 257, loss = 0.186868
I0908 14:02:19.734388 25316 solver.cpp:269] Iteration 258, lr = 0.0001
I0908 14:02:19.851626 25316 solver.cpp:117] Iteration 258, loss = 0.290032
I0908 14:02:20.594261 25316 solver.cpp:269] Iteration 259, lr = 0.0001
I0908 14:02:20.711447 25316 solver.cpp:117] Iteration 259, loss = 0.162723
I0908 14:02:21.453778 25316 solver.cpp:269] Iteration 260, lr = 0.0001
I0908 14:02:21.571007 25316 solver.cpp:117] Iteration 260, loss = 0.198179
I0908 14:02:22.313251 25316 solver.cpp:269] Iteration 261, lr = 0.0001
I0908 14:02:22.430315 25316 solver.cpp:117] Iteration 261, loss = 0.2376
I0908 14:02:23.172333 25316 solver.cpp:269] Iteration 262, lr = 0.0001
I0908 14:02:23.289456 25316 solver.cpp:117] Iteration 262, loss = 0.148123
I0908 14:02:24.031353 25316 solver.cpp:269] Iteration 263, lr = 0.0001
I0908 14:02:24.148686 25316 solver.cpp:117] Iteration 263, loss = 0.201847
I0908 14:02:24.890287 25316 solver.cpp:269] Iteration 264, lr = 0.0001
I0908 14:02:25.007518 25316 solver.cpp:117] Iteration 264, loss = 0.176605
I0908 14:02:25.748968 25316 solver.cpp:269] Iteration 265, lr = 0.0001
I0908 14:02:25.866251 25316 solver.cpp:117] Iteration 265, loss = 0.270175
I0908 14:02:26.608361 25316 solver.cpp:269] Iteration 266, lr = 0.0001
I0908 14:02:26.725713 25316 solver.cpp:117] Iteration 266, loss = 0.244005
I0908 14:02:27.468183 25316 solver.cpp:269] Iteration 267, lr = 0.0001
I0908 14:02:27.585291 25316 solver.cpp:117] Iteration 267, loss = 0.268745
I0908 14:02:28.326866 25316 solver.cpp:269] Iteration 268, lr = 0.0001
I0908 14:02:28.443943 25316 solver.cpp:117] Iteration 268, loss = 0.177204
I0908 14:02:29.185832 25316 solver.cpp:269] Iteration 269, lr = 0.0001
I0908 14:02:29.303144 25316 solver.cpp:117] Iteration 269, loss = 0.193302
I0908 14:02:30.044601 25316 solver.cpp:269] Iteration 270, lr = 0.0001
I0908 14:02:30.161939 25316 solver.cpp:117] Iteration 270, loss = 0.251647
I0908 14:02:30.904458 25316 solver.cpp:269] Iteration 271, lr = 0.0001
I0908 14:02:31.021782 25316 solver.cpp:117] Iteration 271, loss = 0.200812
I0908 14:02:31.763309 25316 solver.cpp:269] Iteration 272, lr = 0.0001
I0908 14:02:31.880681 25316 solver.cpp:117] Iteration 272, loss = 0.173372
I0908 14:02:32.622560 25316 solver.cpp:269] Iteration 273, lr = 0.0001
I0908 14:02:32.739796 25316 solver.cpp:117] Iteration 273, loss = 0.161634
I0908 14:02:33.481055 25316 solver.cpp:269] Iteration 274, lr = 0.0001
I0908 14:02:33.598254 25316 solver.cpp:117] Iteration 274, loss = 0.187657
I0908 14:02:34.340581 25316 solver.cpp:269] Iteration 275, lr = 0.0001
I0908 14:02:34.457830 25316 solver.cpp:117] Iteration 275, loss = 0.199322
I0908 14:02:35.200516 25316 solver.cpp:269] Iteration 276, lr = 0.0001
I0908 14:02:35.317818 25316 solver.cpp:117] Iteration 276, loss = 0.159899
I0908 14:02:36.059641 25316 solver.cpp:269] Iteration 277, lr = 0.0001
I0908 14:02:36.176798 25316 solver.cpp:117] Iteration 277, loss = 0.222447
I0908 14:02:36.918484 25316 solver.cpp:269] Iteration 278, lr = 0.0001
I0908 14:02:37.035753 25316 solver.cpp:117] Iteration 278, loss = 0.188147
I0908 14:02:37.777886 25316 solver.cpp:269] Iteration 279, lr = 0.0001
I0908 14:02:37.895133 25316 solver.cpp:117] Iteration 279, loss = 0.306848
I0908 14:02:38.637037 25316 solver.cpp:269] Iteration 280, lr = 0.0001
I0908 14:02:38.754302 25316 solver.cpp:117] Iteration 280, loss = 0.218015
I0908 14:02:39.495780 25316 solver.cpp:269] Iteration 281, lr = 0.0001
I0908 14:02:39.613117 25316 solver.cpp:117] Iteration 281, loss = 0.184973
I0908 14:02:40.355656 25316 solver.cpp:269] Iteration 282, lr = 0.0001
I0908 14:02:40.472751 25316 solver.cpp:117] Iteration 282, loss = 0.167021
I0908 14:02:41.214874 25316 solver.cpp:269] Iteration 283, lr = 0.0001
I0908 14:02:41.332087 25316 solver.cpp:117] Iteration 283, loss = 0.290696
I0908 14:02:42.075359 25316 solver.cpp:269] Iteration 284, lr = 0.0001
I0908 14:02:42.192577 25316 solver.cpp:117] Iteration 284, loss = 0.142736
I0908 14:02:42.934687 25316 solver.cpp:269] Iteration 285, lr = 0.0001
I0908 14:02:43.051878 25316 solver.cpp:117] Iteration 285, loss = 0.158181
I0908 14:02:43.793138 25316 solver.cpp:269] Iteration 286, lr = 0.0001
I0908 14:02:43.910367 25316 solver.cpp:117] Iteration 286, loss = 0.184576
I0908 14:02:44.652176 25316 solver.cpp:269] Iteration 287, lr = 0.0001
I0908 14:02:44.769467 25316 solver.cpp:117] Iteration 287, loss = 0.146911
I0908 14:02:45.510973 25316 solver.cpp:269] Iteration 288, lr = 0.0001
I0908 14:02:45.628260 25316 solver.cpp:117] Iteration 288, loss = 0.259018
I0908 14:02:46.370287 25316 solver.cpp:269] Iteration 289, lr = 0.0001
I0908 14:02:46.487459 25316 solver.cpp:117] Iteration 289, loss = 0.174368
I0908 14:02:47.228953 25316 solver.cpp:269] Iteration 290, lr = 0.0001
I0908 14:02:47.346149 25316 solver.cpp:117] Iteration 290, loss = 0.19789
I0908 14:02:48.088274 25316 solver.cpp:269] Iteration 291, lr = 0.0001
I0908 14:02:48.205546 25316 solver.cpp:117] Iteration 291, loss = 0.194202
I0908 14:02:48.948494 25316 solver.cpp:269] Iteration 292, lr = 0.0001
I0908 14:02:49.065667 25316 solver.cpp:117] Iteration 292, loss = 0.274143
I0908 14:02:49.807195 25316 solver.cpp:269] Iteration 293, lr = 0.0001
I0908 14:02:49.924496 25316 solver.cpp:117] Iteration 293, loss = 0.224381
I0908 14:02:50.666335 25316 solver.cpp:269] Iteration 294, lr = 0.0001
I0908 14:02:50.783378 25316 solver.cpp:117] Iteration 294, loss = 0.131488
I0908 14:02:51.525835 25316 solver.cpp:269] Iteration 295, lr = 0.0001
I0908 14:02:51.643026 25316 solver.cpp:117] Iteration 295, loss = 0.16058
I0908 14:02:52.385195 25316 solver.cpp:269] Iteration 296, lr = 0.0001
I0908 14:02:52.502336 25316 solver.cpp:117] Iteration 296, loss = 0.279689
I0908 14:02:53.243943 25316 solver.cpp:269] Iteration 297, lr = 0.0001
I0908 14:02:53.361086 25316 solver.cpp:117] Iteration 297, loss = 0.160686
I0908 14:02:54.103230 25316 solver.cpp:269] Iteration 298, lr = 0.0001
I0908 14:02:54.220331 25316 solver.cpp:117] Iteration 298, loss = 0.120459
I0908 14:02:54.962119 25316 solver.cpp:269] Iteration 299, lr = 0.0001
I0908 14:02:55.079401 25316 solver.cpp:117] Iteration 299, loss = 0.193373
I0908 14:02:55.822430 25316 solver.cpp:269] Iteration 300, lr = 0.0001
I0908 14:02:55.939821 25316 solver.cpp:117] Iteration 300, loss = 0.118981
I0908 14:02:55.939836 25316 solver.cpp:136] Iteration 300, Testing net
I0908 14:02:58.066736 25316 solver.cpp:172] Test score #0: 0.799764
I0908 14:02:58.066773 25316 solver.cpp:172] Test score #1: 0.218638
I0908 14:02:58.580612 25316 solver.cpp:269] Iteration 301, lr = 0.0001
I0908 14:02:58.697814 25316 solver.cpp:117] Iteration 301, loss = 0.230569
I0908 14:02:59.439640 25316 solver.cpp:269] Iteration 302, lr = 0.0001
I0908 14:02:59.556812 25316 solver.cpp:117] Iteration 302, loss = 0.179136
I0908 14:03:00.298964 25316 solver.cpp:269] Iteration 303, lr = 0.0001
I0908 14:03:00.416275 25316 solver.cpp:117] Iteration 303, loss = 0.191382
I0908 14:03:01.158134 25316 solver.cpp:269] Iteration 304, lr = 0.0001
I0908 14:03:01.275367 25316 solver.cpp:117] Iteration 304, loss = 0.243543
I0908 14:03:02.017020 25316 solver.cpp:269] Iteration 305, lr = 0.0001
I0908 14:03:02.134362 25316 solver.cpp:117] Iteration 305, loss = 0.223668
I0908 14:03:02.875700 25316 solver.cpp:269] Iteration 306, lr = 0.0001
I0908 14:03:02.992938 25316 solver.cpp:117] Iteration 306, loss = 0.165696
I0908 14:03:03.735129 25316 solver.cpp:269] Iteration 307, lr = 0.0001
I0908 14:03:03.852443 25316 solver.cpp:117] Iteration 307, loss = 0.163127
I0908 14:03:04.594355 25316 solver.cpp:269] Iteration 308, lr = 0.0001
I0908 14:03:04.711555 25316 solver.cpp:117] Iteration 308, loss = 0.211904
I0908 14:03:05.454622 25316 solver.cpp:269] Iteration 309, lr = 0.0001
I0908 14:03:05.571796 25316 solver.cpp:117] Iteration 309, loss = 0.165853
I0908 14:03:06.313748 25316 solver.cpp:269] Iteration 310, lr = 0.0001
I0908 14:03:06.430884 25316 solver.cpp:117] Iteration 310, loss = 0.159946
I0908 14:03:07.171408 25316 solver.cpp:269] Iteration 311, lr = 0.0001
I0908 14:03:07.288671 25316 solver.cpp:117] Iteration 311, loss = 0.264282
I0908 14:03:08.030397 25316 solver.cpp:269] Iteration 312, lr = 0.0001
I0908 14:03:08.147626 25316 solver.cpp:117] Iteration 312, loss = 0.152636
I0908 14:03:08.889236 25316 solver.cpp:269] Iteration 313, lr = 0.0001
I0908 14:03:09.006394 25316 solver.cpp:117] Iteration 313, loss = 0.220642
I0908 14:03:09.747930 25316 solver.cpp:269] Iteration 314, lr = 0.0001
I0908 14:03:09.865078 25316 solver.cpp:117] Iteration 314, loss = 0.184784
I0908 14:03:10.606055 25316 solver.cpp:269] Iteration 315, lr = 0.0001
I0908 14:03:10.723271 25316 solver.cpp:117] Iteration 315, loss = 0.167818
I0908 14:03:11.465176 25316 solver.cpp:269] Iteration 316, lr = 0.0001
I0908 14:03:11.582391 25316 solver.cpp:117] Iteration 316, loss = 0.150309
I0908 14:03:12.324154 25316 solver.cpp:269] Iteration 317, lr = 0.0001
I0908 14:03:12.441314 25316 solver.cpp:117] Iteration 317, loss = 0.350968
I0908 14:03:13.182183 25316 solver.cpp:269] Iteration 318, lr = 0.0001
I0908 14:03:13.299454 25316 solver.cpp:117] Iteration 318, loss = 0.250478
I0908 14:03:14.040918 25316 solver.cpp:269] Iteration 319, lr = 0.0001
I0908 14:03:14.158090 25316 solver.cpp:117] Iteration 319, loss = 0.152321
I0908 14:03:14.899400 25316 solver.cpp:269] Iteration 320, lr = 0.0001
I0908 14:03:15.016577 25316 solver.cpp:117] Iteration 320, loss = 0.203566
I0908 14:03:15.757864 25316 solver.cpp:269] Iteration 321, lr = 0.0001
I0908 14:03:15.875197 25316 solver.cpp:117] Iteration 321, loss = 0.274846
I0908 14:03:16.616778 25316 solver.cpp:269] Iteration 322, lr = 0.0001
I0908 14:03:16.733892 25316 solver.cpp:117] Iteration 322, loss = 0.178854
I0908 14:03:17.475698 25316 solver.cpp:269] Iteration 323, lr = 0.0001
I0908 14:03:17.592936 25316 solver.cpp:117] Iteration 323, loss = 0.138688
I0908 14:03:18.334113 25316 solver.cpp:269] Iteration 324, lr = 0.0001
I0908 14:03:18.451326 25316 solver.cpp:117] Iteration 324, loss = 0.165982
I0908 14:03:19.192782 25316 solver.cpp:269] Iteration 325, lr = 0.0001
I0908 14:03:19.309918 25316 solver.cpp:117] Iteration 325, loss = 0.1519
I0908 14:03:20.051728 25316 solver.cpp:269] Iteration 326, lr = 0.0001
I0908 14:03:20.168751 25316 solver.cpp:117] Iteration 326, loss = 0.196381
I0908 14:03:20.909392 25316 solver.cpp:269] Iteration 327, lr = 0.0001
I0908 14:03:21.026554 25316 solver.cpp:117] Iteration 327, loss = 0.179508
I0908 14:03:21.768348 25316 solver.cpp:269] Iteration 328, lr = 0.0001
I0908 14:03:21.885571 25316 solver.cpp:117] Iteration 328, loss = 0.24342
I0908 14:03:22.627544 25316 solver.cpp:269] Iteration 329, lr = 0.0001
I0908 14:03:22.744886 25316 solver.cpp:117] Iteration 329, loss = 0.266937
I0908 14:03:23.486928 25316 solver.cpp:269] Iteration 330, lr = 0.0001
I0908 14:03:23.604130 25316 solver.cpp:117] Iteration 330, loss = 0.214489
I0908 14:03:24.346175 25316 solver.cpp:269] Iteration 331, lr = 0.0001
I0908 14:03:24.463178 25316 solver.cpp:117] Iteration 331, loss = 0.205259
I0908 14:03:25.203658 25316 solver.cpp:269] Iteration 332, lr = 0.0001
I0908 14:03:25.320641 25316 solver.cpp:117] Iteration 332, loss = 0.168215
I0908 14:03:26.063156 25316 solver.cpp:269] Iteration 333, lr = 0.0001
I0908 14:03:26.180253 25316 solver.cpp:117] Iteration 333, loss = 0.167811
I0908 14:03:26.921804 25316 solver.cpp:269] Iteration 334, lr = 0.0001
I0908 14:03:27.039032 25316 solver.cpp:117] Iteration 334, loss = 0.182408
I0908 14:03:27.779996 25316 solver.cpp:269] Iteration 335, lr = 0.0001
I0908 14:03:27.897224 25316 solver.cpp:117] Iteration 335, loss = 0.147591
I0908 14:03:28.639436 25316 solver.cpp:269] Iteration 336, lr = 0.0001
I0908 14:03:28.756538 25316 solver.cpp:117] Iteration 336, loss = 0.156608
I0908 14:03:29.498222 25316 solver.cpp:269] Iteration 337, lr = 0.0001
I0908 14:03:29.615550 25316 solver.cpp:117] Iteration 337, loss = 0.195567
I0908 14:03:30.356848 25316 solver.cpp:269] Iteration 338, lr = 0.0001
I0908 14:03:30.474043 25316 solver.cpp:117] Iteration 338, loss = 0.145759
I0908 14:03:31.215029 25316 solver.cpp:269] Iteration 339, lr = 0.0001
I0908 14:03:31.332164 25316 solver.cpp:117] Iteration 339, loss = 0.203276
I0908 14:03:32.073299 25316 solver.cpp:269] Iteration 340, lr = 0.0001
I0908 14:03:32.190536 25316 solver.cpp:117] Iteration 340, loss = 0.185544
I0908 14:03:32.932026 25316 solver.cpp:269] Iteration 341, lr = 0.0001
I0908 14:03:33.049134 25316 solver.cpp:117] Iteration 341, loss = 0.149857
I0908 14:03:33.791815 25316 solver.cpp:269] Iteration 342, lr = 0.0001
I0908 14:03:33.908989 25316 solver.cpp:117] Iteration 342, loss = 0.355969
I0908 14:03:34.650625 25316 solver.cpp:269] Iteration 343, lr = 0.0001
I0908 14:03:34.767832 25316 solver.cpp:117] Iteration 343, loss = 0.176794
I0908 14:03:35.511247 25316 solver.cpp:269] Iteration 344, lr = 0.0001
I0908 14:03:35.628438 25316 solver.cpp:117] Iteration 344, loss = 0.181836
I0908 14:03:36.369556 25316 solver.cpp:269] Iteration 345, lr = 0.0001
I0908 14:03:36.486716 25316 solver.cpp:117] Iteration 345, loss = 0.190712
I0908 14:03:37.227260 25316 solver.cpp:269] Iteration 346, lr = 0.0001
I0908 14:03:37.344281 25316 solver.cpp:117] Iteration 346, loss = 0.269629
I0908 14:03:38.084792 25316 solver.cpp:269] Iteration 347, lr = 0.0001
I0908 14:03:38.201983 25316 solver.cpp:117] Iteration 347, loss = 0.135122
I0908 14:03:38.943006 25316 solver.cpp:269] Iteration 348, lr = 0.0001
I0908 14:03:39.060163 25316 solver.cpp:117] Iteration 348, loss = 0.159443
I0908 14:03:39.801337 25316 solver.cpp:269] Iteration 349, lr = 0.0001
I0908 14:03:39.918633 25316 solver.cpp:117] Iteration 349, loss = 0.207397
I0908 14:03:40.660326 25316 solver.cpp:269] Iteration 350, lr = 0.0001
I0908 14:03:40.777375 25316 solver.cpp:117] Iteration 350, loss = 0.13246
I0908 14:03:40.777390 25316 solver.cpp:136] Iteration 350, Testing net
I0908 14:03:42.902426 25316 solver.cpp:172] Test score #0: 0.805861
I0908 14:03:42.902462 25316 solver.cpp:172] Test score #1: 0.214483
I0908 14:03:43.416908 25316 solver.cpp:269] Iteration 351, lr = 0.0001
I0908 14:03:43.534061 25316 solver.cpp:117] Iteration 351, loss = 0.208115
I0908 14:03:44.276129 25316 solver.cpp:269] Iteration 352, lr = 0.0001
I0908 14:03:44.393339 25316 solver.cpp:117] Iteration 352, loss = 0.154604
I0908 14:03:45.135414 25316 solver.cpp:269] Iteration 353, lr = 0.0001
I0908 14:03:45.252584 25316 solver.cpp:117] Iteration 353, loss = 0.197171
I0908 14:03:45.994374 25316 solver.cpp:269] Iteration 354, lr = 0.0001
I0908 14:03:46.111495 25316 solver.cpp:117] Iteration 354, loss = 0.18072
I0908 14:03:46.853543 25316 solver.cpp:269] Iteration 355, lr = 0.0001
I0908 14:03:46.970623 25316 solver.cpp:117] Iteration 355, loss = 0.305323
I0908 14:03:47.712523 25316 solver.cpp:269] Iteration 356, lr = 0.0001
I0908 14:03:47.829727 25316 solver.cpp:117] Iteration 356, loss = 0.237982
I0908 14:03:48.571075 25316 solver.cpp:269] Iteration 357, lr = 0.0001
I0908 14:03:48.688334 25316 solver.cpp:117] Iteration 357, loss = 0.127232
I0908 14:03:49.429759 25316 solver.cpp:269] Iteration 358, lr = 0.0001
I0908 14:03:49.546937 25316 solver.cpp:117] Iteration 358, loss = 0.187619
I0908 14:03:50.288614 25316 solver.cpp:269] Iteration 359, lr = 0.0001
I0908 14:03:50.405812 25316 solver.cpp:117] Iteration 359, loss = 0.265956
I0908 14:03:51.147344 25316 solver.cpp:269] Iteration 360, lr = 0.0001
I0908 14:03:51.264648 25316 solver.cpp:117] Iteration 360, loss = 0.184959
I0908 14:03:52.006392 25316 solver.cpp:269] Iteration 361, lr = 0.0001
I0908 14:03:52.123594 25316 solver.cpp:117] Iteration 361, loss = 0.13256
I0908 14:03:52.865389 25316 solver.cpp:269] Iteration 362, lr = 0.0001
I0908 14:03:52.982542 25316 solver.cpp:117] Iteration 362, loss = 0.133194
I0908 14:03:53.724381 25316 solver.cpp:269] Iteration 363, lr = 0.0001
I0908 14:03:53.841464 25316 solver.cpp:117] Iteration 363, loss = 0.13847
I0908 14:03:54.582888 25316 solver.cpp:269] Iteration 364, lr = 0.0001
I0908 14:03:54.700001 25316 solver.cpp:117] Iteration 364, loss = 0.202486
I0908 14:03:55.441742 25316 solver.cpp:269] Iteration 365, lr = 0.0001
I0908 14:03:55.558886 25316 solver.cpp:117] Iteration 365, loss = 0.166233
I0908 14:03:56.299638 25316 solver.cpp:269] Iteration 366, lr = 0.0001
I0908 14:03:56.416743 25316 solver.cpp:117] Iteration 366, loss = 0.173332
I0908 14:03:57.158138 25316 solver.cpp:269] Iteration 367, lr = 0.0001
I0908 14:03:57.275385 25316 solver.cpp:117] Iteration 367, loss = 0.189757
I0908 14:03:58.017289 25316 solver.cpp:269] Iteration 368, lr = 0.0001
I0908 14:03:58.134542 25316 solver.cpp:117] Iteration 368, loss = 0.270188
I0908 14:03:58.876003 25316 solver.cpp:269] Iteration 369, lr = 0.0001
I0908 14:03:58.993275 25316 solver.cpp:117] Iteration 369, loss = 0.164222
I0908 14:03:59.734645 25316 solver.cpp:269] Iteration 370, lr = 0.0001
I0908 14:03:59.851863 25316 solver.cpp:117] Iteration 370, loss = 0.156847
I0908 14:04:00.594079 25316 solver.cpp:269] Iteration 371, lr = 0.0001
I0908 14:04:00.711324 25316 solver.cpp:117] Iteration 371, loss = 0.212516
I0908 14:04:01.452733 25316 solver.cpp:269] Iteration 372, lr = 0.0001
I0908 14:04:01.569852 25316 solver.cpp:117] Iteration 372, loss = 0.134425
I0908 14:04:02.311933 25316 solver.cpp:269] Iteration 373, lr = 0.0001
I0908 14:04:02.429148 25316 solver.cpp:117] Iteration 373, loss = 0.113303
I0908 14:04:03.170850 25316 solver.cpp:269] Iteration 374, lr = 0.0001
I0908 14:04:03.288085 25316 solver.cpp:117] Iteration 374, loss = 0.224825
I0908 14:04:04.029440 25316 solver.cpp:269] Iteration 375, lr = 0.0001
I0908 14:04:04.146581 25316 solver.cpp:117] Iteration 375, loss = 0.130829
I0908 14:04:04.889263 25316 solver.cpp:269] Iteration 376, lr = 0.0001
I0908 14:04:05.006394 25316 solver.cpp:117] Iteration 376, loss = 0.167472
I0908 14:04:05.747298 25316 solver.cpp:269] Iteration 377, lr = 0.0001
I0908 14:04:05.864496 25316 solver.cpp:117] Iteration 377, loss = 0.13953
I0908 14:04:06.606279 25316 solver.cpp:269] Iteration 378, lr = 0.0001
I0908 14:04:06.723635 25316 solver.cpp:117] Iteration 378, loss = 0.186102
I0908 14:04:07.464978 25316 solver.cpp:269] Iteration 379, lr = 0.0001
I0908 14:04:07.581997 25316 solver.cpp:117] Iteration 379, loss = 0.148874
I0908 14:04:08.323593 25316 solver.cpp:269] Iteration 380, lr = 0.0001
I0908 14:04:08.440703 25316 solver.cpp:117] Iteration 380, loss = 0.276712
I0908 14:04:09.182548 25316 solver.cpp:269] Iteration 381, lr = 0.0001
I0908 14:04:09.299680 25316 solver.cpp:117] Iteration 381, loss = 0.200785
I0908 14:04:10.041546 25316 solver.cpp:269] Iteration 382, lr = 0.0001
I0908 14:04:10.158865 25316 solver.cpp:117] Iteration 382, loss = 0.14952
I0908 14:04:10.899732 25316 solver.cpp:269] Iteration 383, lr = 0.0001
I0908 14:04:11.016986 25316 solver.cpp:117] Iteration 383, loss = 0.164293
I0908 14:04:11.758998 25316 solver.cpp:269] Iteration 384, lr = 0.0001
I0908 14:04:11.876214 25316 solver.cpp:117] Iteration 384, loss = 0.23768
I0908 14:04:12.617089 25316 solver.cpp:269] Iteration 385, lr = 0.0001
I0908 14:04:12.734254 25316 solver.cpp:117] Iteration 385, loss = 0.153026
I0908 14:04:13.475765 25316 solver.cpp:269] Iteration 386, lr = 0.0001
I0908 14:04:13.592921 25316 solver.cpp:117] Iteration 386, loss = 0.154347
I0908 14:04:14.334331 25316 solver.cpp:269] Iteration 387, lr = 0.0001
I0908 14:04:14.451491 25316 solver.cpp:117] Iteration 387, loss = 0.184046
I0908 14:04:15.193711 25316 solver.cpp:269] Iteration 388, lr = 0.0001
I0908 14:04:15.310997 25316 solver.cpp:117] Iteration 388, loss = 0.162173
I0908 14:04:16.052659 25316 solver.cpp:269] Iteration 389, lr = 0.0001
I0908 14:04:16.169798 25316 solver.cpp:117] Iteration 389, loss = 0.17108
I0908 14:04:16.910799 25316 solver.cpp:269] Iteration 390, lr = 0.0001
I0908 14:04:17.027858 25316 solver.cpp:117] Iteration 390, loss = 0.139837
I0908 14:04:17.768983 25316 solver.cpp:269] Iteration 391, lr = 0.0001
I0908 14:04:17.886088 25316 solver.cpp:117] Iteration 391, loss = 0.173329
I0908 14:04:18.627591 25316 solver.cpp:269] Iteration 392, lr = 0.0001
I0908 14:04:18.744532 25316 solver.cpp:117] Iteration 392, loss = 0.18765
I0908 14:04:19.486886 25316 solver.cpp:269] Iteration 393, lr = 0.0001
I0908 14:04:19.604046 25316 solver.cpp:117] Iteration 393, loss = 0.252565
I0908 14:04:20.346158 25316 solver.cpp:269] Iteration 394, lr = 0.0001
I0908 14:04:20.463362 25316 solver.cpp:117] Iteration 394, loss = 0.208043
I0908 14:04:21.204702 25316 solver.cpp:269] Iteration 395, lr = 0.0001
I0908 14:04:21.322034 25316 solver.cpp:117] Iteration 395, loss = 0.1367
I0908 14:04:22.063693 25316 solver.cpp:269] Iteration 396, lr = 0.0001
I0908 14:04:22.180994 25316 solver.cpp:117] Iteration 396, loss = 0.205722
I0908 14:04:22.922713 25316 solver.cpp:269] Iteration 397, lr = 0.0001
I0908 14:04:23.039860 25316 solver.cpp:117] Iteration 397, loss = 0.152921
I0908 14:04:23.781973 25316 solver.cpp:269] Iteration 398, lr = 0.0001
I0908 14:04:23.899140 25316 solver.cpp:117] Iteration 398, loss = 0.143579
I0908 14:04:24.640990 25316 solver.cpp:269] Iteration 399, lr = 0.0001
I0908 14:04:24.758136 25316 solver.cpp:117] Iteration 399, loss = 0.157953
I0908 14:04:25.500138 25316 solver.cpp:269] Iteration 400, lr = 0.0001
I0908 14:04:25.617367 25316 solver.cpp:117] Iteration 400, loss = 0.177433
I0908 14:04:25.617382 25316 solver.cpp:136] Iteration 400, Testing net
