Downloading/unpacking Cython>=0.19.2 (from -r requirements.txt (line 1))
  Running setup.py egg_info for package Cython
    
Requirement already satisfied (use --upgrade to upgrade): h5py>=2.2.0 in /homes/ad6813/.local/...

Downloading/unpacking ipython>=1.1.0 (from -r requirements.txt (line 3))
  Running setup.py egg_info for package ipython
    
Requirement already satisfied (use --upgrade to upgrade): leveldb>=0.191 in /homes/ad6813/.local/...

Downloading/unpacking matplotlib>=1.3.1 (from -r requirements.txt (line 5))
  Running setup.py egg_info for package matplotlib
    
Requirement already satisfied (use --upgrade to upgrade): networkx>=1.8.1 in /homes/ad6813/.local/...

Downloading/unpacking nose>=1.3.0 (from -r requirements.txt (line 7))
  Running setup.py egg_info for package nose
    
    no previously-included directories found matching 'doc/.build'

Requirement already satisfied (use --upgrade to upgrade): numpy>=1.7.1 

Downloading/unpacking pandas>=0.12.0 (from -r requirements.txt (line 9))
  Running setup.py egg_info for package pandas
    
Downloading/unpacking protobuf>=2.5.0 (from -r requirements.txt (line 10))
  Running setup.py egg_info for package protobuf
    
Requirement already satisfied (use --upgrade to upgrade): python-gflags>=2.0 in /homes/ad6813/.local/...

Downloading/unpacking scikit-image>=0.9.3 (from -r requirements.txt (line 12))
  Running setup.py egg_info for package scikit-image
    Traceback (most recent call last):
ImportError: You need `six` version 1.3 or later.

===========

So the ones you need to install are:
Cython
ipython
matplotlib
nose
pandas 
protobuf
scikit-image
