nohup: ignoring input
I0827 06:03:16.297395  9196 finetune_net.cpp:25] Starting Optimization
I0827 06:03:16.297488  9196 solver.cpp:42] Creating training net.
I0827 06:03:16.298035  9196 net.cpp:76] Creating Layer data
I0827 06:03:16.298050  9196 net.cpp:112] data -> data
I0827 06:03:16.298063  9196 net.cpp:112] data -> label
I0827 06:03:16.298086  9196 data_layer.cpp:145] Opening leveldb clampdet_train_leveldb
I0827 06:03:16.334898  9196 data_layer.cpp:185] output data size: 128,3,227,227
I0827 06:03:16.334919  9196 data_layer.cpp:204] Loading mean file from../../data/clampdet/clampdet_mean.binaryproto
I0827 06:03:16.589299  9196 net.cpp:127] Top shape: 128 3 227 227 (19787136)
I0827 06:03:16.589329  9196 net.cpp:127] Top shape: 128 1 1 1 (128)
I0827 06:03:16.589336  9196 net.cpp:158] data does not need backward computation.
I0827 06:03:16.589349  9196 net.cpp:76] Creating Layer conv1
I0827 06:03:16.589357  9196 net.cpp:86] conv1 <- data
I0827 06:03:16.589373  9196 net.cpp:112] conv1 -> conv1
I0827 06:03:16.590864  9196 net.cpp:127] Top shape: 128 96 55 55 (37171200)
I0827 06:03:16.590878  9196 net.cpp:158] conv1 does not need backward computation.
I0827 06:03:16.590886  9196 net.cpp:76] Creating Layer relu1
I0827 06:03:16.590891  9196 net.cpp:86] relu1 <- conv1
I0827 06:03:16.590898  9196 net.cpp:100] relu1 -> conv1 (in-place)
I0827 06:03:16.590904  9196 net.cpp:127] Top shape: 128 96 55 55 (37171200)
I0827 06:03:16.590909  9196 net.cpp:158] relu1 does not need backward computation.
I0827 06:03:16.590915  9196 net.cpp:76] Creating Layer pool1
I0827 06:03:16.590920  9196 net.cpp:86] pool1 <- conv1
I0827 06:03:16.590925  9196 net.cpp:112] pool1 -> pool1
I0827 06:03:16.590936  9196 net.cpp:127] Top shape: 128 96 27 27 (8957952)
I0827 06:03:16.590942  9196 net.cpp:158] pool1 does not need backward computation.
I0827 06:03:16.590950  9196 net.cpp:76] Creating Layer norm1
I0827 06:03:16.590955  9196 net.cpp:86] norm1 <- pool1
I0827 06:03:16.590960  9196 net.cpp:112] norm1 -> norm1
I0827 06:03:16.590968  9196 net.cpp:127] Top shape: 128 96 27 27 (8957952)
I0827 06:03:16.590973  9196 net.cpp:158] norm1 does not need backward computation.
I0827 06:03:16.590981  9196 net.cpp:76] Creating Layer conv2
I0827 06:03:16.590984  9196 net.cpp:86] conv2 <- norm1
I0827 06:03:16.590989  9196 net.cpp:112] conv2 -> conv2
I0827 06:03:16.603382  9196 net.cpp:127] Top shape: 128 256 27 27 (23887872)
I0827 06:03:16.603405  9196 net.cpp:153] conv2 needs backward computation.
I0827 06:03:16.603415  9196 net.cpp:76] Creating Layer relu2
I0827 06:03:16.603420  9196 net.cpp:86] relu2 <- conv2
I0827 06:03:16.603427  9196 net.cpp:100] relu2 -> conv2 (in-place)
I0827 06:03:16.603433  9196 net.cpp:127] Top shape: 128 256 27 27 (23887872)
I0827 06:03:16.603437  9196 net.cpp:153] relu2 needs backward computation.
I0827 06:03:16.603443  9196 net.cpp:76] Creating Layer pool2
I0827 06:03:16.603448  9196 net.cpp:86] pool2 <- conv2
I0827 06:03:16.603453  9196 net.cpp:112] pool2 -> pool2
I0827 06:03:16.603459  9196 net.cpp:127] Top shape: 128 256 13 13 (5537792)
I0827 06:03:16.603464  9196 net.cpp:153] pool2 needs backward computation.
I0827 06:03:16.603473  9196 net.cpp:76] Creating Layer norm2
I0827 06:03:16.603478  9196 net.cpp:86] norm2 <- pool2
I0827 06:03:16.603483  9196 net.cpp:112] norm2 -> norm2
I0827 06:03:16.603489  9196 net.cpp:127] Top shape: 128 256 13 13 (5537792)
I0827 06:03:16.603494  9196 net.cpp:153] norm2 needs backward computation.
I0827 06:03:16.603500  9196 net.cpp:76] Creating Layer conv3
I0827 06:03:16.603505  9196 net.cpp:86] conv3 <- norm2
I0827 06:03:16.603509  9196 net.cpp:112] conv3 -> conv3
I0827 06:03:16.639521  9196 net.cpp:127] Top shape: 128 384 13 13 (8306688)
I0827 06:03:16.639547  9196 net.cpp:153] conv3 needs backward computation.
I0827 06:03:16.639555  9196 net.cpp:76] Creating Layer relu3
I0827 06:03:16.639561  9196 net.cpp:86] relu3 <- conv3
I0827 06:03:16.639569  9196 net.cpp:100] relu3 -> conv3 (in-place)
I0827 06:03:16.639575  9196 net.cpp:127] Top shape: 128 384 13 13 (8306688)
I0827 06:03:16.639580  9196 net.cpp:153] relu3 needs backward computation.
I0827 06:03:16.639587  9196 net.cpp:76] Creating Layer conv4
I0827 06:03:16.639591  9196 net.cpp:86] conv4 <- conv3
I0827 06:03:16.639596  9196 net.cpp:112] conv4 -> conv4
I0827 06:03:16.666708  9196 net.cpp:127] Top shape: 128 384 13 13 (8306688)
I0827 06:03:16.666733  9196 net.cpp:153] conv4 needs backward computation.
I0827 06:03:16.666743  9196 net.cpp:76] Creating Layer relu4
I0827 06:03:16.666749  9196 net.cpp:86] relu4 <- conv4
I0827 06:03:16.666756  9196 net.cpp:100] relu4 -> conv4 (in-place)
I0827 06:03:16.666762  9196 net.cpp:127] Top shape: 128 384 13 13 (8306688)
I0827 06:03:16.666766  9196 net.cpp:153] relu4 needs backward computation.
I0827 06:03:16.666774  9196 net.cpp:76] Creating Layer conv5
I0827 06:03:16.666779  9196 net.cpp:86] conv5 <- conv4
I0827 06:03:16.666784  9196 net.cpp:112] conv5 -> conv5
I0827 06:03:16.684856  9196 net.cpp:127] Top shape: 128 256 13 13 (5537792)
I0827 06:03:16.684883  9196 net.cpp:153] conv5 needs backward computation.
I0827 06:03:16.684896  9196 net.cpp:76] Creating Layer relu5
I0827 06:03:16.684906  9196 net.cpp:86] relu5 <- conv5
I0827 06:03:16.684916  9196 net.cpp:100] relu5 -> conv5 (in-place)
I0827 06:03:16.684926  9196 net.cpp:127] Top shape: 128 256 13 13 (5537792)
I0827 06:03:16.684934  9196 net.cpp:153] relu5 needs backward computation.
I0827 06:03:16.684944  9196 net.cpp:76] Creating Layer pool5
I0827 06:03:16.684983  9196 net.cpp:86] pool5 <- conv5
I0827 06:03:16.684998  9196 net.cpp:112] pool5 -> pool5
I0827 06:03:16.685009  9196 net.cpp:127] Top shape: 128 256 6 6 (1179648)
I0827 06:03:16.685021  9196 net.cpp:153] pool5 needs backward computation.
I0827 06:03:16.685037  9196 net.cpp:76] Creating Layer fc6
I0827 06:03:16.685048  9196 net.cpp:86] fc6 <- pool5
I0827 06:03:16.685058  9196 net.cpp:112] fc6 -> fc6
I0827 06:03:18.212780  9196 net.cpp:127] Top shape: 128 4096 1 1 (524288)
I0827 06:03:18.212807  9196 net.cpp:153] fc6 needs backward computation.
I0827 06:03:18.212817  9196 net.cpp:76] Creating Layer relu6
I0827 06:03:18.212823  9196 net.cpp:86] relu6 <- fc6
I0827 06:03:18.212831  9196 net.cpp:100] relu6 -> fc6 (in-place)
I0827 06:03:18.212837  9196 net.cpp:127] Top shape: 128 4096 1 1 (524288)
I0827 06:03:18.212841  9196 net.cpp:153] relu6 needs backward computation.
I0827 06:03:18.212848  9196 net.cpp:76] Creating Layer drop6
I0827 06:03:18.212852  9196 net.cpp:86] drop6 <- fc6
I0827 06:03:18.212857  9196 net.cpp:100] drop6 -> fc6 (in-place)
I0827 06:03:18.212869  9196 net.cpp:127] Top shape: 128 4096 1 1 (524288)
I0827 06:03:18.212874  9196 net.cpp:153] drop6 needs backward computation.
I0827 06:03:18.212882  9196 net.cpp:76] Creating Layer fc7_new
I0827 06:03:18.212887  9196 net.cpp:86] fc7_new <- fc6
I0827 06:03:18.212891  9196 net.cpp:112] fc7_new -> fc7
I0827 06:03:18.892314  9196 net.cpp:127] Top shape: 128 4096 1 1 (524288)
I0827 06:03:18.892343  9196 net.cpp:153] fc7_new needs backward computation.
I0827 06:03:18.892352  9196 net.cpp:76] Creating Layer relu7
I0827 06:03:18.892359  9196 net.cpp:86] relu7 <- fc7
I0827 06:03:18.892366  9196 net.cpp:100] relu7 -> fc7 (in-place)
I0827 06:03:18.892372  9196 net.cpp:127] Top shape: 128 4096 1 1 (524288)
I0827 06:03:18.892377  9196 net.cpp:153] relu7 needs backward computation.
I0827 06:03:18.892384  9196 net.cpp:76] Creating Layer drop7
I0827 06:03:18.892387  9196 net.cpp:86] drop7 <- fc7
I0827 06:03:18.892392  9196 net.cpp:100] drop7 -> fc7 (in-place)
I0827 06:03:18.892398  9196 net.cpp:127] Top shape: 128 4096 1 1 (524288)
I0827 06:03:18.892402  9196 net.cpp:153] drop7 needs backward computation.
I0827 06:03:18.892408  9196 net.cpp:76] Creating Layer fc8_new
I0827 06:03:18.892413  9196 net.cpp:86] fc8_new <- fc7
I0827 06:03:18.892418  9196 net.cpp:112] fc8_new -> fc8_new
I0827 06:03:18.892774  9196 net.cpp:127] Top shape: 128 2 1 1 (256)
I0827 06:03:18.892784  9196 net.cpp:153] fc8_new needs backward computation.
I0827 06:03:18.892791  9196 net.cpp:76] Creating Layer loss
I0827 06:03:18.892796  9196 net.cpp:86] loss <- fc8_new
I0827 06:03:18.892802  9196 net.cpp:86] loss <- label
I0827 06:03:18.892812  9196 net.cpp:153] loss needs backward computation.
I0827 06:03:18.892843  9196 net.cpp:182] Collecting Learning Rate and Weight Decay.
I0827 06:03:18.892854  9196 net.cpp:175] Network initialization done.
I0827 06:03:18.892859  9196 net.cpp:176] Memory required for Data 536869888
I0827 06:03:18.892902  9196 solver.cpp:45] Creating testing net.
I0827 06:03:18.893522  9196 net.cpp:76] Creating Layer data
I0827 06:03:18.893533  9196 net.cpp:112] data -> data
I0827 06:03:18.893542  9196 net.cpp:112] data -> label
I0827 06:03:18.893549  9196 data_layer.cpp:145] Opening leveldb clampdet_val_leveldb
I0827 06:03:18.942713  9196 data_layer.cpp:185] output data size: 128,3,227,227
I0827 06:03:18.942729  9196 data_layer.cpp:204] Loading mean file from../../data/clampdet/clampdet_mean.binaryproto
I0827 06:03:18.983660  9196 net.cpp:127] Top shape: 128 3 227 227 (19787136)
I0827 06:03:18.983676  9196 net.cpp:127] Top shape: 128 1 1 1 (128)
I0827 06:03:18.983682  9196 net.cpp:158] data does not need backward computation.
I0827 06:03:18.983692  9196 net.cpp:76] Creating Layer conv1
I0827 06:03:18.983697  9196 net.cpp:86] conv1 <- data
I0827 06:03:18.983705  9196 net.cpp:112] conv1 -> conv1
I0827 06:03:18.985082  9196 net.cpp:127] Top shape: 128 96 55 55 (37171200)
I0827 06:03:18.985095  9196 net.cpp:158] conv1 does not need backward computation.
I0827 06:03:18.985102  9196 net.cpp:76] Creating Layer relu1
I0827 06:03:18.985108  9196 net.cpp:86] relu1 <- conv1
I0827 06:03:18.985113  9196 net.cpp:100] relu1 -> conv1 (in-place)
I0827 06:03:18.985119  9196 net.cpp:127] Top shape: 128 96 55 55 (37171200)
I0827 06:03:18.985124  9196 net.cpp:158] relu1 does not need backward computation.
I0827 06:03:18.985131  9196 net.cpp:76] Creating Layer pool1
I0827 06:03:18.985134  9196 net.cpp:86] pool1 <- conv1
I0827 06:03:18.985139  9196 net.cpp:112] pool1 -> pool1
I0827 06:03:18.985146  9196 net.cpp:127] Top shape: 128 96 27 27 (8957952)
I0827 06:03:18.985151  9196 net.cpp:158] pool1 does not need backward computation.
I0827 06:03:18.985158  9196 net.cpp:76] Creating Layer norm1
I0827 06:03:18.985163  9196 net.cpp:86] norm1 <- pool1
I0827 06:03:18.985168  9196 net.cpp:112] norm1 -> norm1
I0827 06:03:18.985177  9196 net.cpp:127] Top shape: 128 96 27 27 (8957952)
I0827 06:03:18.985182  9196 net.cpp:158] norm1 does not need backward computation.
I0827 06:03:18.985188  9196 net.cpp:76] Creating Layer conv2
I0827 06:03:18.985191  9196 net.cpp:86] conv2 <- norm1
I0827 06:03:18.985196  9196 net.cpp:112] conv2 -> conv2
I0827 06:03:18.997274  9196 net.cpp:127] Top shape: 128 256 27 27 (23887872)
I0827 06:03:18.997298  9196 net.cpp:153] conv2 needs backward computation.
I0827 06:03:18.997306  9196 net.cpp:76] Creating Layer relu2
I0827 06:03:18.997311  9196 net.cpp:86] relu2 <- conv2
I0827 06:03:18.997319  9196 net.cpp:100] relu2 -> conv2 (in-place)
I0827 06:03:18.997329  9196 net.cpp:127] Top shape: 128 256 27 27 (23887872)
I0827 06:03:18.997339  9196 net.cpp:153] relu2 needs backward computation.
I0827 06:03:18.997347  9196 net.cpp:76] Creating Layer pool2
I0827 06:03:18.997355  9196 net.cpp:86] pool2 <- conv2
I0827 06:03:18.997364  9196 net.cpp:112] pool2 -> pool2
I0827 06:03:18.997372  9196 net.cpp:127] Top shape: 128 256 13 13 (5537792)
I0827 06:03:18.997377  9196 net.cpp:153] pool2 needs backward computation.
I0827 06:03:18.997387  9196 net.cpp:76] Creating Layer norm2
I0827 06:03:18.997392  9196 net.cpp:86] norm2 <- pool2
I0827 06:03:18.997397  9196 net.cpp:112] norm2 -> norm2
I0827 06:03:18.997403  9196 net.cpp:127] Top shape: 128 256 13 13 (5537792)
I0827 06:03:18.997408  9196 net.cpp:153] norm2 needs backward computation.
I0827 06:03:18.997414  9196 net.cpp:76] Creating Layer conv3
I0827 06:03:18.997419  9196 net.cpp:86] conv3 <- norm2
I0827 06:03:18.997424  9196 net.cpp:112] conv3 -> conv3
I0827 06:03:19.033506  9196 net.cpp:127] Top shape: 128 384 13 13 (8306688)
I0827 06:03:19.033532  9196 net.cpp:153] conv3 needs backward computation.
I0827 06:03:19.033541  9196 net.cpp:76] Creating Layer relu3
I0827 06:03:19.033547  9196 net.cpp:86] relu3 <- conv3
I0827 06:03:19.033555  9196 net.cpp:100] relu3 -> conv3 (in-place)
I0827 06:03:19.033560  9196 net.cpp:127] Top shape: 128 384 13 13 (8306688)
I0827 06:03:19.033565  9196 net.cpp:153] relu3 needs backward computation.
I0827 06:03:19.033571  9196 net.cpp:76] Creating Layer conv4
I0827 06:03:19.033576  9196 net.cpp:86] conv4 <- conv3
I0827 06:03:19.033581  9196 net.cpp:112] conv4 -> conv4
I0827 06:03:19.060662  9196 net.cpp:127] Top shape: 128 384 13 13 (8306688)
I0827 06:03:19.060686  9196 net.cpp:153] conv4 needs backward computation.
I0827 06:03:19.060695  9196 net.cpp:76] Creating Layer relu4
I0827 06:03:19.060701  9196 net.cpp:86] relu4 <- conv4
I0827 06:03:19.060708  9196 net.cpp:100] relu4 -> conv4 (in-place)
I0827 06:03:19.060714  9196 net.cpp:127] Top shape: 128 384 13 13 (8306688)
I0827 06:03:19.060719  9196 net.cpp:153] relu4 needs backward computation.
I0827 06:03:19.060726  9196 net.cpp:76] Creating Layer conv5
I0827 06:03:19.060730  9196 net.cpp:86] conv5 <- conv4
I0827 06:03:19.060735  9196 net.cpp:112] conv5 -> conv5
I0827 06:03:19.078946  9196 net.cpp:127] Top shape: 128 256 13 13 (5537792)
I0827 06:03:19.078970  9196 net.cpp:153] conv5 needs backward computation.
I0827 06:03:19.078979  9196 net.cpp:76] Creating Layer relu5
I0827 06:03:19.078985  9196 net.cpp:86] relu5 <- conv5
I0827 06:03:19.078992  9196 net.cpp:100] relu5 -> conv5 (in-place)
I0827 06:03:19.078999  9196 net.cpp:127] Top shape: 128 256 13 13 (5537792)
I0827 06:03:19.079004  9196 net.cpp:153] relu5 needs backward computation.
I0827 06:03:19.079010  9196 net.cpp:76] Creating Layer pool5
I0827 06:03:19.079015  9196 net.cpp:86] pool5 <- conv5
I0827 06:03:19.079020  9196 net.cpp:112] pool5 -> pool5
I0827 06:03:19.079027  9196 net.cpp:127] Top shape: 128 256 6 6 (1179648)
I0827 06:03:19.079032  9196 net.cpp:153] pool5 needs backward computation.
I0827 06:03:19.079041  9196 net.cpp:76] Creating Layer fc6
I0827 06:03:19.079046  9196 net.cpp:86] fc6 <- pool5
I0827 06:03:19.079051  9196 net.cpp:112] fc6 -> fc6
I0827 06:03:20.616415  9196 net.cpp:127] Top shape: 128 4096 1 1 (524288)
I0827 06:03:20.616443  9196 net.cpp:153] fc6 needs backward computation.
I0827 06:03:20.616453  9196 net.cpp:76] Creating Layer relu6
I0827 06:03:20.616459  9196 net.cpp:86] relu6 <- fc6
I0827 06:03:20.616467  9196 net.cpp:100] relu6 -> fc6 (in-place)
I0827 06:03:20.616473  9196 net.cpp:127] Top shape: 128 4096 1 1 (524288)
I0827 06:03:20.616478  9196 net.cpp:153] relu6 needs backward computation.
I0827 06:03:20.616484  9196 net.cpp:76] Creating Layer drop6
I0827 06:03:20.616488  9196 net.cpp:86] drop6 <- fc6
I0827 06:03:20.616493  9196 net.cpp:100] drop6 -> fc6 (in-place)
I0827 06:03:20.616499  9196 net.cpp:127] Top shape: 128 4096 1 1 (524288)
I0827 06:03:20.616504  9196 net.cpp:153] drop6 needs backward computation.
I0827 06:03:20.616510  9196 net.cpp:76] Creating Layer fc7
I0827 06:03:20.616515  9196 net.cpp:86] fc7 <- fc6
I0827 06:03:20.616519  9196 net.cpp:112] fc7 -> fc7
I0827 06:03:21.299721  9196 net.cpp:127] Top shape: 128 4096 1 1 (524288)
I0827 06:03:21.299748  9196 net.cpp:153] fc7 needs backward computation.
I0827 06:03:21.299758  9196 net.cpp:76] Creating Layer relu7
I0827 06:03:21.299764  9196 net.cpp:86] relu7 <- fc7
I0827 06:03:21.299772  9196 net.cpp:100] relu7 -> fc7 (in-place)
I0827 06:03:21.299777  9196 net.cpp:127] Top shape: 128 4096 1 1 (524288)
I0827 06:03:21.299782  9196 net.cpp:153] relu7 needs backward computation.
I0827 06:03:21.299788  9196 net.cpp:76] Creating Layer drop7
I0827 06:03:21.299793  9196 net.cpp:86] drop7 <- fc7
I0827 06:03:21.299798  9196 net.cpp:100] drop7 -> fc7 (in-place)
I0827 06:03:21.299803  9196 net.cpp:127] Top shape: 128 4096 1 1 (524288)
I0827 06:03:21.299808  9196 net.cpp:153] drop7 needs backward computation.
I0827 06:03:21.299815  9196 net.cpp:76] Creating Layer fc8_new
I0827 06:03:21.299820  9196 net.cpp:86] fc8_new <- fc7
I0827 06:03:21.299825  9196 net.cpp:112] fc8_new -> fc8_new
I0827 06:03:21.300158  9196 net.cpp:127] Top shape: 128 2 1 1 (256)
I0827 06:03:21.300165  9196 net.cpp:153] fc8_new needs backward computation.
I0827 06:03:21.300171  9196 net.cpp:76] Creating Layer prob
I0827 06:03:21.300176  9196 net.cpp:86] prob <- fc8_new
I0827 06:03:21.300182  9196 net.cpp:112] prob -> prob
I0827 06:03:21.300189  9196 net.cpp:127] Top shape: 128 2 1 1 (256)
I0827 06:03:21.300194  9196 net.cpp:153] prob needs backward computation.
I0827 06:03:21.300200  9196 net.cpp:76] Creating Layer accuracy
I0827 06:03:21.300207  9196 net.cpp:86] accuracy <- prob
I0827 06:03:21.300212  9196 net.cpp:86] accuracy <- label
I0827 06:03:21.300220  9196 net.cpp:112] accuracy -> accuracy
I0827 06:03:21.300235  9196 net.cpp:127] Top shape: 1 2 1 1 (2)
I0827 06:03:21.300240  9196 net.cpp:153] accuracy needs backward computation.
I0827 06:03:21.300245  9196 net.cpp:164] This network produces output accuracy
I0827 06:03:21.300264  9196 net.cpp:182] Collecting Learning Rate and Weight Decay.
I0827 06:03:21.300276  9196 net.cpp:175] Network initialization done.
I0827 06:03:21.300281  9196 net.cpp:176] Memory required for Data 536870920
I0827 06:03:21.300321  9196 solver.cpp:50] Solver scaffolding done.
I0827 06:03:21.300326  9196 finetune_net.cpp:27] Loading from ../alexnet/caffe_alexnet_model
I0827 06:03:21.974792  9196 net.cpp:366] Copying source layer data
I0827 06:03:21.974819  9196 net.cpp:366] Copying source layer conv1
I0827 06:03:21.974889  9196 net.cpp:366] Copying source layer relu1
I0827 06:03:21.974901  9196 net.cpp:366] Copying source layer norm1
I0827 06:03:21.974910  9196 net.cpp:366] Copying source layer pool1
I0827 06:03:21.974916  9196 net.cpp:366] Copying source layer conv2
I0827 06:03:21.975445  9196 net.cpp:366] Copying source layer relu2
I0827 06:03:21.975457  9196 net.cpp:366] Copying source layer norm2
I0827 06:03:21.975462  9196 net.cpp:366] Copying source layer pool2
I0827 06:03:21.975466  9196 net.cpp:366] Copying source layer conv3
I0827 06:03:21.976943  9196 net.cpp:366] Copying source layer relu3
I0827 06:03:21.976954  9196 net.cpp:366] Copying source layer conv4
I0827 06:03:21.978065  9196 net.cpp:366] Copying source layer relu4
I0827 06:03:21.978077  9196 net.cpp:366] Copying source layer conv5
I0827 06:03:21.978857  9196 net.cpp:366] Copying source layer relu5
I0827 06:03:21.978868  9196 net.cpp:366] Copying source layer pool5
I0827 06:03:21.978873  9196 net.cpp:366] Copying source layer fc6
I0827 06:03:22.096488  9196 net.cpp:366] Copying source layer relu6
I0827 06:03:22.096516  9196 net.cpp:366] Copying source layer drop6
I0827 06:03:22.096521  9196 net.cpp:363] Ignoring source layer fc7
I0827 06:03:22.096526  9196 net.cpp:366] Copying source layer relu7
I0827 06:03:22.096530  9196 net.cpp:366] Copying source layer drop7
I0827 06:03:22.096534  9196 net.cpp:363] Ignoring source layer fc8
I0827 06:03:22.096539  9196 net.cpp:366] Copying source layer loss
I0827 06:03:22.110198  9196 solver.cpp:62] Solving ClampFineNet
I0827 06:03:22.110227  9196 solver.cpp:136] Iteration 0, Testing net
I0827 06:03:23.965873  9196 solver.cpp:172] Test score #0: 0.5
I0827 06:03:23.965937  9196 solver.cpp:172] Test score #1: 2.26316
I0827 06:03:24.416008  9196 solver.cpp:269] Iteration 1, lr = 0.0001
I0827 06:03:24.483170  9196 solver.cpp:117] Iteration 1, loss = 1.93411
I0827 06:03:25.125803  9196 solver.cpp:269] Iteration 2, lr = 0.0001
I0827 06:03:25.191916  9196 solver.cpp:117] Iteration 2, loss = 0.865212
I0827 06:03:25.833560  9196 solver.cpp:269] Iteration 3, lr = 0.0001
I0827 06:03:25.900228  9196 solver.cpp:117] Iteration 3, loss = 0.956709
I0827 06:03:26.541705  9196 solver.cpp:269] Iteration 4, lr = 0.0001
I0827 06:03:26.608372  9196 solver.cpp:117] Iteration 4, loss = 0.444238
I0827 06:03:27.250505  9196 solver.cpp:269] Iteration 5, lr = 0.0001
I0827 06:03:27.316962  9196 solver.cpp:117] Iteration 5, loss = 0.448284
I0827 06:03:27.958287  9196 solver.cpp:269] Iteration 6, lr = 0.0001
I0827 06:03:28.024875  9196 solver.cpp:117] Iteration 6, loss = 0.392602
I0827 06:03:28.666003  9196 solver.cpp:269] Iteration 7, lr = 0.0001
I0827 06:03:28.732496  9196 solver.cpp:117] Iteration 7, loss = 0.385413
I0827 06:03:29.384361  9196 solver.cpp:269] Iteration 8, lr = 0.0001
I0827 06:03:29.440697  9196 solver.cpp:117] Iteration 8, loss = 0.354251
I0827 06:03:30.082226  9196 solver.cpp:269] Iteration 9, lr = 0.0001
I0827 06:03:30.148772  9196 solver.cpp:117] Iteration 9, loss = 0.431455
I0827 06:03:30.789801  9196 solver.cpp:269] Iteration 10, lr = 0.0001
I0827 06:03:30.856384  9196 solver.cpp:117] Iteration 10, loss = 0.344075
I0827 06:03:31.497732  9196 solver.cpp:269] Iteration 11, lr = 0.0001
I0827 06:03:31.564522  9196 solver.cpp:117] Iteration 11, loss = 0.427215
I0827 06:03:32.205162  9196 solver.cpp:269] Iteration 12, lr = 0.0001
I0827 06:03:32.271725  9196 solver.cpp:117] Iteration 12, loss = 0.326357
I0827 06:03:32.913368  9196 solver.cpp:269] Iteration 13, lr = 0.0001
I0827 06:03:32.980103  9196 solver.cpp:117] Iteration 13, loss = 0.323295
I0827 06:03:33.621441  9196 solver.cpp:269] Iteration 14, lr = 0.0001
I0827 06:03:33.688148  9196 solver.cpp:117] Iteration 14, loss = 0.343266
I0827 06:03:34.329176  9196 solver.cpp:269] Iteration 15, lr = 0.0001
I0827 06:03:34.396047  9196 solver.cpp:117] Iteration 15, loss = 0.281282
I0827 06:03:35.037106  9196 solver.cpp:269] Iteration 16, lr = 0.0001
I0827 06:03:35.103730  9196 solver.cpp:117] Iteration 16, loss = 0.285154
I0827 06:03:35.744694  9196 solver.cpp:269] Iteration 17, lr = 0.0001
I0827 06:03:35.811349  9196 solver.cpp:117] Iteration 17, loss = 0.392892
I0827 06:03:36.453042  9196 solver.cpp:269] Iteration 18, lr = 0.0001
I0827 06:03:36.519747  9196 solver.cpp:117] Iteration 18, loss = 0.302462
I0827 06:03:37.160908  9196 solver.cpp:269] Iteration 19, lr = 0.0001
I0827 06:03:37.227408  9196 solver.cpp:117] Iteration 19, loss = 0.250492
I0827 06:03:37.869182  9196 solver.cpp:269] Iteration 20, lr = 0.0001
I0827 06:03:37.935432  9196 solver.cpp:117] Iteration 20, loss = 0.412132
I0827 06:03:38.576817  9196 solver.cpp:269] Iteration 21, lr = 0.0001
I0827 06:03:38.643553  9196 solver.cpp:117] Iteration 21, loss = 0.337803
I0827 06:03:39.284369  9196 solver.cpp:269] Iteration 22, lr = 0.0001
I0827 06:03:39.351234  9196 solver.cpp:117] Iteration 22, loss = 0.260112
I0827 06:03:39.992559  9196 solver.cpp:269] Iteration 23, lr = 0.0001
I0827 06:03:40.059025  9196 solver.cpp:117] Iteration 23, loss = 0.394294
I0827 06:03:40.700330  9196 solver.cpp:269] Iteration 24, lr = 0.0001
I0827 06:03:40.767040  9196 solver.cpp:117] Iteration 24, loss = 0.352621
I0827 06:03:41.408160  9196 solver.cpp:269] Iteration 25, lr = 0.0001
I0827 06:03:41.475045  9196 solver.cpp:117] Iteration 25, loss = 0.2817
I0827 06:03:42.116190  9196 solver.cpp:269] Iteration 26, lr = 0.0001
I0827 06:03:42.183002  9196 solver.cpp:117] Iteration 26, loss = 0.374399
I0827 06:03:42.823995  9196 solver.cpp:269] Iteration 27, lr = 0.0001
I0827 06:03:42.890625  9196 solver.cpp:117] Iteration 27, loss = 0.359019
I0827 06:03:43.532484  9196 solver.cpp:269] Iteration 28, lr = 0.0001
I0827 06:03:43.599030  9196 solver.cpp:117] Iteration 28, loss = 0.291889
I0827 06:03:44.240361  9196 solver.cpp:269] Iteration 29, lr = 0.0001
I0827 06:03:44.306722  9196 solver.cpp:117] Iteration 29, loss = 0.24325
I0827 06:03:44.947759  9196 solver.cpp:269] Iteration 30, lr = 0.0001
I0827 06:03:45.014349  9196 solver.cpp:117] Iteration 30, loss = 0.091738
I0827 06:03:45.655014  9196 solver.cpp:269] Iteration 31, lr = 0.0001
I0827 06:03:45.721650  9196 solver.cpp:117] Iteration 31, loss = 0.245604
I0827 06:03:46.363062  9196 solver.cpp:269] Iteration 32, lr = 0.0001
I0827 06:03:46.429716  9196 solver.cpp:117] Iteration 32, loss = 0.337807
I0827 06:03:47.070477  9196 solver.cpp:269] Iteration 33, lr = 0.0001
I0827 06:03:47.137037  9196 solver.cpp:117] Iteration 33, loss = 0.29549
I0827 06:03:47.779085  9196 solver.cpp:269] Iteration 34, lr = 0.0001
I0827 06:03:47.845685  9196 solver.cpp:117] Iteration 34, loss = 0.40679
I0827 06:03:48.486846  9196 solver.cpp:269] Iteration 35, lr = 0.0001
I0827 06:03:48.553553  9196 solver.cpp:117] Iteration 35, loss = 0.192278
I0827 06:03:49.194772  9196 solver.cpp:269] Iteration 36, lr = 0.0001
I0827 06:03:49.261140  9196 solver.cpp:117] Iteration 36, loss = 0.297212
I0827 06:03:49.902065  9196 solver.cpp:269] Iteration 37, lr = 0.0001
I0827 06:03:49.968626  9196 solver.cpp:117] Iteration 37, loss = 0.279794
I0827 06:03:50.610069  9196 solver.cpp:269] Iteration 38, lr = 0.0001
I0827 06:03:50.676269  9196 solver.cpp:117] Iteration 38, loss = 0.373708
I0827 06:03:51.318037  9196 solver.cpp:269] Iteration 39, lr = 0.0001
I0827 06:03:51.384765  9196 solver.cpp:117] Iteration 39, loss = 0.345733
I0827 06:03:52.026381  9196 solver.cpp:269] Iteration 40, lr = 0.0001
I0827 06:03:52.093106  9196 solver.cpp:117] Iteration 40, loss = 0.277524
I0827 06:03:52.734082  9196 solver.cpp:269] Iteration 41, lr = 0.0001
I0827 06:03:52.800680  9196 solver.cpp:117] Iteration 41, loss = 0.3065
I0827 06:03:53.442190  9196 solver.cpp:269] Iteration 42, lr = 0.0001
I0827 06:03:53.508863  9196 solver.cpp:117] Iteration 42, loss = 0.317254
I0827 06:03:54.150423  9196 solver.cpp:269] Iteration 43, lr = 0.0001
I0827 06:03:54.217068  9196 solver.cpp:117] Iteration 43, loss = 0.375682
I0827 06:03:54.858057  9196 solver.cpp:269] Iteration 44, lr = 0.0001
I0827 06:03:54.924186  9196 solver.cpp:117] Iteration 44, loss = 0.314866
I0827 06:03:55.565779  9196 solver.cpp:269] Iteration 45, lr = 0.0001
I0827 06:03:55.632447  9196 solver.cpp:117] Iteration 45, loss = 0.346778
I0827 06:03:56.273510  9196 solver.cpp:269] Iteration 46, lr = 0.0001
I0827 06:03:56.340278  9196 solver.cpp:117] Iteration 46, loss = 0.324216
I0827 06:03:56.981973  9196 solver.cpp:269] Iteration 47, lr = 0.0001
I0827 06:03:57.048707  9196 solver.cpp:117] Iteration 47, loss = 0.332942
I0827 06:03:57.690516  9196 solver.cpp:269] Iteration 48, lr = 0.0001
I0827 06:03:57.757509  9196 solver.cpp:117] Iteration 48, loss = 0.306105
