nohup: ignoring input
I0828 18:03:22.874951 20897 finetune_net.cpp:25] Starting Optimization
I0828 18:03:22.875066 20897 solver.cpp:42] Creating training net.
I0828 18:03:22.875711 20897 net.cpp:76] Creating Layer data
I0828 18:03:22.875726 20897 net.cpp:112] data -> data
I0828 18:03:22.875741 20897 net.cpp:112] data -> label
I0828 18:03:22.875764 20897 data_layer.cpp:145] Opening leveldb clampdet_train_leveldb
I0828 18:03:23.082703 20897 data_layer.cpp:185] output data size: 128,3,227,227
I0828 18:03:23.082731 20897 data_layer.cpp:204] Loading mean file from../../data/clampdet/clampdet_mean.binaryproto
I0828 18:03:23.407198 20897 net.cpp:127] Top shape: 128 3 227 227 (19787136)
I0828 18:03:23.407235 20897 net.cpp:127] Top shape: 128 1 1 1 (128)
I0828 18:03:23.407244 20897 net.cpp:158] data does not need backward computation.
I0828 18:03:23.407261 20897 net.cpp:76] Creating Layer conv1
I0828 18:03:23.407269 20897 net.cpp:86] conv1 <- data
I0828 18:03:23.407284 20897 net.cpp:112] conv1 -> conv1
I0828 18:03:23.409014 20897 net.cpp:127] Top shape: 128 96 55 55 (37171200)
I0828 18:03:23.409030 20897 net.cpp:158] conv1 does not need backward computation.
I0828 18:03:23.409039 20897 net.cpp:76] Creating Layer relu1
I0828 18:03:23.409044 20897 net.cpp:86] relu1 <- conv1
I0828 18:03:23.409051 20897 net.cpp:100] relu1 -> conv1 (in-place)
I0828 18:03:23.409060 20897 net.cpp:127] Top shape: 128 96 55 55 (37171200)
I0828 18:03:23.409065 20897 net.cpp:158] relu1 does not need backward computation.
I0828 18:03:23.409071 20897 net.cpp:76] Creating Layer pool1
I0828 18:03:23.409076 20897 net.cpp:86] pool1 <- conv1
I0828 18:03:23.409082 20897 net.cpp:112] pool1 -> pool1
I0828 18:03:23.409096 20897 net.cpp:127] Top shape: 128 96 27 27 (8957952)
I0828 18:03:23.409101 20897 net.cpp:158] pool1 does not need backward computation.
I0828 18:03:23.409109 20897 net.cpp:76] Creating Layer norm1
I0828 18:03:23.409116 20897 net.cpp:86] norm1 <- pool1
I0828 18:03:23.409121 20897 net.cpp:112] norm1 -> norm1
I0828 18:03:23.409129 20897 net.cpp:127] Top shape: 128 96 27 27 (8957952)
I0828 18:03:23.409135 20897 net.cpp:158] norm1 does not need backward computation.
I0828 18:03:23.409142 20897 net.cpp:76] Creating Layer conv2
I0828 18:03:23.409148 20897 net.cpp:86] conv2 <- norm1
I0828 18:03:23.409153 20897 net.cpp:112] conv2 -> conv2
I0828 18:03:23.424036 20897 net.cpp:127] Top shape: 128 256 27 27 (23887872)
I0828 18:03:23.424054 20897 net.cpp:158] conv2 does not need backward computation.
I0828 18:03:23.424062 20897 net.cpp:76] Creating Layer relu2
I0828 18:03:23.424067 20897 net.cpp:86] relu2 <- conv2
I0828 18:03:23.424073 20897 net.cpp:100] relu2 -> conv2 (in-place)
I0828 18:03:23.424079 20897 net.cpp:127] Top shape: 128 256 27 27 (23887872)
I0828 18:03:23.424084 20897 net.cpp:158] relu2 does not need backward computation.
I0828 18:03:23.424090 20897 net.cpp:76] Creating Layer pool2
I0828 18:03:23.424095 20897 net.cpp:86] pool2 <- conv2
I0828 18:03:23.424100 20897 net.cpp:112] pool2 -> pool2
I0828 18:03:23.424108 20897 net.cpp:127] Top shape: 128 256 13 13 (5537792)
I0828 18:03:23.424113 20897 net.cpp:158] pool2 does not need backward computation.
I0828 18:03:23.424121 20897 net.cpp:76] Creating Layer norm2
I0828 18:03:23.424126 20897 net.cpp:86] norm2 <- pool2
I0828 18:03:23.424131 20897 net.cpp:112] norm2 -> norm2
I0828 18:03:23.424137 20897 net.cpp:127] Top shape: 128 256 13 13 (5537792)
I0828 18:03:23.424144 20897 net.cpp:158] norm2 does not need backward computation.
I0828 18:03:23.424150 20897 net.cpp:76] Creating Layer conv3
I0828 18:03:23.424155 20897 net.cpp:86] conv3 <- norm2
I0828 18:03:23.424160 20897 net.cpp:112] conv3 -> conv3
I0828 18:03:23.467509 20897 net.cpp:127] Top shape: 128 384 13 13 (8306688)
I0828 18:03:23.467541 20897 net.cpp:158] conv3 does not need backward computation.
I0828 18:03:23.467555 20897 net.cpp:76] Creating Layer relu3
I0828 18:03:23.467562 20897 net.cpp:86] relu3 <- conv3
I0828 18:03:23.467571 20897 net.cpp:100] relu3 -> conv3 (in-place)
I0828 18:03:23.467576 20897 net.cpp:127] Top shape: 128 384 13 13 (8306688)
I0828 18:03:23.467582 20897 net.cpp:158] relu3 does not need backward computation.
I0828 18:03:23.467589 20897 net.cpp:76] Creating Layer conv4
I0828 18:03:23.467594 20897 net.cpp:86] conv4 <- conv3
I0828 18:03:23.467600 20897 net.cpp:112] conv4 -> conv4
I0828 18:03:23.500028 20897 net.cpp:127] Top shape: 128 384 13 13 (8306688)
I0828 18:03:23.500057 20897 net.cpp:153] conv4 needs backward computation.
I0828 18:03:23.500068 20897 net.cpp:76] Creating Layer relu4
I0828 18:03:23.500074 20897 net.cpp:86] relu4 <- conv4
I0828 18:03:23.500082 20897 net.cpp:100] relu4 -> conv4 (in-place)
I0828 18:03:23.500088 20897 net.cpp:127] Top shape: 128 384 13 13 (8306688)
I0828 18:03:23.500093 20897 net.cpp:153] relu4 needs backward computation.
I0828 18:03:23.500100 20897 net.cpp:76] Creating Layer conv5
I0828 18:03:23.500105 20897 net.cpp:86] conv5 <- conv4
I0828 18:03:23.500111 20897 net.cpp:112] conv5 -> conv5
I0828 18:03:23.521569 20897 net.cpp:127] Top shape: 128 256 13 13 (5537792)
I0828 18:03:23.521600 20897 net.cpp:153] conv5 needs backward computation.
I0828 18:03:23.521611 20897 net.cpp:76] Creating Layer relu5
I0828 18:03:23.521617 20897 net.cpp:86] relu5 <- conv5
I0828 18:03:23.521626 20897 net.cpp:100] relu5 -> conv5 (in-place)
I0828 18:03:23.521632 20897 net.cpp:127] Top shape: 128 256 13 13 (5537792)
I0828 18:03:23.521637 20897 net.cpp:153] relu5 needs backward computation.
I0828 18:03:23.521644 20897 net.cpp:76] Creating Layer pool5
I0828 18:03:23.521649 20897 net.cpp:86] pool5 <- conv5
I0828 18:03:23.521656 20897 net.cpp:112] pool5 -> pool5
I0828 18:03:23.521663 20897 net.cpp:127] Top shape: 128 256 6 6 (1179648)
I0828 18:03:23.521669 20897 net.cpp:153] pool5 needs backward computation.
I0828 18:03:23.521679 20897 net.cpp:76] Creating Layer fc6
I0828 18:03:23.521684 20897 net.cpp:86] fc6 <- pool5
I0828 18:03:23.521690 20897 net.cpp:112] fc6 -> fc6
I0828 18:03:25.361328 20897 net.cpp:127] Top shape: 128 4096 1 1 (524288)
I0828 18:03:25.361362 20897 net.cpp:153] fc6 needs backward computation.
I0828 18:03:25.361374 20897 net.cpp:76] Creating Layer relu6
I0828 18:03:25.361382 20897 net.cpp:86] relu6 <- fc6
I0828 18:03:25.361388 20897 net.cpp:100] relu6 -> fc6 (in-place)
I0828 18:03:25.361395 20897 net.cpp:127] Top shape: 128 4096 1 1 (524288)
I0828 18:03:25.361400 20897 net.cpp:153] relu6 needs backward computation.
I0828 18:03:25.361407 20897 net.cpp:76] Creating Layer drop6
I0828 18:03:25.361412 20897 net.cpp:86] drop6 <- fc6
I0828 18:03:25.361418 20897 net.cpp:100] drop6 -> fc6 (in-place)
I0828 18:03:25.361433 20897 net.cpp:127] Top shape: 128 4096 1 1 (524288)
I0828 18:03:25.361438 20897 net.cpp:153] drop6 needs backward computation.
I0828 18:03:25.361446 20897 net.cpp:76] Creating Layer fc7
I0828 18:03:25.361451 20897 net.cpp:86] fc7 <- fc6
I0828 18:03:25.361456 20897 net.cpp:112] fc7 -> fc7
I0828 18:03:26.176604 20897 net.cpp:127] Top shape: 128 4096 1 1 (524288)
I0828 18:03:26.176636 20897 net.cpp:153] fc7 needs backward computation.
I0828 18:03:26.176647 20897 net.cpp:76] Creating Layer relu7
I0828 18:03:26.176653 20897 net.cpp:86] relu7 <- fc7
I0828 18:03:26.176662 20897 net.cpp:100] relu7 -> fc7 (in-place)
I0828 18:03:26.176668 20897 net.cpp:127] Top shape: 128 4096 1 1 (524288)
I0828 18:03:26.176673 20897 net.cpp:153] relu7 needs backward computation.
I0828 18:03:26.176681 20897 net.cpp:76] Creating Layer drop7
I0828 18:03:26.176686 20897 net.cpp:86] drop7 <- fc7
I0828 18:03:26.176691 20897 net.cpp:100] drop7 -> fc7 (in-place)
I0828 18:03:26.176697 20897 net.cpp:127] Top shape: 128 4096 1 1 (524288)
I0828 18:03:26.176702 20897 net.cpp:153] drop7 needs backward computation.
I0828 18:03:26.176709 20897 net.cpp:76] Creating Layer fc8_new
I0828 18:03:26.176714 20897 net.cpp:86] fc8_new <- fc7
I0828 18:03:26.176720 20897 net.cpp:112] fc8_new -> fc8_new
I0828 18:03:26.177136 20897 net.cpp:127] Top shape: 128 2 1 1 (256)
I0828 18:03:26.177146 20897 net.cpp:153] fc8_new needs backward computation.
I0828 18:03:26.177155 20897 net.cpp:76] Creating Layer loss
I0828 18:03:26.177160 20897 net.cpp:86] loss <- fc8_new
I0828 18:03:26.177165 20897 net.cpp:86] loss <- label
I0828 18:03:26.177178 20897 net.cpp:153] loss needs backward computation.
I0828 18:03:26.177211 20897 net.cpp:182] Collecting Learning Rate and Weight Decay.
I0828 18:03:26.177225 20897 net.cpp:175] Network initialization done.
I0828 18:03:26.177230 20897 net.cpp:176] Memory required for Data 536869888
I0828 18:03:26.177279 20897 solver.cpp:45] Creating testing net.
I0828 18:03:26.177979 20897 net.cpp:76] Creating Layer data
I0828 18:03:26.177994 20897 net.cpp:112] data -> data
I0828 18:03:26.178002 20897 net.cpp:112] data -> label
I0828 18:03:26.178011 20897 data_layer.cpp:145] Opening leveldb clampdet_val_leveldb
I0828 18:03:26.251734 20897 data_layer.cpp:185] output data size: 128,3,227,227
I0828 18:03:26.251761 20897 data_layer.cpp:204] Loading mean file from../../data/clampdet/clampdet_mean.binaryproto
I0828 18:03:26.295706 20897 net.cpp:127] Top shape: 128 3 227 227 (19787136)
I0828 18:03:26.295730 20897 net.cpp:127] Top shape: 128 1 1 1 (128)
I0828 18:03:26.295737 20897 net.cpp:158] data does not need backward computation.
I0828 18:03:26.295750 20897 net.cpp:76] Creating Layer conv1
I0828 18:03:26.295758 20897 net.cpp:86] conv1 <- data
I0828 18:03:26.295764 20897 net.cpp:112] conv1 -> conv1
I0828 18:03:26.297536 20897 net.cpp:127] Top shape: 128 96 55 55 (37171200)
I0828 18:03:26.297550 20897 net.cpp:158] conv1 does not need backward computation.
I0828 18:03:26.297559 20897 net.cpp:76] Creating Layer relu1
I0828 18:03:26.297564 20897 net.cpp:86] relu1 <- conv1
I0828 18:03:26.297570 20897 net.cpp:100] relu1 -> conv1 (in-place)
I0828 18:03:26.297577 20897 net.cpp:127] Top shape: 128 96 55 55 (37171200)
I0828 18:03:26.297582 20897 net.cpp:158] relu1 does not need backward computation.
I0828 18:03:26.297588 20897 net.cpp:76] Creating Layer pool1
I0828 18:03:26.297593 20897 net.cpp:86] pool1 <- conv1
I0828 18:03:26.297600 20897 net.cpp:112] pool1 -> pool1
I0828 18:03:26.297606 20897 net.cpp:127] Top shape: 128 96 27 27 (8957952)
I0828 18:03:26.297611 20897 net.cpp:158] pool1 does not need backward computation.
I0828 18:03:26.297621 20897 net.cpp:76] Creating Layer norm1
I0828 18:03:26.297626 20897 net.cpp:86] norm1 <- pool1
I0828 18:03:26.297631 20897 net.cpp:112] norm1 -> norm1
I0828 18:03:26.297638 20897 net.cpp:127] Top shape: 128 96 27 27 (8957952)
I0828 18:03:26.297644 20897 net.cpp:158] norm1 does not need backward computation.
I0828 18:03:26.297652 20897 net.cpp:76] Creating Layer conv2
I0828 18:03:26.297657 20897 net.cpp:86] conv2 <- norm1
I0828 18:03:26.297662 20897 net.cpp:112] conv2 -> conv2
I0828 18:03:26.312242 20897 net.cpp:127] Top shape: 128 256 27 27 (23887872)
I0828 18:03:26.312258 20897 net.cpp:158] conv2 does not need backward computation.
I0828 18:03:26.312265 20897 net.cpp:76] Creating Layer relu2
I0828 18:03:26.312270 20897 net.cpp:86] relu2 <- conv2
I0828 18:03:26.312278 20897 net.cpp:100] relu2 -> conv2 (in-place)
I0828 18:03:26.312283 20897 net.cpp:127] Top shape: 128 256 27 27 (23887872)
I0828 18:03:26.312288 20897 net.cpp:158] relu2 does not need backward computation.
I0828 18:03:26.312294 20897 net.cpp:76] Creating Layer pool2
I0828 18:03:26.312299 20897 net.cpp:86] pool2 <- conv2
I0828 18:03:26.312304 20897 net.cpp:112] pool2 -> pool2
I0828 18:03:26.312311 20897 net.cpp:127] Top shape: 128 256 13 13 (5537792)
I0828 18:03:26.312317 20897 net.cpp:158] pool2 does not need backward computation.
I0828 18:03:26.312325 20897 net.cpp:76] Creating Layer norm2
I0828 18:03:26.312330 20897 net.cpp:86] norm2 <- pool2
I0828 18:03:26.312335 20897 net.cpp:112] norm2 -> norm2
I0828 18:03:26.312342 20897 net.cpp:127] Top shape: 128 256 13 13 (5537792)
I0828 18:03:26.312347 20897 net.cpp:158] norm2 does not need backward computation.
I0828 18:03:26.312355 20897 net.cpp:76] Creating Layer conv3
I0828 18:03:26.312360 20897 net.cpp:86] conv3 <- norm2
I0828 18:03:26.312366 20897 net.cpp:112] conv3 -> conv3
I0828 18:03:26.355698 20897 net.cpp:127] Top shape: 128 384 13 13 (8306688)
I0828 18:03:26.355737 20897 net.cpp:158] conv3 does not need backward computation.
I0828 18:03:26.355747 20897 net.cpp:76] Creating Layer relu3
I0828 18:03:26.355754 20897 net.cpp:86] relu3 <- conv3
I0828 18:03:26.355762 20897 net.cpp:100] relu3 -> conv3 (in-place)
I0828 18:03:26.355769 20897 net.cpp:127] Top shape: 128 384 13 13 (8306688)
I0828 18:03:26.355799 20897 net.cpp:158] relu3 does not need backward computation.
I0828 18:03:26.355808 20897 net.cpp:76] Creating Layer conv4
I0828 18:03:26.355814 20897 net.cpp:86] conv4 <- conv3
I0828 18:03:26.355819 20897 net.cpp:112] conv4 -> conv4
I0828 18:03:26.388260 20897 net.cpp:127] Top shape: 128 384 13 13 (8306688)
I0828 18:03:26.388298 20897 net.cpp:153] conv4 needs backward computation.
I0828 18:03:26.388309 20897 net.cpp:76] Creating Layer relu4
I0828 18:03:26.388315 20897 net.cpp:86] relu4 <- conv4
I0828 18:03:26.388324 20897 net.cpp:100] relu4 -> conv4 (in-place)
I0828 18:03:26.388329 20897 net.cpp:127] Top shape: 128 384 13 13 (8306688)
I0828 18:03:26.388335 20897 net.cpp:153] relu4 needs backward computation.
I0828 18:03:26.388342 20897 net.cpp:76] Creating Layer conv5
I0828 18:03:26.388347 20897 net.cpp:86] conv5 <- conv4
I0828 18:03:26.388353 20897 net.cpp:112] conv5 -> conv5
I0828 18:03:26.409910 20897 net.cpp:127] Top shape: 128 256 13 13 (5537792)
I0828 18:03:26.409946 20897 net.cpp:153] conv5 needs backward computation.
I0828 18:03:26.409958 20897 net.cpp:76] Creating Layer relu5
I0828 18:03:26.409965 20897 net.cpp:86] relu5 <- conv5
I0828 18:03:26.409972 20897 net.cpp:100] relu5 -> conv5 (in-place)
I0828 18:03:26.409979 20897 net.cpp:127] Top shape: 128 256 13 13 (5537792)
I0828 18:03:26.409984 20897 net.cpp:153] relu5 needs backward computation.
I0828 18:03:26.409991 20897 net.cpp:76] Creating Layer pool5
I0828 18:03:26.409996 20897 net.cpp:86] pool5 <- conv5
I0828 18:03:26.410002 20897 net.cpp:112] pool5 -> pool5
I0828 18:03:26.410011 20897 net.cpp:127] Top shape: 128 256 6 6 (1179648)
I0828 18:03:26.410017 20897 net.cpp:153] pool5 needs backward computation.
I0828 18:03:26.410027 20897 net.cpp:76] Creating Layer fc6
I0828 18:03:26.410032 20897 net.cpp:86] fc6 <- pool5
I0828 18:03:26.410038 20897 net.cpp:112] fc6 -> fc6
I0828 18:03:28.267101 20897 net.cpp:127] Top shape: 128 4096 1 1 (524288)
I0828 18:03:28.267132 20897 net.cpp:153] fc6 needs backward computation.
I0828 18:03:28.267144 20897 net.cpp:76] Creating Layer relu6
I0828 18:03:28.267150 20897 net.cpp:86] relu6 <- fc6
I0828 18:03:28.267159 20897 net.cpp:100] relu6 -> fc6 (in-place)
I0828 18:03:28.267165 20897 net.cpp:127] Top shape: 128 4096 1 1 (524288)
I0828 18:03:28.267171 20897 net.cpp:153] relu6 needs backward computation.
I0828 18:03:28.267177 20897 net.cpp:76] Creating Layer drop6
I0828 18:03:28.267182 20897 net.cpp:86] drop6 <- fc6
I0828 18:03:28.267189 20897 net.cpp:100] drop6 -> fc6 (in-place)
I0828 18:03:28.267194 20897 net.cpp:127] Top shape: 128 4096 1 1 (524288)
I0828 18:03:28.267199 20897 net.cpp:153] drop6 needs backward computation.
I0828 18:03:28.267209 20897 net.cpp:76] Creating Layer fc7
I0828 18:03:28.267213 20897 net.cpp:86] fc7 <- fc6
I0828 18:03:28.267218 20897 net.cpp:112] fc7 -> fc7
I0828 18:03:29.092373 20897 net.cpp:127] Top shape: 128 4096 1 1 (524288)
I0828 18:03:29.092406 20897 net.cpp:153] fc7 needs backward computation.
I0828 18:03:29.092417 20897 net.cpp:76] Creating Layer relu7
I0828 18:03:29.092423 20897 net.cpp:86] relu7 <- fc7
I0828 18:03:29.092432 20897 net.cpp:100] relu7 -> fc7 (in-place)
I0828 18:03:29.092438 20897 net.cpp:127] Top shape: 128 4096 1 1 (524288)
I0828 18:03:29.092443 20897 net.cpp:153] relu7 needs backward computation.
I0828 18:03:29.092450 20897 net.cpp:76] Creating Layer drop7
I0828 18:03:29.092455 20897 net.cpp:86] drop7 <- fc7
I0828 18:03:29.092461 20897 net.cpp:100] drop7 -> fc7 (in-place)
I0828 18:03:29.092468 20897 net.cpp:127] Top shape: 128 4096 1 1 (524288)
I0828 18:03:29.092473 20897 net.cpp:153] drop7 needs backward computation.
I0828 18:03:29.092480 20897 net.cpp:76] Creating Layer fc8_new
I0828 18:03:29.092485 20897 net.cpp:86] fc8_new <- fc7
I0828 18:03:29.092491 20897 net.cpp:112] fc8_new -> fc8_new
I0828 18:03:29.092890 20897 net.cpp:127] Top shape: 128 2 1 1 (256)
I0828 18:03:29.092900 20897 net.cpp:153] fc8_new needs backward computation.
I0828 18:03:29.092906 20897 net.cpp:76] Creating Layer prob
I0828 18:03:29.092912 20897 net.cpp:86] prob <- fc8_new
I0828 18:03:29.092918 20897 net.cpp:112] prob -> prob
I0828 18:03:29.092926 20897 net.cpp:127] Top shape: 128 2 1 1 (256)
I0828 18:03:29.092932 20897 net.cpp:153] prob needs backward computation.
I0828 18:03:29.092938 20897 net.cpp:76] Creating Layer accuracy
I0828 18:03:29.092943 20897 net.cpp:86] accuracy <- prob
I0828 18:03:29.092949 20897 net.cpp:86] accuracy <- label
I0828 18:03:29.092957 20897 net.cpp:112] accuracy -> accuracy
I0828 18:03:29.092973 20897 net.cpp:127] Top shape: 1 2 1 1 (2)
I0828 18:03:29.092979 20897 net.cpp:153] accuracy needs backward computation.
I0828 18:03:29.092984 20897 net.cpp:164] This network produces output accuracy
I0828 18:03:29.093005 20897 net.cpp:182] Collecting Learning Rate and Weight Decay.
I0828 18:03:29.093019 20897 net.cpp:175] Network initialization done.
I0828 18:03:29.093022 20897 net.cpp:176] Memory required for Data 536870920
I0828 18:03:29.093070 20897 solver.cpp:50] Solver scaffolding done.
I0828 18:03:29.093076 20897 finetune_net.cpp:27] Loading from ../alexnet/caffe_alexnet_model
I0828 18:03:31.075328 20897 net.cpp:366] Copying source layer data
I0828 18:03:31.075361 20897 net.cpp:366] Copying source layer conv1
I0828 18:03:31.075454 20897 net.cpp:366] Copying source layer relu1
I0828 18:03:31.075464 20897 net.cpp:366] Copying source layer norm1
I0828 18:03:31.075469 20897 net.cpp:366] Copying source layer pool1
I0828 18:03:31.075474 20897 net.cpp:366] Copying source layer conv2
I0828 18:03:31.076385 20897 net.cpp:366] Copying source layer relu2
I0828 18:03:31.076400 20897 net.cpp:366] Copying source layer norm2
I0828 18:03:31.076405 20897 net.cpp:366] Copying source layer pool2
I0828 18:03:31.076410 20897 net.cpp:366] Copying source layer conv3
I0828 18:03:31.078585 20897 net.cpp:366] Copying source layer relu3
I0828 18:03:31.078613 20897 net.cpp:366] Copying source layer conv4
I0828 18:03:31.080313 20897 net.cpp:366] Copying source layer relu4
I0828 18:03:31.080332 20897 net.cpp:366] Copying source layer conv5
I0828 18:03:31.081493 20897 net.cpp:366] Copying source layer relu5
I0828 18:03:31.081509 20897 net.cpp:366] Copying source layer pool5
I0828 18:03:31.081514 20897 net.cpp:366] Copying source layer fc6
I0828 18:03:31.236733 20897 net.cpp:366] Copying source layer relu6
I0828 18:03:31.236770 20897 net.cpp:366] Copying source layer drop6
I0828 18:03:31.236776 20897 net.cpp:366] Copying source layer fc7
I0828 18:03:31.303457 20897 net.cpp:366] Copying source layer relu7
I0828 18:03:31.303496 20897 net.cpp:366] Copying source layer drop7
I0828 18:03:31.303501 20897 net.cpp:363] Ignoring source layer fc8
I0828 18:03:31.303506 20897 net.cpp:366] Copying source layer loss
I0828 18:03:31.323602 20897 solver.cpp:62] Solving ClampFineNet
I0828 18:03:31.323652 20897 solver.cpp:136] Iteration 0, Testing net
I0828 18:03:33.458077 20897 solver.cpp:172] Test score #0: 0.528131
I0828 18:03:33.470157 20897 solver.cpp:172] Test score #1: 0.63486
I0828 18:03:33.898865 20897 solver.cpp:269] Iteration 1, lr = 0.0001
I0828 18:03:33.923282 20897 solver.cpp:117] Iteration 1, loss = 0.760827
I0828 18:03:34.516279 20897 solver.cpp:269] Iteration 2, lr = 0.0001
I0828 18:03:34.538343 20897 solver.cpp:117] Iteration 2, loss = 0.481914
I0828 18:03:35.376039 20897 solver.cpp:269] Iteration 3, lr = 0.0001
I0828 18:03:35.399243 20897 solver.cpp:117] Iteration 3, loss = 0.478605
I0828 18:03:35.991763 20897 solver.cpp:269] Iteration 4, lr = 0.0001
I0828 18:03:36.014825 20897 solver.cpp:117] Iteration 4, loss = 0.395856
I0828 18:03:36.607695 20897 solver.cpp:269] Iteration 5, lr = 0.0001
I0828 18:03:36.630657 20897 solver.cpp:117] Iteration 5, loss = 0.409287
I0828 18:03:37.223387 20897 solver.cpp:269] Iteration 6, lr = 0.0001
I0828 18:03:37.246142 20897 solver.cpp:117] Iteration 6, loss = 0.386323
I0828 18:03:37.838618 20897 solver.cpp:269] Iteration 7, lr = 0.0001
I0828 18:03:37.861515 20897 solver.cpp:117] Iteration 7, loss = 0.376158
I0828 18:03:38.455008 20897 solver.cpp:269] Iteration 8, lr = 0.0001
I0828 18:03:38.478081 20897 solver.cpp:117] Iteration 8, loss = 0.406507
I0828 18:03:39.070875 20897 solver.cpp:269] Iteration 9, lr = 0.0001
I0828 18:03:39.093818 20897 solver.cpp:117] Iteration 9, loss = 0.380621
I0828 18:03:39.686836 20897 solver.cpp:269] Iteration 10, lr = 0.0001
I0828 18:03:39.709429 20897 solver.cpp:117] Iteration 10, loss = 0.30433
I0828 18:03:40.302561 20897 solver.cpp:269] Iteration 11, lr = 0.0001
I0828 18:03:40.325629 20897 solver.cpp:117] Iteration 11, loss = 0.365375
I0828 18:03:40.919117 20897 solver.cpp:269] Iteration 12, lr = 0.0001
I0828 18:03:40.941902 20897 solver.cpp:117] Iteration 12, loss = 0.293214
I0828 18:03:41.534945 20897 solver.cpp:269] Iteration 13, lr = 0.0001
I0828 18:03:41.557706 20897 solver.cpp:117] Iteration 13, loss = 0.315994
I0828 18:03:42.151362 20897 solver.cpp:269] Iteration 14, lr = 0.0001
I0828 18:03:42.173950 20897 solver.cpp:117] Iteration 14, loss = 0.325312
I0828 18:03:42.767561 20897 solver.cpp:269] Iteration 15, lr = 0.0001
I0828 18:03:42.790248 20897 solver.cpp:117] Iteration 15, loss = 0.28772
I0828 18:03:43.383888 20897 solver.cpp:269] Iteration 16, lr = 0.0001
I0828 18:03:43.406715 20897 solver.cpp:117] Iteration 16, loss = 0.329467
I0828 18:03:44.000119 20897 solver.cpp:269] Iteration 17, lr = 0.0001
I0828 18:03:44.022836 20897 solver.cpp:117] Iteration 17, loss = 0.381635
I0828 18:03:44.615993 20897 solver.cpp:269] Iteration 18, lr = 0.0001
I0828 18:03:44.638772 20897 solver.cpp:117] Iteration 18, loss = 0.245239
I0828 18:03:45.231237 20897 solver.cpp:269] Iteration 19, lr = 0.0001
I0828 18:03:45.254241 20897 solver.cpp:117] Iteration 19, loss = 0.249783
I0828 18:03:46.013041 20897 solver.cpp:269] Iteration 20, lr = 0.0001
I0828 18:03:46.035696 20897 solver.cpp:117] Iteration 20, loss = 0.327111
I0828 18:03:46.628797 20897 solver.cpp:269] Iteration 21, lr = 0.0001
I0828 18:03:46.651475 20897 solver.cpp:117] Iteration 21, loss = 0.271257
I0828 18:03:47.244879 20897 solver.cpp:269] Iteration 22, lr = 0.0001
I0828 18:03:47.267917 20897 solver.cpp:117] Iteration 22, loss = 0.290172
I0828 18:03:47.860615 20897 solver.cpp:269] Iteration 23, lr = 0.0001
I0828 18:03:47.883309 20897 solver.cpp:117] Iteration 23, loss = 0.427828
I0828 18:03:48.476714 20897 solver.cpp:269] Iteration 24, lr = 0.0001
I0828 18:03:48.499699 20897 solver.cpp:117] Iteration 24, loss = 0.278636
I0828 18:03:49.092650 20897 solver.cpp:269] Iteration 25, lr = 0.0001
I0828 18:03:49.115414 20897 solver.cpp:117] Iteration 25, loss = 0.285164
I0828 18:03:49.708660 20897 solver.cpp:269] Iteration 26, lr = 0.0001
I0828 18:03:49.731945 20897 solver.cpp:117] Iteration 26, loss = 0.239324
I0828 18:03:50.324672 20897 solver.cpp:269] Iteration 27, lr = 0.0001
I0828 18:03:50.347759 20897 solver.cpp:117] Iteration 27, loss = 0.287735
I0828 18:03:50.940836 20897 solver.cpp:269] Iteration 28, lr = 0.0001
I0828 18:03:50.963485 20897 solver.cpp:117] Iteration 28, loss = 0.321132
I0828 18:03:51.556159 20897 solver.cpp:269] Iteration 29, lr = 0.0001
I0828 18:03:51.579124 20897 solver.cpp:117] Iteration 29, loss = 0.28858
I0828 18:03:52.172675 20897 solver.cpp:269] Iteration 30, lr = 0.0001
I0828 18:03:52.195718 20897 solver.cpp:117] Iteration 30, loss = 0.146774
I0828 18:03:52.788573 20897 solver.cpp:269] Iteration 31, lr = 0.0001
I0828 18:03:52.811293 20897 solver.cpp:117] Iteration 31, loss = 0.246946
I0828 18:03:53.404410 20897 solver.cpp:269] Iteration 32, lr = 0.0001
I0828 18:03:53.427409 20897 solver.cpp:117] Iteration 32, loss = 0.28494
I0828 18:03:54.020656 20897 solver.cpp:269] Iteration 33, lr = 0.0001
I0828 18:03:54.043454 20897 solver.cpp:117] Iteration 33, loss = 0.269615
I0828 18:03:54.636776 20897 solver.cpp:269] Iteration 34, lr = 0.0001
I0828 18:03:54.659443 20897 solver.cpp:117] Iteration 34, loss = 0.383731
I0828 18:03:55.252676 20897 solver.cpp:269] Iteration 35, lr = 0.0001
I0828 18:03:55.275389 20897 solver.cpp:117] Iteration 35, loss = 0.229513
I0828 18:03:55.868888 20897 solver.cpp:269] Iteration 36, lr = 0.0001
I0828 18:03:55.891935 20897 solver.cpp:117] Iteration 36, loss = 0.222578
I0828 18:03:56.485170 20897 solver.cpp:269] Iteration 37, lr = 0.0001
I0828 18:03:56.507872 20897 solver.cpp:117] Iteration 37, loss = 0.357347
I0828 18:03:57.101135 20897 solver.cpp:269] Iteration 38, lr = 0.0001
I0828 18:03:57.124003 20897 solver.cpp:117] Iteration 38, loss = 0.362713
I0828 18:03:57.716145 20897 solver.cpp:269] Iteration 39, lr = 0.0001
I0828 18:03:57.738900 20897 solver.cpp:117] Iteration 39, loss = 0.299162
I0828 18:03:58.331748 20897 solver.cpp:269] Iteration 40, lr = 0.0001
I0828 18:03:58.354892 20897 solver.cpp:117] Iteration 40, loss = 0.32116
I0828 18:03:58.947628 20897 solver.cpp:269] Iteration 41, lr = 0.0001
I0828 18:03:58.970228 20897 solver.cpp:117] Iteration 41, loss = 0.237179
I0828 18:03:59.562800 20897 solver.cpp:269] Iteration 42, lr = 0.0001
I0828 18:03:59.585585 20897 solver.cpp:117] Iteration 42, loss = 0.230952
I0828 18:04:00.179085 20897 solver.cpp:269] Iteration 43, lr = 0.0001
I0828 18:04:00.201702 20897 solver.cpp:117] Iteration 43, loss = 0.398663
I0828 18:04:00.794453 20897 solver.cpp:269] Iteration 44, lr = 0.0001
I0828 18:04:00.817354 20897 solver.cpp:117] Iteration 44, loss = 0.271858
I0828 18:04:01.410589 20897 solver.cpp:269] Iteration 45, lr = 0.0001
I0828 18:04:01.433398 20897 solver.cpp:117] Iteration 45, loss = 0.321492
I0828 18:04:02.026414 20897 solver.cpp:269] Iteration 46, lr = 0.0001
I0828 18:04:02.049105 20897 solver.cpp:117] Iteration 46, loss = 0.346898
I0828 18:04:02.643046 20897 solver.cpp:269] Iteration 47, lr = 0.0001
I0828 18:04:02.665985 20897 solver.cpp:117] Iteration 47, loss = 0.213658
I0828 18:04:03.258756 20897 solver.cpp:269] Iteration 48, lr = 0.0001
I0828 18:04:03.281373 20897 solver.cpp:117] Iteration 48, loss = 0.267142
I0828 18:04:03.874299 20897 solver.cpp:269] Iteration 49, lr = 0.0001
I0828 18:04:03.897040 20897 solver.cpp:117] Iteration 49, loss = 0.314887
I0828 18:04:04.490682 20897 solver.cpp:269] Iteration 50, lr = 0.0001
I0828 18:04:04.513613 20897 solver.cpp:117] Iteration 50, loss = 0.172267
I0828 18:04:05.106794 20897 solver.cpp:269] Iteration 51, lr = 0.0001
I0828 18:04:05.129941 20897 solver.cpp:117] Iteration 51, loss = 0.266352
I0828 18:04:05.722167 20897 solver.cpp:269] Iteration 52, lr = 0.0001
I0828 18:04:05.744848 20897 solver.cpp:117] Iteration 52, loss = 0.216452
I0828 18:04:06.337584 20897 solver.cpp:269] Iteration 53, lr = 0.0001
I0828 18:04:06.360257 20897 solver.cpp:117] Iteration 53, loss = 0.235642
I0828 18:04:06.953485 20897 solver.cpp:269] Iteration 54, lr = 0.0001
I0828 18:04:06.976200 20897 solver.cpp:117] Iteration 54, loss = 0.243412
I0828 18:04:07.569919 20897 solver.cpp:269] Iteration 55, lr = 0.0001
I0828 18:04:07.593067 20897 solver.cpp:117] Iteration 55, loss = 0.326785
I0828 18:04:08.186498 20897 solver.cpp:269] Iteration 56, lr = 0.0001
I0828 18:04:08.209326 20897 solver.cpp:117] Iteration 56, loss = 0.274981
I0828 18:04:08.802685 20897 solver.cpp:269] Iteration 57, lr = 0.0001
I0828 18:04:08.825747 20897 solver.cpp:117] Iteration 57, loss = 0.243236
I0828 18:04:09.419057 20897 solver.cpp:269] Iteration 58, lr = 0.0001
I0828 18:04:09.441822 20897 solver.cpp:117] Iteration 58, loss = 0.318848
I0828 18:04:10.034579 20897 solver.cpp:269] Iteration 59, lr = 0.0001
I0828 18:04:10.057255 20897 solver.cpp:117] Iteration 59, loss = 0.194886
I0828 18:04:10.650431 20897 solver.cpp:269] Iteration 60, lr = 0.0001
I0828 18:04:10.673267 20897 solver.cpp:117] Iteration 60, loss = 0.310471
I0828 18:04:11.266108 20897 solver.cpp:269] Iteration 61, lr = 0.0001
I0828 18:04:11.289019 20897 solver.cpp:117] Iteration 61, loss = 0.247004
I0828 18:04:11.882223 20897 solver.cpp:269] Iteration 62, lr = 0.0001
I0828 18:04:11.904731 20897 solver.cpp:117] Iteration 62, loss = 0.173112
I0828 18:04:12.498342 20897 solver.cpp:269] Iteration 63, lr = 0.0001
I0828 18:04:12.521391 20897 solver.cpp:117] Iteration 63, loss = 0.196963
I0828 18:04:13.114346 20897 solver.cpp:269] Iteration 64, lr = 0.0001
I0828 18:04:13.137230 20897 solver.cpp:117] Iteration 64, loss = 0.227309
I0828 18:04:13.730293 20897 solver.cpp:269] Iteration 65, lr = 0.0001
I0828 18:04:13.753288 20897 solver.cpp:117] Iteration 65, loss = 0.318334
I0828 18:04:14.346384 20897 solver.cpp:269] Iteration 66, lr = 0.0001
I0828 18:04:14.369155 20897 solver.cpp:117] Iteration 66, loss = 0.25483
I0828 18:04:14.962441 20897 solver.cpp:269] Iteration 67, lr = 0.0001
I0828 18:04:14.985066 20897 solver.cpp:117] Iteration 67, loss = 0.225603
I0828 18:04:15.578233 20897 solver.cpp:269] Iteration 68, lr = 0.0001
I0828 18:04:15.601066 20897 solver.cpp:117] Iteration 68, loss = 0.320645
I0828 18:04:16.194939 20897 solver.cpp:269] Iteration 69, lr = 0.0001
I0828 18:04:16.218020 20897 solver.cpp:117] Iteration 69, loss = 0.206322
I0828 18:04:16.811696 20897 solver.cpp:269] Iteration 70, lr = 0.0001
I0828 18:04:16.834491 20897 solver.cpp:117] Iteration 70, loss = 0.231029
I0828 18:04:17.427490 20897 solver.cpp:269] Iteration 71, lr = 0.0001
I0828 18:04:17.450585 20897 solver.cpp:117] Iteration 71, loss = 0.207639
I0828 18:04:18.043473 20897 solver.cpp:269] Iteration 72, lr = 0.0001
I0828 18:04:18.066377 20897 solver.cpp:117] Iteration 72, loss = 0.341928
I0828 18:04:18.659169 20897 solver.cpp:269] Iteration 73, lr = 0.0001
I0828 18:04:18.682224 20897 solver.cpp:117] Iteration 73, loss = 0.195819
I0828 18:04:19.276059 20897 solver.cpp:269] Iteration 74, lr = 0.0001
I0828 18:04:19.298758 20897 solver.cpp:117] Iteration 74, loss = 0.239626
I0828 18:04:19.892241 20897 solver.cpp:269] Iteration 75, lr = 0.0001
I0828 18:04:19.915073 20897 solver.cpp:117] Iteration 75, loss = 0.208478
I0828 18:04:20.507752 20897 solver.cpp:269] Iteration 76, lr = 0.0001
I0828 18:04:20.530920 20897 solver.cpp:117] Iteration 76, loss = 0.286295
I0828 18:04:21.318879 20897 solver.cpp:269] Iteration 77, lr = 0.0001
I0828 18:04:21.341590 20897 solver.cpp:117] Iteration 77, loss = 0.293063
I0828 18:04:21.935024 20897 solver.cpp:269] Iteration 78, lr = 0.0001
I0828 18:04:21.957887 20897 solver.cpp:117] Iteration 78, loss = 0.220858
I0828 18:04:22.551262 20897 solver.cpp:269] Iteration 79, lr = 0.0001
I0828 18:04:22.574038 20897 solver.cpp:117] Iteration 79, loss = 0.292622
I0828 18:04:23.166631 20897 solver.cpp:269] Iteration 80, lr = 0.0001
I0828 18:04:23.189438 20897 solver.cpp:117] Iteration 80, loss = 0.260055
I0828 18:04:23.782286 20897 solver.cpp:269] Iteration 81, lr = 0.0001
I0828 18:04:23.805124 20897 solver.cpp:117] Iteration 81, loss = 0.2295
I0828 18:04:24.398547 20897 solver.cpp:269] Iteration 82, lr = 0.0001
I0828 18:04:24.421327 20897 solver.cpp:117] Iteration 82, loss = 0.197036
I0828 18:04:25.014564 20897 solver.cpp:269] Iteration 83, lr = 0.0001
I0828 18:04:25.037389 20897 solver.cpp:117] Iteration 83, loss = 0.149437
I0828 18:04:25.630224 20897 solver.cpp:269] Iteration 84, lr = 0.0001
I0828 18:04:25.652703 20897 solver.cpp:117] Iteration 84, loss = 0.264308
I0828 18:04:26.245640 20897 solver.cpp:269] Iteration 85, lr = 0.0001
I0828 18:04:26.268476 20897 solver.cpp:117] Iteration 85, loss = 0.242754
I0828 18:04:26.861457 20897 solver.cpp:269] Iteration 86, lr = 0.0001
I0828 18:04:26.884309 20897 solver.cpp:117] Iteration 86, loss = 0.281761
I0828 18:04:27.477007 20897 solver.cpp:269] Iteration 87, lr = 0.0001
I0828 18:04:27.499933 20897 solver.cpp:117] Iteration 87, loss = 0.223826
I0828 18:04:28.092883 20897 solver.cpp:269] Iteration 88, lr = 0.0001
I0828 18:04:28.115684 20897 solver.cpp:117] Iteration 88, loss = 0.271294
I0828 18:04:28.709081 20897 solver.cpp:269] Iteration 89, lr = 0.0001
I0828 18:04:28.731999 20897 solver.cpp:117] Iteration 89, loss = 0.246946
I0828 18:04:29.325189 20897 solver.cpp:269] Iteration 90, lr = 0.0001
I0828 18:04:29.348004 20897 solver.cpp:117] Iteration 90, loss = 0.24015
I0828 18:04:29.940431 20897 solver.cpp:269] Iteration 91, lr = 0.0001
I0828 18:04:29.963316 20897 solver.cpp:117] Iteration 91, loss = 0.30713
I0828 18:04:30.556242 20897 solver.cpp:269] Iteration 92, lr = 0.0001
I0828 18:04:30.579022 20897 solver.cpp:117] Iteration 92, loss = 0.25989
I0828 18:04:31.172046 20897 solver.cpp:269] Iteration 93, lr = 0.0001
I0828 18:04:31.194778 20897 solver.cpp:117] Iteration 93, loss = 0.207846
I0828 18:04:31.787883 20897 solver.cpp:269] Iteration 94, lr = 0.0001
I0828 18:04:31.810544 20897 solver.cpp:117] Iteration 94, loss = 0.291338
I0828 18:04:32.403622 20897 solver.cpp:269] Iteration 95, lr = 0.0001
I0828 18:04:32.426481 20897 solver.cpp:117] Iteration 95, loss = 0.203418
I0828 18:04:33.019158 20897 solver.cpp:269] Iteration 96, lr = 0.0001
I0828 18:04:33.042073 20897 solver.cpp:117] Iteration 96, loss = 0.236853
I0828 18:04:33.634752 20897 solver.cpp:269] Iteration 97, lr = 0.0001
I0828 18:04:33.657755 20897 solver.cpp:117] Iteration 97, loss = 0.275265
I0828 18:04:34.250927 20897 solver.cpp:269] Iteration 98, lr = 0.0001
I0828 18:04:34.274029 20897 solver.cpp:117] Iteration 98, loss = 0.145519
I0828 18:04:34.866547 20897 solver.cpp:269] Iteration 99, lr = 0.0001
I0828 18:04:34.889642 20897 solver.cpp:117] Iteration 99, loss = 0.200693
I0828 18:04:35.482501 20897 solver.cpp:269] Iteration 100, lr = 0.0001
I0828 18:04:35.505483 20897 solver.cpp:117] Iteration 100, loss = 0.262547
I0828 18:04:36.098495 20897 solver.cpp:269] Iteration 101, lr = 0.0001
I0828 18:04:36.121655 20897 solver.cpp:117] Iteration 101, loss = 0.189455
I0828 18:04:36.714804 20897 solver.cpp:269] Iteration 102, lr = 0.0001
I0828 18:04:36.737545 20897 solver.cpp:117] Iteration 102, loss = 0.179231
I0828 18:04:37.330476 20897 solver.cpp:269] Iteration 103, lr = 0.0001
I0828 18:04:37.353546 20897 solver.cpp:117] Iteration 103, loss = 0.209467
I0828 18:04:37.947149 20897 solver.cpp:269] Iteration 104, lr = 0.0001
I0828 18:04:37.970208 20897 solver.cpp:117] Iteration 104, loss = 0.151739
I0828 18:04:38.563205 20897 solver.cpp:269] Iteration 105, lr = 0.0001
I0828 18:04:38.586122 20897 solver.cpp:117] Iteration 105, loss = 0.217245
I0828 18:04:39.179169 20897 solver.cpp:269] Iteration 106, lr = 0.0001
I0828 18:04:39.201792 20897 solver.cpp:117] Iteration 106, loss = 0.267241
I0828 18:04:39.794687 20897 solver.cpp:269] Iteration 107, lr = 0.0001
I0828 18:04:39.817574 20897 solver.cpp:117] Iteration 107, loss = 0.214854
I0828 18:04:40.410358 20897 solver.cpp:269] Iteration 108, lr = 0.0001
I0828 18:04:40.433225 20897 solver.cpp:117] Iteration 108, loss = 0.187274
I0828 18:04:41.025745 20897 solver.cpp:269] Iteration 109, lr = 0.0001
I0828 18:04:41.048884 20897 solver.cpp:117] Iteration 109, loss = 0.314296
I0828 18:04:41.640897 20897 solver.cpp:269] Iteration 110, lr = 0.0001
I0828 18:04:41.663815 20897 solver.cpp:117] Iteration 110, loss = 0.203958
I0828 18:04:42.256886 20897 solver.cpp:269] Iteration 111, lr = 0.0001
I0828 18:04:42.279990 20897 solver.cpp:117] Iteration 111, loss = 0.212296
I0828 18:04:42.872812 20897 solver.cpp:269] Iteration 112, lr = 0.0001
I0828 18:04:42.895975 20897 solver.cpp:117] Iteration 112, loss = 0.189215
I0828 18:04:43.488369 20897 solver.cpp:269] Iteration 113, lr = 0.0001
I0828 18:04:43.511204 20897 solver.cpp:117] Iteration 113, loss = 0.256943
I0828 18:04:44.104104 20897 solver.cpp:269] Iteration 114, lr = 0.0001
I0828 18:04:44.127140 20897 solver.cpp:117] Iteration 114, loss = 0.154928
I0828 18:04:44.719979 20897 solver.cpp:269] Iteration 115, lr = 0.0001
I0828 18:04:44.743019 20897 solver.cpp:117] Iteration 115, loss = 0.234841
I0828 18:04:45.335381 20897 solver.cpp:269] Iteration 116, lr = 0.0001
I0828 18:04:45.358429 20897 solver.cpp:117] Iteration 116, loss = 0.172186
I0828 18:04:45.951442 20897 solver.cpp:269] Iteration 117, lr = 0.0001
I0828 18:04:45.974225 20897 solver.cpp:117] Iteration 117, loss = 0.148093
I0828 18:04:46.566634 20897 solver.cpp:269] Iteration 118, lr = 0.0001
I0828 18:04:46.589519 20897 solver.cpp:117] Iteration 118, loss = 0.230948
I0828 18:04:47.182718 20897 solver.cpp:269] Iteration 119, lr = 0.0001
I0828 18:04:47.205265 20897 solver.cpp:117] Iteration 119, loss = 0.239742
I0828 18:04:47.798452 20897 solver.cpp:269] Iteration 120, lr = 0.0001
I0828 18:04:47.821081 20897 solver.cpp:117] Iteration 120, loss = 0.308184
I0828 18:04:48.414011 20897 solver.cpp:269] Iteration 121, lr = 0.0001
I0828 18:04:48.437212 20897 solver.cpp:117] Iteration 121, loss = 0.240098
I0828 18:04:49.030484 20897 solver.cpp:269] Iteration 122, lr = 0.0001
I0828 18:04:49.053455 20897 solver.cpp:117] Iteration 122, loss = 0.176693
I0828 18:04:49.646384 20897 solver.cpp:269] Iteration 123, lr = 0.0001
I0828 18:04:49.669294 20897 solver.cpp:117] Iteration 123, loss = 0.240892
I0828 18:04:50.262311 20897 solver.cpp:269] Iteration 124, lr = 0.0001
I0828 18:04:50.285234 20897 solver.cpp:117] Iteration 124, loss = 0.223805
I0828 18:04:50.877446 20897 solver.cpp:269] Iteration 125, lr = 0.0001
I0828 18:04:50.900826 20897 solver.cpp:117] Iteration 125, loss = 0.180961
I0828 18:04:51.494087 20897 solver.cpp:269] Iteration 126, lr = 0.0001
I0828 18:04:51.516691 20897 solver.cpp:117] Iteration 126, loss = 0.275252
I0828 18:04:52.109308 20897 solver.cpp:269] Iteration 127, lr = 0.0001
I0828 18:04:52.132438 20897 solver.cpp:117] Iteration 127, loss = 0.234676
I0828 18:04:52.725028 20897 solver.cpp:269] Iteration 128, lr = 0.0001
I0828 18:04:52.747908 20897 solver.cpp:117] Iteration 128, loss = 0.202172
I0828 18:04:53.340992 20897 solver.cpp:269] Iteration 129, lr = 0.0001
I0828 18:04:53.364234 20897 solver.cpp:117] Iteration 129, loss = 0.237245
I0828 18:04:53.957346 20897 solver.cpp:269] Iteration 130, lr = 0.0001
I0828 18:04:53.980288 20897 solver.cpp:117] Iteration 130, loss = 0.342086
I0828 18:04:54.573217 20897 solver.cpp:269] Iteration 131, lr = 0.0001
I0828 18:04:54.596400 20897 solver.cpp:117] Iteration 131, loss = 0.189069
I0828 18:04:55.189420 20897 solver.cpp:269] Iteration 132, lr = 0.0001
I0828 18:04:55.212227 20897 solver.cpp:117] Iteration 132, loss = 0.376152
I0828 18:04:55.805254 20897 solver.cpp:269] Iteration 133, lr = 0.0001
I0828 18:04:55.828552 20897 solver.cpp:117] Iteration 133, loss = 0.128012
I0828 18:04:56.421633 20897 solver.cpp:269] Iteration 134, lr = 0.0001
I0828 18:04:56.444658 20897 solver.cpp:117] Iteration 134, loss = 0.301068
I0828 18:04:57.037710 20897 solver.cpp:269] Iteration 135, lr = 0.0001
I0828 18:04:57.060689 20897 solver.cpp:117] Iteration 135, loss = 0.227557
I0828 18:04:57.653517 20897 solver.cpp:269] Iteration 136, lr = 0.0001
I0828 18:04:57.676350 20897 solver.cpp:117] Iteration 136, loss = 0.112896
I0828 18:04:58.269465 20897 solver.cpp:269] Iteration 137, lr = 0.0001
I0828 18:04:58.292485 20897 solver.cpp:117] Iteration 137, loss = 0.23369
I0828 18:04:58.884920 20897 solver.cpp:269] Iteration 138, lr = 0.0001
I0828 18:04:58.907963 20897 solver.cpp:117] Iteration 138, loss = 0.199446
I0828 18:04:59.501332 20897 solver.cpp:269] Iteration 139, lr = 0.0001
I0828 18:04:59.524580 20897 solver.cpp:117] Iteration 139, loss = 0.260785
I0828 18:05:00.117800 20897 solver.cpp:269] Iteration 140, lr = 0.0001
I0828 18:05:00.140899 20897 solver.cpp:117] Iteration 140, loss = 0.193386
I0828 18:05:00.733050 20897 solver.cpp:269] Iteration 141, lr = 0.0001
I0828 18:05:00.755902 20897 solver.cpp:117] Iteration 141, loss = 0.237418
I0828 18:05:01.348580 20897 solver.cpp:269] Iteration 142, lr = 0.0001
I0828 18:05:01.371484 20897 solver.cpp:117] Iteration 142, loss = 0.200696
I0828 18:05:01.964052 20897 solver.cpp:269] Iteration 143, lr = 0.0001
I0828 18:05:01.986861 20897 solver.cpp:117] Iteration 143, loss = 0.256347
I0828 18:05:02.579030 20897 solver.cpp:269] Iteration 144, lr = 0.0001
I0828 18:05:02.602380 20897 solver.cpp:117] Iteration 144, loss = 0.260581
I0828 18:05:03.195343 20897 solver.cpp:269] Iteration 145, lr = 0.0001
I0828 18:05:03.218255 20897 solver.cpp:117] Iteration 145, loss = 0.171933
I0828 18:05:03.811247 20897 solver.cpp:269] Iteration 146, lr = 0.0001
I0828 18:05:03.833988 20897 solver.cpp:117] Iteration 146, loss = 0.229378
I0828 18:05:04.426556 20897 solver.cpp:269] Iteration 147, lr = 0.0001
I0828 18:05:04.449255 20897 solver.cpp:117] Iteration 147, loss = 0.186747
I0828 18:05:05.042201 20897 solver.cpp:269] Iteration 148, lr = 0.0001
I0828 18:05:05.065109 20897 solver.cpp:117] Iteration 148, loss = 0.295075
I0828 18:05:05.657429 20897 solver.cpp:269] Iteration 149, lr = 0.0001
I0828 18:05:05.680414 20897 solver.cpp:117] Iteration 149, loss = 0.199024
I0828 18:05:06.273319 20897 solver.cpp:269] Iteration 150, lr = 0.0001
I0828 18:05:06.296283 20897 solver.cpp:117] Iteration 150, loss = 0.166355
I0828 18:05:06.888830 20897 solver.cpp:269] Iteration 151, lr = 0.0001
I0828 18:05:06.911731 20897 solver.cpp:117] Iteration 151, loss = 0.297247
I0828 18:05:07.504413 20897 solver.cpp:269] Iteration 152, lr = 0.0001
I0828 18:05:07.527287 20897 solver.cpp:117] Iteration 152, loss = 0.21103
I0828 18:05:08.121129 20897 solver.cpp:269] Iteration 153, lr = 0.0001
I0828 18:05:08.144181 20897 solver.cpp:117] Iteration 153, loss = 0.193894
I0828 18:05:08.737216 20897 solver.cpp:269] Iteration 154, lr = 0.0001
I0828 18:05:08.760236 20897 solver.cpp:117] Iteration 154, loss = 0.293611
I0828 18:05:09.352944 20897 solver.cpp:269] Iteration 155, lr = 0.0001
I0828 18:05:09.375974 20897 solver.cpp:117] Iteration 155, loss = 0.168939
I0828 18:05:09.968972 20897 solver.cpp:269] Iteration 156, lr = 0.0001
I0828 18:05:09.991834 20897 solver.cpp:117] Iteration 156, loss = 0.202094
I0828 18:05:10.584274 20897 solver.cpp:269] Iteration 157, lr = 0.0001
I0828 18:05:10.607334 20897 solver.cpp:117] Iteration 157, loss = 0.265069
I0828 18:05:11.200325 20897 solver.cpp:269] Iteration 158, lr = 0.0001
I0828 18:05:11.222734 20897 solver.cpp:117] Iteration 158, loss = 0.258348
I0828 18:05:11.815114 20897 solver.cpp:269] Iteration 159, lr = 0.0001
I0828 18:05:11.837930 20897 solver.cpp:117] Iteration 159, loss = 0.210675
I0828 18:05:12.430753 20897 solver.cpp:269] Iteration 160, lr = 0.0001
I0828 18:05:12.453676 20897 solver.cpp:117] Iteration 160, loss = 0.204981
I0828 18:05:13.046609 20897 solver.cpp:269] Iteration 161, lr = 0.0001
I0828 18:05:13.069461 20897 solver.cpp:117] Iteration 161, loss = 0.208926
I0828 18:05:13.662258 20897 solver.cpp:269] Iteration 162, lr = 0.0001
I0828 18:05:13.685183 20897 solver.cpp:117] Iteration 162, loss = 0.340004
I0828 18:05:14.277887 20897 solver.cpp:269] Iteration 163, lr = 0.0001
I0828 18:05:14.301074 20897 solver.cpp:117] Iteration 163, loss = 0.285847
I0828 18:05:14.893882 20897 solver.cpp:269] Iteration 164, lr = 0.0001
I0828 18:05:14.916772 20897 solver.cpp:117] Iteration 164, loss = 0.191754
I0828 18:05:15.509903 20897 solver.cpp:269] Iteration 165, lr = 0.0001
I0828 18:05:15.532776 20897 solver.cpp:117] Iteration 165, loss = 0.300806
I0828 18:05:16.126242 20897 solver.cpp:269] Iteration 166, lr = 0.0001
I0828 18:05:16.149029 20897 solver.cpp:117] Iteration 166, loss = 0.175543
I0828 18:05:16.742079 20897 solver.cpp:269] Iteration 167, lr = 0.0001
I0828 18:05:16.764912 20897 solver.cpp:117] Iteration 167, loss = 0.229141
I0828 18:05:17.358211 20897 solver.cpp:269] Iteration 168, lr = 0.0001
I0828 18:05:17.381017 20897 solver.cpp:117] Iteration 168, loss = 0.137663
I0828 18:05:17.974457 20897 solver.cpp:269] Iteration 169, lr = 0.0001
I0828 18:05:17.997598 20897 solver.cpp:117] Iteration 169, loss = 0.124927
I0828 18:05:18.591326 20897 solver.cpp:269] Iteration 170, lr = 0.0001
I0828 18:05:18.614151 20897 solver.cpp:117] Iteration 170, loss = 0.219028
I0828 18:05:19.207520 20897 solver.cpp:269] Iteration 171, lr = 0.0001
I0828 18:05:19.230224 20897 solver.cpp:117] Iteration 171, loss = 0.229895
I0828 18:05:19.823360 20897 solver.cpp:269] Iteration 172, lr = 0.0001
I0828 18:05:19.846264 20897 solver.cpp:117] Iteration 172, loss = 0.2693
I0828 18:05:20.439175 20897 solver.cpp:269] Iteration 173, lr = 0.0001
I0828 18:05:20.461947 20897 solver.cpp:117] Iteration 173, loss = 0.226214
I0828 18:05:21.054816 20897 solver.cpp:269] Iteration 174, lr = 0.0001
I0828 18:05:21.077458 20897 solver.cpp:117] Iteration 174, loss = 0.221429
I0828 18:05:21.670835 20897 solver.cpp:269] Iteration 175, lr = 0.0001
I0828 18:05:21.693960 20897 solver.cpp:117] Iteration 175, loss = 0.239055
I0828 18:05:22.286689 20897 solver.cpp:269] Iteration 176, lr = 0.0001
I0828 18:05:22.309625 20897 solver.cpp:117] Iteration 176, loss = 0.212815
I0828 18:05:22.902632 20897 solver.cpp:269] Iteration 177, lr = 0.0001
I0828 18:05:22.925773 20897 solver.cpp:117] Iteration 177, loss = 0.245193
I0828 18:05:23.518816 20897 solver.cpp:269] Iteration 178, lr = 0.0001
I0828 18:05:23.541566 20897 solver.cpp:117] Iteration 178, loss = 0.219883
I0828 18:05:24.134699 20897 solver.cpp:269] Iteration 179, lr = 0.0001
I0828 18:05:24.157729 20897 solver.cpp:117] Iteration 179, loss = 0.198517
I0828 18:05:24.750807 20897 solver.cpp:269] Iteration 180, lr = 0.0001
I0828 18:05:24.773880 20897 solver.cpp:117] Iteration 180, loss = 0.222085
