I0911 21:31:31.495393 14639 train_net.cpp:26] Starting Optimization
I0911 21:31:31.495491 14639 solver.cpp:42] Creating training net.
I0911 21:31:31.496060 14639 net.cpp:76] Creating Layer data
I0911 21:31:31.496075 14639 net.cpp:112] data -> data
I0911 21:31:31.496090 14639 net.cpp:112] data -> label
I0911 21:31:31.496111 14639 data_layer.cpp:145] Opening leveldb bigger_train_leveldb
I0911 21:31:31.567025 14639 data_layer.cpp:185] output data size: 128,3,479,479
I0911 21:31:31.567062 14639 data_layer.cpp:204] Loading mean file from../../data/bigger/bigger_mean.binaryproto
I0911 21:31:31.974392 14639 net.cpp:127] Top shape: 128 3 479 479 (88105344)
I0911 21:31:31.974422 14639 net.cpp:127] Top shape: 128 1 1 1 (128)
I0911 21:31:31.974429 14639 net.cpp:158] data does not need backward computation.
I0911 21:31:31.974442 14639 net.cpp:76] Creating Layer conv1
I0911 21:31:31.974449 14639 net.cpp:86] conv1 <- data
I0911 21:31:31.974464 14639 net.cpp:112] conv1 -> conv1
I0911 21:31:31.975972 14639 net.cpp:127] Top shape: 128 96 118 118 (171098112)
I0911 21:31:31.975986 14639 net.cpp:153] conv1 needs backward computation.
I0911 21:31:31.975993 14639 net.cpp:76] Creating Layer relu1
I0911 21:31:31.975998 14639 net.cpp:86] relu1 <- conv1
I0911 21:31:31.976004 14639 net.cpp:100] relu1 -> conv1 (in-place)
I0911 21:31:31.976011 14639 net.cpp:127] Top shape: 128 96 118 118 (171098112)
I0911 21:31:31.976016 14639 net.cpp:153] relu1 needs backward computation.
I0911 21:31:31.976022 14639 net.cpp:76] Creating Layer pool1
I0911 21:31:31.976027 14639 net.cpp:86] pool1 <- conv1
I0911 21:31:31.976032 14639 net.cpp:112] pool1 -> pool1
I0911 21:31:31.976043 14639 net.cpp:127] Top shape: 128 96 59 59 (42774528)
I0911 21:31:31.976048 14639 net.cpp:153] pool1 needs backward computation.
I0911 21:31:31.976055 14639 net.cpp:76] Creating Layer norm1
I0911 21:31:31.976060 14639 net.cpp:86] norm1 <- pool1
I0911 21:31:31.976065 14639 net.cpp:112] norm1 -> norm1
I0911 21:31:31.976073 14639 net.cpp:127] Top shape: 128 96 59 59 (42774528)
I0911 21:31:31.976078 14639 net.cpp:153] norm1 needs backward computation.
I0911 21:31:31.976084 14639 net.cpp:76] Creating Layer conv2
I0911 21:31:31.976089 14639 net.cpp:86] conv2 <- norm1
I0911 21:31:31.976094 14639 net.cpp:112] conv2 -> conv2
I0911 21:31:31.988596 14639 net.cpp:127] Top shape: 128 256 59 59 (114065408)
I0911 21:31:31.988621 14639 net.cpp:153] conv2 needs backward computation.
I0911 21:31:31.988631 14639 net.cpp:76] Creating Layer relu2
I0911 21:31:31.988637 14639 net.cpp:86] relu2 <- conv2
I0911 21:31:31.988644 14639 net.cpp:100] relu2 -> conv2 (in-place)
I0911 21:31:31.988651 14639 net.cpp:127] Top shape: 128 256 59 59 (114065408)
I0911 21:31:31.988654 14639 net.cpp:153] relu2 needs backward computation.
I0911 21:31:31.988661 14639 net.cpp:76] Creating Layer pool2
I0911 21:31:31.988664 14639 net.cpp:86] pool2 <- conv2
I0911 21:31:31.988669 14639 net.cpp:112] pool2 -> pool2
I0911 21:31:31.988677 14639 net.cpp:127] Top shape: 128 256 29 29 (27557888)
I0911 21:31:31.988680 14639 net.cpp:153] pool2 needs backward computation.
I0911 21:31:31.988688 14639 net.cpp:76] Creating Layer norm2
I0911 21:31:31.988693 14639 net.cpp:86] norm2 <- pool2
I0911 21:31:31.988698 14639 net.cpp:112] norm2 -> norm2
I0911 21:31:31.988703 14639 net.cpp:127] Top shape: 128 256 29 29 (27557888)
I0911 21:31:31.988708 14639 net.cpp:153] norm2 needs backward computation.
I0911 21:31:31.988714 14639 net.cpp:76] Creating Layer conv3
I0911 21:31:31.988718 14639 net.cpp:86] conv3 <- norm2
I0911 21:31:31.988723 14639 net.cpp:112] conv3 -> conv3
I0911 21:31:32.025575 14639 net.cpp:127] Top shape: 128 384 29 29 (41336832)
I0911 21:31:32.025602 14639 net.cpp:153] conv3 needs backward computation.
I0911 21:31:32.025611 14639 net.cpp:76] Creating Layer relu3
I0911 21:31:32.025617 14639 net.cpp:86] relu3 <- conv3
I0911 21:31:32.025624 14639 net.cpp:100] relu3 -> conv3 (in-place)
I0911 21:31:32.025630 14639 net.cpp:127] Top shape: 128 384 29 29 (41336832)
I0911 21:31:32.025635 14639 net.cpp:153] relu3 needs backward computation.
I0911 21:31:32.025641 14639 net.cpp:76] Creating Layer conv4
I0911 21:31:32.025645 14639 net.cpp:86] conv4 <- conv3
I0911 21:31:32.025650 14639 net.cpp:112] conv4 -> conv4
I0911 21:31:32.052965 14639 net.cpp:127] Top shape: 128 384 29 29 (41336832)
I0911 21:31:32.052990 14639 net.cpp:153] conv4 needs backward computation.
I0911 21:31:32.052999 14639 net.cpp:76] Creating Layer relu4
I0911 21:31:32.053005 14639 net.cpp:86] relu4 <- conv4
I0911 21:31:32.053012 14639 net.cpp:100] relu4 -> conv4 (in-place)
I0911 21:31:32.053019 14639 net.cpp:127] Top shape: 128 384 29 29 (41336832)
I0911 21:31:32.053022 14639 net.cpp:153] relu4 needs backward computation.
I0911 21:31:32.053030 14639 net.cpp:76] Creating Layer conv5
I0911 21:31:32.053035 14639 net.cpp:86] conv5 <- conv4
I0911 21:31:32.053038 14639 net.cpp:112] conv5 -> conv5
I0911 21:31:32.071329 14639 net.cpp:127] Top shape: 128 256 29 29 (27557888)
I0911 21:31:32.071353 14639 net.cpp:153] conv5 needs backward computation.
I0911 21:31:32.071363 14639 net.cpp:76] Creating Layer relu5
I0911 21:31:32.071370 14639 net.cpp:86] relu5 <- conv5
I0911 21:31:32.071377 14639 net.cpp:100] relu5 -> conv5 (in-place)
I0911 21:31:32.071383 14639 net.cpp:127] Top shape: 128 256 29 29 (27557888)
I0911 21:31:32.071388 14639 net.cpp:153] relu5 needs backward computation.
I0911 21:31:32.071393 14639 net.cpp:76] Creating Layer pool5
I0911 21:31:32.071398 14639 net.cpp:86] pool5 <- conv5
I0911 21:31:32.071403 14639 net.cpp:112] pool5 -> pool5
I0911 21:31:32.071409 14639 net.cpp:127] Top shape: 128 256 14 14 (6422528)
I0911 21:31:32.071414 14639 net.cpp:153] pool5 needs backward computation.
I0911 21:31:32.071424 14639 net.cpp:76] Creating Layer fc6_new
I0911 21:31:32.071427 14639 net.cpp:86] fc6_new <- pool5
I0911 21:31:32.071432 14639 net.cpp:112] fc6_new -> fc6_new
I0911 21:31:40.518977 14639 net.cpp:127] Top shape: 128 4096 1 1 (524288)
I0911 21:31:40.519003 14639 net.cpp:153] fc6_new needs backward computation.
I0911 21:31:40.519013 14639 net.cpp:76] Creating Layer relu6
I0911 21:31:40.519021 14639 net.cpp:86] relu6 <- fc6_new
I0911 21:31:40.519027 14639 net.cpp:100] relu6 -> fc6_new (in-place)
I0911 21:31:40.519037 14639 net.cpp:127] Top shape: 128 4096 1 1 (524288)
I0911 21:31:40.519042 14639 net.cpp:153] relu6 needs backward computation.
I0911 21:31:40.519047 14639 net.cpp:76] Creating Layer drop6
I0911 21:31:40.519052 14639 net.cpp:86] drop6 <- fc6_new
I0911 21:31:40.519057 14639 net.cpp:100] drop6 -> fc6_new (in-place)
I0911 21:31:40.519068 14639 net.cpp:127] Top shape: 128 4096 1 1 (524288)
I0911 21:31:40.519074 14639 net.cpp:153] drop6 needs backward computation.
I0911 21:31:40.519080 14639 net.cpp:76] Creating Layer fc7_new
I0911 21:31:40.519088 14639 net.cpp:86] fc7_new <- fc6_new
I0911 21:31:40.519093 14639 net.cpp:112] fc7_new -> fc7_new
I0911 21:31:41.206115 14639 net.cpp:127] Top shape: 128 4096 1 1 (524288)
I0911 21:31:41.206140 14639 net.cpp:153] fc7_new needs backward computation.
I0911 21:31:41.206150 14639 net.cpp:76] Creating Layer relu7
I0911 21:31:41.206156 14639 net.cpp:86] relu7 <- fc7_new
I0911 21:31:41.206163 14639 net.cpp:100] relu7 -> fc7_new (in-place)
I0911 21:31:41.206168 14639 net.cpp:127] Top shape: 128 4096 1 1 (524288)
I0911 21:31:41.206173 14639 net.cpp:153] relu7 needs backward computation.
I0911 21:31:41.206179 14639 net.cpp:76] Creating Layer drop7
I0911 21:31:41.206183 14639 net.cpp:86] drop7 <- fc7_new
I0911 21:31:41.206188 14639 net.cpp:100] drop7 -> fc7_new (in-place)
I0911 21:31:41.206193 14639 net.cpp:127] Top shape: 128 4096 1 1 (524288)
I0911 21:31:41.206197 14639 net.cpp:153] drop7 needs backward computation.
I0911 21:31:41.206204 14639 net.cpp:76] Creating Layer fc8_new
I0911 21:31:41.206212 14639 net.cpp:86] fc8_new <- fc7_new
I0911 21:31:41.206217 14639 net.cpp:112] fc8_new -> fc8_new
I0911 21:31:41.206557 14639 net.cpp:127] Top shape: 128 2 1 1 (256)
I0911 21:31:41.206564 14639 net.cpp:153] fc8_new needs backward computation.
I0911 21:31:41.206571 14639 net.cpp:76] Creating Layer loss
I0911 21:31:41.206575 14639 net.cpp:86] loss <- fc8_new
I0911 21:31:41.206580 14639 net.cpp:86] loss <- label
I0911 21:31:41.206593 14639 net.cpp:153] loss needs backward computation.
I0911 21:31:41.206624 14639 net.cpp:182] Collecting Learning Rate and Weight Decay.
I0911 21:31:41.206639 14639 net.cpp:175] Network initialization done.
I0911 21:31:41.206645 14639 net.cpp:176] Memory required for Data 2526546944
I0911 21:31:41.206688 14639 solver.cpp:45] Creating testing net.
I0911 21:31:41.207334 14639 net.cpp:76] Creating Layer data
I0911 21:31:41.207347 14639 net.cpp:112] data -> data
I0911 21:31:41.207355 14639 net.cpp:112] data -> label
I0911 21:31:41.207363 14639 data_layer.cpp:145] Opening leveldb bigger_val_leveldb
I0911 21:31:41.260812 14639 data_layer.cpp:185] output data size: 479,3,227,227
I0911 21:31:41.260843 14639 data_layer.cpp:204] Loading mean file from../../data/bigger/bigger_mean.binaryproto
I0911 21:31:41.430413 14639 net.cpp:127] Top shape: 479 3 227 227 (74047173)
I0911 21:31:41.430435 14639 net.cpp:127] Top shape: 479 1 1 1 (479)
I0911 21:31:41.430441 14639 net.cpp:158] data does not need backward computation.
I0911 21:31:41.430455 14639 net.cpp:76] Creating Layer conv1
I0911 21:31:41.430462 14639 net.cpp:86] conv1 <- data
I0911 21:31:41.430469 14639 net.cpp:112] conv1 -> conv1
I0911 21:31:41.431865 14639 net.cpp:127] Top shape: 479 96 55 55 (139101600)
I0911 21:31:41.431876 14639 net.cpp:153] conv1 needs backward computation.
I0911 21:31:41.431884 14639 net.cpp:76] Creating Layer relu1
I0911 21:31:41.431888 14639 net.cpp:86] relu1 <- conv1
I0911 21:31:41.431893 14639 net.cpp:100] relu1 -> conv1 (in-place)
I0911 21:31:41.431900 14639 net.cpp:127] Top shape: 479 96 55 55 (139101600)
I0911 21:31:41.431903 14639 net.cpp:153] relu1 needs backward computation.
I0911 21:31:41.431910 14639 net.cpp:76] Creating Layer pool1
I0911 21:31:41.431915 14639 net.cpp:86] pool1 <- conv1
I0911 21:31:41.431920 14639 net.cpp:112] pool1 -> pool1
I0911 21:31:41.431926 14639 net.cpp:127] Top shape: 479 96 27 27 (33522336)
I0911 21:31:41.431929 14639 net.cpp:153] pool1 needs backward computation.
I0911 21:31:41.431937 14639 net.cpp:76] Creating Layer norm1
I0911 21:31:41.431941 14639 net.cpp:86] norm1 <- pool1
I0911 21:31:41.431946 14639 net.cpp:112] norm1 -> norm1
I0911 21:31:41.431953 14639 net.cpp:127] Top shape: 479 96 27 27 (33522336)
I0911 21:31:41.431958 14639 net.cpp:153] norm1 needs backward computation.
I0911 21:31:41.431963 14639 net.cpp:76] Creating Layer conv2
I0911 21:31:41.431968 14639 net.cpp:86] conv2 <- norm1
I0911 21:31:41.431972 14639 net.cpp:112] conv2 -> conv2
I0911 21:31:41.444063 14639 net.cpp:127] Top shape: 479 256 27 27 (89392896)
I0911 21:31:41.444087 14639 net.cpp:153] conv2 needs backward computation.
I0911 21:31:41.444094 14639 net.cpp:76] Creating Layer relu2
I0911 21:31:41.444100 14639 net.cpp:86] relu2 <- conv2
I0911 21:31:41.444108 14639 net.cpp:100] relu2 -> conv2 (in-place)
I0911 21:31:41.444113 14639 net.cpp:127] Top shape: 479 256 27 27 (89392896)
I0911 21:31:41.444118 14639 net.cpp:153] relu2 needs backward computation.
I0911 21:31:41.444123 14639 net.cpp:76] Creating Layer pool2
I0911 21:31:41.444128 14639 net.cpp:86] pool2 <- conv2
I0911 21:31:41.444133 14639 net.cpp:112] pool2 -> pool2
I0911 21:31:41.444139 14639 net.cpp:127] Top shape: 479 256 13 13 (20723456)
I0911 21:31:41.444144 14639 net.cpp:153] pool2 needs backward computation.
I0911 21:31:41.444151 14639 net.cpp:76] Creating Layer norm2
I0911 21:31:41.444155 14639 net.cpp:86] norm2 <- pool2
I0911 21:31:41.444160 14639 net.cpp:112] norm2 -> norm2
I0911 21:31:41.444166 14639 net.cpp:127] Top shape: 479 256 13 13 (20723456)
I0911 21:31:41.444170 14639 net.cpp:153] norm2 needs backward computation.
I0911 21:31:41.444176 14639 net.cpp:76] Creating Layer conv3
I0911 21:31:41.444180 14639 net.cpp:86] conv3 <- norm2
I0911 21:31:41.444185 14639 net.cpp:112] conv3 -> conv3
I0911 21:31:41.478907 14639 net.cpp:127] Top shape: 479 384 13 13 (31085184)
I0911 21:31:41.478931 14639 net.cpp:153] conv3 needs backward computation.
I0911 21:31:41.478946 14639 net.cpp:76] Creating Layer relu3
I0911 21:31:41.478953 14639 net.cpp:86] relu3 <- conv3
I0911 21:31:41.478960 14639 net.cpp:100] relu3 -> conv3 (in-place)
I0911 21:31:41.478966 14639 net.cpp:127] Top shape: 479 384 13 13 (31085184)
I0911 21:31:41.478971 14639 net.cpp:153] relu3 needs backward computation.
I0911 21:31:41.478977 14639 net.cpp:76] Creating Layer conv4
I0911 21:31:41.478981 14639 net.cpp:86] conv4 <- conv3
I0911 21:31:41.478986 14639 net.cpp:112] conv4 -> conv4
I0911 21:31:41.505039 14639 net.cpp:127] Top shape: 479 384 13 13 (31085184)
I0911 21:31:41.505064 14639 net.cpp:153] conv4 needs backward computation.
I0911 21:31:41.505072 14639 net.cpp:76] Creating Layer relu4
I0911 21:31:41.505079 14639 net.cpp:86] relu4 <- conv4
I0911 21:31:41.505084 14639 net.cpp:100] relu4 -> conv4 (in-place)
I0911 21:31:41.505090 14639 net.cpp:127] Top shape: 479 384 13 13 (31085184)
I0911 21:31:41.505095 14639 net.cpp:153] relu4 needs backward computation.
I0911 21:31:41.505100 14639 net.cpp:76] Creating Layer conv5
I0911 21:31:41.505105 14639 net.cpp:86] conv5 <- conv4
I0911 21:31:41.505110 14639 net.cpp:112] conv5 -> conv5
I0911 21:31:41.523208 14639 net.cpp:127] Top shape: 479 256 13 13 (20723456)
I0911 21:31:41.523232 14639 net.cpp:153] conv5 needs backward computation.
I0911 21:31:41.523241 14639 net.cpp:76] Creating Layer relu5
I0911 21:31:41.523247 14639 net.cpp:86] relu5 <- conv5
I0911 21:31:41.523254 14639 net.cpp:100] relu5 -> conv5 (in-place)
I0911 21:31:41.523260 14639 net.cpp:127] Top shape: 479 256 13 13 (20723456)
I0911 21:31:41.523264 14639 net.cpp:153] relu5 needs backward computation.
I0911 21:31:41.523270 14639 net.cpp:76] Creating Layer pool5
I0911 21:31:41.523274 14639 net.cpp:86] pool5 <- conv5
I0911 21:31:41.523279 14639 net.cpp:112] pool5 -> pool5
I0911 21:31:41.523286 14639 net.cpp:127] Top shape: 479 256 6 6 (4414464)
I0911 21:31:41.523290 14639 net.cpp:153] pool5 needs backward computation.
I0911 21:31:41.523299 14639 net.cpp:76] Creating Layer fc6_new
I0911 21:31:41.523304 14639 net.cpp:86] fc6_new <- pool5
I0911 21:31:41.523308 14639 net.cpp:112] fc6_new -> fc6_new
I0911 21:31:43.060667 14639 net.cpp:127] Top shape: 479 4096 1 1 (1961984)
I0911 21:31:43.060693 14639 net.cpp:153] fc6_new needs backward computation.
I0911 21:31:43.060703 14639 net.cpp:76] Creating Layer relu6
I0911 21:31:43.060709 14639 net.cpp:86] relu6 <- fc6_new
I0911 21:31:43.060716 14639 net.cpp:100] relu6 -> fc6_new (in-place)
I0911 21:31:43.060722 14639 net.cpp:127] Top shape: 479 4096 1 1 (1961984)
I0911 21:31:43.060726 14639 net.cpp:153] relu6 needs backward computation.
I0911 21:31:43.060734 14639 net.cpp:76] Creating Layer drop6
I0911 21:31:43.060737 14639 net.cpp:86] drop6 <- fc6_new
I0911 21:31:43.060742 14639 net.cpp:100] drop6 -> fc6_new (in-place)
I0911 21:31:43.060747 14639 net.cpp:127] Top shape: 479 4096 1 1 (1961984)
I0911 21:31:43.060751 14639 net.cpp:153] drop6 needs backward computation.
I0911 21:31:43.060757 14639 net.cpp:76] Creating Layer fc7_new
I0911 21:31:43.060765 14639 net.cpp:86] fc7_new <- fc6_new
I0911 21:31:43.060770 14639 net.cpp:112] fc7_new -> fc7_new
I0911 21:31:43.741989 14639 net.cpp:127] Top shape: 479 4096 1 1 (1961984)
I0911 21:31:43.742014 14639 net.cpp:153] fc7_new needs backward computation.
I0911 21:31:43.742024 14639 net.cpp:76] Creating Layer relu7
I0911 21:31:43.742030 14639 net.cpp:86] relu7 <- fc7_new
I0911 21:31:43.742038 14639 net.cpp:100] relu7 -> fc7_new (in-place)
I0911 21:31:43.742043 14639 net.cpp:127] Top shape: 479 4096 1 1 (1961984)
I0911 21:31:43.742048 14639 net.cpp:153] relu7 needs backward computation.
I0911 21:31:43.742054 14639 net.cpp:76] Creating Layer drop7
I0911 21:31:43.742058 14639 net.cpp:86] drop7 <- fc7_new
I0911 21:31:43.742063 14639 net.cpp:100] drop7 -> fc7_new (in-place)
I0911 21:31:43.742069 14639 net.cpp:127] Top shape: 479 4096 1 1 (1961984)
I0911 21:31:43.742072 14639 net.cpp:153] drop7 needs backward computation.
I0911 21:31:43.742079 14639 net.cpp:76] Creating Layer fc8_new
I0911 21:31:43.742086 14639 net.cpp:86] fc8_new <- fc7_new
I0911 21:31:43.742092 14639 net.cpp:112] fc8_new -> fc8_new
I0911 21:31:43.742425 14639 net.cpp:127] Top shape: 479 2 1 1 (958)
I0911 21:31:43.742432 14639 net.cpp:153] fc8_new needs backward computation.
I0911 21:31:43.742439 14639 net.cpp:76] Creating Layer prob
I0911 21:31:43.742444 14639 net.cpp:86] prob <- fc8_new
I0911 21:31:43.742449 14639 net.cpp:112] prob -> prob
I0911 21:31:43.742455 14639 net.cpp:127] Top shape: 479 2 1 1 (958)
I0911 21:31:43.742460 14639 net.cpp:153] prob needs backward computation.
I0911 21:31:43.742465 14639 net.cpp:76] Creating Layer accuracy
I0911 21:31:43.742470 14639 net.cpp:86] accuracy <- prob
I0911 21:31:43.742475 14639 net.cpp:86] accuracy <- label
I0911 21:31:43.742480 14639 net.cpp:112] accuracy -> accuracy
I0911 21:31:43.742494 14639 net.cpp:127] Top shape: 1 2 1 1 (2)
I0911 21:31:43.742501 14639 net.cpp:153] accuracy needs backward computation.
I0911 21:31:43.742506 14639 net.cpp:164] This network produces output accuracy
I0911 21:31:43.742526 14639 net.cpp:182] Collecting Learning Rate and Weight Decay.
I0911 21:31:43.742539 14639 net.cpp:175] Network initialization done.
I0911 21:31:43.742544 14639 net.cpp:176] Memory required for Data 2009071624
I0911 21:31:43.742585 14639 solver.cpp:50] Solver scaffolding done.
I0911 21:31:43.742594 14639 solver.cpp:62] Solving biggerFineNet
I0911 21:31:43.742609 14639 solver.cpp:136] Iteration 0, Testing net
F0911 21:31:43.742669 14639 net.cpp:345] Check failed: target_blobs[j]->width() == source_blob->width() (9216 vs. 50176) 
*** Check failure stack trace: ***
    @     0x7faaa1fe8f9d  google::LogMessage::Fail()
    @     0x7faaa1feb0af  google::LogMessage::SendToLog()
    @     0x7faaa1fe8b8c  google::LogMessage::Flush()
    @     0x7faaa1feb94d  google::LogMessageFatal::~LogMessageFatal()
    @           0x451015  caffe::Net<>::ShareTrainedLayersWith()
    @           0x437cf6  caffe::Solver<>::Test()
    @           0x43a2a3  caffe::Solver<>::Solve()
    @           0x4129ca  main
    @     0x7faa9fb80ea5  (unknown)
    @           0x4148e9  (unknown)
Aborted
Done.
