nohup: ignoring input
I0916 16:40:39.649420 17317 finetune_net.cpp:25] Starting Optimization
I0916 16:40:39.649605 17317 solver.cpp:42] Creating training net.
I0916 16:40:39.666029 17317 net.cpp:76] Creating Layer data
I0916 16:40:39.666061 17317 net.cpp:112] data -> data
I0916 16:40:39.666081 17317 net.cpp:112] data -> label
I0916 16:40:39.666131 17317 data_layer.cpp:145] Opening leveldb clampdet_train_leveldb
I0916 16:40:39.724086 17317 data_layer.cpp:185] output data size: 128,3,227,227
I0916 16:40:39.724122 17317 data_layer.cpp:204] Loading mean file from../../data/clampdet/clampdet_mean.binaryproto
I0916 16:40:40.039829 17317 net.cpp:127] Top shape: 128 3 227 227 (19787136)
I0916 16:40:40.039861 17317 net.cpp:127] Top shape: 128 1 1 1 (128)
I0916 16:40:40.039868 17317 net.cpp:158] data does not need backward computation.
I0916 16:40:40.039881 17317 net.cpp:76] Creating Layer conv1
I0916 16:40:40.039887 17317 net.cpp:86] conv1 <- data
I0916 16:40:40.039902 17317 net.cpp:112] conv1 -> conv1
I0916 16:40:40.041386 17317 net.cpp:127] Top shape: 128 96 55 55 (37171200)
I0916 16:40:40.041399 17317 net.cpp:153] conv1 needs backward computation.
I0916 16:40:40.041407 17317 net.cpp:76] Creating Layer relu1
I0916 16:40:40.041415 17317 net.cpp:86] relu1 <- conv1
I0916 16:40:40.041424 17317 net.cpp:100] relu1 -> conv1 (in-place)
I0916 16:40:40.041432 17317 net.cpp:127] Top shape: 128 96 55 55 (37171200)
I0916 16:40:40.041438 17317 net.cpp:153] relu1 needs backward computation.
I0916 16:40:40.041445 17317 net.cpp:76] Creating Layer pool1
I0916 16:40:40.041450 17317 net.cpp:86] pool1 <- conv1
I0916 16:40:40.041455 17317 net.cpp:112] pool1 -> pool1
I0916 16:40:40.041476 17317 net.cpp:127] Top shape: 128 96 27 27 (8957952)
I0916 16:40:40.041491 17317 net.cpp:153] pool1 needs backward computation.
I0916 16:40:40.041509 17317 net.cpp:76] Creating Layer norm1
I0916 16:40:40.041520 17317 net.cpp:86] norm1 <- pool1
I0916 16:40:40.041540 17317 net.cpp:112] norm1 -> norm1
I0916 16:40:40.041550 17317 net.cpp:127] Top shape: 128 96 27 27 (8957952)
I0916 16:40:40.041555 17317 net.cpp:153] norm1 needs backward computation.
I0916 16:40:40.041563 17317 net.cpp:76] Creating Layer conv2
I0916 16:40:40.041570 17317 net.cpp:86] conv2 <- norm1
I0916 16:40:40.041579 17317 net.cpp:112] conv2 -> conv2
I0916 16:40:40.054077 17317 net.cpp:127] Top shape: 128 256 27 27 (23887872)
I0916 16:40:40.054106 17317 net.cpp:153] conv2 needs backward computation.
I0916 16:40:40.054118 17317 net.cpp:76] Creating Layer relu2
I0916 16:40:40.054126 17317 net.cpp:86] relu2 <- conv2
I0916 16:40:40.054136 17317 net.cpp:100] relu2 -> conv2 (in-place)
I0916 16:40:40.054147 17317 net.cpp:127] Top shape: 128 256 27 27 (23887872)
I0916 16:40:40.054158 17317 net.cpp:153] relu2 needs backward computation.
I0916 16:40:40.054172 17317 net.cpp:76] Creating Layer pool2
I0916 16:40:40.054183 17317 net.cpp:86] pool2 <- conv2
I0916 16:40:40.054195 17317 net.cpp:112] pool2 -> pool2
I0916 16:40:40.054209 17317 net.cpp:127] Top shape: 128 256 13 13 (5537792)
I0916 16:40:40.054220 17317 net.cpp:153] pool2 needs backward computation.
I0916 16:40:40.054235 17317 net.cpp:76] Creating Layer norm2
I0916 16:40:40.054244 17317 net.cpp:86] norm2 <- pool2
I0916 16:40:40.054255 17317 net.cpp:112] norm2 -> norm2
I0916 16:40:40.054266 17317 net.cpp:127] Top shape: 128 256 13 13 (5537792)
I0916 16:40:40.054276 17317 net.cpp:153] norm2 needs backward computation.
I0916 16:40:40.054301 17317 net.cpp:76] Creating Layer conv3
I0916 16:40:40.054311 17317 net.cpp:86] conv3 <- norm2
I0916 16:40:40.054321 17317 net.cpp:112] conv3 -> conv3
I0916 16:40:40.090648 17317 net.cpp:127] Top shape: 128 384 13 13 (8306688)
I0916 16:40:40.090678 17317 net.cpp:153] conv3 needs backward computation.
I0916 16:40:40.090690 17317 net.cpp:76] Creating Layer relu3
I0916 16:40:40.090698 17317 net.cpp:86] relu3 <- conv3
I0916 16:40:40.090709 17317 net.cpp:100] relu3 -> conv3 (in-place)
I0916 16:40:40.090726 17317 net.cpp:127] Top shape: 128 384 13 13 (8306688)
I0916 16:40:40.090739 17317 net.cpp:153] relu3 needs backward computation.
I0916 16:40:40.090755 17317 net.cpp:76] Creating Layer conv4
I0916 16:40:40.090764 17317 net.cpp:86] conv4 <- conv3
I0916 16:40:40.090772 17317 net.cpp:112] conv4 -> conv4
I0916 16:40:40.117980 17317 net.cpp:127] Top shape: 128 384 13 13 (8306688)
I0916 16:40:40.118011 17317 net.cpp:153] conv4 needs backward computation.
I0916 16:40:40.118023 17317 net.cpp:76] Creating Layer relu4
I0916 16:40:40.118032 17317 net.cpp:86] relu4 <- conv4
I0916 16:40:40.118042 17317 net.cpp:100] relu4 -> conv4 (in-place)
I0916 16:40:40.118059 17317 net.cpp:127] Top shape: 128 384 13 13 (8306688)
I0916 16:40:40.118070 17317 net.cpp:153] relu4 needs backward computation.
I0916 16:40:40.118084 17317 net.cpp:76] Creating Layer conv5
I0916 16:40:40.118093 17317 net.cpp:86] conv5 <- conv4
I0916 16:40:40.118130 17317 net.cpp:112] conv5 -> conv5
I0916 16:40:40.136332 17317 net.cpp:127] Top shape: 128 256 13 13 (5537792)
I0916 16:40:40.136360 17317 net.cpp:153] conv5 needs backward computation.
I0916 16:40:40.136373 17317 net.cpp:76] Creating Layer relu5
I0916 16:40:40.136381 17317 net.cpp:86] relu5 <- conv5
I0916 16:40:40.136394 17317 net.cpp:100] relu5 -> conv5 (in-place)
I0916 16:40:40.136407 17317 net.cpp:127] Top shape: 128 256 13 13 (5537792)
I0916 16:40:40.136420 17317 net.cpp:153] relu5 needs backward computation.
I0916 16:40:40.136432 17317 net.cpp:76] Creating Layer pool5
I0916 16:40:40.136442 17317 net.cpp:86] pool5 <- conv5
I0916 16:40:40.136477 17317 net.cpp:112] pool5 -> pool5
I0916 16:40:40.136492 17317 net.cpp:127] Top shape: 128 256 6 6 (1179648)
I0916 16:40:40.136502 17317 net.cpp:153] pool5 needs backward computation.
I0916 16:40:40.136519 17317 net.cpp:76] Creating Layer fc6_new
I0916 16:40:40.136528 17317 net.cpp:86] fc6_new <- pool5
I0916 16:40:40.136538 17317 net.cpp:112] fc6_new -> fc6_new
I0916 16:40:41.670928 17317 net.cpp:127] Top shape: 128 4096 1 1 (524288)
I0916 16:40:41.670960 17317 net.cpp:153] fc6_new needs backward computation.
I0916 16:40:41.670970 17317 net.cpp:76] Creating Layer relu6
I0916 16:40:41.670976 17317 net.cpp:86] relu6 <- fc6_new
I0916 16:40:41.670984 17317 net.cpp:100] relu6 -> fc6_new (in-place)
I0916 16:40:41.670989 17317 net.cpp:127] Top shape: 128 4096 1 1 (524288)
I0916 16:40:41.670994 17317 net.cpp:153] relu6 needs backward computation.
I0916 16:40:41.671000 17317 net.cpp:76] Creating Layer drop6
I0916 16:40:41.671005 17317 net.cpp:86] drop6 <- fc6_new
I0916 16:40:41.671010 17317 net.cpp:100] drop6 -> fc6_new (in-place)
I0916 16:40:41.671021 17317 net.cpp:127] Top shape: 128 4096 1 1 (524288)
I0916 16:40:41.671030 17317 net.cpp:153] drop6 needs backward computation.
I0916 16:40:41.671036 17317 net.cpp:76] Creating Layer fc7_new
I0916 16:40:41.671042 17317 net.cpp:86] fc7_new <- fc6_new
I0916 16:40:41.671047 17317 net.cpp:112] fc7_new -> fc7_new
I0916 16:40:42.352782 17317 net.cpp:127] Top shape: 128 4096 1 1 (524288)
I0916 16:40:42.352809 17317 net.cpp:153] fc7_new needs backward computation.
I0916 16:40:42.352819 17317 net.cpp:76] Creating Layer relu7
I0916 16:40:42.352825 17317 net.cpp:86] relu7 <- fc7_new
I0916 16:40:42.352833 17317 net.cpp:100] relu7 -> fc7_new (in-place)
I0916 16:40:42.352838 17317 net.cpp:127] Top shape: 128 4096 1 1 (524288)
I0916 16:40:42.352843 17317 net.cpp:153] relu7 needs backward computation.
I0916 16:40:42.352849 17317 net.cpp:76] Creating Layer drop7
I0916 16:40:42.352852 17317 net.cpp:86] drop7 <- fc7_new
I0916 16:40:42.352856 17317 net.cpp:100] drop7 -> fc7_new (in-place)
I0916 16:40:42.352861 17317 net.cpp:127] Top shape: 128 4096 1 1 (524288)
I0916 16:40:42.352866 17317 net.cpp:153] drop7 needs backward computation.
I0916 16:40:42.352880 17317 net.cpp:76] Creating Layer fc8_new
I0916 16:40:42.352886 17317 net.cpp:86] fc8_new <- fc7_new
I0916 16:40:42.352895 17317 net.cpp:112] fc8_new -> fc8_new
I0916 16:40:42.353448 17317 net.cpp:127] Top shape: 128 3 1 1 (384)
I0916 16:40:42.353457 17317 net.cpp:153] fc8_new needs backward computation.
I0916 16:40:42.353469 17317 net.cpp:76] Creating Layer loss
I0916 16:40:42.353474 17317 net.cpp:86] loss <- fc8_new
I0916 16:40:42.353479 17317 net.cpp:86] loss <- label
I0916 16:40:42.353492 17317 net.cpp:153] loss needs backward computation.
I0916 16:40:42.353520 17317 net.cpp:182] Collecting Learning Rate and Weight Decay.
I0916 16:40:42.353534 17317 net.cpp:175] Network initialization done.
I0916 16:40:42.353540 17317 net.cpp:176] Memory required for Data 536870400
I0916 16:40:42.353584 17317 solver.cpp:45] Creating testing net.
I0916 16:40:42.354485 17317 net.cpp:76] Creating Layer data
I0916 16:40:42.354502 17317 net.cpp:112] data -> data
I0916 16:40:42.354511 17317 net.cpp:112] data -> label
I0916 16:40:42.354519 17317 data_layer.cpp:145] Opening leveldb clampdet_val_leveldb
I0916 16:40:42.413981 17317 data_layer.cpp:185] output data size: 128,3,227,227
I0916 16:40:42.414000 17317 data_layer.cpp:204] Loading mean file from../../data/clampdet/clampdet_mean.binaryproto
I0916 16:40:42.458475 17317 net.cpp:127] Top shape: 128 3 227 227 (19787136)
I0916 16:40:42.458492 17317 net.cpp:127] Top shape: 128 1 1 1 (128)
I0916 16:40:42.458498 17317 net.cpp:158] data does not need backward computation.
I0916 16:40:42.458508 17317 net.cpp:76] Creating Layer conv1
I0916 16:40:42.458513 17317 net.cpp:86] conv1 <- data
I0916 16:40:42.458521 17317 net.cpp:112] conv1 -> conv1
I0916 16:40:42.459949 17317 net.cpp:127] Top shape: 128 96 55 55 (37171200)
I0916 16:40:42.459962 17317 net.cpp:153] conv1 needs backward computation.
I0916 16:40:42.459969 17317 net.cpp:76] Creating Layer relu1
I0916 16:40:42.459975 17317 net.cpp:86] relu1 <- conv1
I0916 16:40:42.459982 17317 net.cpp:100] relu1 -> conv1 (in-place)
I0916 16:40:42.459990 17317 net.cpp:127] Top shape: 128 96 55 55 (37171200)
I0916 16:40:42.459996 17317 net.cpp:153] relu1 needs backward computation.
I0916 16:40:42.460001 17317 net.cpp:76] Creating Layer pool1
I0916 16:40:42.460007 17317 net.cpp:86] pool1 <- conv1
I0916 16:40:42.460012 17317 net.cpp:112] pool1 -> pool1
I0916 16:40:42.460021 17317 net.cpp:127] Top shape: 128 96 27 27 (8957952)
I0916 16:40:42.460027 17317 net.cpp:153] pool1 needs backward computation.
I0916 16:40:42.460034 17317 net.cpp:76] Creating Layer norm1
I0916 16:40:42.460041 17317 net.cpp:86] norm1 <- pool1
I0916 16:40:42.460046 17317 net.cpp:112] norm1 -> norm1
I0916 16:40:42.460053 17317 net.cpp:127] Top shape: 128 96 27 27 (8957952)
I0916 16:40:42.460060 17317 net.cpp:153] norm1 needs backward computation.
I0916 16:40:42.460067 17317 net.cpp:76] Creating Layer conv2
I0916 16:40:42.460072 17317 net.cpp:86] conv2 <- norm1
I0916 16:40:42.460078 17317 net.cpp:112] conv2 -> conv2
I0916 16:40:42.472282 17317 net.cpp:127] Top shape: 128 256 27 27 (23887872)
I0916 16:40:42.472307 17317 net.cpp:153] conv2 needs backward computation.
I0916 16:40:42.472316 17317 net.cpp:76] Creating Layer relu2
I0916 16:40:42.472321 17317 net.cpp:86] relu2 <- conv2
I0916 16:40:42.472328 17317 net.cpp:100] relu2 -> conv2 (in-place)
I0916 16:40:42.472338 17317 net.cpp:127] Top shape: 128 256 27 27 (23887872)
I0916 16:40:42.472344 17317 net.cpp:153] relu2 needs backward computation.
I0916 16:40:42.472353 17317 net.cpp:76] Creating Layer pool2
I0916 16:40:42.472359 17317 net.cpp:86] pool2 <- conv2
I0916 16:40:42.472368 17317 net.cpp:112] pool2 -> pool2
I0916 16:40:42.472376 17317 net.cpp:127] Top shape: 128 256 13 13 (5537792)
I0916 16:40:42.472383 17317 net.cpp:153] pool2 needs backward computation.
I0916 16:40:42.472394 17317 net.cpp:76] Creating Layer norm2
I0916 16:40:42.472399 17317 net.cpp:86] norm2 <- pool2
I0916 16:40:42.472406 17317 net.cpp:112] norm2 -> norm2
I0916 16:40:42.472414 17317 net.cpp:127] Top shape: 128 256 13 13 (5537792)
I0916 16:40:42.472420 17317 net.cpp:153] norm2 needs backward computation.
I0916 16:40:42.472426 17317 net.cpp:76] Creating Layer conv3
I0916 16:40:42.472432 17317 net.cpp:86] conv3 <- norm2
I0916 16:40:42.472437 17317 net.cpp:112] conv3 -> conv3
I0916 16:40:42.508728 17317 net.cpp:127] Top shape: 128 384 13 13 (8306688)
I0916 16:40:42.508755 17317 net.cpp:153] conv3 needs backward computation.
I0916 16:40:42.508764 17317 net.cpp:76] Creating Layer relu3
I0916 16:40:42.508770 17317 net.cpp:86] relu3 <- conv3
I0916 16:40:42.508777 17317 net.cpp:100] relu3 -> conv3 (in-place)
I0916 16:40:42.508782 17317 net.cpp:127] Top shape: 128 384 13 13 (8306688)
I0916 16:40:42.508787 17317 net.cpp:153] relu3 needs backward computation.
I0916 16:40:42.508795 17317 net.cpp:76] Creating Layer conv4
I0916 16:40:42.508798 17317 net.cpp:86] conv4 <- conv3
I0916 16:40:42.508803 17317 net.cpp:112] conv4 -> conv4
I0916 16:40:42.536015 17317 net.cpp:127] Top shape: 128 384 13 13 (8306688)
I0916 16:40:42.536042 17317 net.cpp:153] conv4 needs backward computation.
I0916 16:40:42.536051 17317 net.cpp:76] Creating Layer relu4
I0916 16:40:42.536057 17317 net.cpp:86] relu4 <- conv4
I0916 16:40:42.536063 17317 net.cpp:100] relu4 -> conv4 (in-place)
I0916 16:40:42.536069 17317 net.cpp:127] Top shape: 128 384 13 13 (8306688)
I0916 16:40:42.536075 17317 net.cpp:153] relu4 needs backward computation.
I0916 16:40:42.536082 17317 net.cpp:76] Creating Layer conv5
I0916 16:40:42.536090 17317 net.cpp:86] conv5 <- conv4
I0916 16:40:42.536098 17317 net.cpp:112] conv5 -> conv5
I0916 16:40:42.554276 17317 net.cpp:127] Top shape: 128 256 13 13 (5537792)
I0916 16:40:42.554302 17317 net.cpp:153] conv5 needs backward computation.
I0916 16:40:42.554311 17317 net.cpp:76] Creating Layer relu5
I0916 16:40:42.554317 17317 net.cpp:86] relu5 <- conv5
I0916 16:40:42.554324 17317 net.cpp:100] relu5 -> conv5 (in-place)
I0916 16:40:42.554330 17317 net.cpp:127] Top shape: 128 256 13 13 (5537792)
I0916 16:40:42.554337 17317 net.cpp:153] relu5 needs backward computation.
I0916 16:40:42.554343 17317 net.cpp:76] Creating Layer pool5
I0916 16:40:42.554348 17317 net.cpp:86] pool5 <- conv5
I0916 16:40:42.554354 17317 net.cpp:112] pool5 -> pool5
I0916 16:40:42.554363 17317 net.cpp:127] Top shape: 128 256 6 6 (1179648)
I0916 16:40:42.554369 17317 net.cpp:153] pool5 needs backward computation.
I0916 16:40:42.554378 17317 net.cpp:76] Creating Layer fc6_new
I0916 16:40:42.554384 17317 net.cpp:86] fc6_new <- pool5
I0916 16:40:42.554393 17317 net.cpp:112] fc6_new -> fc6_new
I0916 16:40:44.087654 17317 net.cpp:127] Top shape: 128 4096 1 1 (524288)
I0916 16:40:44.087683 17317 net.cpp:153] fc6_new needs backward computation.
I0916 16:40:44.087693 17317 net.cpp:76] Creating Layer relu6
I0916 16:40:44.087699 17317 net.cpp:86] relu6 <- fc6_new
I0916 16:40:44.087707 17317 net.cpp:100] relu6 -> fc6_new (in-place)
I0916 16:40:44.087713 17317 net.cpp:127] Top shape: 128 4096 1 1 (524288)
I0916 16:40:44.087716 17317 net.cpp:153] relu6 needs backward computation.
I0916 16:40:44.087723 17317 net.cpp:76] Creating Layer drop6
I0916 16:40:44.087729 17317 net.cpp:86] drop6 <- fc6_new
I0916 16:40:44.087738 17317 net.cpp:100] drop6 -> fc6_new (in-place)
I0916 16:40:44.087746 17317 net.cpp:127] Top shape: 128 4096 1 1 (524288)
I0916 16:40:44.087771 17317 net.cpp:153] drop6 needs backward computation.
I0916 16:40:44.087779 17317 net.cpp:76] Creating Layer fc7_new
I0916 16:40:44.087785 17317 net.cpp:86] fc7_new <- fc6_new
I0916 16:40:44.087790 17317 net.cpp:112] fc7_new -> fc7_new
I0916 16:40:44.769104 17317 net.cpp:127] Top shape: 128 4096 1 1 (524288)
I0916 16:40:44.769132 17317 net.cpp:153] fc7_new needs backward computation.
I0916 16:40:44.769141 17317 net.cpp:76] Creating Layer relu7
I0916 16:40:44.769147 17317 net.cpp:86] relu7 <- fc7_new
I0916 16:40:44.769155 17317 net.cpp:100] relu7 -> fc7_new (in-place)
I0916 16:40:44.769160 17317 net.cpp:127] Top shape: 128 4096 1 1 (524288)
I0916 16:40:44.769165 17317 net.cpp:153] relu7 needs backward computation.
I0916 16:40:44.769171 17317 net.cpp:76] Creating Layer drop7
I0916 16:40:44.769176 17317 net.cpp:86] drop7 <- fc7_new
I0916 16:40:44.769181 17317 net.cpp:100] drop7 -> fc7_new (in-place)
I0916 16:40:44.769186 17317 net.cpp:127] Top shape: 128 4096 1 1 (524288)
I0916 16:40:44.769189 17317 net.cpp:153] drop7 needs backward computation.
I0916 16:40:44.769196 17317 net.cpp:76] Creating Layer fc8_new
I0916 16:40:44.769204 17317 net.cpp:86] fc8_new <- fc7_new
I0916 16:40:44.769211 17317 net.cpp:112] fc8_new -> fc8_new
I0916 16:40:44.769742 17317 net.cpp:127] Top shape: 128 3 1 1 (384)
I0916 16:40:44.769752 17317 net.cpp:153] fc8_new needs backward computation.
I0916 16:40:44.769757 17317 net.cpp:76] Creating Layer prob
I0916 16:40:44.769767 17317 net.cpp:86] prob <- fc8_new
I0916 16:40:44.769773 17317 net.cpp:112] prob -> prob
I0916 16:40:44.769779 17317 net.cpp:127] Top shape: 128 3 1 1 (384)
I0916 16:40:44.769784 17317 net.cpp:153] prob needs backward computation.
I0916 16:40:44.769790 17317 net.cpp:76] Creating Layer accuracy
I0916 16:40:44.769794 17317 net.cpp:86] accuracy <- prob
I0916 16:40:44.769799 17317 net.cpp:86] accuracy <- label
I0916 16:40:44.769817 17317 net.cpp:112] accuracy -> accuracy
I0916 16:40:44.769834 17317 net.cpp:127] Top shape: 1 2 1 1 (2)
I0916 16:40:44.769840 17317 net.cpp:153] accuracy needs backward computation.
I0916 16:40:44.769845 17317 net.cpp:164] This network produces output accuracy
I0916 16:40:44.769865 17317 net.cpp:182] Collecting Learning Rate and Weight Decay.
I0916 16:40:44.769879 17317 net.cpp:175] Network initialization done.
I0916 16:40:44.769884 17317 net.cpp:176] Memory required for Data 536871944
I0916 16:40:44.769927 17317 solver.cpp:50] Solver scaffolding done.
I0916 16:40:44.769932 17317 finetune_net.cpp:27] Loading from ../alexnet/caffe_alexnet_model
I0916 16:40:46.181162 17317 net.cpp:366] Copying source layer data
I0916 16:40:46.181192 17317 net.cpp:366] Copying source layer conv1
I0916 16:40:46.181262 17317 net.cpp:366] Copying source layer relu1
I0916 16:40:46.181272 17317 net.cpp:366] Copying source layer norm1
I0916 16:40:46.181277 17317 net.cpp:366] Copying source layer pool1
I0916 16:40:46.181283 17317 net.cpp:366] Copying source layer conv2
I0916 16:40:46.181833 17317 net.cpp:366] Copying source layer relu2
I0916 16:40:46.181843 17317 net.cpp:366] Copying source layer norm2
I0916 16:40:46.181849 17317 net.cpp:366] Copying source layer pool2
I0916 16:40:46.181851 17317 net.cpp:366] Copying source layer conv3
I0916 16:40:46.183475 17317 net.cpp:366] Copying source layer relu3
I0916 16:40:46.183490 17317 net.cpp:366] Copying source layer conv4
I0916 16:40:46.184662 17317 net.cpp:366] Copying source layer relu4
I0916 16:40:46.184674 17317 net.cpp:366] Copying source layer conv5
I0916 16:40:46.185562 17317 net.cpp:366] Copying source layer relu5
I0916 16:40:46.185575 17317 net.cpp:366] Copying source layer pool5
I0916 16:40:46.185580 17317 net.cpp:363] Ignoring source layer fc6
I0916 16:40:46.185585 17317 net.cpp:366] Copying source layer relu6
I0916 16:40:46.185588 17317 net.cpp:366] Copying source layer drop6
I0916 16:40:46.185591 17317 net.cpp:363] Ignoring source layer fc7
I0916 16:40:46.185595 17317 net.cpp:366] Copying source layer relu7
I0916 16:40:46.185600 17317 net.cpp:366] Copying source layer drop7
I0916 16:40:46.185603 17317 net.cpp:363] Ignoring source layer fc8
I0916 16:40:46.185607 17317 net.cpp:366] Copying source layer loss
I0916 16:40:46.201266 17317 solver.cpp:62] Solving clampdetFineNet
I0916 16:40:46.201297 17317 solver.cpp:136] Iteration 0, Testing net
I0916 16:40:48.049751 17317 solver.cpp:172] Test score #0: 0.281548
I0916 16:40:48.049815 17317 solver.cpp:172] Test score #1: 0.782581
I0916 16:40:48.539417 17317 solver.cpp:269] Iteration 1, lr = 0.0001
I0916 16:40:48.646811 17317 solver.cpp:117] Iteration 1, loss = 1.41983
I0916 16:40:49.343662 17317 solver.cpp:269] Iteration 2, lr = 0.0001
I0916 16:40:49.449892 17317 solver.cpp:117] Iteration 2, loss = 1.41861
I0916 16:40:50.144726 17317 solver.cpp:269] Iteration 3, lr = 0.0001
I0916 16:40:50.250815 17317 solver.cpp:117] Iteration 3, loss = 0.555836
I0916 16:40:50.946532 17317 solver.cpp:269] Iteration 4, lr = 0.0001
I0916 16:40:51.052130 17317 solver.cpp:117] Iteration 4, loss = 0.694181
I0916 16:40:51.747714 17317 solver.cpp:269] Iteration 5, lr = 0.0001
I0916 16:40:51.853245 17317 solver.cpp:117] Iteration 5, loss = 0.732401
I0916 16:40:51.853265 17317 solver.cpp:136] Iteration 5, Testing net
I0916 16:40:53.821710 17317 solver.cpp:172] Test score #0: 0.333334
I0916 16:40:53.821753 17317 solver.cpp:172] Test score #1: 1.02505
I0916 16:40:54.254328 17317 solver.cpp:189] Snapshotting to clampdet_fine_train_iter_5
I0916 16:40:55.151334 17317 solver.cpp:196] Snapshotting solver state to clampdet_fine_train_iter_5.solverstate
I0916 16:40:56.034996 17317 solver.cpp:269] Iteration 6, lr = 0.0001
I0916 16:40:56.141233 17317 solver.cpp:117] Iteration 6, loss = 0.983769
I0916 16:40:56.837519 17317 solver.cpp:269] Iteration 7, lr = 0.0001
I0916 16:40:56.943404 17317 solver.cpp:117] Iteration 7, loss = 0.448758
I0916 16:40:57.638836 17317 solver.cpp:269] Iteration 8, lr = 0.0001
I0916 16:40:57.744546 17317 solver.cpp:117] Iteration 8, loss = 0.549686
I0916 16:40:58.439574 17317 solver.cpp:269] Iteration 9, lr = 0.0001
I0916 16:40:58.545738 17317 solver.cpp:117] Iteration 9, loss = 0.742353
I0916 16:40:59.241415 17317 solver.cpp:269] Iteration 10, lr = 0.0001
I0916 16:40:59.347620 17317 solver.cpp:117] Iteration 10, loss = 0.576091
I0916 16:40:59.347638 17317 solver.cpp:136] Iteration 10, Testing net
I0916 16:41:01.317392 17317 solver.cpp:172] Test score #0: 0.333333
I0916 16:41:01.317433 17317 solver.cpp:172] Test score #1: 0.455853
I0916 16:41:01.752257 17317 solver.cpp:189] Snapshotting to clampdet_fine_train_iter_10
I0916 16:41:02.549605 17317 solver.cpp:196] Snapshotting solver state to clampdet_fine_train_iter_10.solverstate
I0916 16:41:03.426005 17317 solver.cpp:269] Iteration 11, lr = 0.0001
I0916 16:41:03.531883 17317 solver.cpp:117] Iteration 11, loss = 0.430786
I0916 16:41:04.227520 17317 solver.cpp:269] Iteration 12, lr = 0.0001
I0916 16:41:04.333523 17317 solver.cpp:117] Iteration 12, loss = 0.457167
I0916 16:41:05.029228 17317 solver.cpp:269] Iteration 13, lr = 0.0001
I0916 16:41:05.135334 17317 solver.cpp:117] Iteration 13, loss = 0.335258
I0916 16:41:05.830415 17317 solver.cpp:269] Iteration 14, lr = 0.0001
I0916 16:41:05.936458 17317 solver.cpp:117] Iteration 14, loss = 0.425532
I0916 16:41:06.631844 17317 solver.cpp:269] Iteration 15, lr = 0.0001
I0916 16:41:06.737879 17317 solver.cpp:117] Iteration 15, loss = 0.545573
I0916 16:41:06.737897 17317 solver.cpp:136] Iteration 15, Testing net
I0916 16:41:08.706300 17317 solver.cpp:172] Test score #0: 0.337963
I0916 16:41:08.706341 17317 solver.cpp:172] Test score #1: 0.455308
I0916 16:41:09.141300 17317 solver.cpp:189] Snapshotting to clampdet_fine_train_iter_15
I0916 16:41:09.938045 17317 solver.cpp:196] Snapshotting solver state to clampdet_fine_train_iter_15.solverstate
I0916 16:41:10.819645 17317 solver.cpp:269] Iteration 16, lr = 0.0001
I0916 16:41:10.925680 17317 solver.cpp:117] Iteration 16, loss = 0.557713
I0916 16:41:11.620826 17317 solver.cpp:269] Iteration 17, lr = 0.0001
I0916 16:41:11.726527 17317 solver.cpp:117] Iteration 17, loss = 0.464028
I0916 16:41:12.422840 17317 solver.cpp:269] Iteration 18, lr = 0.0001
I0916 16:41:12.529237 17317 solver.cpp:117] Iteration 18, loss = 0.371057
I0916 16:41:13.224879 17317 solver.cpp:269] Iteration 19, lr = 0.0001
I0916 16:41:13.331226 17317 solver.cpp:117] Iteration 19, loss = 0.470723
I0916 16:41:14.026762 17317 solver.cpp:269] Iteration 20, lr = 0.0001
I0916 16:41:14.132714 17317 solver.cpp:117] Iteration 20, loss = 0.66987
I0916 16:41:14.132732 17317 solver.cpp:136] Iteration 20, Testing net
I0916 16:41:16.099779 17317 solver.cpp:172] Test score #0: 0.333333
I0916 16:41:16.099817 17317 solver.cpp:172] Test score #1: 0.628101
I0916 16:41:16.534531 17317 solver.cpp:189] Snapshotting to clampdet_fine_train_iter_20
I0916 16:41:17.330979 17317 solver.cpp:196] Snapshotting solver state to clampdet_fine_train_iter_20.solverstate
I0916 16:41:18.211069 17317 solver.cpp:269] Iteration 21, lr = 0.0001
I0916 16:41:18.316846 17317 solver.cpp:117] Iteration 21, loss = 0.685934
I0916 16:41:19.012079 17317 solver.cpp:269] Iteration 22, lr = 0.0001
I0916 16:41:19.118151 17317 solver.cpp:117] Iteration 22, loss = 0.614156
I0916 16:41:19.813482 17317 solver.cpp:269] Iteration 23, lr = 0.0001
I0916 16:41:19.919523 17317 solver.cpp:117] Iteration 23, loss = 0.381174
I0916 16:41:20.614946 17317 solver.cpp:269] Iteration 24, lr = 0.0001
I0916 16:41:20.721103 17317 solver.cpp:117] Iteration 24, loss = 0.575529
I0916 16:41:21.416688 17317 solver.cpp:269] Iteration 25, lr = 0.0001
I0916 16:41:21.522771 17317 solver.cpp:117] Iteration 25, loss = 0.622578
I0916 16:41:21.522789 17317 solver.cpp:136] Iteration 25, Testing net
I0916 16:41:23.490713 17317 solver.cpp:172] Test score #0: 0.333333
I0916 16:41:23.490751 17317 solver.cpp:172] Test score #1: 0.601657
I0916 16:41:23.925386 17317 solver.cpp:189] Snapshotting to clampdet_fine_train_iter_25
I0916 16:41:24.721710 17317 solver.cpp:196] Snapshotting solver state to clampdet_fine_train_iter_25.solverstate
I0916 16:41:25.602957 17317 solver.cpp:269] Iteration 26, lr = 0.0001
I0916 16:41:25.708987 17317 solver.cpp:117] Iteration 26, loss = 0.683243
I0916 16:41:26.403990 17317 solver.cpp:269] Iteration 27, lr = 0.0001
I0916 16:41:26.509595 17317 solver.cpp:117] Iteration 27, loss = 0.37259
I0916 16:41:27.205011 17317 solver.cpp:269] Iteration 28, lr = 0.0001
I0916 16:41:27.310829 17317 solver.cpp:117] Iteration 28, loss = 0.523061
I0916 16:41:28.006543 17317 solver.cpp:269] Iteration 29, lr = 0.0001
I0916 16:41:28.112855 17317 solver.cpp:117] Iteration 29, loss = 0.409784
I0916 16:41:28.807834 17317 solver.cpp:269] Iteration 30, lr = 0.0001
I0916 16:41:28.913656 17317 solver.cpp:117] Iteration 30, loss = 0.431424
I0916 16:41:28.913674 17317 solver.cpp:136] Iteration 30, Testing net
I0916 16:41:30.881067 17317 solver.cpp:172] Test score #0: 0.382467
I0916 16:41:30.881108 17317 solver.cpp:172] Test score #1: 0.360716
I0916 16:41:31.316148 17317 solver.cpp:189] Snapshotting to clampdet_fine_train_iter_30
I0916 16:41:32.112078 17317 solver.cpp:196] Snapshotting solver state to clampdet_fine_train_iter_30.solverstate
I0916 16:41:32.993180 17317 solver.cpp:269] Iteration 31, lr = 0.0001
I0916 16:41:33.098984 17317 solver.cpp:117] Iteration 31, loss = 0.500024
I0916 16:41:33.794121 17317 solver.cpp:269] Iteration 32, lr = 0.0001
I0916 16:41:33.900051 17317 solver.cpp:117] Iteration 32, loss = 0.268849
I0916 16:41:34.595157 17317 solver.cpp:269] Iteration 33, lr = 0.0001
I0916 16:41:34.700809 17317 solver.cpp:117] Iteration 33, loss = 0.457244
I0916 16:41:35.396407 17317 solver.cpp:269] Iteration 34, lr = 0.0001
I0916 16:41:35.501839 17317 solver.cpp:117] Iteration 34, loss = 0.246516
I0916 16:41:36.196722 17317 solver.cpp:269] Iteration 35, lr = 0.0001
I0916 16:41:36.302429 17317 solver.cpp:117] Iteration 35, loss = 0.299722
I0916 16:41:36.302448 17317 solver.cpp:136] Iteration 35, Testing net
I0916 16:41:38.268687 17317 solver.cpp:172] Test score #0: 0.412817
I0916 16:41:38.268728 17317 solver.cpp:172] Test score #1: 0.318797
I0916 16:41:38.703863 17317 solver.cpp:189] Snapshotting to clampdet_fine_train_iter_35
I0916 16:41:39.502310 17317 solver.cpp:196] Snapshotting solver state to clampdet_fine_train_iter_35.solverstate
I0916 16:41:40.379180 17317 solver.cpp:269] Iteration 36, lr = 0.0001
I0916 16:41:40.484689 17317 solver.cpp:117] Iteration 36, loss = 0.567879
I0916 16:41:41.180173 17317 solver.cpp:269] Iteration 37, lr = 0.0001
I0916 16:41:41.285771 17317 solver.cpp:117] Iteration 37, loss = 0.23324
I0916 16:41:41.980967 17317 solver.cpp:269] Iteration 38, lr = 0.0001
I0916 16:41:42.086982 17317 solver.cpp:117] Iteration 38, loss = 0.424407
I0916 16:41:42.782462 17317 solver.cpp:269] Iteration 39, lr = 0.0001
I0916 16:41:42.888370 17317 solver.cpp:117] Iteration 39, loss = 0.247933
I0916 16:41:43.583714 17317 solver.cpp:269] Iteration 40, lr = 0.0001
I0916 16:41:43.689302 17317 solver.cpp:117] Iteration 40, loss = 0.20964
I0916 16:41:43.689321 17317 solver.cpp:136] Iteration 40, Testing net
I0916 16:41:45.655599 17317 solver.cpp:172] Test score #0: 0.414625
I0916 16:41:45.655637 17317 solver.cpp:172] Test score #1: 0.314394
I0916 16:41:46.090416 17317 solver.cpp:189] Snapshotting to clampdet_fine_train_iter_40
I0916 16:41:46.887971 17317 solver.cpp:196] Snapshotting solver state to clampdet_fine_train_iter_40.solverstate
I0916 16:41:47.770649 17317 solver.cpp:269] Iteration 41, lr = 0.0001
I0916 16:41:47.875651 17317 solver.cpp:117] Iteration 41, loss = 0.272327
I0916 16:41:48.572371 17317 solver.cpp:269] Iteration 42, lr = 0.0001
I0916 16:41:48.677868 17317 solver.cpp:117] Iteration 42, loss = 0.398535
I0916 16:41:49.373347 17317 solver.cpp:269] Iteration 43, lr = 0.0001
I0916 16:41:49.479318 17317 solver.cpp:117] Iteration 43, loss = 0.41678
I0916 16:41:50.174201 17317 solver.cpp:269] Iteration 44, lr = 0.0001
I0916 16:41:50.280136 17317 solver.cpp:117] Iteration 44, loss = 0.328947
I0916 16:41:50.976302 17317 solver.cpp:269] Iteration 45, lr = 0.0001
I0916 16:41:51.081912 17317 solver.cpp:117] Iteration 45, loss = 0.387102
I0916 16:41:51.081931 17317 solver.cpp:136] Iteration 45, Testing net
I0916 16:41:53.049299 17317 solver.cpp:172] Test score #0: 0.390809
I0916 16:41:53.049340 17317 solver.cpp:172] Test score #1: 0.382792
I0916 16:41:53.484189 17317 solver.cpp:189] Snapshotting to clampdet_fine_train_iter_45
I0916 16:41:54.282433 17317 solver.cpp:196] Snapshotting solver state to clampdet_fine_train_iter_45.solverstate
I0916 16:41:55.166940 17317 solver.cpp:269] Iteration 46, lr = 0.0001
I0916 16:41:55.273150 17317 solver.cpp:117] Iteration 46, loss = 0.540388
I0916 16:41:55.968272 17317 solver.cpp:269] Iteration 47, lr = 0.0001
I0916 16:41:56.074412 17317 solver.cpp:117] Iteration 47, loss = 0.359655
I0916 16:41:56.769039 17317 solver.cpp:269] Iteration 48, lr = 0.0001
I0916 16:41:56.875157 17317 solver.cpp:117] Iteration 48, loss = 0.322505
I0916 16:41:57.570157 17317 solver.cpp:269] Iteration 49, lr = 0.0001
I0916 16:41:57.676327 17317 solver.cpp:117] Iteration 49, loss = 0.467096
I0916 16:41:58.370414 17317 solver.cpp:269] Iteration 50, lr = 0.0001
I0916 16:41:58.476662 17317 solver.cpp:117] Iteration 50, loss = 0.379906
I0916 16:41:58.476680 17317 solver.cpp:136] Iteration 50, Testing net
I0916 16:42:00.441970 17317 solver.cpp:172] Test score #0: 0.386474
I0916 16:42:00.442011 17317 solver.cpp:172] Test score #1: 0.424848
I0916 16:42:00.876420 17317 solver.cpp:189] Snapshotting to clampdet_fine_train_iter_50
I0916 16:42:01.672489 17317 solver.cpp:196] Snapshotting solver state to clampdet_fine_train_iter_50.solverstate
I0916 16:42:02.553376 17317 solver.cpp:269] Iteration 51, lr = 0.0001
I0916 16:42:02.659548 17317 solver.cpp:117] Iteration 51, loss = 0.424382
I0916 16:42:03.354413 17317 solver.cpp:269] Iteration 52, lr = 0.0001
I0916 16:42:03.460786 17317 solver.cpp:117] Iteration 52, loss = 0.492179
I0916 16:42:04.154975 17317 solver.cpp:269] Iteration 53, lr = 0.0001
I0916 16:42:04.260972 17317 solver.cpp:117] Iteration 53, loss = 0.300312
I0916 16:42:04.956559 17317 solver.cpp:269] Iteration 54, lr = 0.0001
I0916 16:42:05.061805 17317 solver.cpp:117] Iteration 54, loss = 0.451021
I0916 16:42:05.755919 17317 solver.cpp:269] Iteration 55, lr = 0.0001
I0916 16:42:05.862458 17317 solver.cpp:117] Iteration 55, loss = 0.453066
I0916 16:42:05.862475 17317 solver.cpp:136] Iteration 55, Testing net
I0916 16:42:07.829124 17317 solver.cpp:172] Test score #0: 0.385277
I0916 16:42:07.829165 17317 solver.cpp:172] Test score #1: 0.426982
I0916 16:42:08.263424 17317 solver.cpp:189] Snapshotting to clampdet_fine_train_iter_55
I0916 16:42:09.059687 17317 solver.cpp:196] Snapshotting solver state to clampdet_fine_train_iter_55.solverstate
I0916 16:42:09.939862 17317 solver.cpp:269] Iteration 56, lr = 0.0001
I0916 16:42:10.046250 17317 solver.cpp:117] Iteration 56, loss = 0.607468
I0916 16:42:10.740692 17317 solver.cpp:269] Iteration 57, lr = 0.0001
I0916 16:42:10.847049 17317 solver.cpp:117] Iteration 57, loss = 0.341042
I0916 16:42:11.540710 17317 solver.cpp:269] Iteration 58, lr = 0.0001
I0916 16:42:11.647182 17317 solver.cpp:117] Iteration 58, loss = 0.734987
I0916 16:42:12.342000 17317 solver.cpp:269] Iteration 59, lr = 0.0001
I0916 16:42:12.448118 17317 solver.cpp:117] Iteration 59, loss = 0.453456
I0916 16:42:13.142315 17317 solver.cpp:269] Iteration 60, lr = 0.0001
I0916 16:42:13.248800 17317 solver.cpp:117] Iteration 60, loss = 0.398736
I0916 16:42:13.248818 17317 solver.cpp:136] Iteration 60, Testing net
I0916 16:42:15.213399 17317 solver.cpp:172] Test score #0: 0.442498
I0916 16:42:15.213439 17317 solver.cpp:172] Test score #1: 0.313732
I0916 16:42:15.647712 17317 solver.cpp:189] Snapshotting to clampdet_fine_train_iter_60
I0916 16:42:16.443617 17317 solver.cpp:196] Snapshotting solver state to clampdet_fine_train_iter_60.solverstate
I0916 16:42:17.323830 17317 solver.cpp:269] Iteration 61, lr = 0.0001
I0916 16:42:17.429965 17317 solver.cpp:117] Iteration 61, loss = 0.282063
I0916 16:42:18.124184 17317 solver.cpp:269] Iteration 62, lr = 0.0001
I0916 16:42:18.230523 17317 solver.cpp:117] Iteration 62, loss = 0.636313
I0916 16:42:18.925392 17317 solver.cpp:269] Iteration 63, lr = 0.0001
I0916 16:42:19.031815 17317 solver.cpp:117] Iteration 63, loss = 0.47283
I0916 16:42:19.726642 17317 solver.cpp:269] Iteration 64, lr = 0.0001
I0916 16:42:19.832854 17317 solver.cpp:117] Iteration 64, loss = 0.459632
I0916 16:42:20.527108 17317 solver.cpp:269] Iteration 65, lr = 0.0001
I0916 16:42:20.633468 17317 solver.cpp:117] Iteration 65, loss = 0.272592
I0916 16:42:20.633486 17317 solver.cpp:136] Iteration 65, Testing net
I0916 16:42:22.597520 17317 solver.cpp:172] Test score #0: 0.47457
I0916 16:42:22.597560 17317 solver.cpp:172] Test score #1: 0.281845
I0916 16:42:23.031818 17317 solver.cpp:189] Snapshotting to clampdet_fine_train_iter_65
I0916 16:42:23.826643 17317 solver.cpp:196] Snapshotting solver state to clampdet_fine_train_iter_65.solverstate
I0916 16:42:24.706879 17317 solver.cpp:269] Iteration 66, lr = 0.0001
I0916 16:42:24.813370 17317 solver.cpp:117] Iteration 66, loss = 0.450434
I0916 16:42:25.507874 17317 solver.cpp:269] Iteration 67, lr = 0.0001
I0916 16:42:25.613867 17317 solver.cpp:117] Iteration 67, loss = 0.216051
I0916 16:42:26.307878 17317 solver.cpp:269] Iteration 68, lr = 0.0001
I0916 16:42:26.413966 17317 solver.cpp:117] Iteration 68, loss = 0.323855
I0916 16:42:27.107965 17317 solver.cpp:269] Iteration 69, lr = 0.0001
I0916 16:42:27.214332 17317 solver.cpp:117] Iteration 69, loss = 0.443941
I0916 16:42:27.908731 17317 solver.cpp:269] Iteration 70, lr = 0.0001
I0916 16:42:28.015010 17317 solver.cpp:117] Iteration 70, loss = 0.362162
I0916 16:42:28.015027 17317 solver.cpp:136] Iteration 70, Testing net
I0916 16:42:29.979341 17317 solver.cpp:172] Test score #0: 0.399238
I0916 16:42:29.979382 17317 solver.cpp:172] Test score #1: 0.337326
I0916 16:42:30.413992 17317 solver.cpp:189] Snapshotting to clampdet_fine_train_iter_70
I0916 16:42:31.210191 17317 solver.cpp:196] Snapshotting solver state to clampdet_fine_train_iter_70.solverstate
